[2022-10-18T10:16:39.434+0000] {taskinstance.py:1165} INFO - Dependencies all met for <TaskInstance: spark-configer.task_2 manual__2022-10-18T10:16:31.970384+00:00 [queued]>
[2022-10-18T10:16:39.521+0000] {taskinstance.py:1165} INFO - Dependencies all met for <TaskInstance: spark-configer.task_2 manual__2022-10-18T10:16:31.970384+00:00 [queued]>
[2022-10-18T10:16:39.530+0000] {taskinstance.py:1362} INFO - 
--------------------------------------------------------------------------------
[2022-10-18T10:16:39.532+0000] {taskinstance.py:1363} INFO - Starting attempt 1 of 1
[2022-10-18T10:16:39.538+0000] {taskinstance.py:1364} INFO - 
--------------------------------------------------------------------------------
[2022-10-18T10:16:39.632+0000] {taskinstance.py:1383} INFO - Executing <Task(BashOperator): task_2> on 2022-10-18 10:16:31.970384+00:00
[2022-10-18T10:16:39.681+0000] {standard_task_runner.py:54} INFO - Started process 1382 to run task
[2022-10-18T10:16:39.734+0000] {standard_task_runner.py:82} INFO - Running: ['***', 'tasks', 'run', 'spark-configer', 'task_2', 'manual__2022-10-18T10:16:31.970384+00:00', '--job-id', '90', '--raw', '--subdir', 'DAGS_FOLDER/dags.py', '--cfg-path', '/tmp/tmp9wd52opw']
[2022-10-18T10:16:39.742+0000] {standard_task_runner.py:83} INFO - Job 90: Subtask task_2
[2022-10-18T10:16:39.757+0000] {dagbag.py:525} INFO - Filling up the DagBag from /opt/***/dags/dags.py
[2022-10-18T10:16:40.687+0000] {taskmixin.py:205} WARNING - Dependency <Task(_PythonVirtualenvDecoratedOperator): extract>, transform already registered for DAG: tutorial_taskflow_api_virtualenv
[2022-10-18T10:16:40.695+0000] {taskmixin.py:205} WARNING - Dependency <Task(_PythonDecoratedOperator): transform>, extract already registered for DAG: tutorial_taskflow_api_virtualenv
[2022-10-18T10:16:40.700+0000] {taskmixin.py:205} WARNING - Dependency <Task(_PythonVirtualenvDecoratedOperator): extract>, transform already registered for DAG: tutorial_taskflow_api_virtualenv
[2022-10-18T10:16:40.703+0000] {taskmixin.py:205} WARNING - Dependency <Task(_PythonDecoratedOperator): transform>, extract already registered for DAG: tutorial_taskflow_api_virtualenv
[2022-10-18T10:16:40.708+0000] {taskmixin.py:205} WARNING - Dependency <Task(_PythonVirtualenvDecoratedOperator): extract>, transform already registered for DAG: tutorial_taskflow_api_virtualenv
[2022-10-18T10:16:40.710+0000] {taskmixin.py:205} WARNING - Dependency <Task(_PythonDecoratedOperator): transform>, extract already registered for DAG: tutorial_taskflow_api_virtualenv
[2022-10-18T10:16:40.713+0000] {taskmixin.py:205} WARNING - Dependency <Task(_PythonVirtualenvDecoratedOperator): extract>, transform already registered for DAG: tutorial_taskflow_api_virtualenv
[2022-10-18T10:16:40.720+0000] {taskmixin.py:205} WARNING - Dependency <Task(_PythonDecoratedOperator): transform>, extract already registered for DAG: tutorial_taskflow_api_virtualenv
[2022-10-18T10:16:40.729+0000] {taskmixin.py:205} WARNING - Dependency <Task(_PythonVirtualenvDecoratedOperator): extract>, transform already registered for DAG: tutorial_taskflow_api_virtualenv
[2022-10-18T10:16:40.730+0000] {taskmixin.py:205} WARNING - Dependency <Task(_PythonDecoratedOperator): transform>, extract already registered for DAG: tutorial_taskflow_api_virtualenv
[2022-10-18T10:16:40.736+0000] {taskmixin.py:205} WARNING - Dependency <Task(_PythonVirtualenvDecoratedOperator): extract>, transform already registered for DAG: tutorial_taskflow_api_virtualenv
[2022-10-18T10:16:40.741+0000] {taskmixin.py:205} WARNING - Dependency <Task(_PythonDecoratedOperator): transform>, extract already registered for DAG: tutorial_taskflow_api_virtualenv
[2022-10-18T10:16:40.754+0000] {taskmixin.py:205} WARNING - Dependency <Task(_PythonDecoratedOperator): transform>, load already registered for DAG: tutorial_taskflow_api_virtualenv
[2022-10-18T10:16:40.763+0000] {taskmixin.py:205} WARNING - Dependency <Task(_PythonDecoratedOperator): load>, transform already registered for DAG: tutorial_taskflow_api_virtualenv
[2022-10-18T10:16:40.769+0000] {taskmixin.py:205} WARNING - Dependency <Task(_PythonDecoratedOperator): transform>, load already registered for DAG: tutorial_taskflow_api_virtualenv
[2022-10-18T10:16:40.773+0000] {taskmixin.py:205} WARNING - Dependency <Task(_PythonDecoratedOperator): load>, transform already registered for DAG: tutorial_taskflow_api_virtualenv
[2022-10-18T10:16:40.778+0000] {taskmixin.py:205} WARNING - Dependency <Task(_PythonDecoratedOperator): transform>, load already registered for DAG: tutorial_taskflow_api_virtualenv
[2022-10-18T10:16:40.780+0000] {taskmixin.py:205} WARNING - Dependency <Task(_PythonDecoratedOperator): load>, transform already registered for DAG: tutorial_taskflow_api_virtualenv
[2022-10-18T10:16:40.783+0000] {taskmixin.py:205} WARNING - Dependency <Task(_PythonDecoratedOperator): transform>, load already registered for DAG: tutorial_taskflow_api_virtualenv
[2022-10-18T10:16:40.784+0000] {taskmixin.py:205} WARNING - Dependency <Task(_PythonDecoratedOperator): load>, transform already registered for DAG: tutorial_taskflow_api_virtualenv
[2022-10-18T10:16:40.785+0000] {taskmixin.py:205} WARNING - Dependency <Task(_PythonDecoratedOperator): transform>, load already registered for DAG: tutorial_taskflow_api_virtualenv
[2022-10-18T10:16:40.787+0000] {taskmixin.py:205} WARNING - Dependency <Task(_PythonDecoratedOperator): load>, transform already registered for DAG: tutorial_taskflow_api_virtualenv
[2022-10-18T10:16:40.787+0000] {taskmixin.py:205} WARNING - Dependency <Task(_PythonDecoratedOperator): transform>, load already registered for DAG: tutorial_taskflow_api_virtualenv
[2022-10-18T10:16:40.789+0000] {taskmixin.py:205} WARNING - Dependency <Task(_PythonDecoratedOperator): load>, transform already registered for DAG: tutorial_taskflow_api_virtualenv
[2022-10-18T10:16:40.803+0000] {taskmixin.py:205} WARNING - Dependency <Task(BashOperator): create_entry_group>, delete_entry_group already registered for DAG: example_complex
[2022-10-18T10:16:40.810+0000] {taskmixin.py:205} WARNING - Dependency <Task(BashOperator): delete_entry_group>, create_entry_group already registered for DAG: example_complex
[2022-10-18T10:16:40.813+0000] {taskmixin.py:205} WARNING - Dependency <Task(BashOperator): create_entry_gcs>, delete_entry already registered for DAG: example_complex
[2022-10-18T10:16:40.817+0000] {taskmixin.py:205} WARNING - Dependency <Task(BashOperator): delete_entry>, create_entry_gcs already registered for DAG: example_complex
[2022-10-18T10:16:40.821+0000] {taskmixin.py:205} WARNING - Dependency <Task(BashOperator): create_tag>, delete_tag already registered for DAG: example_complex
[2022-10-18T10:16:40.823+0000] {taskmixin.py:205} WARNING - Dependency <Task(BashOperator): delete_tag>, create_tag already registered for DAG: example_complex
[2022-10-18T10:16:41.074+0000] {taskmixin.py:205} WARNING - Dependency <Task(_PythonDecoratedOperator): print_the_context>, log_sql_query already registered for DAG: example_python_operator
[2022-10-18T10:16:41.097+0000] {taskmixin.py:205} WARNING - Dependency <Task(_PythonDecoratedOperator): log_sql_query>, print_the_context already registered for DAG: example_python_operator
[2022-10-18T10:16:41.126+0000] {taskmixin.py:205} WARNING - Dependency <Task(_PythonDecoratedOperator): print_the_context>, log_sql_query already registered for DAG: example_python_operator
[2022-10-18T10:16:41.133+0000] {taskmixin.py:205} WARNING - Dependency <Task(_PythonDecoratedOperator): log_sql_query>, print_the_context already registered for DAG: example_python_operator
[2022-10-18T10:16:41.148+0000] {taskmixin.py:205} WARNING - Dependency <Task(_PythonDecoratedOperator): print_the_context>, log_sql_query already registered for DAG: example_python_operator
[2022-10-18T10:16:41.156+0000] {taskmixin.py:205} WARNING - Dependency <Task(_PythonDecoratedOperator): log_sql_query>, print_the_context already registered for DAG: example_python_operator
[2022-10-18T10:16:41.160+0000] {taskmixin.py:205} WARNING - Dependency <Task(_PythonDecoratedOperator): print_the_context>, log_sql_query already registered for DAG: example_python_operator
[2022-10-18T10:16:41.174+0000] {taskmixin.py:205} WARNING - Dependency <Task(_PythonDecoratedOperator): log_sql_query>, print_the_context already registered for DAG: example_python_operator
[2022-10-18T10:16:44.233+0000] {taskmixin.py:205} WARNING - Dependency <Task(_PythonDecoratedOperator): task_group_function.task_1>, task_group_function.task_2 already registered for DAG: example_task_group_decorator
[2022-10-18T10:16:44.244+0000] {taskmixin.py:205} WARNING - Dependency <Task(_PythonDecoratedOperator): task_group_function.task_2>, task_group_function.task_1 already registered for DAG: example_task_group_decorator
[2022-10-18T10:16:44.253+0000] {taskmixin.py:205} WARNING - Dependency <Task(_PythonDecoratedOperator): task_group_function.task_1>, task_group_function.task_2 already registered for DAG: example_task_group_decorator
[2022-10-18T10:16:44.263+0000] {taskmixin.py:205} WARNING - Dependency <Task(_PythonDecoratedOperator): task_group_function.task_2>, task_group_function.task_1 already registered for DAG: example_task_group_decorator
[2022-10-18T10:16:44.273+0000] {taskmixin.py:205} WARNING - Dependency <Task(_PythonDecoratedOperator): task_group_function.task_1>, task_group_function.task_2 already registered for DAG: example_task_group_decorator
[2022-10-18T10:16:44.294+0000] {taskmixin.py:205} WARNING - Dependency <Task(_PythonDecoratedOperator): task_group_function.task_2>, task_group_function.task_1 already registered for DAG: example_task_group_decorator
[2022-10-18T10:16:44.301+0000] {taskmixin.py:205} WARNING - Dependency <Task(_PythonDecoratedOperator): task_group_function.task_1>, task_group_function.task_2 already registered for DAG: example_task_group_decorator
[2022-10-18T10:16:44.310+0000] {taskmixin.py:205} WARNING - Dependency <Task(_PythonDecoratedOperator): task_group_function.task_2>, task_group_function.task_1 already registered for DAG: example_task_group_decorator
[2022-10-18T10:16:44.312+0000] {taskmixin.py:205} WARNING - Dependency <Task(_PythonDecoratedOperator): task_group_function.task_1>, task_group_function.task_2 already registered for DAG: example_task_group_decorator
[2022-10-18T10:16:44.314+0000] {taskmixin.py:205} WARNING - Dependency <Task(_PythonDecoratedOperator): task_group_function.task_2>, task_group_function.task_1 already registered for DAG: example_task_group_decorator
[2022-10-18T10:16:44.320+0000] {taskmixin.py:205} WARNING - Dependency <Task(_PythonDecoratedOperator): task_group_function.task_1>, task_group_function.task_2 already registered for DAG: example_task_group_decorator
[2022-10-18T10:16:44.343+0000] {taskmixin.py:205} WARNING - Dependency <Task(_PythonDecoratedOperator): task_group_function.task_2>, task_group_function.task_1 already registered for DAG: example_task_group_decorator
[2022-10-18T10:16:44.362+0000] {taskmixin.py:205} WARNING - Dependency <Task(_PythonDecoratedOperator): task_group_function.task_2>, task_group_function.task_3 already registered for DAG: example_task_group_decorator
[2022-10-18T10:16:44.372+0000] {taskmixin.py:205} WARNING - Dependency <Task(_PythonDecoratedOperator): task_group_function.task_3>, task_group_function.task_2 already registered for DAG: example_task_group_decorator
[2022-10-18T10:16:44.383+0000] {taskmixin.py:205} WARNING - Dependency <Task(_PythonDecoratedOperator): task_group_function.task_2>, task_group_function.task_3 already registered for DAG: example_task_group_decorator
[2022-10-18T10:16:44.402+0000] {taskmixin.py:205} WARNING - Dependency <Task(_PythonDecoratedOperator): task_group_function.task_3>, task_group_function.task_2 already registered for DAG: example_task_group_decorator
[2022-10-18T10:16:44.411+0000] {taskmixin.py:205} WARNING - Dependency <Task(_PythonDecoratedOperator): task_group_function.task_2>, task_group_function.task_3 already registered for DAG: example_task_group_decorator
[2022-10-18T10:16:44.419+0000] {taskmixin.py:205} WARNING - Dependency <Task(_PythonDecoratedOperator): task_group_function.task_3>, task_group_function.task_2 already registered for DAG: example_task_group_decorator
[2022-10-18T10:16:44.430+0000] {taskmixin.py:205} WARNING - Dependency <Task(_PythonDecoratedOperator): task_group_function.task_2>, task_group_function.task_3 already registered for DAG: example_task_group_decorator
[2022-10-18T10:16:44.440+0000] {taskmixin.py:205} WARNING - Dependency <Task(_PythonDecoratedOperator): task_group_function.task_3>, task_group_function.task_2 already registered for DAG: example_task_group_decorator
[2022-10-18T10:16:44.442+0000] {taskmixin.py:205} WARNING - Dependency <Task(_PythonDecoratedOperator): task_group_function.task_2>, task_group_function.task_3 already registered for DAG: example_task_group_decorator
[2022-10-18T10:16:44.446+0000] {taskmixin.py:205} WARNING - Dependency <Task(_PythonDecoratedOperator): task_group_function.task_3>, task_group_function.task_2 already registered for DAG: example_task_group_decorator
[2022-10-18T10:16:44.448+0000] {taskmixin.py:205} WARNING - Dependency <Task(_PythonDecoratedOperator): task_group_function.task_2>, task_group_function.task_3 already registered for DAG: example_task_group_decorator
[2022-10-18T10:16:44.453+0000] {taskmixin.py:205} WARNING - Dependency <Task(_PythonDecoratedOperator): task_group_function.task_3>, task_group_function.task_2 already registered for DAG: example_task_group_decorator
[2022-10-18T10:16:44.474+0000] {taskmixin.py:205} WARNING - Dependency <Task(_PythonDecoratedOperator): task_group_function__1.task_1>, task_group_function__1.task_2 already registered for DAG: example_task_group_decorator
[2022-10-18T10:16:44.485+0000] {taskmixin.py:205} WARNING - Dependency <Task(_PythonDecoratedOperator): task_group_function__1.task_2>, task_group_function__1.task_1 already registered for DAG: example_task_group_decorator
[2022-10-18T10:16:44.487+0000] {taskmixin.py:205} WARNING - Dependency <Task(_PythonDecoratedOperator): task_group_function__1.task_1>, task_group_function__1.task_2 already registered for DAG: example_task_group_decorator
[2022-10-18T10:16:44.488+0000] {taskmixin.py:205} WARNING - Dependency <Task(_PythonDecoratedOperator): task_group_function__1.task_2>, task_group_function__1.task_1 already registered for DAG: example_task_group_decorator
[2022-10-18T10:16:44.491+0000] {taskmixin.py:205} WARNING - Dependency <Task(_PythonDecoratedOperator): task_group_function__1.task_1>, task_group_function__1.task_2 already registered for DAG: example_task_group_decorator
[2022-10-18T10:16:44.492+0000] {taskmixin.py:205} WARNING - Dependency <Task(_PythonDecoratedOperator): task_group_function__1.task_2>, task_group_function__1.task_1 already registered for DAG: example_task_group_decorator
[2022-10-18T10:16:44.503+0000] {taskmixin.py:205} WARNING - Dependency <Task(_PythonDecoratedOperator): task_group_function__1.task_1>, task_group_function__1.task_2 already registered for DAG: example_task_group_decorator
[2022-10-18T10:16:44.511+0000] {taskmixin.py:205} WARNING - Dependency <Task(_PythonDecoratedOperator): task_group_function__1.task_2>, task_group_function__1.task_1 already registered for DAG: example_task_group_decorator
[2022-10-18T10:16:44.712+0000] {taskmixin.py:205} WARNING - Dependency <Task(_PythonDecoratedOperator): task_group_function__1.task_1>, task_group_function__1.task_2 already registered for DAG: example_task_group_decorator
[2022-10-18T10:16:44.758+0000] {taskmixin.py:205} WARNING - Dependency <Task(_PythonDecoratedOperator): task_group_function__1.task_2>, task_group_function__1.task_1 already registered for DAG: example_task_group_decorator
[2022-10-18T10:16:45.023+0000] {taskmixin.py:205} WARNING - Dependency <Task(_PythonDecoratedOperator): task_group_function__1.task_1>, task_group_function__1.task_2 already registered for DAG: example_task_group_decorator
[2022-10-18T10:16:45.070+0000] {taskmixin.py:205} WARNING - Dependency <Task(_PythonDecoratedOperator): task_group_function__1.task_2>, task_group_function__1.task_1 already registered for DAG: example_task_group_decorator
[2022-10-18T10:16:45.126+0000] {taskmixin.py:205} WARNING - Dependency <Task(_PythonDecoratedOperator): task_group_function__1.task_2>, task_group_function__1.task_3 already registered for DAG: example_task_group_decorator
[2022-10-18T10:16:45.185+0000] {taskmixin.py:205} WARNING - Dependency <Task(_PythonDecoratedOperator): task_group_function__1.task_3>, task_group_function__1.task_2 already registered for DAG: example_task_group_decorator
[2022-10-18T10:16:45.190+0000] {taskmixin.py:205} WARNING - Dependency <Task(_PythonDecoratedOperator): task_group_function__1.task_2>, task_group_function__1.task_3 already registered for DAG: example_task_group_decorator
[2022-10-18T10:16:45.192+0000] {taskmixin.py:205} WARNING - Dependency <Task(_PythonDecoratedOperator): task_group_function__1.task_3>, task_group_function__1.task_2 already registered for DAG: example_task_group_decorator
[2022-10-18T10:16:45.205+0000] {taskmixin.py:205} WARNING - Dependency <Task(_PythonDecoratedOperator): task_group_function__1.task_2>, task_group_function__1.task_3 already registered for DAG: example_task_group_decorator
[2022-10-18T10:16:45.230+0000] {taskmixin.py:205} WARNING - Dependency <Task(_PythonDecoratedOperator): task_group_function__1.task_3>, task_group_function__1.task_2 already registered for DAG: example_task_group_decorator
[2022-10-18T10:16:45.252+0000] {taskmixin.py:205} WARNING - Dependency <Task(_PythonDecoratedOperator): task_group_function__1.task_2>, task_group_function__1.task_3 already registered for DAG: example_task_group_decorator
[2022-10-18T10:16:45.283+0000] {taskmixin.py:205} WARNING - Dependency <Task(_PythonDecoratedOperator): task_group_function__1.task_3>, task_group_function__1.task_2 already registered for DAG: example_task_group_decorator
[2022-10-18T10:16:45.293+0000] {taskmixin.py:205} WARNING - Dependency <Task(_PythonDecoratedOperator): task_group_function__1.task_2>, task_group_function__1.task_3 already registered for DAG: example_task_group_decorator
[2022-10-18T10:16:45.301+0000] {taskmixin.py:205} WARNING - Dependency <Task(_PythonDecoratedOperator): task_group_function__1.task_3>, task_group_function__1.task_2 already registered for DAG: example_task_group_decorator
[2022-10-18T10:16:45.302+0000] {taskmixin.py:205} WARNING - Dependency <Task(_PythonDecoratedOperator): task_group_function__1.task_2>, task_group_function__1.task_3 already registered for DAG: example_task_group_decorator
[2022-10-18T10:16:46.675+0000] {taskmixin.py:205} WARNING - Dependency <Task(_PythonDecoratedOperator): task_group_function__1.task_3>, task_group_function__1.task_2 already registered for DAG: example_task_group_decorator
[2022-10-18T10:16:46.701+0000] {taskmixin.py:205} WARNING - Dependency <Task(_PythonDecoratedOperator): task_group_function__2.task_1>, task_group_function__2.task_2 already registered for DAG: example_task_group_decorator
[2022-10-18T10:16:46.705+0000] {taskmixin.py:205} WARNING - Dependency <Task(_PythonDecoratedOperator): task_group_function__2.task_2>, task_group_function__2.task_1 already registered for DAG: example_task_group_decorator
[2022-10-18T10:16:46.708+0000] {taskmixin.py:205} WARNING - Dependency <Task(_PythonDecoratedOperator): task_group_function__2.task_1>, task_group_function__2.task_2 already registered for DAG: example_task_group_decorator
[2022-10-18T10:16:46.710+0000] {taskmixin.py:205} WARNING - Dependency <Task(_PythonDecoratedOperator): task_group_function__2.task_2>, task_group_function__2.task_1 already registered for DAG: example_task_group_decorator
[2022-10-18T10:16:46.712+0000] {taskmixin.py:205} WARNING - Dependency <Task(_PythonDecoratedOperator): task_group_function__2.task_1>, task_group_function__2.task_2 already registered for DAG: example_task_group_decorator
[2022-10-18T10:16:46.725+0000] {taskmixin.py:205} WARNING - Dependency <Task(_PythonDecoratedOperator): task_group_function__2.task_2>, task_group_function__2.task_1 already registered for DAG: example_task_group_decorator
[2022-10-18T10:16:47.120+0000] {taskmixin.py:205} WARNING - Dependency <Task(_PythonDecoratedOperator): task_group_function__2.task_1>, task_group_function__2.task_2 already registered for DAG: example_task_group_decorator
[2022-10-18T10:16:47.130+0000] {taskmixin.py:205} WARNING - Dependency <Task(_PythonDecoratedOperator): task_group_function__2.task_2>, task_group_function__2.task_1 already registered for DAG: example_task_group_decorator
[2022-10-18T10:16:47.134+0000] {taskmixin.py:205} WARNING - Dependency <Task(_PythonDecoratedOperator): task_group_function__2.task_1>, task_group_function__2.task_2 already registered for DAG: example_task_group_decorator
[2022-10-18T10:16:47.137+0000] {taskmixin.py:205} WARNING - Dependency <Task(_PythonDecoratedOperator): task_group_function__2.task_2>, task_group_function__2.task_1 already registered for DAG: example_task_group_decorator
[2022-10-18T10:16:47.138+0000] {taskmixin.py:205} WARNING - Dependency <Task(_PythonDecoratedOperator): task_group_function__2.task_1>, task_group_function__2.task_2 already registered for DAG: example_task_group_decorator
[2022-10-18T10:16:47.145+0000] {taskmixin.py:205} WARNING - Dependency <Task(_PythonDecoratedOperator): task_group_function__2.task_2>, task_group_function__2.task_1 already registered for DAG: example_task_group_decorator
[2022-10-18T10:16:47.148+0000] {taskmixin.py:205} WARNING - Dependency <Task(_PythonDecoratedOperator): task_group_function__2.task_2>, task_group_function__2.task_3 already registered for DAG: example_task_group_decorator
[2022-10-18T10:16:47.150+0000] {taskmixin.py:205} WARNING - Dependency <Task(_PythonDecoratedOperator): task_group_function__2.task_3>, task_group_function__2.task_2 already registered for DAG: example_task_group_decorator
[2022-10-18T10:16:47.152+0000] {taskmixin.py:205} WARNING - Dependency <Task(_PythonDecoratedOperator): task_group_function__2.task_2>, task_group_function__2.task_3 already registered for DAG: example_task_group_decorator
[2022-10-18T10:16:47.154+0000] {taskmixin.py:205} WARNING - Dependency <Task(_PythonDecoratedOperator): task_group_function__2.task_3>, task_group_function__2.task_2 already registered for DAG: example_task_group_decorator
[2022-10-18T10:16:47.155+0000] {taskmixin.py:205} WARNING - Dependency <Task(_PythonDecoratedOperator): task_group_function__2.task_2>, task_group_function__2.task_3 already registered for DAG: example_task_group_decorator
[2022-10-18T10:16:47.156+0000] {taskmixin.py:205} WARNING - Dependency <Task(_PythonDecoratedOperator): task_group_function__2.task_3>, task_group_function__2.task_2 already registered for DAG: example_task_group_decorator
[2022-10-18T10:16:47.158+0000] {taskmixin.py:205} WARNING - Dependency <Task(_PythonDecoratedOperator): task_group_function__2.task_2>, task_group_function__2.task_3 already registered for DAG: example_task_group_decorator
[2022-10-18T10:16:47.159+0000] {taskmixin.py:205} WARNING - Dependency <Task(_PythonDecoratedOperator): task_group_function__2.task_3>, task_group_function__2.task_2 already registered for DAG: example_task_group_decorator
[2022-10-18T10:16:47.161+0000] {taskmixin.py:205} WARNING - Dependency <Task(_PythonDecoratedOperator): task_group_function__2.task_2>, task_group_function__2.task_3 already registered for DAG: example_task_group_decorator
[2022-10-18T10:16:47.162+0000] {taskmixin.py:205} WARNING - Dependency <Task(_PythonDecoratedOperator): task_group_function__2.task_3>, task_group_function__2.task_2 already registered for DAG: example_task_group_decorator
[2022-10-18T10:16:47.163+0000] {taskmixin.py:205} WARNING - Dependency <Task(_PythonDecoratedOperator): task_group_function__2.task_2>, task_group_function__2.task_3 already registered for DAG: example_task_group_decorator
[2022-10-18T10:16:47.165+0000] {taskmixin.py:205} WARNING - Dependency <Task(_PythonDecoratedOperator): task_group_function__2.task_3>, task_group_function__2.task_2 already registered for DAG: example_task_group_decorator
[2022-10-18T10:16:47.167+0000] {taskmixin.py:205} WARNING - Dependency <Task(_PythonDecoratedOperator): task_group_function__3.task_1>, task_group_function__3.task_2 already registered for DAG: example_task_group_decorator
[2022-10-18T10:16:47.168+0000] {taskmixin.py:205} WARNING - Dependency <Task(_PythonDecoratedOperator): task_group_function__3.task_2>, task_group_function__3.task_1 already registered for DAG: example_task_group_decorator
[2022-10-18T10:16:47.170+0000] {taskmixin.py:205} WARNING - Dependency <Task(_PythonDecoratedOperator): task_group_function__3.task_1>, task_group_function__3.task_2 already registered for DAG: example_task_group_decorator
[2022-10-18T10:16:47.171+0000] {taskmixin.py:205} WARNING - Dependency <Task(_PythonDecoratedOperator): task_group_function__3.task_2>, task_group_function__3.task_1 already registered for DAG: example_task_group_decorator
[2022-10-18T10:16:47.172+0000] {taskmixin.py:205} WARNING - Dependency <Task(_PythonDecoratedOperator): task_group_function__3.task_1>, task_group_function__3.task_2 already registered for DAG: example_task_group_decorator
[2022-10-18T10:16:47.173+0000] {taskmixin.py:205} WARNING - Dependency <Task(_PythonDecoratedOperator): task_group_function__3.task_2>, task_group_function__3.task_1 already registered for DAG: example_task_group_decorator
[2022-10-18T10:16:47.174+0000] {taskmixin.py:205} WARNING - Dependency <Task(_PythonDecoratedOperator): task_group_function__3.task_1>, task_group_function__3.task_2 already registered for DAG: example_task_group_decorator
[2022-10-18T10:16:47.176+0000] {taskmixin.py:205} WARNING - Dependency <Task(_PythonDecoratedOperator): task_group_function__3.task_2>, task_group_function__3.task_1 already registered for DAG: example_task_group_decorator
[2022-10-18T10:16:47.177+0000] {taskmixin.py:205} WARNING - Dependency <Task(_PythonDecoratedOperator): task_group_function__3.task_1>, task_group_function__3.task_2 already registered for DAG: example_task_group_decorator
[2022-10-18T10:16:47.178+0000] {taskmixin.py:205} WARNING - Dependency <Task(_PythonDecoratedOperator): task_group_function__3.task_2>, task_group_function__3.task_1 already registered for DAG: example_task_group_decorator
[2022-10-18T10:16:47.180+0000] {taskmixin.py:205} WARNING - Dependency <Task(_PythonDecoratedOperator): task_group_function__3.task_1>, task_group_function__3.task_2 already registered for DAG: example_task_group_decorator
[2022-10-18T10:16:47.181+0000] {taskmixin.py:205} WARNING - Dependency <Task(_PythonDecoratedOperator): task_group_function__3.task_2>, task_group_function__3.task_1 already registered for DAG: example_task_group_decorator
[2022-10-18T10:16:47.183+0000] {taskmixin.py:205} WARNING - Dependency <Task(_PythonDecoratedOperator): task_group_function__3.task_2>, task_group_function__3.task_3 already registered for DAG: example_task_group_decorator
[2022-10-18T10:16:47.185+0000] {taskmixin.py:205} WARNING - Dependency <Task(_PythonDecoratedOperator): task_group_function__3.task_3>, task_group_function__3.task_2 already registered for DAG: example_task_group_decorator
[2022-10-18T10:16:47.186+0000] {taskmixin.py:205} WARNING - Dependency <Task(_PythonDecoratedOperator): task_group_function__3.task_2>, task_group_function__3.task_3 already registered for DAG: example_task_group_decorator
[2022-10-18T10:16:47.187+0000] {taskmixin.py:205} WARNING - Dependency <Task(_PythonDecoratedOperator): task_group_function__3.task_3>, task_group_function__3.task_2 already registered for DAG: example_task_group_decorator
[2022-10-18T10:16:47.189+0000] {taskmixin.py:205} WARNING - Dependency <Task(_PythonDecoratedOperator): task_group_function__3.task_2>, task_group_function__3.task_3 already registered for DAG: example_task_group_decorator
[2022-10-18T10:16:47.191+0000] {taskmixin.py:205} WARNING - Dependency <Task(_PythonDecoratedOperator): task_group_function__3.task_3>, task_group_function__3.task_2 already registered for DAG: example_task_group_decorator
[2022-10-18T10:16:47.193+0000] {taskmixin.py:205} WARNING - Dependency <Task(_PythonDecoratedOperator): task_group_function__3.task_2>, task_group_function__3.task_3 already registered for DAG: example_task_group_decorator
[2022-10-18T10:16:47.194+0000] {taskmixin.py:205} WARNING - Dependency <Task(_PythonDecoratedOperator): task_group_function__3.task_3>, task_group_function__3.task_2 already registered for DAG: example_task_group_decorator
[2022-10-18T10:16:47.198+0000] {taskmixin.py:205} WARNING - Dependency <Task(_PythonDecoratedOperator): task_group_function__3.task_2>, task_group_function__3.task_3 already registered for DAG: example_task_group_decorator
[2022-10-18T10:16:47.200+0000] {taskmixin.py:205} WARNING - Dependency <Task(_PythonDecoratedOperator): task_group_function__3.task_3>, task_group_function__3.task_2 already registered for DAG: example_task_group_decorator
[2022-10-18T10:16:47.202+0000] {taskmixin.py:205} WARNING - Dependency <Task(_PythonDecoratedOperator): task_group_function__3.task_2>, task_group_function__3.task_3 already registered for DAG: example_task_group_decorator
[2022-10-18T10:16:47.204+0000] {taskmixin.py:205} WARNING - Dependency <Task(_PythonDecoratedOperator): task_group_function__3.task_3>, task_group_function__3.task_2 already registered for DAG: example_task_group_decorator
[2022-10-18T10:16:47.206+0000] {taskmixin.py:205} WARNING - Dependency <Task(_PythonDecoratedOperator): task_group_function__4.task_1>, task_group_function__4.task_2 already registered for DAG: example_task_group_decorator
[2022-10-18T10:16:47.207+0000] {taskmixin.py:205} WARNING - Dependency <Task(_PythonDecoratedOperator): task_group_function__4.task_2>, task_group_function__4.task_1 already registered for DAG: example_task_group_decorator
[2022-10-18T10:16:47.208+0000] {taskmixin.py:205} WARNING - Dependency <Task(_PythonDecoratedOperator): task_group_function__4.task_1>, task_group_function__4.task_2 already registered for DAG: example_task_group_decorator
[2022-10-18T10:16:47.209+0000] {taskmixin.py:205} WARNING - Dependency <Task(_PythonDecoratedOperator): task_group_function__4.task_2>, task_group_function__4.task_1 already registered for DAG: example_task_group_decorator
[2022-10-18T10:16:47.210+0000] {taskmixin.py:205} WARNING - Dependency <Task(_PythonDecoratedOperator): task_group_function__4.task_1>, task_group_function__4.task_2 already registered for DAG: example_task_group_decorator
[2022-10-18T10:16:47.210+0000] {taskmixin.py:205} WARNING - Dependency <Task(_PythonDecoratedOperator): task_group_function__4.task_2>, task_group_function__4.task_1 already registered for DAG: example_task_group_decorator
[2022-10-18T10:16:47.212+0000] {taskmixin.py:205} WARNING - Dependency <Task(_PythonDecoratedOperator): task_group_function__4.task_1>, task_group_function__4.task_2 already registered for DAG: example_task_group_decorator
[2022-10-18T10:16:47.214+0000] {taskmixin.py:205} WARNING - Dependency <Task(_PythonDecoratedOperator): task_group_function__4.task_2>, task_group_function__4.task_1 already registered for DAG: example_task_group_decorator
[2022-10-18T10:16:47.215+0000] {taskmixin.py:205} WARNING - Dependency <Task(_PythonDecoratedOperator): task_group_function__4.task_1>, task_group_function__4.task_2 already registered for DAG: example_task_group_decorator
[2022-10-18T10:16:47.216+0000] {taskmixin.py:205} WARNING - Dependency <Task(_PythonDecoratedOperator): task_group_function__4.task_2>, task_group_function__4.task_1 already registered for DAG: example_task_group_decorator
[2022-10-18T10:16:47.217+0000] {taskmixin.py:205} WARNING - Dependency <Task(_PythonDecoratedOperator): task_group_function__4.task_1>, task_group_function__4.task_2 already registered for DAG: example_task_group_decorator
[2022-10-18T10:16:47.218+0000] {taskmixin.py:205} WARNING - Dependency <Task(_PythonDecoratedOperator): task_group_function__4.task_2>, task_group_function__4.task_1 already registered for DAG: example_task_group_decorator
[2022-10-18T10:16:47.219+0000] {taskmixin.py:205} WARNING - Dependency <Task(_PythonDecoratedOperator): task_group_function__4.task_2>, task_group_function__4.task_3 already registered for DAG: example_task_group_decorator
[2022-10-18T10:16:47.220+0000] {taskmixin.py:205} WARNING - Dependency <Task(_PythonDecoratedOperator): task_group_function__4.task_3>, task_group_function__4.task_2 already registered for DAG: example_task_group_decorator
[2022-10-18T10:16:47.222+0000] {taskmixin.py:205} WARNING - Dependency <Task(_PythonDecoratedOperator): task_group_function__4.task_2>, task_group_function__4.task_3 already registered for DAG: example_task_group_decorator
[2022-10-18T10:16:47.223+0000] {taskmixin.py:205} WARNING - Dependency <Task(_PythonDecoratedOperator): task_group_function__4.task_3>, task_group_function__4.task_2 already registered for DAG: example_task_group_decorator
[2022-10-18T10:16:47.224+0000] {taskmixin.py:205} WARNING - Dependency <Task(_PythonDecoratedOperator): task_group_function__4.task_2>, task_group_function__4.task_3 already registered for DAG: example_task_group_decorator
[2022-10-18T10:16:47.225+0000] {taskmixin.py:205} WARNING - Dependency <Task(_PythonDecoratedOperator): task_group_function__4.task_3>, task_group_function__4.task_2 already registered for DAG: example_task_group_decorator
[2022-10-18T10:16:47.226+0000] {taskmixin.py:205} WARNING - Dependency <Task(_PythonDecoratedOperator): task_group_function__4.task_2>, task_group_function__4.task_3 already registered for DAG: example_task_group_decorator
[2022-10-18T10:16:47.227+0000] {taskmixin.py:205} WARNING - Dependency <Task(_PythonDecoratedOperator): task_group_function__4.task_3>, task_group_function__4.task_2 already registered for DAG: example_task_group_decorator
[2022-10-18T10:16:47.227+0000] {taskmixin.py:205} WARNING - Dependency <Task(_PythonDecoratedOperator): task_group_function__4.task_2>, task_group_function__4.task_3 already registered for DAG: example_task_group_decorator
[2022-10-18T10:16:47.231+0000] {taskmixin.py:205} WARNING - Dependency <Task(_PythonDecoratedOperator): task_group_function__4.task_3>, task_group_function__4.task_2 already registered for DAG: example_task_group_decorator
[2022-10-18T10:16:47.232+0000] {taskmixin.py:205} WARNING - Dependency <Task(_PythonDecoratedOperator): task_group_function__4.task_2>, task_group_function__4.task_3 already registered for DAG: example_task_group_decorator
[2022-10-18T10:16:47.232+0000] {taskmixin.py:205} WARNING - Dependency <Task(_PythonDecoratedOperator): task_group_function__4.task_3>, task_group_function__4.task_2 already registered for DAG: example_task_group_decorator
[2022-10-18T10:16:47.302+0000] {taskmixin.py:205} WARNING - Dependency <Task(GetRequestOperator): get_ip>, prepare_email already registered for DAG: example_dag_decorator
[2022-10-18T10:16:47.307+0000] {taskmixin.py:205} WARNING - Dependency <Task(_PythonDecoratedOperator): prepare_email>, get_ip already registered for DAG: example_dag_decorator
[2022-10-18T10:16:47.309+0000] {taskmixin.py:205} WARNING - Dependency <Task(GetRequestOperator): get_ip>, prepare_email already registered for DAG: example_dag_decorator
[2022-10-18T10:16:47.311+0000] {taskmixin.py:205} WARNING - Dependency <Task(_PythonDecoratedOperator): prepare_email>, get_ip already registered for DAG: example_dag_decorator
[2022-10-18T10:16:47.313+0000] {taskmixin.py:205} WARNING - Dependency <Task(GetRequestOperator): get_ip>, prepare_email already registered for DAG: example_dag_decorator
[2022-10-18T10:16:47.323+0000] {taskmixin.py:205} WARNING - Dependency <Task(_PythonDecoratedOperator): prepare_email>, get_ip already registered for DAG: example_dag_decorator
[2022-10-18T10:16:47.326+0000] {taskmixin.py:205} WARNING - Dependency <Task(GetRequestOperator): get_ip>, prepare_email already registered for DAG: example_dag_decorator
[2022-10-18T10:16:47.327+0000] {taskmixin.py:205} WARNING - Dependency <Task(_PythonDecoratedOperator): prepare_email>, get_ip already registered for DAG: example_dag_decorator
[2022-10-18T10:16:47.329+0000] {taskmixin.py:205} WARNING - Dependency <Task(GetRequestOperator): get_ip>, prepare_email already registered for DAG: example_dag_decorator
[2022-10-18T10:16:47.332+0000] {taskmixin.py:205} WARNING - Dependency <Task(_PythonDecoratedOperator): prepare_email>, get_ip already registered for DAG: example_dag_decorator
[2022-10-18T10:16:47.335+0000] {taskmixin.py:205} WARNING - Dependency <Task(GetRequestOperator): get_ip>, prepare_email already registered for DAG: example_dag_decorator
[2022-10-18T10:16:47.355+0000] {taskmixin.py:205} WARNING - Dependency <Task(_PythonDecoratedOperator): prepare_email>, get_ip already registered for DAG: example_dag_decorator
[2022-10-18T10:16:47.357+0000] {taskmixin.py:205} WARNING - Dependency <Task(_PythonDecoratedOperator): prepare_email>, send_email already registered for DAG: example_dag_decorator
[2022-10-18T10:16:47.357+0000] {taskmixin.py:205} WARNING - Dependency <Task(EmailOperator): send_email>, prepare_email already registered for DAG: example_dag_decorator
[2022-10-18T10:16:47.358+0000] {taskmixin.py:205} WARNING - Dependency <Task(_PythonDecoratedOperator): prepare_email>, send_email already registered for DAG: example_dag_decorator
[2022-10-18T10:16:47.359+0000] {taskmixin.py:205} WARNING - Dependency <Task(EmailOperator): send_email>, prepare_email already registered for DAG: example_dag_decorator
[2022-10-18T10:16:47.359+0000] {taskmixin.py:205} WARNING - Dependency <Task(_PythonDecoratedOperator): prepare_email>, send_email already registered for DAG: example_dag_decorator
[2022-10-18T10:16:47.361+0000] {taskmixin.py:205} WARNING - Dependency <Task(EmailOperator): send_email>, prepare_email already registered for DAG: example_dag_decorator
[2022-10-18T10:16:47.362+0000] {taskmixin.py:205} WARNING - Dependency <Task(_PythonDecoratedOperator): prepare_email>, send_email already registered for DAG: example_dag_decorator
[2022-10-18T10:16:47.363+0000] {taskmixin.py:205} WARNING - Dependency <Task(EmailOperator): send_email>, prepare_email already registered for DAG: example_dag_decorator
[2022-10-18T10:16:47.364+0000] {taskmixin.py:205} WARNING - Dependency <Task(_PythonDecoratedOperator): prepare_email>, send_email already registered for DAG: example_dag_decorator
[2022-10-18T10:16:47.365+0000] {taskmixin.py:205} WARNING - Dependency <Task(EmailOperator): send_email>, prepare_email already registered for DAG: example_dag_decorator
[2022-10-18T10:16:47.365+0000] {taskmixin.py:205} WARNING - Dependency <Task(_PythonDecoratedOperator): prepare_email>, send_email already registered for DAG: example_dag_decorator
[2022-10-18T10:16:47.367+0000] {taskmixin.py:205} WARNING - Dependency <Task(EmailOperator): send_email>, prepare_email already registered for DAG: example_dag_decorator
[2022-10-18T10:16:47.468+0000] {taskmixin.py:205} WARNING - Dependency <Task(_PythonDecoratedOperator): push_by_returning>, puller already registered for DAG: example_xcom
[2022-10-18T10:16:47.469+0000] {taskmixin.py:205} WARNING - Dependency <Task(_PythonDecoratedOperator): puller>, push_by_returning already registered for DAG: example_xcom
[2022-10-18T10:16:47.471+0000] {taskmixin.py:205} WARNING - Dependency <Task(_PythonDecoratedOperator): push_by_returning>, puller already registered for DAG: example_xcom
[2022-10-18T10:16:47.472+0000] {taskmixin.py:205} WARNING - Dependency <Task(_PythonDecoratedOperator): puller>, push_by_returning already registered for DAG: example_xcom
[2022-10-18T10:16:47.473+0000] {taskmixin.py:205} WARNING - Dependency <Task(_PythonDecoratedOperator): push_by_returning>, puller already registered for DAG: example_xcom
[2022-10-18T10:16:47.474+0000] {taskmixin.py:205} WARNING - Dependency <Task(_PythonDecoratedOperator): puller>, push_by_returning already registered for DAG: example_xcom
[2022-10-18T10:16:47.475+0000] {taskmixin.py:205} WARNING - Dependency <Task(_PythonDecoratedOperator): push_by_returning>, puller already registered for DAG: example_xcom
[2022-10-18T10:16:47.476+0000] {taskmixin.py:205} WARNING - Dependency <Task(_PythonDecoratedOperator): puller>, push_by_returning already registered for DAG: example_xcom
[2022-10-18T10:16:47.477+0000] {taskmixin.py:205} WARNING - Dependency <Task(_PythonDecoratedOperator): push_by_returning>, puller already registered for DAG: example_xcom
[2022-10-18T10:16:47.478+0000] {taskmixin.py:205} WARNING - Dependency <Task(_PythonDecoratedOperator): puller>, push_by_returning already registered for DAG: example_xcom
[2022-10-18T10:16:47.479+0000] {taskmixin.py:205} WARNING - Dependency <Task(_PythonDecoratedOperator): push_by_returning>, puller already registered for DAG: example_xcom
[2022-10-18T10:16:47.481+0000] {taskmixin.py:205} WARNING - Dependency <Task(_PythonDecoratedOperator): puller>, push_by_returning already registered for DAG: example_xcom
[2022-10-18T10:16:47.484+0000] {taskmixin.py:205} WARNING - Dependency <Task(_PythonDecoratedOperator): extract>, transform already registered for DAG: tutorial_taskflow_api
[2022-10-18T10:16:47.485+0000] {taskmixin.py:205} WARNING - Dependency <Task(_PythonDecoratedOperator): transform>, extract already registered for DAG: tutorial_taskflow_api
[2022-10-18T10:16:47.486+0000] {taskmixin.py:205} WARNING - Dependency <Task(_PythonDecoratedOperator): extract>, transform already registered for DAG: tutorial_taskflow_api
[2022-10-18T10:16:47.488+0000] {taskmixin.py:205} WARNING - Dependency <Task(_PythonDecoratedOperator): transform>, extract already registered for DAG: tutorial_taskflow_api
[2022-10-18T10:16:47.488+0000] {taskmixin.py:205} WARNING - Dependency <Task(_PythonDecoratedOperator): extract>, transform already registered for DAG: tutorial_taskflow_api
[2022-10-18T10:16:47.489+0000] {taskmixin.py:205} WARNING - Dependency <Task(_PythonDecoratedOperator): transform>, extract already registered for DAG: tutorial_taskflow_api
[2022-10-18T10:16:47.491+0000] {taskmixin.py:205} WARNING - Dependency <Task(_PythonDecoratedOperator): extract>, transform already registered for DAG: tutorial_taskflow_api
[2022-10-18T10:16:47.492+0000] {taskmixin.py:205} WARNING - Dependency <Task(_PythonDecoratedOperator): transform>, extract already registered for DAG: tutorial_taskflow_api
[2022-10-18T10:16:47.493+0000] {taskmixin.py:205} WARNING - Dependency <Task(_PythonDecoratedOperator): extract>, transform already registered for DAG: tutorial_taskflow_api
[2022-10-18T10:16:47.494+0000] {taskmixin.py:205} WARNING - Dependency <Task(_PythonDecoratedOperator): transform>, extract already registered for DAG: tutorial_taskflow_api
[2022-10-18T10:16:47.495+0000] {taskmixin.py:205} WARNING - Dependency <Task(_PythonDecoratedOperator): extract>, transform already registered for DAG: tutorial_taskflow_api
[2022-10-18T10:16:47.496+0000] {taskmixin.py:205} WARNING - Dependency <Task(_PythonDecoratedOperator): transform>, extract already registered for DAG: tutorial_taskflow_api
[2022-10-18T10:16:47.497+0000] {taskmixin.py:205} WARNING - Dependency <Task(_PythonDecoratedOperator): transform>, load already registered for DAG: tutorial_taskflow_api
[2022-10-18T10:16:47.498+0000] {taskmixin.py:205} WARNING - Dependency <Task(_PythonDecoratedOperator): load>, transform already registered for DAG: tutorial_taskflow_api
[2022-10-18T10:16:47.499+0000] {taskmixin.py:205} WARNING - Dependency <Task(_PythonDecoratedOperator): transform>, load already registered for DAG: tutorial_taskflow_api
[2022-10-18T10:16:47.499+0000] {taskmixin.py:205} WARNING - Dependency <Task(_PythonDecoratedOperator): load>, transform already registered for DAG: tutorial_taskflow_api
[2022-10-18T10:16:47.500+0000] {taskmixin.py:205} WARNING - Dependency <Task(_PythonDecoratedOperator): transform>, load already registered for DAG: tutorial_taskflow_api
[2022-10-18T10:16:47.501+0000] {taskmixin.py:205} WARNING - Dependency <Task(_PythonDecoratedOperator): load>, transform already registered for DAG: tutorial_taskflow_api
[2022-10-18T10:16:47.502+0000] {taskmixin.py:205} WARNING - Dependency <Task(_PythonDecoratedOperator): transform>, load already registered for DAG: tutorial_taskflow_api
[2022-10-18T10:16:47.503+0000] {taskmixin.py:205} WARNING - Dependency <Task(_PythonDecoratedOperator): load>, transform already registered for DAG: tutorial_taskflow_api
[2022-10-18T10:16:47.504+0000] {taskmixin.py:205} WARNING - Dependency <Task(_PythonDecoratedOperator): transform>, load already registered for DAG: tutorial_taskflow_api
[2022-10-18T10:16:47.505+0000] {taskmixin.py:205} WARNING - Dependency <Task(_PythonDecoratedOperator): load>, transform already registered for DAG: tutorial_taskflow_api
[2022-10-18T10:16:47.506+0000] {taskmixin.py:205} WARNING - Dependency <Task(_PythonDecoratedOperator): transform>, load already registered for DAG: tutorial_taskflow_api
[2022-10-18T10:16:47.508+0000] {taskmixin.py:205} WARNING - Dependency <Task(_PythonDecoratedOperator): load>, transform already registered for DAG: tutorial_taskflow_api
[2022-10-18T10:16:47.511+0000] {taskmixin.py:205} WARNING - Dependency <Task(_PythonDecoratedOperator): generate_value>, print_value already registered for DAG: example_xcom_args
[2022-10-18T10:16:47.512+0000] {taskmixin.py:205} WARNING - Dependency <Task(_PythonDecoratedOperator): print_value>, generate_value already registered for DAG: example_xcom_args
[2022-10-18T10:16:47.514+0000] {taskmixin.py:205} WARNING - Dependency <Task(_PythonDecoratedOperator): generate_value>, print_value already registered for DAG: example_xcom_args
[2022-10-18T10:16:47.515+0000] {taskmixin.py:205} WARNING - Dependency <Task(_PythonDecoratedOperator): print_value>, generate_value already registered for DAG: example_xcom_args
[2022-10-18T10:16:47.518+0000] {taskmixin.py:205} WARNING - Dependency <Task(_PythonDecoratedOperator): generate_value>, print_value already registered for DAG: example_xcom_args
[2022-10-18T10:16:47.520+0000] {taskmixin.py:205} WARNING - Dependency <Task(_PythonDecoratedOperator): print_value>, generate_value already registered for DAG: example_xcom_args
[2022-10-18T10:16:47.521+0000] {taskmixin.py:205} WARNING - Dependency <Task(_PythonDecoratedOperator): generate_value>, print_value already registered for DAG: example_xcom_args
[2022-10-18T10:16:47.522+0000] {taskmixin.py:205} WARNING - Dependency <Task(_PythonDecoratedOperator): print_value>, generate_value already registered for DAG: example_xcom_args
[2022-10-18T10:16:47.523+0000] {taskmixin.py:205} WARNING - Dependency <Task(_PythonDecoratedOperator): generate_value>, print_value already registered for DAG: example_xcom_args
[2022-10-18T10:16:47.524+0000] {taskmixin.py:205} WARNING - Dependency <Task(_PythonDecoratedOperator): print_value>, generate_value already registered for DAG: example_xcom_args
[2022-10-18T10:16:47.525+0000] {taskmixin.py:205} WARNING - Dependency <Task(_PythonDecoratedOperator): generate_value>, print_value already registered for DAG: example_xcom_args
[2022-10-18T10:16:47.526+0000] {taskmixin.py:205} WARNING - Dependency <Task(_PythonDecoratedOperator): print_value>, generate_value already registered for DAG: example_xcom_args
[2022-10-18T10:16:47.762+0000] {task_command.py:384} INFO - Running <TaskInstance: spark-configer.task_2 manual__2022-10-18T10:16:31.970384+00:00 [running]> on host 22920f4e909f
[2022-10-18T10:16:47.889+0000] {taskinstance.py:1592} INFO - Exporting the following env vars:
AIRFLOW_CTX_DAG_OWNER=***
AIRFLOW_CTX_DAG_ID=spark-configer
AIRFLOW_CTX_TASK_ID=task_2
AIRFLOW_CTX_EXECUTION_DATE=2022-10-18T10:16:31.970384+00:00
AIRFLOW_CTX_TRY_NUMBER=1
AIRFLOW_CTX_DAG_RUN_ID=manual__2022-10-18T10:16:31.970384+00:00
[2022-10-18T10:16:47.894+0000] {subprocess.py:63} INFO - Tmp dir root location: 
 /tmp
[2022-10-18T10:16:47.898+0000] {subprocess.py:75} INFO - Running command: ['/bin/bash', '-c', 'spark-submit /opt/***/tasks/transformer.py']
[2022-10-18T10:16:47.939+0000] {subprocess.py:86} INFO - Output:
[2022-10-18T10:16:52.585+0000] {subprocess.py:93} INFO - 22/10/18 10:16:52 INFO SparkContext: Running Spark version 3.3.0
[2022-10-18T10:16:52.685+0000] {subprocess.py:93} INFO - 22/10/18 10:16:52 WARN NativeCodeLoader: Unable to load native-hadoop library for your platform... using builtin-java classes where applicable
[2022-10-18T10:16:52.765+0000] {subprocess.py:93} INFO - 22/10/18 10:16:52 INFO ResourceUtils: ==============================================================
[2022-10-18T10:16:52.768+0000] {subprocess.py:93} INFO - 22/10/18 10:16:52 INFO ResourceUtils: No custom resources configured for spark.driver.
[2022-10-18T10:16:52.771+0000] {subprocess.py:93} INFO - 22/10/18 10:16:52 INFO ResourceUtils: ==============================================================
[2022-10-18T10:16:52.774+0000] {subprocess.py:93} INFO - 22/10/18 10:16:52 INFO SparkContext: Submitted application: realityisdead
[2022-10-18T10:16:52.794+0000] {subprocess.py:93} INFO - 22/10/18 10:16:52 INFO ResourceProfile: Default ResourceProfile created, executor resources: Map(cores -> name: cores, amount: 1, script: , vendor: , memory -> name: memory, amount: 1024, script: , vendor: , offHeap -> name: offHeap, amount: 0, script: , vendor: ), task resources: Map(cpus -> name: cpus, amount: 1.0)
[2022-10-18T10:16:52.801+0000] {subprocess.py:93} INFO - 22/10/18 10:16:52 INFO ResourceProfile: Limiting resource is cpu
[2022-10-18T10:16:52.803+0000] {subprocess.py:93} INFO - 22/10/18 10:16:52 INFO ResourceProfileManager: Added ResourceProfile id: 0
[2022-10-18T10:16:52.859+0000] {subprocess.py:93} INFO - 22/10/18 10:16:52 INFO SecurityManager: Changing view acls to: ***
[2022-10-18T10:16:52.861+0000] {subprocess.py:93} INFO - 22/10/18 10:16:52 INFO SecurityManager: Changing modify acls to: ***
[2022-10-18T10:16:52.863+0000] {subprocess.py:93} INFO - 22/10/18 10:16:52 INFO SecurityManager: Changing view acls groups to:
[2022-10-18T10:16:52.864+0000] {subprocess.py:93} INFO - 22/10/18 10:16:52 INFO SecurityManager: Changing modify acls groups to:
[2022-10-18T10:16:52.865+0000] {subprocess.py:93} INFO - 22/10/18 10:16:52 INFO SecurityManager: SecurityManager: authentication disabled; ui acls disabled; users  with view permissions: Set(***); groups with view permissions: Set(); users  with modify permissions: Set(***); groups with modify permissions: Set()
[2022-10-18T10:16:53.255+0000] {subprocess.py:93} INFO - 22/10/18 10:16:53 INFO Utils: Successfully started service 'sparkDriver' on port 40283.
[2022-10-18T10:16:53.329+0000] {subprocess.py:93} INFO - 22/10/18 10:16:53 INFO SparkEnv: Registering MapOutputTracker
[2022-10-18T10:16:53.389+0000] {subprocess.py:93} INFO - 22/10/18 10:16:53 INFO SparkEnv: Registering BlockManagerMaster
[2022-10-18T10:16:53.410+0000] {subprocess.py:93} INFO - 22/10/18 10:16:53 INFO BlockManagerMasterEndpoint: Using org.apache.spark.storage.DefaultTopologyMapper for getting topology information
[2022-10-18T10:16:53.411+0000] {subprocess.py:93} INFO - 22/10/18 10:16:53 INFO BlockManagerMasterEndpoint: BlockManagerMasterEndpoint up
[2022-10-18T10:16:53.414+0000] {subprocess.py:93} INFO - 22/10/18 10:16:53 INFO SparkEnv: Registering BlockManagerMasterHeartbeat
[2022-10-18T10:16:53.460+0000] {subprocess.py:93} INFO - 22/10/18 10:16:53 INFO DiskBlockManager: Created local directory at /tmp/blockmgr-6275b67d-3709-4524-8f49-c45f6cc2ffdb
[2022-10-18T10:16:53.482+0000] {subprocess.py:93} INFO - 22/10/18 10:16:53 INFO MemoryStore: MemoryStore started with capacity 434.4 MiB
[2022-10-18T10:16:53.513+0000] {subprocess.py:93} INFO - 22/10/18 10:16:53 INFO SparkEnv: Registering OutputCommitCoordinator
[2022-10-18T10:16:53.911+0000] {subprocess.py:93} INFO - 22/10/18 10:16:53 INFO Utils: Successfully started service 'SparkUI' on port 4040.
[2022-10-18T10:16:53.997+0000] {subprocess.py:93} INFO - 22/10/18 10:16:53 INFO Executor: Starting executor ID driver on host 22920f4e909f
[2022-10-18T10:16:54.006+0000] {subprocess.py:93} INFO - 22/10/18 10:16:54 INFO Executor: Starting executor with user classpath (userClassPathFirst = false): ''
[2022-10-18T10:16:54.131+0000] {subprocess.py:93} INFO - 22/10/18 10:16:54 INFO Utils: Successfully started service 'org.apache.spark.network.netty.NettyBlockTransferService' on port 44825.
[2022-10-18T10:16:54.150+0000] {subprocess.py:93} INFO - 22/10/18 10:16:54 INFO NettyBlockTransferService: Server created on 22920f4e909f:44825
[2022-10-18T10:16:54.158+0000] {subprocess.py:93} INFO - 22/10/18 10:16:54 INFO BlockManager: Using org.apache.spark.storage.RandomBlockReplicationPolicy for block replication policy
[2022-10-18T10:16:54.242+0000] {subprocess.py:93} INFO - 22/10/18 10:16:54 INFO BlockManagerMaster: Registering BlockManager BlockManagerId(driver, 22920f4e909f, 44825, None)
[2022-10-18T10:16:54.265+0000] {subprocess.py:93} INFO - 22/10/18 10:16:54 INFO BlockManagerMasterEndpoint: Registering block manager 22920f4e909f:44825 with 434.4 MiB RAM, BlockManagerId(driver, 22920f4e909f, 44825, None)
[2022-10-18T10:16:54.299+0000] {subprocess.py:93} INFO - 22/10/18 10:16:54 INFO BlockManagerMaster: Registered BlockManager BlockManagerId(driver, 22920f4e909f, 44825, None)
[2022-10-18T10:16:54.306+0000] {subprocess.py:93} INFO - 22/10/18 10:16:54 INFO BlockManager: Initialized BlockManager: BlockManagerId(driver, 22920f4e909f, 44825, None)
[2022-10-18T10:16:55.340+0000] {subprocess.py:93} INFO - 22/10/18 10:16:55 INFO SharedState: Setting hive.metastore.warehouse.dir ('null') to the value of spark.sql.warehouse.dir.
[2022-10-18T10:16:55.352+0000] {subprocess.py:93} INFO - 22/10/18 10:16:55 INFO SharedState: Warehouse path is 'file:/tmp/***tmpyg5k9qau/spark-warehouse'.
[2022-10-18T10:16:56.790+0000] {subprocess.py:93} INFO - 22/10/18 10:16:56 INFO InMemoryFileIndex: It took 45 ms to list leaf files for 1 paths.
[2022-10-18T10:16:56.858+0000] {subprocess.py:93} INFO - 22/10/18 10:16:56 INFO InMemoryFileIndex: It took 1 ms to list leaf files for 1 paths.
[2022-10-18T10:16:58.970+0000] {subprocess.py:93} INFO - 22/10/18 10:16:58 INFO FileSourceStrategy: Pushed Filters:
[2022-10-18T10:16:58.975+0000] {subprocess.py:93} INFO - 22/10/18 10:16:58 INFO FileSourceStrategy: Post-Scan Filters:
[2022-10-18T10:16:58.976+0000] {subprocess.py:93} INFO - 22/10/18 10:16:58 INFO FileSourceStrategy: Output Data Schema: struct<value: string>
[2022-10-18T10:16:59.306+0000] {subprocess.py:93} INFO - 22/10/18 10:16:59 INFO MemoryStore: Block broadcast_0 stored as values in memory (estimated size 199.3 KiB, free 434.2 MiB)
[2022-10-18T10:16:59.360+0000] {subprocess.py:93} INFO - 22/10/18 10:16:59 INFO MemoryStore: Block broadcast_0_piece0 stored as bytes in memory (estimated size 34.0 KiB, free 434.2 MiB)
[2022-10-18T10:16:59.365+0000] {subprocess.py:93} INFO - 22/10/18 10:16:59 INFO BlockManagerInfo: Added broadcast_0_piece0 in memory on 22920f4e909f:44825 (size: 34.0 KiB, free: 434.4 MiB)
[2022-10-18T10:16:59.373+0000] {subprocess.py:93} INFO - 22/10/18 10:16:59 INFO SparkContext: Created broadcast 0 from json at NativeMethodAccessorImpl.java:0
[2022-10-18T10:16:59.384+0000] {subprocess.py:93} INFO - 22/10/18 10:16:59 INFO FileSourceScanExec: Planning scan with bin packing, max size: 25527129 bytes, open cost is considered as scanning 4194304 bytes.
[2022-10-18T10:16:59.574+0000] {subprocess.py:93} INFO - 22/10/18 10:16:59 INFO SparkContext: Starting job: json at NativeMethodAccessorImpl.java:0
[2022-10-18T10:16:59.589+0000] {subprocess.py:93} INFO - 22/10/18 10:16:59 INFO DAGScheduler: Got job 0 (json at NativeMethodAccessorImpl.java:0) with 4 output partitions
[2022-10-18T10:16:59.590+0000] {subprocess.py:93} INFO - 22/10/18 10:16:59 INFO DAGScheduler: Final stage: ResultStage 0 (json at NativeMethodAccessorImpl.java:0)
[2022-10-18T10:16:59.592+0000] {subprocess.py:93} INFO - 22/10/18 10:16:59 INFO DAGScheduler: Parents of final stage: List()
[2022-10-18T10:16:59.593+0000] {subprocess.py:93} INFO - 22/10/18 10:16:59 INFO DAGScheduler: Missing parents: List()
[2022-10-18T10:16:59.597+0000] {subprocess.py:93} INFO - 22/10/18 10:16:59 INFO DAGScheduler: Submitting ResultStage 0 (MapPartitionsRDD[3] at json at NativeMethodAccessorImpl.java:0), which has no missing parents
[2022-10-18T10:16:59.847+0000] {subprocess.py:93} INFO - 22/10/18 10:16:59 INFO MemoryStore: Block broadcast_1 stored as values in memory (estimated size 14.4 KiB, free 434.2 MiB)
[2022-10-18T10:16:59.859+0000] {subprocess.py:93} INFO - 22/10/18 10:16:59 INFO MemoryStore: Block broadcast_1_piece0 stored as bytes in memory (estimated size 7.0 KiB, free 434.2 MiB)
[2022-10-18T10:16:59.865+0000] {subprocess.py:93} INFO - 22/10/18 10:16:59 INFO BlockManagerInfo: Added broadcast_1_piece0 in memory on 22920f4e909f:44825 (size: 7.0 KiB, free: 434.4 MiB)
[2022-10-18T10:16:59.873+0000] {subprocess.py:93} INFO - 22/10/18 10:16:59 INFO SparkContext: Created broadcast 1 from broadcast at DAGScheduler.scala:1513
[2022-10-18T10:16:59.894+0000] {subprocess.py:93} INFO - 22/10/18 10:16:59 INFO DAGScheduler: Submitting 4 missing tasks from ResultStage 0 (MapPartitionsRDD[3] at json at NativeMethodAccessorImpl.java:0) (first 15 tasks are for partitions Vector(0, 1, 2, 3))
[2022-10-18T10:16:59.900+0000] {subprocess.py:93} INFO - 22/10/18 10:16:59 INFO TaskSchedulerImpl: Adding task set 0.0 with 4 tasks resource profile 0
[2022-10-18T10:16:59.976+0000] {subprocess.py:93} INFO - 22/10/18 10:16:59 INFO TaskSetManager: Starting task 0.0 in stage 0.0 (TID 0) (22920f4e909f, executor driver, partition 0, PROCESS_LOCAL, 4921 bytes) taskResourceAssignments Map()
[2022-10-18T10:16:59.982+0000] {subprocess.py:93} INFO - 22/10/18 10:16:59 INFO TaskSetManager: Starting task 1.0 in stage 0.0 (TID 1) (22920f4e909f, executor driver, partition 1, PROCESS_LOCAL, 4921 bytes) taskResourceAssignments Map()
[2022-10-18T10:16:59.986+0000] {subprocess.py:93} INFO - 22/10/18 10:16:59 INFO TaskSetManager: Starting task 2.0 in stage 0.0 (TID 2) (22920f4e909f, executor driver, partition 2, PROCESS_LOCAL, 4921 bytes) taskResourceAssignments Map()
[2022-10-18T10:16:59.988+0000] {subprocess.py:93} INFO - 22/10/18 10:16:59 INFO TaskSetManager: Starting task 3.0 in stage 0.0 (TID 3) (22920f4e909f, executor driver, partition 3, PROCESS_LOCAL, 4921 bytes) taskResourceAssignments Map()
[2022-10-18T10:17:00.065+0000] {subprocess.py:93} INFO - 22/10/18 10:17:00 INFO Executor: Running task 1.0 in stage 0.0 (TID 1)
[2022-10-18T10:17:00.070+0000] {subprocess.py:93} INFO - 22/10/18 10:17:00 INFO Executor: Running task 3.0 in stage 0.0 (TID 3)
[2022-10-18T10:17:00.073+0000] {subprocess.py:93} INFO - 22/10/18 10:17:00 INFO Executor: Running task 0.0 in stage 0.0 (TID 0)
[2022-10-18T10:17:00.075+0000] {subprocess.py:93} INFO - 22/10/18 10:17:00 INFO Executor: Running task 2.0 in stage 0.0 (TID 2)
[2022-10-18T10:17:00.396+0000] {subprocess.py:93} INFO - 22/10/18 10:17:00 INFO FileScanRDD: Reading File path: file:///opt/***/files/product_Video_Games.json, range: 51054258-76581387, partition values: [empty row]
[2022-10-18T10:17:00.402+0000] {subprocess.py:93} INFO - 22/10/18 10:17:00 INFO FileScanRDD: Reading File path: file:///opt/***/files/product_Video_Games.json, range: 25527129-51054258, partition values: [empty row]
[2022-10-18T10:17:00.404+0000] {subprocess.py:93} INFO - 22/10/18 10:17:00 INFO FileScanRDD: Reading File path: file:///opt/***/files/product_Video_Games.json, range: 0-25527129, partition values: [empty row]
[2022-10-18T10:17:00.406+0000] {subprocess.py:93} INFO - 22/10/18 10:17:00 INFO FileScanRDD: Reading File path: file:///opt/***/files/product_Video_Games.json, range: 76581387-97914215, partition values: [empty row]
[2022-10-18T10:17:00.786+0000] {subprocess.py:93} INFO - 22/10/18 10:17:00 INFO CodeGenerator: Code generated in 290.780166 ms
[2022-10-18T10:17:03.141+0000] {subprocess.py:93} INFO - 22/10/18 10:17:03 INFO Executor: Finished task 3.0 in stage 0.0 (TID 3). 2417 bytes result sent to driver
[2022-10-18T10:17:03.173+0000] {subprocess.py:93} INFO - 22/10/18 10:17:03 INFO TaskSetManager: Finished task 3.0 in stage 0.0 (TID 3) in 3179 ms on 22920f4e909f (executor driver) (1/4)
[2022-10-18T10:17:03.249+0000] {subprocess.py:93} INFO - 22/10/18 10:17:03 INFO Executor: Finished task 0.0 in stage 0.0 (TID 0). 2374 bytes result sent to driver
[2022-10-18T10:17:03.252+0000] {subprocess.py:93} INFO - 22/10/18 10:17:03 INFO Executor: Finished task 1.0 in stage 0.0 (TID 1). 2374 bytes result sent to driver
[2022-10-18T10:17:03.258+0000] {subprocess.py:93} INFO - 22/10/18 10:17:03 INFO TaskSetManager: Finished task 1.0 in stage 0.0 (TID 1) in 3277 ms on 22920f4e909f (executor driver) (2/4)
[2022-10-18T10:17:03.260+0000] {subprocess.py:93} INFO - 22/10/18 10:17:03 INFO TaskSetManager: Finished task 0.0 in stage 0.0 (TID 0) in 3300 ms on 22920f4e909f (executor driver) (3/4)
[2022-10-18T10:17:03.263+0000] {subprocess.py:93} INFO - 22/10/18 10:17:03 INFO Executor: Finished task 2.0 in stage 0.0 (TID 2). 2374 bytes result sent to driver
[2022-10-18T10:17:03.265+0000] {subprocess.py:93} INFO - 22/10/18 10:17:03 INFO TaskSetManager: Finished task 2.0 in stage 0.0 (TID 2) in 3283 ms on 22920f4e909f (executor driver) (4/4)
[2022-10-18T10:17:03.267+0000] {subprocess.py:93} INFO - 22/10/18 10:17:03 INFO TaskSchedulerImpl: Removed TaskSet 0.0, whose tasks have all completed, from pool
[2022-10-18T10:17:03.270+0000] {subprocess.py:93} INFO - 22/10/18 10:17:03 INFO DAGScheduler: ResultStage 0 (json at NativeMethodAccessorImpl.java:0) finished in 3.627 s
[2022-10-18T10:17:03.274+0000] {subprocess.py:93} INFO - 22/10/18 10:17:03 INFO DAGScheduler: Job 0 is finished. Cancelling potential speculative or zombie tasks for this job
[2022-10-18T10:17:03.279+0000] {subprocess.py:93} INFO - 22/10/18 10:17:03 INFO TaskSchedulerImpl: Killing all running tasks in stage 0: Stage finished
[2022-10-18T10:17:03.288+0000] {subprocess.py:93} INFO - 22/10/18 10:17:03 INFO DAGScheduler: Job 0 finished: json at NativeMethodAccessorImpl.java:0, took 3.712466 s
[2022-10-18T10:17:03.429+0000] {subprocess.py:93} INFO - 22/10/18 10:17:03 INFO InMemoryFileIndex: It took 3 ms to list leaf files for 1 paths.
[2022-10-18T10:17:03.436+0000] {subprocess.py:93} INFO - 22/10/18 10:17:03 INFO InMemoryFileIndex: It took 1 ms to list leaf files for 1 paths.
[2022-10-18T10:17:03.524+0000] {subprocess.py:93} INFO - 22/10/18 10:17:03 INFO FileSourceStrategy: Pushed Filters:
[2022-10-18T10:17:03.526+0000] {subprocess.py:93} INFO - 22/10/18 10:17:03 INFO FileSourceStrategy: Post-Scan Filters:
[2022-10-18T10:17:03.531+0000] {subprocess.py:93} INFO - 22/10/18 10:17:03 INFO FileSourceStrategy: Output Data Schema: struct<value: string>
[2022-10-18T10:17:03.577+0000] {subprocess.py:93} INFO - 22/10/18 10:17:03 INFO MemoryStore: Block broadcast_2 stored as values in memory (estimated size 199.3 KiB, free 434.0 MiB)
[2022-10-18T10:17:03.587+0000] {subprocess.py:93} INFO - 22/10/18 10:17:03 INFO MemoryStore: Block broadcast_2_piece0 stored as bytes in memory (estimated size 34.0 KiB, free 433.9 MiB)
[2022-10-18T10:17:03.591+0000] {subprocess.py:93} INFO - 22/10/18 10:17:03 INFO BlockManagerInfo: Added broadcast_2_piece0 in memory on 22920f4e909f:44825 (size: 34.0 KiB, free: 434.3 MiB)
[2022-10-18T10:17:03.597+0000] {subprocess.py:93} INFO - 22/10/18 10:17:03 INFO SparkContext: Created broadcast 2 from json at NativeMethodAccessorImpl.java:0
[2022-10-18T10:17:03.601+0000] {subprocess.py:93} INFO - 22/10/18 10:17:03 INFO FileSourceScanExec: Planning scan with bin packing, max size: 19667774 bytes, open cost is considered as scanning 4194304 bytes.
[2022-10-18T10:17:03.616+0000] {subprocess.py:93} INFO - 22/10/18 10:17:03 INFO SparkContext: Starting job: json at NativeMethodAccessorImpl.java:0
[2022-10-18T10:17:03.621+0000] {subprocess.py:93} INFO - 22/10/18 10:17:03 INFO DAGScheduler: Got job 1 (json at NativeMethodAccessorImpl.java:0) with 4 output partitions
[2022-10-18T10:17:03.623+0000] {subprocess.py:93} INFO - 22/10/18 10:17:03 INFO DAGScheduler: Final stage: ResultStage 1 (json at NativeMethodAccessorImpl.java:0)
[2022-10-18T10:17:03.626+0000] {subprocess.py:93} INFO - 22/10/18 10:17:03 INFO DAGScheduler: Parents of final stage: List()
[2022-10-18T10:17:03.628+0000] {subprocess.py:93} INFO - 22/10/18 10:17:03 INFO DAGScheduler: Missing parents: List()
[2022-10-18T10:17:03.629+0000] {subprocess.py:93} INFO - 22/10/18 10:17:03 INFO DAGScheduler: Submitting ResultStage 1 (MapPartitionsRDD[7] at json at NativeMethodAccessorImpl.java:0), which has no missing parents
[2022-10-18T10:17:03.634+0000] {subprocess.py:93} INFO - 22/10/18 10:17:03 INFO MemoryStore: Block broadcast_3 stored as values in memory (estimated size 14.4 KiB, free 433.9 MiB)
[2022-10-18T10:17:03.708+0000] {subprocess.py:93} INFO - 22/10/18 10:17:03 INFO MemoryStore: Block broadcast_3_piece0 stored as bytes in memory (estimated size 7.0 KiB, free 433.9 MiB)
[2022-10-18T10:17:03.712+0000] {subprocess.py:93} INFO - 22/10/18 10:17:03 INFO BlockManagerInfo: Added broadcast_3_piece0 in memory on 22920f4e909f:44825 (size: 7.0 KiB, free: 434.3 MiB)
[2022-10-18T10:17:03.715+0000] {subprocess.py:93} INFO - 22/10/18 10:17:03 INFO SparkContext: Created broadcast 3 from broadcast at DAGScheduler.scala:1513
[2022-10-18T10:17:03.719+0000] {subprocess.py:93} INFO - 22/10/18 10:17:03 INFO DAGScheduler: Submitting 4 missing tasks from ResultStage 1 (MapPartitionsRDD[7] at json at NativeMethodAccessorImpl.java:0) (first 15 tasks are for partitions Vector(0, 1, 2, 3))
[2022-10-18T10:17:03.721+0000] {subprocess.py:93} INFO - 22/10/18 10:17:03 INFO TaskSchedulerImpl: Adding task set 1.0 with 4 tasks resource profile 0
[2022-10-18T10:17:03.722+0000] {subprocess.py:93} INFO - 22/10/18 10:17:03 INFO TaskSetManager: Starting task 0.0 in stage 1.0 (TID 4) (22920f4e909f, executor driver, partition 0, PROCESS_LOCAL, 4922 bytes) taskResourceAssignments Map()
[2022-10-18T10:17:03.726+0000] {subprocess.py:93} INFO - 22/10/18 10:17:03 INFO TaskSetManager: Starting task 1.0 in stage 1.0 (TID 5) (22920f4e909f, executor driver, partition 1, PROCESS_LOCAL, 4922 bytes) taskResourceAssignments Map()
[2022-10-18T10:17:03.728+0000] {subprocess.py:93} INFO - 22/10/18 10:17:03 INFO TaskSetManager: Starting task 2.0 in stage 1.0 (TID 6) (22920f4e909f, executor driver, partition 2, PROCESS_LOCAL, 4922 bytes) taskResourceAssignments Map()
[2022-10-18T10:17:03.729+0000] {subprocess.py:93} INFO - 22/10/18 10:17:03 INFO TaskSetManager: Starting task 3.0 in stage 1.0 (TID 7) (22920f4e909f, executor driver, partition 3, PROCESS_LOCAL, 4922 bytes) taskResourceAssignments Map()
[2022-10-18T10:17:03.733+0000] {subprocess.py:93} INFO - 22/10/18 10:17:03 INFO Executor: Running task 0.0 in stage 1.0 (TID 4)
[2022-10-18T10:17:03.736+0000] {subprocess.py:93} INFO - 22/10/18 10:17:03 INFO Executor: Running task 1.0 in stage 1.0 (TID 5)
[2022-10-18T10:17:03.737+0000] {subprocess.py:93} INFO - 22/10/18 10:17:03 INFO Executor: Running task 2.0 in stage 1.0 (TID 6)
[2022-10-18T10:17:03.738+0000] {subprocess.py:93} INFO - 22/10/18 10:17:03 INFO Executor: Running task 3.0 in stage 1.0 (TID 7)
[2022-10-18T10:17:03.743+0000] {subprocess.py:93} INFO - 22/10/18 10:17:03 INFO FileScanRDD: Reading File path: file:///opt/***/files/metadata_Video_Games.json, range: 39335548-59003322, partition values: [empty row]
[2022-10-18T10:17:03.746+0000] {subprocess.py:93} INFO - 22/10/18 10:17:03 INFO FileScanRDD: Reading File path: file:///opt/***/files/metadata_Video_Games.json, range: 19667774-39335548, partition values: [empty row]
[2022-10-18T10:17:03.748+0000] {subprocess.py:93} INFO - 22/10/18 10:17:03 INFO FileScanRDD: Reading File path: file:///opt/***/files/metadata_Video_Games.json, range: 0-19667774, partition values: [empty row]
[2022-10-18T10:17:03.750+0000] {subprocess.py:93} INFO - 22/10/18 10:17:03 INFO FileScanRDD: Reading File path: file:///opt/***/files/metadata_Video_Games.json, range: 59003322-74476795, partition values: [empty row]
[2022-10-18T10:17:04.179+0000] {subprocess.py:93} INFO - 22/10/18 10:17:04 INFO BlockManagerInfo: Removed broadcast_1_piece0 on 22920f4e909f:44825 in memory (size: 7.0 KiB, free: 434.3 MiB)
[2022-10-18T10:17:07.106+0000] {subprocess.py:93} INFO - 22/10/18 10:17:07 INFO Executor: Finished task 3.0 in stage 1.0 (TID 7). 3252 bytes result sent to driver
[2022-10-18T10:17:07.154+0000] {subprocess.py:93} INFO - 22/10/18 10:17:07 INFO TaskSetManager: Finished task 3.0 in stage 1.0 (TID 7) in 3427 ms on 22920f4e909f (executor driver) (1/4)
[2022-10-18T10:17:07.837+0000] {subprocess.py:93} INFO - 22/10/18 10:17:07 INFO Executor: Finished task 1.0 in stage 1.0 (TID 5). 3302 bytes result sent to driver
[2022-10-18T10:17:07.846+0000] {subprocess.py:93} INFO - 22/10/18 10:17:07 INFO Executor: Finished task 0.0 in stage 1.0 (TID 4). 2903 bytes result sent to driver
[2022-10-18T10:17:07.851+0000] {subprocess.py:93} INFO - 22/10/18 10:17:07 INFO TaskSetManager: Finished task 1.0 in stage 1.0 (TID 5) in 4125 ms on 22920f4e909f (executor driver) (2/4)
[2022-10-18T10:17:07.856+0000] {subprocess.py:93} INFO - 22/10/18 10:17:07 INFO TaskSetManager: Finished task 0.0 in stage 1.0 (TID 4) in 4138 ms on 22920f4e909f (executor driver) (3/4)
[2022-10-18T10:17:07.897+0000] {subprocess.py:93} INFO - 22/10/18 10:17:07 INFO Executor: Finished task 2.0 in stage 1.0 (TID 6). 3183 bytes result sent to driver
[2022-10-18T10:17:07.903+0000] {subprocess.py:93} INFO - 22/10/18 10:17:07 INFO TaskSetManager: Finished task 2.0 in stage 1.0 (TID 6) in 4185 ms on 22920f4e909f (executor driver) (4/4)
[2022-10-18T10:17:07.909+0000] {subprocess.py:93} INFO - 22/10/18 10:17:07 INFO DAGScheduler: ResultStage 1 (json at NativeMethodAccessorImpl.java:0) finished in 4.277 s
[2022-10-18T10:17:07.911+0000] {subprocess.py:93} INFO - 22/10/18 10:17:07 INFO DAGScheduler: Job 1 is finished. Cancelling potential speculative or zombie tasks for this job
[2022-10-18T10:17:07.914+0000] {subprocess.py:93} INFO - 22/10/18 10:17:07 INFO TaskSchedulerImpl: Removed TaskSet 1.0, whose tasks have all completed, from pool
[2022-10-18T10:17:07.916+0000] {subprocess.py:93} INFO - 22/10/18 10:17:07 INFO TaskSchedulerImpl: Killing all running tasks in stage 1: Stage finished
[2022-10-18T10:17:07.923+0000] {subprocess.py:93} INFO - 22/10/18 10:17:07 INFO DAGScheduler: Job 1 finished: json at NativeMethodAccessorImpl.java:0, took 4.300376 s
[2022-10-18T10:17:09.385+0000] {subprocess.py:93} INFO - 22/10/18 10:17:09 INFO FileSourceStrategy: Pushed Filters: IsNotNull(asin)
[2022-10-18T10:17:09.419+0000] {subprocess.py:93} INFO - 22/10/18 10:17:09 INFO FileSourceStrategy: Post-Scan Filters: isnotnull(asin#8)
[2022-10-18T10:17:09.421+0000] {subprocess.py:93} INFO - 22/10/18 10:17:09 INFO FileSourceStrategy: Output Data Schema: struct<asin: string, overall: double, reviewText: string, reviewerName: string, summary: string ... 1 more field>
[2022-10-18T10:17:09.425+0000] {subprocess.py:93} INFO - 22/10/18 10:17:09 INFO FileSourceStrategy: Pushed Filters: IsNotNull(asin)
[2022-10-18T10:17:09.429+0000] {subprocess.py:93} INFO - 22/10/18 10:17:09 INFO FileSourceStrategy: Post-Scan Filters: isnotnull(asin#35)
[2022-10-18T10:17:09.430+0000] {subprocess.py:93} INFO - 22/10/18 10:17:09 INFO FileSourceStrategy: Output Data Schema: struct<asin: string, description: string, title: string ... 1 more fields>
[2022-10-18T10:17:10.002+0000] {subprocess.py:93} INFO - 22/10/18 10:17:09 INFO FileOutputCommitter: File Output Committer Algorithm version is 1
[2022-10-18T10:17:10.006+0000] {subprocess.py:93} INFO - 22/10/18 10:17:10 INFO FileOutputCommitter: FileOutputCommitter skip cleanup _temporary folders under output directory:false, ignore cleanup failures: false
[2022-10-18T10:17:10.012+0000] {subprocess.py:93} INFO - 22/10/18 10:17:10 INFO SQLHadoopMapReduceCommitProtocol: Using output committer class org.apache.hadoop.mapreduce.lib.output.FileOutputCommitter
[2022-10-18T10:17:11.054+0000] {subprocess.py:93} INFO - 22/10/18 10:17:11 INFO CodeGenerator: Code generated in 287.019334 ms
[2022-10-18T10:17:11.076+0000] {subprocess.py:93} INFO - 22/10/18 10:17:11 INFO MemoryStore: Block broadcast_4 stored as values in memory (estimated size 199.2 KiB, free 433.7 MiB)
[2022-10-18T10:17:11.106+0000] {subprocess.py:93} INFO - 22/10/18 10:17:11 INFO MemoryStore: Block broadcast_4_piece0 stored as bytes in memory (estimated size 33.9 KiB, free 433.7 MiB)
[2022-10-18T10:17:11.113+0000] {subprocess.py:93} INFO - 22/10/18 10:17:11 INFO BlockManagerInfo: Added broadcast_4_piece0 in memory on 22920f4e909f:44825 (size: 33.9 KiB, free: 434.3 MiB)
[2022-10-18T10:17:11.119+0000] {subprocess.py:93} INFO - 22/10/18 10:17:11 INFO SparkContext: Created broadcast 4 from save at NativeMethodAccessorImpl.java:0
[2022-10-18T10:17:11.136+0000] {subprocess.py:93} INFO - 22/10/18 10:17:11 INFO FileSourceScanExec: Planning scan with bin packing, max size: 25527129 bytes, open cost is considered as scanning 4194304 bytes.
[2022-10-18T10:17:11.453+0000] {subprocess.py:93} INFO - 22/10/18 10:17:11 INFO DAGScheduler: Registering RDD 11 (save at NativeMethodAccessorImpl.java:0) as input to shuffle 0
[2022-10-18T10:17:11.492+0000] {subprocess.py:93} INFO - 22/10/18 10:17:11 INFO DAGScheduler: Got map stage job 2 (save at NativeMethodAccessorImpl.java:0) with 4 output partitions
[2022-10-18T10:17:11.495+0000] {subprocess.py:93} INFO - 22/10/18 10:17:11 INFO DAGScheduler: Final stage: ShuffleMapStage 2 (save at NativeMethodAccessorImpl.java:0)
[2022-10-18T10:17:11.502+0000] {subprocess.py:93} INFO - 22/10/18 10:17:11 INFO DAGScheduler: Parents of final stage: List()
[2022-10-18T10:17:11.507+0000] {subprocess.py:93} INFO - 22/10/18 10:17:11 INFO DAGScheduler: Missing parents: List()
[2022-10-18T10:17:11.510+0000] {subprocess.py:93} INFO - 22/10/18 10:17:11 INFO DAGScheduler: Submitting ShuffleMapStage 2 (MapPartitionsRDD[11] at save at NativeMethodAccessorImpl.java:0), which has no missing parents
[2022-10-18T10:17:11.521+0000] {subprocess.py:93} INFO - 22/10/18 10:17:11 INFO CodeGenerator: Code generated in 55.92775 ms
[2022-10-18T10:17:11.536+0000] {subprocess.py:93} INFO - 22/10/18 10:17:11 INFO MemoryStore: Block broadcast_5 stored as values in memory (estimated size 199.2 KiB, free 433.5 MiB)
[2022-10-18T10:17:11.599+0000] {subprocess.py:93} INFO - 22/10/18 10:17:11 INFO MemoryStore: Block broadcast_5_piece0 stored as bytes in memory (estimated size 33.9 KiB, free 433.5 MiB)
[2022-10-18T10:17:11.602+0000] {subprocess.py:93} INFO - 22/10/18 10:17:11 INFO BlockManagerInfo: Added broadcast_5_piece0 in memory on 22920f4e909f:44825 (size: 33.9 KiB, free: 434.3 MiB)
[2022-10-18T10:17:11.607+0000] {subprocess.py:93} INFO - 22/10/18 10:17:11 INFO SparkContext: Created broadcast 5 from save at NativeMethodAccessorImpl.java:0
[2022-10-18T10:17:11.609+0000] {subprocess.py:93} INFO - 22/10/18 10:17:11 INFO FileSourceScanExec: Planning scan with bin packing, max size: 19667774 bytes, open cost is considered as scanning 4194304 bytes.
[2022-10-18T10:17:11.694+0000] {subprocess.py:93} INFO - 22/10/18 10:17:11 INFO MemoryStore: Block broadcast_6 stored as values in memory (estimated size 18.4 KiB, free 433.5 MiB)
[2022-10-18T10:17:12.300+0000] {subprocess.py:93} INFO - 22/10/18 10:17:11 INFO MemoryStore: Block broadcast_6_piece0 stored as bytes in memory (estimated size 8.8 KiB, free 433.4 MiB)
[2022-10-18T10:17:12.303+0000] {subprocess.py:93} INFO - 22/10/18 10:17:11 INFO BlockManagerInfo: Added broadcast_6_piece0 in memory on 22920f4e909f:44825 (size: 8.8 KiB, free: 434.3 MiB)
[2022-10-18T10:17:12.305+0000] {subprocess.py:93} INFO - 22/10/18 10:17:11 INFO SparkContext: Created broadcast 6 from broadcast at DAGScheduler.scala:1513
[2022-10-18T10:17:12.311+0000] {subprocess.py:93} INFO - 22/10/18 10:17:11 INFO DAGScheduler: Submitting 4 missing tasks from ShuffleMapStage 2 (MapPartitionsRDD[11] at save at NativeMethodAccessorImpl.java:0) (first 15 tasks are for partitions Vector(0, 1, 2, 3))
[2022-10-18T10:17:12.313+0000] {subprocess.py:93} INFO - 22/10/18 10:17:11 INFO TaskSchedulerImpl: Adding task set 2.0 with 4 tasks resource profile 0
[2022-10-18T10:17:12.321+0000] {subprocess.py:93} INFO - 22/10/18 10:17:11 INFO DAGScheduler: Registering RDD 15 (save at NativeMethodAccessorImpl.java:0) as input to shuffle 1
[2022-10-18T10:17:12.334+0000] {subprocess.py:93} INFO - 22/10/18 10:17:11 INFO DAGScheduler: Got map stage job 3 (save at NativeMethodAccessorImpl.java:0) with 4 output partitions
[2022-10-18T10:17:12.335+0000] {subprocess.py:93} INFO - 22/10/18 10:17:11 INFO DAGScheduler: Final stage: ShuffleMapStage 3 (save at NativeMethodAccessorImpl.java:0)
[2022-10-18T10:17:12.337+0000] {subprocess.py:93} INFO - 22/10/18 10:17:11 INFO DAGScheduler: Parents of final stage: List()
[2022-10-18T10:17:12.341+0000] {subprocess.py:93} INFO - 22/10/18 10:17:11 INFO DAGScheduler: Missing parents: List()
[2022-10-18T10:17:12.344+0000] {subprocess.py:93} INFO - 22/10/18 10:17:11 INFO TaskSetManager: Starting task 0.0 in stage 2.0 (TID 8) (22920f4e909f, executor driver, partition 0, PROCESS_LOCAL, 4910 bytes) taskResourceAssignments Map()
[2022-10-18T10:17:12.345+0000] {subprocess.py:93} INFO - 22/10/18 10:17:11 INFO TaskSetManager: Starting task 1.0 in stage 2.0 (TID 9) (22920f4e909f, executor driver, partition 1, PROCESS_LOCAL, 4910 bytes) taskResourceAssignments Map()
[2022-10-18T10:17:12.349+0000] {subprocess.py:93} INFO - 22/10/18 10:17:11 INFO TaskSetManager: Starting task 2.0 in stage 2.0 (TID 10) (22920f4e909f, executor driver, partition 2, PROCESS_LOCAL, 4910 bytes) taskResourceAssignments Map()
[2022-10-18T10:17:12.355+0000] {subprocess.py:93} INFO - 22/10/18 10:17:11 INFO TaskSetManager: Starting task 3.0 in stage 2.0 (TID 11) (22920f4e909f, executor driver, partition 3, PROCESS_LOCAL, 4910 bytes) taskResourceAssignments Map()
[2022-10-18T10:17:12.362+0000] {subprocess.py:93} INFO - 22/10/18 10:17:11 INFO DAGScheduler: Submitting ShuffleMapStage 3 (MapPartitionsRDD[15] at save at NativeMethodAccessorImpl.java:0), which has no missing parents
[2022-10-18T10:17:12.367+0000] {subprocess.py:93} INFO - 22/10/18 10:17:11 INFO Executor: Running task 2.0 in stage 2.0 (TID 10)
[2022-10-18T10:17:12.370+0000] {subprocess.py:93} INFO - 22/10/18 10:17:11 INFO Executor: Running task 3.0 in stage 2.0 (TID 11)
[2022-10-18T10:17:12.371+0000] {subprocess.py:93} INFO - 22/10/18 10:17:11 INFO Executor: Running task 0.0 in stage 2.0 (TID 8)
[2022-10-18T10:17:12.374+0000] {subprocess.py:93} INFO - 22/10/18 10:17:11 INFO Executor: Running task 1.0 in stage 2.0 (TID 9)
[2022-10-18T10:17:12.375+0000] {subprocess.py:93} INFO - 22/10/18 10:17:11 INFO MemoryStore: Block broadcast_7 stored as values in memory (estimated size 15.8 KiB, free 433.4 MiB)
[2022-10-18T10:17:12.377+0000] {subprocess.py:93} INFO - 22/10/18 10:17:11 INFO MemoryStore: Block broadcast_7_piece0 stored as bytes in memory (estimated size 7.9 KiB, free 433.4 MiB)
[2022-10-18T10:17:12.383+0000] {subprocess.py:93} INFO - 22/10/18 10:17:11 INFO BlockManagerInfo: Added broadcast_7_piece0 in memory on 22920f4e909f:44825 (size: 7.9 KiB, free: 434.2 MiB)
[2022-10-18T10:17:12.385+0000] {subprocess.py:93} INFO - 22/10/18 10:17:11 INFO SparkContext: Created broadcast 7 from broadcast at DAGScheduler.scala:1513
[2022-10-18T10:17:12.391+0000] {subprocess.py:93} INFO - 22/10/18 10:17:11 INFO DAGScheduler: Submitting 4 missing tasks from ShuffleMapStage 3 (MapPartitionsRDD[15] at save at NativeMethodAccessorImpl.java:0) (first 15 tasks are for partitions Vector(0, 1, 2, 3))
[2022-10-18T10:17:12.399+0000] {subprocess.py:93} INFO - 22/10/18 10:17:11 INFO BlockManagerInfo: Removed broadcast_2_piece0 on 22920f4e909f:44825 in memory (size: 34.0 KiB, free: 434.3 MiB)
[2022-10-18T10:17:12.401+0000] {subprocess.py:93} INFO - 22/10/18 10:17:11 INFO TaskSchedulerImpl: Adding task set 3.0 with 4 tasks resource profile 0
[2022-10-18T10:17:12.404+0000] {subprocess.py:93} INFO - 22/10/18 10:17:11 INFO BlockManagerInfo: Removed broadcast_3_piece0 on 22920f4e909f:44825 in memory (size: 7.0 KiB, free: 434.3 MiB)
[2022-10-18T10:17:12.408+0000] {subprocess.py:93} INFO - 22/10/18 10:17:12 INFO CodeGenerator: Code generated in 25.557333 ms
[2022-10-18T10:17:12.414+0000] {subprocess.py:93} INFO - 22/10/18 10:17:12 INFO FileScanRDD: Reading File path: file:///opt/***/files/product_Video_Games.json, range: 76581387-97914215, partition values: [empty row]
[2022-10-18T10:17:12.415+0000] {subprocess.py:93} INFO - 22/10/18 10:17:12 INFO FileScanRDD: Reading File path: file:///opt/***/files/product_Video_Games.json, range: 0-25527129, partition values: [empty row]
[2022-10-18T10:17:12.415+0000] {subprocess.py:93} INFO - 22/10/18 10:17:12 INFO FileScanRDD: Reading File path: file:///opt/***/files/product_Video_Games.json, range: 25527129-51054258, partition values: [empty row]
[2022-10-18T10:17:12.416+0000] {subprocess.py:93} INFO - 22/10/18 10:17:12 INFO FileScanRDD: Reading File path: file:///opt/***/files/product_Video_Games.json, range: 51054258-76581387, partition values: [empty row]
[2022-10-18T10:17:12.417+0000] {subprocess.py:93} INFO - 22/10/18 10:17:12 INFO CodeGenerator: Code generated in 65.305375 ms
[2022-10-18T10:17:12.469+0000] {subprocess.py:93} INFO - 22/10/18 10:17:12 INFO CodeGenerator: Code generated in 7.299375 ms
[2022-10-18T10:17:23.488+0000] {subprocess.py:93} INFO - 22/10/18 10:17:23 INFO Executor: Finished task 3.0 in stage 2.0 (TID 11). 2127 bytes result sent to driver
[2022-10-18T10:17:23.526+0000] {subprocess.py:93} INFO - 22/10/18 10:17:23 INFO Executor: Finished task 1.0 in stage 2.0 (TID 9). 2127 bytes result sent to driver
[2022-10-18T10:17:23.528+0000] {subprocess.py:93} INFO - 22/10/18 10:17:23 INFO Executor: Finished task 0.0 in stage 2.0 (TID 8). 2127 bytes result sent to driver
[2022-10-18T10:17:23.532+0000] {subprocess.py:93} INFO - 22/10/18 10:17:23 INFO Executor: Finished task 2.0 in stage 2.0 (TID 10). 2127 bytes result sent to driver
[2022-10-18T10:17:23.566+0000] {subprocess.py:93} INFO - 22/10/18 10:17:23 INFO TaskSetManager: Starting task 0.0 in stage 3.0 (TID 12) (22920f4e909f, executor driver, partition 0, PROCESS_LOCAL, 4911 bytes) taskResourceAssignments Map()
[2022-10-18T10:17:23.592+0000] {subprocess.py:93} INFO - 22/10/18 10:17:23 INFO Executor: Running task 0.0 in stage 3.0 (TID 12)
[2022-10-18T10:17:23.632+0000] {subprocess.py:93} INFO - 22/10/18 10:17:23 INFO TaskSetManager: Starting task 1.0 in stage 3.0 (TID 13) (22920f4e909f, executor driver, partition 1, PROCESS_LOCAL, 4911 bytes) taskResourceAssignments Map()
[2022-10-18T10:17:23.664+0000] {subprocess.py:93} INFO - 22/10/18 10:17:23 INFO Executor: Running task 1.0 in stage 3.0 (TID 13)
[2022-10-18T10:17:23.677+0000] {subprocess.py:93} INFO - 22/10/18 10:17:23 INFO TaskSetManager: Finished task 0.0 in stage 2.0 (TID 8) in 11871 ms on 22920f4e909f (executor driver) (1/4)
[2022-10-18T10:17:23.695+0000] {subprocess.py:93} INFO - 22/10/18 10:17:23 INFO TaskSetManager: Finished task 1.0 in stage 2.0 (TID 9) in 11899 ms on 22920f4e909f (executor driver) (2/4)
[2022-10-18T10:17:23.701+0000] {subprocess.py:93} INFO - 22/10/18 10:17:23 INFO TaskSetManager: Starting task 2.0 in stage 3.0 (TID 14) (22920f4e909f, executor driver, partition 2, PROCESS_LOCAL, 4911 bytes) taskResourceAssignments Map()
[2022-10-18T10:17:23.706+0000] {subprocess.py:93} INFO - 22/10/18 10:17:23 INFO TaskSetManager: Finished task 2.0 in stage 2.0 (TID 10) in 11914 ms on 22920f4e909f (executor driver) (3/4)
[2022-10-18T10:17:23.715+0000] {subprocess.py:93} INFO - 22/10/18 10:17:23 INFO Executor: Running task 2.0 in stage 3.0 (TID 14)
[2022-10-18T10:17:23.725+0000] {subprocess.py:93} INFO - 22/10/18 10:17:23 INFO TaskSetManager: Starting task 3.0 in stage 3.0 (TID 15) (22920f4e909f, executor driver, partition 3, PROCESS_LOCAL, 4911 bytes) taskResourceAssignments Map()
[2022-10-18T10:17:23.727+0000] {subprocess.py:93} INFO - 22/10/18 10:17:23 INFO TaskSetManager: Finished task 3.0 in stage 2.0 (TID 11) in 11932 ms on 22920f4e909f (executor driver) (4/4)
[2022-10-18T10:17:23.729+0000] {subprocess.py:93} INFO - 22/10/18 10:17:23 INFO TaskSchedulerImpl: Removed TaskSet 2.0, whose tasks have all completed, from pool
[2022-10-18T10:17:23.739+0000] {subprocess.py:93} INFO - 22/10/18 10:17:23 INFO Executor: Running task 3.0 in stage 3.0 (TID 15)
[2022-10-18T10:17:23.742+0000] {subprocess.py:93} INFO - 22/10/18 10:17:23 INFO DAGScheduler: ShuffleMapStage 2 (save at NativeMethodAccessorImpl.java:0) finished in 12.208 s
[2022-10-18T10:17:23.747+0000] {subprocess.py:93} INFO - 22/10/18 10:17:23 INFO DAGScheduler: looking for newly runnable stages
[2022-10-18T10:17:23.753+0000] {subprocess.py:93} INFO - 22/10/18 10:17:23 INFO DAGScheduler: running: Set(ShuffleMapStage 3)
[2022-10-18T10:17:23.765+0000] {subprocess.py:93} INFO - 22/10/18 10:17:23 INFO DAGScheduler: waiting: Set()
[2022-10-18T10:17:23.775+0000] {subprocess.py:93} INFO - 22/10/18 10:17:23 INFO DAGScheduler: failed: Set()
[2022-10-18T10:17:24.177+0000] {subprocess.py:93} INFO - 22/10/18 10:17:24 INFO CodeGenerator: Code generated in 177.21925 ms
[2022-10-18T10:17:24.197+0000] {subprocess.py:93} INFO - 22/10/18 10:17:24 INFO FileScanRDD: Reading File path: file:///opt/***/files/metadata_Video_Games.json, range: 39335548-59003322, partition values: [empty row]
[2022-10-18T10:17:24.198+0000] {subprocess.py:93} INFO - 22/10/18 10:17:24 INFO FileScanRDD: Reading File path: file:///opt/***/files/metadata_Video_Games.json, range: 0-19667774, partition values: [empty row]
[2022-10-18T10:17:24.199+0000] {subprocess.py:93} INFO - 22/10/18 10:17:24 INFO FileScanRDD: Reading File path: file:///opt/***/files/metadata_Video_Games.json, range: 59003322-74476795, partition values: [empty row]
[2022-10-18T10:17:24.207+0000] {subprocess.py:93} INFO - 22/10/18 10:17:24 INFO FileScanRDD: Reading File path: file:///opt/***/files/metadata_Video_Games.json, range: 19667774-39335548, partition values: [empty row]
[2022-10-18T10:17:24.221+0000] {subprocess.py:93} INFO - 22/10/18 10:17:24 INFO CodeGenerator: Code generated in 24.245709 ms
[2022-10-18T10:17:33.409+0000] {subprocess.py:93} INFO - 22/10/18 10:17:33 INFO Executor: Finished task 3.0 in stage 3.0 (TID 15). 2127 bytes result sent to driver
[2022-10-18T10:17:33.445+0000] {subprocess.py:93} INFO - 22/10/18 10:17:33 INFO TaskSetManager: Finished task 3.0 in stage 3.0 (TID 15) in 9704 ms on 22920f4e909f (executor driver) (1/4)
[2022-10-18T10:17:33.559+0000] {subprocess.py:93} INFO - 22/10/18 10:17:33 INFO Executor: Finished task 1.0 in stage 3.0 (TID 13). 2084 bytes result sent to driver
[2022-10-18T10:17:33.568+0000] {subprocess.py:93} INFO - 22/10/18 10:17:33 INFO Executor: Finished task 2.0 in stage 3.0 (TID 14). 2084 bytes result sent to driver
[2022-10-18T10:17:33.578+0000] {subprocess.py:93} INFO - 22/10/18 10:17:33 INFO TaskSetManager: Finished task 1.0 in stage 3.0 (TID 13) in 9932 ms on 22920f4e909f (executor driver) (2/4)
[2022-10-18T10:17:33.584+0000] {subprocess.py:93} INFO - 22/10/18 10:17:33 INFO Executor: Finished task 0.0 in stage 3.0 (TID 12). 2084 bytes result sent to driver
[2022-10-18T10:17:33.599+0000] {subprocess.py:93} INFO - 22/10/18 10:17:33 INFO TaskSetManager: Finished task 2.0 in stage 3.0 (TID 14) in 9891 ms on 22920f4e909f (executor driver) (3/4)
[2022-10-18T10:17:33.614+0000] {subprocess.py:93} INFO - 22/10/18 10:17:33 INFO TaskSetManager: Finished task 0.0 in stage 3.0 (TID 12) in 10053 ms on 22920f4e909f (executor driver) (4/4)
[2022-10-18T10:17:33.624+0000] {subprocess.py:93} INFO - 22/10/18 10:17:33 INFO DAGScheduler: ShuffleMapStage 3 (save at NativeMethodAccessorImpl.java:0) finished in 21.822 s
[2022-10-18T10:17:33.629+0000] {subprocess.py:93} INFO - 22/10/18 10:17:33 INFO DAGScheduler: looking for newly runnable stages
[2022-10-18T10:17:33.632+0000] {subprocess.py:93} INFO - 22/10/18 10:17:33 INFO DAGScheduler: running: Set()
[2022-10-18T10:17:33.633+0000] {subprocess.py:93} INFO - 22/10/18 10:17:33 INFO DAGScheduler: waiting: Set()
[2022-10-18T10:17:33.637+0000] {subprocess.py:93} INFO - 22/10/18 10:17:33 INFO DAGScheduler: failed: Set()
[2022-10-18T10:17:33.640+0000] {subprocess.py:93} INFO - 22/10/18 10:17:33 INFO TaskSchedulerImpl: Removed TaskSet 3.0, whose tasks have all completed, from pool
[2022-10-18T10:17:33.972+0000] {subprocess.py:93} INFO - 22/10/18 10:17:33 INFO ShufflePartitionsUtil: For shuffle(0, 1), advisory target size: 67108864, actual target size 21518261, minimum partition size: 1048576
[2022-10-18T10:17:34.424+0000] {subprocess.py:93} INFO - 22/10/18 10:17:34 INFO HashAggregateExec: spark.sql.codegen.aggregate.map.twolevel.enabled is set to true, but current version of codegened fast hashmap does not support this aggregate.
[2022-10-18T10:17:36.135+0000] {subprocess.py:93} INFO - 22/10/18 10:17:36 INFO CodeGenerator: Code generated in 1363.502459 ms
[2022-10-18T10:17:36.406+0000] {subprocess.py:93} INFO - 22/10/18 10:17:36 INFO CodeGenerator: Code generated in 156.982541 ms
[2022-10-18T10:17:53.717+0000] {subprocess.py:97} INFO - Command exited with return code -9
[2022-10-18T10:17:54.123+0000] {taskinstance.py:1851} ERROR - Task failed with exception
Traceback (most recent call last):
  File "/home/airflow/.local/lib/python3.7/site-packages/airflow/operators/bash.py", line 197, in execute
    f'Bash command failed. The command returned a non-zero exit code {result.exit_code}.'
airflow.exceptions.AirflowException: Bash command failed. The command returned a non-zero exit code -9.
[2022-10-18T10:17:54.187+0000] {taskinstance.py:1406} INFO - Marking task as FAILED. dag_id=spark-configer, task_id=task_2, execution_date=20221018T101631, start_date=20221018T101639, end_date=20221018T101754
[2022-10-18T10:17:54.373+0000] {standard_task_runner.py:107} ERROR - Failed to execute job 90 for task task_2 (Bash command failed. The command returned a non-zero exit code -9.; 1382)
[2022-10-18T10:17:54.906+0000] {local_task_job.py:164} INFO - Task exited with return code 1
[2022-10-18T10:17:55.049+0000] {local_task_job.py:273} INFO - 0 downstream tasks scheduled from follow-on schedule check
