[2022-10-19T15:35:36.049+0000] {processor.py:156} INFO - Started process (PID=161) to work on /home/airflow/.local/lib/python3.7/site-packages/airflow/example_dags/example_latest_only_with_trigger.py
[2022-10-19T15:35:36.067+0000] {processor.py:758} INFO - Processing file /home/airflow/.local/lib/python3.7/site-packages/airflow/example_dags/example_latest_only_with_trigger.py for tasks to queue
[2022-10-19T15:35:36.083+0000] {logging_mixin.py:117} INFO - [2022-10-19T15:35:36.082+0000] {dagbag.py:525} INFO - Filling up the DagBag from /home/airflow/.local/lib/python3.7/site-packages/airflow/example_dags/example_latest_only_with_trigger.py
[2022-10-19T15:35:36.284+0000] {processor.py:768} INFO - DAG(s) dict_keys(['latest_only_with_trigger']) retrieved from /home/airflow/.local/lib/python3.7/site-packages/airflow/example_dags/example_latest_only_with_trigger.py
[2022-10-19T15:35:37.326+0000] {logging_mixin.py:117} INFO - [2022-10-19T15:35:37.326+0000] {dag.py:2573} INFO - Sync 1 DAGs
[2022-10-19T15:35:41.465+0000] {logging_mixin.py:117} INFO - [2022-10-19T15:35:41.454+0000] {dag.py:3328} INFO - Setting next_dagrun for latest_only_with_trigger to 2022-10-19T11:35:41.451823+00:00, run_after=2022-10-19T15:35:41.451823+00:00
[2022-10-19T15:35:41.825+0000] {processor.py:178} INFO - Processing /home/airflow/.local/lib/python3.7/site-packages/airflow/example_dags/example_latest_only_with_trigger.py took 5.870 seconds
[2022-10-19T15:36:57.063+0000] {processor.py:156} INFO - Started process (PID=235) to work on /home/airflow/.local/lib/python3.7/site-packages/airflow/example_dags/example_latest_only_with_trigger.py
[2022-10-19T15:36:57.067+0000] {processor.py:758} INFO - Processing file /home/airflow/.local/lib/python3.7/site-packages/airflow/example_dags/example_latest_only_with_trigger.py for tasks to queue
[2022-10-19T15:36:57.069+0000] {logging_mixin.py:117} INFO - [2022-10-19T15:36:57.068+0000] {dagbag.py:525} INFO - Filling up the DagBag from /home/airflow/.local/lib/python3.7/site-packages/airflow/example_dags/example_latest_only_with_trigger.py
[2022-10-19T15:36:57.103+0000] {processor.py:768} INFO - DAG(s) dict_keys(['latest_only_with_trigger']) retrieved from /home/airflow/.local/lib/python3.7/site-packages/airflow/example_dags/example_latest_only_with_trigger.py
[2022-10-19T15:36:57.235+0000] {logging_mixin.py:117} INFO - [2022-10-19T15:36:57.233+0000] {dag.py:2573} INFO - Sync 1 DAGs
[2022-10-19T15:36:57.294+0000] {logging_mixin.py:117} INFO - [2022-10-19T15:36:57.293+0000] {dag.py:3328} INFO - Setting next_dagrun for latest_only_with_trigger to 2022-10-19T11:36:57.292552+00:00, run_after=2022-10-19T15:36:57.292552+00:00
[2022-10-19T15:36:57.326+0000] {processor.py:178} INFO - Processing /home/airflow/.local/lib/python3.7/site-packages/airflow/example_dags/example_latest_only_with_trigger.py took 0.272 seconds
[2022-10-19T15:37:28.371+0000] {processor.py:156} INFO - Started process (PID=291) to work on /home/airflow/.local/lib/python3.7/site-packages/airflow/example_dags/example_latest_only_with_trigger.py
[2022-10-19T15:37:28.376+0000] {processor.py:758} INFO - Processing file /home/airflow/.local/lib/python3.7/site-packages/airflow/example_dags/example_latest_only_with_trigger.py for tasks to queue
[2022-10-19T15:37:28.379+0000] {logging_mixin.py:117} INFO - [2022-10-19T15:37:28.379+0000] {dagbag.py:525} INFO - Filling up the DagBag from /home/airflow/.local/lib/python3.7/site-packages/airflow/example_dags/example_latest_only_with_trigger.py
[2022-10-19T15:37:28.434+0000] {processor.py:768} INFO - DAG(s) dict_keys(['latest_only_with_trigger']) retrieved from /home/airflow/.local/lib/python3.7/site-packages/airflow/example_dags/example_latest_only_with_trigger.py
[2022-10-19T15:37:28.501+0000] {logging_mixin.py:117} INFO - [2022-10-19T15:37:28.501+0000] {dag.py:2573} INFO - Sync 1 DAGs
[2022-10-19T15:37:28.524+0000] {logging_mixin.py:117} INFO - [2022-10-19T15:37:28.524+0000] {dag.py:3328} INFO - Setting next_dagrun for latest_only_with_trigger to 2022-10-19T11:37:28.524440+00:00, run_after=2022-10-19T15:37:28.524440+00:00
[2022-10-19T15:37:28.551+0000] {processor.py:178} INFO - Processing /home/airflow/.local/lib/python3.7/site-packages/airflow/example_dags/example_latest_only_with_trigger.py took 0.183 seconds
[2022-10-19T15:37:59.901+0000] {processor.py:156} INFO - Started process (PID=355) to work on /home/airflow/.local/lib/python3.7/site-packages/airflow/example_dags/example_latest_only_with_trigger.py
[2022-10-19T15:37:59.903+0000] {processor.py:758} INFO - Processing file /home/airflow/.local/lib/python3.7/site-packages/airflow/example_dags/example_latest_only_with_trigger.py for tasks to queue
[2022-10-19T15:37:59.904+0000] {logging_mixin.py:117} INFO - [2022-10-19T15:37:59.904+0000] {dagbag.py:525} INFO - Filling up the DagBag from /home/airflow/.local/lib/python3.7/site-packages/airflow/example_dags/example_latest_only_with_trigger.py
[2022-10-19T15:37:59.921+0000] {processor.py:768} INFO - DAG(s) dict_keys(['latest_only_with_trigger']) retrieved from /home/airflow/.local/lib/python3.7/site-packages/airflow/example_dags/example_latest_only_with_trigger.py
[2022-10-19T15:37:59.995+0000] {logging_mixin.py:117} INFO - [2022-10-19T15:37:59.994+0000] {dag.py:2573} INFO - Sync 1 DAGs
[2022-10-19T15:38:00.016+0000] {logging_mixin.py:117} INFO - [2022-10-19T15:38:00.016+0000] {dag.py:3328} INFO - Setting next_dagrun for latest_only_with_trigger to 2022-10-19T11:38:00.015641+00:00, run_after=2022-10-19T15:38:00.015641+00:00
[2022-10-19T15:38:00.038+0000] {processor.py:178} INFO - Processing /home/airflow/.local/lib/python3.7/site-packages/airflow/example_dags/example_latest_only_with_trigger.py took 0.140 seconds
[2022-10-19T15:38:30.348+0000] {processor.py:156} INFO - Started process (PID=411) to work on /home/airflow/.local/lib/python3.7/site-packages/airflow/example_dags/example_latest_only_with_trigger.py
[2022-10-19T15:38:30.353+0000] {processor.py:758} INFO - Processing file /home/airflow/.local/lib/python3.7/site-packages/airflow/example_dags/example_latest_only_with_trigger.py for tasks to queue
[2022-10-19T15:38:30.360+0000] {logging_mixin.py:117} INFO - [2022-10-19T15:38:30.360+0000] {dagbag.py:525} INFO - Filling up the DagBag from /home/airflow/.local/lib/python3.7/site-packages/airflow/example_dags/example_latest_only_with_trigger.py
[2022-10-19T15:38:30.378+0000] {processor.py:768} INFO - DAG(s) dict_keys(['latest_only_with_trigger']) retrieved from /home/airflow/.local/lib/python3.7/site-packages/airflow/example_dags/example_latest_only_with_trigger.py
[2022-10-19T15:38:30.433+0000] {logging_mixin.py:117} INFO - [2022-10-19T15:38:30.433+0000] {dag.py:2573} INFO - Sync 1 DAGs
[2022-10-19T15:38:30.475+0000] {logging_mixin.py:117} INFO - [2022-10-19T15:38:30.475+0000] {dag.py:3328} INFO - Setting next_dagrun for latest_only_with_trigger to 2022-10-19T11:38:30.474700+00:00, run_after=2022-10-19T15:38:30.474700+00:00
[2022-10-19T15:38:30.516+0000] {processor.py:178} INFO - Processing /home/airflow/.local/lib/python3.7/site-packages/airflow/example_dags/example_latest_only_with_trigger.py took 0.175 seconds
[2022-10-19T15:39:02.576+0000] {processor.py:156} INFO - Started process (PID=475) to work on /home/airflow/.local/lib/python3.7/site-packages/airflow/example_dags/example_latest_only_with_trigger.py
[2022-10-19T15:39:02.579+0000] {processor.py:758} INFO - Processing file /home/airflow/.local/lib/python3.7/site-packages/airflow/example_dags/example_latest_only_with_trigger.py for tasks to queue
[2022-10-19T15:39:02.581+0000] {logging_mixin.py:117} INFO - [2022-10-19T15:39:02.581+0000] {dagbag.py:525} INFO - Filling up the DagBag from /home/airflow/.local/lib/python3.7/site-packages/airflow/example_dags/example_latest_only_with_trigger.py
[2022-10-19T15:39:02.598+0000] {processor.py:768} INFO - DAG(s) dict_keys(['latest_only_with_trigger']) retrieved from /home/airflow/.local/lib/python3.7/site-packages/airflow/example_dags/example_latest_only_with_trigger.py
[2022-10-19T15:39:02.636+0000] {logging_mixin.py:117} INFO - [2022-10-19T15:39:02.635+0000] {dag.py:2573} INFO - Sync 1 DAGs
[2022-10-19T15:39:02.671+0000] {logging_mixin.py:117} INFO - [2022-10-19T15:39:02.671+0000] {dag.py:3328} INFO - Setting next_dagrun for latest_only_with_trigger to 2022-10-19T11:39:02.671479+00:00, run_after=2022-10-19T15:39:02.671479+00:00
[2022-10-19T15:39:02.699+0000] {processor.py:178} INFO - Processing /home/airflow/.local/lib/python3.7/site-packages/airflow/example_dags/example_latest_only_with_trigger.py took 0.136 seconds
[2022-10-19T15:39:54.721+0000] {processor.py:156} INFO - Started process (PID=541) to work on /home/airflow/.local/lib/python3.7/site-packages/airflow/example_dags/example_latest_only_with_trigger.py
[2022-10-19T15:39:54.740+0000] {processor.py:758} INFO - Processing file /home/airflow/.local/lib/python3.7/site-packages/airflow/example_dags/example_latest_only_with_trigger.py for tasks to queue
[2022-10-19T15:39:54.747+0000] {logging_mixin.py:117} INFO - [2022-10-19T15:39:54.746+0000] {dagbag.py:525} INFO - Filling up the DagBag from /home/airflow/.local/lib/python3.7/site-packages/airflow/example_dags/example_latest_only_with_trigger.py
[2022-10-19T15:39:54.796+0000] {processor.py:768} INFO - DAG(s) dict_keys(['latest_only_with_trigger']) retrieved from /home/airflow/.local/lib/python3.7/site-packages/airflow/example_dags/example_latest_only_with_trigger.py
[2022-10-19T15:39:54.888+0000] {logging_mixin.py:117} INFO - [2022-10-19T15:39:54.887+0000] {dag.py:2573} INFO - Sync 1 DAGs
[2022-10-19T15:39:54.981+0000] {logging_mixin.py:117} INFO - [2022-10-19T15:39:54.981+0000] {dag.py:3328} INFO - Setting next_dagrun for latest_only_with_trigger to 2022-10-19T11:39:54.980864+00:00, run_after=2022-10-19T15:39:54.980864+00:00
[2022-10-19T15:39:55.038+0000] {processor.py:178} INFO - Processing /home/airflow/.local/lib/python3.7/site-packages/airflow/example_dags/example_latest_only_with_trigger.py took 0.323 seconds
[2022-10-19T15:40:25.996+0000] {processor.py:156} INFO - Started process (PID=597) to work on /home/airflow/.local/lib/python3.7/site-packages/airflow/example_dags/example_latest_only_with_trigger.py
[2022-10-19T15:40:26.003+0000] {processor.py:758} INFO - Processing file /home/airflow/.local/lib/python3.7/site-packages/airflow/example_dags/example_latest_only_with_trigger.py for tasks to queue
[2022-10-19T15:40:26.006+0000] {logging_mixin.py:117} INFO - [2022-10-19T15:40:26.005+0000] {dagbag.py:525} INFO - Filling up the DagBag from /home/airflow/.local/lib/python3.7/site-packages/airflow/example_dags/example_latest_only_with_trigger.py
[2022-10-19T15:40:26.033+0000] {processor.py:768} INFO - DAG(s) dict_keys(['latest_only_with_trigger']) retrieved from /home/airflow/.local/lib/python3.7/site-packages/airflow/example_dags/example_latest_only_with_trigger.py
[2022-10-19T15:40:26.108+0000] {logging_mixin.py:117} INFO - [2022-10-19T15:40:26.108+0000] {dag.py:2573} INFO - Sync 1 DAGs
[2022-10-19T15:40:26.133+0000] {logging_mixin.py:117} INFO - [2022-10-19T15:40:26.133+0000] {dag.py:3328} INFO - Setting next_dagrun for latest_only_with_trigger to 2022-10-19T11:40:26.133197+00:00, run_after=2022-10-19T15:40:26.133197+00:00
[2022-10-19T15:40:26.153+0000] {processor.py:178} INFO - Processing /home/airflow/.local/lib/python3.7/site-packages/airflow/example_dags/example_latest_only_with_trigger.py took 0.165 seconds
[2022-10-19T15:40:56.836+0000] {processor.py:156} INFO - Started process (PID=662) to work on /home/airflow/.local/lib/python3.7/site-packages/airflow/example_dags/example_latest_only_with_trigger.py
[2022-10-19T15:40:56.841+0000] {processor.py:758} INFO - Processing file /home/airflow/.local/lib/python3.7/site-packages/airflow/example_dags/example_latest_only_with_trigger.py for tasks to queue
[2022-10-19T15:40:56.844+0000] {logging_mixin.py:117} INFO - [2022-10-19T15:40:56.844+0000] {dagbag.py:525} INFO - Filling up the DagBag from /home/airflow/.local/lib/python3.7/site-packages/airflow/example_dags/example_latest_only_with_trigger.py
[2022-10-19T15:40:56.909+0000] {processor.py:768} INFO - DAG(s) dict_keys(['latest_only_with_trigger']) retrieved from /home/airflow/.local/lib/python3.7/site-packages/airflow/example_dags/example_latest_only_with_trigger.py
[2022-10-19T15:40:57.045+0000] {logging_mixin.py:117} INFO - [2022-10-19T15:40:57.045+0000] {dag.py:2573} INFO - Sync 1 DAGs
[2022-10-19T15:40:57.090+0000] {logging_mixin.py:117} INFO - [2022-10-19T15:40:57.090+0000] {dag.py:3328} INFO - Setting next_dagrun for latest_only_with_trigger to 2022-10-19T11:40:57.089694+00:00, run_after=2022-10-19T15:40:57.089694+00:00
[2022-10-19T15:40:57.170+0000] {processor.py:178} INFO - Processing /home/airflow/.local/lib/python3.7/site-packages/airflow/example_dags/example_latest_only_with_trigger.py took 0.347 seconds
[2022-10-19T15:41:27.698+0000] {processor.py:156} INFO - Started process (PID=728) to work on /home/airflow/.local/lib/python3.7/site-packages/airflow/example_dags/example_latest_only_with_trigger.py
[2022-10-19T15:41:27.701+0000] {processor.py:758} INFO - Processing file /home/airflow/.local/lib/python3.7/site-packages/airflow/example_dags/example_latest_only_with_trigger.py for tasks to queue
[2022-10-19T15:41:27.704+0000] {logging_mixin.py:117} INFO - [2022-10-19T15:41:27.704+0000] {dagbag.py:525} INFO - Filling up the DagBag from /home/airflow/.local/lib/python3.7/site-packages/airflow/example_dags/example_latest_only_with_trigger.py
[2022-10-19T15:41:27.732+0000] {processor.py:768} INFO - DAG(s) dict_keys(['latest_only_with_trigger']) retrieved from /home/airflow/.local/lib/python3.7/site-packages/airflow/example_dags/example_latest_only_with_trigger.py
[2022-10-19T15:41:27.796+0000] {logging_mixin.py:117} INFO - [2022-10-19T15:41:27.796+0000] {dag.py:2573} INFO - Sync 1 DAGs
[2022-10-19T15:41:27.824+0000] {logging_mixin.py:117} INFO - [2022-10-19T15:41:27.824+0000] {dag.py:3328} INFO - Setting next_dagrun for latest_only_with_trigger to 2022-10-19T11:41:27.824317+00:00, run_after=2022-10-19T15:41:27.824317+00:00
[2022-10-19T15:41:27.840+0000] {processor.py:178} INFO - Processing /home/airflow/.local/lib/python3.7/site-packages/airflow/example_dags/example_latest_only_with_trigger.py took 0.151 seconds
[2022-10-19T15:41:58.420+0000] {processor.py:156} INFO - Started process (PID=793) to work on /home/airflow/.local/lib/python3.7/site-packages/airflow/example_dags/example_latest_only_with_trigger.py
[2022-10-19T15:41:58.421+0000] {processor.py:758} INFO - Processing file /home/airflow/.local/lib/python3.7/site-packages/airflow/example_dags/example_latest_only_with_trigger.py for tasks to queue
[2022-10-19T15:41:58.423+0000] {logging_mixin.py:117} INFO - [2022-10-19T15:41:58.423+0000] {dagbag.py:525} INFO - Filling up the DagBag from /home/airflow/.local/lib/python3.7/site-packages/airflow/example_dags/example_latest_only_with_trigger.py
[2022-10-19T15:41:58.446+0000] {processor.py:768} INFO - DAG(s) dict_keys(['latest_only_with_trigger']) retrieved from /home/airflow/.local/lib/python3.7/site-packages/airflow/example_dags/example_latest_only_with_trigger.py
[2022-10-19T15:41:58.487+0000] {logging_mixin.py:117} INFO - [2022-10-19T15:41:58.487+0000] {dag.py:2573} INFO - Sync 1 DAGs
[2022-10-19T15:41:58.508+0000] {logging_mixin.py:117} INFO - [2022-10-19T15:41:58.508+0000] {dag.py:3328} INFO - Setting next_dagrun for latest_only_with_trigger to 2022-10-19T11:41:58.508366+00:00, run_after=2022-10-19T15:41:58.508366+00:00
[2022-10-19T15:41:58.523+0000] {processor.py:178} INFO - Processing /home/airflow/.local/lib/python3.7/site-packages/airflow/example_dags/example_latest_only_with_trigger.py took 0.107 seconds
[2022-10-19T15:42:28.857+0000] {processor.py:156} INFO - Started process (PID=849) to work on /home/airflow/.local/lib/python3.7/site-packages/airflow/example_dags/example_latest_only_with_trigger.py
[2022-10-19T15:42:28.860+0000] {processor.py:758} INFO - Processing file /home/airflow/.local/lib/python3.7/site-packages/airflow/example_dags/example_latest_only_with_trigger.py for tasks to queue
[2022-10-19T15:42:28.863+0000] {logging_mixin.py:117} INFO - [2022-10-19T15:42:28.862+0000] {dagbag.py:525} INFO - Filling up the DagBag from /home/airflow/.local/lib/python3.7/site-packages/airflow/example_dags/example_latest_only_with_trigger.py
[2022-10-19T15:42:28.888+0000] {processor.py:768} INFO - DAG(s) dict_keys(['latest_only_with_trigger']) retrieved from /home/airflow/.local/lib/python3.7/site-packages/airflow/example_dags/example_latest_only_with_trigger.py
[2022-10-19T15:42:28.927+0000] {logging_mixin.py:117} INFO - [2022-10-19T15:42:28.927+0000] {dag.py:2573} INFO - Sync 1 DAGs
[2022-10-19T15:42:28.944+0000] {logging_mixin.py:117} INFO - [2022-10-19T15:42:28.943+0000] {dag.py:3328} INFO - Setting next_dagrun for latest_only_with_trigger to 2022-10-19T11:42:28.943812+00:00, run_after=2022-10-19T15:42:28.943812+00:00
[2022-10-19T15:42:28.956+0000] {processor.py:178} INFO - Processing /home/airflow/.local/lib/python3.7/site-packages/airflow/example_dags/example_latest_only_with_trigger.py took 0.107 seconds
[2022-10-19T15:42:59.139+0000] {processor.py:156} INFO - Started process (PID=915) to work on /home/airflow/.local/lib/python3.7/site-packages/airflow/example_dags/example_latest_only_with_trigger.py
[2022-10-19T15:42:59.144+0000] {processor.py:758} INFO - Processing file /home/airflow/.local/lib/python3.7/site-packages/airflow/example_dags/example_latest_only_with_trigger.py for tasks to queue
[2022-10-19T15:42:59.148+0000] {logging_mixin.py:117} INFO - [2022-10-19T15:42:59.148+0000] {dagbag.py:525} INFO - Filling up the DagBag from /home/airflow/.local/lib/python3.7/site-packages/airflow/example_dags/example_latest_only_with_trigger.py
[2022-10-19T15:42:59.161+0000] {processor.py:768} INFO - DAG(s) dict_keys(['latest_only_with_trigger']) retrieved from /home/airflow/.local/lib/python3.7/site-packages/airflow/example_dags/example_latest_only_with_trigger.py
[2022-10-19T15:42:59.209+0000] {logging_mixin.py:117} INFO - [2022-10-19T15:42:59.208+0000] {dag.py:2573} INFO - Sync 1 DAGs
[2022-10-19T15:42:59.294+0000] {logging_mixin.py:117} INFO - [2022-10-19T15:42:59.294+0000] {dag.py:3328} INFO - Setting next_dagrun for latest_only_with_trigger to 2022-10-19T11:42:59.293701+00:00, run_after=2022-10-19T15:42:59.293701+00:00
[2022-10-19T15:42:59.327+0000] {processor.py:178} INFO - Processing /home/airflow/.local/lib/python3.7/site-packages/airflow/example_dags/example_latest_only_with_trigger.py took 0.194 seconds
[2022-10-19T15:43:29.540+0000] {processor.py:156} INFO - Started process (PID=980) to work on /home/airflow/.local/lib/python3.7/site-packages/airflow/example_dags/example_latest_only_with_trigger.py
[2022-10-19T15:43:29.542+0000] {processor.py:758} INFO - Processing file /home/airflow/.local/lib/python3.7/site-packages/airflow/example_dags/example_latest_only_with_trigger.py for tasks to queue
[2022-10-19T15:43:29.543+0000] {logging_mixin.py:117} INFO - [2022-10-19T15:43:29.543+0000] {dagbag.py:525} INFO - Filling up the DagBag from /home/airflow/.local/lib/python3.7/site-packages/airflow/example_dags/example_latest_only_with_trigger.py
[2022-10-19T15:43:29.553+0000] {processor.py:768} INFO - DAG(s) dict_keys(['latest_only_with_trigger']) retrieved from /home/airflow/.local/lib/python3.7/site-packages/airflow/example_dags/example_latest_only_with_trigger.py
[2022-10-19T15:43:29.593+0000] {logging_mixin.py:117} INFO - [2022-10-19T15:43:29.593+0000] {dag.py:2573} INFO - Sync 1 DAGs
[2022-10-19T15:43:29.612+0000] {logging_mixin.py:117} INFO - [2022-10-19T15:43:29.612+0000] {dag.py:3328} INFO - Setting next_dagrun for latest_only_with_trigger to 2022-10-19T11:43:29.612666+00:00, run_after=2022-10-19T15:43:29.612666+00:00
[2022-10-19T15:43:29.626+0000] {processor.py:178} INFO - Processing /home/airflow/.local/lib/python3.7/site-packages/airflow/example_dags/example_latest_only_with_trigger.py took 0.088 seconds
[2022-10-19T15:44:48.423+0000] {processor.py:156} INFO - Started process (PID=1047) to work on /home/airflow/.local/lib/python3.7/site-packages/airflow/example_dags/example_latest_only_with_trigger.py
[2022-10-19T15:44:48.427+0000] {processor.py:758} INFO - Processing file /home/airflow/.local/lib/python3.7/site-packages/airflow/example_dags/example_latest_only_with_trigger.py for tasks to queue
[2022-10-19T15:44:48.433+0000] {logging_mixin.py:117} INFO - [2022-10-19T15:44:48.433+0000] {dagbag.py:525} INFO - Filling up the DagBag from /home/airflow/.local/lib/python3.7/site-packages/airflow/example_dags/example_latest_only_with_trigger.py
[2022-10-19T15:44:48.467+0000] {processor.py:768} INFO - DAG(s) dict_keys(['latest_only_with_trigger']) retrieved from /home/airflow/.local/lib/python3.7/site-packages/airflow/example_dags/example_latest_only_with_trigger.py
[2022-10-19T15:44:48.532+0000] {logging_mixin.py:117} INFO - [2022-10-19T15:44:48.532+0000] {dag.py:2573} INFO - Sync 1 DAGs
[2022-10-19T15:44:48.570+0000] {logging_mixin.py:117} INFO - [2022-10-19T15:44:48.570+0000] {dag.py:3328} INFO - Setting next_dagrun for latest_only_with_trigger to 2022-10-19T11:44:48.569658+00:00, run_after=2022-10-19T15:44:48.569658+00:00
[2022-10-19T15:44:48.604+0000] {processor.py:178} INFO - Processing /home/airflow/.local/lib/python3.7/site-packages/airflow/example_dags/example_latest_only_with_trigger.py took 0.185 seconds
[2022-10-19T15:45:21.386+0000] {processor.py:156} INFO - Started process (PID=1103) to work on /home/airflow/.local/lib/python3.7/site-packages/airflow/example_dags/example_latest_only_with_trigger.py
[2022-10-19T15:45:21.392+0000] {processor.py:758} INFO - Processing file /home/airflow/.local/lib/python3.7/site-packages/airflow/example_dags/example_latest_only_with_trigger.py for tasks to queue
[2022-10-19T15:45:21.397+0000] {logging_mixin.py:117} INFO - [2022-10-19T15:45:21.397+0000] {dagbag.py:525} INFO - Filling up the DagBag from /home/airflow/.local/lib/python3.7/site-packages/airflow/example_dags/example_latest_only_with_trigger.py
[2022-10-19T15:45:21.439+0000] {processor.py:768} INFO - DAG(s) dict_keys(['latest_only_with_trigger']) retrieved from /home/airflow/.local/lib/python3.7/site-packages/airflow/example_dags/example_latest_only_with_trigger.py
[2022-10-19T15:45:21.605+0000] {logging_mixin.py:117} INFO - [2022-10-19T15:45:21.605+0000] {dag.py:2573} INFO - Sync 1 DAGs
[2022-10-19T15:45:21.681+0000] {logging_mixin.py:117} INFO - [2022-10-19T15:45:21.680+0000] {dag.py:3328} INFO - Setting next_dagrun for latest_only_with_trigger to 2022-10-19T11:45:21.679849+00:00, run_after=2022-10-19T15:45:21.679849+00:00
[2022-10-19T15:45:21.733+0000] {processor.py:178} INFO - Processing /home/airflow/.local/lib/python3.7/site-packages/airflow/example_dags/example_latest_only_with_trigger.py took 0.350 seconds
[2022-10-19T15:46:38.372+0000] {processor.py:156} INFO - Started process (PID=1167) to work on /home/airflow/.local/lib/python3.7/site-packages/airflow/example_dags/example_latest_only_with_trigger.py
[2022-10-19T15:46:38.374+0000] {processor.py:758} INFO - Processing file /home/airflow/.local/lib/python3.7/site-packages/airflow/example_dags/example_latest_only_with_trigger.py for tasks to queue
[2022-10-19T15:46:38.375+0000] {logging_mixin.py:117} INFO - [2022-10-19T15:46:38.375+0000] {dagbag.py:525} INFO - Filling up the DagBag from /home/airflow/.local/lib/python3.7/site-packages/airflow/example_dags/example_latest_only_with_trigger.py
[2022-10-19T15:46:38.409+0000] {processor.py:768} INFO - DAG(s) dict_keys(['latest_only_with_trigger']) retrieved from /home/airflow/.local/lib/python3.7/site-packages/airflow/example_dags/example_latest_only_with_trigger.py
[2022-10-19T15:46:38.669+0000] {logging_mixin.py:117} INFO - [2022-10-19T15:46:38.668+0000] {dag.py:2573} INFO - Sync 1 DAGs
[2022-10-19T15:46:38.949+0000] {logging_mixin.py:117} INFO - [2022-10-19T15:46:38.946+0000] {dag.py:3328} INFO - Setting next_dagrun for latest_only_with_trigger to 2022-10-19T11:46:38.942666+00:00, run_after=2022-10-19T15:46:38.942666+00:00
[2022-10-19T15:46:39.208+0000] {processor.py:178} INFO - Processing /home/airflow/.local/lib/python3.7/site-packages/airflow/example_dags/example_latest_only_with_trigger.py took 0.839 seconds
[2022-10-19T15:47:09.811+0000] {processor.py:156} INFO - Started process (PID=1222) to work on /home/airflow/.local/lib/python3.7/site-packages/airflow/example_dags/example_latest_only_with_trigger.py
[2022-10-19T15:47:09.814+0000] {processor.py:758} INFO - Processing file /home/airflow/.local/lib/python3.7/site-packages/airflow/example_dags/example_latest_only_with_trigger.py for tasks to queue
[2022-10-19T15:47:09.818+0000] {logging_mixin.py:117} INFO - [2022-10-19T15:47:09.818+0000] {dagbag.py:525} INFO - Filling up the DagBag from /home/airflow/.local/lib/python3.7/site-packages/airflow/example_dags/example_latest_only_with_trigger.py
[2022-10-19T15:47:09.873+0000] {processor.py:768} INFO - DAG(s) dict_keys(['latest_only_with_trigger']) retrieved from /home/airflow/.local/lib/python3.7/site-packages/airflow/example_dags/example_latest_only_with_trigger.py
[2022-10-19T15:47:10.002+0000] {logging_mixin.py:117} INFO - [2022-10-19T15:47:10.002+0000] {dag.py:2573} INFO - Sync 1 DAGs
[2022-10-19T15:47:10.050+0000] {logging_mixin.py:117} INFO - [2022-10-19T15:47:10.050+0000] {dag.py:3328} INFO - Setting next_dagrun for latest_only_with_trigger to 2022-10-19T11:47:10.050039+00:00, run_after=2022-10-19T15:47:10.050039+00:00
[2022-10-19T15:47:10.100+0000] {processor.py:178} INFO - Processing /home/airflow/.local/lib/python3.7/site-packages/airflow/example_dags/example_latest_only_with_trigger.py took 0.296 seconds
[2022-10-19T15:47:40.403+0000] {processor.py:156} INFO - Started process (PID=1288) to work on /home/airflow/.local/lib/python3.7/site-packages/airflow/example_dags/example_latest_only_with_trigger.py
[2022-10-19T15:47:40.431+0000] {processor.py:758} INFO - Processing file /home/airflow/.local/lib/python3.7/site-packages/airflow/example_dags/example_latest_only_with_trigger.py for tasks to queue
[2022-10-19T15:47:40.449+0000] {logging_mixin.py:117} INFO - [2022-10-19T15:47:40.449+0000] {dagbag.py:525} INFO - Filling up the DagBag from /home/airflow/.local/lib/python3.7/site-packages/airflow/example_dags/example_latest_only_with_trigger.py
[2022-10-19T15:47:40.531+0000] {processor.py:768} INFO - DAG(s) dict_keys(['latest_only_with_trigger']) retrieved from /home/airflow/.local/lib/python3.7/site-packages/airflow/example_dags/example_latest_only_with_trigger.py
[2022-10-19T15:47:40.660+0000] {logging_mixin.py:117} INFO - [2022-10-19T15:47:40.660+0000] {dag.py:2573} INFO - Sync 1 DAGs
[2022-10-19T15:47:40.712+0000] {logging_mixin.py:117} INFO - [2022-10-19T15:47:40.712+0000] {dag.py:3328} INFO - Setting next_dagrun for latest_only_with_trigger to 2022-10-19T11:47:40.712560+00:00, run_after=2022-10-19T15:47:40.712560+00:00
[2022-10-19T15:47:40.736+0000] {processor.py:178} INFO - Processing /home/airflow/.local/lib/python3.7/site-packages/airflow/example_dags/example_latest_only_with_trigger.py took 0.337 seconds
[2022-10-19T15:48:11.214+0000] {processor.py:156} INFO - Started process (PID=1344) to work on /home/airflow/.local/lib/python3.7/site-packages/airflow/example_dags/example_latest_only_with_trigger.py
[2022-10-19T15:48:11.220+0000] {processor.py:758} INFO - Processing file /home/airflow/.local/lib/python3.7/site-packages/airflow/example_dags/example_latest_only_with_trigger.py for tasks to queue
[2022-10-19T15:48:11.225+0000] {logging_mixin.py:117} INFO - [2022-10-19T15:48:11.225+0000] {dagbag.py:525} INFO - Filling up the DagBag from /home/airflow/.local/lib/python3.7/site-packages/airflow/example_dags/example_latest_only_with_trigger.py
[2022-10-19T15:48:11.259+0000] {processor.py:768} INFO - DAG(s) dict_keys(['latest_only_with_trigger']) retrieved from /home/airflow/.local/lib/python3.7/site-packages/airflow/example_dags/example_latest_only_with_trigger.py
[2022-10-19T15:48:11.349+0000] {logging_mixin.py:117} INFO - [2022-10-19T15:48:11.349+0000] {dag.py:2573} INFO - Sync 1 DAGs
[2022-10-19T15:48:11.418+0000] {logging_mixin.py:117} INFO - [2022-10-19T15:48:11.418+0000] {dag.py:3328} INFO - Setting next_dagrun for latest_only_with_trigger to 2022-10-19T11:48:11.417650+00:00, run_after=2022-10-19T15:48:11.417650+00:00
[2022-10-19T15:48:11.468+0000] {processor.py:178} INFO - Processing /home/airflow/.local/lib/python3.7/site-packages/airflow/example_dags/example_latest_only_with_trigger.py took 0.260 seconds
[2022-10-19T15:51:31.735+0000] {processor.py:156} INFO - Started process (PID=1479) to work on /home/airflow/.local/lib/python3.7/site-packages/airflow/example_dags/example_latest_only_with_trigger.py
[2022-10-19T15:51:31.742+0000] {processor.py:758} INFO - Processing file /home/airflow/.local/lib/python3.7/site-packages/airflow/example_dags/example_latest_only_with_trigger.py for tasks to queue
[2022-10-19T15:51:31.745+0000] {logging_mixin.py:117} INFO - [2022-10-19T15:51:31.745+0000] {dagbag.py:525} INFO - Filling up the DagBag from /home/airflow/.local/lib/python3.7/site-packages/airflow/example_dags/example_latest_only_with_trigger.py
[2022-10-19T15:51:31.776+0000] {processor.py:768} INFO - DAG(s) dict_keys(['latest_only_with_trigger']) retrieved from /home/airflow/.local/lib/python3.7/site-packages/airflow/example_dags/example_latest_only_with_trigger.py
[2022-10-19T15:51:31.862+0000] {logging_mixin.py:117} INFO - [2022-10-19T15:51:31.861+0000] {dag.py:2573} INFO - Sync 1 DAGs
[2022-10-19T15:51:31.895+0000] {logging_mixin.py:117} INFO - [2022-10-19T15:51:31.894+0000] {dag.py:3328} INFO - Setting next_dagrun for latest_only_with_trigger to 2022-10-19T11:51:31.893917+00:00, run_after=2022-10-19T15:51:31.893917+00:00
[2022-10-19T15:51:31.948+0000] {processor.py:178} INFO - Processing /home/airflow/.local/lib/python3.7/site-packages/airflow/example_dags/example_latest_only_with_trigger.py took 0.217 seconds
[2022-10-19T15:59:16.555+0000] {processor.py:156} INFO - Started process (PID=126) to work on /home/airflow/.local/lib/python3.7/site-packages/airflow/example_dags/example_latest_only_with_trigger.py
[2022-10-19T15:59:16.559+0000] {processor.py:758} INFO - Processing file /home/airflow/.local/lib/python3.7/site-packages/airflow/example_dags/example_latest_only_with_trigger.py for tasks to queue
[2022-10-19T15:59:16.562+0000] {logging_mixin.py:117} INFO - [2022-10-19T15:59:16.562+0000] {dagbag.py:525} INFO - Filling up the DagBag from /home/airflow/.local/lib/python3.7/site-packages/airflow/example_dags/example_latest_only_with_trigger.py
[2022-10-19T15:59:16.576+0000] {processor.py:768} INFO - DAG(s) dict_keys(['latest_only_with_trigger']) retrieved from /home/airflow/.local/lib/python3.7/site-packages/airflow/example_dags/example_latest_only_with_trigger.py
[2022-10-19T15:59:16.608+0000] {logging_mixin.py:117} INFO - [2022-10-19T15:59:16.608+0000] {dag.py:2573} INFO - Sync 1 DAGs
[2022-10-19T15:59:16.624+0000] {logging_mixin.py:117} INFO - [2022-10-19T15:59:16.624+0000] {dag.py:3328} INFO - Setting next_dagrun for latest_only_with_trigger to 2022-10-19T11:59:16.624624+00:00, run_after=2022-10-19T15:59:16.624624+00:00
[2022-10-19T15:59:16.640+0000] {processor.py:178} INFO - Processing /home/airflow/.local/lib/python3.7/site-packages/airflow/example_dags/example_latest_only_with_trigger.py took 0.086 seconds
[2022-10-19T15:59:48.302+0000] {processor.py:156} INFO - Started process (PID=191) to work on /home/airflow/.local/lib/python3.7/site-packages/airflow/example_dags/example_latest_only_with_trigger.py
[2022-10-19T15:59:48.305+0000] {processor.py:758} INFO - Processing file /home/airflow/.local/lib/python3.7/site-packages/airflow/example_dags/example_latest_only_with_trigger.py for tasks to queue
[2022-10-19T15:59:48.307+0000] {logging_mixin.py:117} INFO - [2022-10-19T15:59:48.307+0000] {dagbag.py:525} INFO - Filling up the DagBag from /home/airflow/.local/lib/python3.7/site-packages/airflow/example_dags/example_latest_only_with_trigger.py
[2022-10-19T15:59:48.321+0000] {processor.py:768} INFO - DAG(s) dict_keys(['latest_only_with_trigger']) retrieved from /home/airflow/.local/lib/python3.7/site-packages/airflow/example_dags/example_latest_only_with_trigger.py
[2022-10-19T15:59:48.358+0000] {logging_mixin.py:117} INFO - [2022-10-19T15:59:48.358+0000] {dag.py:2573} INFO - Sync 1 DAGs
[2022-10-19T15:59:48.376+0000] {logging_mixin.py:117} INFO - [2022-10-19T15:59:48.376+0000] {dag.py:3328} INFO - Setting next_dagrun for latest_only_with_trigger to 2022-10-19T11:59:48.376322+00:00, run_after=2022-10-19T15:59:48.376322+00:00
[2022-10-19T15:59:48.395+0000] {processor.py:178} INFO - Processing /home/airflow/.local/lib/python3.7/site-packages/airflow/example_dags/example_latest_only_with_trigger.py took 0.097 seconds
[2022-10-19T16:00:22.414+0000] {processor.py:156} INFO - Started process (PID=256) to work on /home/airflow/.local/lib/python3.7/site-packages/airflow/example_dags/example_latest_only_with_trigger.py
[2022-10-19T16:00:22.419+0000] {processor.py:758} INFO - Processing file /home/airflow/.local/lib/python3.7/site-packages/airflow/example_dags/example_latest_only_with_trigger.py for tasks to queue
[2022-10-19T16:00:22.422+0000] {logging_mixin.py:117} INFO - [2022-10-19T16:00:22.421+0000] {dagbag.py:525} INFO - Filling up the DagBag from /home/airflow/.local/lib/python3.7/site-packages/airflow/example_dags/example_latest_only_with_trigger.py
[2022-10-19T16:00:22.484+0000] {processor.py:768} INFO - DAG(s) dict_keys(['latest_only_with_trigger']) retrieved from /home/airflow/.local/lib/python3.7/site-packages/airflow/example_dags/example_latest_only_with_trigger.py
[2022-10-19T16:00:22.574+0000] {logging_mixin.py:117} INFO - [2022-10-19T16:00:22.573+0000] {dag.py:2573} INFO - Sync 1 DAGs
[2022-10-19T16:00:22.613+0000] {logging_mixin.py:117} INFO - [2022-10-19T16:00:22.613+0000] {dag.py:3328} INFO - Setting next_dagrun for latest_only_with_trigger to 2022-10-19T12:00:22.612484+00:00, run_after=2022-10-19T16:00:22.612484+00:00
[2022-10-19T16:00:22.641+0000] {processor.py:178} INFO - Processing /home/airflow/.local/lib/python3.7/site-packages/airflow/example_dags/example_latest_only_with_trigger.py took 0.233 seconds
[2022-10-19T16:00:52.766+0000] {processor.py:156} INFO - Started process (PID=312) to work on /home/airflow/.local/lib/python3.7/site-packages/airflow/example_dags/example_latest_only_with_trigger.py
[2022-10-19T16:00:52.768+0000] {processor.py:758} INFO - Processing file /home/airflow/.local/lib/python3.7/site-packages/airflow/example_dags/example_latest_only_with_trigger.py for tasks to queue
[2022-10-19T16:00:52.769+0000] {logging_mixin.py:117} INFO - [2022-10-19T16:00:52.769+0000] {dagbag.py:525} INFO - Filling up the DagBag from /home/airflow/.local/lib/python3.7/site-packages/airflow/example_dags/example_latest_only_with_trigger.py
[2022-10-19T16:00:52.783+0000] {processor.py:768} INFO - DAG(s) dict_keys(['latest_only_with_trigger']) retrieved from /home/airflow/.local/lib/python3.7/site-packages/airflow/example_dags/example_latest_only_with_trigger.py
[2022-10-19T16:00:52.814+0000] {logging_mixin.py:117} INFO - [2022-10-19T16:00:52.814+0000] {dag.py:2573} INFO - Sync 1 DAGs
[2022-10-19T16:00:52.829+0000] {logging_mixin.py:117} INFO - [2022-10-19T16:00:52.829+0000] {dag.py:3328} INFO - Setting next_dagrun for latest_only_with_trigger to 2022-10-19T12:00:52.829478+00:00, run_after=2022-10-19T16:00:52.829478+00:00
[2022-10-19T16:00:52.841+0000] {processor.py:178} INFO - Processing /home/airflow/.local/lib/python3.7/site-packages/airflow/example_dags/example_latest_only_with_trigger.py took 0.082 seconds
[2022-10-19T16:01:23.234+0000] {processor.py:156} INFO - Started process (PID=377) to work on /home/airflow/.local/lib/python3.7/site-packages/airflow/example_dags/example_latest_only_with_trigger.py
[2022-10-19T16:01:23.239+0000] {processor.py:758} INFO - Processing file /home/airflow/.local/lib/python3.7/site-packages/airflow/example_dags/example_latest_only_with_trigger.py for tasks to queue
[2022-10-19T16:01:23.242+0000] {logging_mixin.py:117} INFO - [2022-10-19T16:01:23.241+0000] {dagbag.py:525} INFO - Filling up the DagBag from /home/airflow/.local/lib/python3.7/site-packages/airflow/example_dags/example_latest_only_with_trigger.py
[2022-10-19T16:01:23.264+0000] {processor.py:768} INFO - DAG(s) dict_keys(['latest_only_with_trigger']) retrieved from /home/airflow/.local/lib/python3.7/site-packages/airflow/example_dags/example_latest_only_with_trigger.py
[2022-10-19T16:01:23.445+0000] {logging_mixin.py:117} INFO - [2022-10-19T16:01:23.444+0000] {dag.py:2573} INFO - Sync 1 DAGs
[2022-10-19T16:01:23.765+0000] {logging_mixin.py:117} INFO - [2022-10-19T16:01:23.765+0000] {dag.py:3328} INFO - Setting next_dagrun for latest_only_with_trigger to 2022-10-19T12:01:23.762616+00:00, run_after=2022-10-19T16:01:23.762616+00:00
[2022-10-19T16:01:23.904+0000] {processor.py:178} INFO - Processing /home/airflow/.local/lib/python3.7/site-packages/airflow/example_dags/example_latest_only_with_trigger.py took 0.680 seconds
[2022-10-19T16:01:54.031+0000] {processor.py:156} INFO - Started process (PID=444) to work on /home/airflow/.local/lib/python3.7/site-packages/airflow/example_dags/example_latest_only_with_trigger.py
[2022-10-19T16:01:54.035+0000] {processor.py:758} INFO - Processing file /home/airflow/.local/lib/python3.7/site-packages/airflow/example_dags/example_latest_only_with_trigger.py for tasks to queue
[2022-10-19T16:01:54.036+0000] {logging_mixin.py:117} INFO - [2022-10-19T16:01:54.036+0000] {dagbag.py:525} INFO - Filling up the DagBag from /home/airflow/.local/lib/python3.7/site-packages/airflow/example_dags/example_latest_only_with_trigger.py
[2022-10-19T16:01:54.054+0000] {processor.py:768} INFO - DAG(s) dict_keys(['latest_only_with_trigger']) retrieved from /home/airflow/.local/lib/python3.7/site-packages/airflow/example_dags/example_latest_only_with_trigger.py
[2022-10-19T16:01:54.088+0000] {logging_mixin.py:117} INFO - [2022-10-19T16:01:54.088+0000] {dag.py:2573} INFO - Sync 1 DAGs
[2022-10-19T16:01:54.114+0000] {logging_mixin.py:117} INFO - [2022-10-19T16:01:54.114+0000] {dag.py:3328} INFO - Setting next_dagrun for latest_only_with_trigger to 2022-10-19T12:01:54.113869+00:00, run_after=2022-10-19T16:01:54.113869+00:00
[2022-10-19T16:01:54.130+0000] {processor.py:178} INFO - Processing /home/airflow/.local/lib/python3.7/site-packages/airflow/example_dags/example_latest_only_with_trigger.py took 0.104 seconds
[2022-10-19T16:02:24.359+0000] {processor.py:156} INFO - Started process (PID=499) to work on /home/airflow/.local/lib/python3.7/site-packages/airflow/example_dags/example_latest_only_with_trigger.py
[2022-10-19T16:02:24.361+0000] {processor.py:758} INFO - Processing file /home/airflow/.local/lib/python3.7/site-packages/airflow/example_dags/example_latest_only_with_trigger.py for tasks to queue
[2022-10-19T16:02:24.362+0000] {logging_mixin.py:117} INFO - [2022-10-19T16:02:24.362+0000] {dagbag.py:525} INFO - Filling up the DagBag from /home/airflow/.local/lib/python3.7/site-packages/airflow/example_dags/example_latest_only_with_trigger.py
[2022-10-19T16:02:24.371+0000] {processor.py:768} INFO - DAG(s) dict_keys(['latest_only_with_trigger']) retrieved from /home/airflow/.local/lib/python3.7/site-packages/airflow/example_dags/example_latest_only_with_trigger.py
[2022-10-19T16:02:24.397+0000] {logging_mixin.py:117} INFO - [2022-10-19T16:02:24.397+0000] {dag.py:2573} INFO - Sync 1 DAGs
[2022-10-19T16:02:24.414+0000] {logging_mixin.py:117} INFO - [2022-10-19T16:02:24.414+0000] {dag.py:3328} INFO - Setting next_dagrun for latest_only_with_trigger to 2022-10-19T12:02:24.413924+00:00, run_after=2022-10-19T16:02:24.413924+00:00
[2022-10-19T16:02:24.426+0000] {processor.py:178} INFO - Processing /home/airflow/.local/lib/python3.7/site-packages/airflow/example_dags/example_latest_only_with_trigger.py took 0.069 seconds
[2022-10-19T16:02:54.717+0000] {processor.py:156} INFO - Started process (PID=564) to work on /home/airflow/.local/lib/python3.7/site-packages/airflow/example_dags/example_latest_only_with_trigger.py
[2022-10-19T16:02:54.719+0000] {processor.py:758} INFO - Processing file /home/airflow/.local/lib/python3.7/site-packages/airflow/example_dags/example_latest_only_with_trigger.py for tasks to queue
[2022-10-19T16:02:54.720+0000] {logging_mixin.py:117} INFO - [2022-10-19T16:02:54.720+0000] {dagbag.py:525} INFO - Filling up the DagBag from /home/airflow/.local/lib/python3.7/site-packages/airflow/example_dags/example_latest_only_with_trigger.py
[2022-10-19T16:02:54.730+0000] {processor.py:768} INFO - DAG(s) dict_keys(['latest_only_with_trigger']) retrieved from /home/airflow/.local/lib/python3.7/site-packages/airflow/example_dags/example_latest_only_with_trigger.py
[2022-10-19T16:02:54.775+0000] {logging_mixin.py:117} INFO - [2022-10-19T16:02:54.775+0000] {dag.py:2573} INFO - Sync 1 DAGs
[2022-10-19T16:02:54.792+0000] {logging_mixin.py:117} INFO - [2022-10-19T16:02:54.792+0000] {dag.py:3328} INFO - Setting next_dagrun for latest_only_with_trigger to 2022-10-19T12:02:54.792434+00:00, run_after=2022-10-19T16:02:54.792434+00:00
[2022-10-19T16:02:54.805+0000] {processor.py:178} INFO - Processing /home/airflow/.local/lib/python3.7/site-packages/airflow/example_dags/example_latest_only_with_trigger.py took 0.090 seconds
[2022-10-19T16:03:25.637+0000] {processor.py:156} INFO - Started process (PID=629) to work on /home/airflow/.local/lib/python3.7/site-packages/airflow/example_dags/example_latest_only_with_trigger.py
[2022-10-19T16:03:25.638+0000] {processor.py:758} INFO - Processing file /home/airflow/.local/lib/python3.7/site-packages/airflow/example_dags/example_latest_only_with_trigger.py for tasks to queue
[2022-10-19T16:03:25.639+0000] {logging_mixin.py:117} INFO - [2022-10-19T16:03:25.639+0000] {dagbag.py:525} INFO - Filling up the DagBag from /home/airflow/.local/lib/python3.7/site-packages/airflow/example_dags/example_latest_only_with_trigger.py
[2022-10-19T16:03:25.650+0000] {processor.py:768} INFO - DAG(s) dict_keys(['latest_only_with_trigger']) retrieved from /home/airflow/.local/lib/python3.7/site-packages/airflow/example_dags/example_latest_only_with_trigger.py
[2022-10-19T16:03:25.680+0000] {logging_mixin.py:117} INFO - [2022-10-19T16:03:25.680+0000] {dag.py:2573} INFO - Sync 1 DAGs
[2022-10-19T16:03:25.695+0000] {logging_mixin.py:117} INFO - [2022-10-19T16:03:25.695+0000] {dag.py:3328} INFO - Setting next_dagrun for latest_only_with_trigger to 2022-10-19T12:03:25.695645+00:00, run_after=2022-10-19T16:03:25.695645+00:00
[2022-10-19T16:03:25.708+0000] {processor.py:178} INFO - Processing /home/airflow/.local/lib/python3.7/site-packages/airflow/example_dags/example_latest_only_with_trigger.py took 0.074 seconds
[2022-10-19T16:03:56.768+0000] {processor.py:156} INFO - Started process (PID=694) to work on /home/airflow/.local/lib/python3.7/site-packages/airflow/example_dags/example_latest_only_with_trigger.py
[2022-10-19T16:03:56.771+0000] {processor.py:758} INFO - Processing file /home/airflow/.local/lib/python3.7/site-packages/airflow/example_dags/example_latest_only_with_trigger.py for tasks to queue
[2022-10-19T16:03:56.774+0000] {logging_mixin.py:117} INFO - [2022-10-19T16:03:56.774+0000] {dagbag.py:525} INFO - Filling up the DagBag from /home/airflow/.local/lib/python3.7/site-packages/airflow/example_dags/example_latest_only_with_trigger.py
[2022-10-19T16:03:56.788+0000] {processor.py:768} INFO - DAG(s) dict_keys(['latest_only_with_trigger']) retrieved from /home/airflow/.local/lib/python3.7/site-packages/airflow/example_dags/example_latest_only_with_trigger.py
[2022-10-19T16:03:56.831+0000] {logging_mixin.py:117} INFO - [2022-10-19T16:03:56.831+0000] {dag.py:2573} INFO - Sync 1 DAGs
[2022-10-19T16:03:56.849+0000] {logging_mixin.py:117} INFO - [2022-10-19T16:03:56.849+0000] {dag.py:3328} INFO - Setting next_dagrun for latest_only_with_trigger to 2022-10-19T12:03:56.849093+00:00, run_after=2022-10-19T16:03:56.849093+00:00
[2022-10-19T16:03:56.863+0000] {processor.py:178} INFO - Processing /home/airflow/.local/lib/python3.7/site-packages/airflow/example_dags/example_latest_only_with_trigger.py took 0.098 seconds
[2022-10-19T16:04:27.641+0000] {processor.py:156} INFO - Started process (PID=759) to work on /home/airflow/.local/lib/python3.7/site-packages/airflow/example_dags/example_latest_only_with_trigger.py
[2022-10-19T16:04:27.645+0000] {processor.py:758} INFO - Processing file /home/airflow/.local/lib/python3.7/site-packages/airflow/example_dags/example_latest_only_with_trigger.py for tasks to queue
[2022-10-19T16:04:27.646+0000] {logging_mixin.py:117} INFO - [2022-10-19T16:04:27.646+0000] {dagbag.py:525} INFO - Filling up the DagBag from /home/airflow/.local/lib/python3.7/site-packages/airflow/example_dags/example_latest_only_with_trigger.py
[2022-10-19T16:04:27.656+0000] {processor.py:768} INFO - DAG(s) dict_keys(['latest_only_with_trigger']) retrieved from /home/airflow/.local/lib/python3.7/site-packages/airflow/example_dags/example_latest_only_with_trigger.py
[2022-10-19T16:04:27.689+0000] {logging_mixin.py:117} INFO - [2022-10-19T16:04:27.689+0000] {dag.py:2573} INFO - Sync 1 DAGs
[2022-10-19T16:04:27.713+0000] {logging_mixin.py:117} INFO - [2022-10-19T16:04:27.713+0000] {dag.py:3328} INFO - Setting next_dagrun for latest_only_with_trigger to 2022-10-19T12:04:27.711294+00:00, run_after=2022-10-19T16:04:27.711294+00:00
[2022-10-19T16:04:27.730+0000] {processor.py:178} INFO - Processing /home/airflow/.local/lib/python3.7/site-packages/airflow/example_dags/example_latest_only_with_trigger.py took 0.091 seconds
[2022-10-19T16:04:58.244+0000] {processor.py:156} INFO - Started process (PID=815) to work on /home/airflow/.local/lib/python3.7/site-packages/airflow/example_dags/example_latest_only_with_trigger.py
[2022-10-19T16:04:58.246+0000] {processor.py:758} INFO - Processing file /home/airflow/.local/lib/python3.7/site-packages/airflow/example_dags/example_latest_only_with_trigger.py for tasks to queue
[2022-10-19T16:04:58.247+0000] {logging_mixin.py:117} INFO - [2022-10-19T16:04:58.247+0000] {dagbag.py:525} INFO - Filling up the DagBag from /home/airflow/.local/lib/python3.7/site-packages/airflow/example_dags/example_latest_only_with_trigger.py
[2022-10-19T16:04:58.258+0000] {processor.py:768} INFO - DAG(s) dict_keys(['latest_only_with_trigger']) retrieved from /home/airflow/.local/lib/python3.7/site-packages/airflow/example_dags/example_latest_only_with_trigger.py
[2022-10-19T16:04:58.288+0000] {logging_mixin.py:117} INFO - [2022-10-19T16:04:58.288+0000] {dag.py:2573} INFO - Sync 1 DAGs
[2022-10-19T16:04:58.304+0000] {logging_mixin.py:117} INFO - [2022-10-19T16:04:58.304+0000] {dag.py:3328} INFO - Setting next_dagrun for latest_only_with_trigger to 2022-10-19T12:04:58.304679+00:00, run_after=2022-10-19T16:04:58.304679+00:00
[2022-10-19T16:04:58.318+0000] {processor.py:178} INFO - Processing /home/airflow/.local/lib/python3.7/site-packages/airflow/example_dags/example_latest_only_with_trigger.py took 0.076 seconds
[2022-10-19T16:05:29.676+0000] {processor.py:156} INFO - Started process (PID=881) to work on /home/airflow/.local/lib/python3.7/site-packages/airflow/example_dags/example_latest_only_with_trigger.py
[2022-10-19T16:05:29.681+0000] {processor.py:758} INFO - Processing file /home/airflow/.local/lib/python3.7/site-packages/airflow/example_dags/example_latest_only_with_trigger.py for tasks to queue
[2022-10-19T16:05:29.682+0000] {logging_mixin.py:117} INFO - [2022-10-19T16:05:29.682+0000] {dagbag.py:525} INFO - Filling up the DagBag from /home/airflow/.local/lib/python3.7/site-packages/airflow/example_dags/example_latest_only_with_trigger.py
[2022-10-19T16:05:29.693+0000] {processor.py:768} INFO - DAG(s) dict_keys(['latest_only_with_trigger']) retrieved from /home/airflow/.local/lib/python3.7/site-packages/airflow/example_dags/example_latest_only_with_trigger.py
[2022-10-19T16:05:29.733+0000] {logging_mixin.py:117} INFO - [2022-10-19T16:05:29.733+0000] {dag.py:2573} INFO - Sync 1 DAGs
[2022-10-19T16:05:29.843+0000] {logging_mixin.py:117} INFO - [2022-10-19T16:05:29.843+0000] {dag.py:3328} INFO - Setting next_dagrun for latest_only_with_trigger to 2022-10-19T12:05:29.843017+00:00, run_after=2022-10-19T16:05:29.843017+00:00
[2022-10-19T16:05:29.863+0000] {processor.py:178} INFO - Processing /home/airflow/.local/lib/python3.7/site-packages/airflow/example_dags/example_latest_only_with_trigger.py took 0.189 seconds
[2022-10-19T16:06:00.179+0000] {processor.py:156} INFO - Started process (PID=945) to work on /home/airflow/.local/lib/python3.7/site-packages/airflow/example_dags/example_latest_only_with_trigger.py
[2022-10-19T16:06:00.182+0000] {processor.py:758} INFO - Processing file /home/airflow/.local/lib/python3.7/site-packages/airflow/example_dags/example_latest_only_with_trigger.py for tasks to queue
[2022-10-19T16:06:00.187+0000] {logging_mixin.py:117} INFO - [2022-10-19T16:06:00.187+0000] {dagbag.py:525} INFO - Filling up the DagBag from /home/airflow/.local/lib/python3.7/site-packages/airflow/example_dags/example_latest_only_with_trigger.py
[2022-10-19T16:06:00.209+0000] {processor.py:768} INFO - DAG(s) dict_keys(['latest_only_with_trigger']) retrieved from /home/airflow/.local/lib/python3.7/site-packages/airflow/example_dags/example_latest_only_with_trigger.py
[2022-10-19T16:06:00.259+0000] {logging_mixin.py:117} INFO - [2022-10-19T16:06:00.259+0000] {dag.py:2573} INFO - Sync 1 DAGs
[2022-10-19T16:06:00.283+0000] {logging_mixin.py:117} INFO - [2022-10-19T16:06:00.283+0000] {dag.py:3328} INFO - Setting next_dagrun for latest_only_with_trigger to 2022-10-19T12:06:00.282993+00:00, run_after=2022-10-19T16:06:00.282993+00:00
[2022-10-19T16:06:00.296+0000] {processor.py:178} INFO - Processing /home/airflow/.local/lib/python3.7/site-packages/airflow/example_dags/example_latest_only_with_trigger.py took 0.122 seconds
[2022-10-19T16:06:30.675+0000] {processor.py:156} INFO - Started process (PID=1010) to work on /home/airflow/.local/lib/python3.7/site-packages/airflow/example_dags/example_latest_only_with_trigger.py
[2022-10-19T16:06:30.677+0000] {processor.py:758} INFO - Processing file /home/airflow/.local/lib/python3.7/site-packages/airflow/example_dags/example_latest_only_with_trigger.py for tasks to queue
[2022-10-19T16:06:30.678+0000] {logging_mixin.py:117} INFO - [2022-10-19T16:06:30.678+0000] {dagbag.py:525} INFO - Filling up the DagBag from /home/airflow/.local/lib/python3.7/site-packages/airflow/example_dags/example_latest_only_with_trigger.py
[2022-10-19T16:06:30.686+0000] {processor.py:768} INFO - DAG(s) dict_keys(['latest_only_with_trigger']) retrieved from /home/airflow/.local/lib/python3.7/site-packages/airflow/example_dags/example_latest_only_with_trigger.py
[2022-10-19T16:06:30.712+0000] {logging_mixin.py:117} INFO - [2022-10-19T16:06:30.712+0000] {dag.py:2573} INFO - Sync 1 DAGs
[2022-10-19T16:06:30.733+0000] {logging_mixin.py:117} INFO - [2022-10-19T16:06:30.733+0000] {dag.py:3328} INFO - Setting next_dagrun for latest_only_with_trigger to 2022-10-19T12:06:30.733072+00:00, run_after=2022-10-19T16:06:30.733072+00:00
[2022-10-19T16:06:30.752+0000] {processor.py:178} INFO - Processing /home/airflow/.local/lib/python3.7/site-packages/airflow/example_dags/example_latest_only_with_trigger.py took 0.078 seconds
[2022-10-19T16:07:01.629+0000] {processor.py:156} INFO - Started process (PID=1074) to work on /home/airflow/.local/lib/python3.7/site-packages/airflow/example_dags/example_latest_only_with_trigger.py
[2022-10-19T16:07:01.642+0000] {processor.py:758} INFO - Processing file /home/airflow/.local/lib/python3.7/site-packages/airflow/example_dags/example_latest_only_with_trigger.py for tasks to queue
[2022-10-19T16:07:01.646+0000] {logging_mixin.py:117} INFO - [2022-10-19T16:07:01.646+0000] {dagbag.py:525} INFO - Filling up the DagBag from /home/airflow/.local/lib/python3.7/site-packages/airflow/example_dags/example_latest_only_with_trigger.py
[2022-10-19T16:07:01.676+0000] {processor.py:768} INFO - DAG(s) dict_keys(['latest_only_with_trigger']) retrieved from /home/airflow/.local/lib/python3.7/site-packages/airflow/example_dags/example_latest_only_with_trigger.py
[2022-10-19T16:07:01.767+0000] {logging_mixin.py:117} INFO - [2022-10-19T16:07:01.767+0000] {dag.py:2573} INFO - Sync 1 DAGs
[2022-10-19T16:07:01.812+0000] {logging_mixin.py:117} INFO - [2022-10-19T16:07:01.812+0000] {dag.py:3328} INFO - Setting next_dagrun for latest_only_with_trigger to 2022-10-19T12:07:01.812433+00:00, run_after=2022-10-19T16:07:01.812433+00:00
[2022-10-19T16:07:01.877+0000] {processor.py:178} INFO - Processing /home/airflow/.local/lib/python3.7/site-packages/airflow/example_dags/example_latest_only_with_trigger.py took 0.251 seconds
[2022-10-19T16:07:32.354+0000] {processor.py:156} INFO - Started process (PID=1131) to work on /home/airflow/.local/lib/python3.7/site-packages/airflow/example_dags/example_latest_only_with_trigger.py
[2022-10-19T16:07:32.360+0000] {processor.py:758} INFO - Processing file /home/airflow/.local/lib/python3.7/site-packages/airflow/example_dags/example_latest_only_with_trigger.py for tasks to queue
[2022-10-19T16:07:32.363+0000] {logging_mixin.py:117} INFO - [2022-10-19T16:07:32.363+0000] {dagbag.py:525} INFO - Filling up the DagBag from /home/airflow/.local/lib/python3.7/site-packages/airflow/example_dags/example_latest_only_with_trigger.py
[2022-10-19T16:07:32.373+0000] {processor.py:768} INFO - DAG(s) dict_keys(['latest_only_with_trigger']) retrieved from /home/airflow/.local/lib/python3.7/site-packages/airflow/example_dags/example_latest_only_with_trigger.py
[2022-10-19T16:07:32.400+0000] {logging_mixin.py:117} INFO - [2022-10-19T16:07:32.400+0000] {dag.py:2573} INFO - Sync 1 DAGs
[2022-10-19T16:07:32.417+0000] {logging_mixin.py:117} INFO - [2022-10-19T16:07:32.416+0000] {dag.py:3328} INFO - Setting next_dagrun for latest_only_with_trigger to 2022-10-19T12:07:32.416815+00:00, run_after=2022-10-19T16:07:32.416815+00:00
[2022-10-19T16:07:32.429+0000] {processor.py:178} INFO - Processing /home/airflow/.local/lib/python3.7/site-packages/airflow/example_dags/example_latest_only_with_trigger.py took 0.078 seconds
[2022-10-19T16:08:03.196+0000] {processor.py:156} INFO - Started process (PID=1196) to work on /home/airflow/.local/lib/python3.7/site-packages/airflow/example_dags/example_latest_only_with_trigger.py
[2022-10-19T16:08:03.198+0000] {processor.py:758} INFO - Processing file /home/airflow/.local/lib/python3.7/site-packages/airflow/example_dags/example_latest_only_with_trigger.py for tasks to queue
[2022-10-19T16:08:03.199+0000] {logging_mixin.py:117} INFO - [2022-10-19T16:08:03.199+0000] {dagbag.py:525} INFO - Filling up the DagBag from /home/airflow/.local/lib/python3.7/site-packages/airflow/example_dags/example_latest_only_with_trigger.py
[2022-10-19T16:08:03.210+0000] {processor.py:768} INFO - DAG(s) dict_keys(['latest_only_with_trigger']) retrieved from /home/airflow/.local/lib/python3.7/site-packages/airflow/example_dags/example_latest_only_with_trigger.py
[2022-10-19T16:08:03.236+0000] {logging_mixin.py:117} INFO - [2022-10-19T16:08:03.236+0000] {dag.py:2573} INFO - Sync 1 DAGs
[2022-10-19T16:08:03.251+0000] {logging_mixin.py:117} INFO - [2022-10-19T16:08:03.251+0000] {dag.py:3328} INFO - Setting next_dagrun for latest_only_with_trigger to 2022-10-19T12:08:03.251458+00:00, run_after=2022-10-19T16:08:03.251458+00:00
[2022-10-19T16:08:03.264+0000] {processor.py:178} INFO - Processing /home/airflow/.local/lib/python3.7/site-packages/airflow/example_dags/example_latest_only_with_trigger.py took 0.072 seconds
[2022-10-19T16:08:33.547+0000] {processor.py:156} INFO - Started process (PID=1261) to work on /home/airflow/.local/lib/python3.7/site-packages/airflow/example_dags/example_latest_only_with_trigger.py
[2022-10-19T16:08:33.549+0000] {processor.py:758} INFO - Processing file /home/airflow/.local/lib/python3.7/site-packages/airflow/example_dags/example_latest_only_with_trigger.py for tasks to queue
[2022-10-19T16:08:33.551+0000] {logging_mixin.py:117} INFO - [2022-10-19T16:08:33.550+0000] {dagbag.py:525} INFO - Filling up the DagBag from /home/airflow/.local/lib/python3.7/site-packages/airflow/example_dags/example_latest_only_with_trigger.py
[2022-10-19T16:08:33.564+0000] {processor.py:768} INFO - DAG(s) dict_keys(['latest_only_with_trigger']) retrieved from /home/airflow/.local/lib/python3.7/site-packages/airflow/example_dags/example_latest_only_with_trigger.py
[2022-10-19T16:08:33.599+0000] {logging_mixin.py:117} INFO - [2022-10-19T16:08:33.599+0000] {dag.py:2573} INFO - Sync 1 DAGs
[2022-10-19T16:08:33.615+0000] {logging_mixin.py:117} INFO - [2022-10-19T16:08:33.615+0000] {dag.py:3328} INFO - Setting next_dagrun for latest_only_with_trigger to 2022-10-19T12:08:33.615041+00:00, run_after=2022-10-19T16:08:33.615041+00:00
[2022-10-19T16:08:33.627+0000] {processor.py:178} INFO - Processing /home/airflow/.local/lib/python3.7/site-packages/airflow/example_dags/example_latest_only_with_trigger.py took 0.083 seconds
[2022-10-19T16:09:04.078+0000] {processor.py:156} INFO - Started process (PID=1326) to work on /home/airflow/.local/lib/python3.7/site-packages/airflow/example_dags/example_latest_only_with_trigger.py
[2022-10-19T16:09:04.080+0000] {processor.py:758} INFO - Processing file /home/airflow/.local/lib/python3.7/site-packages/airflow/example_dags/example_latest_only_with_trigger.py for tasks to queue
[2022-10-19T16:09:04.081+0000] {logging_mixin.py:117} INFO - [2022-10-19T16:09:04.081+0000] {dagbag.py:525} INFO - Filling up the DagBag from /home/airflow/.local/lib/python3.7/site-packages/airflow/example_dags/example_latest_only_with_trigger.py
[2022-10-19T16:09:04.099+0000] {processor.py:768} INFO - DAG(s) dict_keys(['latest_only_with_trigger']) retrieved from /home/airflow/.local/lib/python3.7/site-packages/airflow/example_dags/example_latest_only_with_trigger.py
[2022-10-19T16:09:04.130+0000] {logging_mixin.py:117} INFO - [2022-10-19T16:09:04.130+0000] {dag.py:2573} INFO - Sync 1 DAGs
[2022-10-19T16:09:04.149+0000] {logging_mixin.py:117} INFO - [2022-10-19T16:09:04.148+0000] {dag.py:3328} INFO - Setting next_dagrun for latest_only_with_trigger to 2022-10-19T12:09:04.148739+00:00, run_after=2022-10-19T16:09:04.148739+00:00
[2022-10-19T16:09:04.162+0000] {processor.py:178} INFO - Processing /home/airflow/.local/lib/python3.7/site-packages/airflow/example_dags/example_latest_only_with_trigger.py took 0.087 seconds
[2022-10-19T16:09:34.648+0000] {processor.py:156} INFO - Started process (PID=1382) to work on /home/airflow/.local/lib/python3.7/site-packages/airflow/example_dags/example_latest_only_with_trigger.py
[2022-10-19T16:09:34.650+0000] {processor.py:758} INFO - Processing file /home/airflow/.local/lib/python3.7/site-packages/airflow/example_dags/example_latest_only_with_trigger.py for tasks to queue
[2022-10-19T16:09:34.651+0000] {logging_mixin.py:117} INFO - [2022-10-19T16:09:34.651+0000] {dagbag.py:525} INFO - Filling up the DagBag from /home/airflow/.local/lib/python3.7/site-packages/airflow/example_dags/example_latest_only_with_trigger.py
[2022-10-19T16:09:34.660+0000] {processor.py:768} INFO - DAG(s) dict_keys(['latest_only_with_trigger']) retrieved from /home/airflow/.local/lib/python3.7/site-packages/airflow/example_dags/example_latest_only_with_trigger.py
[2022-10-19T16:09:34.686+0000] {logging_mixin.py:117} INFO - [2022-10-19T16:09:34.686+0000] {dag.py:2573} INFO - Sync 1 DAGs
[2022-10-19T16:09:34.713+0000] {logging_mixin.py:117} INFO - [2022-10-19T16:09:34.713+0000] {dag.py:3328} INFO - Setting next_dagrun for latest_only_with_trigger to 2022-10-19T12:09:34.713111+00:00, run_after=2022-10-19T16:09:34.713111+00:00
[2022-10-19T16:09:34.730+0000] {processor.py:178} INFO - Processing /home/airflow/.local/lib/python3.7/site-packages/airflow/example_dags/example_latest_only_with_trigger.py took 0.084 seconds
[2022-10-19T16:10:05.522+0000] {processor.py:156} INFO - Started process (PID=1449) to work on /home/airflow/.local/lib/python3.7/site-packages/airflow/example_dags/example_latest_only_with_trigger.py
[2022-10-19T16:10:05.524+0000] {processor.py:758} INFO - Processing file /home/airflow/.local/lib/python3.7/site-packages/airflow/example_dags/example_latest_only_with_trigger.py for tasks to queue
[2022-10-19T16:10:05.525+0000] {logging_mixin.py:117} INFO - [2022-10-19T16:10:05.525+0000] {dagbag.py:525} INFO - Filling up the DagBag from /home/airflow/.local/lib/python3.7/site-packages/airflow/example_dags/example_latest_only_with_trigger.py
[2022-10-19T16:10:05.535+0000] {processor.py:768} INFO - DAG(s) dict_keys(['latest_only_with_trigger']) retrieved from /home/airflow/.local/lib/python3.7/site-packages/airflow/example_dags/example_latest_only_with_trigger.py
[2022-10-19T16:10:05.569+0000] {logging_mixin.py:117} INFO - [2022-10-19T16:10:05.569+0000] {dag.py:2573} INFO - Sync 1 DAGs
[2022-10-19T16:10:05.588+0000] {logging_mixin.py:117} INFO - [2022-10-19T16:10:05.588+0000] {dag.py:3328} INFO - Setting next_dagrun for latest_only_with_trigger to 2022-10-19T12:10:05.588190+00:00, run_after=2022-10-19T16:10:05.588190+00:00
[2022-10-19T16:10:05.602+0000] {processor.py:178} INFO - Processing /home/airflow/.local/lib/python3.7/site-packages/airflow/example_dags/example_latest_only_with_trigger.py took 0.083 seconds
[2022-10-19T16:10:36.944+0000] {processor.py:156} INFO - Started process (PID=1514) to work on /home/airflow/.local/lib/python3.7/site-packages/airflow/example_dags/example_latest_only_with_trigger.py
[2022-10-19T16:10:36.946+0000] {processor.py:758} INFO - Processing file /home/airflow/.local/lib/python3.7/site-packages/airflow/example_dags/example_latest_only_with_trigger.py for tasks to queue
[2022-10-19T16:10:36.947+0000] {logging_mixin.py:117} INFO - [2022-10-19T16:10:36.947+0000] {dagbag.py:525} INFO - Filling up the DagBag from /home/airflow/.local/lib/python3.7/site-packages/airflow/example_dags/example_latest_only_with_trigger.py
[2022-10-19T16:10:36.963+0000] {processor.py:768} INFO - DAG(s) dict_keys(['latest_only_with_trigger']) retrieved from /home/airflow/.local/lib/python3.7/site-packages/airflow/example_dags/example_latest_only_with_trigger.py
[2022-10-19T16:10:37.016+0000] {logging_mixin.py:117} INFO - [2022-10-19T16:10:37.016+0000] {dag.py:2573} INFO - Sync 1 DAGs
[2022-10-19T16:10:37.036+0000] {logging_mixin.py:117} INFO - [2022-10-19T16:10:37.036+0000] {dag.py:3328} INFO - Setting next_dagrun for latest_only_with_trigger to 2022-10-19T12:10:37.036192+00:00, run_after=2022-10-19T16:10:37.036192+00:00
[2022-10-19T16:10:37.050+0000] {processor.py:178} INFO - Processing /home/airflow/.local/lib/python3.7/site-packages/airflow/example_dags/example_latest_only_with_trigger.py took 0.109 seconds
[2022-10-19T16:11:07.288+0000] {processor.py:156} INFO - Started process (PID=1578) to work on /home/airflow/.local/lib/python3.7/site-packages/airflow/example_dags/example_latest_only_with_trigger.py
[2022-10-19T16:11:07.291+0000] {processor.py:758} INFO - Processing file /home/airflow/.local/lib/python3.7/site-packages/airflow/example_dags/example_latest_only_with_trigger.py for tasks to queue
[2022-10-19T16:11:07.292+0000] {logging_mixin.py:117} INFO - [2022-10-19T16:11:07.292+0000] {dagbag.py:525} INFO - Filling up the DagBag from /home/airflow/.local/lib/python3.7/site-packages/airflow/example_dags/example_latest_only_with_trigger.py
[2022-10-19T16:11:07.303+0000] {processor.py:768} INFO - DAG(s) dict_keys(['latest_only_with_trigger']) retrieved from /home/airflow/.local/lib/python3.7/site-packages/airflow/example_dags/example_latest_only_with_trigger.py
[2022-10-19T16:11:07.333+0000] {logging_mixin.py:117} INFO - [2022-10-19T16:11:07.333+0000] {dag.py:2573} INFO - Sync 1 DAGs
[2022-10-19T16:11:07.388+0000] {logging_mixin.py:117} INFO - [2022-10-19T16:11:07.387+0000] {dag.py:3328} INFO - Setting next_dagrun for latest_only_with_trigger to 2022-10-19T12:11:07.387615+00:00, run_after=2022-10-19T16:11:07.387615+00:00
[2022-10-19T16:11:07.433+0000] {processor.py:178} INFO - Processing /home/airflow/.local/lib/python3.7/site-packages/airflow/example_dags/example_latest_only_with_trigger.py took 0.147 seconds
[2022-10-19T16:11:38.033+0000] {processor.py:156} INFO - Started process (PID=1634) to work on /home/airflow/.local/lib/python3.7/site-packages/airflow/example_dags/example_latest_only_with_trigger.py
[2022-10-19T16:11:38.035+0000] {processor.py:758} INFO - Processing file /home/airflow/.local/lib/python3.7/site-packages/airflow/example_dags/example_latest_only_with_trigger.py for tasks to queue
[2022-10-19T16:11:38.036+0000] {logging_mixin.py:117} INFO - [2022-10-19T16:11:38.036+0000] {dagbag.py:525} INFO - Filling up the DagBag from /home/airflow/.local/lib/python3.7/site-packages/airflow/example_dags/example_latest_only_with_trigger.py
[2022-10-19T16:11:38.051+0000] {processor.py:768} INFO - DAG(s) dict_keys(['latest_only_with_trigger']) retrieved from /home/airflow/.local/lib/python3.7/site-packages/airflow/example_dags/example_latest_only_with_trigger.py
[2022-10-19T16:11:38.110+0000] {logging_mixin.py:117} INFO - [2022-10-19T16:11:38.110+0000] {dag.py:2573} INFO - Sync 1 DAGs
[2022-10-19T16:11:38.136+0000] {logging_mixin.py:117} INFO - [2022-10-19T16:11:38.136+0000] {dag.py:3328} INFO - Setting next_dagrun for latest_only_with_trigger to 2022-10-19T12:11:38.135913+00:00, run_after=2022-10-19T16:11:38.135913+00:00
[2022-10-19T16:11:38.165+0000] {processor.py:178} INFO - Processing /home/airflow/.local/lib/python3.7/site-packages/airflow/example_dags/example_latest_only_with_trigger.py took 0.134 seconds
[2022-10-19T16:12:08.546+0000] {processor.py:156} INFO - Started process (PID=1700) to work on /home/airflow/.local/lib/python3.7/site-packages/airflow/example_dags/example_latest_only_with_trigger.py
[2022-10-19T16:12:08.549+0000] {processor.py:758} INFO - Processing file /home/airflow/.local/lib/python3.7/site-packages/airflow/example_dags/example_latest_only_with_trigger.py for tasks to queue
[2022-10-19T16:12:08.550+0000] {logging_mixin.py:117} INFO - [2022-10-19T16:12:08.550+0000] {dagbag.py:525} INFO - Filling up the DagBag from /home/airflow/.local/lib/python3.7/site-packages/airflow/example_dags/example_latest_only_with_trigger.py
[2022-10-19T16:12:08.562+0000] {processor.py:768} INFO - DAG(s) dict_keys(['latest_only_with_trigger']) retrieved from /home/airflow/.local/lib/python3.7/site-packages/airflow/example_dags/example_latest_only_with_trigger.py
[2022-10-19T16:12:08.593+0000] {logging_mixin.py:117} INFO - [2022-10-19T16:12:08.593+0000] {dag.py:2573} INFO - Sync 1 DAGs
[2022-10-19T16:12:08.610+0000] {logging_mixin.py:117} INFO - [2022-10-19T16:12:08.610+0000] {dag.py:3328} INFO - Setting next_dagrun for latest_only_with_trigger to 2022-10-19T12:12:08.609985+00:00, run_after=2022-10-19T16:12:08.609985+00:00
[2022-10-19T16:12:08.624+0000] {processor.py:178} INFO - Processing /home/airflow/.local/lib/python3.7/site-packages/airflow/example_dags/example_latest_only_with_trigger.py took 0.080 seconds
[2022-10-19T16:12:39.381+0000] {processor.py:156} INFO - Started process (PID=1766) to work on /home/airflow/.local/lib/python3.7/site-packages/airflow/example_dags/example_latest_only_with_trigger.py
[2022-10-19T16:12:39.382+0000] {processor.py:758} INFO - Processing file /home/airflow/.local/lib/python3.7/site-packages/airflow/example_dags/example_latest_only_with_trigger.py for tasks to queue
[2022-10-19T16:12:39.383+0000] {logging_mixin.py:117} INFO - [2022-10-19T16:12:39.383+0000] {dagbag.py:525} INFO - Filling up the DagBag from /home/airflow/.local/lib/python3.7/site-packages/airflow/example_dags/example_latest_only_with_trigger.py
[2022-10-19T16:12:39.392+0000] {processor.py:768} INFO - DAG(s) dict_keys(['latest_only_with_trigger']) retrieved from /home/airflow/.local/lib/python3.7/site-packages/airflow/example_dags/example_latest_only_with_trigger.py
[2022-10-19T16:12:39.418+0000] {logging_mixin.py:117} INFO - [2022-10-19T16:12:39.418+0000] {dag.py:2573} INFO - Sync 1 DAGs
[2022-10-19T16:12:39.435+0000] {logging_mixin.py:117} INFO - [2022-10-19T16:12:39.435+0000] {dag.py:3328} INFO - Setting next_dagrun for latest_only_with_trigger to 2022-10-19T12:12:39.435398+00:00, run_after=2022-10-19T16:12:39.435398+00:00
[2022-10-19T16:12:39.449+0000] {processor.py:178} INFO - Processing /home/airflow/.local/lib/python3.7/site-packages/airflow/example_dags/example_latest_only_with_trigger.py took 0.071 seconds
[2022-10-19T16:13:10.732+0000] {processor.py:156} INFO - Started process (PID=1830) to work on /home/airflow/.local/lib/python3.7/site-packages/airflow/example_dags/example_latest_only_with_trigger.py
[2022-10-19T16:13:10.734+0000] {processor.py:758} INFO - Processing file /home/airflow/.local/lib/python3.7/site-packages/airflow/example_dags/example_latest_only_with_trigger.py for tasks to queue
[2022-10-19T16:13:10.734+0000] {logging_mixin.py:117} INFO - [2022-10-19T16:13:10.734+0000] {dagbag.py:525} INFO - Filling up the DagBag from /home/airflow/.local/lib/python3.7/site-packages/airflow/example_dags/example_latest_only_with_trigger.py
[2022-10-19T16:13:10.744+0000] {processor.py:768} INFO - DAG(s) dict_keys(['latest_only_with_trigger']) retrieved from /home/airflow/.local/lib/python3.7/site-packages/airflow/example_dags/example_latest_only_with_trigger.py
[2022-10-19T16:13:10.774+0000] {logging_mixin.py:117} INFO - [2022-10-19T16:13:10.774+0000] {dag.py:2573} INFO - Sync 1 DAGs
[2022-10-19T16:13:10.791+0000] {logging_mixin.py:117} INFO - [2022-10-19T16:13:10.791+0000] {dag.py:3328} INFO - Setting next_dagrun for latest_only_with_trigger to 2022-10-19T12:13:10.791387+00:00, run_after=2022-10-19T16:13:10.791387+00:00
[2022-10-19T16:13:10.803+0000] {processor.py:178} INFO - Processing /home/airflow/.local/lib/python3.7/site-packages/airflow/example_dags/example_latest_only_with_trigger.py took 0.074 seconds
[2022-10-19T16:13:41.171+0000] {processor.py:156} INFO - Started process (PID=1895) to work on /home/airflow/.local/lib/python3.7/site-packages/airflow/example_dags/example_latest_only_with_trigger.py
[2022-10-19T16:13:41.174+0000] {processor.py:758} INFO - Processing file /home/airflow/.local/lib/python3.7/site-packages/airflow/example_dags/example_latest_only_with_trigger.py for tasks to queue
[2022-10-19T16:13:41.175+0000] {logging_mixin.py:117} INFO - [2022-10-19T16:13:41.175+0000] {dagbag.py:525} INFO - Filling up the DagBag from /home/airflow/.local/lib/python3.7/site-packages/airflow/example_dags/example_latest_only_with_trigger.py
[2022-10-19T16:13:41.193+0000] {processor.py:768} INFO - DAG(s) dict_keys(['latest_only_with_trigger']) retrieved from /home/airflow/.local/lib/python3.7/site-packages/airflow/example_dags/example_latest_only_with_trigger.py
[2022-10-19T16:13:41.239+0000] {logging_mixin.py:117} INFO - [2022-10-19T16:13:41.239+0000] {dag.py:2573} INFO - Sync 1 DAGs
[2022-10-19T16:13:41.257+0000] {logging_mixin.py:117} INFO - [2022-10-19T16:13:41.256+0000] {dag.py:3328} INFO - Setting next_dagrun for latest_only_with_trigger to 2022-10-19T12:13:41.256633+00:00, run_after=2022-10-19T16:13:41.256633+00:00
[2022-10-19T16:13:41.271+0000] {processor.py:178} INFO - Processing /home/airflow/.local/lib/python3.7/site-packages/airflow/example_dags/example_latest_only_with_trigger.py took 0.105 seconds
[2022-10-19T16:14:11.418+0000] {processor.py:156} INFO - Started process (PID=1951) to work on /home/airflow/.local/lib/python3.7/site-packages/airflow/example_dags/example_latest_only_with_trigger.py
[2022-10-19T16:14:11.420+0000] {processor.py:758} INFO - Processing file /home/airflow/.local/lib/python3.7/site-packages/airflow/example_dags/example_latest_only_with_trigger.py for tasks to queue
[2022-10-19T16:14:11.421+0000] {logging_mixin.py:117} INFO - [2022-10-19T16:14:11.421+0000] {dagbag.py:525} INFO - Filling up the DagBag from /home/airflow/.local/lib/python3.7/site-packages/airflow/example_dags/example_latest_only_with_trigger.py
[2022-10-19T16:14:11.433+0000] {processor.py:768} INFO - DAG(s) dict_keys(['latest_only_with_trigger']) retrieved from /home/airflow/.local/lib/python3.7/site-packages/airflow/example_dags/example_latest_only_with_trigger.py
[2022-10-19T16:14:11.467+0000] {logging_mixin.py:117} INFO - [2022-10-19T16:14:11.467+0000] {dag.py:2573} INFO - Sync 1 DAGs
[2022-10-19T16:14:11.485+0000] {logging_mixin.py:117} INFO - [2022-10-19T16:14:11.485+0000] {dag.py:3328} INFO - Setting next_dagrun for latest_only_with_trigger to 2022-10-19T12:14:11.484987+00:00, run_after=2022-10-19T16:14:11.484987+00:00
[2022-10-19T16:14:11.497+0000] {processor.py:178} INFO - Processing /home/airflow/.local/lib/python3.7/site-packages/airflow/example_dags/example_latest_only_with_trigger.py took 0.082 seconds
[2022-10-19T16:14:41.834+0000] {processor.py:156} INFO - Started process (PID=2017) to work on /home/airflow/.local/lib/python3.7/site-packages/airflow/example_dags/example_latest_only_with_trigger.py
[2022-10-19T16:14:41.836+0000] {processor.py:758} INFO - Processing file /home/airflow/.local/lib/python3.7/site-packages/airflow/example_dags/example_latest_only_with_trigger.py for tasks to queue
[2022-10-19T16:14:41.837+0000] {logging_mixin.py:117} INFO - [2022-10-19T16:14:41.837+0000] {dagbag.py:525} INFO - Filling up the DagBag from /home/airflow/.local/lib/python3.7/site-packages/airflow/example_dags/example_latest_only_with_trigger.py
[2022-10-19T16:14:41.846+0000] {processor.py:768} INFO - DAG(s) dict_keys(['latest_only_with_trigger']) retrieved from /home/airflow/.local/lib/python3.7/site-packages/airflow/example_dags/example_latest_only_with_trigger.py
[2022-10-19T16:14:41.892+0000] {logging_mixin.py:117} INFO - [2022-10-19T16:14:41.892+0000] {dag.py:2573} INFO - Sync 1 DAGs
[2022-10-19T16:14:41.913+0000] {logging_mixin.py:117} INFO - [2022-10-19T16:14:41.913+0000] {dag.py:3328} INFO - Setting next_dagrun for latest_only_with_trigger to 2022-10-19T12:14:41.913011+00:00, run_after=2022-10-19T16:14:41.913011+00:00
[2022-10-19T16:14:41.928+0000] {processor.py:178} INFO - Processing /home/airflow/.local/lib/python3.7/site-packages/airflow/example_dags/example_latest_only_with_trigger.py took 0.096 seconds
[2022-10-19T16:15:13.109+0000] {processor.py:156} INFO - Started process (PID=2085) to work on /home/airflow/.local/lib/python3.7/site-packages/airflow/example_dags/example_latest_only_with_trigger.py
[2022-10-19T16:15:13.111+0000] {processor.py:758} INFO - Processing file /home/airflow/.local/lib/python3.7/site-packages/airflow/example_dags/example_latest_only_with_trigger.py for tasks to queue
[2022-10-19T16:15:13.111+0000] {logging_mixin.py:117} INFO - [2022-10-19T16:15:13.111+0000] {dagbag.py:525} INFO - Filling up the DagBag from /home/airflow/.local/lib/python3.7/site-packages/airflow/example_dags/example_latest_only_with_trigger.py
[2022-10-19T16:15:13.133+0000] {processor.py:768} INFO - DAG(s) dict_keys(['latest_only_with_trigger']) retrieved from /home/airflow/.local/lib/python3.7/site-packages/airflow/example_dags/example_latest_only_with_trigger.py
[2022-10-19T16:15:13.189+0000] {logging_mixin.py:117} INFO - [2022-10-19T16:15:13.188+0000] {dag.py:2573} INFO - Sync 1 DAGs
[2022-10-19T16:15:13.240+0000] {logging_mixin.py:117} INFO - [2022-10-19T16:15:13.239+0000] {dag.py:3328} INFO - Setting next_dagrun for latest_only_with_trigger to 2022-10-19T12:15:13.238427+00:00, run_after=2022-10-19T16:15:13.238427+00:00
[2022-10-19T16:15:13.276+0000] {processor.py:178} INFO - Processing /home/airflow/.local/lib/python3.7/site-packages/airflow/example_dags/example_latest_only_with_trigger.py took 0.169 seconds
[2022-10-19T16:15:43.363+0000] {processor.py:156} INFO - Started process (PID=2151) to work on /home/airflow/.local/lib/python3.7/site-packages/airflow/example_dags/example_latest_only_with_trigger.py
[2022-10-19T16:15:43.364+0000] {processor.py:758} INFO - Processing file /home/airflow/.local/lib/python3.7/site-packages/airflow/example_dags/example_latest_only_with_trigger.py for tasks to queue
[2022-10-19T16:15:43.366+0000] {logging_mixin.py:117} INFO - [2022-10-19T16:15:43.366+0000] {dagbag.py:525} INFO - Filling up the DagBag from /home/airflow/.local/lib/python3.7/site-packages/airflow/example_dags/example_latest_only_with_trigger.py
[2022-10-19T16:15:43.376+0000] {processor.py:768} INFO - DAG(s) dict_keys(['latest_only_with_trigger']) retrieved from /home/airflow/.local/lib/python3.7/site-packages/airflow/example_dags/example_latest_only_with_trigger.py
[2022-10-19T16:15:43.401+0000] {logging_mixin.py:117} INFO - [2022-10-19T16:15:43.401+0000] {dag.py:2573} INFO - Sync 1 DAGs
[2022-10-19T16:15:43.416+0000] {logging_mixin.py:117} INFO - [2022-10-19T16:15:43.416+0000] {dag.py:3328} INFO - Setting next_dagrun for latest_only_with_trigger to 2022-10-19T12:15:43.416150+00:00, run_after=2022-10-19T16:15:43.416150+00:00
[2022-10-19T16:15:43.427+0000] {processor.py:178} INFO - Processing /home/airflow/.local/lib/python3.7/site-packages/airflow/example_dags/example_latest_only_with_trigger.py took 0.067 seconds
[2022-10-19T16:16:14.279+0000] {processor.py:156} INFO - Started process (PID=2215) to work on /home/airflow/.local/lib/python3.7/site-packages/airflow/example_dags/example_latest_only_with_trigger.py
[2022-10-19T16:16:14.281+0000] {processor.py:758} INFO - Processing file /home/airflow/.local/lib/python3.7/site-packages/airflow/example_dags/example_latest_only_with_trigger.py for tasks to queue
[2022-10-19T16:16:14.281+0000] {logging_mixin.py:117} INFO - [2022-10-19T16:16:14.281+0000] {dagbag.py:525} INFO - Filling up the DagBag from /home/airflow/.local/lib/python3.7/site-packages/airflow/example_dags/example_latest_only_with_trigger.py
[2022-10-19T16:16:14.292+0000] {processor.py:768} INFO - DAG(s) dict_keys(['latest_only_with_trigger']) retrieved from /home/airflow/.local/lib/python3.7/site-packages/airflow/example_dags/example_latest_only_with_trigger.py
[2022-10-19T16:16:14.316+0000] {logging_mixin.py:117} INFO - [2022-10-19T16:16:14.316+0000] {dag.py:2573} INFO - Sync 1 DAGs
[2022-10-19T16:16:14.332+0000] {logging_mixin.py:117} INFO - [2022-10-19T16:16:14.332+0000] {dag.py:3328} INFO - Setting next_dagrun for latest_only_with_trigger to 2022-10-19T12:16:14.332110+00:00, run_after=2022-10-19T16:16:14.332110+00:00
[2022-10-19T16:16:14.348+0000] {processor.py:178} INFO - Processing /home/airflow/.local/lib/python3.7/site-packages/airflow/example_dags/example_latest_only_with_trigger.py took 0.072 seconds
[2022-10-19T16:16:45.486+0000] {processor.py:156} INFO - Started process (PID=2281) to work on /home/airflow/.local/lib/python3.7/site-packages/airflow/example_dags/example_latest_only_with_trigger.py
[2022-10-19T16:16:45.488+0000] {processor.py:758} INFO - Processing file /home/airflow/.local/lib/python3.7/site-packages/airflow/example_dags/example_latest_only_with_trigger.py for tasks to queue
[2022-10-19T16:16:45.488+0000] {logging_mixin.py:117} INFO - [2022-10-19T16:16:45.488+0000] {dagbag.py:525} INFO - Filling up the DagBag from /home/airflow/.local/lib/python3.7/site-packages/airflow/example_dags/example_latest_only_with_trigger.py
[2022-10-19T16:16:45.498+0000] {processor.py:768} INFO - DAG(s) dict_keys(['latest_only_with_trigger']) retrieved from /home/airflow/.local/lib/python3.7/site-packages/airflow/example_dags/example_latest_only_with_trigger.py
[2022-10-19T16:16:45.526+0000] {logging_mixin.py:117} INFO - [2022-10-19T16:16:45.526+0000] {dag.py:2573} INFO - Sync 1 DAGs
[2022-10-19T16:16:45.544+0000] {logging_mixin.py:117} INFO - [2022-10-19T16:16:45.544+0000] {dag.py:3328} INFO - Setting next_dagrun for latest_only_with_trigger to 2022-10-19T12:16:45.543873+00:00, run_after=2022-10-19T16:16:45.543873+00:00
[2022-10-19T16:16:45.557+0000] {processor.py:178} INFO - Processing /home/airflow/.local/lib/python3.7/site-packages/airflow/example_dags/example_latest_only_with_trigger.py took 0.074 seconds
[2022-10-19T16:17:16.188+0000] {processor.py:156} INFO - Started process (PID=2337) to work on /home/airflow/.local/lib/python3.7/site-packages/airflow/example_dags/example_latest_only_with_trigger.py
[2022-10-19T16:17:16.190+0000] {processor.py:758} INFO - Processing file /home/airflow/.local/lib/python3.7/site-packages/airflow/example_dags/example_latest_only_with_trigger.py for tasks to queue
[2022-10-19T16:17:16.190+0000] {logging_mixin.py:117} INFO - [2022-10-19T16:17:16.190+0000] {dagbag.py:525} INFO - Filling up the DagBag from /home/airflow/.local/lib/python3.7/site-packages/airflow/example_dags/example_latest_only_with_trigger.py
[2022-10-19T16:17:16.203+0000] {processor.py:768} INFO - DAG(s) dict_keys(['latest_only_with_trigger']) retrieved from /home/airflow/.local/lib/python3.7/site-packages/airflow/example_dags/example_latest_only_with_trigger.py
[2022-10-19T16:17:16.237+0000] {logging_mixin.py:117} INFO - [2022-10-19T16:17:16.237+0000] {dag.py:2573} INFO - Sync 1 DAGs
[2022-10-19T16:17:16.256+0000] {logging_mixin.py:117} INFO - [2022-10-19T16:17:16.256+0000] {dag.py:3328} INFO - Setting next_dagrun for latest_only_with_trigger to 2022-10-19T12:17:16.256288+00:00, run_after=2022-10-19T16:17:16.256288+00:00
[2022-10-19T16:17:16.270+0000] {processor.py:178} INFO - Processing /home/airflow/.local/lib/python3.7/site-packages/airflow/example_dags/example_latest_only_with_trigger.py took 0.084 seconds
[2022-10-19T16:17:47.066+0000] {processor.py:156} INFO - Started process (PID=2403) to work on /home/airflow/.local/lib/python3.7/site-packages/airflow/example_dags/example_latest_only_with_trigger.py
[2022-10-19T16:17:47.068+0000] {processor.py:758} INFO - Processing file /home/airflow/.local/lib/python3.7/site-packages/airflow/example_dags/example_latest_only_with_trigger.py for tasks to queue
[2022-10-19T16:17:47.070+0000] {logging_mixin.py:117} INFO - [2022-10-19T16:17:47.070+0000] {dagbag.py:525} INFO - Filling up the DagBag from /home/airflow/.local/lib/python3.7/site-packages/airflow/example_dags/example_latest_only_with_trigger.py
[2022-10-19T16:17:47.079+0000] {processor.py:768} INFO - DAG(s) dict_keys(['latest_only_with_trigger']) retrieved from /home/airflow/.local/lib/python3.7/site-packages/airflow/example_dags/example_latest_only_with_trigger.py
[2022-10-19T16:17:47.106+0000] {logging_mixin.py:117} INFO - [2022-10-19T16:17:47.106+0000] {dag.py:2573} INFO - Sync 1 DAGs
[2022-10-19T16:17:47.122+0000] {logging_mixin.py:117} INFO - [2022-10-19T16:17:47.122+0000] {dag.py:3328} INFO - Setting next_dagrun for latest_only_with_trigger to 2022-10-19T12:17:47.122680+00:00, run_after=2022-10-19T16:17:47.122680+00:00
[2022-10-19T16:17:47.138+0000] {processor.py:178} INFO - Processing /home/airflow/.local/lib/python3.7/site-packages/airflow/example_dags/example_latest_only_with_trigger.py took 0.074 seconds
[2022-10-19T16:18:17.956+0000] {processor.py:156} INFO - Started process (PID=2468) to work on /home/airflow/.local/lib/python3.7/site-packages/airflow/example_dags/example_latest_only_with_trigger.py
[2022-10-19T16:18:17.957+0000] {processor.py:758} INFO - Processing file /home/airflow/.local/lib/python3.7/site-packages/airflow/example_dags/example_latest_only_with_trigger.py for tasks to queue
[2022-10-19T16:18:17.958+0000] {logging_mixin.py:117} INFO - [2022-10-19T16:18:17.958+0000] {dagbag.py:525} INFO - Filling up the DagBag from /home/airflow/.local/lib/python3.7/site-packages/airflow/example_dags/example_latest_only_with_trigger.py
[2022-10-19T16:18:17.969+0000] {processor.py:768} INFO - DAG(s) dict_keys(['latest_only_with_trigger']) retrieved from /home/airflow/.local/lib/python3.7/site-packages/airflow/example_dags/example_latest_only_with_trigger.py
[2022-10-19T16:18:17.996+0000] {logging_mixin.py:117} INFO - [2022-10-19T16:18:17.996+0000] {dag.py:2573} INFO - Sync 1 DAGs
[2022-10-19T16:18:18.012+0000] {logging_mixin.py:117} INFO - [2022-10-19T16:18:18.012+0000] {dag.py:3328} INFO - Setting next_dagrun for latest_only_with_trigger to 2022-10-19T12:18:18.011941+00:00, run_after=2022-10-19T16:18:18.011941+00:00
[2022-10-19T16:18:18.025+0000] {processor.py:178} INFO - Processing /home/airflow/.local/lib/python3.7/site-packages/airflow/example_dags/example_latest_only_with_trigger.py took 0.073 seconds
[2022-10-19T16:18:48.923+0000] {processor.py:156} INFO - Started process (PID=2534) to work on /home/airflow/.local/lib/python3.7/site-packages/airflow/example_dags/example_latest_only_with_trigger.py
[2022-10-19T16:18:48.925+0000] {processor.py:758} INFO - Processing file /home/airflow/.local/lib/python3.7/site-packages/airflow/example_dags/example_latest_only_with_trigger.py for tasks to queue
[2022-10-19T16:18:48.926+0000] {logging_mixin.py:117} INFO - [2022-10-19T16:18:48.926+0000] {dagbag.py:525} INFO - Filling up the DagBag from /home/airflow/.local/lib/python3.7/site-packages/airflow/example_dags/example_latest_only_with_trigger.py
[2022-10-19T16:18:48.934+0000] {processor.py:768} INFO - DAG(s) dict_keys(['latest_only_with_trigger']) retrieved from /home/airflow/.local/lib/python3.7/site-packages/airflow/example_dags/example_latest_only_with_trigger.py
[2022-10-19T16:18:48.961+0000] {logging_mixin.py:117} INFO - [2022-10-19T16:18:48.961+0000] {dag.py:2573} INFO - Sync 1 DAGs
[2022-10-19T16:18:48.981+0000] {logging_mixin.py:117} INFO - [2022-10-19T16:18:48.981+0000] {dag.py:3328} INFO - Setting next_dagrun for latest_only_with_trigger to 2022-10-19T12:18:48.981715+00:00, run_after=2022-10-19T16:18:48.981715+00:00
[2022-10-19T16:18:48.998+0000] {processor.py:178} INFO - Processing /home/airflow/.local/lib/python3.7/site-packages/airflow/example_dags/example_latest_only_with_trigger.py took 0.077 seconds
[2022-10-19T16:19:19.936+0000] {processor.py:156} INFO - Started process (PID=2599) to work on /home/airflow/.local/lib/python3.7/site-packages/airflow/example_dags/example_latest_only_with_trigger.py
[2022-10-19T16:19:19.938+0000] {processor.py:758} INFO - Processing file /home/airflow/.local/lib/python3.7/site-packages/airflow/example_dags/example_latest_only_with_trigger.py for tasks to queue
[2022-10-19T16:19:19.939+0000] {logging_mixin.py:117} INFO - [2022-10-19T16:19:19.939+0000] {dagbag.py:525} INFO - Filling up the DagBag from /home/airflow/.local/lib/python3.7/site-packages/airflow/example_dags/example_latest_only_with_trigger.py
[2022-10-19T16:19:19.950+0000] {processor.py:768} INFO - DAG(s) dict_keys(['latest_only_with_trigger']) retrieved from /home/airflow/.local/lib/python3.7/site-packages/airflow/example_dags/example_latest_only_with_trigger.py
[2022-10-19T16:19:19.980+0000] {logging_mixin.py:117} INFO - [2022-10-19T16:19:19.980+0000] {dag.py:2573} INFO - Sync 1 DAGs
[2022-10-19T16:19:19.999+0000] {logging_mixin.py:117} INFO - [2022-10-19T16:19:19.999+0000] {dag.py:3328} INFO - Setting next_dagrun for latest_only_with_trigger to 2022-10-19T12:19:19.999535+00:00, run_after=2022-10-19T16:19:19.999535+00:00
[2022-10-19T16:19:20.020+0000] {processor.py:178} INFO - Processing /home/airflow/.local/lib/python3.7/site-packages/airflow/example_dags/example_latest_only_with_trigger.py took 0.086 seconds
[2022-10-19T16:20:01.634+0000] {processor.py:156} INFO - Started process (PID=2663) to work on /home/airflow/.local/lib/python3.7/site-packages/airflow/example_dags/example_latest_only_with_trigger.py
[2022-10-19T16:20:01.655+0000] {processor.py:758} INFO - Processing file /home/airflow/.local/lib/python3.7/site-packages/airflow/example_dags/example_latest_only_with_trigger.py for tasks to queue
[2022-10-19T16:20:01.660+0000] {logging_mixin.py:117} INFO - [2022-10-19T16:20:01.659+0000] {dagbag.py:525} INFO - Filling up the DagBag from /home/airflow/.local/lib/python3.7/site-packages/airflow/example_dags/example_latest_only_with_trigger.py
[2022-10-19T16:20:01.689+0000] {processor.py:768} INFO - DAG(s) dict_keys(['latest_only_with_trigger']) retrieved from /home/airflow/.local/lib/python3.7/site-packages/airflow/example_dags/example_latest_only_with_trigger.py
[2022-10-19T16:20:01.834+0000] {logging_mixin.py:117} INFO - [2022-10-19T16:20:01.834+0000] {dag.py:2573} INFO - Sync 1 DAGs
[2022-10-19T16:20:01.878+0000] {logging_mixin.py:117} INFO - [2022-10-19T16:20:01.878+0000] {dag.py:3328} INFO - Setting next_dagrun for latest_only_with_trigger to 2022-10-19T12:20:01.877888+00:00, run_after=2022-10-19T16:20:01.877888+00:00
[2022-10-19T16:20:01.920+0000] {processor.py:178} INFO - Processing /home/airflow/.local/lib/python3.7/site-packages/airflow/example_dags/example_latest_only_with_trigger.py took 0.294 seconds
[2022-10-19T16:21:09.423+0000] {processor.py:156} INFO - Started process (PID=2737) to work on /home/airflow/.local/lib/python3.7/site-packages/airflow/example_dags/example_latest_only_with_trigger.py
[2022-10-19T16:21:09.448+0000] {processor.py:758} INFO - Processing file /home/airflow/.local/lib/python3.7/site-packages/airflow/example_dags/example_latest_only_with_trigger.py for tasks to queue
[2022-10-19T16:21:09.453+0000] {logging_mixin.py:117} INFO - [2022-10-19T16:21:09.451+0000] {dagbag.py:525} INFO - Filling up the DagBag from /home/airflow/.local/lib/python3.7/site-packages/airflow/example_dags/example_latest_only_with_trigger.py
[2022-10-19T16:21:09.614+0000] {processor.py:768} INFO - DAG(s) dict_keys(['latest_only_with_trigger']) retrieved from /home/airflow/.local/lib/python3.7/site-packages/airflow/example_dags/example_latest_only_with_trigger.py
[2022-10-19T16:21:09.867+0000] {logging_mixin.py:117} INFO - [2022-10-19T16:21:09.867+0000] {dag.py:2573} INFO - Sync 1 DAGs
[2022-10-19T16:21:10.022+0000] {logging_mixin.py:117} INFO - [2022-10-19T16:21:10.022+0000] {dag.py:3328} INFO - Setting next_dagrun for latest_only_with_trigger to 2022-10-19T12:21:10.021801+00:00, run_after=2022-10-19T16:21:10.021801+00:00
[2022-10-19T16:21:10.108+0000] {processor.py:178} INFO - Processing /home/airflow/.local/lib/python3.7/site-packages/airflow/example_dags/example_latest_only_with_trigger.py took 1.044 seconds
[2022-10-19T16:21:48.520+0000] {processor.py:156} INFO - Started process (PID=2795) to work on /home/airflow/.local/lib/python3.7/site-packages/airflow/example_dags/example_latest_only_with_trigger.py
[2022-10-19T16:21:48.526+0000] {processor.py:758} INFO - Processing file /home/airflow/.local/lib/python3.7/site-packages/airflow/example_dags/example_latest_only_with_trigger.py for tasks to queue
[2022-10-19T16:21:48.529+0000] {logging_mixin.py:117} INFO - [2022-10-19T16:21:48.529+0000] {dagbag.py:525} INFO - Filling up the DagBag from /home/airflow/.local/lib/python3.7/site-packages/airflow/example_dags/example_latest_only_with_trigger.py
[2022-10-19T16:21:48.559+0000] {processor.py:768} INFO - DAG(s) dict_keys(['latest_only_with_trigger']) retrieved from /home/airflow/.local/lib/python3.7/site-packages/airflow/example_dags/example_latest_only_with_trigger.py
[2022-10-19T16:21:48.625+0000] {logging_mixin.py:117} INFO - [2022-10-19T16:21:48.625+0000] {dag.py:2573} INFO - Sync 1 DAGs
[2022-10-19T16:21:48.848+0000] {logging_mixin.py:117} INFO - [2022-10-19T16:21:48.848+0000] {dag.py:3328} INFO - Setting next_dagrun for latest_only_with_trigger to 2022-10-19T12:21:48.847834+00:00, run_after=2022-10-19T16:21:48.847834+00:00
[2022-10-19T16:21:51.245+0000] {processor.py:178} INFO - Processing /home/airflow/.local/lib/python3.7/site-packages/airflow/example_dags/example_latest_only_with_trigger.py took 2.732 seconds
[2022-10-19T16:23:11.281+0000] {processor.py:156} INFO - Started process (PID=2882) to work on /home/airflow/.local/lib/python3.7/site-packages/airflow/example_dags/example_latest_only_with_trigger.py
[2022-10-19T16:23:11.288+0000] {processor.py:758} INFO - Processing file /home/airflow/.local/lib/python3.7/site-packages/airflow/example_dags/example_latest_only_with_trigger.py for tasks to queue
[2022-10-19T16:23:11.327+0000] {logging_mixin.py:117} INFO - [2022-10-19T16:23:11.327+0000] {dagbag.py:525} INFO - Filling up the DagBag from /home/airflow/.local/lib/python3.7/site-packages/airflow/example_dags/example_latest_only_with_trigger.py
[2022-10-19T16:23:11.374+0000] {processor.py:768} INFO - DAG(s) dict_keys(['latest_only_with_trigger']) retrieved from /home/airflow/.local/lib/python3.7/site-packages/airflow/example_dags/example_latest_only_with_trigger.py
[2022-10-19T16:23:11.539+0000] {logging_mixin.py:117} INFO - [2022-10-19T16:23:11.537+0000] {dag.py:2573} INFO - Sync 1 DAGs
[2022-10-19T16:23:11.631+0000] {logging_mixin.py:117} INFO - [2022-10-19T16:23:11.630+0000] {dag.py:3328} INFO - Setting next_dagrun for latest_only_with_trigger to 2022-10-19T12:23:11.630038+00:00, run_after=2022-10-19T16:23:11.630038+00:00
[2022-10-19T16:23:11.730+0000] {processor.py:178} INFO - Processing /home/airflow/.local/lib/python3.7/site-packages/airflow/example_dags/example_latest_only_with_trigger.py took 0.456 seconds
[2022-10-19T16:23:57.583+0000] {processor.py:156} INFO - Started process (PID=2944) to work on /home/airflow/.local/lib/python3.7/site-packages/airflow/example_dags/example_latest_only_with_trigger.py
[2022-10-19T16:23:57.732+0000] {processor.py:758} INFO - Processing file /home/airflow/.local/lib/python3.7/site-packages/airflow/example_dags/example_latest_only_with_trigger.py for tasks to queue
[2022-10-19T16:23:57.741+0000] {logging_mixin.py:117} INFO - [2022-10-19T16:23:57.741+0000] {dagbag.py:525} INFO - Filling up the DagBag from /home/airflow/.local/lib/python3.7/site-packages/airflow/example_dags/example_latest_only_with_trigger.py
[2022-10-19T16:23:57.863+0000] {processor.py:768} INFO - DAG(s) dict_keys(['latest_only_with_trigger']) retrieved from /home/airflow/.local/lib/python3.7/site-packages/airflow/example_dags/example_latest_only_with_trigger.py
[2022-10-19T16:23:59.357+0000] {logging_mixin.py:117} INFO - [2022-10-19T16:23:59.357+0000] {dag.py:2573} INFO - Sync 1 DAGs
[2022-10-19T16:24:01.070+0000] {logging_mixin.py:117} INFO - [2022-10-19T16:24:01.069+0000] {dag.py:3328} INFO - Setting next_dagrun for latest_only_with_trigger to 2022-10-19T12:24:01.068605+00:00, run_after=2022-10-19T16:24:01.068605+00:00
[2022-10-19T16:24:01.229+0000] {processor.py:178} INFO - Processing /home/airflow/.local/lib/python3.7/site-packages/airflow/example_dags/example_latest_only_with_trigger.py took 3.660 seconds
[2022-10-19T16:24:38.710+0000] {processor.py:156} INFO - Started process (PID=3001) to work on /home/airflow/.local/lib/python3.7/site-packages/airflow/example_dags/example_latest_only_with_trigger.py
[2022-10-19T16:24:38.715+0000] {processor.py:758} INFO - Processing file /home/airflow/.local/lib/python3.7/site-packages/airflow/example_dags/example_latest_only_with_trigger.py for tasks to queue
[2022-10-19T16:24:38.717+0000] {logging_mixin.py:117} INFO - [2022-10-19T16:24:38.717+0000] {dagbag.py:525} INFO - Filling up the DagBag from /home/airflow/.local/lib/python3.7/site-packages/airflow/example_dags/example_latest_only_with_trigger.py
[2022-10-19T16:24:38.741+0000] {processor.py:768} INFO - DAG(s) dict_keys(['latest_only_with_trigger']) retrieved from /home/airflow/.local/lib/python3.7/site-packages/airflow/example_dags/example_latest_only_with_trigger.py
[2022-10-19T16:24:38.809+0000] {logging_mixin.py:117} INFO - [2022-10-19T16:24:38.809+0000] {dag.py:2573} INFO - Sync 1 DAGs
[2022-10-19T16:24:38.876+0000] {logging_mixin.py:117} INFO - [2022-10-19T16:24:38.876+0000] {dag.py:3328} INFO - Setting next_dagrun for latest_only_with_trigger to 2022-10-19T12:24:38.875190+00:00, run_after=2022-10-19T16:24:38.875190+00:00
[2022-10-19T16:24:38.926+0000] {processor.py:178} INFO - Processing /home/airflow/.local/lib/python3.7/site-packages/airflow/example_dags/example_latest_only_with_trigger.py took 0.223 seconds
[2022-10-19T16:26:00.012+0000] {processor.py:156} INFO - Started process (PID=3083) to work on /home/airflow/.local/lib/python3.7/site-packages/airflow/example_dags/example_latest_only_with_trigger.py
[2022-10-19T16:26:00.074+0000] {processor.py:758} INFO - Processing file /home/airflow/.local/lib/python3.7/site-packages/airflow/example_dags/example_latest_only_with_trigger.py for tasks to queue
[2022-10-19T16:26:00.169+0000] {logging_mixin.py:117} INFO - [2022-10-19T16:26:00.168+0000] {dagbag.py:525} INFO - Filling up the DagBag from /home/airflow/.local/lib/python3.7/site-packages/airflow/example_dags/example_latest_only_with_trigger.py
[2022-10-19T16:26:00.448+0000] {processor.py:768} INFO - DAG(s) dict_keys(['latest_only_with_trigger']) retrieved from /home/airflow/.local/lib/python3.7/site-packages/airflow/example_dags/example_latest_only_with_trigger.py
[2022-10-19T16:26:01.290+0000] {logging_mixin.py:117} INFO - [2022-10-19T16:26:01.290+0000] {dag.py:2573} INFO - Sync 1 DAGs
[2022-10-19T16:26:01.420+0000] {logging_mixin.py:117} INFO - [2022-10-19T16:26:01.420+0000] {dag.py:3328} INFO - Setting next_dagrun for latest_only_with_trigger to 2022-10-19T12:26:01.418364+00:00, run_after=2022-10-19T16:26:01.418364+00:00
[2022-10-19T16:26:01.605+0000] {processor.py:178} INFO - Processing /home/airflow/.local/lib/python3.7/site-packages/airflow/example_dags/example_latest_only_with_trigger.py took 1.660 seconds
