[2022-10-19T15:35:46.121+0000] {processor.py:156} INFO - Started process (PID=165) to work on /home/airflow/.local/lib/python3.7/site-packages/airflow/example_dags/example_nested_branch_dag.py
[2022-10-19T15:35:46.179+0000] {processor.py:758} INFO - Processing file /home/airflow/.local/lib/python3.7/site-packages/airflow/example_dags/example_nested_branch_dag.py for tasks to queue
[2022-10-19T15:35:46.198+0000] {logging_mixin.py:117} INFO - [2022-10-19T15:35:46.197+0000] {dagbag.py:525} INFO - Filling up the DagBag from /home/airflow/.local/lib/python3.7/site-packages/airflow/example_dags/example_nested_branch_dag.py
[2022-10-19T15:35:46.868+0000] {processor.py:768} INFO - DAG(s) dict_keys(['example_nested_branch_dag']) retrieved from /home/airflow/.local/lib/python3.7/site-packages/airflow/example_dags/example_nested_branch_dag.py
[2022-10-19T15:35:48.436+0000] {logging_mixin.py:117} INFO - [2022-10-19T15:35:48.425+0000] {dag.py:2573} INFO - Sync 1 DAGs
[2022-10-19T15:35:49.769+0000] {logging_mixin.py:117} INFO - [2022-10-19T15:35:49.756+0000] {dag.py:3328} INFO - Setting next_dagrun for example_nested_branch_dag to 2022-10-18T00:00:00+00:00, run_after=2022-10-19T00:00:00+00:00
[2022-10-19T15:35:52.200+0000] {processor.py:178} INFO - Processing /home/airflow/.local/lib/python3.7/site-packages/airflow/example_dags/example_nested_branch_dag.py took 6.246 seconds
[2022-10-19T15:36:59.778+0000] {processor.py:156} INFO - Started process (PID=239) to work on /home/airflow/.local/lib/python3.7/site-packages/airflow/example_dags/example_nested_branch_dag.py
[2022-10-19T15:36:59.792+0000] {processor.py:758} INFO - Processing file /home/airflow/.local/lib/python3.7/site-packages/airflow/example_dags/example_nested_branch_dag.py for tasks to queue
[2022-10-19T15:36:59.796+0000] {logging_mixin.py:117} INFO - [2022-10-19T15:36:59.796+0000] {dagbag.py:525} INFO - Filling up the DagBag from /home/airflow/.local/lib/python3.7/site-packages/airflow/example_dags/example_nested_branch_dag.py
[2022-10-19T15:36:59.965+0000] {processor.py:768} INFO - DAG(s) dict_keys(['example_nested_branch_dag']) retrieved from /home/airflow/.local/lib/python3.7/site-packages/airflow/example_dags/example_nested_branch_dag.py
[2022-10-19T15:37:00.079+0000] {logging_mixin.py:117} INFO - [2022-10-19T15:37:00.078+0000] {dag.py:2573} INFO - Sync 1 DAGs
[2022-10-19T15:37:00.157+0000] {logging_mixin.py:117} INFO - [2022-10-19T15:37:00.156+0000] {dag.py:3328} INFO - Setting next_dagrun for example_nested_branch_dag to 2022-10-18T00:00:00+00:00, run_after=2022-10-19T00:00:00+00:00
[2022-10-19T15:37:00.197+0000] {processor.py:178} INFO - Processing /home/airflow/.local/lib/python3.7/site-packages/airflow/example_dags/example_nested_branch_dag.py took 0.451 seconds
[2022-10-19T15:37:30.720+0000] {processor.py:156} INFO - Started process (PID=295) to work on /home/airflow/.local/lib/python3.7/site-packages/airflow/example_dags/example_nested_branch_dag.py
[2022-10-19T15:37:30.722+0000] {processor.py:758} INFO - Processing file /home/airflow/.local/lib/python3.7/site-packages/airflow/example_dags/example_nested_branch_dag.py for tasks to queue
[2022-10-19T15:37:30.726+0000] {logging_mixin.py:117} INFO - [2022-10-19T15:37:30.726+0000] {dagbag.py:525} INFO - Filling up the DagBag from /home/airflow/.local/lib/python3.7/site-packages/airflow/example_dags/example_nested_branch_dag.py
[2022-10-19T15:37:30.817+0000] {processor.py:768} INFO - DAG(s) dict_keys(['example_nested_branch_dag']) retrieved from /home/airflow/.local/lib/python3.7/site-packages/airflow/example_dags/example_nested_branch_dag.py
[2022-10-19T15:37:30.960+0000] {logging_mixin.py:117} INFO - [2022-10-19T15:37:30.959+0000] {dag.py:2573} INFO - Sync 1 DAGs
[2022-10-19T15:37:31.007+0000] {logging_mixin.py:117} INFO - [2022-10-19T15:37:31.007+0000] {dag.py:3328} INFO - Setting next_dagrun for example_nested_branch_dag to 2022-10-18T00:00:00+00:00, run_after=2022-10-19T00:00:00+00:00
[2022-10-19T15:37:31.042+0000] {processor.py:178} INFO - Processing /home/airflow/.local/lib/python3.7/site-packages/airflow/example_dags/example_nested_branch_dag.py took 0.328 seconds
[2022-10-19T15:38:01.304+0000] {processor.py:156} INFO - Started process (PID=359) to work on /home/airflow/.local/lib/python3.7/site-packages/airflow/example_dags/example_nested_branch_dag.py
[2022-10-19T15:38:01.306+0000] {processor.py:758} INFO - Processing file /home/airflow/.local/lib/python3.7/site-packages/airflow/example_dags/example_nested_branch_dag.py for tasks to queue
[2022-10-19T15:38:01.308+0000] {logging_mixin.py:117} INFO - [2022-10-19T15:38:01.308+0000] {dagbag.py:525} INFO - Filling up the DagBag from /home/airflow/.local/lib/python3.7/site-packages/airflow/example_dags/example_nested_branch_dag.py
[2022-10-19T15:38:01.356+0000] {processor.py:768} INFO - DAG(s) dict_keys(['example_nested_branch_dag']) retrieved from /home/airflow/.local/lib/python3.7/site-packages/airflow/example_dags/example_nested_branch_dag.py
[2022-10-19T15:38:01.414+0000] {logging_mixin.py:117} INFO - [2022-10-19T15:38:01.414+0000] {dag.py:2573} INFO - Sync 1 DAGs
[2022-10-19T15:38:01.439+0000] {logging_mixin.py:117} INFO - [2022-10-19T15:38:01.439+0000] {dag.py:3328} INFO - Setting next_dagrun for example_nested_branch_dag to 2022-10-18T00:00:00+00:00, run_after=2022-10-19T00:00:00+00:00
[2022-10-19T15:38:01.453+0000] {processor.py:178} INFO - Processing /home/airflow/.local/lib/python3.7/site-packages/airflow/example_dags/example_nested_branch_dag.py took 0.158 seconds
[2022-10-19T15:38:31.869+0000] {processor.py:156} INFO - Started process (PID=415) to work on /home/airflow/.local/lib/python3.7/site-packages/airflow/example_dags/example_nested_branch_dag.py
[2022-10-19T15:38:31.874+0000] {processor.py:758} INFO - Processing file /home/airflow/.local/lib/python3.7/site-packages/airflow/example_dags/example_nested_branch_dag.py for tasks to queue
[2022-10-19T15:38:31.876+0000] {logging_mixin.py:117} INFO - [2022-10-19T15:38:31.875+0000] {dagbag.py:525} INFO - Filling up the DagBag from /home/airflow/.local/lib/python3.7/site-packages/airflow/example_dags/example_nested_branch_dag.py
[2022-10-19T15:38:31.926+0000] {processor.py:768} INFO - DAG(s) dict_keys(['example_nested_branch_dag']) retrieved from /home/airflow/.local/lib/python3.7/site-packages/airflow/example_dags/example_nested_branch_dag.py
[2022-10-19T15:38:32.041+0000] {logging_mixin.py:117} INFO - [2022-10-19T15:38:32.038+0000] {dag.py:2573} INFO - Sync 1 DAGs
[2022-10-19T15:38:32.111+0000] {logging_mixin.py:117} INFO - [2022-10-19T15:38:32.110+0000] {dag.py:3328} INFO - Setting next_dagrun for example_nested_branch_dag to 2022-10-18T00:00:00+00:00, run_after=2022-10-19T00:00:00+00:00
[2022-10-19T15:38:32.148+0000] {processor.py:178} INFO - Processing /home/airflow/.local/lib/python3.7/site-packages/airflow/example_dags/example_nested_branch_dag.py took 0.282 seconds
[2022-10-19T15:39:03.067+0000] {processor.py:156} INFO - Started process (PID=479) to work on /home/airflow/.local/lib/python3.7/site-packages/airflow/example_dags/example_nested_branch_dag.py
[2022-10-19T15:39:03.069+0000] {processor.py:758} INFO - Processing file /home/airflow/.local/lib/python3.7/site-packages/airflow/example_dags/example_nested_branch_dag.py for tasks to queue
[2022-10-19T15:39:03.070+0000] {logging_mixin.py:117} INFO - [2022-10-19T15:39:03.070+0000] {dagbag.py:525} INFO - Filling up the DagBag from /home/airflow/.local/lib/python3.7/site-packages/airflow/example_dags/example_nested_branch_dag.py
[2022-10-19T15:39:03.090+0000] {processor.py:768} INFO - DAG(s) dict_keys(['example_nested_branch_dag']) retrieved from /home/airflow/.local/lib/python3.7/site-packages/airflow/example_dags/example_nested_branch_dag.py
[2022-10-19T15:39:03.120+0000] {logging_mixin.py:117} INFO - [2022-10-19T15:39:03.120+0000] {dag.py:2573} INFO - Sync 1 DAGs
[2022-10-19T15:39:03.142+0000] {logging_mixin.py:117} INFO - [2022-10-19T15:39:03.142+0000] {dag.py:3328} INFO - Setting next_dagrun for example_nested_branch_dag to 2022-10-18T00:00:00+00:00, run_after=2022-10-19T00:00:00+00:00
[2022-10-19T15:39:03.157+0000] {processor.py:178} INFO - Processing /home/airflow/.local/lib/python3.7/site-packages/airflow/example_dags/example_nested_branch_dag.py took 0.093 seconds
[2022-10-19T15:39:55.508+0000] {processor.py:156} INFO - Started process (PID=545) to work on /home/airflow/.local/lib/python3.7/site-packages/airflow/example_dags/example_nested_branch_dag.py
[2022-10-19T15:39:55.511+0000] {processor.py:758} INFO - Processing file /home/airflow/.local/lib/python3.7/site-packages/airflow/example_dags/example_nested_branch_dag.py for tasks to queue
[2022-10-19T15:39:55.515+0000] {logging_mixin.py:117} INFO - [2022-10-19T15:39:55.515+0000] {dagbag.py:525} INFO - Filling up the DagBag from /home/airflow/.local/lib/python3.7/site-packages/airflow/example_dags/example_nested_branch_dag.py
[2022-10-19T15:39:55.554+0000] {processor.py:768} INFO - DAG(s) dict_keys(['example_nested_branch_dag']) retrieved from /home/airflow/.local/lib/python3.7/site-packages/airflow/example_dags/example_nested_branch_dag.py
[2022-10-19T15:39:55.640+0000] {logging_mixin.py:117} INFO - [2022-10-19T15:39:55.640+0000] {dag.py:2573} INFO - Sync 1 DAGs
[2022-10-19T15:39:55.724+0000] {logging_mixin.py:117} INFO - [2022-10-19T15:39:55.724+0000] {dag.py:3328} INFO - Setting next_dagrun for example_nested_branch_dag to 2022-10-18T00:00:00+00:00, run_after=2022-10-19T00:00:00+00:00
[2022-10-19T15:39:55.796+0000] {processor.py:178} INFO - Processing /home/airflow/.local/lib/python3.7/site-packages/airflow/example_dags/example_nested_branch_dag.py took 0.295 seconds
[2022-10-19T15:40:26.353+0000] {processor.py:156} INFO - Started process (PID=601) to work on /home/airflow/.local/lib/python3.7/site-packages/airflow/example_dags/example_nested_branch_dag.py
[2022-10-19T15:40:26.354+0000] {processor.py:758} INFO - Processing file /home/airflow/.local/lib/python3.7/site-packages/airflow/example_dags/example_nested_branch_dag.py for tasks to queue
[2022-10-19T15:40:26.355+0000] {logging_mixin.py:117} INFO - [2022-10-19T15:40:26.355+0000] {dagbag.py:525} INFO - Filling up the DagBag from /home/airflow/.local/lib/python3.7/site-packages/airflow/example_dags/example_nested_branch_dag.py
[2022-10-19T15:40:26.373+0000] {processor.py:768} INFO - DAG(s) dict_keys(['example_nested_branch_dag']) retrieved from /home/airflow/.local/lib/python3.7/site-packages/airflow/example_dags/example_nested_branch_dag.py
[2022-10-19T15:40:26.406+0000] {logging_mixin.py:117} INFO - [2022-10-19T15:40:26.406+0000] {dag.py:2573} INFO - Sync 1 DAGs
[2022-10-19T15:40:26.425+0000] {logging_mixin.py:117} INFO - [2022-10-19T15:40:26.425+0000] {dag.py:3328} INFO - Setting next_dagrun for example_nested_branch_dag to 2022-10-18T00:00:00+00:00, run_after=2022-10-19T00:00:00+00:00
[2022-10-19T15:40:26.447+0000] {processor.py:178} INFO - Processing /home/airflow/.local/lib/python3.7/site-packages/airflow/example_dags/example_nested_branch_dag.py took 0.097 seconds
[2022-10-19T15:40:57.489+0000] {processor.py:156} INFO - Started process (PID=666) to work on /home/airflow/.local/lib/python3.7/site-packages/airflow/example_dags/example_nested_branch_dag.py
[2022-10-19T15:40:57.493+0000] {processor.py:758} INFO - Processing file /home/airflow/.local/lib/python3.7/site-packages/airflow/example_dags/example_nested_branch_dag.py for tasks to queue
[2022-10-19T15:40:57.496+0000] {logging_mixin.py:117} INFO - [2022-10-19T15:40:57.496+0000] {dagbag.py:525} INFO - Filling up the DagBag from /home/airflow/.local/lib/python3.7/site-packages/airflow/example_dags/example_nested_branch_dag.py
[2022-10-19T15:40:57.522+0000] {processor.py:768} INFO - DAG(s) dict_keys(['example_nested_branch_dag']) retrieved from /home/airflow/.local/lib/python3.7/site-packages/airflow/example_dags/example_nested_branch_dag.py
[2022-10-19T15:40:57.565+0000] {logging_mixin.py:117} INFO - [2022-10-19T15:40:57.565+0000] {dag.py:2573} INFO - Sync 1 DAGs
[2022-10-19T15:40:57.586+0000] {logging_mixin.py:117} INFO - [2022-10-19T15:40:57.586+0000] {dag.py:3328} INFO - Setting next_dagrun for example_nested_branch_dag to 2022-10-18T00:00:00+00:00, run_after=2022-10-19T00:00:00+00:00
[2022-10-19T15:40:57.605+0000] {processor.py:178} INFO - Processing /home/airflow/.local/lib/python3.7/site-packages/airflow/example_dags/example_nested_branch_dag.py took 0.119 seconds
[2022-10-19T15:41:28.061+0000] {processor.py:156} INFO - Started process (PID=732) to work on /home/airflow/.local/lib/python3.7/site-packages/airflow/example_dags/example_nested_branch_dag.py
[2022-10-19T15:41:28.070+0000] {processor.py:758} INFO - Processing file /home/airflow/.local/lib/python3.7/site-packages/airflow/example_dags/example_nested_branch_dag.py for tasks to queue
[2022-10-19T15:41:28.082+0000] {logging_mixin.py:117} INFO - [2022-10-19T15:41:28.082+0000] {dagbag.py:525} INFO - Filling up the DagBag from /home/airflow/.local/lib/python3.7/site-packages/airflow/example_dags/example_nested_branch_dag.py
[2022-10-19T15:41:28.311+0000] {processor.py:768} INFO - DAG(s) dict_keys(['example_nested_branch_dag']) retrieved from /home/airflow/.local/lib/python3.7/site-packages/airflow/example_dags/example_nested_branch_dag.py
[2022-10-19T15:41:28.564+0000] {logging_mixin.py:117} INFO - [2022-10-19T15:41:28.564+0000] {dag.py:2573} INFO - Sync 1 DAGs
[2022-10-19T15:41:28.644+0000] {logging_mixin.py:117} INFO - [2022-10-19T15:41:28.644+0000] {dag.py:3328} INFO - Setting next_dagrun for example_nested_branch_dag to 2022-10-18T00:00:00+00:00, run_after=2022-10-19T00:00:00+00:00
[2022-10-19T15:41:28.685+0000] {processor.py:178} INFO - Processing /home/airflow/.local/lib/python3.7/site-packages/airflow/example_dags/example_nested_branch_dag.py took 0.633 seconds
[2022-10-19T15:41:59.588+0000] {processor.py:156} INFO - Started process (PID=797) to work on /home/airflow/.local/lib/python3.7/site-packages/airflow/example_dags/example_nested_branch_dag.py
[2022-10-19T15:41:59.590+0000] {processor.py:758} INFO - Processing file /home/airflow/.local/lib/python3.7/site-packages/airflow/example_dags/example_nested_branch_dag.py for tasks to queue
[2022-10-19T15:41:59.592+0000] {logging_mixin.py:117} INFO - [2022-10-19T15:41:59.592+0000] {dagbag.py:525} INFO - Filling up the DagBag from /home/airflow/.local/lib/python3.7/site-packages/airflow/example_dags/example_nested_branch_dag.py
[2022-10-19T15:41:59.618+0000] {processor.py:768} INFO - DAG(s) dict_keys(['example_nested_branch_dag']) retrieved from /home/airflow/.local/lib/python3.7/site-packages/airflow/example_dags/example_nested_branch_dag.py
[2022-10-19T15:41:59.655+0000] {logging_mixin.py:117} INFO - [2022-10-19T15:41:59.655+0000] {dag.py:2573} INFO - Sync 1 DAGs
[2022-10-19T15:41:59.678+0000] {logging_mixin.py:117} INFO - [2022-10-19T15:41:59.678+0000] {dag.py:3328} INFO - Setting next_dagrun for example_nested_branch_dag to 2022-10-18T00:00:00+00:00, run_after=2022-10-19T00:00:00+00:00
[2022-10-19T15:41:59.693+0000] {processor.py:178} INFO - Processing /home/airflow/.local/lib/python3.7/site-packages/airflow/example_dags/example_nested_branch_dag.py took 0.111 seconds
[2022-10-19T15:42:30.022+0000] {processor.py:156} INFO - Started process (PID=853) to work on /home/airflow/.local/lib/python3.7/site-packages/airflow/example_dags/example_nested_branch_dag.py
[2022-10-19T15:42:30.026+0000] {processor.py:758} INFO - Processing file /home/airflow/.local/lib/python3.7/site-packages/airflow/example_dags/example_nested_branch_dag.py for tasks to queue
[2022-10-19T15:42:30.031+0000] {logging_mixin.py:117} INFO - [2022-10-19T15:42:30.030+0000] {dagbag.py:525} INFO - Filling up the DagBag from /home/airflow/.local/lib/python3.7/site-packages/airflow/example_dags/example_nested_branch_dag.py
[2022-10-19T15:42:30.073+0000] {processor.py:768} INFO - DAG(s) dict_keys(['example_nested_branch_dag']) retrieved from /home/airflow/.local/lib/python3.7/site-packages/airflow/example_dags/example_nested_branch_dag.py
[2022-10-19T15:42:30.121+0000] {logging_mixin.py:117} INFO - [2022-10-19T15:42:30.121+0000] {dag.py:2573} INFO - Sync 1 DAGs
[2022-10-19T15:42:30.148+0000] {logging_mixin.py:117} INFO - [2022-10-19T15:42:30.148+0000] {dag.py:3328} INFO - Setting next_dagrun for example_nested_branch_dag to 2022-10-18T00:00:00+00:00, run_after=2022-10-19T00:00:00+00:00
[2022-10-19T15:42:30.165+0000] {processor.py:178} INFO - Processing /home/airflow/.local/lib/python3.7/site-packages/airflow/example_dags/example_nested_branch_dag.py took 0.146 seconds
[2022-10-19T15:43:00.576+0000] {processor.py:156} INFO - Started process (PID=919) to work on /home/airflow/.local/lib/python3.7/site-packages/airflow/example_dags/example_nested_branch_dag.py
[2022-10-19T15:43:00.579+0000] {processor.py:758} INFO - Processing file /home/airflow/.local/lib/python3.7/site-packages/airflow/example_dags/example_nested_branch_dag.py for tasks to queue
[2022-10-19T15:43:00.581+0000] {logging_mixin.py:117} INFO - [2022-10-19T15:43:00.581+0000] {dagbag.py:525} INFO - Filling up the DagBag from /home/airflow/.local/lib/python3.7/site-packages/airflow/example_dags/example_nested_branch_dag.py
[2022-10-19T15:43:00.619+0000] {processor.py:768} INFO - DAG(s) dict_keys(['example_nested_branch_dag']) retrieved from /home/airflow/.local/lib/python3.7/site-packages/airflow/example_dags/example_nested_branch_dag.py
[2022-10-19T15:43:00.679+0000] {logging_mixin.py:117} INFO - [2022-10-19T15:43:00.679+0000] {dag.py:2573} INFO - Sync 1 DAGs
[2022-10-19T15:43:00.718+0000] {logging_mixin.py:117} INFO - [2022-10-19T15:43:00.718+0000] {dag.py:3328} INFO - Setting next_dagrun for example_nested_branch_dag to 2022-10-18T00:00:00+00:00, run_after=2022-10-19T00:00:00+00:00
[2022-10-19T15:43:00.747+0000] {processor.py:178} INFO - Processing /home/airflow/.local/lib/python3.7/site-packages/airflow/example_dags/example_nested_branch_dag.py took 0.175 seconds
[2022-10-19T15:43:30.834+0000] {processor.py:156} INFO - Started process (PID=984) to work on /home/airflow/.local/lib/python3.7/site-packages/airflow/example_dags/example_nested_branch_dag.py
[2022-10-19T15:43:30.836+0000] {processor.py:758} INFO - Processing file /home/airflow/.local/lib/python3.7/site-packages/airflow/example_dags/example_nested_branch_dag.py for tasks to queue
[2022-10-19T15:43:30.838+0000] {logging_mixin.py:117} INFO - [2022-10-19T15:43:30.838+0000] {dagbag.py:525} INFO - Filling up the DagBag from /home/airflow/.local/lib/python3.7/site-packages/airflow/example_dags/example_nested_branch_dag.py
[2022-10-19T15:43:30.872+0000] {processor.py:768} INFO - DAG(s) dict_keys(['example_nested_branch_dag']) retrieved from /home/airflow/.local/lib/python3.7/site-packages/airflow/example_dags/example_nested_branch_dag.py
[2022-10-19T15:43:30.926+0000] {logging_mixin.py:117} INFO - [2022-10-19T15:43:30.926+0000] {dag.py:2573} INFO - Sync 1 DAGs
[2022-10-19T15:43:30.963+0000] {logging_mixin.py:117} INFO - [2022-10-19T15:43:30.963+0000] {dag.py:3328} INFO - Setting next_dagrun for example_nested_branch_dag to 2022-10-18T00:00:00+00:00, run_after=2022-10-19T00:00:00+00:00
[2022-10-19T15:43:30.983+0000] {processor.py:178} INFO - Processing /home/airflow/.local/lib/python3.7/site-packages/airflow/example_dags/example_nested_branch_dag.py took 0.154 seconds
[2022-10-19T15:44:49.560+0000] {processor.py:156} INFO - Started process (PID=1051) to work on /home/airflow/.local/lib/python3.7/site-packages/airflow/example_dags/example_nested_branch_dag.py
[2022-10-19T15:44:49.562+0000] {processor.py:758} INFO - Processing file /home/airflow/.local/lib/python3.7/site-packages/airflow/example_dags/example_nested_branch_dag.py for tasks to queue
[2022-10-19T15:44:49.567+0000] {logging_mixin.py:117} INFO - [2022-10-19T15:44:49.567+0000] {dagbag.py:525} INFO - Filling up the DagBag from /home/airflow/.local/lib/python3.7/site-packages/airflow/example_dags/example_nested_branch_dag.py
[2022-10-19T15:44:49.594+0000] {processor.py:768} INFO - DAG(s) dict_keys(['example_nested_branch_dag']) retrieved from /home/airflow/.local/lib/python3.7/site-packages/airflow/example_dags/example_nested_branch_dag.py
[2022-10-19T15:44:49.763+0000] {logging_mixin.py:117} INFO - [2022-10-19T15:44:49.763+0000] {dag.py:2573} INFO - Sync 1 DAGs
[2022-10-19T15:44:49.850+0000] {logging_mixin.py:117} INFO - [2022-10-19T15:44:49.849+0000] {dag.py:3328} INFO - Setting next_dagrun for example_nested_branch_dag to 2022-10-18T00:00:00+00:00, run_after=2022-10-19T00:00:00+00:00
[2022-10-19T15:44:49.887+0000] {processor.py:178} INFO - Processing /home/airflow/.local/lib/python3.7/site-packages/airflow/example_dags/example_nested_branch_dag.py took 0.329 seconds
[2022-10-19T15:45:22.884+0000] {processor.py:156} INFO - Started process (PID=1107) to work on /home/airflow/.local/lib/python3.7/site-packages/airflow/example_dags/example_nested_branch_dag.py
[2022-10-19T15:45:22.888+0000] {processor.py:758} INFO - Processing file /home/airflow/.local/lib/python3.7/site-packages/airflow/example_dags/example_nested_branch_dag.py for tasks to queue
[2022-10-19T15:45:22.893+0000] {logging_mixin.py:117} INFO - [2022-10-19T15:45:22.892+0000] {dagbag.py:525} INFO - Filling up the DagBag from /home/airflow/.local/lib/python3.7/site-packages/airflow/example_dags/example_nested_branch_dag.py
[2022-10-19T15:45:22.984+0000] {processor.py:768} INFO - DAG(s) dict_keys(['example_nested_branch_dag']) retrieved from /home/airflow/.local/lib/python3.7/site-packages/airflow/example_dags/example_nested_branch_dag.py
[2022-10-19T15:45:23.357+0000] {logging_mixin.py:117} INFO - [2022-10-19T15:45:23.355+0000] {dag.py:2573} INFO - Sync 1 DAGs
[2022-10-19T15:45:23.409+0000] {logging_mixin.py:117} INFO - [2022-10-19T15:45:23.409+0000] {dag.py:3328} INFO - Setting next_dagrun for example_nested_branch_dag to 2022-10-18T00:00:00+00:00, run_after=2022-10-19T00:00:00+00:00
[2022-10-19T15:45:23.493+0000] {processor.py:178} INFO - Processing /home/airflow/.local/lib/python3.7/site-packages/airflow/example_dags/example_nested_branch_dag.py took 0.627 seconds
[2022-10-19T15:46:43.078+0000] {processor.py:156} INFO - Started process (PID=1171) to work on /home/airflow/.local/lib/python3.7/site-packages/airflow/example_dags/example_nested_branch_dag.py
[2022-10-19T15:46:43.100+0000] {processor.py:758} INFO - Processing file /home/airflow/.local/lib/python3.7/site-packages/airflow/example_dags/example_nested_branch_dag.py for tasks to queue
[2022-10-19T15:46:43.133+0000] {logging_mixin.py:117} INFO - [2022-10-19T15:46:43.133+0000] {dagbag.py:525} INFO - Filling up the DagBag from /home/airflow/.local/lib/python3.7/site-packages/airflow/example_dags/example_nested_branch_dag.py
[2022-10-19T15:46:43.288+0000] {processor.py:768} INFO - DAG(s) dict_keys(['example_nested_branch_dag']) retrieved from /home/airflow/.local/lib/python3.7/site-packages/airflow/example_dags/example_nested_branch_dag.py
[2022-10-19T15:46:43.444+0000] {logging_mixin.py:117} INFO - [2022-10-19T15:46:43.444+0000] {dag.py:2573} INFO - Sync 1 DAGs
[2022-10-19T15:46:43.530+0000] {logging_mixin.py:117} INFO - [2022-10-19T15:46:43.530+0000] {dag.py:3328} INFO - Setting next_dagrun for example_nested_branch_dag to 2022-10-18T00:00:00+00:00, run_after=2022-10-19T00:00:00+00:00
[2022-10-19T15:46:43.648+0000] {processor.py:178} INFO - Processing /home/airflow/.local/lib/python3.7/site-packages/airflow/example_dags/example_nested_branch_dag.py took 0.577 seconds
[2022-10-19T15:47:13.809+0000] {processor.py:156} INFO - Started process (PID=1235) to work on /home/airflow/.local/lib/python3.7/site-packages/airflow/example_dags/example_nested_branch_dag.py
[2022-10-19T15:47:13.818+0000] {processor.py:758} INFO - Processing file /home/airflow/.local/lib/python3.7/site-packages/airflow/example_dags/example_nested_branch_dag.py for tasks to queue
[2022-10-19T15:47:13.821+0000] {logging_mixin.py:117} INFO - [2022-10-19T15:47:13.821+0000] {dagbag.py:525} INFO - Filling up the DagBag from /home/airflow/.local/lib/python3.7/site-packages/airflow/example_dags/example_nested_branch_dag.py
[2022-10-19T15:47:13.853+0000] {processor.py:768} INFO - DAG(s) dict_keys(['example_nested_branch_dag']) retrieved from /home/airflow/.local/lib/python3.7/site-packages/airflow/example_dags/example_nested_branch_dag.py
[2022-10-19T15:47:13.901+0000] {logging_mixin.py:117} INFO - [2022-10-19T15:47:13.901+0000] {dag.py:2573} INFO - Sync 1 DAGs
[2022-10-19T15:47:13.933+0000] {logging_mixin.py:117} INFO - [2022-10-19T15:47:13.932+0000] {dag.py:3328} INFO - Setting next_dagrun for example_nested_branch_dag to 2022-10-18T00:00:00+00:00, run_after=2022-10-19T00:00:00+00:00
[2022-10-19T15:47:13.961+0000] {processor.py:178} INFO - Processing /home/airflow/.local/lib/python3.7/site-packages/airflow/example_dags/example_nested_branch_dag.py took 0.155 seconds
[2022-10-19T15:47:44.800+0000] {processor.py:156} INFO - Started process (PID=1291) to work on /home/airflow/.local/lib/python3.7/site-packages/airflow/example_dags/example_nested_branch_dag.py
[2022-10-19T15:47:44.805+0000] {processor.py:758} INFO - Processing file /home/airflow/.local/lib/python3.7/site-packages/airflow/example_dags/example_nested_branch_dag.py for tasks to queue
[2022-10-19T15:47:44.807+0000] {logging_mixin.py:117} INFO - [2022-10-19T15:47:44.807+0000] {dagbag.py:525} INFO - Filling up the DagBag from /home/airflow/.local/lib/python3.7/site-packages/airflow/example_dags/example_nested_branch_dag.py
[2022-10-19T15:47:44.896+0000] {processor.py:768} INFO - DAG(s) dict_keys(['example_nested_branch_dag']) retrieved from /home/airflow/.local/lib/python3.7/site-packages/airflow/example_dags/example_nested_branch_dag.py
[2022-10-19T15:47:45.018+0000] {logging_mixin.py:117} INFO - [2022-10-19T15:47:45.017+0000] {dag.py:2573} INFO - Sync 1 DAGs
[2022-10-19T15:47:45.061+0000] {logging_mixin.py:117} INFO - [2022-10-19T15:47:45.060+0000] {dag.py:3328} INFO - Setting next_dagrun for example_nested_branch_dag to 2022-10-18T00:00:00+00:00, run_after=2022-10-19T00:00:00+00:00
[2022-10-19T15:47:45.093+0000] {processor.py:178} INFO - Processing /home/airflow/.local/lib/python3.7/site-packages/airflow/example_dags/example_nested_branch_dag.py took 0.299 seconds
[2022-10-19T15:48:16.496+0000] {processor.py:156} INFO - Started process (PID=1347) to work on /home/airflow/.local/lib/python3.7/site-packages/airflow/example_dags/example_nested_branch_dag.py
[2022-10-19T15:48:16.500+0000] {processor.py:758} INFO - Processing file /home/airflow/.local/lib/python3.7/site-packages/airflow/example_dags/example_nested_branch_dag.py for tasks to queue
[2022-10-19T15:48:16.502+0000] {logging_mixin.py:117} INFO - [2022-10-19T15:48:16.502+0000] {dagbag.py:525} INFO - Filling up the DagBag from /home/airflow/.local/lib/python3.7/site-packages/airflow/example_dags/example_nested_branch_dag.py
[2022-10-19T15:48:16.704+0000] {processor.py:768} INFO - DAG(s) dict_keys(['example_nested_branch_dag']) retrieved from /home/airflow/.local/lib/python3.7/site-packages/airflow/example_dags/example_nested_branch_dag.py
[2022-10-19T15:48:16.944+0000] {logging_mixin.py:117} INFO - [2022-10-19T15:48:16.944+0000] {dag.py:2573} INFO - Sync 1 DAGs
[2022-10-19T15:48:17.069+0000] {logging_mixin.py:117} INFO - [2022-10-19T15:48:17.069+0000] {dag.py:3328} INFO - Setting next_dagrun for example_nested_branch_dag to 2022-10-18T00:00:00+00:00, run_after=2022-10-19T00:00:00+00:00
[2022-10-19T15:48:17.128+0000] {processor.py:178} INFO - Processing /home/airflow/.local/lib/python3.7/site-packages/airflow/example_dags/example_nested_branch_dag.py took 0.640 seconds
[2022-10-19T15:51:32.414+0000] {processor.py:156} INFO - Started process (PID=1483) to work on /home/airflow/.local/lib/python3.7/site-packages/airflow/example_dags/example_nested_branch_dag.py
[2022-10-19T15:51:32.416+0000] {processor.py:758} INFO - Processing file /home/airflow/.local/lib/python3.7/site-packages/airflow/example_dags/example_nested_branch_dag.py for tasks to queue
[2022-10-19T15:51:32.418+0000] {logging_mixin.py:117} INFO - [2022-10-19T15:51:32.418+0000] {dagbag.py:525} INFO - Filling up the DagBag from /home/airflow/.local/lib/python3.7/site-packages/airflow/example_dags/example_nested_branch_dag.py
[2022-10-19T15:51:32.438+0000] {processor.py:768} INFO - DAG(s) dict_keys(['example_nested_branch_dag']) retrieved from /home/airflow/.local/lib/python3.7/site-packages/airflow/example_dags/example_nested_branch_dag.py
[2022-10-19T15:51:32.471+0000] {logging_mixin.py:117} INFO - [2022-10-19T15:51:32.470+0000] {dag.py:2573} INFO - Sync 1 DAGs
[2022-10-19T15:51:32.497+0000] {logging_mixin.py:117} INFO - [2022-10-19T15:51:32.497+0000] {dag.py:3328} INFO - Setting next_dagrun for example_nested_branch_dag to 2022-10-18T00:00:00+00:00, run_after=2022-10-19T00:00:00+00:00
[2022-10-19T15:51:32.521+0000] {processor.py:178} INFO - Processing /home/airflow/.local/lib/python3.7/site-packages/airflow/example_dags/example_nested_branch_dag.py took 0.110 seconds
[2022-10-19T15:59:16.980+0000] {processor.py:156} INFO - Started process (PID=130) to work on /home/airflow/.local/lib/python3.7/site-packages/airflow/example_dags/example_nested_branch_dag.py
[2022-10-19T15:59:16.983+0000] {processor.py:758} INFO - Processing file /home/airflow/.local/lib/python3.7/site-packages/airflow/example_dags/example_nested_branch_dag.py for tasks to queue
[2022-10-19T15:59:16.987+0000] {logging_mixin.py:117} INFO - [2022-10-19T15:59:16.987+0000] {dagbag.py:525} INFO - Filling up the DagBag from /home/airflow/.local/lib/python3.7/site-packages/airflow/example_dags/example_nested_branch_dag.py
[2022-10-19T15:59:17.007+0000] {processor.py:768} INFO - DAG(s) dict_keys(['example_nested_branch_dag']) retrieved from /home/airflow/.local/lib/python3.7/site-packages/airflow/example_dags/example_nested_branch_dag.py
[2022-10-19T15:59:17.042+0000] {logging_mixin.py:117} INFO - [2022-10-19T15:59:17.042+0000] {dag.py:2573} INFO - Sync 1 DAGs
[2022-10-19T15:59:17.059+0000] {logging_mixin.py:117} INFO - [2022-10-19T15:59:17.059+0000] {dag.py:3328} INFO - Setting next_dagrun for example_nested_branch_dag to 2022-10-18T00:00:00+00:00, run_after=2022-10-19T00:00:00+00:00
[2022-10-19T15:59:17.084+0000] {processor.py:178} INFO - Processing /home/airflow/.local/lib/python3.7/site-packages/airflow/example_dags/example_nested_branch_dag.py took 0.106 seconds
[2022-10-19T15:59:48.560+0000] {processor.py:156} INFO - Started process (PID=195) to work on /home/airflow/.local/lib/python3.7/site-packages/airflow/example_dags/example_nested_branch_dag.py
[2022-10-19T15:59:48.564+0000] {processor.py:758} INFO - Processing file /home/airflow/.local/lib/python3.7/site-packages/airflow/example_dags/example_nested_branch_dag.py for tasks to queue
[2022-10-19T15:59:48.566+0000] {logging_mixin.py:117} INFO - [2022-10-19T15:59:48.566+0000] {dagbag.py:525} INFO - Filling up the DagBag from /home/airflow/.local/lib/python3.7/site-packages/airflow/example_dags/example_nested_branch_dag.py
[2022-10-19T15:59:48.595+0000] {processor.py:768} INFO - DAG(s) dict_keys(['example_nested_branch_dag']) retrieved from /home/airflow/.local/lib/python3.7/site-packages/airflow/example_dags/example_nested_branch_dag.py
[2022-10-19T15:59:48.633+0000] {logging_mixin.py:117} INFO - [2022-10-19T15:59:48.632+0000] {dag.py:2573} INFO - Sync 1 DAGs
[2022-10-19T15:59:48.659+0000] {logging_mixin.py:117} INFO - [2022-10-19T15:59:48.659+0000] {dag.py:3328} INFO - Setting next_dagrun for example_nested_branch_dag to 2022-10-18T00:00:00+00:00, run_after=2022-10-19T00:00:00+00:00
[2022-10-19T15:59:48.677+0000] {processor.py:178} INFO - Processing /home/airflow/.local/lib/python3.7/site-packages/airflow/example_dags/example_nested_branch_dag.py took 0.120 seconds
[2022-10-19T16:00:23.387+0000] {processor.py:156} INFO - Started process (PID=260) to work on /home/airflow/.local/lib/python3.7/site-packages/airflow/example_dags/example_nested_branch_dag.py
[2022-10-19T16:00:23.391+0000] {processor.py:758} INFO - Processing file /home/airflow/.local/lib/python3.7/site-packages/airflow/example_dags/example_nested_branch_dag.py for tasks to queue
[2022-10-19T16:00:23.396+0000] {logging_mixin.py:117} INFO - [2022-10-19T16:00:23.395+0000] {dagbag.py:525} INFO - Filling up the DagBag from /home/airflow/.local/lib/python3.7/site-packages/airflow/example_dags/example_nested_branch_dag.py
[2022-10-19T16:00:23.448+0000] {processor.py:768} INFO - DAG(s) dict_keys(['example_nested_branch_dag']) retrieved from /home/airflow/.local/lib/python3.7/site-packages/airflow/example_dags/example_nested_branch_dag.py
[2022-10-19T16:00:23.538+0000] {logging_mixin.py:117} INFO - [2022-10-19T16:00:23.538+0000] {dag.py:2573} INFO - Sync 1 DAGs
[2022-10-19T16:00:23.587+0000] {logging_mixin.py:117} INFO - [2022-10-19T16:00:23.587+0000] {dag.py:3328} INFO - Setting next_dagrun for example_nested_branch_dag to 2022-10-18T00:00:00+00:00, run_after=2022-10-19T00:00:00+00:00
[2022-10-19T16:00:23.722+0000] {processor.py:178} INFO - Processing /home/airflow/.local/lib/python3.7/site-packages/airflow/example_dags/example_nested_branch_dag.py took 0.338 seconds
[2022-10-19T16:00:53.942+0000] {processor.py:156} INFO - Started process (PID=316) to work on /home/airflow/.local/lib/python3.7/site-packages/airflow/example_dags/example_nested_branch_dag.py
[2022-10-19T16:00:53.944+0000] {processor.py:758} INFO - Processing file /home/airflow/.local/lib/python3.7/site-packages/airflow/example_dags/example_nested_branch_dag.py for tasks to queue
[2022-10-19T16:00:53.946+0000] {logging_mixin.py:117} INFO - [2022-10-19T16:00:53.945+0000] {dagbag.py:525} INFO - Filling up the DagBag from /home/airflow/.local/lib/python3.7/site-packages/airflow/example_dags/example_nested_branch_dag.py
[2022-10-19T16:00:53.961+0000] {processor.py:768} INFO - DAG(s) dict_keys(['example_nested_branch_dag']) retrieved from /home/airflow/.local/lib/python3.7/site-packages/airflow/example_dags/example_nested_branch_dag.py
[2022-10-19T16:00:53.999+0000] {logging_mixin.py:117} INFO - [2022-10-19T16:00:53.999+0000] {dag.py:2573} INFO - Sync 1 DAGs
[2022-10-19T16:00:54.018+0000] {logging_mixin.py:117} INFO - [2022-10-19T16:00:54.017+0000] {dag.py:3328} INFO - Setting next_dagrun for example_nested_branch_dag to 2022-10-18T00:00:00+00:00, run_after=2022-10-19T00:00:00+00:00
[2022-10-19T16:00:54.031+0000] {processor.py:178} INFO - Processing /home/airflow/.local/lib/python3.7/site-packages/airflow/example_dags/example_nested_branch_dag.py took 0.091 seconds
[2022-10-19T16:01:24.383+0000] {processor.py:156} INFO - Started process (PID=381) to work on /home/airflow/.local/lib/python3.7/site-packages/airflow/example_dags/example_nested_branch_dag.py
[2022-10-19T16:01:24.395+0000] {processor.py:758} INFO - Processing file /home/airflow/.local/lib/python3.7/site-packages/airflow/example_dags/example_nested_branch_dag.py for tasks to queue
[2022-10-19T16:01:24.401+0000] {logging_mixin.py:117} INFO - [2022-10-19T16:01:24.399+0000] {dagbag.py:525} INFO - Filling up the DagBag from /home/airflow/.local/lib/python3.7/site-packages/airflow/example_dags/example_nested_branch_dag.py
[2022-10-19T16:01:24.707+0000] {processor.py:768} INFO - DAG(s) dict_keys(['example_nested_branch_dag']) retrieved from /home/airflow/.local/lib/python3.7/site-packages/airflow/example_dags/example_nested_branch_dag.py
[2022-10-19T16:01:25.116+0000] {logging_mixin.py:117} INFO - [2022-10-19T16:01:25.116+0000] {dag.py:2573} INFO - Sync 1 DAGs
[2022-10-19T16:01:25.148+0000] {logging_mixin.py:117} INFO - [2022-10-19T16:01:25.147+0000] {dag.py:3328} INFO - Setting next_dagrun for example_nested_branch_dag to 2022-10-18T00:00:00+00:00, run_after=2022-10-19T00:00:00+00:00
[2022-10-19T16:01:25.172+0000] {processor.py:178} INFO - Processing /home/airflow/.local/lib/python3.7/site-packages/airflow/example_dags/example_nested_branch_dag.py took 0.796 seconds
[2022-10-19T16:01:55.218+0000] {processor.py:156} INFO - Started process (PID=447) to work on /home/airflow/.local/lib/python3.7/site-packages/airflow/example_dags/example_nested_branch_dag.py
[2022-10-19T16:01:55.221+0000] {processor.py:758} INFO - Processing file /home/airflow/.local/lib/python3.7/site-packages/airflow/example_dags/example_nested_branch_dag.py for tasks to queue
[2022-10-19T16:01:55.222+0000] {logging_mixin.py:117} INFO - [2022-10-19T16:01:55.222+0000] {dagbag.py:525} INFO - Filling up the DagBag from /home/airflow/.local/lib/python3.7/site-packages/airflow/example_dags/example_nested_branch_dag.py
[2022-10-19T16:01:55.237+0000] {processor.py:768} INFO - DAG(s) dict_keys(['example_nested_branch_dag']) retrieved from /home/airflow/.local/lib/python3.7/site-packages/airflow/example_dags/example_nested_branch_dag.py
[2022-10-19T16:01:55.263+0000] {logging_mixin.py:117} INFO - [2022-10-19T16:01:55.263+0000] {dag.py:2573} INFO - Sync 1 DAGs
[2022-10-19T16:01:55.292+0000] {logging_mixin.py:117} INFO - [2022-10-19T16:01:55.292+0000] {dag.py:3328} INFO - Setting next_dagrun for example_nested_branch_dag to 2022-10-18T00:00:00+00:00, run_after=2022-10-19T00:00:00+00:00
[2022-10-19T16:01:55.316+0000] {processor.py:178} INFO - Processing /home/airflow/.local/lib/python3.7/site-packages/airflow/example_dags/example_nested_branch_dag.py took 0.099 seconds
[2022-10-19T16:02:25.577+0000] {processor.py:156} INFO - Started process (PID=503) to work on /home/airflow/.local/lib/python3.7/site-packages/airflow/example_dags/example_nested_branch_dag.py
[2022-10-19T16:02:25.578+0000] {processor.py:758} INFO - Processing file /home/airflow/.local/lib/python3.7/site-packages/airflow/example_dags/example_nested_branch_dag.py for tasks to queue
[2022-10-19T16:02:25.579+0000] {logging_mixin.py:117} INFO - [2022-10-19T16:02:25.579+0000] {dagbag.py:525} INFO - Filling up the DagBag from /home/airflow/.local/lib/python3.7/site-packages/airflow/example_dags/example_nested_branch_dag.py
[2022-10-19T16:02:25.594+0000] {processor.py:768} INFO - DAG(s) dict_keys(['example_nested_branch_dag']) retrieved from /home/airflow/.local/lib/python3.7/site-packages/airflow/example_dags/example_nested_branch_dag.py
[2022-10-19T16:02:25.620+0000] {logging_mixin.py:117} INFO - [2022-10-19T16:02:25.620+0000] {dag.py:2573} INFO - Sync 1 DAGs
[2022-10-19T16:02:25.637+0000] {logging_mixin.py:117} INFO - [2022-10-19T16:02:25.637+0000] {dag.py:3328} INFO - Setting next_dagrun for example_nested_branch_dag to 2022-10-18T00:00:00+00:00, run_after=2022-10-19T00:00:00+00:00
[2022-10-19T16:02:25.650+0000] {processor.py:178} INFO - Processing /home/airflow/.local/lib/python3.7/site-packages/airflow/example_dags/example_nested_branch_dag.py took 0.075 seconds
[2022-10-19T16:02:55.938+0000] {processor.py:156} INFO - Started process (PID=568) to work on /home/airflow/.local/lib/python3.7/site-packages/airflow/example_dags/example_nested_branch_dag.py
[2022-10-19T16:02:55.940+0000] {processor.py:758} INFO - Processing file /home/airflow/.local/lib/python3.7/site-packages/airflow/example_dags/example_nested_branch_dag.py for tasks to queue
[2022-10-19T16:02:55.942+0000] {logging_mixin.py:117} INFO - [2022-10-19T16:02:55.941+0000] {dagbag.py:525} INFO - Filling up the DagBag from /home/airflow/.local/lib/python3.7/site-packages/airflow/example_dags/example_nested_branch_dag.py
[2022-10-19T16:02:55.959+0000] {processor.py:768} INFO - DAG(s) dict_keys(['example_nested_branch_dag']) retrieved from /home/airflow/.local/lib/python3.7/site-packages/airflow/example_dags/example_nested_branch_dag.py
[2022-10-19T16:02:55.985+0000] {logging_mixin.py:117} INFO - [2022-10-19T16:02:55.985+0000] {dag.py:2573} INFO - Sync 1 DAGs
[2022-10-19T16:02:56.006+0000] {logging_mixin.py:117} INFO - [2022-10-19T16:02:56.006+0000] {dag.py:3328} INFO - Setting next_dagrun for example_nested_branch_dag to 2022-10-18T00:00:00+00:00, run_after=2022-10-19T00:00:00+00:00
[2022-10-19T16:02:56.020+0000] {processor.py:178} INFO - Processing /home/airflow/.local/lib/python3.7/site-packages/airflow/example_dags/example_nested_branch_dag.py took 0.084 seconds
[2022-10-19T16:03:26.789+0000] {processor.py:156} INFO - Started process (PID=633) to work on /home/airflow/.local/lib/python3.7/site-packages/airflow/example_dags/example_nested_branch_dag.py
[2022-10-19T16:03:26.791+0000] {processor.py:758} INFO - Processing file /home/airflow/.local/lib/python3.7/site-packages/airflow/example_dags/example_nested_branch_dag.py for tasks to queue
[2022-10-19T16:03:26.793+0000] {logging_mixin.py:117} INFO - [2022-10-19T16:03:26.793+0000] {dagbag.py:525} INFO - Filling up the DagBag from /home/airflow/.local/lib/python3.7/site-packages/airflow/example_dags/example_nested_branch_dag.py
[2022-10-19T16:03:26.812+0000] {processor.py:768} INFO - DAG(s) dict_keys(['example_nested_branch_dag']) retrieved from /home/airflow/.local/lib/python3.7/site-packages/airflow/example_dags/example_nested_branch_dag.py
[2022-10-19T16:03:26.845+0000] {logging_mixin.py:117} INFO - [2022-10-19T16:03:26.845+0000] {dag.py:2573} INFO - Sync 1 DAGs
[2022-10-19T16:03:26.861+0000] {logging_mixin.py:117} INFO - [2022-10-19T16:03:26.861+0000] {dag.py:3328} INFO - Setting next_dagrun for example_nested_branch_dag to 2022-10-18T00:00:00+00:00, run_after=2022-10-19T00:00:00+00:00
[2022-10-19T16:03:26.875+0000] {processor.py:178} INFO - Processing /home/airflow/.local/lib/python3.7/site-packages/airflow/example_dags/example_nested_branch_dag.py took 0.090 seconds
[2022-10-19T16:03:56.999+0000] {processor.py:156} INFO - Started process (PID=698) to work on /home/airflow/.local/lib/python3.7/site-packages/airflow/example_dags/example_nested_branch_dag.py
[2022-10-19T16:03:57.001+0000] {processor.py:758} INFO - Processing file /home/airflow/.local/lib/python3.7/site-packages/airflow/example_dags/example_nested_branch_dag.py for tasks to queue
[2022-10-19T16:03:57.002+0000] {logging_mixin.py:117} INFO - [2022-10-19T16:03:57.002+0000] {dagbag.py:525} INFO - Filling up the DagBag from /home/airflow/.local/lib/python3.7/site-packages/airflow/example_dags/example_nested_branch_dag.py
[2022-10-19T16:03:57.019+0000] {processor.py:768} INFO - DAG(s) dict_keys(['example_nested_branch_dag']) retrieved from /home/airflow/.local/lib/python3.7/site-packages/airflow/example_dags/example_nested_branch_dag.py
[2022-10-19T16:03:57.048+0000] {logging_mixin.py:117} INFO - [2022-10-19T16:03:57.048+0000] {dag.py:2573} INFO - Sync 1 DAGs
[2022-10-19T16:03:57.066+0000] {logging_mixin.py:117} INFO - [2022-10-19T16:03:57.066+0000] {dag.py:3328} INFO - Setting next_dagrun for example_nested_branch_dag to 2022-10-18T00:00:00+00:00, run_after=2022-10-19T00:00:00+00:00
[2022-10-19T16:03:57.083+0000] {processor.py:178} INFO - Processing /home/airflow/.local/lib/python3.7/site-packages/airflow/example_dags/example_nested_branch_dag.py took 0.086 seconds
[2022-10-19T16:04:28.078+0000] {processor.py:156} INFO - Started process (PID=763) to work on /home/airflow/.local/lib/python3.7/site-packages/airflow/example_dags/example_nested_branch_dag.py
[2022-10-19T16:04:28.080+0000] {processor.py:758} INFO - Processing file /home/airflow/.local/lib/python3.7/site-packages/airflow/example_dags/example_nested_branch_dag.py for tasks to queue
[2022-10-19T16:04:28.083+0000] {logging_mixin.py:117} INFO - [2022-10-19T16:04:28.083+0000] {dagbag.py:525} INFO - Filling up the DagBag from /home/airflow/.local/lib/python3.7/site-packages/airflow/example_dags/example_nested_branch_dag.py
[2022-10-19T16:04:28.103+0000] {processor.py:768} INFO - DAG(s) dict_keys(['example_nested_branch_dag']) retrieved from /home/airflow/.local/lib/python3.7/site-packages/airflow/example_dags/example_nested_branch_dag.py
[2022-10-19T16:04:28.137+0000] {logging_mixin.py:117} INFO - [2022-10-19T16:04:28.137+0000] {dag.py:2573} INFO - Sync 1 DAGs
[2022-10-19T16:04:28.158+0000] {logging_mixin.py:117} INFO - [2022-10-19T16:04:28.158+0000] {dag.py:3328} INFO - Setting next_dagrun for example_nested_branch_dag to 2022-10-18T00:00:00+00:00, run_after=2022-10-19T00:00:00+00:00
[2022-10-19T16:04:28.172+0000] {processor.py:178} INFO - Processing /home/airflow/.local/lib/python3.7/site-packages/airflow/example_dags/example_nested_branch_dag.py took 0.096 seconds
[2022-10-19T16:04:58.570+0000] {processor.py:156} INFO - Started process (PID=819) to work on /home/airflow/.local/lib/python3.7/site-packages/airflow/example_dags/example_nested_branch_dag.py
[2022-10-19T16:04:58.573+0000] {processor.py:758} INFO - Processing file /home/airflow/.local/lib/python3.7/site-packages/airflow/example_dags/example_nested_branch_dag.py for tasks to queue
[2022-10-19T16:04:58.575+0000] {logging_mixin.py:117} INFO - [2022-10-19T16:04:58.575+0000] {dagbag.py:525} INFO - Filling up the DagBag from /home/airflow/.local/lib/python3.7/site-packages/airflow/example_dags/example_nested_branch_dag.py
[2022-10-19T16:04:58.600+0000] {processor.py:768} INFO - DAG(s) dict_keys(['example_nested_branch_dag']) retrieved from /home/airflow/.local/lib/python3.7/site-packages/airflow/example_dags/example_nested_branch_dag.py
[2022-10-19T16:04:58.699+0000] {logging_mixin.py:117} INFO - [2022-10-19T16:04:58.699+0000] {dag.py:2573} INFO - Sync 1 DAGs
[2022-10-19T16:04:58.728+0000] {logging_mixin.py:117} INFO - [2022-10-19T16:04:58.727+0000] {dag.py:3328} INFO - Setting next_dagrun for example_nested_branch_dag to 2022-10-18T00:00:00+00:00, run_after=2022-10-19T00:00:00+00:00
[2022-10-19T16:04:58.745+0000] {processor.py:178} INFO - Processing /home/airflow/.local/lib/python3.7/site-packages/airflow/example_dags/example_nested_branch_dag.py took 0.178 seconds
[2022-10-19T16:05:30.011+0000] {processor.py:156} INFO - Started process (PID=885) to work on /home/airflow/.local/lib/python3.7/site-packages/airflow/example_dags/example_nested_branch_dag.py
[2022-10-19T16:05:30.012+0000] {processor.py:758} INFO - Processing file /home/airflow/.local/lib/python3.7/site-packages/airflow/example_dags/example_nested_branch_dag.py for tasks to queue
[2022-10-19T16:05:30.013+0000] {logging_mixin.py:117} INFO - [2022-10-19T16:05:30.013+0000] {dagbag.py:525} INFO - Filling up the DagBag from /home/airflow/.local/lib/python3.7/site-packages/airflow/example_dags/example_nested_branch_dag.py
[2022-10-19T16:05:30.028+0000] {processor.py:768} INFO - DAG(s) dict_keys(['example_nested_branch_dag']) retrieved from /home/airflow/.local/lib/python3.7/site-packages/airflow/example_dags/example_nested_branch_dag.py
[2022-10-19T16:05:30.060+0000] {logging_mixin.py:117} INFO - [2022-10-19T16:05:30.060+0000] {dag.py:2573} INFO - Sync 1 DAGs
[2022-10-19T16:05:30.076+0000] {logging_mixin.py:117} INFO - [2022-10-19T16:05:30.076+0000] {dag.py:3328} INFO - Setting next_dagrun for example_nested_branch_dag to 2022-10-18T00:00:00+00:00, run_after=2022-10-19T00:00:00+00:00
[2022-10-19T16:05:30.088+0000] {processor.py:178} INFO - Processing /home/airflow/.local/lib/python3.7/site-packages/airflow/example_dags/example_nested_branch_dag.py took 0.080 seconds
[2022-10-19T16:06:00.584+0000] {processor.py:156} INFO - Started process (PID=949) to work on /home/airflow/.local/lib/python3.7/site-packages/airflow/example_dags/example_nested_branch_dag.py
[2022-10-19T16:06:00.587+0000] {processor.py:758} INFO - Processing file /home/airflow/.local/lib/python3.7/site-packages/airflow/example_dags/example_nested_branch_dag.py for tasks to queue
[2022-10-19T16:06:00.589+0000] {logging_mixin.py:117} INFO - [2022-10-19T16:06:00.589+0000] {dagbag.py:525} INFO - Filling up the DagBag from /home/airflow/.local/lib/python3.7/site-packages/airflow/example_dags/example_nested_branch_dag.py
[2022-10-19T16:06:00.622+0000] {processor.py:768} INFO - DAG(s) dict_keys(['example_nested_branch_dag']) retrieved from /home/airflow/.local/lib/python3.7/site-packages/airflow/example_dags/example_nested_branch_dag.py
[2022-10-19T16:06:00.657+0000] {logging_mixin.py:117} INFO - [2022-10-19T16:06:00.657+0000] {dag.py:2573} INFO - Sync 1 DAGs
[2022-10-19T16:06:00.686+0000] {logging_mixin.py:117} INFO - [2022-10-19T16:06:00.686+0000] {dag.py:3328} INFO - Setting next_dagrun for example_nested_branch_dag to 2022-10-18T00:00:00+00:00, run_after=2022-10-19T00:00:00+00:00
[2022-10-19T16:06:00.700+0000] {processor.py:178} INFO - Processing /home/airflow/.local/lib/python3.7/site-packages/airflow/example_dags/example_nested_branch_dag.py took 0.119 seconds
[2022-10-19T16:06:30.903+0000] {processor.py:156} INFO - Started process (PID=1014) to work on /home/airflow/.local/lib/python3.7/site-packages/airflow/example_dags/example_nested_branch_dag.py
[2022-10-19T16:06:30.905+0000] {processor.py:758} INFO - Processing file /home/airflow/.local/lib/python3.7/site-packages/airflow/example_dags/example_nested_branch_dag.py for tasks to queue
[2022-10-19T16:06:30.906+0000] {logging_mixin.py:117} INFO - [2022-10-19T16:06:30.906+0000] {dagbag.py:525} INFO - Filling up the DagBag from /home/airflow/.local/lib/python3.7/site-packages/airflow/example_dags/example_nested_branch_dag.py
[2022-10-19T16:06:30.922+0000] {processor.py:768} INFO - DAG(s) dict_keys(['example_nested_branch_dag']) retrieved from /home/airflow/.local/lib/python3.7/site-packages/airflow/example_dags/example_nested_branch_dag.py
[2022-10-19T16:06:30.949+0000] {logging_mixin.py:117} INFO - [2022-10-19T16:06:30.949+0000] {dag.py:2573} INFO - Sync 1 DAGs
[2022-10-19T16:06:30.972+0000] {logging_mixin.py:117} INFO - [2022-10-19T16:06:30.972+0000] {dag.py:3328} INFO - Setting next_dagrun for example_nested_branch_dag to 2022-10-18T00:00:00+00:00, run_after=2022-10-19T00:00:00+00:00
[2022-10-19T16:06:30.992+0000] {processor.py:178} INFO - Processing /home/airflow/.local/lib/python3.7/site-packages/airflow/example_dags/example_nested_branch_dag.py took 0.091 seconds
[2022-10-19T16:07:02.186+0000] {processor.py:156} INFO - Started process (PID=1080) to work on /home/airflow/.local/lib/python3.7/site-packages/airflow/example_dags/example_nested_branch_dag.py
[2022-10-19T16:07:02.194+0000] {processor.py:758} INFO - Processing file /home/airflow/.local/lib/python3.7/site-packages/airflow/example_dags/example_nested_branch_dag.py for tasks to queue
[2022-10-19T16:07:02.199+0000] {logging_mixin.py:117} INFO - [2022-10-19T16:07:02.198+0000] {dagbag.py:525} INFO - Filling up the DagBag from /home/airflow/.local/lib/python3.7/site-packages/airflow/example_dags/example_nested_branch_dag.py
[2022-10-19T16:07:02.236+0000] {processor.py:768} INFO - DAG(s) dict_keys(['example_nested_branch_dag']) retrieved from /home/airflow/.local/lib/python3.7/site-packages/airflow/example_dags/example_nested_branch_dag.py
[2022-10-19T16:07:02.332+0000] {logging_mixin.py:117} INFO - [2022-10-19T16:07:02.332+0000] {dag.py:2573} INFO - Sync 1 DAGs
[2022-10-19T16:07:02.380+0000] {logging_mixin.py:117} INFO - [2022-10-19T16:07:02.380+0000] {dag.py:3328} INFO - Setting next_dagrun for example_nested_branch_dag to 2022-10-18T00:00:00+00:00, run_after=2022-10-19T00:00:00+00:00
[2022-10-19T16:07:02.403+0000] {processor.py:178} INFO - Processing /home/airflow/.local/lib/python3.7/site-packages/airflow/example_dags/example_nested_branch_dag.py took 0.222 seconds
[2022-10-19T16:07:32.585+0000] {processor.py:156} INFO - Started process (PID=1135) to work on /home/airflow/.local/lib/python3.7/site-packages/airflow/example_dags/example_nested_branch_dag.py
[2022-10-19T16:07:32.587+0000] {processor.py:758} INFO - Processing file /home/airflow/.local/lib/python3.7/site-packages/airflow/example_dags/example_nested_branch_dag.py for tasks to queue
[2022-10-19T16:07:32.588+0000] {logging_mixin.py:117} INFO - [2022-10-19T16:07:32.588+0000] {dagbag.py:525} INFO - Filling up the DagBag from /home/airflow/.local/lib/python3.7/site-packages/airflow/example_dags/example_nested_branch_dag.py
[2022-10-19T16:07:32.608+0000] {processor.py:768} INFO - DAG(s) dict_keys(['example_nested_branch_dag']) retrieved from /home/airflow/.local/lib/python3.7/site-packages/airflow/example_dags/example_nested_branch_dag.py
[2022-10-19T16:07:32.636+0000] {logging_mixin.py:117} INFO - [2022-10-19T16:07:32.636+0000] {dag.py:2573} INFO - Sync 1 DAGs
[2022-10-19T16:07:32.655+0000] {logging_mixin.py:117} INFO - [2022-10-19T16:07:32.655+0000] {dag.py:3328} INFO - Setting next_dagrun for example_nested_branch_dag to 2022-10-18T00:00:00+00:00, run_after=2022-10-19T00:00:00+00:00
[2022-10-19T16:07:32.674+0000] {processor.py:178} INFO - Processing /home/airflow/.local/lib/python3.7/site-packages/airflow/example_dags/example_nested_branch_dag.py took 0.092 seconds
[2022-10-19T16:08:03.405+0000] {processor.py:156} INFO - Started process (PID=1200) to work on /home/airflow/.local/lib/python3.7/site-packages/airflow/example_dags/example_nested_branch_dag.py
[2022-10-19T16:08:03.406+0000] {processor.py:758} INFO - Processing file /home/airflow/.local/lib/python3.7/site-packages/airflow/example_dags/example_nested_branch_dag.py for tasks to queue
[2022-10-19T16:08:03.407+0000] {logging_mixin.py:117} INFO - [2022-10-19T16:08:03.407+0000] {dagbag.py:525} INFO - Filling up the DagBag from /home/airflow/.local/lib/python3.7/site-packages/airflow/example_dags/example_nested_branch_dag.py
[2022-10-19T16:08:03.424+0000] {processor.py:768} INFO - DAG(s) dict_keys(['example_nested_branch_dag']) retrieved from /home/airflow/.local/lib/python3.7/site-packages/airflow/example_dags/example_nested_branch_dag.py
[2022-10-19T16:08:03.453+0000] {logging_mixin.py:117} INFO - [2022-10-19T16:08:03.452+0000] {dag.py:2573} INFO - Sync 1 DAGs
[2022-10-19T16:08:03.469+0000] {logging_mixin.py:117} INFO - [2022-10-19T16:08:03.469+0000] {dag.py:3328} INFO - Setting next_dagrun for example_nested_branch_dag to 2022-10-18T00:00:00+00:00, run_after=2022-10-19T00:00:00+00:00
[2022-10-19T16:08:03.482+0000] {processor.py:178} INFO - Processing /home/airflow/.local/lib/python3.7/site-packages/airflow/example_dags/example_nested_branch_dag.py took 0.080 seconds
[2022-10-19T16:08:33.808+0000] {processor.py:156} INFO - Started process (PID=1265) to work on /home/airflow/.local/lib/python3.7/site-packages/airflow/example_dags/example_nested_branch_dag.py
[2022-10-19T16:08:33.810+0000] {processor.py:758} INFO - Processing file /home/airflow/.local/lib/python3.7/site-packages/airflow/example_dags/example_nested_branch_dag.py for tasks to queue
[2022-10-19T16:08:33.816+0000] {logging_mixin.py:117} INFO - [2022-10-19T16:08:33.815+0000] {dagbag.py:525} INFO - Filling up the DagBag from /home/airflow/.local/lib/python3.7/site-packages/airflow/example_dags/example_nested_branch_dag.py
[2022-10-19T16:08:33.835+0000] {processor.py:768} INFO - DAG(s) dict_keys(['example_nested_branch_dag']) retrieved from /home/airflow/.local/lib/python3.7/site-packages/airflow/example_dags/example_nested_branch_dag.py
[2022-10-19T16:08:33.864+0000] {logging_mixin.py:117} INFO - [2022-10-19T16:08:33.864+0000] {dag.py:2573} INFO - Sync 1 DAGs
[2022-10-19T16:08:33.882+0000] {logging_mixin.py:117} INFO - [2022-10-19T16:08:33.881+0000] {dag.py:3328} INFO - Setting next_dagrun for example_nested_branch_dag to 2022-10-18T00:00:00+00:00, run_after=2022-10-19T00:00:00+00:00
[2022-10-19T16:08:33.894+0000] {processor.py:178} INFO - Processing /home/airflow/.local/lib/python3.7/site-packages/airflow/example_dags/example_nested_branch_dag.py took 0.089 seconds
[2022-10-19T16:09:04.322+0000] {processor.py:156} INFO - Started process (PID=1330) to work on /home/airflow/.local/lib/python3.7/site-packages/airflow/example_dags/example_nested_branch_dag.py
[2022-10-19T16:09:04.327+0000] {processor.py:758} INFO - Processing file /home/airflow/.local/lib/python3.7/site-packages/airflow/example_dags/example_nested_branch_dag.py for tasks to queue
[2022-10-19T16:09:04.332+0000] {logging_mixin.py:117} INFO - [2022-10-19T16:09:04.332+0000] {dagbag.py:525} INFO - Filling up the DagBag from /home/airflow/.local/lib/python3.7/site-packages/airflow/example_dags/example_nested_branch_dag.py
[2022-10-19T16:09:04.359+0000] {processor.py:768} INFO - DAG(s) dict_keys(['example_nested_branch_dag']) retrieved from /home/airflow/.local/lib/python3.7/site-packages/airflow/example_dags/example_nested_branch_dag.py
[2022-10-19T16:09:04.395+0000] {logging_mixin.py:117} INFO - [2022-10-19T16:09:04.395+0000] {dag.py:2573} INFO - Sync 1 DAGs
[2022-10-19T16:09:04.415+0000] {logging_mixin.py:117} INFO - [2022-10-19T16:09:04.415+0000] {dag.py:3328} INFO - Setting next_dagrun for example_nested_branch_dag to 2022-10-18T00:00:00+00:00, run_after=2022-10-19T00:00:00+00:00
[2022-10-19T16:09:04.434+0000] {processor.py:178} INFO - Processing /home/airflow/.local/lib/python3.7/site-packages/airflow/example_dags/example_nested_branch_dag.py took 0.116 seconds
[2022-10-19T16:09:34.873+0000] {processor.py:156} INFO - Started process (PID=1386) to work on /home/airflow/.local/lib/python3.7/site-packages/airflow/example_dags/example_nested_branch_dag.py
[2022-10-19T16:09:34.875+0000] {processor.py:758} INFO - Processing file /home/airflow/.local/lib/python3.7/site-packages/airflow/example_dags/example_nested_branch_dag.py for tasks to queue
[2022-10-19T16:09:34.876+0000] {logging_mixin.py:117} INFO - [2022-10-19T16:09:34.876+0000] {dagbag.py:525} INFO - Filling up the DagBag from /home/airflow/.local/lib/python3.7/site-packages/airflow/example_dags/example_nested_branch_dag.py
[2022-10-19T16:09:34.892+0000] {processor.py:768} INFO - DAG(s) dict_keys(['example_nested_branch_dag']) retrieved from /home/airflow/.local/lib/python3.7/site-packages/airflow/example_dags/example_nested_branch_dag.py
[2022-10-19T16:09:34.922+0000] {logging_mixin.py:117} INFO - [2022-10-19T16:09:34.922+0000] {dag.py:2573} INFO - Sync 1 DAGs
[2022-10-19T16:09:34.940+0000] {logging_mixin.py:117} INFO - [2022-10-19T16:09:34.940+0000] {dag.py:3328} INFO - Setting next_dagrun for example_nested_branch_dag to 2022-10-18T00:00:00+00:00, run_after=2022-10-19T00:00:00+00:00
[2022-10-19T16:09:34.953+0000] {processor.py:178} INFO - Processing /home/airflow/.local/lib/python3.7/site-packages/airflow/example_dags/example_nested_branch_dag.py took 0.082 seconds
[2022-10-19T16:10:05.721+0000] {processor.py:156} INFO - Started process (PID=1453) to work on /home/airflow/.local/lib/python3.7/site-packages/airflow/example_dags/example_nested_branch_dag.py
[2022-10-19T16:10:05.723+0000] {processor.py:758} INFO - Processing file /home/airflow/.local/lib/python3.7/site-packages/airflow/example_dags/example_nested_branch_dag.py for tasks to queue
[2022-10-19T16:10:05.724+0000] {logging_mixin.py:117} INFO - [2022-10-19T16:10:05.724+0000] {dagbag.py:525} INFO - Filling up the DagBag from /home/airflow/.local/lib/python3.7/site-packages/airflow/example_dags/example_nested_branch_dag.py
[2022-10-19T16:10:05.739+0000] {processor.py:768} INFO - DAG(s) dict_keys(['example_nested_branch_dag']) retrieved from /home/airflow/.local/lib/python3.7/site-packages/airflow/example_dags/example_nested_branch_dag.py
[2022-10-19T16:10:05.768+0000] {logging_mixin.py:117} INFO - [2022-10-19T16:10:05.767+0000] {dag.py:2573} INFO - Sync 1 DAGs
[2022-10-19T16:10:05.785+0000] {logging_mixin.py:117} INFO - [2022-10-19T16:10:05.785+0000] {dag.py:3328} INFO - Setting next_dagrun for example_nested_branch_dag to 2022-10-18T00:00:00+00:00, run_after=2022-10-19T00:00:00+00:00
[2022-10-19T16:10:05.797+0000] {processor.py:178} INFO - Processing /home/airflow/.local/lib/python3.7/site-packages/airflow/example_dags/example_nested_branch_dag.py took 0.078 seconds
[2022-10-19T16:10:37.201+0000] {processor.py:156} INFO - Started process (PID=1518) to work on /home/airflow/.local/lib/python3.7/site-packages/airflow/example_dags/example_nested_branch_dag.py
[2022-10-19T16:10:37.203+0000] {processor.py:758} INFO - Processing file /home/airflow/.local/lib/python3.7/site-packages/airflow/example_dags/example_nested_branch_dag.py for tasks to queue
[2022-10-19T16:10:37.205+0000] {logging_mixin.py:117} INFO - [2022-10-19T16:10:37.204+0000] {dagbag.py:525} INFO - Filling up the DagBag from /home/airflow/.local/lib/python3.7/site-packages/airflow/example_dags/example_nested_branch_dag.py
[2022-10-19T16:10:37.229+0000] {processor.py:768} INFO - DAG(s) dict_keys(['example_nested_branch_dag']) retrieved from /home/airflow/.local/lib/python3.7/site-packages/airflow/example_dags/example_nested_branch_dag.py
[2022-10-19T16:10:37.260+0000] {logging_mixin.py:117} INFO - [2022-10-19T16:10:37.260+0000] {dag.py:2573} INFO - Sync 1 DAGs
[2022-10-19T16:10:37.277+0000] {logging_mixin.py:117} INFO - [2022-10-19T16:10:37.277+0000] {dag.py:3328} INFO - Setting next_dagrun for example_nested_branch_dag to 2022-10-18T00:00:00+00:00, run_after=2022-10-19T00:00:00+00:00
[2022-10-19T16:10:37.289+0000] {processor.py:178} INFO - Processing /home/airflow/.local/lib/python3.7/site-packages/airflow/example_dags/example_nested_branch_dag.py took 0.093 seconds
[2022-10-19T16:11:07.676+0000] {processor.py:156} INFO - Started process (PID=1582) to work on /home/airflow/.local/lib/python3.7/site-packages/airflow/example_dags/example_nested_branch_dag.py
[2022-10-19T16:11:07.678+0000] {processor.py:758} INFO - Processing file /home/airflow/.local/lib/python3.7/site-packages/airflow/example_dags/example_nested_branch_dag.py for tasks to queue
[2022-10-19T16:11:07.679+0000] {logging_mixin.py:117} INFO - [2022-10-19T16:11:07.679+0000] {dagbag.py:525} INFO - Filling up the DagBag from /home/airflow/.local/lib/python3.7/site-packages/airflow/example_dags/example_nested_branch_dag.py
[2022-10-19T16:11:07.703+0000] {processor.py:768} INFO - DAG(s) dict_keys(['example_nested_branch_dag']) retrieved from /home/airflow/.local/lib/python3.7/site-packages/airflow/example_dags/example_nested_branch_dag.py
[2022-10-19T16:11:07.758+0000] {logging_mixin.py:117} INFO - [2022-10-19T16:11:07.758+0000] {dag.py:2573} INFO - Sync 1 DAGs
[2022-10-19T16:11:07.827+0000] {logging_mixin.py:117} INFO - [2022-10-19T16:11:07.827+0000] {dag.py:3328} INFO - Setting next_dagrun for example_nested_branch_dag to 2022-10-18T00:00:00+00:00, run_after=2022-10-19T00:00:00+00:00
[2022-10-19T16:11:07.889+0000] {processor.py:178} INFO - Processing /home/airflow/.local/lib/python3.7/site-packages/airflow/example_dags/example_nested_branch_dag.py took 0.218 seconds
[2022-10-19T16:11:38.584+0000] {processor.py:156} INFO - Started process (PID=1647) to work on /home/airflow/.local/lib/python3.7/site-packages/airflow/example_dags/example_nested_branch_dag.py
[2022-10-19T16:11:38.586+0000] {processor.py:758} INFO - Processing file /home/airflow/.local/lib/python3.7/site-packages/airflow/example_dags/example_nested_branch_dag.py for tasks to queue
[2022-10-19T16:11:38.587+0000] {logging_mixin.py:117} INFO - [2022-10-19T16:11:38.587+0000] {dagbag.py:525} INFO - Filling up the DagBag from /home/airflow/.local/lib/python3.7/site-packages/airflow/example_dags/example_nested_branch_dag.py
[2022-10-19T16:11:38.608+0000] {processor.py:768} INFO - DAG(s) dict_keys(['example_nested_branch_dag']) retrieved from /home/airflow/.local/lib/python3.7/site-packages/airflow/example_dags/example_nested_branch_dag.py
[2022-10-19T16:11:38.640+0000] {logging_mixin.py:117} INFO - [2022-10-19T16:11:38.640+0000] {dag.py:2573} INFO - Sync 1 DAGs
[2022-10-19T16:11:38.663+0000] {logging_mixin.py:117} INFO - [2022-10-19T16:11:38.663+0000] {dag.py:3328} INFO - Setting next_dagrun for example_nested_branch_dag to 2022-10-18T00:00:00+00:00, run_after=2022-10-19T00:00:00+00:00
[2022-10-19T16:11:38.678+0000] {processor.py:178} INFO - Processing /home/airflow/.local/lib/python3.7/site-packages/airflow/example_dags/example_nested_branch_dag.py took 0.099 seconds
[2022-10-19T16:12:08.743+0000] {processor.py:156} INFO - Started process (PID=1704) to work on /home/airflow/.local/lib/python3.7/site-packages/airflow/example_dags/example_nested_branch_dag.py
[2022-10-19T16:12:08.747+0000] {processor.py:758} INFO - Processing file /home/airflow/.local/lib/python3.7/site-packages/airflow/example_dags/example_nested_branch_dag.py for tasks to queue
[2022-10-19T16:12:08.749+0000] {logging_mixin.py:117} INFO - [2022-10-19T16:12:08.749+0000] {dagbag.py:525} INFO - Filling up the DagBag from /home/airflow/.local/lib/python3.7/site-packages/airflow/example_dags/example_nested_branch_dag.py
[2022-10-19T16:12:08.763+0000] {processor.py:768} INFO - DAG(s) dict_keys(['example_nested_branch_dag']) retrieved from /home/airflow/.local/lib/python3.7/site-packages/airflow/example_dags/example_nested_branch_dag.py
[2022-10-19T16:12:08.789+0000] {logging_mixin.py:117} INFO - [2022-10-19T16:12:08.789+0000] {dag.py:2573} INFO - Sync 1 DAGs
[2022-10-19T16:12:08.813+0000] {logging_mixin.py:117} INFO - [2022-10-19T16:12:08.813+0000] {dag.py:3328} INFO - Setting next_dagrun for example_nested_branch_dag to 2022-10-18T00:00:00+00:00, run_after=2022-10-19T00:00:00+00:00
[2022-10-19T16:12:08.826+0000] {processor.py:178} INFO - Processing /home/airflow/.local/lib/python3.7/site-packages/airflow/example_dags/example_nested_branch_dag.py took 0.085 seconds
[2022-10-19T16:12:39.567+0000] {processor.py:156} INFO - Started process (PID=1770) to work on /home/airflow/.local/lib/python3.7/site-packages/airflow/example_dags/example_nested_branch_dag.py
[2022-10-19T16:12:39.568+0000] {processor.py:758} INFO - Processing file /home/airflow/.local/lib/python3.7/site-packages/airflow/example_dags/example_nested_branch_dag.py for tasks to queue
[2022-10-19T16:12:39.569+0000] {logging_mixin.py:117} INFO - [2022-10-19T16:12:39.569+0000] {dagbag.py:525} INFO - Filling up the DagBag from /home/airflow/.local/lib/python3.7/site-packages/airflow/example_dags/example_nested_branch_dag.py
[2022-10-19T16:12:39.584+0000] {processor.py:768} INFO - DAG(s) dict_keys(['example_nested_branch_dag']) retrieved from /home/airflow/.local/lib/python3.7/site-packages/airflow/example_dags/example_nested_branch_dag.py
[2022-10-19T16:12:39.615+0000] {logging_mixin.py:117} INFO - [2022-10-19T16:12:39.615+0000] {dag.py:2573} INFO - Sync 1 DAGs
[2022-10-19T16:12:39.636+0000] {logging_mixin.py:117} INFO - [2022-10-19T16:12:39.636+0000] {dag.py:3328} INFO - Setting next_dagrun for example_nested_branch_dag to 2022-10-18T00:00:00+00:00, run_after=2022-10-19T00:00:00+00:00
[2022-10-19T16:12:39.655+0000] {processor.py:178} INFO - Processing /home/airflow/.local/lib/python3.7/site-packages/airflow/example_dags/example_nested_branch_dag.py took 0.091 seconds
[2022-10-19T16:13:10.942+0000] {processor.py:156} INFO - Started process (PID=1834) to work on /home/airflow/.local/lib/python3.7/site-packages/airflow/example_dags/example_nested_branch_dag.py
[2022-10-19T16:13:10.943+0000] {processor.py:758} INFO - Processing file /home/airflow/.local/lib/python3.7/site-packages/airflow/example_dags/example_nested_branch_dag.py for tasks to queue
[2022-10-19T16:13:10.944+0000] {logging_mixin.py:117} INFO - [2022-10-19T16:13:10.944+0000] {dagbag.py:525} INFO - Filling up the DagBag from /home/airflow/.local/lib/python3.7/site-packages/airflow/example_dags/example_nested_branch_dag.py
[2022-10-19T16:13:10.960+0000] {processor.py:768} INFO - DAG(s) dict_keys(['example_nested_branch_dag']) retrieved from /home/airflow/.local/lib/python3.7/site-packages/airflow/example_dags/example_nested_branch_dag.py
[2022-10-19T16:13:10.988+0000] {logging_mixin.py:117} INFO - [2022-10-19T16:13:10.987+0000] {dag.py:2573} INFO - Sync 1 DAGs
[2022-10-19T16:13:11.003+0000] {logging_mixin.py:117} INFO - [2022-10-19T16:13:11.003+0000] {dag.py:3328} INFO - Setting next_dagrun for example_nested_branch_dag to 2022-10-18T00:00:00+00:00, run_after=2022-10-19T00:00:00+00:00
[2022-10-19T16:13:11.020+0000] {processor.py:178} INFO - Processing /home/airflow/.local/lib/python3.7/site-packages/airflow/example_dags/example_nested_branch_dag.py took 0.081 seconds
[2022-10-19T16:13:41.406+0000] {processor.py:156} INFO - Started process (PID=1899) to work on /home/airflow/.local/lib/python3.7/site-packages/airflow/example_dags/example_nested_branch_dag.py
[2022-10-19T16:13:41.407+0000] {processor.py:758} INFO - Processing file /home/airflow/.local/lib/python3.7/site-packages/airflow/example_dags/example_nested_branch_dag.py for tasks to queue
[2022-10-19T16:13:41.408+0000] {logging_mixin.py:117} INFO - [2022-10-19T16:13:41.408+0000] {dagbag.py:525} INFO - Filling up the DagBag from /home/airflow/.local/lib/python3.7/site-packages/airflow/example_dags/example_nested_branch_dag.py
[2022-10-19T16:13:41.426+0000] {processor.py:768} INFO - DAG(s) dict_keys(['example_nested_branch_dag']) retrieved from /home/airflow/.local/lib/python3.7/site-packages/airflow/example_dags/example_nested_branch_dag.py
[2022-10-19T16:13:41.456+0000] {logging_mixin.py:117} INFO - [2022-10-19T16:13:41.456+0000] {dag.py:2573} INFO - Sync 1 DAGs
[2022-10-19T16:13:41.472+0000] {logging_mixin.py:117} INFO - [2022-10-19T16:13:41.472+0000] {dag.py:3328} INFO - Setting next_dagrun for example_nested_branch_dag to 2022-10-18T00:00:00+00:00, run_after=2022-10-19T00:00:00+00:00
[2022-10-19T16:13:41.484+0000] {processor.py:178} INFO - Processing /home/airflow/.local/lib/python3.7/site-packages/airflow/example_dags/example_nested_branch_dag.py took 0.080 seconds
[2022-10-19T16:14:11.705+0000] {processor.py:156} INFO - Started process (PID=1955) to work on /home/airflow/.local/lib/python3.7/site-packages/airflow/example_dags/example_nested_branch_dag.py
[2022-10-19T16:14:11.707+0000] {processor.py:758} INFO - Processing file /home/airflow/.local/lib/python3.7/site-packages/airflow/example_dags/example_nested_branch_dag.py for tasks to queue
[2022-10-19T16:14:11.708+0000] {logging_mixin.py:117} INFO - [2022-10-19T16:14:11.707+0000] {dagbag.py:525} INFO - Filling up the DagBag from /home/airflow/.local/lib/python3.7/site-packages/airflow/example_dags/example_nested_branch_dag.py
[2022-10-19T16:14:11.726+0000] {processor.py:768} INFO - DAG(s) dict_keys(['example_nested_branch_dag']) retrieved from /home/airflow/.local/lib/python3.7/site-packages/airflow/example_dags/example_nested_branch_dag.py
[2022-10-19T16:14:11.753+0000] {logging_mixin.py:117} INFO - [2022-10-19T16:14:11.753+0000] {dag.py:2573} INFO - Sync 1 DAGs
[2022-10-19T16:14:11.772+0000] {logging_mixin.py:117} INFO - [2022-10-19T16:14:11.772+0000] {dag.py:3328} INFO - Setting next_dagrun for example_nested_branch_dag to 2022-10-18T00:00:00+00:00, run_after=2022-10-19T00:00:00+00:00
[2022-10-19T16:14:11.789+0000] {processor.py:178} INFO - Processing /home/airflow/.local/lib/python3.7/site-packages/airflow/example_dags/example_nested_branch_dag.py took 0.086 seconds
[2022-10-19T16:14:42.067+0000] {processor.py:156} INFO - Started process (PID=2021) to work on /home/airflow/.local/lib/python3.7/site-packages/airflow/example_dags/example_nested_branch_dag.py
[2022-10-19T16:14:42.069+0000] {processor.py:758} INFO - Processing file /home/airflow/.local/lib/python3.7/site-packages/airflow/example_dags/example_nested_branch_dag.py for tasks to queue
[2022-10-19T16:14:42.070+0000] {logging_mixin.py:117} INFO - [2022-10-19T16:14:42.070+0000] {dagbag.py:525} INFO - Filling up the DagBag from /home/airflow/.local/lib/python3.7/site-packages/airflow/example_dags/example_nested_branch_dag.py
[2022-10-19T16:14:42.090+0000] {processor.py:768} INFO - DAG(s) dict_keys(['example_nested_branch_dag']) retrieved from /home/airflow/.local/lib/python3.7/site-packages/airflow/example_dags/example_nested_branch_dag.py
[2022-10-19T16:14:42.122+0000] {logging_mixin.py:117} INFO - [2022-10-19T16:14:42.122+0000] {dag.py:2573} INFO - Sync 1 DAGs
[2022-10-19T16:14:42.138+0000] {logging_mixin.py:117} INFO - [2022-10-19T16:14:42.137+0000] {dag.py:3328} INFO - Setting next_dagrun for example_nested_branch_dag to 2022-10-18T00:00:00+00:00, run_after=2022-10-19T00:00:00+00:00
[2022-10-19T16:14:42.149+0000] {processor.py:178} INFO - Processing /home/airflow/.local/lib/python3.7/site-packages/airflow/example_dags/example_nested_branch_dag.py took 0.084 seconds
[2022-10-19T16:15:13.497+0000] {processor.py:156} INFO - Started process (PID=2089) to work on /home/airflow/.local/lib/python3.7/site-packages/airflow/example_dags/example_nested_branch_dag.py
[2022-10-19T16:15:13.498+0000] {processor.py:758} INFO - Processing file /home/airflow/.local/lib/python3.7/site-packages/airflow/example_dags/example_nested_branch_dag.py for tasks to queue
[2022-10-19T16:15:13.499+0000] {logging_mixin.py:117} INFO - [2022-10-19T16:15:13.499+0000] {dagbag.py:525} INFO - Filling up the DagBag from /home/airflow/.local/lib/python3.7/site-packages/airflow/example_dags/example_nested_branch_dag.py
[2022-10-19T16:15:13.519+0000] {processor.py:768} INFO - DAG(s) dict_keys(['example_nested_branch_dag']) retrieved from /home/airflow/.local/lib/python3.7/site-packages/airflow/example_dags/example_nested_branch_dag.py
[2022-10-19T16:15:13.560+0000] {logging_mixin.py:117} INFO - [2022-10-19T16:15:13.559+0000] {dag.py:2573} INFO - Sync 1 DAGs
[2022-10-19T16:15:13.578+0000] {logging_mixin.py:117} INFO - [2022-10-19T16:15:13.578+0000] {dag.py:3328} INFO - Setting next_dagrun for example_nested_branch_dag to 2022-10-18T00:00:00+00:00, run_after=2022-10-19T00:00:00+00:00
[2022-10-19T16:15:13.595+0000] {processor.py:178} INFO - Processing /home/airflow/.local/lib/python3.7/site-packages/airflow/example_dags/example_nested_branch_dag.py took 0.100 seconds
[2022-10-19T16:15:43.676+0000] {processor.py:156} INFO - Started process (PID=2155) to work on /home/airflow/.local/lib/python3.7/site-packages/airflow/example_dags/example_nested_branch_dag.py
[2022-10-19T16:15:43.678+0000] {processor.py:758} INFO - Processing file /home/airflow/.local/lib/python3.7/site-packages/airflow/example_dags/example_nested_branch_dag.py for tasks to queue
[2022-10-19T16:15:43.680+0000] {logging_mixin.py:117} INFO - [2022-10-19T16:15:43.680+0000] {dagbag.py:525} INFO - Filling up the DagBag from /home/airflow/.local/lib/python3.7/site-packages/airflow/example_dags/example_nested_branch_dag.py
[2022-10-19T16:15:43.694+0000] {processor.py:768} INFO - DAG(s) dict_keys(['example_nested_branch_dag']) retrieved from /home/airflow/.local/lib/python3.7/site-packages/airflow/example_dags/example_nested_branch_dag.py
[2022-10-19T16:15:43.724+0000] {logging_mixin.py:117} INFO - [2022-10-19T16:15:43.724+0000] {dag.py:2573} INFO - Sync 1 DAGs
[2022-10-19T16:15:43.738+0000] {logging_mixin.py:117} INFO - [2022-10-19T16:15:43.738+0000] {dag.py:3328} INFO - Setting next_dagrun for example_nested_branch_dag to 2022-10-18T00:00:00+00:00, run_after=2022-10-19T00:00:00+00:00
[2022-10-19T16:15:43.750+0000] {processor.py:178} INFO - Processing /home/airflow/.local/lib/python3.7/site-packages/airflow/example_dags/example_nested_branch_dag.py took 0.076 seconds
[2022-10-19T16:16:14.583+0000] {processor.py:156} INFO - Started process (PID=2219) to work on /home/airflow/.local/lib/python3.7/site-packages/airflow/example_dags/example_nested_branch_dag.py
[2022-10-19T16:16:14.586+0000] {processor.py:758} INFO - Processing file /home/airflow/.local/lib/python3.7/site-packages/airflow/example_dags/example_nested_branch_dag.py for tasks to queue
[2022-10-19T16:16:14.588+0000] {logging_mixin.py:117} INFO - [2022-10-19T16:16:14.588+0000] {dagbag.py:525} INFO - Filling up the DagBag from /home/airflow/.local/lib/python3.7/site-packages/airflow/example_dags/example_nested_branch_dag.py
[2022-10-19T16:16:14.608+0000] {processor.py:768} INFO - DAG(s) dict_keys(['example_nested_branch_dag']) retrieved from /home/airflow/.local/lib/python3.7/site-packages/airflow/example_dags/example_nested_branch_dag.py
[2022-10-19T16:16:14.634+0000] {logging_mixin.py:117} INFO - [2022-10-19T16:16:14.634+0000] {dag.py:2573} INFO - Sync 1 DAGs
[2022-10-19T16:16:14.655+0000] {logging_mixin.py:117} INFO - [2022-10-19T16:16:14.655+0000] {dag.py:3328} INFO - Setting next_dagrun for example_nested_branch_dag to 2022-10-18T00:00:00+00:00, run_after=2022-10-19T00:00:00+00:00
[2022-10-19T16:16:14.671+0000] {processor.py:178} INFO - Processing /home/airflow/.local/lib/python3.7/site-packages/airflow/example_dags/example_nested_branch_dag.py took 0.092 seconds
[2022-10-19T16:16:45.742+0000] {processor.py:156} INFO - Started process (PID=2285) to work on /home/airflow/.local/lib/python3.7/site-packages/airflow/example_dags/example_nested_branch_dag.py
[2022-10-19T16:16:45.744+0000] {processor.py:758} INFO - Processing file /home/airflow/.local/lib/python3.7/site-packages/airflow/example_dags/example_nested_branch_dag.py for tasks to queue
[2022-10-19T16:16:45.746+0000] {logging_mixin.py:117} INFO - [2022-10-19T16:16:45.745+0000] {dagbag.py:525} INFO - Filling up the DagBag from /home/airflow/.local/lib/python3.7/site-packages/airflow/example_dags/example_nested_branch_dag.py
[2022-10-19T16:16:45.766+0000] {processor.py:768} INFO - DAG(s) dict_keys(['example_nested_branch_dag']) retrieved from /home/airflow/.local/lib/python3.7/site-packages/airflow/example_dags/example_nested_branch_dag.py
[2022-10-19T16:16:45.793+0000] {logging_mixin.py:117} INFO - [2022-10-19T16:16:45.793+0000] {dag.py:2573} INFO - Sync 1 DAGs
[2022-10-19T16:16:45.808+0000] {logging_mixin.py:117} INFO - [2022-10-19T16:16:45.808+0000] {dag.py:3328} INFO - Setting next_dagrun for example_nested_branch_dag to 2022-10-18T00:00:00+00:00, run_after=2022-10-19T00:00:00+00:00
[2022-10-19T16:16:45.820+0000] {processor.py:178} INFO - Processing /home/airflow/.local/lib/python3.7/site-packages/airflow/example_dags/example_nested_branch_dag.py took 0.080 seconds
[2022-10-19T16:17:16.414+0000] {processor.py:156} INFO - Started process (PID=2341) to work on /home/airflow/.local/lib/python3.7/site-packages/airflow/example_dags/example_nested_branch_dag.py
[2022-10-19T16:17:16.415+0000] {processor.py:758} INFO - Processing file /home/airflow/.local/lib/python3.7/site-packages/airflow/example_dags/example_nested_branch_dag.py for tasks to queue
[2022-10-19T16:17:16.418+0000] {logging_mixin.py:117} INFO - [2022-10-19T16:17:16.418+0000] {dagbag.py:525} INFO - Filling up the DagBag from /home/airflow/.local/lib/python3.7/site-packages/airflow/example_dags/example_nested_branch_dag.py
[2022-10-19T16:17:16.432+0000] {processor.py:768} INFO - DAG(s) dict_keys(['example_nested_branch_dag']) retrieved from /home/airflow/.local/lib/python3.7/site-packages/airflow/example_dags/example_nested_branch_dag.py
[2022-10-19T16:17:16.460+0000] {logging_mixin.py:117} INFO - [2022-10-19T16:17:16.459+0000] {dag.py:2573} INFO - Sync 1 DAGs
[2022-10-19T16:17:16.477+0000] {logging_mixin.py:117} INFO - [2022-10-19T16:17:16.477+0000] {dag.py:3328} INFO - Setting next_dagrun for example_nested_branch_dag to 2022-10-18T00:00:00+00:00, run_after=2022-10-19T00:00:00+00:00
[2022-10-19T16:17:16.492+0000] {processor.py:178} INFO - Processing /home/airflow/.local/lib/python3.7/site-packages/airflow/example_dags/example_nested_branch_dag.py took 0.080 seconds
[2022-10-19T16:17:47.260+0000] {processor.py:156} INFO - Started process (PID=2407) to work on /home/airflow/.local/lib/python3.7/site-packages/airflow/example_dags/example_nested_branch_dag.py
[2022-10-19T16:17:47.261+0000] {processor.py:758} INFO - Processing file /home/airflow/.local/lib/python3.7/site-packages/airflow/example_dags/example_nested_branch_dag.py for tasks to queue
[2022-10-19T16:17:47.262+0000] {logging_mixin.py:117} INFO - [2022-10-19T16:17:47.262+0000] {dagbag.py:525} INFO - Filling up the DagBag from /home/airflow/.local/lib/python3.7/site-packages/airflow/example_dags/example_nested_branch_dag.py
[2022-10-19T16:17:47.276+0000] {processor.py:768} INFO - DAG(s) dict_keys(['example_nested_branch_dag']) retrieved from /home/airflow/.local/lib/python3.7/site-packages/airflow/example_dags/example_nested_branch_dag.py
[2022-10-19T16:17:47.302+0000] {logging_mixin.py:117} INFO - [2022-10-19T16:17:47.302+0000] {dag.py:2573} INFO - Sync 1 DAGs
[2022-10-19T16:17:47.324+0000] {logging_mixin.py:117} INFO - [2022-10-19T16:17:47.323+0000] {dag.py:3328} INFO - Setting next_dagrun for example_nested_branch_dag to 2022-10-18T00:00:00+00:00, run_after=2022-10-19T00:00:00+00:00
[2022-10-19T16:17:47.345+0000] {processor.py:178} INFO - Processing /home/airflow/.local/lib/python3.7/site-packages/airflow/example_dags/example_nested_branch_dag.py took 0.088 seconds
[2022-10-19T16:18:18.156+0000] {processor.py:156} INFO - Started process (PID=2472) to work on /home/airflow/.local/lib/python3.7/site-packages/airflow/example_dags/example_nested_branch_dag.py
[2022-10-19T16:18:18.158+0000] {processor.py:758} INFO - Processing file /home/airflow/.local/lib/python3.7/site-packages/airflow/example_dags/example_nested_branch_dag.py for tasks to queue
[2022-10-19T16:18:18.159+0000] {logging_mixin.py:117} INFO - [2022-10-19T16:18:18.159+0000] {dagbag.py:525} INFO - Filling up the DagBag from /home/airflow/.local/lib/python3.7/site-packages/airflow/example_dags/example_nested_branch_dag.py
[2022-10-19T16:18:18.176+0000] {processor.py:768} INFO - DAG(s) dict_keys(['example_nested_branch_dag']) retrieved from /home/airflow/.local/lib/python3.7/site-packages/airflow/example_dags/example_nested_branch_dag.py
[2022-10-19T16:18:18.207+0000] {logging_mixin.py:117} INFO - [2022-10-19T16:18:18.206+0000] {dag.py:2573} INFO - Sync 1 DAGs
[2022-10-19T16:18:18.224+0000] {logging_mixin.py:117} INFO - [2022-10-19T16:18:18.224+0000] {dag.py:3328} INFO - Setting next_dagrun for example_nested_branch_dag to 2022-10-18T00:00:00+00:00, run_after=2022-10-19T00:00:00+00:00
[2022-10-19T16:18:18.237+0000] {processor.py:178} INFO - Processing /home/airflow/.local/lib/python3.7/site-packages/airflow/example_dags/example_nested_branch_dag.py took 0.083 seconds
[2022-10-19T16:18:49.159+0000] {processor.py:156} INFO - Started process (PID=2538) to work on /home/airflow/.local/lib/python3.7/site-packages/airflow/example_dags/example_nested_branch_dag.py
[2022-10-19T16:18:49.166+0000] {processor.py:758} INFO - Processing file /home/airflow/.local/lib/python3.7/site-packages/airflow/example_dags/example_nested_branch_dag.py for tasks to queue
[2022-10-19T16:18:49.168+0000] {logging_mixin.py:117} INFO - [2022-10-19T16:18:49.168+0000] {dagbag.py:525} INFO - Filling up the DagBag from /home/airflow/.local/lib/python3.7/site-packages/airflow/example_dags/example_nested_branch_dag.py
[2022-10-19T16:18:49.197+0000] {processor.py:768} INFO - DAG(s) dict_keys(['example_nested_branch_dag']) retrieved from /home/airflow/.local/lib/python3.7/site-packages/airflow/example_dags/example_nested_branch_dag.py
[2022-10-19T16:18:49.240+0000] {logging_mixin.py:117} INFO - [2022-10-19T16:18:49.240+0000] {dag.py:2573} INFO - Sync 1 DAGs
[2022-10-19T16:18:49.266+0000] {logging_mixin.py:117} INFO - [2022-10-19T16:18:49.266+0000] {dag.py:3328} INFO - Setting next_dagrun for example_nested_branch_dag to 2022-10-18T00:00:00+00:00, run_after=2022-10-19T00:00:00+00:00
[2022-10-19T16:18:49.285+0000] {processor.py:178} INFO - Processing /home/airflow/.local/lib/python3.7/site-packages/airflow/example_dags/example_nested_branch_dag.py took 0.129 seconds
[2022-10-19T16:19:20.164+0000] {processor.py:156} INFO - Started process (PID=2603) to work on /home/airflow/.local/lib/python3.7/site-packages/airflow/example_dags/example_nested_branch_dag.py
[2022-10-19T16:19:20.165+0000] {processor.py:758} INFO - Processing file /home/airflow/.local/lib/python3.7/site-packages/airflow/example_dags/example_nested_branch_dag.py for tasks to queue
[2022-10-19T16:19:20.167+0000] {logging_mixin.py:117} INFO - [2022-10-19T16:19:20.166+0000] {dagbag.py:525} INFO - Filling up the DagBag from /home/airflow/.local/lib/python3.7/site-packages/airflow/example_dags/example_nested_branch_dag.py
[2022-10-19T16:19:20.181+0000] {processor.py:768} INFO - DAG(s) dict_keys(['example_nested_branch_dag']) retrieved from /home/airflow/.local/lib/python3.7/site-packages/airflow/example_dags/example_nested_branch_dag.py
[2022-10-19T16:19:20.206+0000] {logging_mixin.py:117} INFO - [2022-10-19T16:19:20.206+0000] {dag.py:2573} INFO - Sync 1 DAGs
[2022-10-19T16:19:20.221+0000] {logging_mixin.py:117} INFO - [2022-10-19T16:19:20.221+0000] {dag.py:3328} INFO - Setting next_dagrun for example_nested_branch_dag to 2022-10-18T00:00:00+00:00, run_after=2022-10-19T00:00:00+00:00
[2022-10-19T16:19:20.240+0000] {processor.py:178} INFO - Processing /home/airflow/.local/lib/python3.7/site-packages/airflow/example_dags/example_nested_branch_dag.py took 0.079 seconds
[2022-10-19T16:20:02.246+0000] {processor.py:156} INFO - Started process (PID=2668) to work on /home/airflow/.local/lib/python3.7/site-packages/airflow/example_dags/example_nested_branch_dag.py
[2022-10-19T16:20:02.259+0000] {processor.py:758} INFO - Processing file /home/airflow/.local/lib/python3.7/site-packages/airflow/example_dags/example_nested_branch_dag.py for tasks to queue
[2022-10-19T16:20:02.267+0000] {logging_mixin.py:117} INFO - [2022-10-19T16:20:02.267+0000] {dagbag.py:525} INFO - Filling up the DagBag from /home/airflow/.local/lib/python3.7/site-packages/airflow/example_dags/example_nested_branch_dag.py
[2022-10-19T16:20:02.297+0000] {processor.py:768} INFO - DAG(s) dict_keys(['example_nested_branch_dag']) retrieved from /home/airflow/.local/lib/python3.7/site-packages/airflow/example_dags/example_nested_branch_dag.py
[2022-10-19T16:20:02.381+0000] {logging_mixin.py:117} INFO - [2022-10-19T16:20:02.381+0000] {dag.py:2573} INFO - Sync 1 DAGs
[2022-10-19T16:20:02.402+0000] {logging_mixin.py:117} INFO - [2022-10-19T16:20:02.402+0000] {dag.py:3328} INFO - Setting next_dagrun for example_nested_branch_dag to 2022-10-18T00:00:00+00:00, run_after=2022-10-19T00:00:00+00:00
[2022-10-19T16:20:02.429+0000] {processor.py:178} INFO - Processing /home/airflow/.local/lib/python3.7/site-packages/airflow/example_dags/example_nested_branch_dag.py took 0.186 seconds
[2022-10-19T16:21:11.059+0000] {processor.py:156} INFO - Started process (PID=2743) to work on /home/airflow/.local/lib/python3.7/site-packages/airflow/example_dags/example_nested_branch_dag.py
[2022-10-19T16:21:11.259+0000] {processor.py:758} INFO - Processing file /home/airflow/.local/lib/python3.7/site-packages/airflow/example_dags/example_nested_branch_dag.py for tasks to queue
[2022-10-19T16:21:11.261+0000] {logging_mixin.py:117} INFO - [2022-10-19T16:21:11.261+0000] {dagbag.py:525} INFO - Filling up the DagBag from /home/airflow/.local/lib/python3.7/site-packages/airflow/example_dags/example_nested_branch_dag.py
[2022-10-19T16:21:11.418+0000] {processor.py:768} INFO - DAG(s) dict_keys(['example_nested_branch_dag']) retrieved from /home/airflow/.local/lib/python3.7/site-packages/airflow/example_dags/example_nested_branch_dag.py
[2022-10-19T16:21:12.024+0000] {logging_mixin.py:117} INFO - [2022-10-19T16:21:12.024+0000] {dag.py:2573} INFO - Sync 1 DAGs
[2022-10-19T16:21:12.218+0000] {logging_mixin.py:117} INFO - [2022-10-19T16:21:12.218+0000] {dag.py:3328} INFO - Setting next_dagrun for example_nested_branch_dag to 2022-10-18T00:00:00+00:00, run_after=2022-10-19T00:00:00+00:00
[2022-10-19T16:21:12.283+0000] {processor.py:178} INFO - Processing /home/airflow/.local/lib/python3.7/site-packages/airflow/example_dags/example_nested_branch_dag.py took 1.231 seconds
[2022-10-19T16:22:09.840+0000] {processor.py:156} INFO - Started process (PID=2818) to work on /home/airflow/.local/lib/python3.7/site-packages/airflow/example_dags/example_nested_branch_dag.py
[2022-10-19T16:22:09.854+0000] {processor.py:758} INFO - Processing file /home/airflow/.local/lib/python3.7/site-packages/airflow/example_dags/example_nested_branch_dag.py for tasks to queue
[2022-10-19T16:22:09.857+0000] {logging_mixin.py:117} INFO - [2022-10-19T16:22:09.856+0000] {dagbag.py:525} INFO - Filling up the DagBag from /home/airflow/.local/lib/python3.7/site-packages/airflow/example_dags/example_nested_branch_dag.py
[2022-10-19T16:22:10.048+0000] {processor.py:768} INFO - DAG(s) dict_keys(['example_nested_branch_dag']) retrieved from /home/airflow/.local/lib/python3.7/site-packages/airflow/example_dags/example_nested_branch_dag.py
[2022-10-19T16:22:10.460+0000] {logging_mixin.py:117} INFO - [2022-10-19T16:22:10.459+0000] {dag.py:2573} INFO - Sync 1 DAGs
[2022-10-19T16:22:10.596+0000] {logging_mixin.py:117} INFO - [2022-10-19T16:22:10.596+0000] {dag.py:3328} INFO - Setting next_dagrun for example_nested_branch_dag to 2022-10-18T00:00:00+00:00, run_after=2022-10-19T00:00:00+00:00
[2022-10-19T16:22:10.734+0000] {processor.py:178} INFO - Processing /home/airflow/.local/lib/python3.7/site-packages/airflow/example_dags/example_nested_branch_dag.py took 0.908 seconds
[2022-10-19T16:23:14.293+0000] {processor.py:156} INFO - Started process (PID=2886) to work on /home/airflow/.local/lib/python3.7/site-packages/airflow/example_dags/example_nested_branch_dag.py
[2022-10-19T16:23:14.297+0000] {processor.py:758} INFO - Processing file /home/airflow/.local/lib/python3.7/site-packages/airflow/example_dags/example_nested_branch_dag.py for tasks to queue
[2022-10-19T16:23:14.301+0000] {logging_mixin.py:117} INFO - [2022-10-19T16:23:14.301+0000] {dagbag.py:525} INFO - Filling up the DagBag from /home/airflow/.local/lib/python3.7/site-packages/airflow/example_dags/example_nested_branch_dag.py
[2022-10-19T16:23:14.369+0000] {processor.py:768} INFO - DAG(s) dict_keys(['example_nested_branch_dag']) retrieved from /home/airflow/.local/lib/python3.7/site-packages/airflow/example_dags/example_nested_branch_dag.py
[2022-10-19T16:23:14.506+0000] {logging_mixin.py:117} INFO - [2022-10-19T16:23:14.505+0000] {dag.py:2573} INFO - Sync 1 DAGs
[2022-10-19T16:23:14.588+0000] {logging_mixin.py:117} INFO - [2022-10-19T16:23:14.588+0000] {dag.py:3328} INFO - Setting next_dagrun for example_nested_branch_dag to 2022-10-18T00:00:00+00:00, run_after=2022-10-19T00:00:00+00:00
[2022-10-19T16:23:14.686+0000] {processor.py:178} INFO - Processing /home/airflow/.local/lib/python3.7/site-packages/airflow/example_dags/example_nested_branch_dag.py took 0.398 seconds
[2022-10-19T16:24:03.123+0000] {processor.py:156} INFO - Started process (PID=2953) to work on /home/airflow/.local/lib/python3.7/site-packages/airflow/example_dags/example_nested_branch_dag.py
[2022-10-19T16:24:03.128+0000] {processor.py:758} INFO - Processing file /home/airflow/.local/lib/python3.7/site-packages/airflow/example_dags/example_nested_branch_dag.py for tasks to queue
[2022-10-19T16:24:03.130+0000] {logging_mixin.py:117} INFO - [2022-10-19T16:24:03.129+0000] {dagbag.py:525} INFO - Filling up the DagBag from /home/airflow/.local/lib/python3.7/site-packages/airflow/example_dags/example_nested_branch_dag.py
[2022-10-19T16:24:03.167+0000] {processor.py:768} INFO - DAG(s) dict_keys(['example_nested_branch_dag']) retrieved from /home/airflow/.local/lib/python3.7/site-packages/airflow/example_dags/example_nested_branch_dag.py
[2022-10-19T16:24:03.277+0000] {logging_mixin.py:117} INFO - [2022-10-19T16:24:03.277+0000] {dag.py:2573} INFO - Sync 1 DAGs
[2022-10-19T16:24:03.316+0000] {logging_mixin.py:117} INFO - [2022-10-19T16:24:03.315+0000] {dag.py:3328} INFO - Setting next_dagrun for example_nested_branch_dag to 2022-10-18T00:00:00+00:00, run_after=2022-10-19T00:00:00+00:00
[2022-10-19T16:24:03.340+0000] {processor.py:178} INFO - Processing /home/airflow/.local/lib/python3.7/site-packages/airflow/example_dags/example_nested_branch_dag.py took 0.220 seconds
[2022-10-19T16:24:39.866+0000] {processor.py:156} INFO - Started process (PID=3008) to work on /home/airflow/.local/lib/python3.7/site-packages/airflow/example_dags/example_nested_branch_dag.py
[2022-10-19T16:24:39.869+0000] {processor.py:758} INFO - Processing file /home/airflow/.local/lib/python3.7/site-packages/airflow/example_dags/example_nested_branch_dag.py for tasks to queue
[2022-10-19T16:24:39.871+0000] {logging_mixin.py:117} INFO - [2022-10-19T16:24:39.871+0000] {dagbag.py:525} INFO - Filling up the DagBag from /home/airflow/.local/lib/python3.7/site-packages/airflow/example_dags/example_nested_branch_dag.py
[2022-10-19T16:24:39.898+0000] {processor.py:768} INFO - DAG(s) dict_keys(['example_nested_branch_dag']) retrieved from /home/airflow/.local/lib/python3.7/site-packages/airflow/example_dags/example_nested_branch_dag.py
[2022-10-19T16:24:39.937+0000] {logging_mixin.py:117} INFO - [2022-10-19T16:24:39.937+0000] {dag.py:2573} INFO - Sync 1 DAGs
[2022-10-19T16:24:39.958+0000] {logging_mixin.py:117} INFO - [2022-10-19T16:24:39.957+0000] {dag.py:3328} INFO - Setting next_dagrun for example_nested_branch_dag to 2022-10-18T00:00:00+00:00, run_after=2022-10-19T00:00:00+00:00
[2022-10-19T16:24:39.979+0000] {processor.py:178} INFO - Processing /home/airflow/.local/lib/python3.7/site-packages/airflow/example_dags/example_nested_branch_dag.py took 0.116 seconds
[2022-10-19T16:26:47.331+0000] {processor.py:156} INFO - Started process (PID=3102) to work on /home/airflow/.local/lib/python3.7/site-packages/airflow/example_dags/example_nested_branch_dag.py
[2022-10-19T16:26:48.206+0000] {processor.py:758} INFO - Processing file /home/airflow/.local/lib/python3.7/site-packages/airflow/example_dags/example_nested_branch_dag.py for tasks to queue
[2022-10-19T16:26:48.348+0000] {logging_mixin.py:117} INFO - [2022-10-19T16:26:48.347+0000] {dagbag.py:525} INFO - Filling up the DagBag from /home/airflow/.local/lib/python3.7/site-packages/airflow/example_dags/example_nested_branch_dag.py
[2022-10-19T16:26:53.183+0000] {processor.py:768} INFO - DAG(s) dict_keys(['example_nested_branch_dag']) retrieved from /home/airflow/.local/lib/python3.7/site-packages/airflow/example_dags/example_nested_branch_dag.py
[2022-10-19T16:26:55.737+0000] {logging_mixin.py:117} INFO - [2022-10-19T16:26:55.736+0000] {dag.py:2573} INFO - Sync 1 DAGs
[2022-10-19T16:26:56.205+0000] {logging_mixin.py:117} INFO - [2022-10-19T16:26:56.202+0000] {dag.py:3328} INFO - Setting next_dagrun for example_nested_branch_dag to 2022-10-18T00:00:00+00:00, run_after=2022-10-19T00:00:00+00:00
[2022-10-19T16:26:56.434+0000] {processor.py:178} INFO - Processing /home/airflow/.local/lib/python3.7/site-packages/airflow/example_dags/example_nested_branch_dag.py took 9.281 seconds
