[2022-10-19T15:36:26.176+0000] {processor.py:156} INFO - Started process (PID=186) to work on /home/airflow/.local/lib/python3.7/site-packages/airflow/example_dags/example_sla_dag.py
[2022-10-19T15:36:26.221+0000] {processor.py:758} INFO - Processing file /home/airflow/.local/lib/python3.7/site-packages/airflow/example_dags/example_sla_dag.py for tasks to queue
[2022-10-19T15:36:26.311+0000] {logging_mixin.py:117} INFO - [2022-10-19T15:36:26.311+0000] {dagbag.py:525} INFO - Filling up the DagBag from /home/airflow/.local/lib/python3.7/site-packages/airflow/example_dags/example_sla_dag.py
[2022-10-19T15:36:28.813+0000] {processor.py:768} INFO - DAG(s) dict_keys(['example_sla_dag']) retrieved from /home/airflow/.local/lib/python3.7/site-packages/airflow/example_dags/example_sla_dag.py
[2022-10-19T15:36:29.933+0000] {logging_mixin.py:117} INFO - [2022-10-19T15:36:29.929+0000] {dag.py:2573} INFO - Sync 1 DAGs
[2022-10-19T15:36:30.723+0000] {logging_mixin.py:117} INFO - [2022-10-19T15:36:30.722+0000] {dag.py:3328} INFO - Setting next_dagrun for example_sla_dag to 2022-10-19T15:34:00+00:00, run_after=2022-10-19T15:36:00+00:00
[2022-10-19T15:36:30.882+0000] {processor.py:178} INFO - Processing /home/airflow/.local/lib/python3.7/site-packages/airflow/example_dags/example_sla_dag.py took 5.737 seconds
[2022-10-19T15:37:03.274+0000] {processor.py:156} INFO - Started process (PID=244) to work on /home/airflow/.local/lib/python3.7/site-packages/airflow/example_dags/example_sla_dag.py
[2022-10-19T15:37:03.287+0000] {processor.py:758} INFO - Processing file /home/airflow/.local/lib/python3.7/site-packages/airflow/example_dags/example_sla_dag.py for tasks to queue
[2022-10-19T15:37:03.291+0000] {logging_mixin.py:117} INFO - [2022-10-19T15:37:03.291+0000] {dagbag.py:525} INFO - Filling up the DagBag from /home/airflow/.local/lib/python3.7/site-packages/airflow/example_dags/example_sla_dag.py
[2022-10-19T15:37:03.464+0000] {processor.py:768} INFO - DAG(s) dict_keys(['example_sla_dag']) retrieved from /home/airflow/.local/lib/python3.7/site-packages/airflow/example_dags/example_sla_dag.py
[2022-10-19T15:37:03.590+0000] {logging_mixin.py:117} INFO - [2022-10-19T15:37:03.590+0000] {dag.py:2573} INFO - Sync 1 DAGs
[2022-10-19T15:37:03.652+0000] {logging_mixin.py:117} INFO - [2022-10-19T15:37:03.652+0000] {dag.py:3328} INFO - Setting next_dagrun for example_sla_dag to 2022-10-19T15:34:00+00:00, run_after=2022-10-19T15:36:00+00:00
[2022-10-19T15:37:03.740+0000] {processor.py:178} INFO - Processing /home/airflow/.local/lib/python3.7/site-packages/airflow/example_dags/example_sla_dag.py took 0.478 seconds
[2022-10-19T15:37:33.946+0000] {processor.py:156} INFO - Started process (PID=308) to work on /home/airflow/.local/lib/python3.7/site-packages/airflow/example_dags/example_sla_dag.py
[2022-10-19T15:37:33.948+0000] {processor.py:758} INFO - Processing file /home/airflow/.local/lib/python3.7/site-packages/airflow/example_dags/example_sla_dag.py for tasks to queue
[2022-10-19T15:37:33.950+0000] {logging_mixin.py:117} INFO - [2022-10-19T15:37:33.950+0000] {dagbag.py:525} INFO - Filling up the DagBag from /home/airflow/.local/lib/python3.7/site-packages/airflow/example_dags/example_sla_dag.py
[2022-10-19T15:37:33.977+0000] {processor.py:768} INFO - DAG(s) dict_keys(['example_sla_dag']) retrieved from /home/airflow/.local/lib/python3.7/site-packages/airflow/example_dags/example_sla_dag.py
[2022-10-19T15:37:34.021+0000] {logging_mixin.py:117} INFO - [2022-10-19T15:37:34.021+0000] {dag.py:2573} INFO - Sync 1 DAGs
[2022-10-19T15:37:34.046+0000] {logging_mixin.py:117} INFO - [2022-10-19T15:37:34.046+0000] {dag.py:3328} INFO - Setting next_dagrun for example_sla_dag to 2022-10-19T15:34:00+00:00, run_after=2022-10-19T15:36:00+00:00
[2022-10-19T15:37:34.066+0000] {processor.py:178} INFO - Processing /home/airflow/.local/lib/python3.7/site-packages/airflow/example_dags/example_sla_dag.py took 0.124 seconds
[2022-10-19T15:38:04.717+0000] {processor.py:156} INFO - Started process (PID=363) to work on /home/airflow/.local/lib/python3.7/site-packages/airflow/example_dags/example_sla_dag.py
[2022-10-19T15:38:04.726+0000] {processor.py:758} INFO - Processing file /home/airflow/.local/lib/python3.7/site-packages/airflow/example_dags/example_sla_dag.py for tasks to queue
[2022-10-19T15:38:04.728+0000] {logging_mixin.py:117} INFO - [2022-10-19T15:38:04.728+0000] {dagbag.py:525} INFO - Filling up the DagBag from /home/airflow/.local/lib/python3.7/site-packages/airflow/example_dags/example_sla_dag.py
[2022-10-19T15:38:04.798+0000] {processor.py:768} INFO - DAG(s) dict_keys(['example_sla_dag']) retrieved from /home/airflow/.local/lib/python3.7/site-packages/airflow/example_dags/example_sla_dag.py
[2022-10-19T15:38:04.890+0000] {logging_mixin.py:117} INFO - [2022-10-19T15:38:04.889+0000] {dag.py:2573} INFO - Sync 1 DAGs
[2022-10-19T15:38:04.926+0000] {logging_mixin.py:117} INFO - [2022-10-19T15:38:04.926+0000] {dag.py:3328} INFO - Setting next_dagrun for example_sla_dag to 2022-10-19T15:36:00+00:00, run_after=2022-10-19T15:38:00+00:00
[2022-10-19T15:38:04.947+0000] {processor.py:178} INFO - Processing /home/airflow/.local/lib/python3.7/site-packages/airflow/example_dags/example_sla_dag.py took 0.240 seconds
[2022-10-19T15:38:35.554+0000] {processor.py:156} INFO - Started process (PID=428) to work on /home/airflow/.local/lib/python3.7/site-packages/airflow/example_dags/example_sla_dag.py
[2022-10-19T15:38:35.788+0000] {processor.py:758} INFO - Processing file /home/airflow/.local/lib/python3.7/site-packages/airflow/example_dags/example_sla_dag.py for tasks to queue
[2022-10-19T15:38:35.801+0000] {logging_mixin.py:117} INFO - [2022-10-19T15:38:35.801+0000] {dagbag.py:525} INFO - Filling up the DagBag from /home/airflow/.local/lib/python3.7/site-packages/airflow/example_dags/example_sla_dag.py
[2022-10-19T15:38:36.153+0000] {processor.py:768} INFO - DAG(s) dict_keys(['example_sla_dag']) retrieved from /home/airflow/.local/lib/python3.7/site-packages/airflow/example_dags/example_sla_dag.py
[2022-10-19T15:38:37.493+0000] {logging_mixin.py:117} INFO - [2022-10-19T15:38:37.493+0000] {dag.py:2573} INFO - Sync 1 DAGs
[2022-10-19T15:38:37.538+0000] {logging_mixin.py:117} INFO - [2022-10-19T15:38:37.538+0000] {dag.py:3328} INFO - Setting next_dagrun for example_sla_dag to 2022-10-19T15:36:00+00:00, run_after=2022-10-19T15:38:00+00:00
[2022-10-19T15:38:37.568+0000] {processor.py:178} INFO - Processing /home/airflow/.local/lib/python3.7/site-packages/airflow/example_dags/example_sla_dag.py took 2.093 seconds
[2022-10-19T15:39:08.514+0000] {processor.py:156} INFO - Started process (PID=483) to work on /home/airflow/.local/lib/python3.7/site-packages/airflow/example_dags/example_sla_dag.py
[2022-10-19T15:39:08.518+0000] {processor.py:758} INFO - Processing file /home/airflow/.local/lib/python3.7/site-packages/airflow/example_dags/example_sla_dag.py for tasks to queue
[2022-10-19T15:39:08.522+0000] {logging_mixin.py:117} INFO - [2022-10-19T15:39:08.522+0000] {dagbag.py:525} INFO - Filling up the DagBag from /home/airflow/.local/lib/python3.7/site-packages/airflow/example_dags/example_sla_dag.py
[2022-10-19T15:39:08.599+0000] {processor.py:768} INFO - DAG(s) dict_keys(['example_sla_dag']) retrieved from /home/airflow/.local/lib/python3.7/site-packages/airflow/example_dags/example_sla_dag.py
[2022-10-19T15:39:08.718+0000] {logging_mixin.py:117} INFO - [2022-10-19T15:39:08.717+0000] {dag.py:2573} INFO - Sync 1 DAGs
[2022-10-19T15:39:08.772+0000] {logging_mixin.py:117} INFO - [2022-10-19T15:39:08.771+0000] {dag.py:3328} INFO - Setting next_dagrun for example_sla_dag to 2022-10-19T15:36:00+00:00, run_after=2022-10-19T15:38:00+00:00
[2022-10-19T15:39:08.823+0000] {processor.py:178} INFO - Processing /home/airflow/.local/lib/python3.7/site-packages/airflow/example_dags/example_sla_dag.py took 0.319 seconds
[2022-10-19T15:39:56.225+0000] {processor.py:156} INFO - Started process (PID=549) to work on /home/airflow/.local/lib/python3.7/site-packages/airflow/example_dags/example_sla_dag.py
[2022-10-19T15:39:56.240+0000] {processor.py:758} INFO - Processing file /home/airflow/.local/lib/python3.7/site-packages/airflow/example_dags/example_sla_dag.py for tasks to queue
[2022-10-19T15:39:56.244+0000] {logging_mixin.py:117} INFO - [2022-10-19T15:39:56.244+0000] {dagbag.py:525} INFO - Filling up the DagBag from /home/airflow/.local/lib/python3.7/site-packages/airflow/example_dags/example_sla_dag.py
[2022-10-19T15:39:56.305+0000] {processor.py:768} INFO - DAG(s) dict_keys(['example_sla_dag']) retrieved from /home/airflow/.local/lib/python3.7/site-packages/airflow/example_dags/example_sla_dag.py
[2022-10-19T15:39:56.406+0000] {logging_mixin.py:117} INFO - [2022-10-19T15:39:56.406+0000] {dag.py:2573} INFO - Sync 1 DAGs
[2022-10-19T15:39:56.452+0000] {logging_mixin.py:117} INFO - [2022-10-19T15:39:56.452+0000] {dag.py:3328} INFO - Setting next_dagrun for example_sla_dag to 2022-10-19T15:36:00+00:00, run_after=2022-10-19T15:38:00+00:00
[2022-10-19T15:39:56.548+0000] {processor.py:178} INFO - Processing /home/airflow/.local/lib/python3.7/site-packages/airflow/example_dags/example_sla_dag.py took 0.332 seconds
[2022-10-19T15:40:26.685+0000] {processor.py:156} INFO - Started process (PID=612) to work on /home/airflow/.local/lib/python3.7/site-packages/airflow/example_dags/example_sla_dag.py
[2022-10-19T15:40:26.687+0000] {processor.py:758} INFO - Processing file /home/airflow/.local/lib/python3.7/site-packages/airflow/example_dags/example_sla_dag.py for tasks to queue
[2022-10-19T15:40:26.689+0000] {logging_mixin.py:117} INFO - [2022-10-19T15:40:26.689+0000] {dagbag.py:525} INFO - Filling up the DagBag from /home/airflow/.local/lib/python3.7/site-packages/airflow/example_dags/example_sla_dag.py
[2022-10-19T15:40:26.714+0000] {processor.py:768} INFO - DAG(s) dict_keys(['example_sla_dag']) retrieved from /home/airflow/.local/lib/python3.7/site-packages/airflow/example_dags/example_sla_dag.py
[2022-10-19T15:40:26.759+0000] {logging_mixin.py:117} INFO - [2022-10-19T15:40:26.759+0000] {dag.py:2573} INFO - Sync 1 DAGs
[2022-10-19T15:40:26.790+0000] {logging_mixin.py:117} INFO - [2022-10-19T15:40:26.790+0000] {dag.py:3328} INFO - Setting next_dagrun for example_sla_dag to 2022-10-19T15:38:00+00:00, run_after=2022-10-19T15:40:00+00:00
[2022-10-19T15:40:26.809+0000] {processor.py:178} INFO - Processing /home/airflow/.local/lib/python3.7/site-packages/airflow/example_dags/example_sla_dag.py took 0.129 seconds
[2022-10-19T15:40:57.821+0000] {processor.py:156} INFO - Started process (PID=670) to work on /home/airflow/.local/lib/python3.7/site-packages/airflow/example_dags/example_sla_dag.py
[2022-10-19T15:40:57.824+0000] {processor.py:758} INFO - Processing file /home/airflow/.local/lib/python3.7/site-packages/airflow/example_dags/example_sla_dag.py for tasks to queue
[2022-10-19T15:40:57.825+0000] {logging_mixin.py:117} INFO - [2022-10-19T15:40:57.825+0000] {dagbag.py:525} INFO - Filling up the DagBag from /home/airflow/.local/lib/python3.7/site-packages/airflow/example_dags/example_sla_dag.py
[2022-10-19T15:40:57.855+0000] {processor.py:768} INFO - DAG(s) dict_keys(['example_sla_dag']) retrieved from /home/airflow/.local/lib/python3.7/site-packages/airflow/example_dags/example_sla_dag.py
[2022-10-19T15:40:57.903+0000] {logging_mixin.py:117} INFO - [2022-10-19T15:40:57.903+0000] {dag.py:2573} INFO - Sync 1 DAGs
[2022-10-19T15:40:57.931+0000] {logging_mixin.py:117} INFO - [2022-10-19T15:40:57.931+0000] {dag.py:3328} INFO - Setting next_dagrun for example_sla_dag to 2022-10-19T15:38:00+00:00, run_after=2022-10-19T15:40:00+00:00
[2022-10-19T15:40:57.954+0000] {processor.py:178} INFO - Processing /home/airflow/.local/lib/python3.7/site-packages/airflow/example_dags/example_sla_dag.py took 0.138 seconds
[2022-10-19T15:41:29.104+0000] {processor.py:156} INFO - Started process (PID=736) to work on /home/airflow/.local/lib/python3.7/site-packages/airflow/example_dags/example_sla_dag.py
[2022-10-19T15:41:29.106+0000] {processor.py:758} INFO - Processing file /home/airflow/.local/lib/python3.7/site-packages/airflow/example_dags/example_sla_dag.py for tasks to queue
[2022-10-19T15:41:29.108+0000] {logging_mixin.py:117} INFO - [2022-10-19T15:41:29.108+0000] {dagbag.py:525} INFO - Filling up the DagBag from /home/airflow/.local/lib/python3.7/site-packages/airflow/example_dags/example_sla_dag.py
[2022-10-19T15:41:29.131+0000] {processor.py:768} INFO - DAG(s) dict_keys(['example_sla_dag']) retrieved from /home/airflow/.local/lib/python3.7/site-packages/airflow/example_dags/example_sla_dag.py
[2022-10-19T15:41:29.193+0000] {logging_mixin.py:117} INFO - [2022-10-19T15:41:29.192+0000] {dag.py:2573} INFO - Sync 1 DAGs
[2022-10-19T15:41:29.249+0000] {logging_mixin.py:117} INFO - [2022-10-19T15:41:29.249+0000] {dag.py:3328} INFO - Setting next_dagrun for example_sla_dag to 2022-10-19T15:38:00+00:00, run_after=2022-10-19T15:40:00+00:00
[2022-10-19T15:41:29.273+0000] {processor.py:178} INFO - Processing /home/airflow/.local/lib/python3.7/site-packages/airflow/example_dags/example_sla_dag.py took 0.174 seconds
[2022-10-19T15:41:59.904+0000] {processor.py:156} INFO - Started process (PID=801) to work on /home/airflow/.local/lib/python3.7/site-packages/airflow/example_dags/example_sla_dag.py
[2022-10-19T15:41:59.906+0000] {processor.py:758} INFO - Processing file /home/airflow/.local/lib/python3.7/site-packages/airflow/example_dags/example_sla_dag.py for tasks to queue
[2022-10-19T15:41:59.907+0000] {logging_mixin.py:117} INFO - [2022-10-19T15:41:59.907+0000] {dagbag.py:525} INFO - Filling up the DagBag from /home/airflow/.local/lib/python3.7/site-packages/airflow/example_dags/example_sla_dag.py
[2022-10-19T15:41:59.923+0000] {processor.py:768} INFO - DAG(s) dict_keys(['example_sla_dag']) retrieved from /home/airflow/.local/lib/python3.7/site-packages/airflow/example_dags/example_sla_dag.py
[2022-10-19T15:41:59.949+0000] {logging_mixin.py:117} INFO - [2022-10-19T15:41:59.949+0000] {dag.py:2573} INFO - Sync 1 DAGs
[2022-10-19T15:41:59.966+0000] {logging_mixin.py:117} INFO - [2022-10-19T15:41:59.966+0000] {dag.py:3328} INFO - Setting next_dagrun for example_sla_dag to 2022-10-19T15:38:00+00:00, run_after=2022-10-19T15:40:00+00:00
[2022-10-19T15:41:59.977+0000] {processor.py:178} INFO - Processing /home/airflow/.local/lib/python3.7/site-packages/airflow/example_dags/example_sla_dag.py took 0.075 seconds
[2022-10-19T15:42:30.361+0000] {processor.py:156} INFO - Started process (PID=863) to work on /home/airflow/.local/lib/python3.7/site-packages/airflow/example_dags/example_sla_dag.py
[2022-10-19T15:42:30.365+0000] {processor.py:758} INFO - Processing file /home/airflow/.local/lib/python3.7/site-packages/airflow/example_dags/example_sla_dag.py for tasks to queue
[2022-10-19T15:42:30.366+0000] {logging_mixin.py:117} INFO - [2022-10-19T15:42:30.366+0000] {dagbag.py:525} INFO - Filling up the DagBag from /home/airflow/.local/lib/python3.7/site-packages/airflow/example_dags/example_sla_dag.py
[2022-10-19T15:42:30.401+0000] {processor.py:768} INFO - DAG(s) dict_keys(['example_sla_dag']) retrieved from /home/airflow/.local/lib/python3.7/site-packages/airflow/example_dags/example_sla_dag.py
[2022-10-19T15:42:30.454+0000] {logging_mixin.py:117} INFO - [2022-10-19T15:42:30.454+0000] {dag.py:2573} INFO - Sync 1 DAGs
[2022-10-19T15:42:30.482+0000] {logging_mixin.py:117} INFO - [2022-10-19T15:42:30.482+0000] {dag.py:3328} INFO - Setting next_dagrun for example_sla_dag to 2022-10-19T15:40:00+00:00, run_after=2022-10-19T15:42:00+00:00
[2022-10-19T15:42:30.500+0000] {processor.py:178} INFO - Processing /home/airflow/.local/lib/python3.7/site-packages/airflow/example_dags/example_sla_dag.py took 0.148 seconds
[2022-10-19T15:43:01.028+0000] {processor.py:156} INFO - Started process (PID=922) to work on /home/airflow/.local/lib/python3.7/site-packages/airflow/example_dags/example_sla_dag.py
[2022-10-19T15:43:01.029+0000] {processor.py:758} INFO - Processing file /home/airflow/.local/lib/python3.7/site-packages/airflow/example_dags/example_sla_dag.py for tasks to queue
[2022-10-19T15:43:01.031+0000] {logging_mixin.py:117} INFO - [2022-10-19T15:43:01.031+0000] {dagbag.py:525} INFO - Filling up the DagBag from /home/airflow/.local/lib/python3.7/site-packages/airflow/example_dags/example_sla_dag.py
[2022-10-19T15:43:01.045+0000] {processor.py:768} INFO - DAG(s) dict_keys(['example_sla_dag']) retrieved from /home/airflow/.local/lib/python3.7/site-packages/airflow/example_dags/example_sla_dag.py
[2022-10-19T15:43:01.085+0000] {logging_mixin.py:117} INFO - [2022-10-19T15:43:01.085+0000] {dag.py:2573} INFO - Sync 1 DAGs
[2022-10-19T15:43:01.105+0000] {logging_mixin.py:117} INFO - [2022-10-19T15:43:01.104+0000] {dag.py:3328} INFO - Setting next_dagrun for example_sla_dag to 2022-10-19T15:40:00+00:00, run_after=2022-10-19T15:42:00+00:00
[2022-10-19T15:43:01.120+0000] {processor.py:178} INFO - Processing /home/airflow/.local/lib/python3.7/site-packages/airflow/example_dags/example_sla_dag.py took 0.094 seconds
[2022-10-19T15:43:37.293+0000] {processor.py:156} INFO - Started process (PID=988) to work on /home/airflow/.local/lib/python3.7/site-packages/airflow/example_dags/example_sla_dag.py
[2022-10-19T15:43:37.298+0000] {processor.py:758} INFO - Processing file /home/airflow/.local/lib/python3.7/site-packages/airflow/example_dags/example_sla_dag.py for tasks to queue
[2022-10-19T15:43:37.303+0000] {logging_mixin.py:117} INFO - [2022-10-19T15:43:37.303+0000] {dagbag.py:525} INFO - Filling up the DagBag from /home/airflow/.local/lib/python3.7/site-packages/airflow/example_dags/example_sla_dag.py
[2022-10-19T15:43:37.335+0000] {processor.py:768} INFO - DAG(s) dict_keys(['example_sla_dag']) retrieved from /home/airflow/.local/lib/python3.7/site-packages/airflow/example_dags/example_sla_dag.py
[2022-10-19T15:43:37.457+0000] {logging_mixin.py:117} INFO - [2022-10-19T15:43:37.457+0000] {dag.py:2573} INFO - Sync 1 DAGs
[2022-10-19T15:43:37.489+0000] {logging_mixin.py:117} INFO - [2022-10-19T15:43:37.489+0000] {dag.py:3328} INFO - Setting next_dagrun for example_sla_dag to 2022-10-19T15:40:00+00:00, run_after=2022-10-19T15:42:00+00:00
[2022-10-19T15:43:37.510+0000] {processor.py:178} INFO - Processing /home/airflow/.local/lib/python3.7/site-packages/airflow/example_dags/example_sla_dag.py took 0.221 seconds
[2022-10-19T15:44:51.039+0000] {processor.py:156} INFO - Started process (PID=1055) to work on /home/airflow/.local/lib/python3.7/site-packages/airflow/example_dags/example_sla_dag.py
[2022-10-19T15:44:51.045+0000] {processor.py:758} INFO - Processing file /home/airflow/.local/lib/python3.7/site-packages/airflow/example_dags/example_sla_dag.py for tasks to queue
[2022-10-19T15:44:51.053+0000] {logging_mixin.py:117} INFO - [2022-10-19T15:44:51.052+0000] {dagbag.py:525} INFO - Filling up the DagBag from /home/airflow/.local/lib/python3.7/site-packages/airflow/example_dags/example_sla_dag.py
[2022-10-19T15:44:51.095+0000] {processor.py:768} INFO - DAG(s) dict_keys(['example_sla_dag']) retrieved from /home/airflow/.local/lib/python3.7/site-packages/airflow/example_dags/example_sla_dag.py
[2022-10-19T15:44:51.320+0000] {logging_mixin.py:117} INFO - [2022-10-19T15:44:51.320+0000] {dag.py:2573} INFO - Sync 1 DAGs
[2022-10-19T15:44:51.362+0000] {logging_mixin.py:117} INFO - [2022-10-19T15:44:51.362+0000] {dag.py:3328} INFO - Setting next_dagrun for example_sla_dag to 2022-10-19T15:42:00+00:00, run_after=2022-10-19T15:44:00+00:00
[2022-10-19T15:44:51.400+0000] {processor.py:178} INFO - Processing /home/airflow/.local/lib/python3.7/site-packages/airflow/example_dags/example_sla_dag.py took 0.407 seconds
[2022-10-19T15:45:23.912+0000] {processor.py:156} INFO - Started process (PID=1111) to work on /home/airflow/.local/lib/python3.7/site-packages/airflow/example_dags/example_sla_dag.py
[2022-10-19T15:45:23.914+0000] {processor.py:758} INFO - Processing file /home/airflow/.local/lib/python3.7/site-packages/airflow/example_dags/example_sla_dag.py for tasks to queue
[2022-10-19T15:45:23.915+0000] {logging_mixin.py:117} INFO - [2022-10-19T15:45:23.915+0000] {dagbag.py:525} INFO - Filling up the DagBag from /home/airflow/.local/lib/python3.7/site-packages/airflow/example_dags/example_sla_dag.py
[2022-10-19T15:45:23.952+0000] {processor.py:768} INFO - DAG(s) dict_keys(['example_sla_dag']) retrieved from /home/airflow/.local/lib/python3.7/site-packages/airflow/example_dags/example_sla_dag.py
[2022-10-19T15:45:24.081+0000] {logging_mixin.py:117} INFO - [2022-10-19T15:45:24.081+0000] {dag.py:2573} INFO - Sync 1 DAGs
[2022-10-19T15:45:24.172+0000] {logging_mixin.py:117} INFO - [2022-10-19T15:45:24.172+0000] {dag.py:3328} INFO - Setting next_dagrun for example_sla_dag to 2022-10-19T15:42:00+00:00, run_after=2022-10-19T15:44:00+00:00
[2022-10-19T15:45:24.268+0000] {processor.py:178} INFO - Processing /home/airflow/.local/lib/python3.7/site-packages/airflow/example_dags/example_sla_dag.py took 0.359 seconds
[2022-10-19T15:46:45.943+0000] {processor.py:156} INFO - Started process (PID=1175) to work on /home/airflow/.local/lib/python3.7/site-packages/airflow/example_dags/example_sla_dag.py
[2022-10-19T15:46:46.160+0000] {processor.py:758} INFO - Processing file /home/airflow/.local/lib/python3.7/site-packages/airflow/example_dags/example_sla_dag.py for tasks to queue
[2022-10-19T15:46:46.163+0000] {logging_mixin.py:117} INFO - [2022-10-19T15:46:46.162+0000] {dagbag.py:525} INFO - Filling up the DagBag from /home/airflow/.local/lib/python3.7/site-packages/airflow/example_dags/example_sla_dag.py
[2022-10-19T15:46:46.240+0000] {processor.py:768} INFO - DAG(s) dict_keys(['example_sla_dag']) retrieved from /home/airflow/.local/lib/python3.7/site-packages/airflow/example_dags/example_sla_dag.py
[2022-10-19T15:46:46.332+0000] {logging_mixin.py:117} INFO - [2022-10-19T15:46:46.331+0000] {dag.py:2573} INFO - Sync 1 DAGs
[2022-10-19T15:46:46.402+0000] {logging_mixin.py:117} INFO - [2022-10-19T15:46:46.402+0000] {dag.py:3328} INFO - Setting next_dagrun for example_sla_dag to 2022-10-19T15:44:00+00:00, run_after=2022-10-19T15:46:00+00:00
[2022-10-19T15:46:46.449+0000] {processor.py:178} INFO - Processing /home/airflow/.local/lib/python3.7/site-packages/airflow/example_dags/example_sla_dag.py took 0.548 seconds
[2022-10-19T15:47:17.229+0000] {processor.py:156} INFO - Started process (PID=1239) to work on /home/airflow/.local/lib/python3.7/site-packages/airflow/example_dags/example_sla_dag.py
[2022-10-19T15:47:17.243+0000] {processor.py:758} INFO - Processing file /home/airflow/.local/lib/python3.7/site-packages/airflow/example_dags/example_sla_dag.py for tasks to queue
[2022-10-19T15:47:17.251+0000] {logging_mixin.py:117} INFO - [2022-10-19T15:47:17.251+0000] {dagbag.py:525} INFO - Filling up the DagBag from /home/airflow/.local/lib/python3.7/site-packages/airflow/example_dags/example_sla_dag.py
[2022-10-19T15:47:17.337+0000] {processor.py:768} INFO - DAG(s) dict_keys(['example_sla_dag']) retrieved from /home/airflow/.local/lib/python3.7/site-packages/airflow/example_dags/example_sla_dag.py
[2022-10-19T15:47:17.483+0000] {logging_mixin.py:117} INFO - [2022-10-19T15:47:17.482+0000] {dag.py:2573} INFO - Sync 1 DAGs
[2022-10-19T15:47:17.531+0000] {logging_mixin.py:117} INFO - [2022-10-19T15:47:17.531+0000] {dag.py:3328} INFO - Setting next_dagrun for example_sla_dag to 2022-10-19T15:44:00+00:00, run_after=2022-10-19T15:46:00+00:00
[2022-10-19T15:47:17.563+0000] {processor.py:178} INFO - Processing /home/airflow/.local/lib/python3.7/site-packages/airflow/example_dags/example_sla_dag.py took 0.357 seconds
[2022-10-19T15:47:56.337+0000] {processor.py:156} INFO - Started process (PID=1308) to work on /home/airflow/.local/lib/python3.7/site-packages/airflow/example_dags/example_sla_dag.py
[2022-10-19T15:47:56.510+0000] {processor.py:758} INFO - Processing file /home/airflow/.local/lib/python3.7/site-packages/airflow/example_dags/example_sla_dag.py for tasks to queue
[2022-10-19T15:47:56.541+0000] {logging_mixin.py:117} INFO - [2022-10-19T15:47:56.540+0000] {dagbag.py:525} INFO - Filling up the DagBag from /home/airflow/.local/lib/python3.7/site-packages/airflow/example_dags/example_sla_dag.py
[2022-10-19T15:47:56.658+0000] {processor.py:768} INFO - DAG(s) dict_keys(['example_sla_dag']) retrieved from /home/airflow/.local/lib/python3.7/site-packages/airflow/example_dags/example_sla_dag.py
[2022-10-19T15:47:56.792+0000] {logging_mixin.py:117} INFO - [2022-10-19T15:47:56.792+0000] {dag.py:2573} INFO - Sync 1 DAGs
[2022-10-19T15:47:56.869+0000] {logging_mixin.py:117} INFO - [2022-10-19T15:47:56.869+0000] {dag.py:3328} INFO - Setting next_dagrun for example_sla_dag to 2022-10-19T15:44:00+00:00, run_after=2022-10-19T15:46:00+00:00
[2022-10-19T15:47:56.995+0000] {processor.py:178} INFO - Processing /home/airflow/.local/lib/python3.7/site-packages/airflow/example_dags/example_sla_dag.py took 0.673 seconds
[2022-10-19T15:48:27.757+0000] {processor.py:156} INFO - Started process (PID=1364) to work on /home/airflow/.local/lib/python3.7/site-packages/airflow/example_dags/example_sla_dag.py
[2022-10-19T15:48:27.763+0000] {processor.py:758} INFO - Processing file /home/airflow/.local/lib/python3.7/site-packages/airflow/example_dags/example_sla_dag.py for tasks to queue
[2022-10-19T15:48:27.765+0000] {logging_mixin.py:117} INFO - [2022-10-19T15:48:27.765+0000] {dagbag.py:525} INFO - Filling up the DagBag from /home/airflow/.local/lib/python3.7/site-packages/airflow/example_dags/example_sla_dag.py
[2022-10-19T15:48:27.957+0000] {processor.py:768} INFO - DAG(s) dict_keys(['example_sla_dag']) retrieved from /home/airflow/.local/lib/python3.7/site-packages/airflow/example_dags/example_sla_dag.py
[2022-10-19T15:48:28.393+0000] {logging_mixin.py:117} INFO - [2022-10-19T15:48:28.393+0000] {dag.py:2573} INFO - Sync 1 DAGs
[2022-10-19T15:48:31.046+0000] {logging_mixin.py:117} INFO - [2022-10-19T15:48:30.873+0000] {dag.py:3328} INFO - Setting next_dagrun for example_sla_dag to 2022-10-19T15:46:00+00:00, run_after=2022-10-19T15:48:00+00:00
[2022-10-19T15:48:31.358+0000] {processor.py:178} INFO - Processing /home/airflow/.local/lib/python3.7/site-packages/airflow/example_dags/example_sla_dag.py took 3.613 seconds
[2022-10-19T15:51:32.779+0000] {processor.py:156} INFO - Started process (PID=1487) to work on /home/airflow/.local/lib/python3.7/site-packages/airflow/example_dags/example_sla_dag.py
[2022-10-19T15:51:32.783+0000] {processor.py:758} INFO - Processing file /home/airflow/.local/lib/python3.7/site-packages/airflow/example_dags/example_sla_dag.py for tasks to queue
[2022-10-19T15:51:32.784+0000] {logging_mixin.py:117} INFO - [2022-10-19T15:51:32.784+0000] {dagbag.py:525} INFO - Filling up the DagBag from /home/airflow/.local/lib/python3.7/site-packages/airflow/example_dags/example_sla_dag.py
[2022-10-19T15:51:32.804+0000] {processor.py:768} INFO - DAG(s) dict_keys(['example_sla_dag']) retrieved from /home/airflow/.local/lib/python3.7/site-packages/airflow/example_dags/example_sla_dag.py
[2022-10-19T15:51:32.847+0000] {logging_mixin.py:117} INFO - [2022-10-19T15:51:32.847+0000] {dag.py:2573} INFO - Sync 1 DAGs
[2022-10-19T15:51:32.882+0000] {logging_mixin.py:117} INFO - [2022-10-19T15:51:32.882+0000] {dag.py:3328} INFO - Setting next_dagrun for example_sla_dag to 2022-10-19T15:48:00+00:00, run_after=2022-10-19T15:50:00+00:00
[2022-10-19T15:51:32.900+0000] {processor.py:178} INFO - Processing /home/airflow/.local/lib/python3.7/site-packages/airflow/example_dags/example_sla_dag.py took 0.125 seconds
[2022-10-19T15:59:17.385+0000] {processor.py:156} INFO - Started process (PID=134) to work on /home/airflow/.local/lib/python3.7/site-packages/airflow/example_dags/example_sla_dag.py
[2022-10-19T15:59:17.388+0000] {processor.py:758} INFO - Processing file /home/airflow/.local/lib/python3.7/site-packages/airflow/example_dags/example_sla_dag.py for tasks to queue
[2022-10-19T15:59:17.389+0000] {logging_mixin.py:117} INFO - [2022-10-19T15:59:17.389+0000] {dagbag.py:525} INFO - Filling up the DagBag from /home/airflow/.local/lib/python3.7/site-packages/airflow/example_dags/example_sla_dag.py
[2022-10-19T15:59:17.409+0000] {processor.py:768} INFO - DAG(s) dict_keys(['example_sla_dag']) retrieved from /home/airflow/.local/lib/python3.7/site-packages/airflow/example_dags/example_sla_dag.py
[2022-10-19T15:59:17.447+0000] {logging_mixin.py:117} INFO - [2022-10-19T15:59:17.447+0000] {dag.py:2573} INFO - Sync 1 DAGs
[2022-10-19T15:59:17.467+0000] {logging_mixin.py:117} INFO - [2022-10-19T15:59:17.467+0000] {dag.py:3328} INFO - Setting next_dagrun for example_sla_dag to 2022-10-19T15:56:00+00:00, run_after=2022-10-19T15:58:00+00:00
[2022-10-19T15:59:17.488+0000] {processor.py:178} INFO - Processing /home/airflow/.local/lib/python3.7/site-packages/airflow/example_dags/example_sla_dag.py took 0.108 seconds
[2022-10-19T15:59:48.926+0000] {processor.py:156} INFO - Started process (PID=199) to work on /home/airflow/.local/lib/python3.7/site-packages/airflow/example_dags/example_sla_dag.py
[2022-10-19T15:59:48.933+0000] {processor.py:758} INFO - Processing file /home/airflow/.local/lib/python3.7/site-packages/airflow/example_dags/example_sla_dag.py for tasks to queue
[2022-10-19T15:59:48.936+0000] {logging_mixin.py:117} INFO - [2022-10-19T15:59:48.936+0000] {dagbag.py:525} INFO - Filling up the DagBag from /home/airflow/.local/lib/python3.7/site-packages/airflow/example_dags/example_sla_dag.py
[2022-10-19T15:59:48.968+0000] {processor.py:768} INFO - DAG(s) dict_keys(['example_sla_dag']) retrieved from /home/airflow/.local/lib/python3.7/site-packages/airflow/example_dags/example_sla_dag.py
[2022-10-19T15:59:49.013+0000] {logging_mixin.py:117} INFO - [2022-10-19T15:59:49.012+0000] {dag.py:2573} INFO - Sync 1 DAGs
[2022-10-19T15:59:49.040+0000] {logging_mixin.py:117} INFO - [2022-10-19T15:59:49.039+0000] {dag.py:3328} INFO - Setting next_dagrun for example_sla_dag to 2022-10-19T15:56:00+00:00, run_after=2022-10-19T15:58:00+00:00
[2022-10-19T15:59:49.058+0000] {processor.py:178} INFO - Processing /home/airflow/.local/lib/python3.7/site-packages/airflow/example_dags/example_sla_dag.py took 0.135 seconds
[2022-10-19T16:00:24.077+0000] {processor.py:156} INFO - Started process (PID=264) to work on /home/airflow/.local/lib/python3.7/site-packages/airflow/example_dags/example_sla_dag.py
[2022-10-19T16:00:24.080+0000] {processor.py:758} INFO - Processing file /home/airflow/.local/lib/python3.7/site-packages/airflow/example_dags/example_sla_dag.py for tasks to queue
[2022-10-19T16:00:24.082+0000] {logging_mixin.py:117} INFO - [2022-10-19T16:00:24.082+0000] {dagbag.py:525} INFO - Filling up the DagBag from /home/airflow/.local/lib/python3.7/site-packages/airflow/example_dags/example_sla_dag.py
[2022-10-19T16:00:24.105+0000] {processor.py:768} INFO - DAG(s) dict_keys(['example_sla_dag']) retrieved from /home/airflow/.local/lib/python3.7/site-packages/airflow/example_dags/example_sla_dag.py
[2022-10-19T16:00:24.148+0000] {logging_mixin.py:117} INFO - [2022-10-19T16:00:24.148+0000] {dag.py:2573} INFO - Sync 1 DAGs
[2022-10-19T16:00:24.182+0000] {logging_mixin.py:117} INFO - [2022-10-19T16:00:24.182+0000] {dag.py:3328} INFO - Setting next_dagrun for example_sla_dag to 2022-10-19T15:58:00+00:00, run_after=2022-10-19T16:00:00+00:00
[2022-10-19T16:00:24.201+0000] {processor.py:178} INFO - Processing /home/airflow/.local/lib/python3.7/site-packages/airflow/example_dags/example_sla_dag.py took 0.127 seconds
[2022-10-19T16:00:54.288+0000] {processor.py:156} INFO - Started process (PID=320) to work on /home/airflow/.local/lib/python3.7/site-packages/airflow/example_dags/example_sla_dag.py
[2022-10-19T16:00:54.290+0000] {processor.py:758} INFO - Processing file /home/airflow/.local/lib/python3.7/site-packages/airflow/example_dags/example_sla_dag.py for tasks to queue
[2022-10-19T16:00:54.291+0000] {logging_mixin.py:117} INFO - [2022-10-19T16:00:54.291+0000] {dagbag.py:525} INFO - Filling up the DagBag from /home/airflow/.local/lib/python3.7/site-packages/airflow/example_dags/example_sla_dag.py
[2022-10-19T16:00:54.306+0000] {processor.py:768} INFO - DAG(s) dict_keys(['example_sla_dag']) retrieved from /home/airflow/.local/lib/python3.7/site-packages/airflow/example_dags/example_sla_dag.py
[2022-10-19T16:00:54.334+0000] {logging_mixin.py:117} INFO - [2022-10-19T16:00:54.334+0000] {dag.py:2573} INFO - Sync 1 DAGs
[2022-10-19T16:00:54.350+0000] {logging_mixin.py:117} INFO - [2022-10-19T16:00:54.350+0000] {dag.py:3328} INFO - Setting next_dagrun for example_sla_dag to 2022-10-19T15:58:00+00:00, run_after=2022-10-19T16:00:00+00:00
[2022-10-19T16:00:54.363+0000] {processor.py:178} INFO - Processing /home/airflow/.local/lib/python3.7/site-packages/airflow/example_dags/example_sla_dag.py took 0.077 seconds
[2022-10-19T16:01:25.338+0000] {processor.py:156} INFO - Started process (PID=385) to work on /home/airflow/.local/lib/python3.7/site-packages/airflow/example_dags/example_sla_dag.py
[2022-10-19T16:01:25.341+0000] {processor.py:758} INFO - Processing file /home/airflow/.local/lib/python3.7/site-packages/airflow/example_dags/example_sla_dag.py for tasks to queue
[2022-10-19T16:01:25.342+0000] {logging_mixin.py:117} INFO - [2022-10-19T16:01:25.342+0000] {dagbag.py:525} INFO - Filling up the DagBag from /home/airflow/.local/lib/python3.7/site-packages/airflow/example_dags/example_sla_dag.py
[2022-10-19T16:01:25.361+0000] {processor.py:768} INFO - DAG(s) dict_keys(['example_sla_dag']) retrieved from /home/airflow/.local/lib/python3.7/site-packages/airflow/example_dags/example_sla_dag.py
[2022-10-19T16:01:25.436+0000] {logging_mixin.py:117} INFO - [2022-10-19T16:01:25.436+0000] {dag.py:2573} INFO - Sync 1 DAGs
[2022-10-19T16:01:25.457+0000] {logging_mixin.py:117} INFO - [2022-10-19T16:01:25.457+0000] {dag.py:3328} INFO - Setting next_dagrun for example_sla_dag to 2022-10-19T15:58:00+00:00, run_after=2022-10-19T16:00:00+00:00
[2022-10-19T16:01:25.471+0000] {processor.py:178} INFO - Processing /home/airflow/.local/lib/python3.7/site-packages/airflow/example_dags/example_sla_dag.py took 0.137 seconds
[2022-10-19T16:01:55.524+0000] {processor.py:156} INFO - Started process (PID=451) to work on /home/airflow/.local/lib/python3.7/site-packages/airflow/example_dags/example_sla_dag.py
[2022-10-19T16:01:55.527+0000] {processor.py:758} INFO - Processing file /home/airflow/.local/lib/python3.7/site-packages/airflow/example_dags/example_sla_dag.py for tasks to queue
[2022-10-19T16:01:55.529+0000] {logging_mixin.py:117} INFO - [2022-10-19T16:01:55.529+0000] {dagbag.py:525} INFO - Filling up the DagBag from /home/airflow/.local/lib/python3.7/site-packages/airflow/example_dags/example_sla_dag.py
[2022-10-19T16:01:55.553+0000] {processor.py:768} INFO - DAG(s) dict_keys(['example_sla_dag']) retrieved from /home/airflow/.local/lib/python3.7/site-packages/airflow/example_dags/example_sla_dag.py
[2022-10-19T16:01:55.612+0000] {logging_mixin.py:117} INFO - [2022-10-19T16:01:55.612+0000] {dag.py:2573} INFO - Sync 1 DAGs
[2022-10-19T16:01:55.673+0000] {logging_mixin.py:117} INFO - [2022-10-19T16:01:55.673+0000] {dag.py:3328} INFO - Setting next_dagrun for example_sla_dag to 2022-10-19T15:58:00+00:00, run_after=2022-10-19T16:00:00+00:00
[2022-10-19T16:01:55.733+0000] {processor.py:178} INFO - Processing /home/airflow/.local/lib/python3.7/site-packages/airflow/example_dags/example_sla_dag.py took 0.212 seconds
[2022-10-19T16:02:25.785+0000] {processor.py:156} INFO - Started process (PID=506) to work on /home/airflow/.local/lib/python3.7/site-packages/airflow/example_dags/example_sla_dag.py
[2022-10-19T16:02:25.787+0000] {processor.py:758} INFO - Processing file /home/airflow/.local/lib/python3.7/site-packages/airflow/example_dags/example_sla_dag.py for tasks to queue
[2022-10-19T16:02:25.788+0000] {logging_mixin.py:117} INFO - [2022-10-19T16:02:25.787+0000] {dagbag.py:525} INFO - Filling up the DagBag from /home/airflow/.local/lib/python3.7/site-packages/airflow/example_dags/example_sla_dag.py
[2022-10-19T16:02:25.806+0000] {processor.py:768} INFO - DAG(s) dict_keys(['example_sla_dag']) retrieved from /home/airflow/.local/lib/python3.7/site-packages/airflow/example_dags/example_sla_dag.py
[2022-10-19T16:02:25.833+0000] {logging_mixin.py:117} INFO - [2022-10-19T16:02:25.833+0000] {dag.py:2573} INFO - Sync 1 DAGs
[2022-10-19T16:02:25.850+0000] {logging_mixin.py:117} INFO - [2022-10-19T16:02:25.850+0000] {dag.py:3328} INFO - Setting next_dagrun for example_sla_dag to 2022-10-19T16:00:00+00:00, run_after=2022-10-19T16:02:00+00:00
[2022-10-19T16:02:25.861+0000] {processor.py:178} INFO - Processing /home/airflow/.local/lib/python3.7/site-packages/airflow/example_dags/example_sla_dag.py took 0.078 seconds
[2022-10-19T16:02:56.148+0000] {processor.py:156} INFO - Started process (PID=572) to work on /home/airflow/.local/lib/python3.7/site-packages/airflow/example_dags/example_sla_dag.py
[2022-10-19T16:02:56.150+0000] {processor.py:758} INFO - Processing file /home/airflow/.local/lib/python3.7/site-packages/airflow/example_dags/example_sla_dag.py for tasks to queue
[2022-10-19T16:02:56.152+0000] {logging_mixin.py:117} INFO - [2022-10-19T16:02:56.152+0000] {dagbag.py:525} INFO - Filling up the DagBag from /home/airflow/.local/lib/python3.7/site-packages/airflow/example_dags/example_sla_dag.py
[2022-10-19T16:02:56.165+0000] {processor.py:768} INFO - DAG(s) dict_keys(['example_sla_dag']) retrieved from /home/airflow/.local/lib/python3.7/site-packages/airflow/example_dags/example_sla_dag.py
[2022-10-19T16:02:56.192+0000] {logging_mixin.py:117} INFO - [2022-10-19T16:02:56.192+0000] {dag.py:2573} INFO - Sync 1 DAGs
[2022-10-19T16:02:56.210+0000] {logging_mixin.py:117} INFO - [2022-10-19T16:02:56.210+0000] {dag.py:3328} INFO - Setting next_dagrun for example_sla_dag to 2022-10-19T16:00:00+00:00, run_after=2022-10-19T16:02:00+00:00
[2022-10-19T16:02:56.222+0000] {processor.py:178} INFO - Processing /home/airflow/.local/lib/python3.7/site-packages/airflow/example_dags/example_sla_dag.py took 0.076 seconds
[2022-10-19T16:03:27.050+0000] {processor.py:156} INFO - Started process (PID=637) to work on /home/airflow/.local/lib/python3.7/site-packages/airflow/example_dags/example_sla_dag.py
[2022-10-19T16:03:27.054+0000] {processor.py:758} INFO - Processing file /home/airflow/.local/lib/python3.7/site-packages/airflow/example_dags/example_sla_dag.py for tasks to queue
[2022-10-19T16:03:27.055+0000] {logging_mixin.py:117} INFO - [2022-10-19T16:03:27.055+0000] {dagbag.py:525} INFO - Filling up the DagBag from /home/airflow/.local/lib/python3.7/site-packages/airflow/example_dags/example_sla_dag.py
[2022-10-19T16:03:27.076+0000] {processor.py:768} INFO - DAG(s) dict_keys(['example_sla_dag']) retrieved from /home/airflow/.local/lib/python3.7/site-packages/airflow/example_dags/example_sla_dag.py
[2022-10-19T16:03:27.109+0000] {logging_mixin.py:117} INFO - [2022-10-19T16:03:27.109+0000] {dag.py:2573} INFO - Sync 1 DAGs
[2022-10-19T16:03:27.132+0000] {logging_mixin.py:117} INFO - [2022-10-19T16:03:27.132+0000] {dag.py:3328} INFO - Setting next_dagrun for example_sla_dag to 2022-10-19T16:00:00+00:00, run_after=2022-10-19T16:02:00+00:00
[2022-10-19T16:03:27.151+0000] {processor.py:178} INFO - Processing /home/airflow/.local/lib/python3.7/site-packages/airflow/example_dags/example_sla_dag.py took 0.104 seconds
[2022-10-19T16:03:57.213+0000] {processor.py:156} INFO - Started process (PID=701) to work on /home/airflow/.local/lib/python3.7/site-packages/airflow/example_dags/example_sla_dag.py
[2022-10-19T16:03:57.214+0000] {processor.py:758} INFO - Processing file /home/airflow/.local/lib/python3.7/site-packages/airflow/example_dags/example_sla_dag.py for tasks to queue
[2022-10-19T16:03:57.215+0000] {logging_mixin.py:117} INFO - [2022-10-19T16:03:57.215+0000] {dagbag.py:525} INFO - Filling up the DagBag from /home/airflow/.local/lib/python3.7/site-packages/airflow/example_dags/example_sla_dag.py
[2022-10-19T16:03:57.238+0000] {processor.py:768} INFO - DAG(s) dict_keys(['example_sla_dag']) retrieved from /home/airflow/.local/lib/python3.7/site-packages/airflow/example_dags/example_sla_dag.py
[2022-10-19T16:03:57.287+0000] {logging_mixin.py:117} INFO - [2022-10-19T16:03:57.287+0000] {dag.py:2573} INFO - Sync 1 DAGs
[2022-10-19T16:03:57.321+0000] {logging_mixin.py:117} INFO - [2022-10-19T16:03:57.321+0000] {dag.py:3328} INFO - Setting next_dagrun for example_sla_dag to 2022-10-19T16:00:00+00:00, run_after=2022-10-19T16:02:00+00:00
[2022-10-19T16:03:57.334+0000] {processor.py:178} INFO - Processing /home/airflow/.local/lib/python3.7/site-packages/airflow/example_dags/example_sla_dag.py took 0.123 seconds
[2022-10-19T16:04:28.349+0000] {processor.py:156} INFO - Started process (PID=767) to work on /home/airflow/.local/lib/python3.7/site-packages/airflow/example_dags/example_sla_dag.py
[2022-10-19T16:04:28.352+0000] {processor.py:758} INFO - Processing file /home/airflow/.local/lib/python3.7/site-packages/airflow/example_dags/example_sla_dag.py for tasks to queue
[2022-10-19T16:04:28.355+0000] {logging_mixin.py:117} INFO - [2022-10-19T16:04:28.355+0000] {dagbag.py:525} INFO - Filling up the DagBag from /home/airflow/.local/lib/python3.7/site-packages/airflow/example_dags/example_sla_dag.py
[2022-10-19T16:04:28.375+0000] {processor.py:768} INFO - DAG(s) dict_keys(['example_sla_dag']) retrieved from /home/airflow/.local/lib/python3.7/site-packages/airflow/example_dags/example_sla_dag.py
[2022-10-19T16:04:28.402+0000] {logging_mixin.py:117} INFO - [2022-10-19T16:04:28.402+0000] {dag.py:2573} INFO - Sync 1 DAGs
[2022-10-19T16:04:28.421+0000] {logging_mixin.py:117} INFO - [2022-10-19T16:04:28.421+0000] {dag.py:3328} INFO - Setting next_dagrun for example_sla_dag to 2022-10-19T16:02:00+00:00, run_after=2022-10-19T16:04:00+00:00
[2022-10-19T16:04:28.433+0000] {processor.py:178} INFO - Processing /home/airflow/.local/lib/python3.7/site-packages/airflow/example_dags/example_sla_dag.py took 0.087 seconds
[2022-10-19T16:04:58.883+0000] {processor.py:156} INFO - Started process (PID=823) to work on /home/airflow/.local/lib/python3.7/site-packages/airflow/example_dags/example_sla_dag.py
[2022-10-19T16:04:58.885+0000] {processor.py:758} INFO - Processing file /home/airflow/.local/lib/python3.7/site-packages/airflow/example_dags/example_sla_dag.py for tasks to queue
[2022-10-19T16:04:58.886+0000] {logging_mixin.py:117} INFO - [2022-10-19T16:04:58.886+0000] {dagbag.py:525} INFO - Filling up the DagBag from /home/airflow/.local/lib/python3.7/site-packages/airflow/example_dags/example_sla_dag.py
[2022-10-19T16:04:58.901+0000] {processor.py:768} INFO - DAG(s) dict_keys(['example_sla_dag']) retrieved from /home/airflow/.local/lib/python3.7/site-packages/airflow/example_dags/example_sla_dag.py
[2022-10-19T16:04:58.928+0000] {logging_mixin.py:117} INFO - [2022-10-19T16:04:58.928+0000] {dag.py:2573} INFO - Sync 1 DAGs
[2022-10-19T16:04:58.947+0000] {logging_mixin.py:117} INFO - [2022-10-19T16:04:58.947+0000] {dag.py:3328} INFO - Setting next_dagrun for example_sla_dag to 2022-10-19T16:02:00+00:00, run_after=2022-10-19T16:04:00+00:00
[2022-10-19T16:04:58.960+0000] {processor.py:178} INFO - Processing /home/airflow/.local/lib/python3.7/site-packages/airflow/example_dags/example_sla_dag.py took 0.079 seconds
[2022-10-19T16:05:30.251+0000] {processor.py:156} INFO - Started process (PID=889) to work on /home/airflow/.local/lib/python3.7/site-packages/airflow/example_dags/example_sla_dag.py
[2022-10-19T16:05:30.253+0000] {processor.py:758} INFO - Processing file /home/airflow/.local/lib/python3.7/site-packages/airflow/example_dags/example_sla_dag.py for tasks to queue
[2022-10-19T16:05:30.254+0000] {logging_mixin.py:117} INFO - [2022-10-19T16:05:30.254+0000] {dagbag.py:525} INFO - Filling up the DagBag from /home/airflow/.local/lib/python3.7/site-packages/airflow/example_dags/example_sla_dag.py
[2022-10-19T16:05:30.270+0000] {processor.py:768} INFO - DAG(s) dict_keys(['example_sla_dag']) retrieved from /home/airflow/.local/lib/python3.7/site-packages/airflow/example_dags/example_sla_dag.py
[2022-10-19T16:05:30.298+0000] {logging_mixin.py:117} INFO - [2022-10-19T16:05:30.298+0000] {dag.py:2573} INFO - Sync 1 DAGs
[2022-10-19T16:05:30.320+0000] {logging_mixin.py:117} INFO - [2022-10-19T16:05:30.320+0000] {dag.py:3328} INFO - Setting next_dagrun for example_sla_dag to 2022-10-19T16:02:00+00:00, run_after=2022-10-19T16:04:00+00:00
[2022-10-19T16:05:30.331+0000] {processor.py:178} INFO - Processing /home/airflow/.local/lib/python3.7/site-packages/airflow/example_dags/example_sla_dag.py took 0.083 seconds
[2022-10-19T16:06:00.852+0000] {processor.py:156} INFO - Started process (PID=953) to work on /home/airflow/.local/lib/python3.7/site-packages/airflow/example_dags/example_sla_dag.py
[2022-10-19T16:06:00.853+0000] {processor.py:758} INFO - Processing file /home/airflow/.local/lib/python3.7/site-packages/airflow/example_dags/example_sla_dag.py for tasks to queue
[2022-10-19T16:06:00.854+0000] {logging_mixin.py:117} INFO - [2022-10-19T16:06:00.854+0000] {dagbag.py:525} INFO - Filling up the DagBag from /home/airflow/.local/lib/python3.7/site-packages/airflow/example_dags/example_sla_dag.py
[2022-10-19T16:06:00.878+0000] {processor.py:768} INFO - DAG(s) dict_keys(['example_sla_dag']) retrieved from /home/airflow/.local/lib/python3.7/site-packages/airflow/example_dags/example_sla_dag.py
[2022-10-19T16:06:00.958+0000] {logging_mixin.py:117} INFO - [2022-10-19T16:06:00.958+0000] {dag.py:2573} INFO - Sync 1 DAGs
[2022-10-19T16:06:00.989+0000] {logging_mixin.py:117} INFO - [2022-10-19T16:06:00.989+0000] {dag.py:3328} INFO - Setting next_dagrun for example_sla_dag to 2022-10-19T16:04:00+00:00, run_after=2022-10-19T16:06:00+00:00
[2022-10-19T16:06:01.006+0000] {processor.py:178} INFO - Processing /home/airflow/.local/lib/python3.7/site-packages/airflow/example_dags/example_sla_dag.py took 0.157 seconds
[2022-10-19T16:06:31.230+0000] {processor.py:156} INFO - Started process (PID=1018) to work on /home/airflow/.local/lib/python3.7/site-packages/airflow/example_dags/example_sla_dag.py
[2022-10-19T16:06:31.234+0000] {processor.py:758} INFO - Processing file /home/airflow/.local/lib/python3.7/site-packages/airflow/example_dags/example_sla_dag.py for tasks to queue
[2022-10-19T16:06:31.236+0000] {logging_mixin.py:117} INFO - [2022-10-19T16:06:31.236+0000] {dagbag.py:525} INFO - Filling up the DagBag from /home/airflow/.local/lib/python3.7/site-packages/airflow/example_dags/example_sla_dag.py
[2022-10-19T16:06:31.269+0000] {processor.py:768} INFO - DAG(s) dict_keys(['example_sla_dag']) retrieved from /home/airflow/.local/lib/python3.7/site-packages/airflow/example_dags/example_sla_dag.py
[2022-10-19T16:06:31.327+0000] {logging_mixin.py:117} INFO - [2022-10-19T16:06:31.327+0000] {dag.py:2573} INFO - Sync 1 DAGs
[2022-10-19T16:06:31.363+0000] {logging_mixin.py:117} INFO - [2022-10-19T16:06:31.363+0000] {dag.py:3328} INFO - Setting next_dagrun for example_sla_dag to 2022-10-19T16:04:00+00:00, run_after=2022-10-19T16:06:00+00:00
[2022-10-19T16:06:31.391+0000] {processor.py:178} INFO - Processing /home/airflow/.local/lib/python3.7/site-packages/airflow/example_dags/example_sla_dag.py took 0.166 seconds
[2022-10-19T16:07:02.859+0000] {processor.py:156} INFO - Started process (PID=1084) to work on /home/airflow/.local/lib/python3.7/site-packages/airflow/example_dags/example_sla_dag.py
[2022-10-19T16:07:02.921+0000] {processor.py:758} INFO - Processing file /home/airflow/.local/lib/python3.7/site-packages/airflow/example_dags/example_sla_dag.py for tasks to queue
[2022-10-19T16:07:03.061+0000] {logging_mixin.py:117} INFO - [2022-10-19T16:07:03.060+0000] {dagbag.py:525} INFO - Filling up the DagBag from /home/airflow/.local/lib/python3.7/site-packages/airflow/example_dags/example_sla_dag.py
[2022-10-19T16:07:03.447+0000] {processor.py:768} INFO - DAG(s) dict_keys(['example_sla_dag']) retrieved from /home/airflow/.local/lib/python3.7/site-packages/airflow/example_dags/example_sla_dag.py
[2022-10-19T16:07:03.580+0000] {logging_mixin.py:117} INFO - [2022-10-19T16:07:03.580+0000] {dag.py:2573} INFO - Sync 1 DAGs
[2022-10-19T16:07:03.729+0000] {logging_mixin.py:117} INFO - [2022-10-19T16:07:03.729+0000] {dag.py:3328} INFO - Setting next_dagrun for example_sla_dag to 2022-10-19T16:04:00+00:00, run_after=2022-10-19T16:06:00+00:00
[2022-10-19T16:07:03.762+0000] {processor.py:178} INFO - Processing /home/airflow/.local/lib/python3.7/site-packages/airflow/example_dags/example_sla_dag.py took 0.909 seconds
[2022-10-19T16:07:33.925+0000] {processor.py:156} INFO - Started process (PID=1139) to work on /home/airflow/.local/lib/python3.7/site-packages/airflow/example_dags/example_sla_dag.py
[2022-10-19T16:07:33.927+0000] {processor.py:758} INFO - Processing file /home/airflow/.local/lib/python3.7/site-packages/airflow/example_dags/example_sla_dag.py for tasks to queue
[2022-10-19T16:07:33.928+0000] {logging_mixin.py:117} INFO - [2022-10-19T16:07:33.928+0000] {dagbag.py:525} INFO - Filling up the DagBag from /home/airflow/.local/lib/python3.7/site-packages/airflow/example_dags/example_sla_dag.py
[2022-10-19T16:07:33.955+0000] {processor.py:768} INFO - DAG(s) dict_keys(['example_sla_dag']) retrieved from /home/airflow/.local/lib/python3.7/site-packages/airflow/example_dags/example_sla_dag.py
[2022-10-19T16:07:33.985+0000] {logging_mixin.py:117} INFO - [2022-10-19T16:07:33.985+0000] {dag.py:2573} INFO - Sync 1 DAGs
[2022-10-19T16:07:34.002+0000] {logging_mixin.py:117} INFO - [2022-10-19T16:07:34.002+0000] {dag.py:3328} INFO - Setting next_dagrun for example_sla_dag to 2022-10-19T16:04:00+00:00, run_after=2022-10-19T16:06:00+00:00
[2022-10-19T16:07:34.013+0000] {processor.py:178} INFO - Processing /home/airflow/.local/lib/python3.7/site-packages/airflow/example_dags/example_sla_dag.py took 0.091 seconds
[2022-10-19T16:08:04.827+0000] {processor.py:156} INFO - Started process (PID=1204) to work on /home/airflow/.local/lib/python3.7/site-packages/airflow/example_dags/example_sla_dag.py
[2022-10-19T16:08:04.832+0000] {processor.py:758} INFO - Processing file /home/airflow/.local/lib/python3.7/site-packages/airflow/example_dags/example_sla_dag.py for tasks to queue
[2022-10-19T16:08:04.835+0000] {logging_mixin.py:117} INFO - [2022-10-19T16:08:04.835+0000] {dagbag.py:525} INFO - Filling up the DagBag from /home/airflow/.local/lib/python3.7/site-packages/airflow/example_dags/example_sla_dag.py
[2022-10-19T16:08:04.874+0000] {processor.py:768} INFO - DAG(s) dict_keys(['example_sla_dag']) retrieved from /home/airflow/.local/lib/python3.7/site-packages/airflow/example_dags/example_sla_dag.py
[2022-10-19T16:08:04.935+0000] {logging_mixin.py:117} INFO - [2022-10-19T16:08:04.935+0000] {dag.py:2573} INFO - Sync 1 DAGs
[2022-10-19T16:08:04.962+0000] {logging_mixin.py:117} INFO - [2022-10-19T16:08:04.962+0000] {dag.py:3328} INFO - Setting next_dagrun for example_sla_dag to 2022-10-19T16:06:00+00:00, run_after=2022-10-19T16:08:00+00:00
[2022-10-19T16:08:04.976+0000] {processor.py:178} INFO - Processing /home/airflow/.local/lib/python3.7/site-packages/airflow/example_dags/example_sla_dag.py took 0.156 seconds
[2022-10-19T16:08:35.170+0000] {processor.py:156} INFO - Started process (PID=1269) to work on /home/airflow/.local/lib/python3.7/site-packages/airflow/example_dags/example_sla_dag.py
[2022-10-19T16:08:35.173+0000] {processor.py:758} INFO - Processing file /home/airflow/.local/lib/python3.7/site-packages/airflow/example_dags/example_sla_dag.py for tasks to queue
[2022-10-19T16:08:35.176+0000] {logging_mixin.py:117} INFO - [2022-10-19T16:08:35.176+0000] {dagbag.py:525} INFO - Filling up the DagBag from /home/airflow/.local/lib/python3.7/site-packages/airflow/example_dags/example_sla_dag.py
[2022-10-19T16:08:35.200+0000] {processor.py:768} INFO - DAG(s) dict_keys(['example_sla_dag']) retrieved from /home/airflow/.local/lib/python3.7/site-packages/airflow/example_dags/example_sla_dag.py
[2022-10-19T16:08:35.239+0000] {logging_mixin.py:117} INFO - [2022-10-19T16:08:35.239+0000] {dag.py:2573} INFO - Sync 1 DAGs
[2022-10-19T16:08:35.263+0000] {logging_mixin.py:117} INFO - [2022-10-19T16:08:35.263+0000] {dag.py:3328} INFO - Setting next_dagrun for example_sla_dag to 2022-10-19T16:06:00+00:00, run_after=2022-10-19T16:08:00+00:00
[2022-10-19T16:08:35.278+0000] {processor.py:178} INFO - Processing /home/airflow/.local/lib/python3.7/site-packages/airflow/example_dags/example_sla_dag.py took 0.111 seconds
[2022-10-19T16:09:05.712+0000] {processor.py:156} INFO - Started process (PID=1334) to work on /home/airflow/.local/lib/python3.7/site-packages/airflow/example_dags/example_sla_dag.py
[2022-10-19T16:09:05.718+0000] {processor.py:758} INFO - Processing file /home/airflow/.local/lib/python3.7/site-packages/airflow/example_dags/example_sla_dag.py for tasks to queue
[2022-10-19T16:09:05.720+0000] {logging_mixin.py:117} INFO - [2022-10-19T16:09:05.720+0000] {dagbag.py:525} INFO - Filling up the DagBag from /home/airflow/.local/lib/python3.7/site-packages/airflow/example_dags/example_sla_dag.py
[2022-10-19T16:09:05.742+0000] {processor.py:768} INFO - DAG(s) dict_keys(['example_sla_dag']) retrieved from /home/airflow/.local/lib/python3.7/site-packages/airflow/example_dags/example_sla_dag.py
[2022-10-19T16:09:05.780+0000] {logging_mixin.py:117} INFO - [2022-10-19T16:09:05.780+0000] {dag.py:2573} INFO - Sync 1 DAGs
[2022-10-19T16:09:05.804+0000] {logging_mixin.py:117} INFO - [2022-10-19T16:09:05.804+0000] {dag.py:3328} INFO - Setting next_dagrun for example_sla_dag to 2022-10-19T16:06:00+00:00, run_after=2022-10-19T16:08:00+00:00
[2022-10-19T16:09:05.823+0000] {processor.py:178} INFO - Processing /home/airflow/.local/lib/python3.7/site-packages/airflow/example_dags/example_sla_dag.py took 0.114 seconds
[2022-10-19T16:09:36.248+0000] {processor.py:156} INFO - Started process (PID=1390) to work on /home/airflow/.local/lib/python3.7/site-packages/airflow/example_dags/example_sla_dag.py
[2022-10-19T16:09:36.250+0000] {processor.py:758} INFO - Processing file /home/airflow/.local/lib/python3.7/site-packages/airflow/example_dags/example_sla_dag.py for tasks to queue
[2022-10-19T16:09:36.252+0000] {logging_mixin.py:117} INFO - [2022-10-19T16:09:36.252+0000] {dagbag.py:525} INFO - Filling up the DagBag from /home/airflow/.local/lib/python3.7/site-packages/airflow/example_dags/example_sla_dag.py
[2022-10-19T16:09:36.270+0000] {processor.py:768} INFO - DAG(s) dict_keys(['example_sla_dag']) retrieved from /home/airflow/.local/lib/python3.7/site-packages/airflow/example_dags/example_sla_dag.py
[2022-10-19T16:09:36.309+0000] {logging_mixin.py:117} INFO - [2022-10-19T16:09:36.308+0000] {dag.py:2573} INFO - Sync 1 DAGs
[2022-10-19T16:09:36.327+0000] {logging_mixin.py:117} INFO - [2022-10-19T16:09:36.327+0000] {dag.py:3328} INFO - Setting next_dagrun for example_sla_dag to 2022-10-19T16:06:00+00:00, run_after=2022-10-19T16:08:00+00:00
[2022-10-19T16:09:36.338+0000] {processor.py:178} INFO - Processing /home/airflow/.local/lib/python3.7/site-packages/airflow/example_dags/example_sla_dag.py took 0.093 seconds
[2022-10-19T16:10:07.029+0000] {processor.py:156} INFO - Started process (PID=1457) to work on /home/airflow/.local/lib/python3.7/site-packages/airflow/example_dags/example_sla_dag.py
[2022-10-19T16:10:07.031+0000] {processor.py:758} INFO - Processing file /home/airflow/.local/lib/python3.7/site-packages/airflow/example_dags/example_sla_dag.py for tasks to queue
[2022-10-19T16:10:07.033+0000] {logging_mixin.py:117} INFO - [2022-10-19T16:10:07.033+0000] {dagbag.py:525} INFO - Filling up the DagBag from /home/airflow/.local/lib/python3.7/site-packages/airflow/example_dags/example_sla_dag.py
[2022-10-19T16:10:07.050+0000] {processor.py:768} INFO - DAG(s) dict_keys(['example_sla_dag']) retrieved from /home/airflow/.local/lib/python3.7/site-packages/airflow/example_dags/example_sla_dag.py
[2022-10-19T16:10:07.084+0000] {logging_mixin.py:117} INFO - [2022-10-19T16:10:07.084+0000] {dag.py:2573} INFO - Sync 1 DAGs
[2022-10-19T16:10:07.104+0000] {logging_mixin.py:117} INFO - [2022-10-19T16:10:07.104+0000] {dag.py:3328} INFO - Setting next_dagrun for example_sla_dag to 2022-10-19T16:08:00+00:00, run_after=2022-10-19T16:10:00+00:00
[2022-10-19T16:10:07.116+0000] {processor.py:178} INFO - Processing /home/airflow/.local/lib/python3.7/site-packages/airflow/example_dags/example_sla_dag.py took 0.091 seconds
[2022-10-19T16:10:37.416+0000] {processor.py:156} INFO - Started process (PID=1522) to work on /home/airflow/.local/lib/python3.7/site-packages/airflow/example_dags/example_sla_dag.py
[2022-10-19T16:10:37.417+0000] {processor.py:758} INFO - Processing file /home/airflow/.local/lib/python3.7/site-packages/airflow/example_dags/example_sla_dag.py for tasks to queue
[2022-10-19T16:10:37.418+0000] {logging_mixin.py:117} INFO - [2022-10-19T16:10:37.418+0000] {dagbag.py:525} INFO - Filling up the DagBag from /home/airflow/.local/lib/python3.7/site-packages/airflow/example_dags/example_sla_dag.py
[2022-10-19T16:10:37.433+0000] {processor.py:768} INFO - DAG(s) dict_keys(['example_sla_dag']) retrieved from /home/airflow/.local/lib/python3.7/site-packages/airflow/example_dags/example_sla_dag.py
[2022-10-19T16:10:37.461+0000] {logging_mixin.py:117} INFO - [2022-10-19T16:10:37.460+0000] {dag.py:2573} INFO - Sync 1 DAGs
[2022-10-19T16:10:37.481+0000] {logging_mixin.py:117} INFO - [2022-10-19T16:10:37.481+0000] {dag.py:3328} INFO - Setting next_dagrun for example_sla_dag to 2022-10-19T16:08:00+00:00, run_after=2022-10-19T16:10:00+00:00
[2022-10-19T16:10:37.493+0000] {processor.py:178} INFO - Processing /home/airflow/.local/lib/python3.7/site-packages/airflow/example_dags/example_sla_dag.py took 0.079 seconds
[2022-10-19T16:11:08.182+0000] {processor.py:156} INFO - Started process (PID=1586) to work on /home/airflow/.local/lib/python3.7/site-packages/airflow/example_dags/example_sla_dag.py
[2022-10-19T16:11:08.189+0000] {processor.py:758} INFO - Processing file /home/airflow/.local/lib/python3.7/site-packages/airflow/example_dags/example_sla_dag.py for tasks to queue
[2022-10-19T16:11:08.192+0000] {logging_mixin.py:117} INFO - [2022-10-19T16:11:08.192+0000] {dagbag.py:525} INFO - Filling up the DagBag from /home/airflow/.local/lib/python3.7/site-packages/airflow/example_dags/example_sla_dag.py
[2022-10-19T16:11:08.258+0000] {processor.py:768} INFO - DAG(s) dict_keys(['example_sla_dag']) retrieved from /home/airflow/.local/lib/python3.7/site-packages/airflow/example_dags/example_sla_dag.py
[2022-10-19T16:11:08.337+0000] {logging_mixin.py:117} INFO - [2022-10-19T16:11:08.337+0000] {dag.py:2573} INFO - Sync 1 DAGs
[2022-10-19T16:11:08.369+0000] {logging_mixin.py:117} INFO - [2022-10-19T16:11:08.369+0000] {dag.py:3328} INFO - Setting next_dagrun for example_sla_dag to 2022-10-19T16:08:00+00:00, run_after=2022-10-19T16:10:00+00:00
[2022-10-19T16:11:08.394+0000] {processor.py:178} INFO - Processing /home/airflow/.local/lib/python3.7/site-packages/airflow/example_dags/example_sla_dag.py took 0.215 seconds
[2022-10-19T16:11:38.835+0000] {processor.py:156} INFO - Started process (PID=1651) to work on /home/airflow/.local/lib/python3.7/site-packages/airflow/example_dags/example_sla_dag.py
[2022-10-19T16:11:38.839+0000] {processor.py:758} INFO - Processing file /home/airflow/.local/lib/python3.7/site-packages/airflow/example_dags/example_sla_dag.py for tasks to queue
[2022-10-19T16:11:38.842+0000] {logging_mixin.py:117} INFO - [2022-10-19T16:11:38.842+0000] {dagbag.py:525} INFO - Filling up the DagBag from /home/airflow/.local/lib/python3.7/site-packages/airflow/example_dags/example_sla_dag.py
[2022-10-19T16:11:38.866+0000] {processor.py:768} INFO - DAG(s) dict_keys(['example_sla_dag']) retrieved from /home/airflow/.local/lib/python3.7/site-packages/airflow/example_dags/example_sla_dag.py
[2022-10-19T16:11:38.916+0000] {logging_mixin.py:117} INFO - [2022-10-19T16:11:38.916+0000] {dag.py:2573} INFO - Sync 1 DAGs
[2022-10-19T16:11:38.948+0000] {logging_mixin.py:117} INFO - [2022-10-19T16:11:38.948+0000] {dag.py:3328} INFO - Setting next_dagrun for example_sla_dag to 2022-10-19T16:08:00+00:00, run_after=2022-10-19T16:10:00+00:00
[2022-10-19T16:11:38.969+0000] {processor.py:178} INFO - Processing /home/airflow/.local/lib/python3.7/site-packages/airflow/example_dags/example_sla_dag.py took 0.137 seconds
[2022-10-19T16:12:09.965+0000] {processor.py:156} INFO - Started process (PID=1708) to work on /home/airflow/.local/lib/python3.7/site-packages/airflow/example_dags/example_sla_dag.py
[2022-10-19T16:12:09.967+0000] {processor.py:758} INFO - Processing file /home/airflow/.local/lib/python3.7/site-packages/airflow/example_dags/example_sla_dag.py for tasks to queue
[2022-10-19T16:12:09.968+0000] {logging_mixin.py:117} INFO - [2022-10-19T16:12:09.968+0000] {dagbag.py:525} INFO - Filling up the DagBag from /home/airflow/.local/lib/python3.7/site-packages/airflow/example_dags/example_sla_dag.py
[2022-10-19T16:12:09.985+0000] {processor.py:768} INFO - DAG(s) dict_keys(['example_sla_dag']) retrieved from /home/airflow/.local/lib/python3.7/site-packages/airflow/example_dags/example_sla_dag.py
[2022-10-19T16:12:10.010+0000] {logging_mixin.py:117} INFO - [2022-10-19T16:12:10.010+0000] {dag.py:2573} INFO - Sync 1 DAGs
[2022-10-19T16:12:10.027+0000] {logging_mixin.py:117} INFO - [2022-10-19T16:12:10.027+0000] {dag.py:3328} INFO - Setting next_dagrun for example_sla_dag to 2022-10-19T16:10:00+00:00, run_after=2022-10-19T16:12:00+00:00
[2022-10-19T16:12:10.039+0000] {processor.py:178} INFO - Processing /home/airflow/.local/lib/python3.7/site-packages/airflow/example_dags/example_sla_dag.py took 0.078 seconds
[2022-10-19T16:12:40.801+0000] {processor.py:156} INFO - Started process (PID=1774) to work on /home/airflow/.local/lib/python3.7/site-packages/airflow/example_dags/example_sla_dag.py
[2022-10-19T16:12:40.803+0000] {processor.py:758} INFO - Processing file /home/airflow/.local/lib/python3.7/site-packages/airflow/example_dags/example_sla_dag.py for tasks to queue
[2022-10-19T16:12:40.805+0000] {logging_mixin.py:117} INFO - [2022-10-19T16:12:40.805+0000] {dagbag.py:525} INFO - Filling up the DagBag from /home/airflow/.local/lib/python3.7/site-packages/airflow/example_dags/example_sla_dag.py
[2022-10-19T16:12:40.835+0000] {processor.py:768} INFO - DAG(s) dict_keys(['example_sla_dag']) retrieved from /home/airflow/.local/lib/python3.7/site-packages/airflow/example_dags/example_sla_dag.py
[2022-10-19T16:12:40.874+0000] {logging_mixin.py:117} INFO - [2022-10-19T16:12:40.874+0000] {dag.py:2573} INFO - Sync 1 DAGs
[2022-10-19T16:12:40.897+0000] {logging_mixin.py:117} INFO - [2022-10-19T16:12:40.897+0000] {dag.py:3328} INFO - Setting next_dagrun for example_sla_dag to 2022-10-19T16:10:00+00:00, run_after=2022-10-19T16:12:00+00:00
[2022-10-19T16:12:40.913+0000] {processor.py:178} INFO - Processing /home/airflow/.local/lib/python3.7/site-packages/airflow/example_dags/example_sla_dag.py took 0.118 seconds
[2022-10-19T16:13:11.168+0000] {processor.py:156} INFO - Started process (PID=1838) to work on /home/airflow/.local/lib/python3.7/site-packages/airflow/example_dags/example_sla_dag.py
[2022-10-19T16:13:11.169+0000] {processor.py:758} INFO - Processing file /home/airflow/.local/lib/python3.7/site-packages/airflow/example_dags/example_sla_dag.py for tasks to queue
[2022-10-19T16:13:11.170+0000] {logging_mixin.py:117} INFO - [2022-10-19T16:13:11.170+0000] {dagbag.py:525} INFO - Filling up the DagBag from /home/airflow/.local/lib/python3.7/site-packages/airflow/example_dags/example_sla_dag.py
[2022-10-19T16:13:11.198+0000] {processor.py:768} INFO - DAG(s) dict_keys(['example_sla_dag']) retrieved from /home/airflow/.local/lib/python3.7/site-packages/airflow/example_dags/example_sla_dag.py
[2022-10-19T16:13:11.238+0000] {logging_mixin.py:117} INFO - [2022-10-19T16:13:11.238+0000] {dag.py:2573} INFO - Sync 1 DAGs
[2022-10-19T16:13:11.257+0000] {logging_mixin.py:117} INFO - [2022-10-19T16:13:11.257+0000] {dag.py:3328} INFO - Setting next_dagrun for example_sla_dag to 2022-10-19T16:10:00+00:00, run_after=2022-10-19T16:12:00+00:00
[2022-10-19T16:13:11.271+0000] {processor.py:178} INFO - Processing /home/airflow/.local/lib/python3.7/site-packages/airflow/example_dags/example_sla_dag.py took 0.105 seconds
[2022-10-19T16:13:41.616+0000] {processor.py:156} INFO - Started process (PID=1903) to work on /home/airflow/.local/lib/python3.7/site-packages/airflow/example_dags/example_sla_dag.py
[2022-10-19T16:13:41.619+0000] {processor.py:758} INFO - Processing file /home/airflow/.local/lib/python3.7/site-packages/airflow/example_dags/example_sla_dag.py for tasks to queue
[2022-10-19T16:13:41.620+0000] {logging_mixin.py:117} INFO - [2022-10-19T16:13:41.620+0000] {dagbag.py:525} INFO - Filling up the DagBag from /home/airflow/.local/lib/python3.7/site-packages/airflow/example_dags/example_sla_dag.py
[2022-10-19T16:13:41.637+0000] {processor.py:768} INFO - DAG(s) dict_keys(['example_sla_dag']) retrieved from /home/airflow/.local/lib/python3.7/site-packages/airflow/example_dags/example_sla_dag.py
[2022-10-19T16:13:41.664+0000] {logging_mixin.py:117} INFO - [2022-10-19T16:13:41.664+0000] {dag.py:2573} INFO - Sync 1 DAGs
[2022-10-19T16:13:41.683+0000] {logging_mixin.py:117} INFO - [2022-10-19T16:13:41.683+0000] {dag.py:3328} INFO - Setting next_dagrun for example_sla_dag to 2022-10-19T16:10:00+00:00, run_after=2022-10-19T16:12:00+00:00
[2022-10-19T16:13:41.697+0000] {processor.py:178} INFO - Processing /home/airflow/.local/lib/python3.7/site-packages/airflow/example_dags/example_sla_dag.py took 0.084 seconds
[2022-10-19T16:14:12.038+0000] {processor.py:156} INFO - Started process (PID=1969) to work on /home/airflow/.local/lib/python3.7/site-packages/airflow/example_dags/example_sla_dag.py
[2022-10-19T16:14:12.039+0000] {processor.py:758} INFO - Processing file /home/airflow/.local/lib/python3.7/site-packages/airflow/example_dags/example_sla_dag.py for tasks to queue
[2022-10-19T16:14:12.040+0000] {logging_mixin.py:117} INFO - [2022-10-19T16:14:12.040+0000] {dagbag.py:525} INFO - Filling up the DagBag from /home/airflow/.local/lib/python3.7/site-packages/airflow/example_dags/example_sla_dag.py
[2022-10-19T16:14:12.057+0000] {processor.py:768} INFO - DAG(s) dict_keys(['example_sla_dag']) retrieved from /home/airflow/.local/lib/python3.7/site-packages/airflow/example_dags/example_sla_dag.py
[2022-10-19T16:14:12.086+0000] {logging_mixin.py:117} INFO - [2022-10-19T16:14:12.086+0000] {dag.py:2573} INFO - Sync 1 DAGs
[2022-10-19T16:14:12.104+0000] {logging_mixin.py:117} INFO - [2022-10-19T16:14:12.104+0000] {dag.py:3328} INFO - Setting next_dagrun for example_sla_dag to 2022-10-19T16:12:00+00:00, run_after=2022-10-19T16:14:00+00:00
[2022-10-19T16:14:12.118+0000] {processor.py:178} INFO - Processing /home/airflow/.local/lib/python3.7/site-packages/airflow/example_dags/example_sla_dag.py took 0.083 seconds
[2022-10-19T16:14:42.271+0000] {processor.py:156} INFO - Started process (PID=2025) to work on /home/airflow/.local/lib/python3.7/site-packages/airflow/example_dags/example_sla_dag.py
[2022-10-19T16:14:42.272+0000] {processor.py:758} INFO - Processing file /home/airflow/.local/lib/python3.7/site-packages/airflow/example_dags/example_sla_dag.py for tasks to queue
[2022-10-19T16:14:42.273+0000] {logging_mixin.py:117} INFO - [2022-10-19T16:14:42.273+0000] {dagbag.py:525} INFO - Filling up the DagBag from /home/airflow/.local/lib/python3.7/site-packages/airflow/example_dags/example_sla_dag.py
[2022-10-19T16:14:42.287+0000] {processor.py:768} INFO - DAG(s) dict_keys(['example_sla_dag']) retrieved from /home/airflow/.local/lib/python3.7/site-packages/airflow/example_dags/example_sla_dag.py
[2022-10-19T16:14:42.314+0000] {logging_mixin.py:117} INFO - [2022-10-19T16:14:42.314+0000] {dag.py:2573} INFO - Sync 1 DAGs
[2022-10-19T16:14:42.332+0000] {logging_mixin.py:117} INFO - [2022-10-19T16:14:42.332+0000] {dag.py:3328} INFO - Setting next_dagrun for example_sla_dag to 2022-10-19T16:12:00+00:00, run_after=2022-10-19T16:14:00+00:00
[2022-10-19T16:14:42.346+0000] {processor.py:178} INFO - Processing /home/airflow/.local/lib/python3.7/site-packages/airflow/example_dags/example_sla_dag.py took 0.077 seconds
[2022-10-19T16:15:13.785+0000] {processor.py:156} INFO - Started process (PID=2093) to work on /home/airflow/.local/lib/python3.7/site-packages/airflow/example_dags/example_sla_dag.py
[2022-10-19T16:15:13.787+0000] {processor.py:758} INFO - Processing file /home/airflow/.local/lib/python3.7/site-packages/airflow/example_dags/example_sla_dag.py for tasks to queue
[2022-10-19T16:15:13.790+0000] {logging_mixin.py:117} INFO - [2022-10-19T16:15:13.790+0000] {dagbag.py:525} INFO - Filling up the DagBag from /home/airflow/.local/lib/python3.7/site-packages/airflow/example_dags/example_sla_dag.py
[2022-10-19T16:15:13.815+0000] {processor.py:768} INFO - DAG(s) dict_keys(['example_sla_dag']) retrieved from /home/airflow/.local/lib/python3.7/site-packages/airflow/example_dags/example_sla_dag.py
[2022-10-19T16:15:13.850+0000] {logging_mixin.py:117} INFO - [2022-10-19T16:15:13.850+0000] {dag.py:2573} INFO - Sync 1 DAGs
[2022-10-19T16:15:13.869+0000] {logging_mixin.py:117} INFO - [2022-10-19T16:15:13.869+0000] {dag.py:3328} INFO - Setting next_dagrun for example_sla_dag to 2022-10-19T16:12:00+00:00, run_after=2022-10-19T16:14:00+00:00
[2022-10-19T16:15:13.891+0000] {processor.py:178} INFO - Processing /home/airflow/.local/lib/python3.7/site-packages/airflow/example_dags/example_sla_dag.py took 0.109 seconds
[2022-10-19T16:15:43.965+0000] {processor.py:156} INFO - Started process (PID=2159) to work on /home/airflow/.local/lib/python3.7/site-packages/airflow/example_dags/example_sla_dag.py
[2022-10-19T16:15:43.967+0000] {processor.py:758} INFO - Processing file /home/airflow/.local/lib/python3.7/site-packages/airflow/example_dags/example_sla_dag.py for tasks to queue
[2022-10-19T16:15:43.969+0000] {logging_mixin.py:117} INFO - [2022-10-19T16:15:43.969+0000] {dagbag.py:525} INFO - Filling up the DagBag from /home/airflow/.local/lib/python3.7/site-packages/airflow/example_dags/example_sla_dag.py
[2022-10-19T16:15:43.986+0000] {processor.py:768} INFO - DAG(s) dict_keys(['example_sla_dag']) retrieved from /home/airflow/.local/lib/python3.7/site-packages/airflow/example_dags/example_sla_dag.py
[2022-10-19T16:15:44.017+0000] {logging_mixin.py:117} INFO - [2022-10-19T16:15:44.017+0000] {dag.py:2573} INFO - Sync 1 DAGs
[2022-10-19T16:15:44.037+0000] {logging_mixin.py:117} INFO - [2022-10-19T16:15:44.037+0000] {dag.py:3328} INFO - Setting next_dagrun for example_sla_dag to 2022-10-19T16:12:00+00:00, run_after=2022-10-19T16:14:00+00:00
[2022-10-19T16:15:44.051+0000] {processor.py:178} INFO - Processing /home/airflow/.local/lib/python3.7/site-packages/airflow/example_dags/example_sla_dag.py took 0.090 seconds
[2022-10-19T16:16:14.813+0000] {processor.py:156} INFO - Started process (PID=2223) to work on /home/airflow/.local/lib/python3.7/site-packages/airflow/example_dags/example_sla_dag.py
[2022-10-19T16:16:14.815+0000] {processor.py:758} INFO - Processing file /home/airflow/.local/lib/python3.7/site-packages/airflow/example_dags/example_sla_dag.py for tasks to queue
[2022-10-19T16:16:14.816+0000] {logging_mixin.py:117} INFO - [2022-10-19T16:16:14.816+0000] {dagbag.py:525} INFO - Filling up the DagBag from /home/airflow/.local/lib/python3.7/site-packages/airflow/example_dags/example_sla_dag.py
[2022-10-19T16:16:14.833+0000] {processor.py:768} INFO - DAG(s) dict_keys(['example_sla_dag']) retrieved from /home/airflow/.local/lib/python3.7/site-packages/airflow/example_dags/example_sla_dag.py
[2022-10-19T16:16:14.873+0000] {logging_mixin.py:117} INFO - [2022-10-19T16:16:14.873+0000] {dag.py:2573} INFO - Sync 1 DAGs
[2022-10-19T16:16:14.906+0000] {logging_mixin.py:117} INFO - [2022-10-19T16:16:14.905+0000] {dag.py:3328} INFO - Setting next_dagrun for example_sla_dag to 2022-10-19T16:14:00+00:00, run_after=2022-10-19T16:16:00+00:00
[2022-10-19T16:16:14.965+0000] {processor.py:178} INFO - Processing /home/airflow/.local/lib/python3.7/site-packages/airflow/example_dags/example_sla_dag.py took 0.154 seconds
[2022-10-19T16:16:45.946+0000] {processor.py:156} INFO - Started process (PID=2289) to work on /home/airflow/.local/lib/python3.7/site-packages/airflow/example_dags/example_sla_dag.py
[2022-10-19T16:16:45.947+0000] {processor.py:758} INFO - Processing file /home/airflow/.local/lib/python3.7/site-packages/airflow/example_dags/example_sla_dag.py for tasks to queue
[2022-10-19T16:16:45.948+0000] {logging_mixin.py:117} INFO - [2022-10-19T16:16:45.948+0000] {dagbag.py:525} INFO - Filling up the DagBag from /home/airflow/.local/lib/python3.7/site-packages/airflow/example_dags/example_sla_dag.py
[2022-10-19T16:16:45.964+0000] {processor.py:768} INFO - DAG(s) dict_keys(['example_sla_dag']) retrieved from /home/airflow/.local/lib/python3.7/site-packages/airflow/example_dags/example_sla_dag.py
[2022-10-19T16:16:45.991+0000] {logging_mixin.py:117} INFO - [2022-10-19T16:16:45.990+0000] {dag.py:2573} INFO - Sync 1 DAGs
[2022-10-19T16:16:46.007+0000] {logging_mixin.py:117} INFO - [2022-10-19T16:16:46.007+0000] {dag.py:3328} INFO - Setting next_dagrun for example_sla_dag to 2022-10-19T16:14:00+00:00, run_after=2022-10-19T16:16:00+00:00
[2022-10-19T16:16:46.019+0000] {processor.py:178} INFO - Processing /home/airflow/.local/lib/python3.7/site-packages/airflow/example_dags/example_sla_dag.py took 0.076 seconds
[2022-10-19T16:17:16.649+0000] {processor.py:156} INFO - Started process (PID=2345) to work on /home/airflow/.local/lib/python3.7/site-packages/airflow/example_dags/example_sla_dag.py
[2022-10-19T16:17:16.652+0000] {processor.py:758} INFO - Processing file /home/airflow/.local/lib/python3.7/site-packages/airflow/example_dags/example_sla_dag.py for tasks to queue
[2022-10-19T16:17:16.653+0000] {logging_mixin.py:117} INFO - [2022-10-19T16:17:16.653+0000] {dagbag.py:525} INFO - Filling up the DagBag from /home/airflow/.local/lib/python3.7/site-packages/airflow/example_dags/example_sla_dag.py
[2022-10-19T16:17:16.667+0000] {processor.py:768} INFO - DAG(s) dict_keys(['example_sla_dag']) retrieved from /home/airflow/.local/lib/python3.7/site-packages/airflow/example_dags/example_sla_dag.py
[2022-10-19T16:17:16.691+0000] {logging_mixin.py:117} INFO - [2022-10-19T16:17:16.691+0000] {dag.py:2573} INFO - Sync 1 DAGs
[2022-10-19T16:17:16.707+0000] {logging_mixin.py:117} INFO - [2022-10-19T16:17:16.707+0000] {dag.py:3328} INFO - Setting next_dagrun for example_sla_dag to 2022-10-19T16:14:00+00:00, run_after=2022-10-19T16:16:00+00:00
[2022-10-19T16:17:16.720+0000] {processor.py:178} INFO - Processing /home/airflow/.local/lib/python3.7/site-packages/airflow/example_dags/example_sla_dag.py took 0.075 seconds
[2022-10-19T16:17:47.508+0000] {processor.py:156} INFO - Started process (PID=2411) to work on /home/airflow/.local/lib/python3.7/site-packages/airflow/example_dags/example_sla_dag.py
[2022-10-19T16:17:47.509+0000] {processor.py:758} INFO - Processing file /home/airflow/.local/lib/python3.7/site-packages/airflow/example_dags/example_sla_dag.py for tasks to queue
[2022-10-19T16:17:47.510+0000] {logging_mixin.py:117} INFO - [2022-10-19T16:17:47.510+0000] {dagbag.py:525} INFO - Filling up the DagBag from /home/airflow/.local/lib/python3.7/site-packages/airflow/example_dags/example_sla_dag.py
[2022-10-19T16:17:47.524+0000] {processor.py:768} INFO - DAG(s) dict_keys(['example_sla_dag']) retrieved from /home/airflow/.local/lib/python3.7/site-packages/airflow/example_dags/example_sla_dag.py
[2022-10-19T16:17:47.554+0000] {logging_mixin.py:117} INFO - [2022-10-19T16:17:47.554+0000] {dag.py:2573} INFO - Sync 1 DAGs
[2022-10-19T16:17:47.572+0000] {logging_mixin.py:117} INFO - [2022-10-19T16:17:47.572+0000] {dag.py:3328} INFO - Setting next_dagrun for example_sla_dag to 2022-10-19T16:14:00+00:00, run_after=2022-10-19T16:16:00+00:00
[2022-10-19T16:17:47.587+0000] {processor.py:178} INFO - Processing /home/airflow/.local/lib/python3.7/site-packages/airflow/example_dags/example_sla_dag.py took 0.084 seconds
[2022-10-19T16:18:18.366+0000] {processor.py:156} INFO - Started process (PID=2476) to work on /home/airflow/.local/lib/python3.7/site-packages/airflow/example_dags/example_sla_dag.py
[2022-10-19T16:18:18.368+0000] {processor.py:758} INFO - Processing file /home/airflow/.local/lib/python3.7/site-packages/airflow/example_dags/example_sla_dag.py for tasks to queue
[2022-10-19T16:18:18.369+0000] {logging_mixin.py:117} INFO - [2022-10-19T16:18:18.369+0000] {dagbag.py:525} INFO - Filling up the DagBag from /home/airflow/.local/lib/python3.7/site-packages/airflow/example_dags/example_sla_dag.py
[2022-10-19T16:18:18.385+0000] {processor.py:768} INFO - DAG(s) dict_keys(['example_sla_dag']) retrieved from /home/airflow/.local/lib/python3.7/site-packages/airflow/example_dags/example_sla_dag.py
[2022-10-19T16:18:18.412+0000] {logging_mixin.py:117} INFO - [2022-10-19T16:18:18.412+0000] {dag.py:2573} INFO - Sync 1 DAGs
[2022-10-19T16:18:18.430+0000] {logging_mixin.py:117} INFO - [2022-10-19T16:18:18.430+0000] {dag.py:3328} INFO - Setting next_dagrun for example_sla_dag to 2022-10-19T16:16:00+00:00, run_after=2022-10-19T16:18:00+00:00
[2022-10-19T16:18:18.441+0000] {processor.py:178} INFO - Processing /home/airflow/.local/lib/python3.7/site-packages/airflow/example_dags/example_sla_dag.py took 0.077 seconds
[2022-10-19T16:18:49.413+0000] {processor.py:156} INFO - Started process (PID=2542) to work on /home/airflow/.local/lib/python3.7/site-packages/airflow/example_dags/example_sla_dag.py
[2022-10-19T16:18:49.415+0000] {processor.py:758} INFO - Processing file /home/airflow/.local/lib/python3.7/site-packages/airflow/example_dags/example_sla_dag.py for tasks to queue
[2022-10-19T16:18:49.417+0000] {logging_mixin.py:117} INFO - [2022-10-19T16:18:49.417+0000] {dagbag.py:525} INFO - Filling up the DagBag from /home/airflow/.local/lib/python3.7/site-packages/airflow/example_dags/example_sla_dag.py
[2022-10-19T16:18:49.430+0000] {processor.py:768} INFO - DAG(s) dict_keys(['example_sla_dag']) retrieved from /home/airflow/.local/lib/python3.7/site-packages/airflow/example_dags/example_sla_dag.py
[2022-10-19T16:18:49.460+0000] {logging_mixin.py:117} INFO - [2022-10-19T16:18:49.460+0000] {dag.py:2573} INFO - Sync 1 DAGs
[2022-10-19T16:18:49.478+0000] {logging_mixin.py:117} INFO - [2022-10-19T16:18:49.478+0000] {dag.py:3328} INFO - Setting next_dagrun for example_sla_dag to 2022-10-19T16:16:00+00:00, run_after=2022-10-19T16:18:00+00:00
[2022-10-19T16:18:49.491+0000] {processor.py:178} INFO - Processing /home/airflow/.local/lib/python3.7/site-packages/airflow/example_dags/example_sla_dag.py took 0.080 seconds
[2022-10-19T16:19:20.391+0000] {processor.py:156} INFO - Started process (PID=2607) to work on /home/airflow/.local/lib/python3.7/site-packages/airflow/example_dags/example_sla_dag.py
[2022-10-19T16:19:20.393+0000] {processor.py:758} INFO - Processing file /home/airflow/.local/lib/python3.7/site-packages/airflow/example_dags/example_sla_dag.py for tasks to queue
[2022-10-19T16:19:20.394+0000] {logging_mixin.py:117} INFO - [2022-10-19T16:19:20.394+0000] {dagbag.py:525} INFO - Filling up the DagBag from /home/airflow/.local/lib/python3.7/site-packages/airflow/example_dags/example_sla_dag.py
[2022-10-19T16:19:20.409+0000] {processor.py:768} INFO - DAG(s) dict_keys(['example_sla_dag']) retrieved from /home/airflow/.local/lib/python3.7/site-packages/airflow/example_dags/example_sla_dag.py
[2022-10-19T16:19:20.446+0000] {logging_mixin.py:117} INFO - [2022-10-19T16:19:20.446+0000] {dag.py:2573} INFO - Sync 1 DAGs
[2022-10-19T16:19:20.467+0000] {logging_mixin.py:117} INFO - [2022-10-19T16:19:20.467+0000] {dag.py:3328} INFO - Setting next_dagrun for example_sla_dag to 2022-10-19T16:16:00+00:00, run_after=2022-10-19T16:18:00+00:00
[2022-10-19T16:19:20.480+0000] {processor.py:178} INFO - Processing /home/airflow/.local/lib/python3.7/site-packages/airflow/example_dags/example_sla_dag.py took 0.092 seconds
[2022-10-19T16:20:03.195+0000] {processor.py:156} INFO - Started process (PID=2672) to work on /home/airflow/.local/lib/python3.7/site-packages/airflow/example_dags/example_sla_dag.py
[2022-10-19T16:20:03.221+0000] {processor.py:758} INFO - Processing file /home/airflow/.local/lib/python3.7/site-packages/airflow/example_dags/example_sla_dag.py for tasks to queue
[2022-10-19T16:20:03.232+0000] {logging_mixin.py:117} INFO - [2022-10-19T16:20:03.227+0000] {dagbag.py:525} INFO - Filling up the DagBag from /home/airflow/.local/lib/python3.7/site-packages/airflow/example_dags/example_sla_dag.py
[2022-10-19T16:20:03.594+0000] {processor.py:768} INFO - DAG(s) dict_keys(['example_sla_dag']) retrieved from /home/airflow/.local/lib/python3.7/site-packages/airflow/example_dags/example_sla_dag.py
[2022-10-19T16:20:05.456+0000] {logging_mixin.py:117} INFO - [2022-10-19T16:20:05.455+0000] {dag.py:2573} INFO - Sync 1 DAGs
[2022-10-19T16:20:05.567+0000] {logging_mixin.py:117} INFO - [2022-10-19T16:20:05.566+0000] {dag.py:3328} INFO - Setting next_dagrun for example_sla_dag to 2022-10-19T16:18:00+00:00, run_after=2022-10-19T16:20:00+00:00
[2022-10-19T16:20:05.756+0000] {processor.py:178} INFO - Processing /home/airflow/.local/lib/python3.7/site-packages/airflow/example_dags/example_sla_dag.py took 2.648 seconds
[2022-10-19T16:21:19.030+0000] {processor.py:156} INFO - Started process (PID=2759) to work on /home/airflow/.local/lib/python3.7/site-packages/airflow/example_dags/example_sla_dag.py
[2022-10-19T16:21:19.033+0000] {processor.py:758} INFO - Processing file /home/airflow/.local/lib/python3.7/site-packages/airflow/example_dags/example_sla_dag.py for tasks to queue
[2022-10-19T16:21:19.037+0000] {logging_mixin.py:117} INFO - [2022-10-19T16:21:19.037+0000] {dagbag.py:525} INFO - Filling up the DagBag from /home/airflow/.local/lib/python3.7/site-packages/airflow/example_dags/example_sla_dag.py
[2022-10-19T16:21:19.114+0000] {processor.py:768} INFO - DAG(s) dict_keys(['example_sla_dag']) retrieved from /home/airflow/.local/lib/python3.7/site-packages/airflow/example_dags/example_sla_dag.py
[2022-10-19T16:21:19.286+0000] {logging_mixin.py:117} INFO - [2022-10-19T16:21:19.286+0000] {dag.py:2573} INFO - Sync 1 DAGs
[2022-10-19T16:21:19.343+0000] {logging_mixin.py:117} INFO - [2022-10-19T16:21:19.343+0000] {dag.py:3328} INFO - Setting next_dagrun for example_sla_dag to 2022-10-19T16:18:00+00:00, run_after=2022-10-19T16:20:00+00:00
[2022-10-19T16:21:19.434+0000] {processor.py:178} INFO - Processing /home/airflow/.local/lib/python3.7/site-packages/airflow/example_dags/example_sla_dag.py took 0.424 seconds
[2022-10-19T16:22:19.456+0000] {processor.py:156} INFO - Started process (PID=2832) to work on /home/airflow/.local/lib/python3.7/site-packages/airflow/example_dags/example_sla_dag.py
[2022-10-19T16:22:19.462+0000] {processor.py:758} INFO - Processing file /home/airflow/.local/lib/python3.7/site-packages/airflow/example_dags/example_sla_dag.py for tasks to queue
[2022-10-19T16:22:19.469+0000] {logging_mixin.py:117} INFO - [2022-10-19T16:22:19.469+0000] {dagbag.py:525} INFO - Filling up the DagBag from /home/airflow/.local/lib/python3.7/site-packages/airflow/example_dags/example_sla_dag.py
[2022-10-19T16:22:19.899+0000] {processor.py:768} INFO - DAG(s) dict_keys(['example_sla_dag']) retrieved from /home/airflow/.local/lib/python3.7/site-packages/airflow/example_dags/example_sla_dag.py
[2022-10-19T16:22:20.152+0000] {logging_mixin.py:117} INFO - [2022-10-19T16:22:20.152+0000] {dag.py:2573} INFO - Sync 1 DAGs
[2022-10-19T16:22:20.755+0000] {logging_mixin.py:117} INFO - [2022-10-19T16:22:20.753+0000] {dag.py:3328} INFO - Setting next_dagrun for example_sla_dag to 2022-10-19T16:20:00+00:00, run_after=2022-10-19T16:22:00+00:00
[2022-10-19T16:22:20.881+0000] {processor.py:178} INFO - Processing /home/airflow/.local/lib/python3.7/site-packages/airflow/example_dags/example_sla_dag.py took 1.462 seconds
[2022-10-19T16:23:15.712+0000] {processor.py:156} INFO - Started process (PID=2890) to work on /home/airflow/.local/lib/python3.7/site-packages/airflow/example_dags/example_sla_dag.py
[2022-10-19T16:23:15.720+0000] {processor.py:758} INFO - Processing file /home/airflow/.local/lib/python3.7/site-packages/airflow/example_dags/example_sla_dag.py for tasks to queue
[2022-10-19T16:23:15.723+0000] {logging_mixin.py:117} INFO - [2022-10-19T16:23:15.723+0000] {dagbag.py:525} INFO - Filling up the DagBag from /home/airflow/.local/lib/python3.7/site-packages/airflow/example_dags/example_sla_dag.py
[2022-10-19T16:23:16.020+0000] {processor.py:768} INFO - DAG(s) dict_keys(['example_sla_dag']) retrieved from /home/airflow/.local/lib/python3.7/site-packages/airflow/example_dags/example_sla_dag.py
[2022-10-19T16:23:17.287+0000] {logging_mixin.py:117} INFO - [2022-10-19T16:23:17.281+0000] {dag.py:2573} INFO - Sync 1 DAGs
[2022-10-19T16:23:19.000+0000] {logging_mixin.py:117} INFO - [2022-10-19T16:23:18.994+0000] {dag.py:3328} INFO - Setting next_dagrun for example_sla_dag to 2022-10-19T16:20:00+00:00, run_after=2022-10-19T16:22:00+00:00
[2022-10-19T16:23:19.138+0000] {processor.py:178} INFO - Processing /home/airflow/.local/lib/python3.7/site-packages/airflow/example_dags/example_sla_dag.py took 3.497 seconds
[2022-10-19T16:24:03.737+0000] {processor.py:156} INFO - Started process (PID=2957) to work on /home/airflow/.local/lib/python3.7/site-packages/airflow/example_dags/example_sla_dag.py
[2022-10-19T16:24:03.746+0000] {processor.py:758} INFO - Processing file /home/airflow/.local/lib/python3.7/site-packages/airflow/example_dags/example_sla_dag.py for tasks to queue
[2022-10-19T16:24:03.748+0000] {logging_mixin.py:117} INFO - [2022-10-19T16:24:03.748+0000] {dagbag.py:525} INFO - Filling up the DagBag from /home/airflow/.local/lib/python3.7/site-packages/airflow/example_dags/example_sla_dag.py
[2022-10-19T16:24:03.777+0000] {processor.py:768} INFO - DAG(s) dict_keys(['example_sla_dag']) retrieved from /home/airflow/.local/lib/python3.7/site-packages/airflow/example_dags/example_sla_dag.py
[2022-10-19T16:24:03.908+0000] {logging_mixin.py:117} INFO - [2022-10-19T16:24:03.907+0000] {dag.py:2573} INFO - Sync 1 DAGs
[2022-10-19T16:24:03.954+0000] {logging_mixin.py:117} INFO - [2022-10-19T16:24:03.954+0000] {dag.py:3328} INFO - Setting next_dagrun for example_sla_dag to 2022-10-19T16:22:00+00:00, run_after=2022-10-19T16:24:00+00:00
[2022-10-19T16:24:03.980+0000] {processor.py:178} INFO - Processing /home/airflow/.local/lib/python3.7/site-packages/airflow/example_dags/example_sla_dag.py took 0.247 seconds
[2022-10-19T16:24:40.318+0000] {processor.py:156} INFO - Started process (PID=3012) to work on /home/airflow/.local/lib/python3.7/site-packages/airflow/example_dags/example_sla_dag.py
[2022-10-19T16:24:40.323+0000] {processor.py:758} INFO - Processing file /home/airflow/.local/lib/python3.7/site-packages/airflow/example_dags/example_sla_dag.py for tasks to queue
[2022-10-19T16:24:40.328+0000] {logging_mixin.py:117} INFO - [2022-10-19T16:24:40.327+0000] {dagbag.py:525} INFO - Filling up the DagBag from /home/airflow/.local/lib/python3.7/site-packages/airflow/example_dags/example_sla_dag.py
[2022-10-19T16:24:40.382+0000] {processor.py:768} INFO - DAG(s) dict_keys(['example_sla_dag']) retrieved from /home/airflow/.local/lib/python3.7/site-packages/airflow/example_dags/example_sla_dag.py
[2022-10-19T16:24:40.617+0000] {logging_mixin.py:117} INFO - [2022-10-19T16:24:40.617+0000] {dag.py:2573} INFO - Sync 1 DAGs
[2022-10-19T16:24:40.717+0000] {logging_mixin.py:117} INFO - [2022-10-19T16:24:40.716+0000] {dag.py:3328} INFO - Setting next_dagrun for example_sla_dag to 2022-10-19T16:22:00+00:00, run_after=2022-10-19T16:24:00+00:00
[2022-10-19T16:24:40.775+0000] {processor.py:178} INFO - Processing /home/airflow/.local/lib/python3.7/site-packages/airflow/example_dags/example_sla_dag.py took 0.467 seconds
