[2022-10-19T15:35:55.613+0000] {processor.py:156} INFO - Started process (PID=175) to work on /home/airflow/.local/lib/python3.7/site-packages/airflow/example_dags/example_dag_decorator.py
[2022-10-19T15:35:55.632+0000] {processor.py:758} INFO - Processing file /home/airflow/.local/lib/python3.7/site-packages/airflow/example_dags/example_dag_decorator.py for tasks to queue
[2022-10-19T15:35:55.637+0000] {logging_mixin.py:117} INFO - [2022-10-19T15:35:55.636+0000] {dagbag.py:525} INFO - Filling up the DagBag from /home/airflow/.local/lib/python3.7/site-packages/airflow/example_dags/example_dag_decorator.py
[2022-10-19T15:35:59.687+0000] {processor.py:768} INFO - DAG(s) dict_keys(['example_dag_decorator']) retrieved from /home/airflow/.local/lib/python3.7/site-packages/airflow/example_dags/example_dag_decorator.py
[2022-10-19T15:36:03.492+0000] {logging_mixin.py:117} INFO - [2022-10-19T15:36:03.422+0000] {dag.py:2573} INFO - Sync 1 DAGs
[2022-10-19T15:36:16.967+0000] {logging_mixin.py:117} INFO - [2022-10-19T15:36:16.779+0000] {dag.py:3328} INFO - Setting next_dagrun for example_dag_decorator to None, run_after=None
[2022-10-19T15:36:20.394+0000] {processor.py:178} INFO - Processing /home/airflow/.local/lib/python3.7/site-packages/airflow/example_dags/example_dag_decorator.py took 24.802 seconds
[2022-10-19T15:37:01.128+0000] {processor.py:156} INFO - Started process (PID=242) to work on /home/airflow/.local/lib/python3.7/site-packages/airflow/example_dags/example_dag_decorator.py
[2022-10-19T15:37:01.133+0000] {processor.py:758} INFO - Processing file /home/airflow/.local/lib/python3.7/site-packages/airflow/example_dags/example_dag_decorator.py for tasks to queue
[2022-10-19T15:37:01.138+0000] {logging_mixin.py:117} INFO - [2022-10-19T15:37:01.138+0000] {dagbag.py:525} INFO - Filling up the DagBag from /home/airflow/.local/lib/python3.7/site-packages/airflow/example_dags/example_dag_decorator.py
[2022-10-19T15:37:01.359+0000] {processor.py:768} INFO - DAG(s) dict_keys(['example_dag_decorator']) retrieved from /home/airflow/.local/lib/python3.7/site-packages/airflow/example_dags/example_dag_decorator.py
[2022-10-19T15:37:03.453+0000] {logging_mixin.py:117} INFO - [2022-10-19T15:37:03.451+0000] {dag.py:2573} INFO - Sync 1 DAGs
[2022-10-19T15:37:03.529+0000] {logging_mixin.py:117} INFO - [2022-10-19T15:37:03.529+0000] {dag.py:3328} INFO - Setting next_dagrun for example_dag_decorator to None, run_after=None
[2022-10-19T15:37:03.635+0000] {processor.py:178} INFO - Processing /home/airflow/.local/lib/python3.7/site-packages/airflow/example_dags/example_dag_decorator.py took 2.555 seconds
[2022-10-19T15:37:33.940+0000] {processor.py:156} INFO - Started process (PID=307) to work on /home/airflow/.local/lib/python3.7/site-packages/airflow/example_dags/example_dag_decorator.py
[2022-10-19T15:37:33.943+0000] {processor.py:758} INFO - Processing file /home/airflow/.local/lib/python3.7/site-packages/airflow/example_dags/example_dag_decorator.py for tasks to queue
[2022-10-19T15:37:33.944+0000] {logging_mixin.py:117} INFO - [2022-10-19T15:37:33.944+0000] {dagbag.py:525} INFO - Filling up the DagBag from /home/airflow/.local/lib/python3.7/site-packages/airflow/example_dags/example_dag_decorator.py
[2022-10-19T15:37:33.997+0000] {processor.py:768} INFO - DAG(s) dict_keys(['example_dag_decorator']) retrieved from /home/airflow/.local/lib/python3.7/site-packages/airflow/example_dags/example_dag_decorator.py
[2022-10-19T15:37:34.169+0000] {logging_mixin.py:117} INFO - [2022-10-19T15:37:34.169+0000] {dag.py:2573} INFO - Sync 1 DAGs
[2022-10-19T15:37:34.184+0000] {logging_mixin.py:117} INFO - [2022-10-19T15:37:34.184+0000] {dag.py:3328} INFO - Setting next_dagrun for example_dag_decorator to None, run_after=None
[2022-10-19T15:37:34.204+0000] {processor.py:178} INFO - Processing /home/airflow/.local/lib/python3.7/site-packages/airflow/example_dags/example_dag_decorator.py took 0.271 seconds
[2022-10-19T15:38:04.717+0000] {processor.py:156} INFO - Started process (PID=362) to work on /home/airflow/.local/lib/python3.7/site-packages/airflow/example_dags/example_dag_decorator.py
[2022-10-19T15:38:04.725+0000] {processor.py:758} INFO - Processing file /home/airflow/.local/lib/python3.7/site-packages/airflow/example_dags/example_dag_decorator.py for tasks to queue
[2022-10-19T15:38:04.727+0000] {logging_mixin.py:117} INFO - [2022-10-19T15:38:04.727+0000] {dagbag.py:525} INFO - Filling up the DagBag from /home/airflow/.local/lib/python3.7/site-packages/airflow/example_dags/example_dag_decorator.py
[2022-10-19T15:38:04.846+0000] {processor.py:768} INFO - DAG(s) dict_keys(['example_dag_decorator']) retrieved from /home/airflow/.local/lib/python3.7/site-packages/airflow/example_dags/example_dag_decorator.py
[2022-10-19T15:38:04.951+0000] {logging_mixin.py:117} INFO - [2022-10-19T15:38:04.951+0000] {dag.py:2573} INFO - Sync 1 DAGs
[2022-10-19T15:38:04.974+0000] {logging_mixin.py:117} INFO - [2022-10-19T15:38:04.974+0000] {dag.py:3328} INFO - Setting next_dagrun for example_dag_decorator to None, run_after=None
[2022-10-19T15:38:04.997+0000] {processor.py:178} INFO - Processing /home/airflow/.local/lib/python3.7/site-packages/airflow/example_dags/example_dag_decorator.py took 0.286 seconds
[2022-10-19T15:38:35.551+0000] {processor.py:156} INFO - Started process (PID=427) to work on /home/airflow/.local/lib/python3.7/site-packages/airflow/example_dags/example_dag_decorator.py
[2022-10-19T15:38:35.842+0000] {processor.py:758} INFO - Processing file /home/airflow/.local/lib/python3.7/site-packages/airflow/example_dags/example_dag_decorator.py for tasks to queue
[2022-10-19T15:38:35.848+0000] {logging_mixin.py:117} INFO - [2022-10-19T15:38:35.848+0000] {dagbag.py:525} INFO - Filling up the DagBag from /home/airflow/.local/lib/python3.7/site-packages/airflow/example_dags/example_dag_decorator.py
[2022-10-19T15:38:37.183+0000] {processor.py:768} INFO - DAG(s) dict_keys(['example_dag_decorator']) retrieved from /home/airflow/.local/lib/python3.7/site-packages/airflow/example_dags/example_dag_decorator.py
[2022-10-19T15:38:37.560+0000] {logging_mixin.py:117} INFO - [2022-10-19T15:38:37.560+0000] {dag.py:2573} INFO - Sync 1 DAGs
[2022-10-19T15:38:37.589+0000] {logging_mixin.py:117} INFO - [2022-10-19T15:38:37.589+0000] {dag.py:3328} INFO - Setting next_dagrun for example_dag_decorator to None, run_after=None
[2022-10-19T15:38:37.626+0000] {processor.py:178} INFO - Processing /home/airflow/.local/lib/python3.7/site-packages/airflow/example_dags/example_dag_decorator.py took 2.148 seconds
[2022-10-19T15:39:08.511+0000] {processor.py:156} INFO - Started process (PID=482) to work on /home/airflow/.local/lib/python3.7/site-packages/airflow/example_dags/example_dag_decorator.py
[2022-10-19T15:39:08.515+0000] {processor.py:758} INFO - Processing file /home/airflow/.local/lib/python3.7/site-packages/airflow/example_dags/example_dag_decorator.py for tasks to queue
[2022-10-19T15:39:08.520+0000] {logging_mixin.py:117} INFO - [2022-10-19T15:39:08.520+0000] {dagbag.py:525} INFO - Filling up the DagBag from /home/airflow/.local/lib/python3.7/site-packages/airflow/example_dags/example_dag_decorator.py
[2022-10-19T15:39:08.616+0000] {processor.py:768} INFO - DAG(s) dict_keys(['example_dag_decorator']) retrieved from /home/airflow/.local/lib/python3.7/site-packages/airflow/example_dags/example_dag_decorator.py
[2022-10-19T15:39:08.816+0000] {logging_mixin.py:117} INFO - [2022-10-19T15:39:08.815+0000] {dag.py:2573} INFO - Sync 1 DAGs
[2022-10-19T15:39:08.875+0000] {logging_mixin.py:117} INFO - [2022-10-19T15:39:08.875+0000] {dag.py:3328} INFO - Setting next_dagrun for example_dag_decorator to None, run_after=None
[2022-10-19T15:39:08.911+0000] {processor.py:178} INFO - Processing /home/airflow/.local/lib/python3.7/site-packages/airflow/example_dags/example_dag_decorator.py took 0.410 seconds
[2022-10-19T15:39:56.002+0000] {processor.py:156} INFO - Started process (PID=548) to work on /home/airflow/.local/lib/python3.7/site-packages/airflow/example_dags/example_dag_decorator.py
[2022-10-19T15:39:56.004+0000] {processor.py:758} INFO - Processing file /home/airflow/.local/lib/python3.7/site-packages/airflow/example_dags/example_dag_decorator.py for tasks to queue
[2022-10-19T15:39:56.009+0000] {logging_mixin.py:117} INFO - [2022-10-19T15:39:56.009+0000] {dagbag.py:525} INFO - Filling up the DagBag from /home/airflow/.local/lib/python3.7/site-packages/airflow/example_dags/example_dag_decorator.py
[2022-10-19T15:39:56.119+0000] {processor.py:768} INFO - DAG(s) dict_keys(['example_dag_decorator']) retrieved from /home/airflow/.local/lib/python3.7/site-packages/airflow/example_dags/example_dag_decorator.py
[2022-10-19T15:39:56.339+0000] {logging_mixin.py:117} INFO - [2022-10-19T15:39:56.338+0000] {dag.py:2573} INFO - Sync 1 DAGs
[2022-10-19T15:39:56.397+0000] {logging_mixin.py:117} INFO - [2022-10-19T15:39:56.396+0000] {dag.py:3328} INFO - Setting next_dagrun for example_dag_decorator to None, run_after=None
[2022-10-19T15:39:56.470+0000] {processor.py:178} INFO - Processing /home/airflow/.local/lib/python3.7/site-packages/airflow/example_dags/example_dag_decorator.py took 0.471 seconds
[2022-10-19T15:40:26.638+0000] {processor.py:156} INFO - Started process (PID=611) to work on /home/airflow/.local/lib/python3.7/site-packages/airflow/example_dags/example_dag_decorator.py
[2022-10-19T15:40:26.640+0000] {processor.py:758} INFO - Processing file /home/airflow/.local/lib/python3.7/site-packages/airflow/example_dags/example_dag_decorator.py for tasks to queue
[2022-10-19T15:40:26.642+0000] {logging_mixin.py:117} INFO - [2022-10-19T15:40:26.642+0000] {dagbag.py:525} INFO - Filling up the DagBag from /home/airflow/.local/lib/python3.7/site-packages/airflow/example_dags/example_dag_decorator.py
[2022-10-19T15:40:26.681+0000] {processor.py:768} INFO - DAG(s) dict_keys(['example_dag_decorator']) retrieved from /home/airflow/.local/lib/python3.7/site-packages/airflow/example_dags/example_dag_decorator.py
[2022-10-19T15:40:26.777+0000] {logging_mixin.py:117} INFO - [2022-10-19T15:40:26.777+0000] {dag.py:2573} INFO - Sync 1 DAGs
[2022-10-19T15:40:26.806+0000] {logging_mixin.py:117} INFO - [2022-10-19T15:40:26.806+0000] {dag.py:3328} INFO - Setting next_dagrun for example_dag_decorator to None, run_after=None
[2022-10-19T15:40:26.829+0000] {processor.py:178} INFO - Processing /home/airflow/.local/lib/python3.7/site-packages/airflow/example_dags/example_dag_decorator.py took 0.193 seconds
[2022-10-19T15:40:57.791+0000] {processor.py:156} INFO - Started process (PID=669) to work on /home/airflow/.local/lib/python3.7/site-packages/airflow/example_dags/example_dag_decorator.py
[2022-10-19T15:40:57.796+0000] {processor.py:758} INFO - Processing file /home/airflow/.local/lib/python3.7/site-packages/airflow/example_dags/example_dag_decorator.py for tasks to queue
[2022-10-19T15:40:57.797+0000] {logging_mixin.py:117} INFO - [2022-10-19T15:40:57.797+0000] {dagbag.py:525} INFO - Filling up the DagBag from /home/airflow/.local/lib/python3.7/site-packages/airflow/example_dags/example_dag_decorator.py
[2022-10-19T15:40:57.842+0000] {processor.py:768} INFO - DAG(s) dict_keys(['example_dag_decorator']) retrieved from /home/airflow/.local/lib/python3.7/site-packages/airflow/example_dags/example_dag_decorator.py
[2022-10-19T15:40:57.947+0000] {logging_mixin.py:117} INFO - [2022-10-19T15:40:57.947+0000] {dag.py:2573} INFO - Sync 1 DAGs
[2022-10-19T15:40:57.974+0000] {logging_mixin.py:117} INFO - [2022-10-19T15:40:57.974+0000] {dag.py:3328} INFO - Setting next_dagrun for example_dag_decorator to None, run_after=None
[2022-10-19T15:40:57.987+0000] {processor.py:178} INFO - Processing /home/airflow/.local/lib/python3.7/site-packages/airflow/example_dags/example_dag_decorator.py took 0.199 seconds
[2022-10-19T15:41:28.960+0000] {processor.py:156} INFO - Started process (PID=735) to work on /home/airflow/.local/lib/python3.7/site-packages/airflow/example_dags/example_dag_decorator.py
[2022-10-19T15:41:28.963+0000] {processor.py:758} INFO - Processing file /home/airflow/.local/lib/python3.7/site-packages/airflow/example_dags/example_dag_decorator.py for tasks to queue
[2022-10-19T15:41:28.965+0000] {logging_mixin.py:117} INFO - [2022-10-19T15:41:28.964+0000] {dagbag.py:525} INFO - Filling up the DagBag from /home/airflow/.local/lib/python3.7/site-packages/airflow/example_dags/example_dag_decorator.py
[2022-10-19T15:41:29.007+0000] {processor.py:768} INFO - DAG(s) dict_keys(['example_dag_decorator']) retrieved from /home/airflow/.local/lib/python3.7/site-packages/airflow/example_dags/example_dag_decorator.py
[2022-10-19T15:41:29.084+0000] {logging_mixin.py:117} INFO - [2022-10-19T15:41:29.084+0000] {dag.py:2573} INFO - Sync 1 DAGs
[2022-10-19T15:41:29.106+0000] {logging_mixin.py:117} INFO - [2022-10-19T15:41:29.106+0000] {dag.py:3328} INFO - Setting next_dagrun for example_dag_decorator to None, run_after=None
[2022-10-19T15:41:29.125+0000] {processor.py:178} INFO - Processing /home/airflow/.local/lib/python3.7/site-packages/airflow/example_dags/example_dag_decorator.py took 0.170 seconds
[2022-10-19T15:41:59.811+0000] {processor.py:156} INFO - Started process (PID=800) to work on /home/airflow/.local/lib/python3.7/site-packages/airflow/example_dags/example_dag_decorator.py
[2022-10-19T15:41:59.813+0000] {processor.py:758} INFO - Processing file /home/airflow/.local/lib/python3.7/site-packages/airflow/example_dags/example_dag_decorator.py for tasks to queue
[2022-10-19T15:41:59.814+0000] {logging_mixin.py:117} INFO - [2022-10-19T15:41:59.813+0000] {dagbag.py:525} INFO - Filling up the DagBag from /home/airflow/.local/lib/python3.7/site-packages/airflow/example_dags/example_dag_decorator.py
[2022-10-19T15:41:59.834+0000] {processor.py:768} INFO - DAG(s) dict_keys(['example_dag_decorator']) retrieved from /home/airflow/.local/lib/python3.7/site-packages/airflow/example_dags/example_dag_decorator.py
[2022-10-19T15:41:59.885+0000] {logging_mixin.py:117} INFO - [2022-10-19T15:41:59.885+0000] {dag.py:2573} INFO - Sync 1 DAGs
[2022-10-19T15:41:59.899+0000] {logging_mixin.py:117} INFO - [2022-10-19T15:41:59.899+0000] {dag.py:3328} INFO - Setting next_dagrun for example_dag_decorator to None, run_after=None
[2022-10-19T15:41:59.914+0000] {processor.py:178} INFO - Processing /home/airflow/.local/lib/python3.7/site-packages/airflow/example_dags/example_dag_decorator.py took 0.105 seconds
[2022-10-19T15:42:30.315+0000] {processor.py:156} INFO - Started process (PID=856) to work on /home/airflow/.local/lib/python3.7/site-packages/airflow/example_dags/example_dag_decorator.py
[2022-10-19T15:42:30.317+0000] {processor.py:758} INFO - Processing file /home/airflow/.local/lib/python3.7/site-packages/airflow/example_dags/example_dag_decorator.py for tasks to queue
[2022-10-19T15:42:30.318+0000] {logging_mixin.py:117} INFO - [2022-10-19T15:42:30.318+0000] {dagbag.py:525} INFO - Filling up the DagBag from /home/airflow/.local/lib/python3.7/site-packages/airflow/example_dags/example_dag_decorator.py
[2022-10-19T15:42:30.378+0000] {processor.py:768} INFO - DAG(s) dict_keys(['example_dag_decorator']) retrieved from /home/airflow/.local/lib/python3.7/site-packages/airflow/example_dags/example_dag_decorator.py
[2022-10-19T15:42:30.480+0000] {logging_mixin.py:117} INFO - [2022-10-19T15:42:30.480+0000] {dag.py:2573} INFO - Sync 1 DAGs
[2022-10-19T15:42:30.508+0000] {logging_mixin.py:117} INFO - [2022-10-19T15:42:30.507+0000] {dag.py:3328} INFO - Setting next_dagrun for example_dag_decorator to None, run_after=None
[2022-10-19T15:42:30.544+0000] {processor.py:178} INFO - Processing /home/airflow/.local/lib/python3.7/site-packages/airflow/example_dags/example_dag_decorator.py took 0.233 seconds
[2022-10-19T15:43:01.174+0000] {processor.py:156} INFO - Started process (PID=923) to work on /home/airflow/.local/lib/python3.7/site-packages/airflow/example_dags/example_dag_decorator.py
[2022-10-19T15:43:01.176+0000] {processor.py:758} INFO - Processing file /home/airflow/.local/lib/python3.7/site-packages/airflow/example_dags/example_dag_decorator.py for tasks to queue
[2022-10-19T15:43:01.178+0000] {logging_mixin.py:117} INFO - [2022-10-19T15:43:01.178+0000] {dagbag.py:525} INFO - Filling up the DagBag from /home/airflow/.local/lib/python3.7/site-packages/airflow/example_dags/example_dag_decorator.py
[2022-10-19T15:43:01.209+0000] {processor.py:768} INFO - DAG(s) dict_keys(['example_dag_decorator']) retrieved from /home/airflow/.local/lib/python3.7/site-packages/airflow/example_dags/example_dag_decorator.py
[2022-10-19T15:43:01.337+0000] {logging_mixin.py:117} INFO - [2022-10-19T15:43:01.336+0000] {dag.py:2573} INFO - Sync 1 DAGs
[2022-10-19T15:43:01.358+0000] {logging_mixin.py:117} INFO - [2022-10-19T15:43:01.358+0000] {dag.py:3328} INFO - Setting next_dagrun for example_dag_decorator to None, run_after=None
[2022-10-19T15:43:01.373+0000] {processor.py:178} INFO - Processing /home/airflow/.local/lib/python3.7/site-packages/airflow/example_dags/example_dag_decorator.py took 0.204 seconds
[2022-10-19T15:43:36.958+0000] {processor.py:156} INFO - Started process (PID=987) to work on /home/airflow/.local/lib/python3.7/site-packages/airflow/example_dags/example_dag_decorator.py
[2022-10-19T15:43:36.967+0000] {processor.py:758} INFO - Processing file /home/airflow/.local/lib/python3.7/site-packages/airflow/example_dags/example_dag_decorator.py for tasks to queue
[2022-10-19T15:43:36.969+0000] {logging_mixin.py:117} INFO - [2022-10-19T15:43:36.969+0000] {dagbag.py:525} INFO - Filling up the DagBag from /home/airflow/.local/lib/python3.7/site-packages/airflow/example_dags/example_dag_decorator.py
[2022-10-19T15:43:37.022+0000] {processor.py:768} INFO - DAG(s) dict_keys(['example_dag_decorator']) retrieved from /home/airflow/.local/lib/python3.7/site-packages/airflow/example_dags/example_dag_decorator.py
[2022-10-19T15:43:37.146+0000] {logging_mixin.py:117} INFO - [2022-10-19T15:43:37.145+0000] {dag.py:2573} INFO - Sync 1 DAGs
[2022-10-19T15:43:37.172+0000] {logging_mixin.py:117} INFO - [2022-10-19T15:43:37.172+0000] {dag.py:3328} INFO - Setting next_dagrun for example_dag_decorator to None, run_after=None
[2022-10-19T15:43:37.204+0000] {processor.py:178} INFO - Processing /home/airflow/.local/lib/python3.7/site-packages/airflow/example_dags/example_dag_decorator.py took 0.252 seconds
[2022-10-19T15:44:50.632+0000] {processor.py:156} INFO - Started process (PID=1054) to work on /home/airflow/.local/lib/python3.7/site-packages/airflow/example_dags/example_dag_decorator.py
[2022-10-19T15:44:50.644+0000] {processor.py:758} INFO - Processing file /home/airflow/.local/lib/python3.7/site-packages/airflow/example_dags/example_dag_decorator.py for tasks to queue
[2022-10-19T15:44:50.658+0000] {logging_mixin.py:117} INFO - [2022-10-19T15:44:50.658+0000] {dagbag.py:525} INFO - Filling up the DagBag from /home/airflow/.local/lib/python3.7/site-packages/airflow/example_dags/example_dag_decorator.py
[2022-10-19T15:44:50.808+0000] {processor.py:768} INFO - DAG(s) dict_keys(['example_dag_decorator']) retrieved from /home/airflow/.local/lib/python3.7/site-packages/airflow/example_dags/example_dag_decorator.py
[2022-10-19T15:44:51.186+0000] {logging_mixin.py:117} INFO - [2022-10-19T15:44:51.186+0000] {dag.py:2573} INFO - Sync 1 DAGs
[2022-10-19T15:44:51.245+0000] {logging_mixin.py:117} INFO - [2022-10-19T15:44:51.244+0000] {dag.py:3328} INFO - Setting next_dagrun for example_dag_decorator to None, run_after=None
[2022-10-19T15:44:51.288+0000] {processor.py:178} INFO - Processing /home/airflow/.local/lib/python3.7/site-packages/airflow/example_dags/example_dag_decorator.py took 0.678 seconds
[2022-10-19T15:45:23.695+0000] {processor.py:156} INFO - Started process (PID=1110) to work on /home/airflow/.local/lib/python3.7/site-packages/airflow/example_dags/example_dag_decorator.py
[2022-10-19T15:45:23.703+0000] {processor.py:758} INFO - Processing file /home/airflow/.local/lib/python3.7/site-packages/airflow/example_dags/example_dag_decorator.py for tasks to queue
[2022-10-19T15:45:23.710+0000] {logging_mixin.py:117} INFO - [2022-10-19T15:45:23.710+0000] {dagbag.py:525} INFO - Filling up the DagBag from /home/airflow/.local/lib/python3.7/site-packages/airflow/example_dags/example_dag_decorator.py
[2022-10-19T15:45:23.804+0000] {processor.py:768} INFO - DAG(s) dict_keys(['example_dag_decorator']) retrieved from /home/airflow/.local/lib/python3.7/site-packages/airflow/example_dags/example_dag_decorator.py
[2022-10-19T15:45:24.115+0000] {logging_mixin.py:117} INFO - [2022-10-19T15:45:24.115+0000] {dag.py:2573} INFO - Sync 1 DAGs
[2022-10-19T15:45:24.166+0000] {logging_mixin.py:117} INFO - [2022-10-19T15:45:24.166+0000] {dag.py:3328} INFO - Setting next_dagrun for example_dag_decorator to None, run_after=None
[2022-10-19T15:45:24.262+0000] {processor.py:178} INFO - Processing /home/airflow/.local/lib/python3.7/site-packages/airflow/example_dags/example_dag_decorator.py took 0.572 seconds
[2022-10-19T15:46:44.902+0000] {processor.py:156} INFO - Started process (PID=1174) to work on /home/airflow/.local/lib/python3.7/site-packages/airflow/example_dags/example_dag_decorator.py
[2022-10-19T15:46:45.251+0000] {processor.py:758} INFO - Processing file /home/airflow/.local/lib/python3.7/site-packages/airflow/example_dags/example_dag_decorator.py for tasks to queue
[2022-10-19T15:46:45.267+0000] {logging_mixin.py:117} INFO - [2022-10-19T15:46:45.267+0000] {dagbag.py:525} INFO - Filling up the DagBag from /home/airflow/.local/lib/python3.7/site-packages/airflow/example_dags/example_dag_decorator.py
[2022-10-19T15:46:45.862+0000] {processor.py:768} INFO - DAG(s) dict_keys(['example_dag_decorator']) retrieved from /home/airflow/.local/lib/python3.7/site-packages/airflow/example_dags/example_dag_decorator.py
[2022-10-19T15:46:46.347+0000] {logging_mixin.py:117} INFO - [2022-10-19T15:46:46.347+0000] {dag.py:2573} INFO - Sync 1 DAGs
[2022-10-19T15:46:46.400+0000] {logging_mixin.py:117} INFO - [2022-10-19T15:46:46.400+0000] {dag.py:3328} INFO - Setting next_dagrun for example_dag_decorator to None, run_after=None
[2022-10-19T15:46:46.464+0000] {processor.py:178} INFO - Processing /home/airflow/.local/lib/python3.7/site-packages/airflow/example_dags/example_dag_decorator.py took 1.567 seconds
[2022-10-19T15:47:17.229+0000] {processor.py:156} INFO - Started process (PID=1238) to work on /home/airflow/.local/lib/python3.7/site-packages/airflow/example_dags/example_dag_decorator.py
[2022-10-19T15:47:17.249+0000] {processor.py:758} INFO - Processing file /home/airflow/.local/lib/python3.7/site-packages/airflow/example_dags/example_dag_decorator.py for tasks to queue
[2022-10-19T15:47:17.263+0000] {logging_mixin.py:117} INFO - [2022-10-19T15:47:17.258+0000] {dagbag.py:525} INFO - Filling up the DagBag from /home/airflow/.local/lib/python3.7/site-packages/airflow/example_dags/example_dag_decorator.py
[2022-10-19T15:47:17.366+0000] {processor.py:768} INFO - DAG(s) dict_keys(['example_dag_decorator']) retrieved from /home/airflow/.local/lib/python3.7/site-packages/airflow/example_dags/example_dag_decorator.py
[2022-10-19T15:47:17.572+0000] {logging_mixin.py:117} INFO - [2022-10-19T15:47:17.571+0000] {dag.py:2573} INFO - Sync 1 DAGs
[2022-10-19T15:47:17.601+0000] {logging_mixin.py:117} INFO - [2022-10-19T15:47:17.601+0000] {dag.py:3328} INFO - Setting next_dagrun for example_dag_decorator to None, run_after=None
[2022-10-19T15:47:17.630+0000] {processor.py:178} INFO - Processing /home/airflow/.local/lib/python3.7/site-packages/airflow/example_dags/example_dag_decorator.py took 0.409 seconds
[2022-10-19T15:47:56.094+0000] {processor.py:156} INFO - Started process (PID=1307) to work on /home/airflow/.local/lib/python3.7/site-packages/airflow/example_dags/example_dag_decorator.py
[2022-10-19T15:47:56.108+0000] {processor.py:758} INFO - Processing file /home/airflow/.local/lib/python3.7/site-packages/airflow/example_dags/example_dag_decorator.py for tasks to queue
[2022-10-19T15:47:56.117+0000] {logging_mixin.py:117} INFO - [2022-10-19T15:47:56.116+0000] {dagbag.py:525} INFO - Filling up the DagBag from /home/airflow/.local/lib/python3.7/site-packages/airflow/example_dags/example_dag_decorator.py
[2022-10-19T15:47:56.224+0000] {processor.py:768} INFO - DAG(s) dict_keys(['example_dag_decorator']) retrieved from /home/airflow/.local/lib/python3.7/site-packages/airflow/example_dags/example_dag_decorator.py
[2022-10-19T15:47:56.772+0000] {logging_mixin.py:117} INFO - [2022-10-19T15:47:56.771+0000] {dag.py:2573} INFO - Sync 1 DAGs
[2022-10-19T15:47:56.857+0000] {logging_mixin.py:117} INFO - [2022-10-19T15:47:56.857+0000] {dag.py:3328} INFO - Setting next_dagrun for example_dag_decorator to None, run_after=None
[2022-10-19T15:47:57.019+0000] {processor.py:178} INFO - Processing /home/airflow/.local/lib/python3.7/site-packages/airflow/example_dags/example_dag_decorator.py took 0.938 seconds
[2022-10-19T15:48:27.720+0000] {processor.py:156} INFO - Started process (PID=1363) to work on /home/airflow/.local/lib/python3.7/site-packages/airflow/example_dags/example_dag_decorator.py
[2022-10-19T15:48:27.739+0000] {processor.py:758} INFO - Processing file /home/airflow/.local/lib/python3.7/site-packages/airflow/example_dags/example_dag_decorator.py for tasks to queue
[2022-10-19T15:48:27.747+0000] {logging_mixin.py:117} INFO - [2022-10-19T15:48:27.747+0000] {dagbag.py:525} INFO - Filling up the DagBag from /home/airflow/.local/lib/python3.7/site-packages/airflow/example_dags/example_dag_decorator.py
[2022-10-19T15:48:28.029+0000] {processor.py:768} INFO - DAG(s) dict_keys(['example_dag_decorator']) retrieved from /home/airflow/.local/lib/python3.7/site-packages/airflow/example_dags/example_dag_decorator.py
[2022-10-19T15:48:28.565+0000] {logging_mixin.py:117} INFO - [2022-10-19T15:48:28.565+0000] {dag.py:2573} INFO - Sync 1 DAGs
[2022-10-19T15:48:30.492+0000] {logging_mixin.py:117} INFO - [2022-10-19T15:48:29.901+0000] {dag.py:3328} INFO - Setting next_dagrun for example_dag_decorator to None, run_after=None
[2022-10-19T15:48:31.139+0000] {processor.py:178} INFO - Processing /home/airflow/.local/lib/python3.7/site-packages/airflow/example_dags/example_dag_decorator.py took 3.429 seconds
[2022-10-19T15:51:32.600+0000] {processor.py:156} INFO - Started process (PID=1486) to work on /home/airflow/.local/lib/python3.7/site-packages/airflow/example_dags/example_dag_decorator.py
[2022-10-19T15:51:32.604+0000] {processor.py:758} INFO - Processing file /home/airflow/.local/lib/python3.7/site-packages/airflow/example_dags/example_dag_decorator.py for tasks to queue
[2022-10-19T15:51:32.606+0000] {logging_mixin.py:117} INFO - [2022-10-19T15:51:32.606+0000] {dagbag.py:525} INFO - Filling up the DagBag from /home/airflow/.local/lib/python3.7/site-packages/airflow/example_dags/example_dag_decorator.py
[2022-10-19T15:51:32.687+0000] {processor.py:768} INFO - DAG(s) dict_keys(['example_dag_decorator']) retrieved from /home/airflow/.local/lib/python3.7/site-packages/airflow/example_dags/example_dag_decorator.py
[2022-10-19T15:51:32.804+0000] {logging_mixin.py:117} INFO - [2022-10-19T15:51:32.804+0000] {dag.py:2573} INFO - Sync 1 DAGs
[2022-10-19T15:51:32.826+0000] {logging_mixin.py:117} INFO - [2022-10-19T15:51:32.825+0000] {dag.py:3328} INFO - Setting next_dagrun for example_dag_decorator to None, run_after=None
[2022-10-19T15:51:32.852+0000] {processor.py:178} INFO - Processing /home/airflow/.local/lib/python3.7/site-packages/airflow/example_dags/example_dag_decorator.py took 0.257 seconds
[2022-10-19T15:59:17.380+0000] {processor.py:156} INFO - Started process (PID=133) to work on /home/airflow/.local/lib/python3.7/site-packages/airflow/example_dags/example_dag_decorator.py
[2022-10-19T15:59:17.384+0000] {processor.py:758} INFO - Processing file /home/airflow/.local/lib/python3.7/site-packages/airflow/example_dags/example_dag_decorator.py for tasks to queue
[2022-10-19T15:59:17.386+0000] {logging_mixin.py:117} INFO - [2022-10-19T15:59:17.385+0000] {dagbag.py:525} INFO - Filling up the DagBag from /home/airflow/.local/lib/python3.7/site-packages/airflow/example_dags/example_dag_decorator.py
[2022-10-19T15:59:17.440+0000] {processor.py:768} INFO - DAG(s) dict_keys(['example_dag_decorator']) retrieved from /home/airflow/.local/lib/python3.7/site-packages/airflow/example_dags/example_dag_decorator.py
[2022-10-19T15:59:17.528+0000] {logging_mixin.py:117} INFO - [2022-10-19T15:59:17.528+0000] {dag.py:2573} INFO - Sync 1 DAGs
[2022-10-19T15:59:17.559+0000] {logging_mixin.py:117} INFO - [2022-10-19T15:59:17.559+0000] {dag.py:3328} INFO - Setting next_dagrun for example_dag_decorator to None, run_after=None
[2022-10-19T15:59:17.581+0000] {processor.py:178} INFO - Processing /home/airflow/.local/lib/python3.7/site-packages/airflow/example_dags/example_dag_decorator.py took 0.204 seconds
[2022-10-19T15:59:48.774+0000] {processor.py:156} INFO - Started process (PID=198) to work on /home/airflow/.local/lib/python3.7/site-packages/airflow/example_dags/example_dag_decorator.py
[2022-10-19T15:59:48.780+0000] {processor.py:758} INFO - Processing file /home/airflow/.local/lib/python3.7/site-packages/airflow/example_dags/example_dag_decorator.py for tasks to queue
[2022-10-19T15:59:48.783+0000] {logging_mixin.py:117} INFO - [2022-10-19T15:59:48.783+0000] {dagbag.py:525} INFO - Filling up the DagBag from /home/airflow/.local/lib/python3.7/site-packages/airflow/example_dags/example_dag_decorator.py
[2022-10-19T15:59:48.851+0000] {processor.py:768} INFO - DAG(s) dict_keys(['example_dag_decorator']) retrieved from /home/airflow/.local/lib/python3.7/site-packages/airflow/example_dags/example_dag_decorator.py
[2022-10-19T15:59:48.983+0000] {logging_mixin.py:117} INFO - [2022-10-19T15:59:48.983+0000] {dag.py:2573} INFO - Sync 1 DAGs
[2022-10-19T15:59:49.008+0000] {logging_mixin.py:117} INFO - [2022-10-19T15:59:49.008+0000] {dag.py:3328} INFO - Setting next_dagrun for example_dag_decorator to None, run_after=None
[2022-10-19T15:59:49.034+0000] {processor.py:178} INFO - Processing /home/airflow/.local/lib/python3.7/site-packages/airflow/example_dags/example_dag_decorator.py took 0.263 seconds
[2022-10-19T16:00:23.935+0000] {processor.py:156} INFO - Started process (PID=263) to work on /home/airflow/.local/lib/python3.7/site-packages/airflow/example_dags/example_dag_decorator.py
[2022-10-19T16:00:23.941+0000] {processor.py:758} INFO - Processing file /home/airflow/.local/lib/python3.7/site-packages/airflow/example_dags/example_dag_decorator.py for tasks to queue
[2022-10-19T16:00:23.942+0000] {logging_mixin.py:117} INFO - [2022-10-19T16:00:23.942+0000] {dagbag.py:525} INFO - Filling up the DagBag from /home/airflow/.local/lib/python3.7/site-packages/airflow/example_dags/example_dag_decorator.py
[2022-10-19T16:00:23.969+0000] {processor.py:768} INFO - DAG(s) dict_keys(['example_dag_decorator']) retrieved from /home/airflow/.local/lib/python3.7/site-packages/airflow/example_dags/example_dag_decorator.py
[2022-10-19T16:00:24.044+0000] {logging_mixin.py:117} INFO - [2022-10-19T16:00:24.044+0000] {dag.py:2573} INFO - Sync 1 DAGs
[2022-10-19T16:00:24.071+0000] {logging_mixin.py:117} INFO - [2022-10-19T16:00:24.071+0000] {dag.py:3328} INFO - Setting next_dagrun for example_dag_decorator to None, run_after=None
[2022-10-19T16:00:24.091+0000] {processor.py:178} INFO - Processing /home/airflow/.local/lib/python3.7/site-packages/airflow/example_dags/example_dag_decorator.py took 0.157 seconds
[2022-10-19T16:00:54.164+0000] {processor.py:156} INFO - Started process (PID=319) to work on /home/airflow/.local/lib/python3.7/site-packages/airflow/example_dags/example_dag_decorator.py
[2022-10-19T16:00:54.166+0000] {processor.py:758} INFO - Processing file /home/airflow/.local/lib/python3.7/site-packages/airflow/example_dags/example_dag_decorator.py for tasks to queue
[2022-10-19T16:00:54.167+0000] {logging_mixin.py:117} INFO - [2022-10-19T16:00:54.167+0000] {dagbag.py:525} INFO - Filling up the DagBag from /home/airflow/.local/lib/python3.7/site-packages/airflow/example_dags/example_dag_decorator.py
[2022-10-19T16:00:54.185+0000] {processor.py:768} INFO - DAG(s) dict_keys(['example_dag_decorator']) retrieved from /home/airflow/.local/lib/python3.7/site-packages/airflow/example_dags/example_dag_decorator.py
[2022-10-19T16:00:54.259+0000] {logging_mixin.py:117} INFO - [2022-10-19T16:00:54.259+0000] {dag.py:2573} INFO - Sync 1 DAGs
[2022-10-19T16:00:54.282+0000] {logging_mixin.py:117} INFO - [2022-10-19T16:00:54.281+0000] {dag.py:3328} INFO - Setting next_dagrun for example_dag_decorator to None, run_after=None
[2022-10-19T16:00:54.298+0000] {processor.py:178} INFO - Processing /home/airflow/.local/lib/python3.7/site-packages/airflow/example_dags/example_dag_decorator.py took 0.136 seconds
[2022-10-19T16:01:25.245+0000] {processor.py:156} INFO - Started process (PID=384) to work on /home/airflow/.local/lib/python3.7/site-packages/airflow/example_dags/example_dag_decorator.py
[2022-10-19T16:01:25.251+0000] {processor.py:758} INFO - Processing file /home/airflow/.local/lib/python3.7/site-packages/airflow/example_dags/example_dag_decorator.py for tasks to queue
[2022-10-19T16:01:25.253+0000] {logging_mixin.py:117} INFO - [2022-10-19T16:01:25.253+0000] {dagbag.py:525} INFO - Filling up the DagBag from /home/airflow/.local/lib/python3.7/site-packages/airflow/example_dags/example_dag_decorator.py
[2022-10-19T16:01:25.280+0000] {processor.py:768} INFO - DAG(s) dict_keys(['example_dag_decorator']) retrieved from /home/airflow/.local/lib/python3.7/site-packages/airflow/example_dags/example_dag_decorator.py
[2022-10-19T16:01:25.344+0000] {logging_mixin.py:117} INFO - [2022-10-19T16:01:25.344+0000] {dag.py:2573} INFO - Sync 1 DAGs
[2022-10-19T16:01:25.422+0000] {logging_mixin.py:117} INFO - [2022-10-19T16:01:25.421+0000] {dag.py:3328} INFO - Setting next_dagrun for example_dag_decorator to None, run_after=None
[2022-10-19T16:01:25.439+0000] {processor.py:178} INFO - Processing /home/airflow/.local/lib/python3.7/site-packages/airflow/example_dags/example_dag_decorator.py took 0.197 seconds
[2022-10-19T16:01:55.503+0000] {processor.py:156} INFO - Started process (PID=450) to work on /home/airflow/.local/lib/python3.7/site-packages/airflow/example_dags/example_dag_decorator.py
[2022-10-19T16:01:55.505+0000] {processor.py:758} INFO - Processing file /home/airflow/.local/lib/python3.7/site-packages/airflow/example_dags/example_dag_decorator.py for tasks to queue
[2022-10-19T16:01:55.507+0000] {logging_mixin.py:117} INFO - [2022-10-19T16:01:55.507+0000] {dagbag.py:525} INFO - Filling up the DagBag from /home/airflow/.local/lib/python3.7/site-packages/airflow/example_dags/example_dag_decorator.py
[2022-10-19T16:01:55.548+0000] {processor.py:768} INFO - DAG(s) dict_keys(['example_dag_decorator']) retrieved from /home/airflow/.local/lib/python3.7/site-packages/airflow/example_dags/example_dag_decorator.py
[2022-10-19T16:01:55.706+0000] {logging_mixin.py:117} INFO - [2022-10-19T16:01:55.705+0000] {dag.py:2573} INFO - Sync 1 DAGs
[2022-10-19T16:01:55.769+0000] {logging_mixin.py:117} INFO - [2022-10-19T16:01:55.768+0000] {dag.py:3328} INFO - Setting next_dagrun for example_dag_decorator to None, run_after=None
[2022-10-19T16:01:55.811+0000] {processor.py:178} INFO - Processing /home/airflow/.local/lib/python3.7/site-packages/airflow/example_dags/example_dag_decorator.py took 0.312 seconds
[2022-10-19T16:02:25.890+0000] {processor.py:156} INFO - Started process (PID=507) to work on /home/airflow/.local/lib/python3.7/site-packages/airflow/example_dags/example_dag_decorator.py
[2022-10-19T16:02:25.891+0000] {processor.py:758} INFO - Processing file /home/airflow/.local/lib/python3.7/site-packages/airflow/example_dags/example_dag_decorator.py for tasks to queue
[2022-10-19T16:02:25.892+0000] {logging_mixin.py:117} INFO - [2022-10-19T16:02:25.892+0000] {dagbag.py:525} INFO - Filling up the DagBag from /home/airflow/.local/lib/python3.7/site-packages/airflow/example_dags/example_dag_decorator.py
[2022-10-19T16:02:25.915+0000] {processor.py:768} INFO - DAG(s) dict_keys(['example_dag_decorator']) retrieved from /home/airflow/.local/lib/python3.7/site-packages/airflow/example_dags/example_dag_decorator.py
[2022-10-19T16:02:25.969+0000] {logging_mixin.py:117} INFO - [2022-10-19T16:02:25.969+0000] {dag.py:2573} INFO - Sync 1 DAGs
[2022-10-19T16:02:25.984+0000] {logging_mixin.py:117} INFO - [2022-10-19T16:02:25.984+0000] {dag.py:3328} INFO - Setting next_dagrun for example_dag_decorator to None, run_after=None
[2022-10-19T16:02:25.997+0000] {processor.py:178} INFO - Processing /home/airflow/.local/lib/python3.7/site-packages/airflow/example_dags/example_dag_decorator.py took 0.110 seconds
[2022-10-19T16:02:56.143+0000] {processor.py:156} INFO - Started process (PID=571) to work on /home/airflow/.local/lib/python3.7/site-packages/airflow/example_dags/example_dag_decorator.py
[2022-10-19T16:02:56.146+0000] {processor.py:758} INFO - Processing file /home/airflow/.local/lib/python3.7/site-packages/airflow/example_dags/example_dag_decorator.py for tasks to queue
[2022-10-19T16:02:56.147+0000] {logging_mixin.py:117} INFO - [2022-10-19T16:02:56.147+0000] {dagbag.py:525} INFO - Filling up the DagBag from /home/airflow/.local/lib/python3.7/site-packages/airflow/example_dags/example_dag_decorator.py
[2022-10-19T16:02:56.165+0000] {processor.py:768} INFO - DAG(s) dict_keys(['example_dag_decorator']) retrieved from /home/airflow/.local/lib/python3.7/site-packages/airflow/example_dags/example_dag_decorator.py
[2022-10-19T16:02:56.216+0000] {logging_mixin.py:117} INFO - [2022-10-19T16:02:56.216+0000] {dag.py:2573} INFO - Sync 1 DAGs
[2022-10-19T16:02:56.233+0000] {logging_mixin.py:117} INFO - [2022-10-19T16:02:56.233+0000] {dag.py:3328} INFO - Setting next_dagrun for example_dag_decorator to None, run_after=None
[2022-10-19T16:02:56.249+0000] {processor.py:178} INFO - Processing /home/airflow/.local/lib/python3.7/site-packages/airflow/example_dags/example_dag_decorator.py took 0.108 seconds
[2022-10-19T16:03:27.016+0000] {processor.py:156} INFO - Started process (PID=636) to work on /home/airflow/.local/lib/python3.7/site-packages/airflow/example_dags/example_dag_decorator.py
[2022-10-19T16:03:27.019+0000] {processor.py:758} INFO - Processing file /home/airflow/.local/lib/python3.7/site-packages/airflow/example_dags/example_dag_decorator.py for tasks to queue
[2022-10-19T16:03:27.020+0000] {logging_mixin.py:117} INFO - [2022-10-19T16:03:27.020+0000] {dagbag.py:525} INFO - Filling up the DagBag from /home/airflow/.local/lib/python3.7/site-packages/airflow/example_dags/example_dag_decorator.py
[2022-10-19T16:03:27.064+0000] {processor.py:768} INFO - DAG(s) dict_keys(['example_dag_decorator']) retrieved from /home/airflow/.local/lib/python3.7/site-packages/airflow/example_dags/example_dag_decorator.py
[2022-10-19T16:03:27.141+0000] {logging_mixin.py:117} INFO - [2022-10-19T16:03:27.141+0000] {dag.py:2573} INFO - Sync 1 DAGs
[2022-10-19T16:03:27.158+0000] {logging_mixin.py:117} INFO - [2022-10-19T16:03:27.158+0000] {dag.py:3328} INFO - Setting next_dagrun for example_dag_decorator to None, run_after=None
[2022-10-19T16:03:27.187+0000] {processor.py:178} INFO - Processing /home/airflow/.local/lib/python3.7/site-packages/airflow/example_dags/example_dag_decorator.py took 0.174 seconds
[2022-10-19T16:03:57.372+0000] {processor.py:156} INFO - Started process (PID=702) to work on /home/airflow/.local/lib/python3.7/site-packages/airflow/example_dags/example_dag_decorator.py
[2022-10-19T16:03:57.374+0000] {processor.py:758} INFO - Processing file /home/airflow/.local/lib/python3.7/site-packages/airflow/example_dags/example_dag_decorator.py for tasks to queue
[2022-10-19T16:03:57.375+0000] {logging_mixin.py:117} INFO - [2022-10-19T16:03:57.375+0000] {dagbag.py:525} INFO - Filling up the DagBag from /home/airflow/.local/lib/python3.7/site-packages/airflow/example_dags/example_dag_decorator.py
[2022-10-19T16:03:57.396+0000] {processor.py:768} INFO - DAG(s) dict_keys(['example_dag_decorator']) retrieved from /home/airflow/.local/lib/python3.7/site-packages/airflow/example_dags/example_dag_decorator.py
[2022-10-19T16:03:57.446+0000] {logging_mixin.py:117} INFO - [2022-10-19T16:03:57.446+0000] {dag.py:2573} INFO - Sync 1 DAGs
[2022-10-19T16:03:57.469+0000] {logging_mixin.py:117} INFO - [2022-10-19T16:03:57.469+0000] {dag.py:3328} INFO - Setting next_dagrun for example_dag_decorator to None, run_after=None
[2022-10-19T16:03:57.494+0000] {processor.py:178} INFO - Processing /home/airflow/.local/lib/python3.7/site-packages/airflow/example_dags/example_dag_decorator.py took 0.125 seconds
[2022-10-19T16:04:28.206+0000] {processor.py:156} INFO - Started process (PID=766) to work on /home/airflow/.local/lib/python3.7/site-packages/airflow/example_dags/example_dag_decorator.py
[2022-10-19T16:04:28.210+0000] {processor.py:758} INFO - Processing file /home/airflow/.local/lib/python3.7/site-packages/airflow/example_dags/example_dag_decorator.py for tasks to queue
[2022-10-19T16:04:28.215+0000] {logging_mixin.py:117} INFO - [2022-10-19T16:04:28.215+0000] {dagbag.py:525} INFO - Filling up the DagBag from /home/airflow/.local/lib/python3.7/site-packages/airflow/example_dags/example_dag_decorator.py
[2022-10-19T16:04:28.236+0000] {processor.py:768} INFO - DAG(s) dict_keys(['example_dag_decorator']) retrieved from /home/airflow/.local/lib/python3.7/site-packages/airflow/example_dags/example_dag_decorator.py
[2022-10-19T16:04:28.301+0000] {logging_mixin.py:117} INFO - [2022-10-19T16:04:28.301+0000] {dag.py:2573} INFO - Sync 1 DAGs
[2022-10-19T16:04:28.324+0000] {logging_mixin.py:117} INFO - [2022-10-19T16:04:28.324+0000] {dag.py:3328} INFO - Setting next_dagrun for example_dag_decorator to None, run_after=None
[2022-10-19T16:04:28.360+0000] {processor.py:178} INFO - Processing /home/airflow/.local/lib/python3.7/site-packages/airflow/example_dags/example_dag_decorator.py took 0.156 seconds
[2022-10-19T16:04:58.851+0000] {processor.py:156} INFO - Started process (PID=822) to work on /home/airflow/.local/lib/python3.7/site-packages/airflow/example_dags/example_dag_decorator.py
[2022-10-19T16:04:58.852+0000] {processor.py:758} INFO - Processing file /home/airflow/.local/lib/python3.7/site-packages/airflow/example_dags/example_dag_decorator.py for tasks to queue
[2022-10-19T16:04:58.853+0000] {logging_mixin.py:117} INFO - [2022-10-19T16:04:58.853+0000] {dagbag.py:525} INFO - Filling up the DagBag from /home/airflow/.local/lib/python3.7/site-packages/airflow/example_dags/example_dag_decorator.py
[2022-10-19T16:04:58.882+0000] {processor.py:768} INFO - DAG(s) dict_keys(['example_dag_decorator']) retrieved from /home/airflow/.local/lib/python3.7/site-packages/airflow/example_dags/example_dag_decorator.py
[2022-10-19T16:04:58.937+0000] {logging_mixin.py:117} INFO - [2022-10-19T16:04:58.937+0000] {dag.py:2573} INFO - Sync 1 DAGs
[2022-10-19T16:04:58.953+0000] {logging_mixin.py:117} INFO - [2022-10-19T16:04:58.953+0000] {dag.py:3328} INFO - Setting next_dagrun for example_dag_decorator to None, run_after=None
[2022-10-19T16:04:58.967+0000] {processor.py:178} INFO - Processing /home/airflow/.local/lib/python3.7/site-packages/airflow/example_dags/example_dag_decorator.py took 0.118 seconds
[2022-10-19T16:05:30.143+0000] {processor.py:156} INFO - Started process (PID=888) to work on /home/airflow/.local/lib/python3.7/site-packages/airflow/example_dags/example_dag_decorator.py
[2022-10-19T16:05:30.145+0000] {processor.py:758} INFO - Processing file /home/airflow/.local/lib/python3.7/site-packages/airflow/example_dags/example_dag_decorator.py for tasks to queue
[2022-10-19T16:05:30.148+0000] {logging_mixin.py:117} INFO - [2022-10-19T16:05:30.148+0000] {dagbag.py:525} INFO - Filling up the DagBag from /home/airflow/.local/lib/python3.7/site-packages/airflow/example_dags/example_dag_decorator.py
[2022-10-19T16:05:30.183+0000] {processor.py:768} INFO - DAG(s) dict_keys(['example_dag_decorator']) retrieved from /home/airflow/.local/lib/python3.7/site-packages/airflow/example_dags/example_dag_decorator.py
[2022-10-19T16:05:30.258+0000] {logging_mixin.py:117} INFO - [2022-10-19T16:05:30.258+0000] {dag.py:2573} INFO - Sync 1 DAGs
[2022-10-19T16:05:30.275+0000] {logging_mixin.py:117} INFO - [2022-10-19T16:05:30.274+0000] {dag.py:3328} INFO - Setting next_dagrun for example_dag_decorator to None, run_after=None
[2022-10-19T16:05:30.289+0000] {processor.py:178} INFO - Processing /home/airflow/.local/lib/python3.7/site-packages/airflow/example_dags/example_dag_decorator.py took 0.148 seconds
[2022-10-19T16:06:00.758+0000] {processor.py:156} INFO - Started process (PID=952) to work on /home/airflow/.local/lib/python3.7/site-packages/airflow/example_dags/example_dag_decorator.py
[2022-10-19T16:06:00.760+0000] {processor.py:758} INFO - Processing file /home/airflow/.local/lib/python3.7/site-packages/airflow/example_dags/example_dag_decorator.py for tasks to queue
[2022-10-19T16:06:00.762+0000] {logging_mixin.py:117} INFO - [2022-10-19T16:06:00.762+0000] {dagbag.py:525} INFO - Filling up the DagBag from /home/airflow/.local/lib/python3.7/site-packages/airflow/example_dags/example_dag_decorator.py
[2022-10-19T16:06:00.785+0000] {processor.py:768} INFO - DAG(s) dict_keys(['example_dag_decorator']) retrieved from /home/airflow/.local/lib/python3.7/site-packages/airflow/example_dags/example_dag_decorator.py
[2022-10-19T16:06:00.843+0000] {logging_mixin.py:117} INFO - [2022-10-19T16:06:00.843+0000] {dag.py:2573} INFO - Sync 1 DAGs
[2022-10-19T16:06:00.860+0000] {logging_mixin.py:117} INFO - [2022-10-19T16:06:00.860+0000] {dag.py:3328} INFO - Setting next_dagrun for example_dag_decorator to None, run_after=None
[2022-10-19T16:06:00.891+0000] {processor.py:178} INFO - Processing /home/airflow/.local/lib/python3.7/site-packages/airflow/example_dags/example_dag_decorator.py took 0.136 seconds
[2022-10-19T16:06:31.144+0000] {processor.py:156} INFO - Started process (PID=1017) to work on /home/airflow/.local/lib/python3.7/site-packages/airflow/example_dags/example_dag_decorator.py
[2022-10-19T16:06:31.152+0000] {processor.py:758} INFO - Processing file /home/airflow/.local/lib/python3.7/site-packages/airflow/example_dags/example_dag_decorator.py for tasks to queue
[2022-10-19T16:06:31.157+0000] {logging_mixin.py:117} INFO - [2022-10-19T16:06:31.156+0000] {dagbag.py:525} INFO - Filling up the DagBag from /home/airflow/.local/lib/python3.7/site-packages/airflow/example_dags/example_dag_decorator.py
[2022-10-19T16:06:31.201+0000] {processor.py:768} INFO - DAG(s) dict_keys(['example_dag_decorator']) retrieved from /home/airflow/.local/lib/python3.7/site-packages/airflow/example_dags/example_dag_decorator.py
[2022-10-19T16:06:31.309+0000] {logging_mixin.py:117} INFO - [2022-10-19T16:06:31.308+0000] {dag.py:2573} INFO - Sync 1 DAGs
[2022-10-19T16:06:31.342+0000] {logging_mixin.py:117} INFO - [2022-10-19T16:06:31.342+0000] {dag.py:3328} INFO - Setting next_dagrun for example_dag_decorator to None, run_after=None
[2022-10-19T16:06:31.382+0000] {processor.py:178} INFO - Processing /home/airflow/.local/lib/python3.7/site-packages/airflow/example_dags/example_dag_decorator.py took 0.244 seconds
[2022-10-19T16:07:02.622+0000] {processor.py:156} INFO - Started process (PID=1083) to work on /home/airflow/.local/lib/python3.7/site-packages/airflow/example_dags/example_dag_decorator.py
[2022-10-19T16:07:02.626+0000] {processor.py:758} INFO - Processing file /home/airflow/.local/lib/python3.7/site-packages/airflow/example_dags/example_dag_decorator.py for tasks to queue
[2022-10-19T16:07:02.629+0000] {logging_mixin.py:117} INFO - [2022-10-19T16:07:02.629+0000] {dagbag.py:525} INFO - Filling up the DagBag from /home/airflow/.local/lib/python3.7/site-packages/airflow/example_dags/example_dag_decorator.py
[2022-10-19T16:07:02.690+0000] {processor.py:768} INFO - DAG(s) dict_keys(['example_dag_decorator']) retrieved from /home/airflow/.local/lib/python3.7/site-packages/airflow/example_dags/example_dag_decorator.py
[2022-10-19T16:07:03.045+0000] {logging_mixin.py:117} INFO - [2022-10-19T16:07:03.044+0000] {dag.py:2573} INFO - Sync 1 DAGs
[2022-10-19T16:07:03.373+0000] {logging_mixin.py:117} INFO - [2022-10-19T16:07:03.364+0000] {dag.py:3328} INFO - Setting next_dagrun for example_dag_decorator to None, run_after=None
[2022-10-19T16:07:03.513+0000] {processor.py:178} INFO - Processing /home/airflow/.local/lib/python3.7/site-packages/airflow/example_dags/example_dag_decorator.py took 0.894 seconds
[2022-10-19T16:07:33.754+0000] {processor.py:156} INFO - Started process (PID=1138) to work on /home/airflow/.local/lib/python3.7/site-packages/airflow/example_dags/example_dag_decorator.py
[2022-10-19T16:07:33.755+0000] {processor.py:758} INFO - Processing file /home/airflow/.local/lib/python3.7/site-packages/airflow/example_dags/example_dag_decorator.py for tasks to queue
[2022-10-19T16:07:33.756+0000] {logging_mixin.py:117} INFO - [2022-10-19T16:07:33.756+0000] {dagbag.py:525} INFO - Filling up the DagBag from /home/airflow/.local/lib/python3.7/site-packages/airflow/example_dags/example_dag_decorator.py
[2022-10-19T16:07:33.812+0000] {processor.py:768} INFO - DAG(s) dict_keys(['example_dag_decorator']) retrieved from /home/airflow/.local/lib/python3.7/site-packages/airflow/example_dags/example_dag_decorator.py
[2022-10-19T16:07:33.886+0000] {logging_mixin.py:117} INFO - [2022-10-19T16:07:33.886+0000] {dag.py:2573} INFO - Sync 1 DAGs
[2022-10-19T16:07:33.903+0000] {logging_mixin.py:117} INFO - [2022-10-19T16:07:33.903+0000] {dag.py:3328} INFO - Setting next_dagrun for example_dag_decorator to None, run_after=None
[2022-10-19T16:07:33.924+0000] {processor.py:178} INFO - Processing /home/airflow/.local/lib/python3.7/site-packages/airflow/example_dags/example_dag_decorator.py took 0.174 seconds
[2022-10-19T16:08:04.538+0000] {processor.py:156} INFO - Started process (PID=1203) to work on /home/airflow/.local/lib/python3.7/site-packages/airflow/example_dags/example_dag_decorator.py
[2022-10-19T16:08:04.540+0000] {processor.py:758} INFO - Processing file /home/airflow/.local/lib/python3.7/site-packages/airflow/example_dags/example_dag_decorator.py for tasks to queue
[2022-10-19T16:08:04.541+0000] {logging_mixin.py:117} INFO - [2022-10-19T16:08:04.541+0000] {dagbag.py:525} INFO - Filling up the DagBag from /home/airflow/.local/lib/python3.7/site-packages/airflow/example_dags/example_dag_decorator.py
[2022-10-19T16:08:04.590+0000] {processor.py:768} INFO - DAG(s) dict_keys(['example_dag_decorator']) retrieved from /home/airflow/.local/lib/python3.7/site-packages/airflow/example_dags/example_dag_decorator.py
[2022-10-19T16:08:04.771+0000] {logging_mixin.py:117} INFO - [2022-10-19T16:08:04.770+0000] {dag.py:2573} INFO - Sync 1 DAGs
[2022-10-19T16:08:04.823+0000] {logging_mixin.py:117} INFO - [2022-10-19T16:08:04.823+0000] {dag.py:3328} INFO - Setting next_dagrun for example_dag_decorator to None, run_after=None
[2022-10-19T16:08:04.855+0000] {processor.py:178} INFO - Processing /home/airflow/.local/lib/python3.7/site-packages/airflow/example_dags/example_dag_decorator.py took 0.319 seconds
[2022-10-19T16:08:34.977+0000] {processor.py:156} INFO - Started process (PID=1268) to work on /home/airflow/.local/lib/python3.7/site-packages/airflow/example_dags/example_dag_decorator.py
[2022-10-19T16:08:34.980+0000] {processor.py:758} INFO - Processing file /home/airflow/.local/lib/python3.7/site-packages/airflow/example_dags/example_dag_decorator.py for tasks to queue
[2022-10-19T16:08:34.982+0000] {logging_mixin.py:117} INFO - [2022-10-19T16:08:34.982+0000] {dagbag.py:525} INFO - Filling up the DagBag from /home/airflow/.local/lib/python3.7/site-packages/airflow/example_dags/example_dag_decorator.py
[2022-10-19T16:08:35.017+0000] {processor.py:768} INFO - DAG(s) dict_keys(['example_dag_decorator']) retrieved from /home/airflow/.local/lib/python3.7/site-packages/airflow/example_dags/example_dag_decorator.py
[2022-10-19T16:08:35.114+0000] {logging_mixin.py:117} INFO - [2022-10-19T16:08:35.113+0000] {dag.py:2573} INFO - Sync 1 DAGs
[2022-10-19T16:08:35.139+0000] {logging_mixin.py:117} INFO - [2022-10-19T16:08:35.139+0000] {dag.py:3328} INFO - Setting next_dagrun for example_dag_decorator to None, run_after=None
[2022-10-19T16:08:35.157+0000] {processor.py:178} INFO - Processing /home/airflow/.local/lib/python3.7/site-packages/airflow/example_dags/example_dag_decorator.py took 0.184 seconds
[2022-10-19T16:09:05.530+0000] {processor.py:156} INFO - Started process (PID=1333) to work on /home/airflow/.local/lib/python3.7/site-packages/airflow/example_dags/example_dag_decorator.py
[2022-10-19T16:09:05.532+0000] {processor.py:758} INFO - Processing file /home/airflow/.local/lib/python3.7/site-packages/airflow/example_dags/example_dag_decorator.py for tasks to queue
[2022-10-19T16:09:05.533+0000] {logging_mixin.py:117} INFO - [2022-10-19T16:09:05.533+0000] {dagbag.py:525} INFO - Filling up the DagBag from /home/airflow/.local/lib/python3.7/site-packages/airflow/example_dags/example_dag_decorator.py
[2022-10-19T16:09:05.570+0000] {processor.py:768} INFO - DAG(s) dict_keys(['example_dag_decorator']) retrieved from /home/airflow/.local/lib/python3.7/site-packages/airflow/example_dags/example_dag_decorator.py
[2022-10-19T16:09:05.650+0000] {logging_mixin.py:117} INFO - [2022-10-19T16:09:05.650+0000] {dag.py:2573} INFO - Sync 1 DAGs
[2022-10-19T16:09:05.679+0000] {logging_mixin.py:117} INFO - [2022-10-19T16:09:05.679+0000] {dag.py:3328} INFO - Setting next_dagrun for example_dag_decorator to None, run_after=None
[2022-10-19T16:09:05.709+0000] {processor.py:178} INFO - Processing /home/airflow/.local/lib/python3.7/site-packages/airflow/example_dags/example_dag_decorator.py took 0.184 seconds
[2022-10-19T16:09:36.001+0000] {processor.py:156} INFO - Started process (PID=1389) to work on /home/airflow/.local/lib/python3.7/site-packages/airflow/example_dags/example_dag_decorator.py
[2022-10-19T16:09:36.005+0000] {processor.py:758} INFO - Processing file /home/airflow/.local/lib/python3.7/site-packages/airflow/example_dags/example_dag_decorator.py for tasks to queue
[2022-10-19T16:09:36.007+0000] {logging_mixin.py:117} INFO - [2022-10-19T16:09:36.007+0000] {dagbag.py:525} INFO - Filling up the DagBag from /home/airflow/.local/lib/python3.7/site-packages/airflow/example_dags/example_dag_decorator.py
[2022-10-19T16:09:36.049+0000] {processor.py:768} INFO - DAG(s) dict_keys(['example_dag_decorator']) retrieved from /home/airflow/.local/lib/python3.7/site-packages/airflow/example_dags/example_dag_decorator.py
[2022-10-19T16:09:36.185+0000] {logging_mixin.py:117} INFO - [2022-10-19T16:09:36.184+0000] {dag.py:2573} INFO - Sync 1 DAGs
[2022-10-19T16:09:36.215+0000] {logging_mixin.py:117} INFO - [2022-10-19T16:09:36.215+0000] {dag.py:3328} INFO - Setting next_dagrun for example_dag_decorator to None, run_after=None
[2022-10-19T16:09:36.240+0000] {processor.py:178} INFO - Processing /home/airflow/.local/lib/python3.7/site-packages/airflow/example_dags/example_dag_decorator.py took 0.243 seconds
[2022-10-19T16:10:06.860+0000] {processor.py:156} INFO - Started process (PID=1456) to work on /home/airflow/.local/lib/python3.7/site-packages/airflow/example_dags/example_dag_decorator.py
[2022-10-19T16:10:06.862+0000] {processor.py:758} INFO - Processing file /home/airflow/.local/lib/python3.7/site-packages/airflow/example_dags/example_dag_decorator.py for tasks to queue
[2022-10-19T16:10:06.863+0000] {logging_mixin.py:117} INFO - [2022-10-19T16:10:06.863+0000] {dagbag.py:525} INFO - Filling up the DagBag from /home/airflow/.local/lib/python3.7/site-packages/airflow/example_dags/example_dag_decorator.py
[2022-10-19T16:10:06.901+0000] {processor.py:768} INFO - DAG(s) dict_keys(['example_dag_decorator']) retrieved from /home/airflow/.local/lib/python3.7/site-packages/airflow/example_dags/example_dag_decorator.py
[2022-10-19T16:10:06.985+0000] {logging_mixin.py:117} INFO - [2022-10-19T16:10:06.985+0000] {dag.py:2573} INFO - Sync 1 DAGs
[2022-10-19T16:10:07.002+0000] {logging_mixin.py:117} INFO - [2022-10-19T16:10:07.002+0000] {dag.py:3328} INFO - Setting next_dagrun for example_dag_decorator to None, run_after=None
[2022-10-19T16:10:07.018+0000] {processor.py:178} INFO - Processing /home/airflow/.local/lib/python3.7/site-packages/airflow/example_dags/example_dag_decorator.py took 0.162 seconds
[2022-10-19T16:10:37.344+0000] {processor.py:156} INFO - Started process (PID=1521) to work on /home/airflow/.local/lib/python3.7/site-packages/airflow/example_dags/example_dag_decorator.py
[2022-10-19T16:10:37.346+0000] {processor.py:758} INFO - Processing file /home/airflow/.local/lib/python3.7/site-packages/airflow/example_dags/example_dag_decorator.py for tasks to queue
[2022-10-19T16:10:37.347+0000] {logging_mixin.py:117} INFO - [2022-10-19T16:10:37.347+0000] {dagbag.py:525} INFO - Filling up the DagBag from /home/airflow/.local/lib/python3.7/site-packages/airflow/example_dags/example_dag_decorator.py
[2022-10-19T16:10:37.367+0000] {processor.py:768} INFO - DAG(s) dict_keys(['example_dag_decorator']) retrieved from /home/airflow/.local/lib/python3.7/site-packages/airflow/example_dags/example_dag_decorator.py
[2022-10-19T16:10:37.422+0000] {logging_mixin.py:117} INFO - [2022-10-19T16:10:37.422+0000] {dag.py:2573} INFO - Sync 1 DAGs
[2022-10-19T16:10:37.438+0000] {logging_mixin.py:117} INFO - [2022-10-19T16:10:37.438+0000] {dag.py:3328} INFO - Setting next_dagrun for example_dag_decorator to None, run_after=None
[2022-10-19T16:10:37.453+0000] {processor.py:178} INFO - Processing /home/airflow/.local/lib/python3.7/site-packages/airflow/example_dags/example_dag_decorator.py took 0.111 seconds
[2022-10-19T16:11:08.040+0000] {processor.py:156} INFO - Started process (PID=1585) to work on /home/airflow/.local/lib/python3.7/site-packages/airflow/example_dags/example_dag_decorator.py
[2022-10-19T16:11:08.042+0000] {processor.py:758} INFO - Processing file /home/airflow/.local/lib/python3.7/site-packages/airflow/example_dags/example_dag_decorator.py for tasks to queue
[2022-10-19T16:11:08.044+0000] {logging_mixin.py:117} INFO - [2022-10-19T16:11:08.044+0000] {dagbag.py:525} INFO - Filling up the DagBag from /home/airflow/.local/lib/python3.7/site-packages/airflow/example_dags/example_dag_decorator.py
[2022-10-19T16:11:08.068+0000] {processor.py:768} INFO - DAG(s) dict_keys(['example_dag_decorator']) retrieved from /home/airflow/.local/lib/python3.7/site-packages/airflow/example_dags/example_dag_decorator.py
[2022-10-19T16:11:08.215+0000] {logging_mixin.py:117} INFO - [2022-10-19T16:11:08.214+0000] {dag.py:2573} INFO - Sync 1 DAGs
[2022-10-19T16:11:08.286+0000] {logging_mixin.py:117} INFO - [2022-10-19T16:11:08.286+0000] {dag.py:3328} INFO - Setting next_dagrun for example_dag_decorator to None, run_after=None
[2022-10-19T16:11:08.320+0000] {processor.py:178} INFO - Processing /home/airflow/.local/lib/python3.7/site-packages/airflow/example_dags/example_dag_decorator.py took 0.283 seconds
[2022-10-19T16:11:38.776+0000] {processor.py:156} INFO - Started process (PID=1650) to work on /home/airflow/.local/lib/python3.7/site-packages/airflow/example_dags/example_dag_decorator.py
[2022-10-19T16:11:38.778+0000] {processor.py:758} INFO - Processing file /home/airflow/.local/lib/python3.7/site-packages/airflow/example_dags/example_dag_decorator.py for tasks to queue
[2022-10-19T16:11:38.780+0000] {logging_mixin.py:117} INFO - [2022-10-19T16:11:38.780+0000] {dagbag.py:525} INFO - Filling up the DagBag from /home/airflow/.local/lib/python3.7/site-packages/airflow/example_dags/example_dag_decorator.py
[2022-10-19T16:11:38.808+0000] {processor.py:768} INFO - DAG(s) dict_keys(['example_dag_decorator']) retrieved from /home/airflow/.local/lib/python3.7/site-packages/airflow/example_dags/example_dag_decorator.py
[2022-10-19T16:11:38.893+0000] {logging_mixin.py:117} INFO - [2022-10-19T16:11:38.893+0000] {dag.py:2573} INFO - Sync 1 DAGs
[2022-10-19T16:11:38.924+0000] {logging_mixin.py:117} INFO - [2022-10-19T16:11:38.924+0000] {dag.py:3328} INFO - Setting next_dagrun for example_dag_decorator to None, run_after=None
[2022-10-19T16:11:38.956+0000] {processor.py:178} INFO - Processing /home/airflow/.local/lib/python3.7/site-packages/airflow/example_dags/example_dag_decorator.py took 0.182 seconds
[2022-10-19T16:12:09.952+0000] {processor.py:156} INFO - Started process (PID=1707) to work on /home/airflow/.local/lib/python3.7/site-packages/airflow/example_dags/example_dag_decorator.py
[2022-10-19T16:12:09.955+0000] {processor.py:758} INFO - Processing file /home/airflow/.local/lib/python3.7/site-packages/airflow/example_dags/example_dag_decorator.py for tasks to queue
[2022-10-19T16:12:09.958+0000] {logging_mixin.py:117} INFO - [2022-10-19T16:12:09.958+0000] {dagbag.py:525} INFO - Filling up the DagBag from /home/airflow/.local/lib/python3.7/site-packages/airflow/example_dags/example_dag_decorator.py
[2022-10-19T16:12:09.985+0000] {processor.py:768} INFO - DAG(s) dict_keys(['example_dag_decorator']) retrieved from /home/airflow/.local/lib/python3.7/site-packages/airflow/example_dags/example_dag_decorator.py
[2022-10-19T16:12:10.032+0000] {logging_mixin.py:117} INFO - [2022-10-19T16:12:10.032+0000] {dag.py:2573} INFO - Sync 1 DAGs
[2022-10-19T16:12:10.047+0000] {logging_mixin.py:117} INFO - [2022-10-19T16:12:10.047+0000] {dag.py:3328} INFO - Setting next_dagrun for example_dag_decorator to None, run_after=None
[2022-10-19T16:12:10.062+0000] {processor.py:178} INFO - Processing /home/airflow/.local/lib/python3.7/site-packages/airflow/example_dags/example_dag_decorator.py took 0.117 seconds
[2022-10-19T16:12:40.794+0000] {processor.py:156} INFO - Started process (PID=1773) to work on /home/airflow/.local/lib/python3.7/site-packages/airflow/example_dags/example_dag_decorator.py
[2022-10-19T16:12:40.799+0000] {processor.py:758} INFO - Processing file /home/airflow/.local/lib/python3.7/site-packages/airflow/example_dags/example_dag_decorator.py for tasks to queue
[2022-10-19T16:12:40.801+0000] {logging_mixin.py:117} INFO - [2022-10-19T16:12:40.801+0000] {dagbag.py:525} INFO - Filling up the DagBag from /home/airflow/.local/lib/python3.7/site-packages/airflow/example_dags/example_dag_decorator.py
[2022-10-19T16:12:40.841+0000] {processor.py:768} INFO - DAG(s) dict_keys(['example_dag_decorator']) retrieved from /home/airflow/.local/lib/python3.7/site-packages/airflow/example_dags/example_dag_decorator.py
[2022-10-19T16:12:40.906+0000] {logging_mixin.py:117} INFO - [2022-10-19T16:12:40.906+0000] {dag.py:2573} INFO - Sync 1 DAGs
[2022-10-19T16:12:40.926+0000] {logging_mixin.py:117} INFO - [2022-10-19T16:12:40.926+0000] {dag.py:3328} INFO - Setting next_dagrun for example_dag_decorator to None, run_after=None
[2022-10-19T16:12:40.944+0000] {processor.py:178} INFO - Processing /home/airflow/.local/lib/python3.7/site-packages/airflow/example_dags/example_dag_decorator.py took 0.157 seconds
[2022-10-19T16:13:11.078+0000] {processor.py:156} INFO - Started process (PID=1837) to work on /home/airflow/.local/lib/python3.7/site-packages/airflow/example_dags/example_dag_decorator.py
[2022-10-19T16:13:11.080+0000] {processor.py:758} INFO - Processing file /home/airflow/.local/lib/python3.7/site-packages/airflow/example_dags/example_dag_decorator.py for tasks to queue
[2022-10-19T16:13:11.082+0000] {logging_mixin.py:117} INFO - [2022-10-19T16:13:11.081+0000] {dagbag.py:525} INFO - Filling up the DagBag from /home/airflow/.local/lib/python3.7/site-packages/airflow/example_dags/example_dag_decorator.py
[2022-10-19T16:13:11.106+0000] {processor.py:768} INFO - DAG(s) dict_keys(['example_dag_decorator']) retrieved from /home/airflow/.local/lib/python3.7/site-packages/airflow/example_dags/example_dag_decorator.py
[2022-10-19T16:13:11.158+0000] {logging_mixin.py:117} INFO - [2022-10-19T16:13:11.158+0000] {dag.py:2573} INFO - Sync 1 DAGs
[2022-10-19T16:13:11.174+0000] {logging_mixin.py:117} INFO - [2022-10-19T16:13:11.174+0000] {dag.py:3328} INFO - Setting next_dagrun for example_dag_decorator to None, run_after=None
[2022-10-19T16:13:11.197+0000] {processor.py:178} INFO - Processing /home/airflow/.local/lib/python3.7/site-packages/airflow/example_dags/example_dag_decorator.py took 0.121 seconds
[2022-10-19T16:13:41.534+0000] {processor.py:156} INFO - Started process (PID=1902) to work on /home/airflow/.local/lib/python3.7/site-packages/airflow/example_dags/example_dag_decorator.py
[2022-10-19T16:13:41.537+0000] {processor.py:758} INFO - Processing file /home/airflow/.local/lib/python3.7/site-packages/airflow/example_dags/example_dag_decorator.py for tasks to queue
[2022-10-19T16:13:41.538+0000] {logging_mixin.py:117} INFO - [2022-10-19T16:13:41.538+0000] {dagbag.py:525} INFO - Filling up the DagBag from /home/airflow/.local/lib/python3.7/site-packages/airflow/example_dags/example_dag_decorator.py
[2022-10-19T16:13:41.558+0000] {processor.py:768} INFO - DAG(s) dict_keys(['example_dag_decorator']) retrieved from /home/airflow/.local/lib/python3.7/site-packages/airflow/example_dags/example_dag_decorator.py
[2022-10-19T16:13:41.614+0000] {logging_mixin.py:117} INFO - [2022-10-19T16:13:41.614+0000] {dag.py:2573} INFO - Sync 1 DAGs
[2022-10-19T16:13:41.631+0000] {logging_mixin.py:117} INFO - [2022-10-19T16:13:41.631+0000] {dag.py:3328} INFO - Setting next_dagrun for example_dag_decorator to None, run_after=None
[2022-10-19T16:13:41.646+0000] {processor.py:178} INFO - Processing /home/airflow/.local/lib/python3.7/site-packages/airflow/example_dags/example_dag_decorator.py took 0.114 seconds
[2022-10-19T16:14:11.928+0000] {processor.py:156} INFO - Started process (PID=1966) to work on /home/airflow/.local/lib/python3.7/site-packages/airflow/example_dags/example_dag_decorator.py
[2022-10-19T16:14:11.930+0000] {processor.py:758} INFO - Processing file /home/airflow/.local/lib/python3.7/site-packages/airflow/example_dags/example_dag_decorator.py for tasks to queue
[2022-10-19T16:14:11.931+0000] {logging_mixin.py:117} INFO - [2022-10-19T16:14:11.931+0000] {dagbag.py:525} INFO - Filling up the DagBag from /home/airflow/.local/lib/python3.7/site-packages/airflow/example_dags/example_dag_decorator.py
[2022-10-19T16:14:11.951+0000] {processor.py:768} INFO - DAG(s) dict_keys(['example_dag_decorator']) retrieved from /home/airflow/.local/lib/python3.7/site-packages/airflow/example_dags/example_dag_decorator.py
[2022-10-19T16:14:12.004+0000] {logging_mixin.py:117} INFO - [2022-10-19T16:14:12.004+0000] {dag.py:2573} INFO - Sync 1 DAGs
[2022-10-19T16:14:12.021+0000] {logging_mixin.py:117} INFO - [2022-10-19T16:14:12.020+0000] {dag.py:3328} INFO - Setting next_dagrun for example_dag_decorator to None, run_after=None
[2022-10-19T16:14:12.040+0000] {processor.py:178} INFO - Processing /home/airflow/.local/lib/python3.7/site-packages/airflow/example_dags/example_dag_decorator.py took 0.114 seconds
[2022-10-19T16:14:42.215+0000] {processor.py:156} INFO - Started process (PID=2024) to work on /home/airflow/.local/lib/python3.7/site-packages/airflow/example_dags/example_dag_decorator.py
[2022-10-19T16:14:42.216+0000] {processor.py:758} INFO - Processing file /home/airflow/.local/lib/python3.7/site-packages/airflow/example_dags/example_dag_decorator.py for tasks to queue
[2022-10-19T16:14:42.217+0000] {logging_mixin.py:117} INFO - [2022-10-19T16:14:42.217+0000] {dagbag.py:525} INFO - Filling up the DagBag from /home/airflow/.local/lib/python3.7/site-packages/airflow/example_dags/example_dag_decorator.py
[2022-10-19T16:14:42.237+0000] {processor.py:768} INFO - DAG(s) dict_keys(['example_dag_decorator']) retrieved from /home/airflow/.local/lib/python3.7/site-packages/airflow/example_dags/example_dag_decorator.py
[2022-10-19T16:14:42.287+0000] {logging_mixin.py:117} INFO - [2022-10-19T16:14:42.287+0000] {dag.py:2573} INFO - Sync 1 DAGs
[2022-10-19T16:14:42.301+0000] {logging_mixin.py:117} INFO - [2022-10-19T16:14:42.301+0000] {dag.py:3328} INFO - Setting next_dagrun for example_dag_decorator to None, run_after=None
[2022-10-19T16:14:42.316+0000] {processor.py:178} INFO - Processing /home/airflow/.local/lib/python3.7/site-packages/airflow/example_dags/example_dag_decorator.py took 0.103 seconds
[2022-10-19T16:15:13.690+0000] {processor.py:156} INFO - Started process (PID=2092) to work on /home/airflow/.local/lib/python3.7/site-packages/airflow/example_dags/example_dag_decorator.py
[2022-10-19T16:15:13.691+0000] {processor.py:758} INFO - Processing file /home/airflow/.local/lib/python3.7/site-packages/airflow/example_dags/example_dag_decorator.py for tasks to queue
[2022-10-19T16:15:13.692+0000] {logging_mixin.py:117} INFO - [2022-10-19T16:15:13.692+0000] {dagbag.py:525} INFO - Filling up the DagBag from /home/airflow/.local/lib/python3.7/site-packages/airflow/example_dags/example_dag_decorator.py
[2022-10-19T16:15:13.724+0000] {processor.py:768} INFO - DAG(s) dict_keys(['example_dag_decorator']) retrieved from /home/airflow/.local/lib/python3.7/site-packages/airflow/example_dags/example_dag_decorator.py
[2022-10-19T16:15:13.808+0000] {logging_mixin.py:117} INFO - [2022-10-19T16:15:13.808+0000] {dag.py:2573} INFO - Sync 1 DAGs
[2022-10-19T16:15:13.828+0000] {logging_mixin.py:117} INFO - [2022-10-19T16:15:13.828+0000] {dag.py:3328} INFO - Setting next_dagrun for example_dag_decorator to None, run_after=None
[2022-10-19T16:15:13.846+0000] {processor.py:178} INFO - Processing /home/airflow/.local/lib/python3.7/site-packages/airflow/example_dags/example_dag_decorator.py took 0.158 seconds
[2022-10-19T16:15:43.959+0000] {processor.py:156} INFO - Started process (PID=2158) to work on /home/airflow/.local/lib/python3.7/site-packages/airflow/example_dags/example_dag_decorator.py
[2022-10-19T16:15:43.961+0000] {processor.py:758} INFO - Processing file /home/airflow/.local/lib/python3.7/site-packages/airflow/example_dags/example_dag_decorator.py for tasks to queue
[2022-10-19T16:15:43.963+0000] {logging_mixin.py:117} INFO - [2022-10-19T16:15:43.963+0000] {dagbag.py:525} INFO - Filling up the DagBag from /home/airflow/.local/lib/python3.7/site-packages/airflow/example_dags/example_dag_decorator.py
[2022-10-19T16:15:43.986+0000] {processor.py:768} INFO - DAG(s) dict_keys(['example_dag_decorator']) retrieved from /home/airflow/.local/lib/python3.7/site-packages/airflow/example_dags/example_dag_decorator.py
[2022-10-19T16:15:44.042+0000] {logging_mixin.py:117} INFO - [2022-10-19T16:15:44.042+0000] {dag.py:2573} INFO - Sync 1 DAGs
[2022-10-19T16:15:44.057+0000] {logging_mixin.py:117} INFO - [2022-10-19T16:15:44.057+0000] {dag.py:3328} INFO - Setting next_dagrun for example_dag_decorator to None, run_after=None
[2022-10-19T16:15:44.073+0000] {processor.py:178} INFO - Processing /home/airflow/.local/lib/python3.7/site-packages/airflow/example_dags/example_dag_decorator.py took 0.116 seconds
[2022-10-19T16:16:14.809+0000] {processor.py:156} INFO - Started process (PID=2222) to work on /home/airflow/.local/lib/python3.7/site-packages/airflow/example_dags/example_dag_decorator.py
[2022-10-19T16:16:14.810+0000] {processor.py:758} INFO - Processing file /home/airflow/.local/lib/python3.7/site-packages/airflow/example_dags/example_dag_decorator.py for tasks to queue
[2022-10-19T16:16:14.811+0000] {logging_mixin.py:117} INFO - [2022-10-19T16:16:14.811+0000] {dagbag.py:525} INFO - Filling up the DagBag from /home/airflow/.local/lib/python3.7/site-packages/airflow/example_dags/example_dag_decorator.py
[2022-10-19T16:16:14.835+0000] {processor.py:768} INFO - DAG(s) dict_keys(['example_dag_decorator']) retrieved from /home/airflow/.local/lib/python3.7/site-packages/airflow/example_dags/example_dag_decorator.py
[2022-10-19T16:16:14.948+0000] {logging_mixin.py:117} INFO - [2022-10-19T16:16:14.948+0000] {dag.py:2573} INFO - Sync 1 DAGs
[2022-10-19T16:16:14.990+0000] {logging_mixin.py:117} INFO - [2022-10-19T16:16:14.990+0000] {dag.py:3328} INFO - Setting next_dagrun for example_dag_decorator to None, run_after=None
[2022-10-19T16:16:15.032+0000] {processor.py:178} INFO - Processing /home/airflow/.local/lib/python3.7/site-packages/airflow/example_dags/example_dag_decorator.py took 0.226 seconds
[2022-10-19T16:16:45.855+0000] {processor.py:156} INFO - Started process (PID=2288) to work on /home/airflow/.local/lib/python3.7/site-packages/airflow/example_dags/example_dag_decorator.py
[2022-10-19T16:16:45.856+0000] {processor.py:758} INFO - Processing file /home/airflow/.local/lib/python3.7/site-packages/airflow/example_dags/example_dag_decorator.py for tasks to queue
[2022-10-19T16:16:45.857+0000] {logging_mixin.py:117} INFO - [2022-10-19T16:16:45.857+0000] {dagbag.py:525} INFO - Filling up the DagBag from /home/airflow/.local/lib/python3.7/site-packages/airflow/example_dags/example_dag_decorator.py
[2022-10-19T16:16:45.876+0000] {processor.py:768} INFO - DAG(s) dict_keys(['example_dag_decorator']) retrieved from /home/airflow/.local/lib/python3.7/site-packages/airflow/example_dags/example_dag_decorator.py
[2022-10-19T16:16:45.929+0000] {logging_mixin.py:117} INFO - [2022-10-19T16:16:45.929+0000] {dag.py:2573} INFO - Sync 1 DAGs
[2022-10-19T16:16:45.949+0000] {logging_mixin.py:117} INFO - [2022-10-19T16:16:45.949+0000] {dag.py:3328} INFO - Setting next_dagrun for example_dag_decorator to None, run_after=None
[2022-10-19T16:16:45.963+0000] {processor.py:178} INFO - Processing /home/airflow/.local/lib/python3.7/site-packages/airflow/example_dags/example_dag_decorator.py took 0.110 seconds
[2022-10-19T16:17:16.638+0000] {processor.py:156} INFO - Started process (PID=2344) to work on /home/airflow/.local/lib/python3.7/site-packages/airflow/example_dags/example_dag_decorator.py
[2022-10-19T16:17:16.641+0000] {processor.py:758} INFO - Processing file /home/airflow/.local/lib/python3.7/site-packages/airflow/example_dags/example_dag_decorator.py for tasks to queue
[2022-10-19T16:17:16.642+0000] {logging_mixin.py:117} INFO - [2022-10-19T16:17:16.642+0000] {dagbag.py:525} INFO - Filling up the DagBag from /home/airflow/.local/lib/python3.7/site-packages/airflow/example_dags/example_dag_decorator.py
[2022-10-19T16:17:16.663+0000] {processor.py:768} INFO - DAG(s) dict_keys(['example_dag_decorator']) retrieved from /home/airflow/.local/lib/python3.7/site-packages/airflow/example_dags/example_dag_decorator.py
[2022-10-19T16:17:16.711+0000] {logging_mixin.py:117} INFO - [2022-10-19T16:17:16.711+0000] {dag.py:2573} INFO - Sync 1 DAGs
[2022-10-19T16:17:16.726+0000] {logging_mixin.py:117} INFO - [2022-10-19T16:17:16.726+0000] {dag.py:3328} INFO - Setting next_dagrun for example_dag_decorator to None, run_after=None
[2022-10-19T16:17:16.743+0000] {processor.py:178} INFO - Processing /home/airflow/.local/lib/python3.7/site-packages/airflow/example_dags/example_dag_decorator.py took 0.107 seconds
[2022-10-19T16:17:47.442+0000] {processor.py:156} INFO - Started process (PID=2410) to work on /home/airflow/.local/lib/python3.7/site-packages/airflow/example_dags/example_dag_decorator.py
[2022-10-19T16:17:47.444+0000] {processor.py:758} INFO - Processing file /home/airflow/.local/lib/python3.7/site-packages/airflow/example_dags/example_dag_decorator.py for tasks to queue
[2022-10-19T16:17:47.445+0000] {logging_mixin.py:117} INFO - [2022-10-19T16:17:47.445+0000] {dagbag.py:525} INFO - Filling up the DagBag from /home/airflow/.local/lib/python3.7/site-packages/airflow/example_dags/example_dag_decorator.py
[2022-10-19T16:17:47.468+0000] {processor.py:768} INFO - DAG(s) dict_keys(['example_dag_decorator']) retrieved from /home/airflow/.local/lib/python3.7/site-packages/airflow/example_dags/example_dag_decorator.py
[2022-10-19T16:17:47.527+0000] {logging_mixin.py:117} INFO - [2022-10-19T16:17:47.527+0000] {dag.py:2573} INFO - Sync 1 DAGs
[2022-10-19T16:17:47.544+0000] {logging_mixin.py:117} INFO - [2022-10-19T16:17:47.543+0000] {dag.py:3328} INFO - Setting next_dagrun for example_dag_decorator to None, run_after=None
[2022-10-19T16:17:47.557+0000] {processor.py:178} INFO - Processing /home/airflow/.local/lib/python3.7/site-packages/airflow/example_dags/example_dag_decorator.py took 0.118 seconds
[2022-10-19T16:18:18.272+0000] {processor.py:156} INFO - Started process (PID=2475) to work on /home/airflow/.local/lib/python3.7/site-packages/airflow/example_dags/example_dag_decorator.py
[2022-10-19T16:18:18.274+0000] {processor.py:758} INFO - Processing file /home/airflow/.local/lib/python3.7/site-packages/airflow/example_dags/example_dag_decorator.py for tasks to queue
[2022-10-19T16:18:18.274+0000] {logging_mixin.py:117} INFO - [2022-10-19T16:18:18.274+0000] {dagbag.py:525} INFO - Filling up the DagBag from /home/airflow/.local/lib/python3.7/site-packages/airflow/example_dags/example_dag_decorator.py
[2022-10-19T16:18:18.293+0000] {processor.py:768} INFO - DAG(s) dict_keys(['example_dag_decorator']) retrieved from /home/airflow/.local/lib/python3.7/site-packages/airflow/example_dags/example_dag_decorator.py
[2022-10-19T16:18:18.343+0000] {logging_mixin.py:117} INFO - [2022-10-19T16:18:18.343+0000] {dag.py:2573} INFO - Sync 1 DAGs
[2022-10-19T16:18:18.359+0000] {logging_mixin.py:117} INFO - [2022-10-19T16:18:18.359+0000] {dag.py:3328} INFO - Setting next_dagrun for example_dag_decorator to None, run_after=None
[2022-10-19T16:18:18.373+0000] {processor.py:178} INFO - Processing /home/airflow/.local/lib/python3.7/site-packages/airflow/example_dags/example_dag_decorator.py took 0.103 seconds
[2022-10-19T16:18:49.355+0000] {processor.py:156} INFO - Started process (PID=2541) to work on /home/airflow/.local/lib/python3.7/site-packages/airflow/example_dags/example_dag_decorator.py
[2022-10-19T16:18:49.357+0000] {processor.py:758} INFO - Processing file /home/airflow/.local/lib/python3.7/site-packages/airflow/example_dags/example_dag_decorator.py for tasks to queue
[2022-10-19T16:18:49.358+0000] {logging_mixin.py:117} INFO - [2022-10-19T16:18:49.358+0000] {dagbag.py:525} INFO - Filling up the DagBag from /home/airflow/.local/lib/python3.7/site-packages/airflow/example_dags/example_dag_decorator.py
[2022-10-19T16:18:49.380+0000] {processor.py:768} INFO - DAG(s) dict_keys(['example_dag_decorator']) retrieved from /home/airflow/.local/lib/python3.7/site-packages/airflow/example_dags/example_dag_decorator.py
[2022-10-19T16:18:49.435+0000] {logging_mixin.py:117} INFO - [2022-10-19T16:18:49.435+0000] {dag.py:2573} INFO - Sync 1 DAGs
[2022-10-19T16:18:49.452+0000] {logging_mixin.py:117} INFO - [2022-10-19T16:18:49.452+0000] {dag.py:3328} INFO - Setting next_dagrun for example_dag_decorator to None, run_after=None
[2022-10-19T16:18:49.466+0000] {processor.py:178} INFO - Processing /home/airflow/.local/lib/python3.7/site-packages/airflow/example_dags/example_dag_decorator.py took 0.113 seconds
[2022-10-19T16:19:20.378+0000] {processor.py:156} INFO - Started process (PID=2606) to work on /home/airflow/.local/lib/python3.7/site-packages/airflow/example_dags/example_dag_decorator.py
[2022-10-19T16:19:20.380+0000] {processor.py:758} INFO - Processing file /home/airflow/.local/lib/python3.7/site-packages/airflow/example_dags/example_dag_decorator.py for tasks to queue
[2022-10-19T16:19:20.381+0000] {logging_mixin.py:117} INFO - [2022-10-19T16:19:20.381+0000] {dagbag.py:525} INFO - Filling up the DagBag from /home/airflow/.local/lib/python3.7/site-packages/airflow/example_dags/example_dag_decorator.py
[2022-10-19T16:19:20.410+0000] {processor.py:768} INFO - DAG(s) dict_keys(['example_dag_decorator']) retrieved from /home/airflow/.local/lib/python3.7/site-packages/airflow/example_dags/example_dag_decorator.py
[2022-10-19T16:19:20.473+0000] {logging_mixin.py:117} INFO - [2022-10-19T16:19:20.473+0000] {dag.py:2573} INFO - Sync 1 DAGs
[2022-10-19T16:19:20.491+0000] {logging_mixin.py:117} INFO - [2022-10-19T16:19:20.491+0000] {dag.py:3328} INFO - Setting next_dagrun for example_dag_decorator to None, run_after=None
[2022-10-19T16:19:20.507+0000] {processor.py:178} INFO - Processing /home/airflow/.local/lib/python3.7/site-packages/airflow/example_dags/example_dag_decorator.py took 0.131 seconds
[2022-10-19T16:20:02.984+0000] {processor.py:156} INFO - Started process (PID=2671) to work on /home/airflow/.local/lib/python3.7/site-packages/airflow/example_dags/example_dag_decorator.py
[2022-10-19T16:20:02.992+0000] {processor.py:758} INFO - Processing file /home/airflow/.local/lib/python3.7/site-packages/airflow/example_dags/example_dag_decorator.py for tasks to queue
[2022-10-19T16:20:03.062+0000] {logging_mixin.py:117} INFO - [2022-10-19T16:20:03.062+0000] {dagbag.py:525} INFO - Filling up the DagBag from /home/airflow/.local/lib/python3.7/site-packages/airflow/example_dags/example_dag_decorator.py
[2022-10-19T16:20:03.950+0000] {processor.py:768} INFO - DAG(s) dict_keys(['example_dag_decorator']) retrieved from /home/airflow/.local/lib/python3.7/site-packages/airflow/example_dags/example_dag_decorator.py
[2022-10-19T16:20:05.481+0000] {logging_mixin.py:117} INFO - [2022-10-19T16:20:05.480+0000] {dag.py:2573} INFO - Sync 1 DAGs
[2022-10-19T16:20:05.579+0000] {logging_mixin.py:117} INFO - [2022-10-19T16:20:05.578+0000] {dag.py:3328} INFO - Setting next_dagrun for example_dag_decorator to None, run_after=None
[2022-10-19T16:20:05.767+0000] {processor.py:178} INFO - Processing /home/airflow/.local/lib/python3.7/site-packages/airflow/example_dags/example_dag_decorator.py took 2.785 seconds
[2022-10-19T16:21:18.698+0000] {processor.py:156} INFO - Started process (PID=2758) to work on /home/airflow/.local/lib/python3.7/site-packages/airflow/example_dags/example_dag_decorator.py
[2022-10-19T16:21:18.707+0000] {processor.py:758} INFO - Processing file /home/airflow/.local/lib/python3.7/site-packages/airflow/example_dags/example_dag_decorator.py for tasks to queue
[2022-10-19T16:21:18.710+0000] {logging_mixin.py:117} INFO - [2022-10-19T16:21:18.709+0000] {dagbag.py:525} INFO - Filling up the DagBag from /home/airflow/.local/lib/python3.7/site-packages/airflow/example_dags/example_dag_decorator.py
[2022-10-19T16:21:18.790+0000] {processor.py:768} INFO - DAG(s) dict_keys(['example_dag_decorator']) retrieved from /home/airflow/.local/lib/python3.7/site-packages/airflow/example_dags/example_dag_decorator.py
[2022-10-19T16:21:19.019+0000] {logging_mixin.py:117} INFO - [2022-10-19T16:21:19.018+0000] {dag.py:2573} INFO - Sync 1 DAGs
[2022-10-19T16:21:19.065+0000] {logging_mixin.py:117} INFO - [2022-10-19T16:21:19.064+0000] {dag.py:3328} INFO - Setting next_dagrun for example_dag_decorator to None, run_after=None
[2022-10-19T16:21:19.267+0000] {processor.py:178} INFO - Processing /home/airflow/.local/lib/python3.7/site-packages/airflow/example_dags/example_dag_decorator.py took 0.573 seconds
[2022-10-19T16:22:18.304+0000] {processor.py:156} INFO - Started process (PID=2830) to work on /home/airflow/.local/lib/python3.7/site-packages/airflow/example_dags/example_dag_decorator.py
[2022-10-19T16:22:18.320+0000] {processor.py:758} INFO - Processing file /home/airflow/.local/lib/python3.7/site-packages/airflow/example_dags/example_dag_decorator.py for tasks to queue
[2022-10-19T16:22:18.322+0000] {logging_mixin.py:117} INFO - [2022-10-19T16:22:18.322+0000] {dagbag.py:525} INFO - Filling up the DagBag from /home/airflow/.local/lib/python3.7/site-packages/airflow/example_dags/example_dag_decorator.py
[2022-10-19T16:22:18.502+0000] {processor.py:768} INFO - DAG(s) dict_keys(['example_dag_decorator']) retrieved from /home/airflow/.local/lib/python3.7/site-packages/airflow/example_dags/example_dag_decorator.py
[2022-10-19T16:22:18.943+0000] {logging_mixin.py:117} INFO - [2022-10-19T16:22:18.941+0000] {dag.py:2573} INFO - Sync 1 DAGs
[2022-10-19T16:22:18.993+0000] {logging_mixin.py:117} INFO - [2022-10-19T16:22:18.993+0000] {dag.py:3328} INFO - Setting next_dagrun for example_dag_decorator to None, run_after=None
[2022-10-19T16:22:19.045+0000] {processor.py:178} INFO - Processing /home/airflow/.local/lib/python3.7/site-packages/airflow/example_dags/example_dag_decorator.py took 0.753 seconds
[2022-10-19T16:23:15.389+0000] {processor.py:156} INFO - Started process (PID=2889) to work on /home/airflow/.local/lib/python3.7/site-packages/airflow/example_dags/example_dag_decorator.py
[2022-10-19T16:23:15.392+0000] {processor.py:758} INFO - Processing file /home/airflow/.local/lib/python3.7/site-packages/airflow/example_dags/example_dag_decorator.py for tasks to queue
[2022-10-19T16:23:15.397+0000] {logging_mixin.py:117} INFO - [2022-10-19T16:23:15.397+0000] {dagbag.py:525} INFO - Filling up the DagBag from /home/airflow/.local/lib/python3.7/site-packages/airflow/example_dags/example_dag_decorator.py
[2022-10-19T16:23:15.555+0000] {processor.py:768} INFO - DAG(s) dict_keys(['example_dag_decorator']) retrieved from /home/airflow/.local/lib/python3.7/site-packages/airflow/example_dags/example_dag_decorator.py
[2022-10-19T16:23:16.023+0000] {logging_mixin.py:117} INFO - [2022-10-19T16:23:16.023+0000] {dag.py:2573} INFO - Sync 1 DAGs
[2022-10-19T16:23:16.193+0000] {logging_mixin.py:117} INFO - [2022-10-19T16:23:16.193+0000] {dag.py:3328} INFO - Setting next_dagrun for example_dag_decorator to None, run_after=None
[2022-10-19T16:23:16.736+0000] {processor.py:178} INFO - Processing /home/airflow/.local/lib/python3.7/site-packages/airflow/example_dags/example_dag_decorator.py took 1.357 seconds
[2022-10-19T16:24:03.631+0000] {processor.py:156} INFO - Started process (PID=2956) to work on /home/airflow/.local/lib/python3.7/site-packages/airflow/example_dags/example_dag_decorator.py
[2022-10-19T16:24:03.635+0000] {processor.py:758} INFO - Processing file /home/airflow/.local/lib/python3.7/site-packages/airflow/example_dags/example_dag_decorator.py for tasks to queue
[2022-10-19T16:24:03.636+0000] {logging_mixin.py:117} INFO - [2022-10-19T16:24:03.636+0000] {dagbag.py:525} INFO - Filling up the DagBag from /home/airflow/.local/lib/python3.7/site-packages/airflow/example_dags/example_dag_decorator.py
[2022-10-19T16:24:03.683+0000] {processor.py:768} INFO - DAG(s) dict_keys(['example_dag_decorator']) retrieved from /home/airflow/.local/lib/python3.7/site-packages/airflow/example_dags/example_dag_decorator.py
[2022-10-19T16:24:03.796+0000] {logging_mixin.py:117} INFO - [2022-10-19T16:24:03.796+0000] {dag.py:2573} INFO - Sync 1 DAGs
[2022-10-19T16:24:03.833+0000] {logging_mixin.py:117} INFO - [2022-10-19T16:24:03.833+0000] {dag.py:3328} INFO - Setting next_dagrun for example_dag_decorator to None, run_after=None
[2022-10-19T16:24:03.900+0000] {processor.py:178} INFO - Processing /home/airflow/.local/lib/python3.7/site-packages/airflow/example_dags/example_dag_decorator.py took 0.273 seconds
[2022-10-19T16:24:40.190+0000] {processor.py:156} INFO - Started process (PID=3011) to work on /home/airflow/.local/lib/python3.7/site-packages/airflow/example_dags/example_dag_decorator.py
[2022-10-19T16:24:40.194+0000] {processor.py:758} INFO - Processing file /home/airflow/.local/lib/python3.7/site-packages/airflow/example_dags/example_dag_decorator.py for tasks to queue
[2022-10-19T16:24:40.198+0000] {logging_mixin.py:117} INFO - [2022-10-19T16:24:40.197+0000] {dagbag.py:525} INFO - Filling up the DagBag from /home/airflow/.local/lib/python3.7/site-packages/airflow/example_dags/example_dag_decorator.py
[2022-10-19T16:24:40.259+0000] {processor.py:768} INFO - DAG(s) dict_keys(['example_dag_decorator']) retrieved from /home/airflow/.local/lib/python3.7/site-packages/airflow/example_dags/example_dag_decorator.py
[2022-10-19T16:24:40.440+0000] {logging_mixin.py:117} INFO - [2022-10-19T16:24:40.440+0000] {dag.py:2573} INFO - Sync 1 DAGs
[2022-10-19T16:24:40.510+0000] {logging_mixin.py:117} INFO - [2022-10-19T16:24:40.510+0000] {dag.py:3328} INFO - Setting next_dagrun for example_dag_decorator to None, run_after=None
[2022-10-19T16:24:40.585+0000] {processor.py:178} INFO - Processing /home/airflow/.local/lib/python3.7/site-packages/airflow/example_dags/example_dag_decorator.py took 0.400 seconds
[2022-10-19T16:26:56.931+0000] {processor.py:156} INFO - Started process (PID=3116) to work on /home/airflow/.local/lib/python3.7/site-packages/airflow/example_dags/example_dag_decorator.py
[2022-10-19T16:26:57.039+0000] {processor.py:758} INFO - Processing file /home/airflow/.local/lib/python3.7/site-packages/airflow/example_dags/example_dag_decorator.py for tasks to queue
[2022-10-19T16:26:57.162+0000] {logging_mixin.py:117} INFO - [2022-10-19T16:26:57.162+0000] {dagbag.py:525} INFO - Filling up the DagBag from /home/airflow/.local/lib/python3.7/site-packages/airflow/example_dags/example_dag_decorator.py
[2022-10-19T16:27:12.033+0000] {processor.py:768} INFO - DAG(s) dict_keys(['example_dag_decorator']) retrieved from /home/airflow/.local/lib/python3.7/site-packages/airflow/example_dags/example_dag_decorator.py
