[2022-10-19T15:36:34.905+0000] {processor.py:156} INFO - Started process (PID=199) to work on /home/airflow/.local/lib/python3.7/site-packages/airflow/example_dags/example_trigger_target_dag.py
[2022-10-19T15:36:34.914+0000] {processor.py:758} INFO - Processing file /home/airflow/.local/lib/python3.7/site-packages/airflow/example_dags/example_trigger_target_dag.py for tasks to queue
[2022-10-19T15:36:34.923+0000] {logging_mixin.py:117} INFO - [2022-10-19T15:36:34.922+0000] {dagbag.py:525} INFO - Filling up the DagBag from /home/airflow/.local/lib/python3.7/site-packages/airflow/example_dags/example_trigger_target_dag.py
[2022-10-19T15:36:35.088+0000] {processor.py:768} INFO - DAG(s) dict_keys(['example_trigger_target_dag']) retrieved from /home/airflow/.local/lib/python3.7/site-packages/airflow/example_dags/example_trigger_target_dag.py
[2022-10-19T15:36:35.863+0000] {logging_mixin.py:117} INFO - [2022-10-19T15:36:35.862+0000] {dag.py:2573} INFO - Sync 1 DAGs
[2022-10-19T15:36:36.007+0000] {logging_mixin.py:117} INFO - [2022-10-19T15:36:36.007+0000] {dag.py:3328} INFO - Setting next_dagrun for example_trigger_target_dag to None, run_after=None
[2022-10-19T15:36:36.212+0000] {processor.py:178} INFO - Processing /home/airflow/.local/lib/python3.7/site-packages/airflow/example_dags/example_trigger_target_dag.py took 1.333 seconds
[2022-10-19T15:37:06.922+0000] {processor.py:156} INFO - Started process (PID=247) to work on /home/airflow/.local/lib/python3.7/site-packages/airflow/example_dags/example_trigger_target_dag.py
[2022-10-19T15:37:06.925+0000] {processor.py:758} INFO - Processing file /home/airflow/.local/lib/python3.7/site-packages/airflow/example_dags/example_trigger_target_dag.py for tasks to queue
[2022-10-19T15:37:06.931+0000] {logging_mixin.py:117} INFO - [2022-10-19T15:37:06.927+0000] {dagbag.py:525} INFO - Filling up the DagBag from /home/airflow/.local/lib/python3.7/site-packages/airflow/example_dags/example_trigger_target_dag.py
[2022-10-19T15:37:06.964+0000] {processor.py:768} INFO - DAG(s) dict_keys(['example_trigger_target_dag']) retrieved from /home/airflow/.local/lib/python3.7/site-packages/airflow/example_dags/example_trigger_target_dag.py
[2022-10-19T15:37:07.004+0000] {logging_mixin.py:117} INFO - [2022-10-19T15:37:07.004+0000] {dag.py:2573} INFO - Sync 1 DAGs
[2022-10-19T15:37:07.024+0000] {logging_mixin.py:117} INFO - [2022-10-19T15:37:07.024+0000] {dag.py:3328} INFO - Setting next_dagrun for example_trigger_target_dag to None, run_after=None
[2022-10-19T15:37:07.040+0000] {processor.py:178} INFO - Processing /home/airflow/.local/lib/python3.7/site-packages/airflow/example_dags/example_trigger_target_dag.py took 0.125 seconds
[2022-10-19T15:37:37.875+0000] {processor.py:156} INFO - Started process (PID=311) to work on /home/airflow/.local/lib/python3.7/site-packages/airflow/example_dags/example_trigger_target_dag.py
[2022-10-19T15:37:37.879+0000] {processor.py:758} INFO - Processing file /home/airflow/.local/lib/python3.7/site-packages/airflow/example_dags/example_trigger_target_dag.py for tasks to queue
[2022-10-19T15:37:37.884+0000] {logging_mixin.py:117} INFO - [2022-10-19T15:37:37.884+0000] {dagbag.py:525} INFO - Filling up the DagBag from /home/airflow/.local/lib/python3.7/site-packages/airflow/example_dags/example_trigger_target_dag.py
[2022-10-19T15:37:37.949+0000] {processor.py:768} INFO - DAG(s) dict_keys(['example_trigger_target_dag']) retrieved from /home/airflow/.local/lib/python3.7/site-packages/airflow/example_dags/example_trigger_target_dag.py
[2022-10-19T15:37:38.034+0000] {logging_mixin.py:117} INFO - [2022-10-19T15:37:38.034+0000] {dag.py:2573} INFO - Sync 1 DAGs
[2022-10-19T15:37:38.061+0000] {logging_mixin.py:117} INFO - [2022-10-19T15:37:38.061+0000] {dag.py:3328} INFO - Setting next_dagrun for example_trigger_target_dag to None, run_after=None
[2022-10-19T15:37:38.078+0000] {processor.py:178} INFO - Processing /home/airflow/.local/lib/python3.7/site-packages/airflow/example_dags/example_trigger_target_dag.py took 0.215 seconds
[2022-10-19T15:38:08.131+0000] {processor.py:156} INFO - Started process (PID=367) to work on /home/airflow/.local/lib/python3.7/site-packages/airflow/example_dags/example_trigger_target_dag.py
[2022-10-19T15:38:08.135+0000] {processor.py:758} INFO - Processing file /home/airflow/.local/lib/python3.7/site-packages/airflow/example_dags/example_trigger_target_dag.py for tasks to queue
[2022-10-19T15:38:08.137+0000] {logging_mixin.py:117} INFO - [2022-10-19T15:38:08.136+0000] {dagbag.py:525} INFO - Filling up the DagBag from /home/airflow/.local/lib/python3.7/site-packages/airflow/example_dags/example_trigger_target_dag.py
[2022-10-19T15:38:08.160+0000] {processor.py:768} INFO - DAG(s) dict_keys(['example_trigger_target_dag']) retrieved from /home/airflow/.local/lib/python3.7/site-packages/airflow/example_dags/example_trigger_target_dag.py
[2022-10-19T15:38:08.196+0000] {logging_mixin.py:117} INFO - [2022-10-19T15:38:08.196+0000] {dag.py:2573} INFO - Sync 1 DAGs
[2022-10-19T15:38:08.251+0000] {logging_mixin.py:117} INFO - [2022-10-19T15:38:08.251+0000] {dag.py:3328} INFO - Setting next_dagrun for example_trigger_target_dag to None, run_after=None
[2022-10-19T15:38:08.275+0000] {processor.py:178} INFO - Processing /home/airflow/.local/lib/python3.7/site-packages/airflow/example_dags/example_trigger_target_dag.py took 0.149 seconds
[2022-10-19T15:38:38.854+0000] {processor.py:156} INFO - Started process (PID=432) to work on /home/airflow/.local/lib/python3.7/site-packages/airflow/example_dags/example_trigger_target_dag.py
[2022-10-19T15:38:38.862+0000] {processor.py:758} INFO - Processing file /home/airflow/.local/lib/python3.7/site-packages/airflow/example_dags/example_trigger_target_dag.py for tasks to queue
[2022-10-19T15:38:38.865+0000] {logging_mixin.py:117} INFO - [2022-10-19T15:38:38.864+0000] {dagbag.py:525} INFO - Filling up the DagBag from /home/airflow/.local/lib/python3.7/site-packages/airflow/example_dags/example_trigger_target_dag.py
[2022-10-19T15:38:38.983+0000] {processor.py:768} INFO - DAG(s) dict_keys(['example_trigger_target_dag']) retrieved from /home/airflow/.local/lib/python3.7/site-packages/airflow/example_dags/example_trigger_target_dag.py
[2022-10-19T15:38:39.096+0000] {logging_mixin.py:117} INFO - [2022-10-19T15:38:39.096+0000] {dag.py:2573} INFO - Sync 1 DAGs
[2022-10-19T15:38:39.170+0000] {logging_mixin.py:117} INFO - [2022-10-19T15:38:39.169+0000] {dag.py:3328} INFO - Setting next_dagrun for example_trigger_target_dag to None, run_after=None
[2022-10-19T15:38:39.226+0000] {processor.py:178} INFO - Processing /home/airflow/.local/lib/python3.7/site-packages/airflow/example_dags/example_trigger_target_dag.py took 0.375 seconds
[2022-10-19T15:39:10.197+0000] {processor.py:156} INFO - Started process (PID=487) to work on /home/airflow/.local/lib/python3.7/site-packages/airflow/example_dags/example_trigger_target_dag.py
[2022-10-19T15:39:10.204+0000] {processor.py:758} INFO - Processing file /home/airflow/.local/lib/python3.7/site-packages/airflow/example_dags/example_trigger_target_dag.py for tasks to queue
[2022-10-19T15:39:10.209+0000] {logging_mixin.py:117} INFO - [2022-10-19T15:39:10.208+0000] {dagbag.py:525} INFO - Filling up the DagBag from /home/airflow/.local/lib/python3.7/site-packages/airflow/example_dags/example_trigger_target_dag.py
[2022-10-19T15:39:10.272+0000] {processor.py:768} INFO - DAG(s) dict_keys(['example_trigger_target_dag']) retrieved from /home/airflow/.local/lib/python3.7/site-packages/airflow/example_dags/example_trigger_target_dag.py
[2022-10-19T15:39:10.418+0000] {logging_mixin.py:117} INFO - [2022-10-19T15:39:10.418+0000] {dag.py:2573} INFO - Sync 1 DAGs
[2022-10-19T15:39:10.478+0000] {logging_mixin.py:117} INFO - [2022-10-19T15:39:10.478+0000] {dag.py:3328} INFO - Setting next_dagrun for example_trigger_target_dag to None, run_after=None
[2022-10-19T15:39:10.513+0000] {processor.py:178} INFO - Processing /home/airflow/.local/lib/python3.7/site-packages/airflow/example_dags/example_trigger_target_dag.py took 0.334 seconds
[2022-10-19T15:39:57.093+0000] {processor.py:156} INFO - Started process (PID=553) to work on /home/airflow/.local/lib/python3.7/site-packages/airflow/example_dags/example_trigger_target_dag.py
[2022-10-19T15:39:57.108+0000] {processor.py:758} INFO - Processing file /home/airflow/.local/lib/python3.7/site-packages/airflow/example_dags/example_trigger_target_dag.py for tasks to queue
[2022-10-19T15:39:57.112+0000] {logging_mixin.py:117} INFO - [2022-10-19T15:39:57.112+0000] {dagbag.py:525} INFO - Filling up the DagBag from /home/airflow/.local/lib/python3.7/site-packages/airflow/example_dags/example_trigger_target_dag.py
[2022-10-19T15:39:57.164+0000] {processor.py:768} INFO - DAG(s) dict_keys(['example_trigger_target_dag']) retrieved from /home/airflow/.local/lib/python3.7/site-packages/airflow/example_dags/example_trigger_target_dag.py
[2022-10-19T15:39:57.303+0000] {logging_mixin.py:117} INFO - [2022-10-19T15:39:57.302+0000] {dag.py:2573} INFO - Sync 1 DAGs
[2022-10-19T15:39:57.364+0000] {logging_mixin.py:117} INFO - [2022-10-19T15:39:57.364+0000] {dag.py:3328} INFO - Setting next_dagrun for example_trigger_target_dag to None, run_after=None
[2022-10-19T15:39:57.426+0000] {processor.py:178} INFO - Processing /home/airflow/.local/lib/python3.7/site-packages/airflow/example_dags/example_trigger_target_dag.py took 0.337 seconds
[2022-10-19T15:40:28.095+0000] {processor.py:156} INFO - Started process (PID=618) to work on /home/airflow/.local/lib/python3.7/site-packages/airflow/example_dags/example_trigger_target_dag.py
[2022-10-19T15:40:28.097+0000] {processor.py:758} INFO - Processing file /home/airflow/.local/lib/python3.7/site-packages/airflow/example_dags/example_trigger_target_dag.py for tasks to queue
[2022-10-19T15:40:28.098+0000] {logging_mixin.py:117} INFO - [2022-10-19T15:40:28.098+0000] {dagbag.py:525} INFO - Filling up the DagBag from /home/airflow/.local/lib/python3.7/site-packages/airflow/example_dags/example_trigger_target_dag.py
[2022-10-19T15:40:28.118+0000] {processor.py:768} INFO - DAG(s) dict_keys(['example_trigger_target_dag']) retrieved from /home/airflow/.local/lib/python3.7/site-packages/airflow/example_dags/example_trigger_target_dag.py
[2022-10-19T15:40:28.155+0000] {logging_mixin.py:117} INFO - [2022-10-19T15:40:28.155+0000] {dag.py:2573} INFO - Sync 1 DAGs
[2022-10-19T15:40:28.174+0000] {logging_mixin.py:117} INFO - [2022-10-19T15:40:28.174+0000] {dag.py:3328} INFO - Setting next_dagrun for example_trigger_target_dag to None, run_after=None
[2022-10-19T15:40:28.197+0000] {processor.py:178} INFO - Processing /home/airflow/.local/lib/python3.7/site-packages/airflow/example_dags/example_trigger_target_dag.py took 0.104 seconds
[2022-10-19T15:40:59.446+0000] {processor.py:156} INFO - Started process (PID=674) to work on /home/airflow/.local/lib/python3.7/site-packages/airflow/example_dags/example_trigger_target_dag.py
[2022-10-19T15:40:59.450+0000] {processor.py:758} INFO - Processing file /home/airflow/.local/lib/python3.7/site-packages/airflow/example_dags/example_trigger_target_dag.py for tasks to queue
[2022-10-19T15:40:59.453+0000] {logging_mixin.py:117} INFO - [2022-10-19T15:40:59.453+0000] {dagbag.py:525} INFO - Filling up the DagBag from /home/airflow/.local/lib/python3.7/site-packages/airflow/example_dags/example_trigger_target_dag.py
[2022-10-19T15:40:59.489+0000] {processor.py:768} INFO - DAG(s) dict_keys(['example_trigger_target_dag']) retrieved from /home/airflow/.local/lib/python3.7/site-packages/airflow/example_dags/example_trigger_target_dag.py
[2022-10-19T15:40:59.562+0000] {logging_mixin.py:117} INFO - [2022-10-19T15:40:59.562+0000] {dag.py:2573} INFO - Sync 1 DAGs
[2022-10-19T15:40:59.606+0000] {logging_mixin.py:117} INFO - [2022-10-19T15:40:59.606+0000] {dag.py:3328} INFO - Setting next_dagrun for example_trigger_target_dag to None, run_after=None
[2022-10-19T15:40:59.645+0000] {processor.py:178} INFO - Processing /home/airflow/.local/lib/python3.7/site-packages/airflow/example_dags/example_trigger_target_dag.py took 0.203 seconds
[2022-10-19T15:41:30.487+0000] {processor.py:156} INFO - Started process (PID=740) to work on /home/airflow/.local/lib/python3.7/site-packages/airflow/example_dags/example_trigger_target_dag.py
[2022-10-19T15:41:30.493+0000] {processor.py:758} INFO - Processing file /home/airflow/.local/lib/python3.7/site-packages/airflow/example_dags/example_trigger_target_dag.py for tasks to queue
[2022-10-19T15:41:30.494+0000] {logging_mixin.py:117} INFO - [2022-10-19T15:41:30.494+0000] {dagbag.py:525} INFO - Filling up the DagBag from /home/airflow/.local/lib/python3.7/site-packages/airflow/example_dags/example_trigger_target_dag.py
[2022-10-19T15:41:30.522+0000] {processor.py:768} INFO - DAG(s) dict_keys(['example_trigger_target_dag']) retrieved from /home/airflow/.local/lib/python3.7/site-packages/airflow/example_dags/example_trigger_target_dag.py
[2022-10-19T15:41:30.560+0000] {logging_mixin.py:117} INFO - [2022-10-19T15:41:30.560+0000] {dag.py:2573} INFO - Sync 1 DAGs
[2022-10-19T15:41:30.578+0000] {logging_mixin.py:117} INFO - [2022-10-19T15:41:30.578+0000] {dag.py:3328} INFO - Setting next_dagrun for example_trigger_target_dag to None, run_after=None
[2022-10-19T15:41:30.600+0000] {processor.py:178} INFO - Processing /home/airflow/.local/lib/python3.7/site-packages/airflow/example_dags/example_trigger_target_dag.py took 0.117 seconds
[2022-10-19T15:42:01.249+0000] {processor.py:156} INFO - Started process (PID=805) to work on /home/airflow/.local/lib/python3.7/site-packages/airflow/example_dags/example_trigger_target_dag.py
[2022-10-19T15:42:01.251+0000] {processor.py:758} INFO - Processing file /home/airflow/.local/lib/python3.7/site-packages/airflow/example_dags/example_trigger_target_dag.py for tasks to queue
[2022-10-19T15:42:01.253+0000] {logging_mixin.py:117} INFO - [2022-10-19T15:42:01.253+0000] {dagbag.py:525} INFO - Filling up the DagBag from /home/airflow/.local/lib/python3.7/site-packages/airflow/example_dags/example_trigger_target_dag.py
[2022-10-19T15:42:01.275+0000] {processor.py:768} INFO - DAG(s) dict_keys(['example_trigger_target_dag']) retrieved from /home/airflow/.local/lib/python3.7/site-packages/airflow/example_dags/example_trigger_target_dag.py
[2022-10-19T15:42:01.313+0000] {logging_mixin.py:117} INFO - [2022-10-19T15:42:01.313+0000] {dag.py:2573} INFO - Sync 1 DAGs
[2022-10-19T15:42:01.328+0000] {logging_mixin.py:117} INFO - [2022-10-19T15:42:01.328+0000] {dag.py:3328} INFO - Setting next_dagrun for example_trigger_target_dag to None, run_after=None
[2022-10-19T15:42:01.339+0000] {processor.py:178} INFO - Processing /home/airflow/.local/lib/python3.7/site-packages/airflow/example_dags/example_trigger_target_dag.py took 0.094 seconds
[2022-10-19T15:42:31.819+0000] {processor.py:156} INFO - Started process (PID=870) to work on /home/airflow/.local/lib/python3.7/site-packages/airflow/example_dags/example_trigger_target_dag.py
[2022-10-19T15:42:31.827+0000] {processor.py:758} INFO - Processing file /home/airflow/.local/lib/python3.7/site-packages/airflow/example_dags/example_trigger_target_dag.py for tasks to queue
[2022-10-19T15:42:31.828+0000] {logging_mixin.py:117} INFO - [2022-10-19T15:42:31.828+0000] {dagbag.py:525} INFO - Filling up the DagBag from /home/airflow/.local/lib/python3.7/site-packages/airflow/example_dags/example_trigger_target_dag.py
[2022-10-19T15:42:31.850+0000] {processor.py:768} INFO - DAG(s) dict_keys(['example_trigger_target_dag']) retrieved from /home/airflow/.local/lib/python3.7/site-packages/airflow/example_dags/example_trigger_target_dag.py
[2022-10-19T15:42:31.886+0000] {logging_mixin.py:117} INFO - [2022-10-19T15:42:31.886+0000] {dag.py:2573} INFO - Sync 1 DAGs
[2022-10-19T15:42:31.904+0000] {logging_mixin.py:117} INFO - [2022-10-19T15:42:31.904+0000] {dag.py:3328} INFO - Setting next_dagrun for example_trigger_target_dag to None, run_after=None
[2022-10-19T15:42:31.929+0000] {processor.py:178} INFO - Processing /home/airflow/.local/lib/python3.7/site-packages/airflow/example_dags/example_trigger_target_dag.py took 0.114 seconds
[2022-10-19T15:43:02.627+0000] {processor.py:156} INFO - Started process (PID=927) to work on /home/airflow/.local/lib/python3.7/site-packages/airflow/example_dags/example_trigger_target_dag.py
[2022-10-19T15:43:02.629+0000] {processor.py:758} INFO - Processing file /home/airflow/.local/lib/python3.7/site-packages/airflow/example_dags/example_trigger_target_dag.py for tasks to queue
[2022-10-19T15:43:02.631+0000] {logging_mixin.py:117} INFO - [2022-10-19T15:43:02.631+0000] {dagbag.py:525} INFO - Filling up the DagBag from /home/airflow/.local/lib/python3.7/site-packages/airflow/example_dags/example_trigger_target_dag.py
[2022-10-19T15:43:02.646+0000] {processor.py:768} INFO - DAG(s) dict_keys(['example_trigger_target_dag']) retrieved from /home/airflow/.local/lib/python3.7/site-packages/airflow/example_dags/example_trigger_target_dag.py
[2022-10-19T15:43:02.676+0000] {logging_mixin.py:117} INFO - [2022-10-19T15:43:02.676+0000] {dag.py:2573} INFO - Sync 1 DAGs
[2022-10-19T15:43:02.694+0000] {logging_mixin.py:117} INFO - [2022-10-19T15:43:02.694+0000] {dag.py:3328} INFO - Setting next_dagrun for example_trigger_target_dag to None, run_after=None
[2022-10-19T15:43:02.713+0000] {processor.py:178} INFO - Processing /home/airflow/.local/lib/python3.7/site-packages/airflow/example_dags/example_trigger_target_dag.py took 0.088 seconds
[2022-10-19T15:43:38.085+0000] {processor.py:156} INFO - Started process (PID=992) to work on /home/airflow/.local/lib/python3.7/site-packages/airflow/example_dags/example_trigger_target_dag.py
[2022-10-19T15:43:38.088+0000] {processor.py:758} INFO - Processing file /home/airflow/.local/lib/python3.7/site-packages/airflow/example_dags/example_trigger_target_dag.py for tasks to queue
[2022-10-19T15:43:38.093+0000] {logging_mixin.py:117} INFO - [2022-10-19T15:43:38.092+0000] {dagbag.py:525} INFO - Filling up the DagBag from /home/airflow/.local/lib/python3.7/site-packages/airflow/example_dags/example_trigger_target_dag.py
[2022-10-19T15:43:38.114+0000] {processor.py:768} INFO - DAG(s) dict_keys(['example_trigger_target_dag']) retrieved from /home/airflow/.local/lib/python3.7/site-packages/airflow/example_dags/example_trigger_target_dag.py
[2022-10-19T15:43:38.156+0000] {logging_mixin.py:117} INFO - [2022-10-19T15:43:38.156+0000] {dag.py:2573} INFO - Sync 1 DAGs
[2022-10-19T15:43:38.178+0000] {logging_mixin.py:117} INFO - [2022-10-19T15:43:38.177+0000] {dag.py:3328} INFO - Setting next_dagrun for example_trigger_target_dag to None, run_after=None
[2022-10-19T15:43:38.205+0000] {processor.py:178} INFO - Processing /home/airflow/.local/lib/python3.7/site-packages/airflow/example_dags/example_trigger_target_dag.py took 0.123 seconds
[2022-10-19T15:44:54.815+0000] {processor.py:156} INFO - Started process (PID=1059) to work on /home/airflow/.local/lib/python3.7/site-packages/airflow/example_dags/example_trigger_target_dag.py
[2022-10-19T15:44:54.840+0000] {processor.py:758} INFO - Processing file /home/airflow/.local/lib/python3.7/site-packages/airflow/example_dags/example_trigger_target_dag.py for tasks to queue
[2022-10-19T15:44:54.851+0000] {logging_mixin.py:117} INFO - [2022-10-19T15:44:54.850+0000] {dagbag.py:525} INFO - Filling up the DagBag from /home/airflow/.local/lib/python3.7/site-packages/airflow/example_dags/example_trigger_target_dag.py
[2022-10-19T15:44:55.174+0000] {processor.py:768} INFO - DAG(s) dict_keys(['example_trigger_target_dag']) retrieved from /home/airflow/.local/lib/python3.7/site-packages/airflow/example_dags/example_trigger_target_dag.py
[2022-10-19T15:44:55.893+0000] {logging_mixin.py:117} INFO - [2022-10-19T15:44:55.893+0000] {dag.py:2573} INFO - Sync 1 DAGs
[2022-10-19T15:44:55.933+0000] {logging_mixin.py:117} INFO - [2022-10-19T15:44:55.933+0000] {dag.py:3328} INFO - Setting next_dagrun for example_trigger_target_dag to None, run_after=None
[2022-10-19T15:44:55.993+0000] {processor.py:178} INFO - Processing /home/airflow/.local/lib/python3.7/site-packages/airflow/example_dags/example_trigger_target_dag.py took 1.210 seconds
[2022-10-19T15:45:26.592+0000] {processor.py:156} INFO - Started process (PID=1115) to work on /home/airflow/.local/lib/python3.7/site-packages/airflow/example_dags/example_trigger_target_dag.py
[2022-10-19T15:45:26.620+0000] {processor.py:758} INFO - Processing file /home/airflow/.local/lib/python3.7/site-packages/airflow/example_dags/example_trigger_target_dag.py for tasks to queue
[2022-10-19T15:45:26.635+0000] {logging_mixin.py:117} INFO - [2022-10-19T15:45:26.634+0000] {dagbag.py:525} INFO - Filling up the DagBag from /home/airflow/.local/lib/python3.7/site-packages/airflow/example_dags/example_trigger_target_dag.py
[2022-10-19T15:45:26.746+0000] {processor.py:768} INFO - DAG(s) dict_keys(['example_trigger_target_dag']) retrieved from /home/airflow/.local/lib/python3.7/site-packages/airflow/example_dags/example_trigger_target_dag.py
[2022-10-19T15:45:26.884+0000] {logging_mixin.py:117} INFO - [2022-10-19T15:45:26.884+0000] {dag.py:2573} INFO - Sync 1 DAGs
[2022-10-19T15:45:27.035+0000] {logging_mixin.py:117} INFO - [2022-10-19T15:45:27.034+0000] {dag.py:3328} INFO - Setting next_dagrun for example_trigger_target_dag to None, run_after=None
[2022-10-19T15:45:27.128+0000] {processor.py:178} INFO - Processing /home/airflow/.local/lib/python3.7/site-packages/airflow/example_dags/example_trigger_target_dag.py took 0.551 seconds
[2022-10-19T15:46:48.053+0000] {processor.py:156} INFO - Started process (PID=1192) to work on /home/airflow/.local/lib/python3.7/site-packages/airflow/example_dags/example_trigger_target_dag.py
[2022-10-19T15:46:48.055+0000] {processor.py:758} INFO - Processing file /home/airflow/.local/lib/python3.7/site-packages/airflow/example_dags/example_trigger_target_dag.py for tasks to queue
[2022-10-19T15:46:48.056+0000] {logging_mixin.py:117} INFO - [2022-10-19T15:46:48.056+0000] {dagbag.py:525} INFO - Filling up the DagBag from /home/airflow/.local/lib/python3.7/site-packages/airflow/example_dags/example_trigger_target_dag.py
[2022-10-19T15:46:48.076+0000] {processor.py:768} INFO - DAG(s) dict_keys(['example_trigger_target_dag']) retrieved from /home/airflow/.local/lib/python3.7/site-packages/airflow/example_dags/example_trigger_target_dag.py
[2022-10-19T15:46:48.117+0000] {logging_mixin.py:117} INFO - [2022-10-19T15:46:48.117+0000] {dag.py:2573} INFO - Sync 1 DAGs
[2022-10-19T15:46:48.143+0000] {logging_mixin.py:117} INFO - [2022-10-19T15:46:48.143+0000] {dag.py:3328} INFO - Setting next_dagrun for example_trigger_target_dag to None, run_after=None
[2022-10-19T15:46:48.168+0000] {processor.py:178} INFO - Processing /home/airflow/.local/lib/python3.7/site-packages/airflow/example_dags/example_trigger_target_dag.py took 0.118 seconds
[2022-10-19T15:47:18.228+0000] {processor.py:156} INFO - Started process (PID=1248) to work on /home/airflow/.local/lib/python3.7/site-packages/airflow/example_dags/example_trigger_target_dag.py
[2022-10-19T15:47:18.231+0000] {processor.py:758} INFO - Processing file /home/airflow/.local/lib/python3.7/site-packages/airflow/example_dags/example_trigger_target_dag.py for tasks to queue
[2022-10-19T15:47:18.233+0000] {logging_mixin.py:117} INFO - [2022-10-19T15:47:18.233+0000] {dagbag.py:525} INFO - Filling up the DagBag from /home/airflow/.local/lib/python3.7/site-packages/airflow/example_dags/example_trigger_target_dag.py
[2022-10-19T15:47:18.254+0000] {processor.py:768} INFO - DAG(s) dict_keys(['example_trigger_target_dag']) retrieved from /home/airflow/.local/lib/python3.7/site-packages/airflow/example_dags/example_trigger_target_dag.py
[2022-10-19T15:47:18.287+0000] {logging_mixin.py:117} INFO - [2022-10-19T15:47:18.287+0000] {dag.py:2573} INFO - Sync 1 DAGs
[2022-10-19T15:47:18.308+0000] {logging_mixin.py:117} INFO - [2022-10-19T15:47:18.308+0000] {dag.py:3328} INFO - Setting next_dagrun for example_trigger_target_dag to None, run_after=None
[2022-10-19T15:47:18.324+0000] {processor.py:178} INFO - Processing /home/airflow/.local/lib/python3.7/site-packages/airflow/example_dags/example_trigger_target_dag.py took 0.099 seconds
[2022-10-19T15:47:57.894+0000] {processor.py:156} INFO - Started process (PID=1312) to work on /home/airflow/.local/lib/python3.7/site-packages/airflow/example_dags/example_trigger_target_dag.py
[2022-10-19T15:47:57.896+0000] {processor.py:758} INFO - Processing file /home/airflow/.local/lib/python3.7/site-packages/airflow/example_dags/example_trigger_target_dag.py for tasks to queue
[2022-10-19T15:47:57.900+0000] {logging_mixin.py:117} INFO - [2022-10-19T15:47:57.900+0000] {dagbag.py:525} INFO - Filling up the DagBag from /home/airflow/.local/lib/python3.7/site-packages/airflow/example_dags/example_trigger_target_dag.py
[2022-10-19T15:47:57.922+0000] {processor.py:768} INFO - DAG(s) dict_keys(['example_trigger_target_dag']) retrieved from /home/airflow/.local/lib/python3.7/site-packages/airflow/example_dags/example_trigger_target_dag.py
[2022-10-19T15:47:57.962+0000] {logging_mixin.py:117} INFO - [2022-10-19T15:47:57.962+0000] {dag.py:2573} INFO - Sync 1 DAGs
[2022-10-19T15:47:57.984+0000] {logging_mixin.py:117} INFO - [2022-10-19T15:47:57.984+0000] {dag.py:3328} INFO - Setting next_dagrun for example_trigger_target_dag to None, run_after=None
[2022-10-19T15:47:58.006+0000] {processor.py:178} INFO - Processing /home/airflow/.local/lib/python3.7/site-packages/airflow/example_dags/example_trigger_target_dag.py took 0.115 seconds
[2022-10-19T15:48:48.611+0000] {processor.py:156} INFO - Started process (PID=1381) to work on /home/airflow/.local/lib/python3.7/site-packages/airflow/example_dags/example_trigger_target_dag.py
[2022-10-19T15:48:48.620+0000] {processor.py:758} INFO - Processing file /home/airflow/.local/lib/python3.7/site-packages/airflow/example_dags/example_trigger_target_dag.py for tasks to queue
[2022-10-19T15:48:48.626+0000] {logging_mixin.py:117} INFO - [2022-10-19T15:48:48.624+0000] {dagbag.py:525} INFO - Filling up the DagBag from /home/airflow/.local/lib/python3.7/site-packages/airflow/example_dags/example_trigger_target_dag.py
[2022-10-19T15:48:48.814+0000] {processor.py:768} INFO - DAG(s) dict_keys(['example_trigger_target_dag']) retrieved from /home/airflow/.local/lib/python3.7/site-packages/airflow/example_dags/example_trigger_target_dag.py
[2022-10-19T15:48:52.134+0000] {logging_mixin.py:117} INFO - [2022-10-19T15:48:52.120+0000] {dag.py:2573} INFO - Sync 1 DAGs
[2022-10-19T15:48:52.613+0000] {logging_mixin.py:117} INFO - [2022-10-19T15:48:52.613+0000] {dag.py:3328} INFO - Setting next_dagrun for example_trigger_target_dag to None, run_after=None
[2022-10-19T15:48:54.211+0000] {processor.py:178} INFO - Processing /home/airflow/.local/lib/python3.7/site-packages/airflow/example_dags/example_trigger_target_dag.py took 5.609 seconds
[2022-10-19T15:51:33.122+0000] {processor.py:156} INFO - Started process (PID=1491) to work on /home/airflow/.local/lib/python3.7/site-packages/airflow/example_dags/example_trigger_target_dag.py
[2022-10-19T15:51:33.127+0000] {processor.py:758} INFO - Processing file /home/airflow/.local/lib/python3.7/site-packages/airflow/example_dags/example_trigger_target_dag.py for tasks to queue
[2022-10-19T15:51:33.128+0000] {logging_mixin.py:117} INFO - [2022-10-19T15:51:33.128+0000] {dagbag.py:525} INFO - Filling up the DagBag from /home/airflow/.local/lib/python3.7/site-packages/airflow/example_dags/example_trigger_target_dag.py
[2022-10-19T15:51:33.149+0000] {processor.py:768} INFO - DAG(s) dict_keys(['example_trigger_target_dag']) retrieved from /home/airflow/.local/lib/python3.7/site-packages/airflow/example_dags/example_trigger_target_dag.py
[2022-10-19T15:51:33.196+0000] {logging_mixin.py:117} INFO - [2022-10-19T15:51:33.196+0000] {dag.py:2573} INFO - Sync 1 DAGs
[2022-10-19T15:51:33.222+0000] {logging_mixin.py:117} INFO - [2022-10-19T15:51:33.222+0000] {dag.py:3328} INFO - Setting next_dagrun for example_trigger_target_dag to None, run_after=None
[2022-10-19T15:51:33.237+0000] {processor.py:178} INFO - Processing /home/airflow/.local/lib/python3.7/site-packages/airflow/example_dags/example_trigger_target_dag.py took 0.117 seconds
[2022-10-19T15:59:17.748+0000] {processor.py:156} INFO - Started process (PID=138) to work on /home/airflow/.local/lib/python3.7/site-packages/airflow/example_dags/example_trigger_target_dag.py
[2022-10-19T15:59:17.751+0000] {processor.py:758} INFO - Processing file /home/airflow/.local/lib/python3.7/site-packages/airflow/example_dags/example_trigger_target_dag.py for tasks to queue
[2022-10-19T15:59:17.754+0000] {logging_mixin.py:117} INFO - [2022-10-19T15:59:17.754+0000] {dagbag.py:525} INFO - Filling up the DagBag from /home/airflow/.local/lib/python3.7/site-packages/airflow/example_dags/example_trigger_target_dag.py
[2022-10-19T15:59:17.772+0000] {processor.py:768} INFO - DAG(s) dict_keys(['example_trigger_target_dag']) retrieved from /home/airflow/.local/lib/python3.7/site-packages/airflow/example_dags/example_trigger_target_dag.py
[2022-10-19T15:59:17.807+0000] {logging_mixin.py:117} INFO - [2022-10-19T15:59:17.807+0000] {dag.py:2573} INFO - Sync 1 DAGs
[2022-10-19T15:59:17.826+0000] {logging_mixin.py:117} INFO - [2022-10-19T15:59:17.826+0000] {dag.py:3328} INFO - Setting next_dagrun for example_trigger_target_dag to None, run_after=None
[2022-10-19T15:59:17.845+0000] {processor.py:178} INFO - Processing /home/airflow/.local/lib/python3.7/site-packages/airflow/example_dags/example_trigger_target_dag.py took 0.099 seconds
[2022-10-19T15:59:49.270+0000] {processor.py:156} INFO - Started process (PID=203) to work on /home/airflow/.local/lib/python3.7/site-packages/airflow/example_dags/example_trigger_target_dag.py
[2022-10-19T15:59:49.272+0000] {processor.py:758} INFO - Processing file /home/airflow/.local/lib/python3.7/site-packages/airflow/example_dags/example_trigger_target_dag.py for tasks to queue
[2022-10-19T15:59:49.274+0000] {logging_mixin.py:117} INFO - [2022-10-19T15:59:49.274+0000] {dagbag.py:525} INFO - Filling up the DagBag from /home/airflow/.local/lib/python3.7/site-packages/airflow/example_dags/example_trigger_target_dag.py
[2022-10-19T15:59:49.297+0000] {processor.py:768} INFO - DAG(s) dict_keys(['example_trigger_target_dag']) retrieved from /home/airflow/.local/lib/python3.7/site-packages/airflow/example_dags/example_trigger_target_dag.py
[2022-10-19T15:59:49.328+0000] {logging_mixin.py:117} INFO - [2022-10-19T15:59:49.328+0000] {dag.py:2573} INFO - Sync 1 DAGs
[2022-10-19T15:59:49.347+0000] {logging_mixin.py:117} INFO - [2022-10-19T15:59:49.347+0000] {dag.py:3328} INFO - Setting next_dagrun for example_trigger_target_dag to None, run_after=None
[2022-10-19T15:59:49.360+0000] {processor.py:178} INFO - Processing /home/airflow/.local/lib/python3.7/site-packages/airflow/example_dags/example_trigger_target_dag.py took 0.092 seconds
[2022-10-19T16:00:24.401+0000] {processor.py:156} INFO - Started process (PID=268) to work on /home/airflow/.local/lib/python3.7/site-packages/airflow/example_dags/example_trigger_target_dag.py
[2022-10-19T16:00:24.402+0000] {processor.py:758} INFO - Processing file /home/airflow/.local/lib/python3.7/site-packages/airflow/example_dags/example_trigger_target_dag.py for tasks to queue
[2022-10-19T16:00:24.404+0000] {logging_mixin.py:117} INFO - [2022-10-19T16:00:24.403+0000] {dagbag.py:525} INFO - Filling up the DagBag from /home/airflow/.local/lib/python3.7/site-packages/airflow/example_dags/example_trigger_target_dag.py
[2022-10-19T16:00:24.423+0000] {processor.py:768} INFO - DAG(s) dict_keys(['example_trigger_target_dag']) retrieved from /home/airflow/.local/lib/python3.7/site-packages/airflow/example_dags/example_trigger_target_dag.py
[2022-10-19T16:00:24.467+0000] {logging_mixin.py:117} INFO - [2022-10-19T16:00:24.467+0000] {dag.py:2573} INFO - Sync 1 DAGs
[2022-10-19T16:00:24.489+0000] {logging_mixin.py:117} INFO - [2022-10-19T16:00:24.488+0000] {dag.py:3328} INFO - Setting next_dagrun for example_trigger_target_dag to None, run_after=None
[2022-10-19T16:00:24.514+0000] {processor.py:178} INFO - Processing /home/airflow/.local/lib/python3.7/site-packages/airflow/example_dags/example_trigger_target_dag.py took 0.116 seconds
[2022-10-19T16:00:54.610+0000] {processor.py:156} INFO - Started process (PID=324) to work on /home/airflow/.local/lib/python3.7/site-packages/airflow/example_dags/example_trigger_target_dag.py
[2022-10-19T16:00:54.612+0000] {processor.py:758} INFO - Processing file /home/airflow/.local/lib/python3.7/site-packages/airflow/example_dags/example_trigger_target_dag.py for tasks to queue
[2022-10-19T16:00:54.614+0000] {logging_mixin.py:117} INFO - [2022-10-19T16:00:54.614+0000] {dagbag.py:525} INFO - Filling up the DagBag from /home/airflow/.local/lib/python3.7/site-packages/airflow/example_dags/example_trigger_target_dag.py
[2022-10-19T16:00:54.629+0000] {processor.py:768} INFO - DAG(s) dict_keys(['example_trigger_target_dag']) retrieved from /home/airflow/.local/lib/python3.7/site-packages/airflow/example_dags/example_trigger_target_dag.py
[2022-10-19T16:00:54.653+0000] {logging_mixin.py:117} INFO - [2022-10-19T16:00:54.653+0000] {dag.py:2573} INFO - Sync 1 DAGs
[2022-10-19T16:00:54.667+0000] {logging_mixin.py:117} INFO - [2022-10-19T16:00:54.667+0000] {dag.py:3328} INFO - Setting next_dagrun for example_trigger_target_dag to None, run_after=None
[2022-10-19T16:00:54.679+0000] {processor.py:178} INFO - Processing /home/airflow/.local/lib/python3.7/site-packages/airflow/example_dags/example_trigger_target_dag.py took 0.072 seconds
[2022-10-19T16:01:25.667+0000] {processor.py:156} INFO - Started process (PID=389) to work on /home/airflow/.local/lib/python3.7/site-packages/airflow/example_dags/example_trigger_target_dag.py
[2022-10-19T16:01:25.669+0000] {processor.py:758} INFO - Processing file /home/airflow/.local/lib/python3.7/site-packages/airflow/example_dags/example_trigger_target_dag.py for tasks to queue
[2022-10-19T16:01:25.671+0000] {logging_mixin.py:117} INFO - [2022-10-19T16:01:25.671+0000] {dagbag.py:525} INFO - Filling up the DagBag from /home/airflow/.local/lib/python3.7/site-packages/airflow/example_dags/example_trigger_target_dag.py
[2022-10-19T16:01:25.693+0000] {processor.py:768} INFO - DAG(s) dict_keys(['example_trigger_target_dag']) retrieved from /home/airflow/.local/lib/python3.7/site-packages/airflow/example_dags/example_trigger_target_dag.py
[2022-10-19T16:01:25.728+0000] {logging_mixin.py:117} INFO - [2022-10-19T16:01:25.728+0000] {dag.py:2573} INFO - Sync 1 DAGs
[2022-10-19T16:01:25.750+0000] {logging_mixin.py:117} INFO - [2022-10-19T16:01:25.750+0000] {dag.py:3328} INFO - Setting next_dagrun for example_trigger_target_dag to None, run_after=None
[2022-10-19T16:01:25.780+0000] {processor.py:178} INFO - Processing /home/airflow/.local/lib/python3.7/site-packages/airflow/example_dags/example_trigger_target_dag.py took 0.117 seconds
[2022-10-19T16:01:56.071+0000] {processor.py:156} INFO - Started process (PID=455) to work on /home/airflow/.local/lib/python3.7/site-packages/airflow/example_dags/example_trigger_target_dag.py
[2022-10-19T16:01:56.073+0000] {processor.py:758} INFO - Processing file /home/airflow/.local/lib/python3.7/site-packages/airflow/example_dags/example_trigger_target_dag.py for tasks to queue
[2022-10-19T16:01:56.077+0000] {logging_mixin.py:117} INFO - [2022-10-19T16:01:56.077+0000] {dagbag.py:525} INFO - Filling up the DagBag from /home/airflow/.local/lib/python3.7/site-packages/airflow/example_dags/example_trigger_target_dag.py
[2022-10-19T16:01:56.121+0000] {processor.py:768} INFO - DAG(s) dict_keys(['example_trigger_target_dag']) retrieved from /home/airflow/.local/lib/python3.7/site-packages/airflow/example_dags/example_trigger_target_dag.py
[2022-10-19T16:01:56.185+0000] {logging_mixin.py:117} INFO - [2022-10-19T16:01:56.185+0000] {dag.py:2573} INFO - Sync 1 DAGs
[2022-10-19T16:01:56.218+0000] {logging_mixin.py:117} INFO - [2022-10-19T16:01:56.218+0000] {dag.py:3328} INFO - Setting next_dagrun for example_trigger_target_dag to None, run_after=None
[2022-10-19T16:01:56.240+0000] {processor.py:178} INFO - Processing /home/airflow/.local/lib/python3.7/site-packages/airflow/example_dags/example_trigger_target_dag.py took 0.175 seconds
[2022-10-19T16:02:26.331+0000] {processor.py:156} INFO - Started process (PID=518) to work on /home/airflow/.local/lib/python3.7/site-packages/airflow/example_dags/example_trigger_target_dag.py
[2022-10-19T16:02:26.333+0000] {processor.py:758} INFO - Processing file /home/airflow/.local/lib/python3.7/site-packages/airflow/example_dags/example_trigger_target_dag.py for tasks to queue
[2022-10-19T16:02:26.334+0000] {logging_mixin.py:117} INFO - [2022-10-19T16:02:26.334+0000] {dagbag.py:525} INFO - Filling up the DagBag from /home/airflow/.local/lib/python3.7/site-packages/airflow/example_dags/example_trigger_target_dag.py
[2022-10-19T16:02:26.349+0000] {processor.py:768} INFO - DAG(s) dict_keys(['example_trigger_target_dag']) retrieved from /home/airflow/.local/lib/python3.7/site-packages/airflow/example_dags/example_trigger_target_dag.py
[2022-10-19T16:02:26.374+0000] {logging_mixin.py:117} INFO - [2022-10-19T16:02:26.374+0000] {dag.py:2573} INFO - Sync 1 DAGs
[2022-10-19T16:02:26.391+0000] {logging_mixin.py:117} INFO - [2022-10-19T16:02:26.391+0000] {dag.py:3328} INFO - Setting next_dagrun for example_trigger_target_dag to None, run_after=None
[2022-10-19T16:02:26.405+0000] {processor.py:178} INFO - Processing /home/airflow/.local/lib/python3.7/site-packages/airflow/example_dags/example_trigger_target_dag.py took 0.076 seconds
[2022-10-19T16:02:56.450+0000] {processor.py:156} INFO - Started process (PID=576) to work on /home/airflow/.local/lib/python3.7/site-packages/airflow/example_dags/example_trigger_target_dag.py
[2022-10-19T16:02:56.452+0000] {processor.py:758} INFO - Processing file /home/airflow/.local/lib/python3.7/site-packages/airflow/example_dags/example_trigger_target_dag.py for tasks to queue
[2022-10-19T16:02:56.453+0000] {logging_mixin.py:117} INFO - [2022-10-19T16:02:56.453+0000] {dagbag.py:525} INFO - Filling up the DagBag from /home/airflow/.local/lib/python3.7/site-packages/airflow/example_dags/example_trigger_target_dag.py
[2022-10-19T16:02:56.466+0000] {processor.py:768} INFO - DAG(s) dict_keys(['example_trigger_target_dag']) retrieved from /home/airflow/.local/lib/python3.7/site-packages/airflow/example_dags/example_trigger_target_dag.py
[2022-10-19T16:02:56.491+0000] {logging_mixin.py:117} INFO - [2022-10-19T16:02:56.491+0000] {dag.py:2573} INFO - Sync 1 DAGs
[2022-10-19T16:02:56.505+0000] {logging_mixin.py:117} INFO - [2022-10-19T16:02:56.505+0000] {dag.py:3328} INFO - Setting next_dagrun for example_trigger_target_dag to None, run_after=None
[2022-10-19T16:02:56.517+0000] {processor.py:178} INFO - Processing /home/airflow/.local/lib/python3.7/site-packages/airflow/example_dags/example_trigger_target_dag.py took 0.070 seconds
[2022-10-19T16:03:27.363+0000] {processor.py:156} INFO - Started process (PID=641) to work on /home/airflow/.local/lib/python3.7/site-packages/airflow/example_dags/example_trigger_target_dag.py
[2022-10-19T16:03:27.365+0000] {processor.py:758} INFO - Processing file /home/airflow/.local/lib/python3.7/site-packages/airflow/example_dags/example_trigger_target_dag.py for tasks to queue
[2022-10-19T16:03:27.366+0000] {logging_mixin.py:117} INFO - [2022-10-19T16:03:27.366+0000] {dagbag.py:525} INFO - Filling up the DagBag from /home/airflow/.local/lib/python3.7/site-packages/airflow/example_dags/example_trigger_target_dag.py
[2022-10-19T16:03:27.384+0000] {processor.py:768} INFO - DAG(s) dict_keys(['example_trigger_target_dag']) retrieved from /home/airflow/.local/lib/python3.7/site-packages/airflow/example_dags/example_trigger_target_dag.py
[2022-10-19T16:03:27.416+0000] {logging_mixin.py:117} INFO - [2022-10-19T16:03:27.416+0000] {dag.py:2573} INFO - Sync 1 DAGs
[2022-10-19T16:03:27.441+0000] {logging_mixin.py:117} INFO - [2022-10-19T16:03:27.441+0000] {dag.py:3328} INFO - Setting next_dagrun for example_trigger_target_dag to None, run_after=None
[2022-10-19T16:03:27.461+0000] {processor.py:178} INFO - Processing /home/airflow/.local/lib/python3.7/site-packages/airflow/example_dags/example_trigger_target_dag.py took 0.100 seconds
[2022-10-19T16:03:57.605+0000] {processor.py:156} INFO - Started process (PID=706) to work on /home/airflow/.local/lib/python3.7/site-packages/airflow/example_dags/example_trigger_target_dag.py
[2022-10-19T16:03:57.607+0000] {processor.py:758} INFO - Processing file /home/airflow/.local/lib/python3.7/site-packages/airflow/example_dags/example_trigger_target_dag.py for tasks to queue
[2022-10-19T16:03:57.608+0000] {logging_mixin.py:117} INFO - [2022-10-19T16:03:57.608+0000] {dagbag.py:525} INFO - Filling up the DagBag from /home/airflow/.local/lib/python3.7/site-packages/airflow/example_dags/example_trigger_target_dag.py
[2022-10-19T16:03:57.624+0000] {processor.py:768} INFO - DAG(s) dict_keys(['example_trigger_target_dag']) retrieved from /home/airflow/.local/lib/python3.7/site-packages/airflow/example_dags/example_trigger_target_dag.py
[2022-10-19T16:03:57.652+0000] {logging_mixin.py:117} INFO - [2022-10-19T16:03:57.652+0000] {dag.py:2573} INFO - Sync 1 DAGs
[2022-10-19T16:03:57.668+0000] {logging_mixin.py:117} INFO - [2022-10-19T16:03:57.668+0000] {dag.py:3328} INFO - Setting next_dagrun for example_trigger_target_dag to None, run_after=None
[2022-10-19T16:03:57.680+0000] {processor.py:178} INFO - Processing /home/airflow/.local/lib/python3.7/site-packages/airflow/example_dags/example_trigger_target_dag.py took 0.076 seconds
[2022-10-19T16:04:28.589+0000] {processor.py:156} INFO - Started process (PID=771) to work on /home/airflow/.local/lib/python3.7/site-packages/airflow/example_dags/example_trigger_target_dag.py
[2022-10-19T16:04:28.592+0000] {processor.py:758} INFO - Processing file /home/airflow/.local/lib/python3.7/site-packages/airflow/example_dags/example_trigger_target_dag.py for tasks to queue
[2022-10-19T16:04:28.593+0000] {logging_mixin.py:117} INFO - [2022-10-19T16:04:28.593+0000] {dagbag.py:525} INFO - Filling up the DagBag from /home/airflow/.local/lib/python3.7/site-packages/airflow/example_dags/example_trigger_target_dag.py
[2022-10-19T16:04:28.608+0000] {processor.py:768} INFO - DAG(s) dict_keys(['example_trigger_target_dag']) retrieved from /home/airflow/.local/lib/python3.7/site-packages/airflow/example_dags/example_trigger_target_dag.py
[2022-10-19T16:04:28.652+0000] {logging_mixin.py:117} INFO - [2022-10-19T16:04:28.652+0000] {dag.py:2573} INFO - Sync 1 DAGs
[2022-10-19T16:04:28.680+0000] {logging_mixin.py:117} INFO - [2022-10-19T16:04:28.679+0000] {dag.py:3328} INFO - Setting next_dagrun for example_trigger_target_dag to None, run_after=None
[2022-10-19T16:04:28.711+0000] {processor.py:178} INFO - Processing /home/airflow/.local/lib/python3.7/site-packages/airflow/example_dags/example_trigger_target_dag.py took 0.124 seconds
[2022-10-19T16:04:59.208+0000] {processor.py:156} INFO - Started process (PID=827) to work on /home/airflow/.local/lib/python3.7/site-packages/airflow/example_dags/example_trigger_target_dag.py
[2022-10-19T16:04:59.210+0000] {processor.py:758} INFO - Processing file /home/airflow/.local/lib/python3.7/site-packages/airflow/example_dags/example_trigger_target_dag.py for tasks to queue
[2022-10-19T16:04:59.211+0000] {logging_mixin.py:117} INFO - [2022-10-19T16:04:59.211+0000] {dagbag.py:525} INFO - Filling up the DagBag from /home/airflow/.local/lib/python3.7/site-packages/airflow/example_dags/example_trigger_target_dag.py
[2022-10-19T16:04:59.225+0000] {processor.py:768} INFO - DAG(s) dict_keys(['example_trigger_target_dag']) retrieved from /home/airflow/.local/lib/python3.7/site-packages/airflow/example_dags/example_trigger_target_dag.py
[2022-10-19T16:04:59.250+0000] {logging_mixin.py:117} INFO - [2022-10-19T16:04:59.250+0000] {dag.py:2573} INFO - Sync 1 DAGs
[2022-10-19T16:04:59.265+0000] {logging_mixin.py:117} INFO - [2022-10-19T16:04:59.264+0000] {dag.py:3328} INFO - Setting next_dagrun for example_trigger_target_dag to None, run_after=None
[2022-10-19T16:04:59.276+0000] {processor.py:178} INFO - Processing /home/airflow/.local/lib/python3.7/site-packages/airflow/example_dags/example_trigger_target_dag.py took 0.071 seconds
[2022-10-19T16:05:30.482+0000] {processor.py:156} INFO - Started process (PID=893) to work on /home/airflow/.local/lib/python3.7/site-packages/airflow/example_dags/example_trigger_target_dag.py
[2022-10-19T16:05:30.483+0000] {processor.py:758} INFO - Processing file /home/airflow/.local/lib/python3.7/site-packages/airflow/example_dags/example_trigger_target_dag.py for tasks to queue
[2022-10-19T16:05:30.485+0000] {logging_mixin.py:117} INFO - [2022-10-19T16:05:30.485+0000] {dagbag.py:525} INFO - Filling up the DagBag from /home/airflow/.local/lib/python3.7/site-packages/airflow/example_dags/example_trigger_target_dag.py
[2022-10-19T16:05:30.502+0000] {processor.py:768} INFO - DAG(s) dict_keys(['example_trigger_target_dag']) retrieved from /home/airflow/.local/lib/python3.7/site-packages/airflow/example_dags/example_trigger_target_dag.py
[2022-10-19T16:05:30.529+0000] {logging_mixin.py:117} INFO - [2022-10-19T16:05:30.529+0000] {dag.py:2573} INFO - Sync 1 DAGs
[2022-10-19T16:05:30.547+0000] {logging_mixin.py:117} INFO - [2022-10-19T16:05:30.547+0000] {dag.py:3328} INFO - Setting next_dagrun for example_trigger_target_dag to None, run_after=None
[2022-10-19T16:05:30.559+0000] {processor.py:178} INFO - Processing /home/airflow/.local/lib/python3.7/site-packages/airflow/example_dags/example_trigger_target_dag.py took 0.080 seconds
[2022-10-19T16:06:01.172+0000] {processor.py:156} INFO - Started process (PID=957) to work on /home/airflow/.local/lib/python3.7/site-packages/airflow/example_dags/example_trigger_target_dag.py
[2022-10-19T16:06:01.174+0000] {processor.py:758} INFO - Processing file /home/airflow/.local/lib/python3.7/site-packages/airflow/example_dags/example_trigger_target_dag.py for tasks to queue
[2022-10-19T16:06:01.175+0000] {logging_mixin.py:117} INFO - [2022-10-19T16:06:01.175+0000] {dagbag.py:525} INFO - Filling up the DagBag from /home/airflow/.local/lib/python3.7/site-packages/airflow/example_dags/example_trigger_target_dag.py
[2022-10-19T16:06:01.193+0000] {processor.py:768} INFO - DAG(s) dict_keys(['example_trigger_target_dag']) retrieved from /home/airflow/.local/lib/python3.7/site-packages/airflow/example_dags/example_trigger_target_dag.py
[2022-10-19T16:06:01.226+0000] {logging_mixin.py:117} INFO - [2022-10-19T16:06:01.226+0000] {dag.py:2573} INFO - Sync 1 DAGs
[2022-10-19T16:06:01.244+0000] {logging_mixin.py:117} INFO - [2022-10-19T16:06:01.244+0000] {dag.py:3328} INFO - Setting next_dagrun for example_trigger_target_dag to None, run_after=None
[2022-10-19T16:06:01.259+0000] {processor.py:178} INFO - Processing /home/airflow/.local/lib/python3.7/site-packages/airflow/example_dags/example_trigger_target_dag.py took 0.089 seconds
[2022-10-19T16:06:31.584+0000] {processor.py:156} INFO - Started process (PID=1022) to work on /home/airflow/.local/lib/python3.7/site-packages/airflow/example_dags/example_trigger_target_dag.py
[2022-10-19T16:06:31.586+0000] {processor.py:758} INFO - Processing file /home/airflow/.local/lib/python3.7/site-packages/airflow/example_dags/example_trigger_target_dag.py for tasks to queue
[2022-10-19T16:06:31.589+0000] {logging_mixin.py:117} INFO - [2022-10-19T16:06:31.588+0000] {dagbag.py:525} INFO - Filling up the DagBag from /home/airflow/.local/lib/python3.7/site-packages/airflow/example_dags/example_trigger_target_dag.py
[2022-10-19T16:06:31.620+0000] {processor.py:768} INFO - DAG(s) dict_keys(['example_trigger_target_dag']) retrieved from /home/airflow/.local/lib/python3.7/site-packages/airflow/example_dags/example_trigger_target_dag.py
[2022-10-19T16:06:31.665+0000] {logging_mixin.py:117} INFO - [2022-10-19T16:06:31.665+0000] {dag.py:2573} INFO - Sync 1 DAGs
[2022-10-19T16:06:31.690+0000] {logging_mixin.py:117} INFO - [2022-10-19T16:06:31.690+0000] {dag.py:3328} INFO - Setting next_dagrun for example_trigger_target_dag to None, run_after=None
[2022-10-19T16:06:31.708+0000] {processor.py:178} INFO - Processing /home/airflow/.local/lib/python3.7/site-packages/airflow/example_dags/example_trigger_target_dag.py took 0.127 seconds
[2022-10-19T16:07:04.137+0000] {processor.py:156} INFO - Started process (PID=1088) to work on /home/airflow/.local/lib/python3.7/site-packages/airflow/example_dags/example_trigger_target_dag.py
[2022-10-19T16:07:04.139+0000] {processor.py:758} INFO - Processing file /home/airflow/.local/lib/python3.7/site-packages/airflow/example_dags/example_trigger_target_dag.py for tasks to queue
[2022-10-19T16:07:04.141+0000] {logging_mixin.py:117} INFO - [2022-10-19T16:07:04.141+0000] {dagbag.py:525} INFO - Filling up the DagBag from /home/airflow/.local/lib/python3.7/site-packages/airflow/example_dags/example_trigger_target_dag.py
[2022-10-19T16:07:04.174+0000] {processor.py:768} INFO - DAG(s) dict_keys(['example_trigger_target_dag']) retrieved from /home/airflow/.local/lib/python3.7/site-packages/airflow/example_dags/example_trigger_target_dag.py
[2022-10-19T16:07:04.224+0000] {logging_mixin.py:117} INFO - [2022-10-19T16:07:04.224+0000] {dag.py:2573} INFO - Sync 1 DAGs
[2022-10-19T16:07:04.256+0000] {logging_mixin.py:117} INFO - [2022-10-19T16:07:04.256+0000] {dag.py:3328} INFO - Setting next_dagrun for example_trigger_target_dag to None, run_after=None
[2022-10-19T16:07:04.278+0000] {processor.py:178} INFO - Processing /home/airflow/.local/lib/python3.7/site-packages/airflow/example_dags/example_trigger_target_dag.py took 0.143 seconds
[2022-10-19T16:07:34.446+0000] {processor.py:156} INFO - Started process (PID=1143) to work on /home/airflow/.local/lib/python3.7/site-packages/airflow/example_dags/example_trigger_target_dag.py
[2022-10-19T16:07:34.449+0000] {processor.py:758} INFO - Processing file /home/airflow/.local/lib/python3.7/site-packages/airflow/example_dags/example_trigger_target_dag.py for tasks to queue
[2022-10-19T16:07:34.451+0000] {logging_mixin.py:117} INFO - [2022-10-19T16:07:34.451+0000] {dagbag.py:525} INFO - Filling up the DagBag from /home/airflow/.local/lib/python3.7/site-packages/airflow/example_dags/example_trigger_target_dag.py
[2022-10-19T16:07:34.474+0000] {processor.py:768} INFO - DAG(s) dict_keys(['example_trigger_target_dag']) retrieved from /home/airflow/.local/lib/python3.7/site-packages/airflow/example_dags/example_trigger_target_dag.py
[2022-10-19T16:07:34.549+0000] {logging_mixin.py:117} INFO - [2022-10-19T16:07:34.549+0000] {dag.py:2573} INFO - Sync 1 DAGs
[2022-10-19T16:07:34.578+0000] {logging_mixin.py:117} INFO - [2022-10-19T16:07:34.578+0000] {dag.py:3328} INFO - Setting next_dagrun for example_trigger_target_dag to None, run_after=None
[2022-10-19T16:07:34.591+0000] {processor.py:178} INFO - Processing /home/airflow/.local/lib/python3.7/site-packages/airflow/example_dags/example_trigger_target_dag.py took 0.150 seconds
[2022-10-19T16:08:05.138+0000] {processor.py:156} INFO - Started process (PID=1208) to work on /home/airflow/.local/lib/python3.7/site-packages/airflow/example_dags/example_trigger_target_dag.py
[2022-10-19T16:08:05.143+0000] {processor.py:758} INFO - Processing file /home/airflow/.local/lib/python3.7/site-packages/airflow/example_dags/example_trigger_target_dag.py for tasks to queue
[2022-10-19T16:08:05.146+0000] {logging_mixin.py:117} INFO - [2022-10-19T16:08:05.146+0000] {dagbag.py:525} INFO - Filling up the DagBag from /home/airflow/.local/lib/python3.7/site-packages/airflow/example_dags/example_trigger_target_dag.py
[2022-10-19T16:08:05.175+0000] {processor.py:768} INFO - DAG(s) dict_keys(['example_trigger_target_dag']) retrieved from /home/airflow/.local/lib/python3.7/site-packages/airflow/example_dags/example_trigger_target_dag.py
[2022-10-19T16:08:05.227+0000] {logging_mixin.py:117} INFO - [2022-10-19T16:08:05.227+0000] {dag.py:2573} INFO - Sync 1 DAGs
[2022-10-19T16:08:05.267+0000] {logging_mixin.py:117} INFO - [2022-10-19T16:08:05.267+0000] {dag.py:3328} INFO - Setting next_dagrun for example_trigger_target_dag to None, run_after=None
[2022-10-19T16:08:05.292+0000] {processor.py:178} INFO - Processing /home/airflow/.local/lib/python3.7/site-packages/airflow/example_dags/example_trigger_target_dag.py took 0.160 seconds
[2022-10-19T16:08:35.507+0000] {processor.py:156} INFO - Started process (PID=1273) to work on /home/airflow/.local/lib/python3.7/site-packages/airflow/example_dags/example_trigger_target_dag.py
[2022-10-19T16:08:35.510+0000] {processor.py:758} INFO - Processing file /home/airflow/.local/lib/python3.7/site-packages/airflow/example_dags/example_trigger_target_dag.py for tasks to queue
[2022-10-19T16:08:35.512+0000] {logging_mixin.py:117} INFO - [2022-10-19T16:08:35.512+0000] {dagbag.py:525} INFO - Filling up the DagBag from /home/airflow/.local/lib/python3.7/site-packages/airflow/example_dags/example_trigger_target_dag.py
[2022-10-19T16:08:35.537+0000] {processor.py:768} INFO - DAG(s) dict_keys(['example_trigger_target_dag']) retrieved from /home/airflow/.local/lib/python3.7/site-packages/airflow/example_dags/example_trigger_target_dag.py
[2022-10-19T16:08:35.577+0000] {logging_mixin.py:117} INFO - [2022-10-19T16:08:35.577+0000] {dag.py:2573} INFO - Sync 1 DAGs
[2022-10-19T16:08:35.598+0000] {logging_mixin.py:117} INFO - [2022-10-19T16:08:35.597+0000] {dag.py:3328} INFO - Setting next_dagrun for example_trigger_target_dag to None, run_after=None
[2022-10-19T16:08:35.618+0000] {processor.py:178} INFO - Processing /home/airflow/.local/lib/python3.7/site-packages/airflow/example_dags/example_trigger_target_dag.py took 0.114 seconds
[2022-10-19T16:09:06.030+0000] {processor.py:156} INFO - Started process (PID=1338) to work on /home/airflow/.local/lib/python3.7/site-packages/airflow/example_dags/example_trigger_target_dag.py
[2022-10-19T16:09:06.033+0000] {processor.py:758} INFO - Processing file /home/airflow/.local/lib/python3.7/site-packages/airflow/example_dags/example_trigger_target_dag.py for tasks to queue
[2022-10-19T16:09:06.035+0000] {logging_mixin.py:117} INFO - [2022-10-19T16:09:06.035+0000] {dagbag.py:525} INFO - Filling up the DagBag from /home/airflow/.local/lib/python3.7/site-packages/airflow/example_dags/example_trigger_target_dag.py
[2022-10-19T16:09:06.066+0000] {processor.py:768} INFO - DAG(s) dict_keys(['example_trigger_target_dag']) retrieved from /home/airflow/.local/lib/python3.7/site-packages/airflow/example_dags/example_trigger_target_dag.py
[2022-10-19T16:09:06.158+0000] {logging_mixin.py:117} INFO - [2022-10-19T16:09:06.158+0000] {dag.py:2573} INFO - Sync 1 DAGs
[2022-10-19T16:09:06.190+0000] {logging_mixin.py:117} INFO - [2022-10-19T16:09:06.189+0000] {dag.py:3328} INFO - Setting next_dagrun for example_trigger_target_dag to None, run_after=None
[2022-10-19T16:09:06.218+0000] {processor.py:178} INFO - Processing /home/airflow/.local/lib/python3.7/site-packages/airflow/example_dags/example_trigger_target_dag.py took 0.191 seconds
[2022-10-19T16:09:36.482+0000] {processor.py:156} INFO - Started process (PID=1394) to work on /home/airflow/.local/lib/python3.7/site-packages/airflow/example_dags/example_trigger_target_dag.py
[2022-10-19T16:09:36.485+0000] {processor.py:758} INFO - Processing file /home/airflow/.local/lib/python3.7/site-packages/airflow/example_dags/example_trigger_target_dag.py for tasks to queue
[2022-10-19T16:09:36.487+0000] {logging_mixin.py:117} INFO - [2022-10-19T16:09:36.487+0000] {dagbag.py:525} INFO - Filling up the DagBag from /home/airflow/.local/lib/python3.7/site-packages/airflow/example_dags/example_trigger_target_dag.py
[2022-10-19T16:09:36.508+0000] {processor.py:768} INFO - DAG(s) dict_keys(['example_trigger_target_dag']) retrieved from /home/airflow/.local/lib/python3.7/site-packages/airflow/example_dags/example_trigger_target_dag.py
[2022-10-19T16:09:36.535+0000] {logging_mixin.py:117} INFO - [2022-10-19T16:09:36.535+0000] {dag.py:2573} INFO - Sync 1 DAGs
[2022-10-19T16:09:36.551+0000] {logging_mixin.py:117} INFO - [2022-10-19T16:09:36.551+0000] {dag.py:3328} INFO - Setting next_dagrun for example_trigger_target_dag to None, run_after=None
[2022-10-19T16:09:36.564+0000] {processor.py:178} INFO - Processing /home/airflow/.local/lib/python3.7/site-packages/airflow/example_dags/example_trigger_target_dag.py took 0.085 seconds
[2022-10-19T16:10:07.269+0000] {processor.py:156} INFO - Started process (PID=1461) to work on /home/airflow/.local/lib/python3.7/site-packages/airflow/example_dags/example_trigger_target_dag.py
[2022-10-19T16:10:07.270+0000] {processor.py:758} INFO - Processing file /home/airflow/.local/lib/python3.7/site-packages/airflow/example_dags/example_trigger_target_dag.py for tasks to queue
[2022-10-19T16:10:07.272+0000] {logging_mixin.py:117} INFO - [2022-10-19T16:10:07.272+0000] {dagbag.py:525} INFO - Filling up the DagBag from /home/airflow/.local/lib/python3.7/site-packages/airflow/example_dags/example_trigger_target_dag.py
[2022-10-19T16:10:07.284+0000] {processor.py:768} INFO - DAG(s) dict_keys(['example_trigger_target_dag']) retrieved from /home/airflow/.local/lib/python3.7/site-packages/airflow/example_dags/example_trigger_target_dag.py
[2022-10-19T16:10:07.310+0000] {logging_mixin.py:117} INFO - [2022-10-19T16:10:07.310+0000] {dag.py:2573} INFO - Sync 1 DAGs
[2022-10-19T16:10:07.324+0000] {logging_mixin.py:117} INFO - [2022-10-19T16:10:07.324+0000] {dag.py:3328} INFO - Setting next_dagrun for example_trigger_target_dag to None, run_after=None
[2022-10-19T16:10:07.334+0000] {processor.py:178} INFO - Processing /home/airflow/.local/lib/python3.7/site-packages/airflow/example_dags/example_trigger_target_dag.py took 0.068 seconds
[2022-10-19T16:10:37.649+0000] {processor.py:156} INFO - Started process (PID=1526) to work on /home/airflow/.local/lib/python3.7/site-packages/airflow/example_dags/example_trigger_target_dag.py
[2022-10-19T16:10:37.651+0000] {processor.py:758} INFO - Processing file /home/airflow/.local/lib/python3.7/site-packages/airflow/example_dags/example_trigger_target_dag.py for tasks to queue
[2022-10-19T16:10:37.652+0000] {logging_mixin.py:117} INFO - [2022-10-19T16:10:37.652+0000] {dagbag.py:525} INFO - Filling up the DagBag from /home/airflow/.local/lib/python3.7/site-packages/airflow/example_dags/example_trigger_target_dag.py
[2022-10-19T16:10:37.668+0000] {processor.py:768} INFO - DAG(s) dict_keys(['example_trigger_target_dag']) retrieved from /home/airflow/.local/lib/python3.7/site-packages/airflow/example_dags/example_trigger_target_dag.py
[2022-10-19T16:10:37.699+0000] {logging_mixin.py:117} INFO - [2022-10-19T16:10:37.699+0000] {dag.py:2573} INFO - Sync 1 DAGs
[2022-10-19T16:10:37.714+0000] {logging_mixin.py:117} INFO - [2022-10-19T16:10:37.714+0000] {dag.py:3328} INFO - Setting next_dagrun for example_trigger_target_dag to None, run_after=None
[2022-10-19T16:10:37.734+0000] {processor.py:178} INFO - Processing /home/airflow/.local/lib/python3.7/site-packages/airflow/example_dags/example_trigger_target_dag.py took 0.088 seconds
[2022-10-19T16:11:08.610+0000] {processor.py:156} INFO - Started process (PID=1590) to work on /home/airflow/.local/lib/python3.7/site-packages/airflow/example_dags/example_trigger_target_dag.py
[2022-10-19T16:11:08.612+0000] {processor.py:758} INFO - Processing file /home/airflow/.local/lib/python3.7/site-packages/airflow/example_dags/example_trigger_target_dag.py for tasks to queue
[2022-10-19T16:11:08.613+0000] {logging_mixin.py:117} INFO - [2022-10-19T16:11:08.613+0000] {dagbag.py:525} INFO - Filling up the DagBag from /home/airflow/.local/lib/python3.7/site-packages/airflow/example_dags/example_trigger_target_dag.py
[2022-10-19T16:11:08.629+0000] {processor.py:768} INFO - DAG(s) dict_keys(['example_trigger_target_dag']) retrieved from /home/airflow/.local/lib/python3.7/site-packages/airflow/example_dags/example_trigger_target_dag.py
[2022-10-19T16:11:08.659+0000] {logging_mixin.py:117} INFO - [2022-10-19T16:11:08.659+0000] {dag.py:2573} INFO - Sync 1 DAGs
[2022-10-19T16:11:08.680+0000] {logging_mixin.py:117} INFO - [2022-10-19T16:11:08.680+0000] {dag.py:3328} INFO - Setting next_dagrun for example_trigger_target_dag to None, run_after=None
[2022-10-19T16:11:08.696+0000] {processor.py:178} INFO - Processing /home/airflow/.local/lib/python3.7/site-packages/airflow/example_dags/example_trigger_target_dag.py took 0.090 seconds
[2022-10-19T16:11:39.106+0000] {processor.py:156} INFO - Started process (PID=1655) to work on /home/airflow/.local/lib/python3.7/site-packages/airflow/example_dags/example_trigger_target_dag.py
[2022-10-19T16:11:39.108+0000] {processor.py:758} INFO - Processing file /home/airflow/.local/lib/python3.7/site-packages/airflow/example_dags/example_trigger_target_dag.py for tasks to queue
[2022-10-19T16:11:39.109+0000] {logging_mixin.py:117} INFO - [2022-10-19T16:11:39.108+0000] {dagbag.py:525} INFO - Filling up the DagBag from /home/airflow/.local/lib/python3.7/site-packages/airflow/example_dags/example_trigger_target_dag.py
[2022-10-19T16:11:39.129+0000] {processor.py:768} INFO - DAG(s) dict_keys(['example_trigger_target_dag']) retrieved from /home/airflow/.local/lib/python3.7/site-packages/airflow/example_dags/example_trigger_target_dag.py
[2022-10-19T16:11:39.168+0000] {logging_mixin.py:117} INFO - [2022-10-19T16:11:39.168+0000] {dag.py:2573} INFO - Sync 1 DAGs
[2022-10-19T16:11:39.186+0000] {logging_mixin.py:117} INFO - [2022-10-19T16:11:39.186+0000] {dag.py:3328} INFO - Setting next_dagrun for example_trigger_target_dag to None, run_after=None
[2022-10-19T16:11:39.204+0000] {processor.py:178} INFO - Processing /home/airflow/.local/lib/python3.7/site-packages/airflow/example_dags/example_trigger_target_dag.py took 0.101 seconds
[2022-10-19T16:12:10.234+0000] {processor.py:156} INFO - Started process (PID=1712) to work on /home/airflow/.local/lib/python3.7/site-packages/airflow/example_dags/example_trigger_target_dag.py
[2022-10-19T16:12:10.235+0000] {processor.py:758} INFO - Processing file /home/airflow/.local/lib/python3.7/site-packages/airflow/example_dags/example_trigger_target_dag.py for tasks to queue
[2022-10-19T16:12:10.236+0000] {logging_mixin.py:117} INFO - [2022-10-19T16:12:10.236+0000] {dagbag.py:525} INFO - Filling up the DagBag from /home/airflow/.local/lib/python3.7/site-packages/airflow/example_dags/example_trigger_target_dag.py
[2022-10-19T16:12:10.252+0000] {processor.py:768} INFO - DAG(s) dict_keys(['example_trigger_target_dag']) retrieved from /home/airflow/.local/lib/python3.7/site-packages/airflow/example_dags/example_trigger_target_dag.py
[2022-10-19T16:12:10.278+0000] {logging_mixin.py:117} INFO - [2022-10-19T16:12:10.278+0000] {dag.py:2573} INFO - Sync 1 DAGs
[2022-10-19T16:12:10.295+0000] {logging_mixin.py:117} INFO - [2022-10-19T16:12:10.295+0000] {dag.py:3328} INFO - Setting next_dagrun for example_trigger_target_dag to None, run_after=None
[2022-10-19T16:12:10.310+0000] {processor.py:178} INFO - Processing /home/airflow/.local/lib/python3.7/site-packages/airflow/example_dags/example_trigger_target_dag.py took 0.078 seconds
[2022-10-19T16:12:41.080+0000] {processor.py:156} INFO - Started process (PID=1778) to work on /home/airflow/.local/lib/python3.7/site-packages/airflow/example_dags/example_trigger_target_dag.py
[2022-10-19T16:12:41.082+0000] {processor.py:758} INFO - Processing file /home/airflow/.local/lib/python3.7/site-packages/airflow/example_dags/example_trigger_target_dag.py for tasks to queue
[2022-10-19T16:12:41.083+0000] {logging_mixin.py:117} INFO - [2022-10-19T16:12:41.083+0000] {dagbag.py:525} INFO - Filling up the DagBag from /home/airflow/.local/lib/python3.7/site-packages/airflow/example_dags/example_trigger_target_dag.py
[2022-10-19T16:12:41.098+0000] {processor.py:768} INFO - DAG(s) dict_keys(['example_trigger_target_dag']) retrieved from /home/airflow/.local/lib/python3.7/site-packages/airflow/example_dags/example_trigger_target_dag.py
[2022-10-19T16:12:41.125+0000] {logging_mixin.py:117} INFO - [2022-10-19T16:12:41.125+0000] {dag.py:2573} INFO - Sync 1 DAGs
[2022-10-19T16:12:41.143+0000] {logging_mixin.py:117} INFO - [2022-10-19T16:12:41.143+0000] {dag.py:3328} INFO - Setting next_dagrun for example_trigger_target_dag to None, run_after=None
[2022-10-19T16:12:41.155+0000] {processor.py:178} INFO - Processing /home/airflow/.local/lib/python3.7/site-packages/airflow/example_dags/example_trigger_target_dag.py took 0.077 seconds
[2022-10-19T16:13:11.460+0000] {processor.py:156} INFO - Started process (PID=1842) to work on /home/airflow/.local/lib/python3.7/site-packages/airflow/example_dags/example_trigger_target_dag.py
[2022-10-19T16:13:11.462+0000] {processor.py:758} INFO - Processing file /home/airflow/.local/lib/python3.7/site-packages/airflow/example_dags/example_trigger_target_dag.py for tasks to queue
[2022-10-19T16:13:11.463+0000] {logging_mixin.py:117} INFO - [2022-10-19T16:13:11.463+0000] {dagbag.py:525} INFO - Filling up the DagBag from /home/airflow/.local/lib/python3.7/site-packages/airflow/example_dags/example_trigger_target_dag.py
[2022-10-19T16:13:11.479+0000] {processor.py:768} INFO - DAG(s) dict_keys(['example_trigger_target_dag']) retrieved from /home/airflow/.local/lib/python3.7/site-packages/airflow/example_dags/example_trigger_target_dag.py
[2022-10-19T16:13:11.508+0000] {logging_mixin.py:117} INFO - [2022-10-19T16:13:11.508+0000] {dag.py:2573} INFO - Sync 1 DAGs
[2022-10-19T16:13:11.523+0000] {logging_mixin.py:117} INFO - [2022-10-19T16:13:11.523+0000] {dag.py:3328} INFO - Setting next_dagrun for example_trigger_target_dag to None, run_after=None
[2022-10-19T16:13:11.535+0000] {processor.py:178} INFO - Processing /home/airflow/.local/lib/python3.7/site-packages/airflow/example_dags/example_trigger_target_dag.py took 0.077 seconds
[2022-10-19T16:13:41.828+0000] {processor.py:156} INFO - Started process (PID=1907) to work on /home/airflow/.local/lib/python3.7/site-packages/airflow/example_dags/example_trigger_target_dag.py
[2022-10-19T16:13:41.831+0000] {processor.py:758} INFO - Processing file /home/airflow/.local/lib/python3.7/site-packages/airflow/example_dags/example_trigger_target_dag.py for tasks to queue
[2022-10-19T16:13:41.832+0000] {logging_mixin.py:117} INFO - [2022-10-19T16:13:41.832+0000] {dagbag.py:525} INFO - Filling up the DagBag from /home/airflow/.local/lib/python3.7/site-packages/airflow/example_dags/example_trigger_target_dag.py
[2022-10-19T16:13:41.847+0000] {processor.py:768} INFO - DAG(s) dict_keys(['example_trigger_target_dag']) retrieved from /home/airflow/.local/lib/python3.7/site-packages/airflow/example_dags/example_trigger_target_dag.py
[2022-10-19T16:13:41.876+0000] {logging_mixin.py:117} INFO - [2022-10-19T16:13:41.876+0000] {dag.py:2573} INFO - Sync 1 DAGs
[2022-10-19T16:13:41.893+0000] {logging_mixin.py:117} INFO - [2022-10-19T16:13:41.893+0000] {dag.py:3328} INFO - Setting next_dagrun for example_trigger_target_dag to None, run_after=None
[2022-10-19T16:13:41.907+0000] {processor.py:178} INFO - Processing /home/airflow/.local/lib/python3.7/site-packages/airflow/example_dags/example_trigger_target_dag.py took 0.081 seconds
[2022-10-19T16:14:12.293+0000] {processor.py:156} INFO - Started process (PID=1973) to work on /home/airflow/.local/lib/python3.7/site-packages/airflow/example_dags/example_trigger_target_dag.py
[2022-10-19T16:14:12.296+0000] {processor.py:758} INFO - Processing file /home/airflow/.local/lib/python3.7/site-packages/airflow/example_dags/example_trigger_target_dag.py for tasks to queue
[2022-10-19T16:14:12.298+0000] {logging_mixin.py:117} INFO - [2022-10-19T16:14:12.298+0000] {dagbag.py:525} INFO - Filling up the DagBag from /home/airflow/.local/lib/python3.7/site-packages/airflow/example_dags/example_trigger_target_dag.py
[2022-10-19T16:14:12.335+0000] {processor.py:768} INFO - DAG(s) dict_keys(['example_trigger_target_dag']) retrieved from /home/airflow/.local/lib/python3.7/site-packages/airflow/example_dags/example_trigger_target_dag.py
[2022-10-19T16:14:12.414+0000] {logging_mixin.py:117} INFO - [2022-10-19T16:14:12.414+0000] {dag.py:2573} INFO - Sync 1 DAGs
[2022-10-19T16:14:12.459+0000] {logging_mixin.py:117} INFO - [2022-10-19T16:14:12.458+0000] {dag.py:3328} INFO - Setting next_dagrun for example_trigger_target_dag to None, run_after=None
[2022-10-19T16:14:12.491+0000] {processor.py:178} INFO - Processing /home/airflow/.local/lib/python3.7/site-packages/airflow/example_dags/example_trigger_target_dag.py took 0.202 seconds
[2022-10-19T16:14:42.542+0000] {processor.py:156} INFO - Started process (PID=2029) to work on /home/airflow/.local/lib/python3.7/site-packages/airflow/example_dags/example_trigger_target_dag.py
[2022-10-19T16:14:42.543+0000] {processor.py:758} INFO - Processing file /home/airflow/.local/lib/python3.7/site-packages/airflow/example_dags/example_trigger_target_dag.py for tasks to queue
[2022-10-19T16:14:42.544+0000] {logging_mixin.py:117} INFO - [2022-10-19T16:14:42.544+0000] {dagbag.py:525} INFO - Filling up the DagBag from /home/airflow/.local/lib/python3.7/site-packages/airflow/example_dags/example_trigger_target_dag.py
[2022-10-19T16:14:42.557+0000] {processor.py:768} INFO - DAG(s) dict_keys(['example_trigger_target_dag']) retrieved from /home/airflow/.local/lib/python3.7/site-packages/airflow/example_dags/example_trigger_target_dag.py
[2022-10-19T16:14:42.582+0000] {logging_mixin.py:117} INFO - [2022-10-19T16:14:42.582+0000] {dag.py:2573} INFO - Sync 1 DAGs
[2022-10-19T16:14:42.596+0000] {logging_mixin.py:117} INFO - [2022-10-19T16:14:42.596+0000] {dag.py:3328} INFO - Setting next_dagrun for example_trigger_target_dag to None, run_after=None
[2022-10-19T16:14:42.607+0000] {processor.py:178} INFO - Processing /home/airflow/.local/lib/python3.7/site-packages/airflow/example_dags/example_trigger_target_dag.py took 0.067 seconds
[2022-10-19T16:15:14.037+0000] {processor.py:156} INFO - Started process (PID=2097) to work on /home/airflow/.local/lib/python3.7/site-packages/airflow/example_dags/example_trigger_target_dag.py
[2022-10-19T16:15:14.038+0000] {processor.py:758} INFO - Processing file /home/airflow/.local/lib/python3.7/site-packages/airflow/example_dags/example_trigger_target_dag.py for tasks to queue
[2022-10-19T16:15:14.040+0000] {logging_mixin.py:117} INFO - [2022-10-19T16:15:14.040+0000] {dagbag.py:525} INFO - Filling up the DagBag from /home/airflow/.local/lib/python3.7/site-packages/airflow/example_dags/example_trigger_target_dag.py
[2022-10-19T16:15:14.066+0000] {processor.py:768} INFO - DAG(s) dict_keys(['example_trigger_target_dag']) retrieved from /home/airflow/.local/lib/python3.7/site-packages/airflow/example_dags/example_trigger_target_dag.py
[2022-10-19T16:15:14.099+0000] {logging_mixin.py:117} INFO - [2022-10-19T16:15:14.099+0000] {dag.py:2573} INFO - Sync 1 DAGs
[2022-10-19T16:15:14.116+0000] {logging_mixin.py:117} INFO - [2022-10-19T16:15:14.116+0000] {dag.py:3328} INFO - Setting next_dagrun for example_trigger_target_dag to None, run_after=None
[2022-10-19T16:15:14.130+0000] {processor.py:178} INFO - Processing /home/airflow/.local/lib/python3.7/site-packages/airflow/example_dags/example_trigger_target_dag.py took 0.096 seconds
[2022-10-19T16:15:44.196+0000] {processor.py:156} INFO - Started process (PID=2163) to work on /home/airflow/.local/lib/python3.7/site-packages/airflow/example_dags/example_trigger_target_dag.py
[2022-10-19T16:15:44.197+0000] {processor.py:758} INFO - Processing file /home/airflow/.local/lib/python3.7/site-packages/airflow/example_dags/example_trigger_target_dag.py for tasks to queue
[2022-10-19T16:15:44.198+0000] {logging_mixin.py:117} INFO - [2022-10-19T16:15:44.198+0000] {dagbag.py:525} INFO - Filling up the DagBag from /home/airflow/.local/lib/python3.7/site-packages/airflow/example_dags/example_trigger_target_dag.py
[2022-10-19T16:15:44.212+0000] {processor.py:768} INFO - DAG(s) dict_keys(['example_trigger_target_dag']) retrieved from /home/airflow/.local/lib/python3.7/site-packages/airflow/example_dags/example_trigger_target_dag.py
[2022-10-19T16:15:44.237+0000] {logging_mixin.py:117} INFO - [2022-10-19T16:15:44.237+0000] {dag.py:2573} INFO - Sync 1 DAGs
[2022-10-19T16:15:44.252+0000] {logging_mixin.py:117} INFO - [2022-10-19T16:15:44.252+0000] {dag.py:3328} INFO - Setting next_dagrun for example_trigger_target_dag to None, run_after=None
[2022-10-19T16:15:44.266+0000] {processor.py:178} INFO - Processing /home/airflow/.local/lib/python3.7/site-packages/airflow/example_dags/example_trigger_target_dag.py took 0.072 seconds
[2022-10-19T16:16:15.192+0000] {processor.py:156} INFO - Started process (PID=2227) to work on /home/airflow/.local/lib/python3.7/site-packages/airflow/example_dags/example_trigger_target_dag.py
[2022-10-19T16:16:15.194+0000] {processor.py:758} INFO - Processing file /home/airflow/.local/lib/python3.7/site-packages/airflow/example_dags/example_trigger_target_dag.py for tasks to queue
[2022-10-19T16:16:15.195+0000] {logging_mixin.py:117} INFO - [2022-10-19T16:16:15.195+0000] {dagbag.py:525} INFO - Filling up the DagBag from /home/airflow/.local/lib/python3.7/site-packages/airflow/example_dags/example_trigger_target_dag.py
[2022-10-19T16:16:15.210+0000] {processor.py:768} INFO - DAG(s) dict_keys(['example_trigger_target_dag']) retrieved from /home/airflow/.local/lib/python3.7/site-packages/airflow/example_dags/example_trigger_target_dag.py
[2022-10-19T16:16:15.237+0000] {logging_mixin.py:117} INFO - [2022-10-19T16:16:15.237+0000] {dag.py:2573} INFO - Sync 1 DAGs
[2022-10-19T16:16:15.255+0000] {logging_mixin.py:117} INFO - [2022-10-19T16:16:15.255+0000] {dag.py:3328} INFO - Setting next_dagrun for example_trigger_target_dag to None, run_after=None
[2022-10-19T16:16:15.271+0000] {processor.py:178} INFO - Processing /home/airflow/.local/lib/python3.7/site-packages/airflow/example_dags/example_trigger_target_dag.py took 0.082 seconds
[2022-10-19T16:16:46.147+0000] {processor.py:156} INFO - Started process (PID=2293) to work on /home/airflow/.local/lib/python3.7/site-packages/airflow/example_dags/example_trigger_target_dag.py
[2022-10-19T16:16:46.149+0000] {processor.py:758} INFO - Processing file /home/airflow/.local/lib/python3.7/site-packages/airflow/example_dags/example_trigger_target_dag.py for tasks to queue
[2022-10-19T16:16:46.150+0000] {logging_mixin.py:117} INFO - [2022-10-19T16:16:46.150+0000] {dagbag.py:525} INFO - Filling up the DagBag from /home/airflow/.local/lib/python3.7/site-packages/airflow/example_dags/example_trigger_target_dag.py
[2022-10-19T16:16:46.163+0000] {processor.py:768} INFO - DAG(s) dict_keys(['example_trigger_target_dag']) retrieved from /home/airflow/.local/lib/python3.7/site-packages/airflow/example_dags/example_trigger_target_dag.py
[2022-10-19T16:16:46.194+0000] {logging_mixin.py:117} INFO - [2022-10-19T16:16:46.194+0000] {dag.py:2573} INFO - Sync 1 DAGs
[2022-10-19T16:16:46.212+0000] {logging_mixin.py:117} INFO - [2022-10-19T16:16:46.212+0000] {dag.py:3328} INFO - Setting next_dagrun for example_trigger_target_dag to None, run_after=None
[2022-10-19T16:16:46.226+0000] {processor.py:178} INFO - Processing /home/airflow/.local/lib/python3.7/site-packages/airflow/example_dags/example_trigger_target_dag.py took 0.082 seconds
[2022-10-19T16:17:16.881+0000] {processor.py:156} INFO - Started process (PID=2349) to work on /home/airflow/.local/lib/python3.7/site-packages/airflow/example_dags/example_trigger_target_dag.py
[2022-10-19T16:17:16.883+0000] {processor.py:758} INFO - Processing file /home/airflow/.local/lib/python3.7/site-packages/airflow/example_dags/example_trigger_target_dag.py for tasks to queue
[2022-10-19T16:17:16.888+0000] {logging_mixin.py:117} INFO - [2022-10-19T16:17:16.887+0000] {dagbag.py:525} INFO - Filling up the DagBag from /home/airflow/.local/lib/python3.7/site-packages/airflow/example_dags/example_trigger_target_dag.py
[2022-10-19T16:17:16.903+0000] {processor.py:768} INFO - DAG(s) dict_keys(['example_trigger_target_dag']) retrieved from /home/airflow/.local/lib/python3.7/site-packages/airflow/example_dags/example_trigger_target_dag.py
[2022-10-19T16:17:16.929+0000] {logging_mixin.py:117} INFO - [2022-10-19T16:17:16.928+0000] {dag.py:2573} INFO - Sync 1 DAGs
[2022-10-19T16:17:16.948+0000] {logging_mixin.py:117} INFO - [2022-10-19T16:17:16.948+0000] {dag.py:3328} INFO - Setting next_dagrun for example_trigger_target_dag to None, run_after=None
[2022-10-19T16:17:16.959+0000] {processor.py:178} INFO - Processing /home/airflow/.local/lib/python3.7/site-packages/airflow/example_dags/example_trigger_target_dag.py took 0.081 seconds
[2022-10-19T16:17:47.713+0000] {processor.py:156} INFO - Started process (PID=2415) to work on /home/airflow/.local/lib/python3.7/site-packages/airflow/example_dags/example_trigger_target_dag.py
[2022-10-19T16:17:47.715+0000] {processor.py:758} INFO - Processing file /home/airflow/.local/lib/python3.7/site-packages/airflow/example_dags/example_trigger_target_dag.py for tasks to queue
[2022-10-19T16:17:47.716+0000] {logging_mixin.py:117} INFO - [2022-10-19T16:17:47.716+0000] {dagbag.py:525} INFO - Filling up the DagBag from /home/airflow/.local/lib/python3.7/site-packages/airflow/example_dags/example_trigger_target_dag.py
[2022-10-19T16:17:47.734+0000] {processor.py:768} INFO - DAG(s) dict_keys(['example_trigger_target_dag']) retrieved from /home/airflow/.local/lib/python3.7/site-packages/airflow/example_dags/example_trigger_target_dag.py
[2022-10-19T16:17:47.769+0000] {logging_mixin.py:117} INFO - [2022-10-19T16:17:47.769+0000] {dag.py:2573} INFO - Sync 1 DAGs
[2022-10-19T16:17:47.792+0000] {logging_mixin.py:117} INFO - [2022-10-19T16:17:47.792+0000] {dag.py:3328} INFO - Setting next_dagrun for example_trigger_target_dag to None, run_after=None
[2022-10-19T16:17:47.807+0000] {processor.py:178} INFO - Processing /home/airflow/.local/lib/python3.7/site-packages/airflow/example_dags/example_trigger_target_dag.py took 0.097 seconds
[2022-10-19T16:18:18.566+0000] {processor.py:156} INFO - Started process (PID=2480) to work on /home/airflow/.local/lib/python3.7/site-packages/airflow/example_dags/example_trigger_target_dag.py
[2022-10-19T16:18:18.568+0000] {processor.py:758} INFO - Processing file /home/airflow/.local/lib/python3.7/site-packages/airflow/example_dags/example_trigger_target_dag.py for tasks to queue
[2022-10-19T16:18:18.569+0000] {logging_mixin.py:117} INFO - [2022-10-19T16:18:18.569+0000] {dagbag.py:525} INFO - Filling up the DagBag from /home/airflow/.local/lib/python3.7/site-packages/airflow/example_dags/example_trigger_target_dag.py
[2022-10-19T16:18:18.590+0000] {processor.py:768} INFO - DAG(s) dict_keys(['example_trigger_target_dag']) retrieved from /home/airflow/.local/lib/python3.7/site-packages/airflow/example_dags/example_trigger_target_dag.py
[2022-10-19T16:18:18.624+0000] {logging_mixin.py:117} INFO - [2022-10-19T16:18:18.624+0000] {dag.py:2573} INFO - Sync 1 DAGs
[2022-10-19T16:18:18.644+0000] {logging_mixin.py:117} INFO - [2022-10-19T16:18:18.644+0000] {dag.py:3328} INFO - Setting next_dagrun for example_trigger_target_dag to None, run_after=None
[2022-10-19T16:18:18.660+0000] {processor.py:178} INFO - Processing /home/airflow/.local/lib/python3.7/site-packages/airflow/example_dags/example_trigger_target_dag.py took 0.098 seconds
[2022-10-19T16:18:49.628+0000] {processor.py:156} INFO - Started process (PID=2546) to work on /home/airflow/.local/lib/python3.7/site-packages/airflow/example_dags/example_trigger_target_dag.py
[2022-10-19T16:18:49.630+0000] {processor.py:758} INFO - Processing file /home/airflow/.local/lib/python3.7/site-packages/airflow/example_dags/example_trigger_target_dag.py for tasks to queue
[2022-10-19T16:18:49.631+0000] {logging_mixin.py:117} INFO - [2022-10-19T16:18:49.631+0000] {dagbag.py:525} INFO - Filling up the DagBag from /home/airflow/.local/lib/python3.7/site-packages/airflow/example_dags/example_trigger_target_dag.py
[2022-10-19T16:18:49.644+0000] {processor.py:768} INFO - DAG(s) dict_keys(['example_trigger_target_dag']) retrieved from /home/airflow/.local/lib/python3.7/site-packages/airflow/example_dags/example_trigger_target_dag.py
[2022-10-19T16:18:49.672+0000] {logging_mixin.py:117} INFO - [2022-10-19T16:18:49.672+0000] {dag.py:2573} INFO - Sync 1 DAGs
[2022-10-19T16:18:49.691+0000] {logging_mixin.py:117} INFO - [2022-10-19T16:18:49.691+0000] {dag.py:3328} INFO - Setting next_dagrun for example_trigger_target_dag to None, run_after=None
[2022-10-19T16:18:49.703+0000] {processor.py:178} INFO - Processing /home/airflow/.local/lib/python3.7/site-packages/airflow/example_dags/example_trigger_target_dag.py took 0.077 seconds
[2022-10-19T16:19:20.690+0000] {processor.py:156} INFO - Started process (PID=2611) to work on /home/airflow/.local/lib/python3.7/site-packages/airflow/example_dags/example_trigger_target_dag.py
[2022-10-19T16:19:20.692+0000] {processor.py:758} INFO - Processing file /home/airflow/.local/lib/python3.7/site-packages/airflow/example_dags/example_trigger_target_dag.py for tasks to queue
[2022-10-19T16:19:20.693+0000] {logging_mixin.py:117} INFO - [2022-10-19T16:19:20.693+0000] {dagbag.py:525} INFO - Filling up the DagBag from /home/airflow/.local/lib/python3.7/site-packages/airflow/example_dags/example_trigger_target_dag.py
[2022-10-19T16:19:20.707+0000] {processor.py:768} INFO - DAG(s) dict_keys(['example_trigger_target_dag']) retrieved from /home/airflow/.local/lib/python3.7/site-packages/airflow/example_dags/example_trigger_target_dag.py
[2022-10-19T16:19:20.734+0000] {logging_mixin.py:117} INFO - [2022-10-19T16:19:20.734+0000] {dag.py:2573} INFO - Sync 1 DAGs
[2022-10-19T16:19:20.753+0000] {logging_mixin.py:117} INFO - [2022-10-19T16:19:20.753+0000] {dag.py:3328} INFO - Setting next_dagrun for example_trigger_target_dag to None, run_after=None
[2022-10-19T16:19:20.765+0000] {processor.py:178} INFO - Processing /home/airflow/.local/lib/python3.7/site-packages/airflow/example_dags/example_trigger_target_dag.py took 0.077 seconds
[2022-10-19T16:20:06.676+0000] {processor.py:156} INFO - Started process (PID=2676) to work on /home/airflow/.local/lib/python3.7/site-packages/airflow/example_dags/example_trigger_target_dag.py
[2022-10-19T16:20:06.681+0000] {processor.py:758} INFO - Processing file /home/airflow/.local/lib/python3.7/site-packages/airflow/example_dags/example_trigger_target_dag.py for tasks to queue
[2022-10-19T16:20:06.684+0000] {logging_mixin.py:117} INFO - [2022-10-19T16:20:06.684+0000] {dagbag.py:525} INFO - Filling up the DagBag from /home/airflow/.local/lib/python3.7/site-packages/airflow/example_dags/example_trigger_target_dag.py
[2022-10-19T16:20:06.709+0000] {processor.py:768} INFO - DAG(s) dict_keys(['example_trigger_target_dag']) retrieved from /home/airflow/.local/lib/python3.7/site-packages/airflow/example_dags/example_trigger_target_dag.py
[2022-10-19T16:20:06.792+0000] {logging_mixin.py:117} INFO - [2022-10-19T16:20:06.792+0000] {dag.py:2573} INFO - Sync 1 DAGs
[2022-10-19T16:20:06.817+0000] {logging_mixin.py:117} INFO - [2022-10-19T16:20:06.817+0000] {dag.py:3328} INFO - Setting next_dagrun for example_trigger_target_dag to None, run_after=None
[2022-10-19T16:20:06.837+0000] {processor.py:178} INFO - Processing /home/airflow/.local/lib/python3.7/site-packages/airflow/example_dags/example_trigger_target_dag.py took 0.170 seconds
[2022-10-19T16:21:20.387+0000] {processor.py:156} INFO - Started process (PID=2763) to work on /home/airflow/.local/lib/python3.7/site-packages/airflow/example_dags/example_trigger_target_dag.py
[2022-10-19T16:21:20.390+0000] {processor.py:758} INFO - Processing file /home/airflow/.local/lib/python3.7/site-packages/airflow/example_dags/example_trigger_target_dag.py for tasks to queue
[2022-10-19T16:21:20.393+0000] {logging_mixin.py:117} INFO - [2022-10-19T16:21:20.393+0000] {dagbag.py:525} INFO - Filling up the DagBag from /home/airflow/.local/lib/python3.7/site-packages/airflow/example_dags/example_trigger_target_dag.py
[2022-10-19T16:21:20.416+0000] {processor.py:768} INFO - DAG(s) dict_keys(['example_trigger_target_dag']) retrieved from /home/airflow/.local/lib/python3.7/site-packages/airflow/example_dags/example_trigger_target_dag.py
[2022-10-19T16:21:20.459+0000] {logging_mixin.py:117} INFO - [2022-10-19T16:21:20.459+0000] {dag.py:2573} INFO - Sync 1 DAGs
[2022-10-19T16:21:20.484+0000] {logging_mixin.py:117} INFO - [2022-10-19T16:21:20.484+0000] {dag.py:3328} INFO - Setting next_dagrun for example_trigger_target_dag to None, run_after=None
[2022-10-19T16:21:20.499+0000] {processor.py:178} INFO - Processing /home/airflow/.local/lib/python3.7/site-packages/airflow/example_dags/example_trigger_target_dag.py took 0.115 seconds
[2022-10-19T16:22:24.853+0000] {processor.py:156} INFO - Started process (PID=2838) to work on /home/airflow/.local/lib/python3.7/site-packages/airflow/example_dags/example_trigger_target_dag.py
[2022-10-19T16:22:24.864+0000] {processor.py:758} INFO - Processing file /home/airflow/.local/lib/python3.7/site-packages/airflow/example_dags/example_trigger_target_dag.py for tasks to queue
[2022-10-19T16:22:24.891+0000] {logging_mixin.py:117} INFO - [2022-10-19T16:22:24.891+0000] {dagbag.py:525} INFO - Filling up the DagBag from /home/airflow/.local/lib/python3.7/site-packages/airflow/example_dags/example_trigger_target_dag.py
[2022-10-19T16:22:25.230+0000] {processor.py:768} INFO - DAG(s) dict_keys(['example_trigger_target_dag']) retrieved from /home/airflow/.local/lib/python3.7/site-packages/airflow/example_dags/example_trigger_target_dag.py
[2022-10-19T16:22:26.713+0000] {logging_mixin.py:117} INFO - [2022-10-19T16:22:26.701+0000] {dag.py:2573} INFO - Sync 1 DAGs
[2022-10-19T16:22:26.847+0000] {logging_mixin.py:117} INFO - [2022-10-19T16:22:26.846+0000] {dag.py:3328} INFO - Setting next_dagrun for example_trigger_target_dag to None, run_after=None
[2022-10-19T16:22:27.125+0000] {processor.py:178} INFO - Processing /home/airflow/.local/lib/python3.7/site-packages/airflow/example_dags/example_trigger_target_dag.py took 2.364 seconds
[2022-10-19T16:23:25.882+0000] {processor.py:156} INFO - Started process (PID=2903) to work on /home/airflow/.local/lib/python3.7/site-packages/airflow/example_dags/example_trigger_target_dag.py
[2022-10-19T16:23:25.892+0000] {processor.py:758} INFO - Processing file /home/airflow/.local/lib/python3.7/site-packages/airflow/example_dags/example_trigger_target_dag.py for tasks to queue
[2022-10-19T16:23:25.894+0000] {logging_mixin.py:117} INFO - [2022-10-19T16:23:25.894+0000] {dagbag.py:525} INFO - Filling up the DagBag from /home/airflow/.local/lib/python3.7/site-packages/airflow/example_dags/example_trigger_target_dag.py
[2022-10-19T16:23:25.991+0000] {processor.py:768} INFO - DAG(s) dict_keys(['example_trigger_target_dag']) retrieved from /home/airflow/.local/lib/python3.7/site-packages/airflow/example_dags/example_trigger_target_dag.py
[2022-10-19T16:23:26.099+0000] {logging_mixin.py:117} INFO - [2022-10-19T16:23:26.099+0000] {dag.py:2573} INFO - Sync 1 DAGs
[2022-10-19T16:23:26.216+0000] {logging_mixin.py:117} INFO - [2022-10-19T16:23:26.216+0000] {dag.py:3328} INFO - Setting next_dagrun for example_trigger_target_dag to None, run_after=None
[2022-10-19T16:23:26.334+0000] {processor.py:178} INFO - Processing /home/airflow/.local/lib/python3.7/site-packages/airflow/example_dags/example_trigger_target_dag.py took 0.467 seconds
[2022-10-19T16:24:04.907+0000] {processor.py:156} INFO - Started process (PID=2961) to work on /home/airflow/.local/lib/python3.7/site-packages/airflow/example_dags/example_trigger_target_dag.py
[2022-10-19T16:24:04.918+0000] {processor.py:758} INFO - Processing file /home/airflow/.local/lib/python3.7/site-packages/airflow/example_dags/example_trigger_target_dag.py for tasks to queue
[2022-10-19T16:24:04.924+0000] {logging_mixin.py:117} INFO - [2022-10-19T16:24:04.924+0000] {dagbag.py:525} INFO - Filling up the DagBag from /home/airflow/.local/lib/python3.7/site-packages/airflow/example_dags/example_trigger_target_dag.py
[2022-10-19T16:24:04.983+0000] {processor.py:768} INFO - DAG(s) dict_keys(['example_trigger_target_dag']) retrieved from /home/airflow/.local/lib/python3.7/site-packages/airflow/example_dags/example_trigger_target_dag.py
[2022-10-19T16:24:05.085+0000] {logging_mixin.py:117} INFO - [2022-10-19T16:24:05.085+0000] {dag.py:2573} INFO - Sync 1 DAGs
[2022-10-19T16:24:05.178+0000] {logging_mixin.py:117} INFO - [2022-10-19T16:24:05.178+0000] {dag.py:3328} INFO - Setting next_dagrun for example_trigger_target_dag to None, run_after=None
[2022-10-19T16:24:05.221+0000] {processor.py:178} INFO - Processing /home/airflow/.local/lib/python3.7/site-packages/airflow/example_dags/example_trigger_target_dag.py took 0.319 seconds
[2022-10-19T16:24:41.118+0000] {processor.py:156} INFO - Started process (PID=3016) to work on /home/airflow/.local/lib/python3.7/site-packages/airflow/example_dags/example_trigger_target_dag.py
[2022-10-19T16:24:41.121+0000] {processor.py:758} INFO - Processing file /home/airflow/.local/lib/python3.7/site-packages/airflow/example_dags/example_trigger_target_dag.py for tasks to queue
[2022-10-19T16:24:41.122+0000] {logging_mixin.py:117} INFO - [2022-10-19T16:24:41.122+0000] {dagbag.py:525} INFO - Filling up the DagBag from /home/airflow/.local/lib/python3.7/site-packages/airflow/example_dags/example_trigger_target_dag.py
[2022-10-19T16:24:41.147+0000] {processor.py:768} INFO - DAG(s) dict_keys(['example_trigger_target_dag']) retrieved from /home/airflow/.local/lib/python3.7/site-packages/airflow/example_dags/example_trigger_target_dag.py
[2022-10-19T16:24:41.198+0000] {logging_mixin.py:117} INFO - [2022-10-19T16:24:41.198+0000] {dag.py:2573} INFO - Sync 1 DAGs
[2022-10-19T16:24:41.229+0000] {logging_mixin.py:117} INFO - [2022-10-19T16:24:41.229+0000] {dag.py:3328} INFO - Setting next_dagrun for example_trigger_target_dag to None, run_after=None
[2022-10-19T16:24:41.262+0000] {processor.py:178} INFO - Processing /home/airflow/.local/lib/python3.7/site-packages/airflow/example_dags/example_trigger_target_dag.py took 0.149 seconds
