[2022-10-19T15:36:31.556+0000] {processor.py:156} INFO - Started process (PID=194) to work on /home/airflow/.local/lib/python3.7/site-packages/airflow/example_dags/example_xcom.py
[2022-10-19T15:36:31.577+0000] {processor.py:758} INFO - Processing file /home/airflow/.local/lib/python3.7/site-packages/airflow/example_dags/example_xcom.py for tasks to queue
[2022-10-19T15:36:31.583+0000] {logging_mixin.py:117} INFO - [2022-10-19T15:36:31.583+0000] {dagbag.py:525} INFO - Filling up the DagBag from /home/airflow/.local/lib/python3.7/site-packages/airflow/example_dags/example_xcom.py
[2022-10-19T15:36:32.552+0000] {processor.py:768} INFO - DAG(s) dict_keys(['example_xcom']) retrieved from /home/airflow/.local/lib/python3.7/site-packages/airflow/example_dags/example_xcom.py
[2022-10-19T15:36:33.196+0000] {logging_mixin.py:117} INFO - [2022-10-19T15:36:33.195+0000] {dag.py:2573} INFO - Sync 1 DAGs
[2022-10-19T15:36:33.995+0000] {logging_mixin.py:117} INFO - [2022-10-19T15:36:33.989+0000] {dag.py:3328} INFO - Setting next_dagrun for example_xcom to 2021-01-01T00:00:00+00:00, run_after=2021-01-01T00:00:00+00:00
[2022-10-19T15:36:34.336+0000] {processor.py:178} INFO - Processing /home/airflow/.local/lib/python3.7/site-packages/airflow/example_dags/example_xcom.py took 2.822 seconds
[2022-10-19T15:37:04.844+0000] {processor.py:156} INFO - Started process (PID=245) to work on /home/airflow/.local/lib/python3.7/site-packages/airflow/example_dags/example_xcom.py
[2022-10-19T15:37:04.847+0000] {processor.py:758} INFO - Processing file /home/airflow/.local/lib/python3.7/site-packages/airflow/example_dags/example_xcom.py for tasks to queue
[2022-10-19T15:37:04.848+0000] {logging_mixin.py:117} INFO - [2022-10-19T15:37:04.848+0000] {dagbag.py:525} INFO - Filling up the DagBag from /home/airflow/.local/lib/python3.7/site-packages/airflow/example_dags/example_xcom.py
[2022-10-19T15:37:04.897+0000] {processor.py:768} INFO - DAG(s) dict_keys(['example_xcom']) retrieved from /home/airflow/.local/lib/python3.7/site-packages/airflow/example_dags/example_xcom.py
[2022-10-19T15:37:04.955+0000] {logging_mixin.py:117} INFO - [2022-10-19T15:37:04.955+0000] {dag.py:2573} INFO - Sync 1 DAGs
[2022-10-19T15:37:04.980+0000] {logging_mixin.py:117} INFO - [2022-10-19T15:37:04.980+0000] {dag.py:3328} INFO - Setting next_dagrun for example_xcom to 2021-01-01T00:00:00+00:00, run_after=2021-01-01T00:00:00+00:00
[2022-10-19T15:37:05.002+0000] {processor.py:178} INFO - Processing /home/airflow/.local/lib/python3.7/site-packages/airflow/example_dags/example_xcom.py took 0.186 seconds
[2022-10-19T15:37:35.288+0000] {processor.py:156} INFO - Started process (PID=309) to work on /home/airflow/.local/lib/python3.7/site-packages/airflow/example_dags/example_xcom.py
[2022-10-19T15:37:35.291+0000] {processor.py:758} INFO - Processing file /home/airflow/.local/lib/python3.7/site-packages/airflow/example_dags/example_xcom.py for tasks to queue
[2022-10-19T15:37:35.295+0000] {logging_mixin.py:117} INFO - [2022-10-19T15:37:35.295+0000] {dagbag.py:525} INFO - Filling up the DagBag from /home/airflow/.local/lib/python3.7/site-packages/airflow/example_dags/example_xcom.py
[2022-10-19T15:37:35.336+0000] {processor.py:768} INFO - DAG(s) dict_keys(['example_xcom']) retrieved from /home/airflow/.local/lib/python3.7/site-packages/airflow/example_dags/example_xcom.py
[2022-10-19T15:37:35.418+0000] {logging_mixin.py:117} INFO - [2022-10-19T15:37:35.418+0000] {dag.py:2573} INFO - Sync 1 DAGs
[2022-10-19T15:37:35.473+0000] {logging_mixin.py:117} INFO - [2022-10-19T15:37:35.473+0000] {dag.py:3328} INFO - Setting next_dagrun for example_xcom to 2021-01-01T00:00:00+00:00, run_after=2021-01-01T00:00:00+00:00
[2022-10-19T15:37:35.506+0000] {processor.py:178} INFO - Processing /home/airflow/.local/lib/python3.7/site-packages/airflow/example_dags/example_xcom.py took 0.221 seconds
[2022-10-19T15:38:06.049+0000] {processor.py:156} INFO - Started process (PID=365) to work on /home/airflow/.local/lib/python3.7/site-packages/airflow/example_dags/example_xcom.py
[2022-10-19T15:38:06.053+0000] {processor.py:758} INFO - Processing file /home/airflow/.local/lib/python3.7/site-packages/airflow/example_dags/example_xcom.py for tasks to queue
[2022-10-19T15:38:06.056+0000] {logging_mixin.py:117} INFO - [2022-10-19T15:38:06.056+0000] {dagbag.py:525} INFO - Filling up the DagBag from /home/airflow/.local/lib/python3.7/site-packages/airflow/example_dags/example_xcom.py
[2022-10-19T15:38:06.090+0000] {processor.py:768} INFO - DAG(s) dict_keys(['example_xcom']) retrieved from /home/airflow/.local/lib/python3.7/site-packages/airflow/example_dags/example_xcom.py
[2022-10-19T15:38:06.132+0000] {logging_mixin.py:117} INFO - [2022-10-19T15:38:06.131+0000] {dag.py:2573} INFO - Sync 1 DAGs
[2022-10-19T15:38:06.152+0000] {logging_mixin.py:117} INFO - [2022-10-19T15:38:06.152+0000] {dag.py:3328} INFO - Setting next_dagrun for example_xcom to 2021-01-01T00:00:00+00:00, run_after=2021-01-01T00:00:00+00:00
[2022-10-19T15:38:06.168+0000] {processor.py:178} INFO - Processing /home/airflow/.local/lib/python3.7/site-packages/airflow/example_dags/example_xcom.py took 0.125 seconds
[2022-10-19T15:38:37.691+0000] {processor.py:156} INFO - Started process (PID=430) to work on /home/airflow/.local/lib/python3.7/site-packages/airflow/example_dags/example_xcom.py
[2022-10-19T15:38:37.694+0000] {processor.py:758} INFO - Processing file /home/airflow/.local/lib/python3.7/site-packages/airflow/example_dags/example_xcom.py for tasks to queue
[2022-10-19T15:38:37.696+0000] {logging_mixin.py:117} INFO - [2022-10-19T15:38:37.695+0000] {dagbag.py:525} INFO - Filling up the DagBag from /home/airflow/.local/lib/python3.7/site-packages/airflow/example_dags/example_xcom.py
[2022-10-19T15:38:37.733+0000] {processor.py:768} INFO - DAG(s) dict_keys(['example_xcom']) retrieved from /home/airflow/.local/lib/python3.7/site-packages/airflow/example_dags/example_xcom.py
[2022-10-19T15:38:37.785+0000] {logging_mixin.py:117} INFO - [2022-10-19T15:38:37.785+0000] {dag.py:2573} INFO - Sync 1 DAGs
[2022-10-19T15:38:37.813+0000] {logging_mixin.py:117} INFO - [2022-10-19T15:38:37.813+0000] {dag.py:3328} INFO - Setting next_dagrun for example_xcom to 2021-01-01T00:00:00+00:00, run_after=2021-01-01T00:00:00+00:00
[2022-10-19T15:38:37.831+0000] {processor.py:178} INFO - Processing /home/airflow/.local/lib/python3.7/site-packages/airflow/example_dags/example_xcom.py took 0.145 seconds
[2022-10-19T15:39:08.963+0000] {processor.py:156} INFO - Started process (PID=485) to work on /home/airflow/.local/lib/python3.7/site-packages/airflow/example_dags/example_xcom.py
[2022-10-19T15:39:08.967+0000] {processor.py:758} INFO - Processing file /home/airflow/.local/lib/python3.7/site-packages/airflow/example_dags/example_xcom.py for tasks to queue
[2022-10-19T15:39:08.970+0000] {logging_mixin.py:117} INFO - [2022-10-19T15:39:08.969+0000] {dagbag.py:525} INFO - Filling up the DagBag from /home/airflow/.local/lib/python3.7/site-packages/airflow/example_dags/example_xcom.py
[2022-10-19T15:39:08.993+0000] {processor.py:768} INFO - DAG(s) dict_keys(['example_xcom']) retrieved from /home/airflow/.local/lib/python3.7/site-packages/airflow/example_dags/example_xcom.py
[2022-10-19T15:39:09.031+0000] {logging_mixin.py:117} INFO - [2022-10-19T15:39:09.031+0000] {dag.py:2573} INFO - Sync 1 DAGs
[2022-10-19T15:39:09.060+0000] {logging_mixin.py:117} INFO - [2022-10-19T15:39:09.060+0000] {dag.py:3328} INFO - Setting next_dagrun for example_xcom to 2021-01-01T00:00:00+00:00, run_after=2021-01-01T00:00:00+00:00
[2022-10-19T15:39:09.106+0000] {processor.py:178} INFO - Processing /home/airflow/.local/lib/python3.7/site-packages/airflow/example_dags/example_xcom.py took 0.146 seconds
[2022-10-19T15:39:56.673+0000] {processor.py:156} INFO - Started process (PID=551) to work on /home/airflow/.local/lib/python3.7/site-packages/airflow/example_dags/example_xcom.py
[2022-10-19T15:39:56.679+0000] {processor.py:758} INFO - Processing file /home/airflow/.local/lib/python3.7/site-packages/airflow/example_dags/example_xcom.py for tasks to queue
[2022-10-19T15:39:56.684+0000] {logging_mixin.py:117} INFO - [2022-10-19T15:39:56.684+0000] {dagbag.py:525} INFO - Filling up the DagBag from /home/airflow/.local/lib/python3.7/site-packages/airflow/example_dags/example_xcom.py
[2022-10-19T15:39:56.732+0000] {processor.py:768} INFO - DAG(s) dict_keys(['example_xcom']) retrieved from /home/airflow/.local/lib/python3.7/site-packages/airflow/example_dags/example_xcom.py
[2022-10-19T15:39:56.849+0000] {logging_mixin.py:117} INFO - [2022-10-19T15:39:56.849+0000] {dag.py:2573} INFO - Sync 1 DAGs
[2022-10-19T15:39:56.897+0000] {logging_mixin.py:117} INFO - [2022-10-19T15:39:56.897+0000] {dag.py:3328} INFO - Setting next_dagrun for example_xcom to 2021-01-01T00:00:00+00:00, run_after=2021-01-01T00:00:00+00:00
[2022-10-19T15:39:56.955+0000] {processor.py:178} INFO - Processing /home/airflow/.local/lib/python3.7/site-packages/airflow/example_dags/example_xcom.py took 0.295 seconds
[2022-10-19T15:40:27.883+0000] {processor.py:156} INFO - Started process (PID=616) to work on /home/airflow/.local/lib/python3.7/site-packages/airflow/example_dags/example_xcom.py
[2022-10-19T15:40:27.886+0000] {processor.py:758} INFO - Processing file /home/airflow/.local/lib/python3.7/site-packages/airflow/example_dags/example_xcom.py for tasks to queue
[2022-10-19T15:40:27.888+0000] {logging_mixin.py:117} INFO - [2022-10-19T15:40:27.888+0000] {dagbag.py:525} INFO - Filling up the DagBag from /home/airflow/.local/lib/python3.7/site-packages/airflow/example_dags/example_xcom.py
[2022-10-19T15:40:27.920+0000] {processor.py:768} INFO - DAG(s) dict_keys(['example_xcom']) retrieved from /home/airflow/.local/lib/python3.7/site-packages/airflow/example_dags/example_xcom.py
[2022-10-19T15:40:27.975+0000] {logging_mixin.py:117} INFO - [2022-10-19T15:40:27.975+0000] {dag.py:2573} INFO - Sync 1 DAGs
[2022-10-19T15:40:28.006+0000] {logging_mixin.py:117} INFO - [2022-10-19T15:40:28.005+0000] {dag.py:3328} INFO - Setting next_dagrun for example_xcom to 2021-01-01T00:00:00+00:00, run_after=2021-01-01T00:00:00+00:00
[2022-10-19T15:40:28.034+0000] {processor.py:178} INFO - Processing /home/airflow/.local/lib/python3.7/site-packages/airflow/example_dags/example_xcom.py took 0.157 seconds
[2022-10-19T15:40:59.133+0000] {processor.py:156} INFO - Started process (PID=672) to work on /home/airflow/.local/lib/python3.7/site-packages/airflow/example_dags/example_xcom.py
[2022-10-19T15:40:59.138+0000] {processor.py:758} INFO - Processing file /home/airflow/.local/lib/python3.7/site-packages/airflow/example_dags/example_xcom.py for tasks to queue
[2022-10-19T15:40:59.145+0000] {logging_mixin.py:117} INFO - [2022-10-19T15:40:59.145+0000] {dagbag.py:525} INFO - Filling up the DagBag from /home/airflow/.local/lib/python3.7/site-packages/airflow/example_dags/example_xcom.py
[2022-10-19T15:40:59.220+0000] {processor.py:768} INFO - DAG(s) dict_keys(['example_xcom']) retrieved from /home/airflow/.local/lib/python3.7/site-packages/airflow/example_dags/example_xcom.py
[2022-10-19T15:40:59.286+0000] {logging_mixin.py:117} INFO - [2022-10-19T15:40:59.286+0000] {dag.py:2573} INFO - Sync 1 DAGs
[2022-10-19T15:40:59.331+0000] {logging_mixin.py:117} INFO - [2022-10-19T15:40:59.331+0000] {dag.py:3328} INFO - Setting next_dagrun for example_xcom to 2021-01-01T00:00:00+00:00, run_after=2021-01-01T00:00:00+00:00
[2022-10-19T15:40:59.360+0000] {processor.py:178} INFO - Processing /home/airflow/.local/lib/python3.7/site-packages/airflow/example_dags/example_xcom.py took 0.238 seconds
[2022-10-19T15:41:30.217+0000] {processor.py:156} INFO - Started process (PID=738) to work on /home/airflow/.local/lib/python3.7/site-packages/airflow/example_dags/example_xcom.py
[2022-10-19T15:41:30.220+0000] {processor.py:758} INFO - Processing file /home/airflow/.local/lib/python3.7/site-packages/airflow/example_dags/example_xcom.py for tasks to queue
[2022-10-19T15:41:30.222+0000] {logging_mixin.py:117} INFO - [2022-10-19T15:41:30.222+0000] {dagbag.py:525} INFO - Filling up the DagBag from /home/airflow/.local/lib/python3.7/site-packages/airflow/example_dags/example_xcom.py
[2022-10-19T15:41:30.256+0000] {processor.py:768} INFO - DAG(s) dict_keys(['example_xcom']) retrieved from /home/airflow/.local/lib/python3.7/site-packages/airflow/example_dags/example_xcom.py
[2022-10-19T15:41:30.301+0000] {logging_mixin.py:117} INFO - [2022-10-19T15:41:30.300+0000] {dag.py:2573} INFO - Sync 1 DAGs
[2022-10-19T15:41:30.321+0000] {logging_mixin.py:117} INFO - [2022-10-19T15:41:30.320+0000] {dag.py:3328} INFO - Setting next_dagrun for example_xcom to 2021-01-01T00:00:00+00:00, run_after=2021-01-01T00:00:00+00:00
[2022-10-19T15:41:30.334+0000] {processor.py:178} INFO - Processing /home/airflow/.local/lib/python3.7/site-packages/airflow/example_dags/example_xcom.py took 0.123 seconds
[2022-10-19T15:42:01.010+0000] {processor.py:156} INFO - Started process (PID=803) to work on /home/airflow/.local/lib/python3.7/site-packages/airflow/example_dags/example_xcom.py
[2022-10-19T15:42:01.012+0000] {processor.py:758} INFO - Processing file /home/airflow/.local/lib/python3.7/site-packages/airflow/example_dags/example_xcom.py for tasks to queue
[2022-10-19T15:42:01.013+0000] {logging_mixin.py:117} INFO - [2022-10-19T15:42:01.013+0000] {dagbag.py:525} INFO - Filling up the DagBag from /home/airflow/.local/lib/python3.7/site-packages/airflow/example_dags/example_xcom.py
[2022-10-19T15:42:01.034+0000] {processor.py:768} INFO - DAG(s) dict_keys(['example_xcom']) retrieved from /home/airflow/.local/lib/python3.7/site-packages/airflow/example_dags/example_xcom.py
[2022-10-19T15:42:01.065+0000] {logging_mixin.py:117} INFO - [2022-10-19T15:42:01.065+0000] {dag.py:2573} INFO - Sync 1 DAGs
[2022-10-19T15:42:01.081+0000] {logging_mixin.py:117} INFO - [2022-10-19T15:42:01.081+0000] {dag.py:3328} INFO - Setting next_dagrun for example_xcom to 2021-01-01T00:00:00+00:00, run_after=2021-01-01T00:00:00+00:00
[2022-10-19T15:42:01.097+0000] {processor.py:178} INFO - Processing /home/airflow/.local/lib/python3.7/site-packages/airflow/example_dags/example_xcom.py took 0.091 seconds
[2022-10-19T15:42:31.555+0000] {processor.py:156} INFO - Started process (PID=868) to work on /home/airflow/.local/lib/python3.7/site-packages/airflow/example_dags/example_xcom.py
[2022-10-19T15:42:31.557+0000] {processor.py:758} INFO - Processing file /home/airflow/.local/lib/python3.7/site-packages/airflow/example_dags/example_xcom.py for tasks to queue
[2022-10-19T15:42:31.559+0000] {logging_mixin.py:117} INFO - [2022-10-19T15:42:31.559+0000] {dagbag.py:525} INFO - Filling up the DagBag from /home/airflow/.local/lib/python3.7/site-packages/airflow/example_dags/example_xcom.py
[2022-10-19T15:42:31.579+0000] {processor.py:768} INFO - DAG(s) dict_keys(['example_xcom']) retrieved from /home/airflow/.local/lib/python3.7/site-packages/airflow/example_dags/example_xcom.py
[2022-10-19T15:42:31.612+0000] {logging_mixin.py:117} INFO - [2022-10-19T15:42:31.612+0000] {dag.py:2573} INFO - Sync 1 DAGs
[2022-10-19T15:42:31.630+0000] {logging_mixin.py:117} INFO - [2022-10-19T15:42:31.630+0000] {dag.py:3328} INFO - Setting next_dagrun for example_xcom to 2021-01-01T00:00:00+00:00, run_after=2021-01-01T00:00:00+00:00
[2022-10-19T15:42:31.643+0000] {processor.py:178} INFO - Processing /home/airflow/.local/lib/python3.7/site-packages/airflow/example_dags/example_xcom.py took 0.091 seconds
[2022-10-19T15:43:02.297+0000] {processor.py:156} INFO - Started process (PID=925) to work on /home/airflow/.local/lib/python3.7/site-packages/airflow/example_dags/example_xcom.py
[2022-10-19T15:43:02.301+0000] {processor.py:758} INFO - Processing file /home/airflow/.local/lib/python3.7/site-packages/airflow/example_dags/example_xcom.py for tasks to queue
[2022-10-19T15:43:02.304+0000] {logging_mixin.py:117} INFO - [2022-10-19T15:43:02.303+0000] {dagbag.py:525} INFO - Filling up the DagBag from /home/airflow/.local/lib/python3.7/site-packages/airflow/example_dags/example_xcom.py
[2022-10-19T15:43:02.368+0000] {processor.py:768} INFO - DAG(s) dict_keys(['example_xcom']) retrieved from /home/airflow/.local/lib/python3.7/site-packages/airflow/example_dags/example_xcom.py
[2022-10-19T15:43:02.435+0000] {logging_mixin.py:117} INFO - [2022-10-19T15:43:02.434+0000] {dag.py:2573} INFO - Sync 1 DAGs
[2022-10-19T15:43:02.461+0000] {logging_mixin.py:117} INFO - [2022-10-19T15:43:02.461+0000] {dag.py:3328} INFO - Setting next_dagrun for example_xcom to 2021-01-01T00:00:00+00:00, run_after=2021-01-01T00:00:00+00:00
[2022-10-19T15:43:02.477+0000] {processor.py:178} INFO - Processing /home/airflow/.local/lib/python3.7/site-packages/airflow/example_dags/example_xcom.py took 0.198 seconds
[2022-10-19T15:43:37.559+0000] {processor.py:156} INFO - Started process (PID=990) to work on /home/airflow/.local/lib/python3.7/site-packages/airflow/example_dags/example_xcom.py
[2022-10-19T15:43:37.565+0000] {processor.py:758} INFO - Processing file /home/airflow/.local/lib/python3.7/site-packages/airflow/example_dags/example_xcom.py for tasks to queue
[2022-10-19T15:43:37.568+0000] {logging_mixin.py:117} INFO - [2022-10-19T15:43:37.567+0000] {dagbag.py:525} INFO - Filling up the DagBag from /home/airflow/.local/lib/python3.7/site-packages/airflow/example_dags/example_xcom.py
[2022-10-19T15:43:37.588+0000] {processor.py:768} INFO - DAG(s) dict_keys(['example_xcom']) retrieved from /home/airflow/.local/lib/python3.7/site-packages/airflow/example_dags/example_xcom.py
[2022-10-19T15:43:37.652+0000] {logging_mixin.py:117} INFO - [2022-10-19T15:43:37.652+0000] {dag.py:2573} INFO - Sync 1 DAGs
[2022-10-19T15:43:37.682+0000] {logging_mixin.py:117} INFO - [2022-10-19T15:43:37.682+0000] {dag.py:3328} INFO - Setting next_dagrun for example_xcom to 2021-01-01T00:00:00+00:00, run_after=2021-01-01T00:00:00+00:00
[2022-10-19T15:43:37.802+0000] {processor.py:178} INFO - Processing /home/airflow/.local/lib/python3.7/site-packages/airflow/example_dags/example_xcom.py took 0.246 seconds
[2022-10-19T15:44:51.588+0000] {processor.py:156} INFO - Started process (PID=1057) to work on /home/airflow/.local/lib/python3.7/site-packages/airflow/example_dags/example_xcom.py
[2022-10-19T15:44:51.601+0000] {processor.py:758} INFO - Processing file /home/airflow/.local/lib/python3.7/site-packages/airflow/example_dags/example_xcom.py for tasks to queue
[2022-10-19T15:44:51.605+0000] {logging_mixin.py:117} INFO - [2022-10-19T15:44:51.605+0000] {dagbag.py:525} INFO - Filling up the DagBag from /home/airflow/.local/lib/python3.7/site-packages/airflow/example_dags/example_xcom.py
[2022-10-19T15:44:51.651+0000] {processor.py:768} INFO - DAG(s) dict_keys(['example_xcom']) retrieved from /home/airflow/.local/lib/python3.7/site-packages/airflow/example_dags/example_xcom.py
[2022-10-19T15:44:51.776+0000] {logging_mixin.py:117} INFO - [2022-10-19T15:44:51.776+0000] {dag.py:2573} INFO - Sync 1 DAGs
[2022-10-19T15:44:53.391+0000] {logging_mixin.py:117} INFO - [2022-10-19T15:44:53.277+0000] {dag.py:3328} INFO - Setting next_dagrun for example_xcom to 2021-01-01T00:00:00+00:00, run_after=2021-01-01T00:00:00+00:00
[2022-10-19T15:44:53.658+0000] {processor.py:178} INFO - Processing /home/airflow/.local/lib/python3.7/site-packages/airflow/example_dags/example_xcom.py took 2.075 seconds
[2022-10-19T15:45:25.040+0000] {processor.py:156} INFO - Started process (PID=1113) to work on /home/airflow/.local/lib/python3.7/site-packages/airflow/example_dags/example_xcom.py
[2022-10-19T15:45:25.068+0000] {processor.py:758} INFO - Processing file /home/airflow/.local/lib/python3.7/site-packages/airflow/example_dags/example_xcom.py for tasks to queue
[2022-10-19T15:45:25.082+0000] {logging_mixin.py:117} INFO - [2022-10-19T15:45:25.080+0000] {dagbag.py:525} INFO - Filling up the DagBag from /home/airflow/.local/lib/python3.7/site-packages/airflow/example_dags/example_xcom.py
[2022-10-19T15:45:25.170+0000] {processor.py:768} INFO - DAG(s) dict_keys(['example_xcom']) retrieved from /home/airflow/.local/lib/python3.7/site-packages/airflow/example_dags/example_xcom.py
[2022-10-19T15:45:25.263+0000] {logging_mixin.py:117} INFO - [2022-10-19T15:45:25.262+0000] {dag.py:2573} INFO - Sync 1 DAGs
[2022-10-19T15:45:25.296+0000] {logging_mixin.py:117} INFO - [2022-10-19T15:45:25.295+0000] {dag.py:3328} INFO - Setting next_dagrun for example_xcom to 2021-01-01T00:00:00+00:00, run_after=2021-01-01T00:00:00+00:00
[2022-10-19T15:45:25.336+0000] {processor.py:178} INFO - Processing /home/airflow/.local/lib/python3.7/site-packages/airflow/example_dags/example_xcom.py took 0.298 seconds
[2022-10-19T15:46:47.872+0000] {processor.py:156} INFO - Started process (PID=1188) to work on /home/airflow/.local/lib/python3.7/site-packages/airflow/example_dags/example_xcom.py
[2022-10-19T15:46:47.874+0000] {processor.py:758} INFO - Processing file /home/airflow/.local/lib/python3.7/site-packages/airflow/example_dags/example_xcom.py for tasks to queue
[2022-10-19T15:46:47.876+0000] {logging_mixin.py:117} INFO - [2022-10-19T15:46:47.876+0000] {dagbag.py:525} INFO - Filling up the DagBag from /home/airflow/.local/lib/python3.7/site-packages/airflow/example_dags/example_xcom.py
[2022-10-19T15:46:47.902+0000] {processor.py:768} INFO - DAG(s) dict_keys(['example_xcom']) retrieved from /home/airflow/.local/lib/python3.7/site-packages/airflow/example_dags/example_xcom.py
[2022-10-19T15:46:47.948+0000] {logging_mixin.py:117} INFO - [2022-10-19T15:46:47.948+0000] {dag.py:2573} INFO - Sync 1 DAGs
[2022-10-19T15:46:47.995+0000] {logging_mixin.py:117} INFO - [2022-10-19T15:46:47.995+0000] {dag.py:3328} INFO - Setting next_dagrun for example_xcom to 2021-01-01T00:00:00+00:00, run_after=2021-01-01T00:00:00+00:00
[2022-10-19T15:46:48.017+0000] {processor.py:178} INFO - Processing /home/airflow/.local/lib/python3.7/site-packages/airflow/example_dags/example_xcom.py took 0.149 seconds
[2022-10-19T15:47:18.097+0000] {processor.py:156} INFO - Started process (PID=1246) to work on /home/airflow/.local/lib/python3.7/site-packages/airflow/example_dags/example_xcom.py
[2022-10-19T15:47:18.100+0000] {processor.py:758} INFO - Processing file /home/airflow/.local/lib/python3.7/site-packages/airflow/example_dags/example_xcom.py for tasks to queue
[2022-10-19T15:47:18.102+0000] {logging_mixin.py:117} INFO - [2022-10-19T15:47:18.102+0000] {dagbag.py:525} INFO - Filling up the DagBag from /home/airflow/.local/lib/python3.7/site-packages/airflow/example_dags/example_xcom.py
[2022-10-19T15:47:18.128+0000] {processor.py:768} INFO - DAG(s) dict_keys(['example_xcom']) retrieved from /home/airflow/.local/lib/python3.7/site-packages/airflow/example_dags/example_xcom.py
[2022-10-19T15:47:18.160+0000] {logging_mixin.py:117} INFO - [2022-10-19T15:47:18.160+0000] {dag.py:2573} INFO - Sync 1 DAGs
[2022-10-19T15:47:18.177+0000] {logging_mixin.py:117} INFO - [2022-10-19T15:47:18.177+0000] {dag.py:3328} INFO - Setting next_dagrun for example_xcom to 2021-01-01T00:00:00+00:00, run_after=2021-01-01T00:00:00+00:00
[2022-10-19T15:47:18.193+0000] {processor.py:178} INFO - Processing /home/airflow/.local/lib/python3.7/site-packages/airflow/example_dags/example_xcom.py took 0.098 seconds
[2022-10-19T15:47:57.255+0000] {processor.py:156} INFO - Started process (PID=1310) to work on /home/airflow/.local/lib/python3.7/site-packages/airflow/example_dags/example_xcom.py
[2022-10-19T15:47:57.259+0000] {processor.py:758} INFO - Processing file /home/airflow/.local/lib/python3.7/site-packages/airflow/example_dags/example_xcom.py for tasks to queue
[2022-10-19T15:47:57.265+0000] {logging_mixin.py:117} INFO - [2022-10-19T15:47:57.265+0000] {dagbag.py:525} INFO - Filling up the DagBag from /home/airflow/.local/lib/python3.7/site-packages/airflow/example_dags/example_xcom.py
[2022-10-19T15:47:57.468+0000] {processor.py:768} INFO - DAG(s) dict_keys(['example_xcom']) retrieved from /home/airflow/.local/lib/python3.7/site-packages/airflow/example_dags/example_xcom.py
[2022-10-19T15:47:57.612+0000] {logging_mixin.py:117} INFO - [2022-10-19T15:47:57.612+0000] {dag.py:2573} INFO - Sync 1 DAGs
[2022-10-19T15:47:57.642+0000] {logging_mixin.py:117} INFO - [2022-10-19T15:47:57.642+0000] {dag.py:3328} INFO - Setting next_dagrun for example_xcom to 2021-01-01T00:00:00+00:00, run_after=2021-01-01T00:00:00+00:00
[2022-10-19T15:47:57.673+0000] {processor.py:178} INFO - Processing /home/airflow/.local/lib/python3.7/site-packages/airflow/example_dags/example_xcom.py took 0.426 seconds
[2022-10-19T15:48:32.647+0000] {processor.py:156} INFO - Started process (PID=1370) to work on /home/airflow/.local/lib/python3.7/site-packages/airflow/example_dags/example_xcom.py
[2022-10-19T15:48:32.660+0000] {processor.py:758} INFO - Processing file /home/airflow/.local/lib/python3.7/site-packages/airflow/example_dags/example_xcom.py for tasks to queue
[2022-10-19T15:48:32.663+0000] {logging_mixin.py:117} INFO - [2022-10-19T15:48:32.663+0000] {dagbag.py:525} INFO - Filling up the DagBag from /home/airflow/.local/lib/python3.7/site-packages/airflow/example_dags/example_xcom.py
[2022-10-19T15:48:32.917+0000] {processor.py:768} INFO - DAG(s) dict_keys(['example_xcom']) retrieved from /home/airflow/.local/lib/python3.7/site-packages/airflow/example_dags/example_xcom.py
[2022-10-19T15:48:46.740+0000] {logging_mixin.py:117} INFO - [2022-10-19T15:48:46.738+0000] {dag.py:2573} INFO - Sync 1 DAGs
[2022-10-19T15:48:47.837+0000] {logging_mixin.py:117} INFO - [2022-10-19T15:48:47.835+0000] {dag.py:3328} INFO - Setting next_dagrun for example_xcom to 2021-01-01T00:00:00+00:00, run_after=2021-01-01T00:00:00+00:00
[2022-10-19T15:48:48.229+0000] {processor.py:178} INFO - Processing /home/airflow/.local/lib/python3.7/site-packages/airflow/example_dags/example_xcom.py took 15.089 seconds
[2022-10-19T15:51:32.933+0000] {processor.py:156} INFO - Started process (PID=1489) to work on /home/airflow/.local/lib/python3.7/site-packages/airflow/example_dags/example_xcom.py
[2022-10-19T15:51:32.937+0000] {processor.py:758} INFO - Processing file /home/airflow/.local/lib/python3.7/site-packages/airflow/example_dags/example_xcom.py for tasks to queue
[2022-10-19T15:51:32.939+0000] {logging_mixin.py:117} INFO - [2022-10-19T15:51:32.938+0000] {dagbag.py:525} INFO - Filling up the DagBag from /home/airflow/.local/lib/python3.7/site-packages/airflow/example_dags/example_xcom.py
[2022-10-19T15:51:32.968+0000] {processor.py:768} INFO - DAG(s) dict_keys(['example_xcom']) retrieved from /home/airflow/.local/lib/python3.7/site-packages/airflow/example_dags/example_xcom.py
[2022-10-19T15:51:33.018+0000] {logging_mixin.py:117} INFO - [2022-10-19T15:51:33.017+0000] {dag.py:2573} INFO - Sync 1 DAGs
[2022-10-19T15:51:33.051+0000] {logging_mixin.py:117} INFO - [2022-10-19T15:51:33.051+0000] {dag.py:3328} INFO - Setting next_dagrun for example_xcom to 2021-01-01T00:00:00+00:00, run_after=2021-01-01T00:00:00+00:00
[2022-10-19T15:51:33.082+0000] {processor.py:178} INFO - Processing /home/airflow/.local/lib/python3.7/site-packages/airflow/example_dags/example_xcom.py took 0.151 seconds
[2022-10-19T15:59:17.626+0000] {processor.py:156} INFO - Started process (PID=136) to work on /home/airflow/.local/lib/python3.7/site-packages/airflow/example_dags/example_xcom.py
[2022-10-19T15:59:17.631+0000] {processor.py:758} INFO - Processing file /home/airflow/.local/lib/python3.7/site-packages/airflow/example_dags/example_xcom.py for tasks to queue
[2022-10-19T15:59:17.632+0000] {logging_mixin.py:117} INFO - [2022-10-19T15:59:17.632+0000] {dagbag.py:525} INFO - Filling up the DagBag from /home/airflow/.local/lib/python3.7/site-packages/airflow/example_dags/example_xcom.py
[2022-10-19T15:59:17.648+0000] {processor.py:768} INFO - DAG(s) dict_keys(['example_xcom']) retrieved from /home/airflow/.local/lib/python3.7/site-packages/airflow/example_dags/example_xcom.py
[2022-10-19T15:59:17.681+0000] {logging_mixin.py:117} INFO - [2022-10-19T15:59:17.681+0000] {dag.py:2573} INFO - Sync 1 DAGs
[2022-10-19T15:59:17.701+0000] {logging_mixin.py:117} INFO - [2022-10-19T15:59:17.701+0000] {dag.py:3328} INFO - Setting next_dagrun for example_xcom to 2021-01-01T00:00:00+00:00, run_after=2021-01-01T00:00:00+00:00
[2022-10-19T15:59:17.720+0000] {processor.py:178} INFO - Processing /home/airflow/.local/lib/python3.7/site-packages/airflow/example_dags/example_xcom.py took 0.097 seconds
[2022-10-19T15:59:49.093+0000] {processor.py:156} INFO - Started process (PID=201) to work on /home/airflow/.local/lib/python3.7/site-packages/airflow/example_dags/example_xcom.py
[2022-10-19T15:59:49.102+0000] {processor.py:758} INFO - Processing file /home/airflow/.local/lib/python3.7/site-packages/airflow/example_dags/example_xcom.py for tasks to queue
[2022-10-19T15:59:49.104+0000] {logging_mixin.py:117} INFO - [2022-10-19T15:59:49.104+0000] {dagbag.py:525} INFO - Filling up the DagBag from /home/airflow/.local/lib/python3.7/site-packages/airflow/example_dags/example_xcom.py
[2022-10-19T15:59:49.124+0000] {processor.py:768} INFO - DAG(s) dict_keys(['example_xcom']) retrieved from /home/airflow/.local/lib/python3.7/site-packages/airflow/example_dags/example_xcom.py
[2022-10-19T15:59:49.161+0000] {logging_mixin.py:117} INFO - [2022-10-19T15:59:49.161+0000] {dag.py:2573} INFO - Sync 1 DAGs
[2022-10-19T15:59:49.180+0000] {logging_mixin.py:117} INFO - [2022-10-19T15:59:49.179+0000] {dag.py:3328} INFO - Setting next_dagrun for example_xcom to 2021-01-01T00:00:00+00:00, run_after=2021-01-01T00:00:00+00:00
[2022-10-19T15:59:49.214+0000] {processor.py:178} INFO - Processing /home/airflow/.local/lib/python3.7/site-packages/airflow/example_dags/example_xcom.py took 0.123 seconds
[2022-10-19T16:00:24.244+0000] {processor.py:156} INFO - Started process (PID=266) to work on /home/airflow/.local/lib/python3.7/site-packages/airflow/example_dags/example_xcom.py
[2022-10-19T16:00:24.247+0000] {processor.py:758} INFO - Processing file /home/airflow/.local/lib/python3.7/site-packages/airflow/example_dags/example_xcom.py for tasks to queue
[2022-10-19T16:00:24.249+0000] {logging_mixin.py:117} INFO - [2022-10-19T16:00:24.249+0000] {dagbag.py:525} INFO - Filling up the DagBag from /home/airflow/.local/lib/python3.7/site-packages/airflow/example_dags/example_xcom.py
[2022-10-19T16:00:24.276+0000] {processor.py:768} INFO - DAG(s) dict_keys(['example_xcom']) retrieved from /home/airflow/.local/lib/python3.7/site-packages/airflow/example_dags/example_xcom.py
[2022-10-19T16:00:24.316+0000] {logging_mixin.py:117} INFO - [2022-10-19T16:00:24.316+0000] {dag.py:2573} INFO - Sync 1 DAGs
[2022-10-19T16:00:24.341+0000] {logging_mixin.py:117} INFO - [2022-10-19T16:00:24.341+0000] {dag.py:3328} INFO - Setting next_dagrun for example_xcom to 2021-01-01T00:00:00+00:00, run_after=2021-01-01T00:00:00+00:00
[2022-10-19T16:00:24.368+0000] {processor.py:178} INFO - Processing /home/airflow/.local/lib/python3.7/site-packages/airflow/example_dags/example_xcom.py took 0.128 seconds
[2022-10-19T16:00:54.422+0000] {processor.py:156} INFO - Started process (PID=322) to work on /home/airflow/.local/lib/python3.7/site-packages/airflow/example_dags/example_xcom.py
[2022-10-19T16:00:54.424+0000] {processor.py:758} INFO - Processing file /home/airflow/.local/lib/python3.7/site-packages/airflow/example_dags/example_xcom.py for tasks to queue
[2022-10-19T16:00:54.426+0000] {logging_mixin.py:117} INFO - [2022-10-19T16:00:54.426+0000] {dagbag.py:525} INFO - Filling up the DagBag from /home/airflow/.local/lib/python3.7/site-packages/airflow/example_dags/example_xcom.py
[2022-10-19T16:00:54.443+0000] {processor.py:768} INFO - DAG(s) dict_keys(['example_xcom']) retrieved from /home/airflow/.local/lib/python3.7/site-packages/airflow/example_dags/example_xcom.py
[2022-10-19T16:00:54.468+0000] {logging_mixin.py:117} INFO - [2022-10-19T16:00:54.468+0000] {dag.py:2573} INFO - Sync 1 DAGs
[2022-10-19T16:00:54.481+0000] {logging_mixin.py:117} INFO - [2022-10-19T16:00:54.481+0000] {dag.py:3328} INFO - Setting next_dagrun for example_xcom to 2021-01-01T00:00:00+00:00, run_after=2021-01-01T00:00:00+00:00
[2022-10-19T16:00:54.492+0000] {processor.py:178} INFO - Processing /home/airflow/.local/lib/python3.7/site-packages/airflow/example_dags/example_xcom.py took 0.073 seconds
[2022-10-19T16:01:25.506+0000] {processor.py:156} INFO - Started process (PID=387) to work on /home/airflow/.local/lib/python3.7/site-packages/airflow/example_dags/example_xcom.py
[2022-10-19T16:01:25.508+0000] {processor.py:758} INFO - Processing file /home/airflow/.local/lib/python3.7/site-packages/airflow/example_dags/example_xcom.py for tasks to queue
[2022-10-19T16:01:25.510+0000] {logging_mixin.py:117} INFO - [2022-10-19T16:01:25.509+0000] {dagbag.py:525} INFO - Filling up the DagBag from /home/airflow/.local/lib/python3.7/site-packages/airflow/example_dags/example_xcom.py
[2022-10-19T16:01:25.528+0000] {processor.py:768} INFO - DAG(s) dict_keys(['example_xcom']) retrieved from /home/airflow/.local/lib/python3.7/site-packages/airflow/example_dags/example_xcom.py
[2022-10-19T16:01:25.579+0000] {logging_mixin.py:117} INFO - [2022-10-19T16:01:25.579+0000] {dag.py:2573} INFO - Sync 1 DAGs
[2022-10-19T16:01:25.610+0000] {logging_mixin.py:117} INFO - [2022-10-19T16:01:25.610+0000] {dag.py:3328} INFO - Setting next_dagrun for example_xcom to 2021-01-01T00:00:00+00:00, run_after=2021-01-01T00:00:00+00:00
[2022-10-19T16:01:25.628+0000] {processor.py:178} INFO - Processing /home/airflow/.local/lib/python3.7/site-packages/airflow/example_dags/example_xcom.py took 0.124 seconds
[2022-10-19T16:01:55.876+0000] {processor.py:156} INFO - Started process (PID=453) to work on /home/airflow/.local/lib/python3.7/site-packages/airflow/example_dags/example_xcom.py
[2022-10-19T16:01:55.879+0000] {processor.py:758} INFO - Processing file /home/airflow/.local/lib/python3.7/site-packages/airflow/example_dags/example_xcom.py for tasks to queue
[2022-10-19T16:01:55.883+0000] {logging_mixin.py:117} INFO - [2022-10-19T16:01:55.882+0000] {dagbag.py:525} INFO - Filling up the DagBag from /home/airflow/.local/lib/python3.7/site-packages/airflow/example_dags/example_xcom.py
[2022-10-19T16:01:55.908+0000] {processor.py:768} INFO - DAG(s) dict_keys(['example_xcom']) retrieved from /home/airflow/.local/lib/python3.7/site-packages/airflow/example_dags/example_xcom.py
[2022-10-19T16:01:55.957+0000] {logging_mixin.py:117} INFO - [2022-10-19T16:01:55.957+0000] {dag.py:2573} INFO - Sync 1 DAGs
[2022-10-19T16:01:55.985+0000] {logging_mixin.py:117} INFO - [2022-10-19T16:01:55.984+0000] {dag.py:3328} INFO - Setting next_dagrun for example_xcom to 2021-01-01T00:00:00+00:00, run_after=2021-01-01T00:00:00+00:00
[2022-10-19T16:01:56.023+0000] {processor.py:178} INFO - Processing /home/airflow/.local/lib/python3.7/site-packages/airflow/example_dags/example_xcom.py took 0.152 seconds
[2022-10-19T16:02:26.114+0000] {processor.py:156} INFO - Started process (PID=509) to work on /home/airflow/.local/lib/python3.7/site-packages/airflow/example_dags/example_xcom.py
[2022-10-19T16:02:26.124+0000] {processor.py:758} INFO - Processing file /home/airflow/.local/lib/python3.7/site-packages/airflow/example_dags/example_xcom.py for tasks to queue
[2022-10-19T16:02:26.128+0000] {logging_mixin.py:117} INFO - [2022-10-19T16:02:26.128+0000] {dagbag.py:525} INFO - Filling up the DagBag from /home/airflow/.local/lib/python3.7/site-packages/airflow/example_dags/example_xcom.py
[2022-10-19T16:02:26.152+0000] {processor.py:768} INFO - DAG(s) dict_keys(['example_xcom']) retrieved from /home/airflow/.local/lib/python3.7/site-packages/airflow/example_dags/example_xcom.py
[2022-10-19T16:02:26.184+0000] {logging_mixin.py:117} INFO - [2022-10-19T16:02:26.184+0000] {dag.py:2573} INFO - Sync 1 DAGs
[2022-10-19T16:02:26.200+0000] {logging_mixin.py:117} INFO - [2022-10-19T16:02:26.200+0000] {dag.py:3328} INFO - Setting next_dagrun for example_xcom to 2021-01-01T00:00:00+00:00, run_after=2021-01-01T00:00:00+00:00
[2022-10-19T16:02:26.212+0000] {processor.py:178} INFO - Processing /home/airflow/.local/lib/python3.7/site-packages/airflow/example_dags/example_xcom.py took 0.100 seconds
[2022-10-19T16:02:56.275+0000] {processor.py:156} INFO - Started process (PID=574) to work on /home/airflow/.local/lib/python3.7/site-packages/airflow/example_dags/example_xcom.py
[2022-10-19T16:02:56.277+0000] {processor.py:758} INFO - Processing file /home/airflow/.local/lib/python3.7/site-packages/airflow/example_dags/example_xcom.py for tasks to queue
[2022-10-19T16:02:56.278+0000] {logging_mixin.py:117} INFO - [2022-10-19T16:02:56.278+0000] {dagbag.py:525} INFO - Filling up the DagBag from /home/airflow/.local/lib/python3.7/site-packages/airflow/example_dags/example_xcom.py
[2022-10-19T16:02:56.295+0000] {processor.py:768} INFO - DAG(s) dict_keys(['example_xcom']) retrieved from /home/airflow/.local/lib/python3.7/site-packages/airflow/example_dags/example_xcom.py
[2022-10-19T16:02:56.323+0000] {logging_mixin.py:117} INFO - [2022-10-19T16:02:56.323+0000] {dag.py:2573} INFO - Sync 1 DAGs
[2022-10-19T16:02:56.344+0000] {logging_mixin.py:117} INFO - [2022-10-19T16:02:56.344+0000] {dag.py:3328} INFO - Setting next_dagrun for example_xcom to 2021-01-01T00:00:00+00:00, run_after=2021-01-01T00:00:00+00:00
[2022-10-19T16:02:56.360+0000] {processor.py:178} INFO - Processing /home/airflow/.local/lib/python3.7/site-packages/airflow/example_dags/example_xcom.py took 0.087 seconds
[2022-10-19T16:03:27.238+0000] {processor.py:156} INFO - Started process (PID=639) to work on /home/airflow/.local/lib/python3.7/site-packages/airflow/example_dags/example_xcom.py
[2022-10-19T16:03:27.241+0000] {processor.py:758} INFO - Processing file /home/airflow/.local/lib/python3.7/site-packages/airflow/example_dags/example_xcom.py for tasks to queue
[2022-10-19T16:03:27.243+0000] {logging_mixin.py:117} INFO - [2022-10-19T16:03:27.243+0000] {dagbag.py:525} INFO - Filling up the DagBag from /home/airflow/.local/lib/python3.7/site-packages/airflow/example_dags/example_xcom.py
[2022-10-19T16:03:27.263+0000] {processor.py:768} INFO - DAG(s) dict_keys(['example_xcom']) retrieved from /home/airflow/.local/lib/python3.7/site-packages/airflow/example_dags/example_xcom.py
[2022-10-19T16:03:27.297+0000] {logging_mixin.py:117} INFO - [2022-10-19T16:03:27.297+0000] {dag.py:2573} INFO - Sync 1 DAGs
[2022-10-19T16:03:27.314+0000] {logging_mixin.py:117} INFO - [2022-10-19T16:03:27.314+0000] {dag.py:3328} INFO - Setting next_dagrun for example_xcom to 2021-01-01T00:00:00+00:00, run_after=2021-01-01T00:00:00+00:00
[2022-10-19T16:03:27.334+0000] {processor.py:178} INFO - Processing /home/airflow/.local/lib/python3.7/site-packages/airflow/example_dags/example_xcom.py took 0.100 seconds
[2022-10-19T16:03:57.491+0000] {processor.py:156} INFO - Started process (PID=704) to work on /home/airflow/.local/lib/python3.7/site-packages/airflow/example_dags/example_xcom.py
[2022-10-19T16:03:57.493+0000] {processor.py:758} INFO - Processing file /home/airflow/.local/lib/python3.7/site-packages/airflow/example_dags/example_xcom.py for tasks to queue
[2022-10-19T16:03:57.496+0000] {logging_mixin.py:117} INFO - [2022-10-19T16:03:57.496+0000] {dagbag.py:525} INFO - Filling up the DagBag from /home/airflow/.local/lib/python3.7/site-packages/airflow/example_dags/example_xcom.py
[2022-10-19T16:03:57.519+0000] {processor.py:768} INFO - DAG(s) dict_keys(['example_xcom']) retrieved from /home/airflow/.local/lib/python3.7/site-packages/airflow/example_dags/example_xcom.py
[2022-10-19T16:03:57.554+0000] {logging_mixin.py:117} INFO - [2022-10-19T16:03:57.553+0000] {dag.py:2573} INFO - Sync 1 DAGs
[2022-10-19T16:03:57.570+0000] {logging_mixin.py:117} INFO - [2022-10-19T16:03:57.570+0000] {dag.py:3328} INFO - Setting next_dagrun for example_xcom to 2021-01-01T00:00:00+00:00, run_after=2021-01-01T00:00:00+00:00
[2022-10-19T16:03:57.582+0000] {processor.py:178} INFO - Processing /home/airflow/.local/lib/python3.7/site-packages/airflow/example_dags/example_xcom.py took 0.094 seconds
[2022-10-19T16:04:28.475+0000] {processor.py:156} INFO - Started process (PID=769) to work on /home/airflow/.local/lib/python3.7/site-packages/airflow/example_dags/example_xcom.py
[2022-10-19T16:04:28.479+0000] {processor.py:758} INFO - Processing file /home/airflow/.local/lib/python3.7/site-packages/airflow/example_dags/example_xcom.py for tasks to queue
[2022-10-19T16:04:28.480+0000] {logging_mixin.py:117} INFO - [2022-10-19T16:04:28.480+0000] {dagbag.py:525} INFO - Filling up the DagBag from /home/airflow/.local/lib/python3.7/site-packages/airflow/example_dags/example_xcom.py
[2022-10-19T16:04:28.498+0000] {processor.py:768} INFO - DAG(s) dict_keys(['example_xcom']) retrieved from /home/airflow/.local/lib/python3.7/site-packages/airflow/example_dags/example_xcom.py
[2022-10-19T16:04:28.528+0000] {logging_mixin.py:117} INFO - [2022-10-19T16:04:28.528+0000] {dag.py:2573} INFO - Sync 1 DAGs
[2022-10-19T16:04:28.549+0000] {logging_mixin.py:117} INFO - [2022-10-19T16:04:28.549+0000] {dag.py:3328} INFO - Setting next_dagrun for example_xcom to 2021-01-01T00:00:00+00:00, run_after=2021-01-01T00:00:00+00:00
[2022-10-19T16:04:28.564+0000] {processor.py:178} INFO - Processing /home/airflow/.local/lib/python3.7/site-packages/airflow/example_dags/example_xcom.py took 0.092 seconds
[2022-10-19T16:04:59.093+0000] {processor.py:156} INFO - Started process (PID=825) to work on /home/airflow/.local/lib/python3.7/site-packages/airflow/example_dags/example_xcom.py
[2022-10-19T16:04:59.094+0000] {processor.py:758} INFO - Processing file /home/airflow/.local/lib/python3.7/site-packages/airflow/example_dags/example_xcom.py for tasks to queue
[2022-10-19T16:04:59.095+0000] {logging_mixin.py:117} INFO - [2022-10-19T16:04:59.095+0000] {dagbag.py:525} INFO - Filling up the DagBag from /home/airflow/.local/lib/python3.7/site-packages/airflow/example_dags/example_xcom.py
[2022-10-19T16:04:59.110+0000] {processor.py:768} INFO - DAG(s) dict_keys(['example_xcom']) retrieved from /home/airflow/.local/lib/python3.7/site-packages/airflow/example_dags/example_xcom.py
[2022-10-19T16:04:59.148+0000] {logging_mixin.py:117} INFO - [2022-10-19T16:04:59.148+0000] {dag.py:2573} INFO - Sync 1 DAGs
[2022-10-19T16:04:59.170+0000] {logging_mixin.py:117} INFO - [2022-10-19T16:04:59.170+0000] {dag.py:3328} INFO - Setting next_dagrun for example_xcom to 2021-01-01T00:00:00+00:00, run_after=2021-01-01T00:00:00+00:00
[2022-10-19T16:04:59.182+0000] {processor.py:178} INFO - Processing /home/airflow/.local/lib/python3.7/site-packages/airflow/example_dags/example_xcom.py took 0.094 seconds
[2022-10-19T16:05:30.359+0000] {processor.py:156} INFO - Started process (PID=891) to work on /home/airflow/.local/lib/python3.7/site-packages/airflow/example_dags/example_xcom.py
[2022-10-19T16:05:30.361+0000] {processor.py:758} INFO - Processing file /home/airflow/.local/lib/python3.7/site-packages/airflow/example_dags/example_xcom.py for tasks to queue
[2022-10-19T16:05:30.362+0000] {logging_mixin.py:117} INFO - [2022-10-19T16:05:30.362+0000] {dagbag.py:525} INFO - Filling up the DagBag from /home/airflow/.local/lib/python3.7/site-packages/airflow/example_dags/example_xcom.py
[2022-10-19T16:05:30.377+0000] {processor.py:768} INFO - DAG(s) dict_keys(['example_xcom']) retrieved from /home/airflow/.local/lib/python3.7/site-packages/airflow/example_dags/example_xcom.py
[2022-10-19T16:05:30.413+0000] {logging_mixin.py:117} INFO - [2022-10-19T16:05:30.413+0000] {dag.py:2573} INFO - Sync 1 DAGs
[2022-10-19T16:05:30.442+0000] {logging_mixin.py:117} INFO - [2022-10-19T16:05:30.442+0000] {dag.py:3328} INFO - Setting next_dagrun for example_xcom to 2021-01-01T00:00:00+00:00, run_after=2021-01-01T00:00:00+00:00
[2022-10-19T16:05:30.455+0000] {processor.py:178} INFO - Processing /home/airflow/.local/lib/python3.7/site-packages/airflow/example_dags/example_xcom.py took 0.098 seconds
[2022-10-19T16:06:01.044+0000] {processor.py:156} INFO - Started process (PID=955) to work on /home/airflow/.local/lib/python3.7/site-packages/airflow/example_dags/example_xcom.py
[2022-10-19T16:06:01.046+0000] {processor.py:758} INFO - Processing file /home/airflow/.local/lib/python3.7/site-packages/airflow/example_dags/example_xcom.py for tasks to queue
[2022-10-19T16:06:01.047+0000] {logging_mixin.py:117} INFO - [2022-10-19T16:06:01.047+0000] {dagbag.py:525} INFO - Filling up the DagBag from /home/airflow/.local/lib/python3.7/site-packages/airflow/example_dags/example_xcom.py
[2022-10-19T16:06:01.068+0000] {processor.py:768} INFO - DAG(s) dict_keys(['example_xcom']) retrieved from /home/airflow/.local/lib/python3.7/site-packages/airflow/example_dags/example_xcom.py
[2022-10-19T16:06:01.110+0000] {logging_mixin.py:117} INFO - [2022-10-19T16:06:01.110+0000] {dag.py:2573} INFO - Sync 1 DAGs
[2022-10-19T16:06:01.129+0000] {logging_mixin.py:117} INFO - [2022-10-19T16:06:01.129+0000] {dag.py:3328} INFO - Setting next_dagrun for example_xcom to 2021-01-01T00:00:00+00:00, run_after=2021-01-01T00:00:00+00:00
[2022-10-19T16:06:01.146+0000] {processor.py:178} INFO - Processing /home/airflow/.local/lib/python3.7/site-packages/airflow/example_dags/example_xcom.py took 0.105 seconds
[2022-10-19T16:06:31.437+0000] {processor.py:156} INFO - Started process (PID=1020) to work on /home/airflow/.local/lib/python3.7/site-packages/airflow/example_dags/example_xcom.py
[2022-10-19T16:06:31.440+0000] {processor.py:758} INFO - Processing file /home/airflow/.local/lib/python3.7/site-packages/airflow/example_dags/example_xcom.py for tasks to queue
[2022-10-19T16:06:31.443+0000] {logging_mixin.py:117} INFO - [2022-10-19T16:06:31.443+0000] {dagbag.py:525} INFO - Filling up the DagBag from /home/airflow/.local/lib/python3.7/site-packages/airflow/example_dags/example_xcom.py
[2022-10-19T16:06:31.467+0000] {processor.py:768} INFO - DAG(s) dict_keys(['example_xcom']) retrieved from /home/airflow/.local/lib/python3.7/site-packages/airflow/example_dags/example_xcom.py
[2022-10-19T16:06:31.506+0000] {logging_mixin.py:117} INFO - [2022-10-19T16:06:31.506+0000] {dag.py:2573} INFO - Sync 1 DAGs
[2022-10-19T16:06:31.530+0000] {logging_mixin.py:117} INFO - [2022-10-19T16:06:31.530+0000] {dag.py:3328} INFO - Setting next_dagrun for example_xcom to 2021-01-01T00:00:00+00:00, run_after=2021-01-01T00:00:00+00:00
[2022-10-19T16:06:31.547+0000] {processor.py:178} INFO - Processing /home/airflow/.local/lib/python3.7/site-packages/airflow/example_dags/example_xcom.py took 0.112 seconds
[2022-10-19T16:07:03.862+0000] {processor.py:156} INFO - Started process (PID=1086) to work on /home/airflow/.local/lib/python3.7/site-packages/airflow/example_dags/example_xcom.py
[2022-10-19T16:07:03.868+0000] {processor.py:758} INFO - Processing file /home/airflow/.local/lib/python3.7/site-packages/airflow/example_dags/example_xcom.py for tasks to queue
[2022-10-19T16:07:03.878+0000] {logging_mixin.py:117} INFO - [2022-10-19T16:07:03.877+0000] {dagbag.py:525} INFO - Filling up the DagBag from /home/airflow/.local/lib/python3.7/site-packages/airflow/example_dags/example_xcom.py
[2022-10-19T16:07:03.935+0000] {processor.py:768} INFO - DAG(s) dict_keys(['example_xcom']) retrieved from /home/airflow/.local/lib/python3.7/site-packages/airflow/example_dags/example_xcom.py
[2022-10-19T16:07:04.019+0000] {logging_mixin.py:117} INFO - [2022-10-19T16:07:04.019+0000] {dag.py:2573} INFO - Sync 1 DAGs
[2022-10-19T16:07:04.070+0000] {logging_mixin.py:117} INFO - [2022-10-19T16:07:04.070+0000] {dag.py:3328} INFO - Setting next_dagrun for example_xcom to 2021-01-01T00:00:00+00:00, run_after=2021-01-01T00:00:00+00:00
[2022-10-19T16:07:04.095+0000] {processor.py:178} INFO - Processing /home/airflow/.local/lib/python3.7/site-packages/airflow/example_dags/example_xcom.py took 0.239 seconds
[2022-10-19T16:07:34.181+0000] {processor.py:156} INFO - Started process (PID=1141) to work on /home/airflow/.local/lib/python3.7/site-packages/airflow/example_dags/example_xcom.py
[2022-10-19T16:07:34.183+0000] {processor.py:758} INFO - Processing file /home/airflow/.local/lib/python3.7/site-packages/airflow/example_dags/example_xcom.py for tasks to queue
[2022-10-19T16:07:34.184+0000] {logging_mixin.py:117} INFO - [2022-10-19T16:07:34.184+0000] {dagbag.py:525} INFO - Filling up the DagBag from /home/airflow/.local/lib/python3.7/site-packages/airflow/example_dags/example_xcom.py
[2022-10-19T16:07:34.197+0000] {processor.py:768} INFO - DAG(s) dict_keys(['example_xcom']) retrieved from /home/airflow/.local/lib/python3.7/site-packages/airflow/example_dags/example_xcom.py
[2022-10-19T16:07:34.229+0000] {logging_mixin.py:117} INFO - [2022-10-19T16:07:34.229+0000] {dag.py:2573} INFO - Sync 1 DAGs
[2022-10-19T16:07:34.243+0000] {logging_mixin.py:117} INFO - [2022-10-19T16:07:34.243+0000] {dag.py:3328} INFO - Setting next_dagrun for example_xcom to 2021-01-01T00:00:00+00:00, run_after=2021-01-01T00:00:00+00:00
[2022-10-19T16:07:34.253+0000] {processor.py:178} INFO - Processing /home/airflow/.local/lib/python3.7/site-packages/airflow/example_dags/example_xcom.py took 0.074 seconds
[2022-10-19T16:08:05.007+0000] {processor.py:156} INFO - Started process (PID=1206) to work on /home/airflow/.local/lib/python3.7/site-packages/airflow/example_dags/example_xcom.py
[2022-10-19T16:08:05.010+0000] {processor.py:758} INFO - Processing file /home/airflow/.local/lib/python3.7/site-packages/airflow/example_dags/example_xcom.py for tasks to queue
[2022-10-19T16:08:05.011+0000] {logging_mixin.py:117} INFO - [2022-10-19T16:08:05.011+0000] {dagbag.py:525} INFO - Filling up the DagBag from /home/airflow/.local/lib/python3.7/site-packages/airflow/example_dags/example_xcom.py
[2022-10-19T16:08:05.032+0000] {processor.py:768} INFO - DAG(s) dict_keys(['example_xcom']) retrieved from /home/airflow/.local/lib/python3.7/site-packages/airflow/example_dags/example_xcom.py
[2022-10-19T16:08:05.059+0000] {logging_mixin.py:117} INFO - [2022-10-19T16:08:05.059+0000] {dag.py:2573} INFO - Sync 1 DAGs
[2022-10-19T16:08:05.076+0000] {logging_mixin.py:117} INFO - [2022-10-19T16:08:05.076+0000] {dag.py:3328} INFO - Setting next_dagrun for example_xcom to 2021-01-01T00:00:00+00:00, run_after=2021-01-01T00:00:00+00:00
[2022-10-19T16:08:05.090+0000] {processor.py:178} INFO - Processing /home/airflow/.local/lib/python3.7/site-packages/airflow/example_dags/example_xcom.py took 0.087 seconds
[2022-10-19T16:08:35.327+0000] {processor.py:156} INFO - Started process (PID=1271) to work on /home/airflow/.local/lib/python3.7/site-packages/airflow/example_dags/example_xcom.py
[2022-10-19T16:08:35.329+0000] {processor.py:758} INFO - Processing file /home/airflow/.local/lib/python3.7/site-packages/airflow/example_dags/example_xcom.py for tasks to queue
[2022-10-19T16:08:35.330+0000] {logging_mixin.py:117} INFO - [2022-10-19T16:08:35.330+0000] {dagbag.py:525} INFO - Filling up the DagBag from /home/airflow/.local/lib/python3.7/site-packages/airflow/example_dags/example_xcom.py
[2022-10-19T16:08:35.364+0000] {processor.py:768} INFO - DAG(s) dict_keys(['example_xcom']) retrieved from /home/airflow/.local/lib/python3.7/site-packages/airflow/example_dags/example_xcom.py
[2022-10-19T16:08:35.417+0000] {logging_mixin.py:117} INFO - [2022-10-19T16:08:35.417+0000] {dag.py:2573} INFO - Sync 1 DAGs
[2022-10-19T16:08:35.441+0000] {logging_mixin.py:117} INFO - [2022-10-19T16:08:35.441+0000] {dag.py:3328} INFO - Setting next_dagrun for example_xcom to 2021-01-01T00:00:00+00:00, run_after=2021-01-01T00:00:00+00:00
[2022-10-19T16:08:35.457+0000] {processor.py:178} INFO - Processing /home/airflow/.local/lib/python3.7/site-packages/airflow/example_dags/example_xcom.py took 0.133 seconds
[2022-10-19T16:09:05.852+0000] {processor.py:156} INFO - Started process (PID=1336) to work on /home/airflow/.local/lib/python3.7/site-packages/airflow/example_dags/example_xcom.py
[2022-10-19T16:09:05.853+0000] {processor.py:758} INFO - Processing file /home/airflow/.local/lib/python3.7/site-packages/airflow/example_dags/example_xcom.py for tasks to queue
[2022-10-19T16:09:05.854+0000] {logging_mixin.py:117} INFO - [2022-10-19T16:09:05.854+0000] {dagbag.py:525} INFO - Filling up the DagBag from /home/airflow/.local/lib/python3.7/site-packages/airflow/example_dags/example_xcom.py
[2022-10-19T16:09:05.870+0000] {processor.py:768} INFO - DAG(s) dict_keys(['example_xcom']) retrieved from /home/airflow/.local/lib/python3.7/site-packages/airflow/example_dags/example_xcom.py
[2022-10-19T16:09:05.909+0000] {logging_mixin.py:117} INFO - [2022-10-19T16:09:05.909+0000] {dag.py:2573} INFO - Sync 1 DAGs
[2022-10-19T16:09:05.938+0000] {logging_mixin.py:117} INFO - [2022-10-19T16:09:05.938+0000] {dag.py:3328} INFO - Setting next_dagrun for example_xcom to 2021-01-01T00:00:00+00:00, run_after=2021-01-01T00:00:00+00:00
[2022-10-19T16:09:05.966+0000] {processor.py:178} INFO - Processing /home/airflow/.local/lib/python3.7/site-packages/airflow/example_dags/example_xcom.py took 0.116 seconds
[2022-10-19T16:09:36.365+0000] {processor.py:156} INFO - Started process (PID=1392) to work on /home/airflow/.local/lib/python3.7/site-packages/airflow/example_dags/example_xcom.py
[2022-10-19T16:09:36.367+0000] {processor.py:758} INFO - Processing file /home/airflow/.local/lib/python3.7/site-packages/airflow/example_dags/example_xcom.py for tasks to queue
[2022-10-19T16:09:36.369+0000] {logging_mixin.py:117} INFO - [2022-10-19T16:09:36.369+0000] {dagbag.py:525} INFO - Filling up the DagBag from /home/airflow/.local/lib/python3.7/site-packages/airflow/example_dags/example_xcom.py
[2022-10-19T16:09:36.385+0000] {processor.py:768} INFO - DAG(s) dict_keys(['example_xcom']) retrieved from /home/airflow/.local/lib/python3.7/site-packages/airflow/example_dags/example_xcom.py
[2022-10-19T16:09:36.425+0000] {logging_mixin.py:117} INFO - [2022-10-19T16:09:36.425+0000] {dag.py:2573} INFO - Sync 1 DAGs
[2022-10-19T16:09:36.440+0000] {logging_mixin.py:117} INFO - [2022-10-19T16:09:36.440+0000] {dag.py:3328} INFO - Setting next_dagrun for example_xcom to 2021-01-01T00:00:00+00:00, run_after=2021-01-01T00:00:00+00:00
[2022-10-19T16:09:36.454+0000] {processor.py:178} INFO - Processing /home/airflow/.local/lib/python3.7/site-packages/airflow/example_dags/example_xcom.py took 0.091 seconds
[2022-10-19T16:10:07.142+0000] {processor.py:156} INFO - Started process (PID=1459) to work on /home/airflow/.local/lib/python3.7/site-packages/airflow/example_dags/example_xcom.py
[2022-10-19T16:10:07.143+0000] {processor.py:758} INFO - Processing file /home/airflow/.local/lib/python3.7/site-packages/airflow/example_dags/example_xcom.py for tasks to queue
[2022-10-19T16:10:07.145+0000] {logging_mixin.py:117} INFO - [2022-10-19T16:10:07.145+0000] {dagbag.py:525} INFO - Filling up the DagBag from /home/airflow/.local/lib/python3.7/site-packages/airflow/example_dags/example_xcom.py
[2022-10-19T16:10:07.173+0000] {processor.py:768} INFO - DAG(s) dict_keys(['example_xcom']) retrieved from /home/airflow/.local/lib/python3.7/site-packages/airflow/example_dags/example_xcom.py
[2022-10-19T16:10:07.214+0000] {logging_mixin.py:117} INFO - [2022-10-19T16:10:07.213+0000] {dag.py:2573} INFO - Sync 1 DAGs
[2022-10-19T16:10:07.232+0000] {logging_mixin.py:117} INFO - [2022-10-19T16:10:07.232+0000] {dag.py:3328} INFO - Setting next_dagrun for example_xcom to 2021-01-01T00:00:00+00:00, run_after=2021-01-01T00:00:00+00:00
[2022-10-19T16:10:07.245+0000] {processor.py:178} INFO - Processing /home/airflow/.local/lib/python3.7/site-packages/airflow/example_dags/example_xcom.py took 0.106 seconds
[2022-10-19T16:10:37.525+0000] {processor.py:156} INFO - Started process (PID=1524) to work on /home/airflow/.local/lib/python3.7/site-packages/airflow/example_dags/example_xcom.py
[2022-10-19T16:10:37.527+0000] {processor.py:758} INFO - Processing file /home/airflow/.local/lib/python3.7/site-packages/airflow/example_dags/example_xcom.py for tasks to queue
[2022-10-19T16:10:37.528+0000] {logging_mixin.py:117} INFO - [2022-10-19T16:10:37.528+0000] {dagbag.py:525} INFO - Filling up the DagBag from /home/airflow/.local/lib/python3.7/site-packages/airflow/example_dags/example_xcom.py
[2022-10-19T16:10:37.544+0000] {processor.py:768} INFO - DAG(s) dict_keys(['example_xcom']) retrieved from /home/airflow/.local/lib/python3.7/site-packages/airflow/example_dags/example_xcom.py
[2022-10-19T16:10:37.577+0000] {logging_mixin.py:117} INFO - [2022-10-19T16:10:37.577+0000] {dag.py:2573} INFO - Sync 1 DAGs
[2022-10-19T16:10:37.600+0000] {logging_mixin.py:117} INFO - [2022-10-19T16:10:37.600+0000] {dag.py:3328} INFO - Setting next_dagrun for example_xcom to 2021-01-01T00:00:00+00:00, run_after=2021-01-01T00:00:00+00:00
[2022-10-19T16:10:37.618+0000] {processor.py:178} INFO - Processing /home/airflow/.local/lib/python3.7/site-packages/airflow/example_dags/example_xcom.py took 0.095 seconds
[2022-10-19T16:11:08.426+0000] {processor.py:156} INFO - Started process (PID=1588) to work on /home/airflow/.local/lib/python3.7/site-packages/airflow/example_dags/example_xcom.py
[2022-10-19T16:11:08.445+0000] {processor.py:758} INFO - Processing file /home/airflow/.local/lib/python3.7/site-packages/airflow/example_dags/example_xcom.py for tasks to queue
[2022-10-19T16:11:08.450+0000] {logging_mixin.py:117} INFO - [2022-10-19T16:11:08.450+0000] {dagbag.py:525} INFO - Filling up the DagBag from /home/airflow/.local/lib/python3.7/site-packages/airflow/example_dags/example_xcom.py
[2022-10-19T16:11:08.476+0000] {processor.py:768} INFO - DAG(s) dict_keys(['example_xcom']) retrieved from /home/airflow/.local/lib/python3.7/site-packages/airflow/example_dags/example_xcom.py
[2022-10-19T16:11:08.526+0000] {logging_mixin.py:117} INFO - [2022-10-19T16:11:08.525+0000] {dag.py:2573} INFO - Sync 1 DAGs
[2022-10-19T16:11:08.554+0000] {logging_mixin.py:117} INFO - [2022-10-19T16:11:08.554+0000] {dag.py:3328} INFO - Setting next_dagrun for example_xcom to 2021-01-01T00:00:00+00:00, run_after=2021-01-01T00:00:00+00:00
[2022-10-19T16:11:08.573+0000] {processor.py:178} INFO - Processing /home/airflow/.local/lib/python3.7/site-packages/airflow/example_dags/example_xcom.py took 0.150 seconds
[2022-10-19T16:11:38.999+0000] {processor.py:156} INFO - Started process (PID=1653) to work on /home/airflow/.local/lib/python3.7/site-packages/airflow/example_dags/example_xcom.py
[2022-10-19T16:11:39.001+0000] {processor.py:758} INFO - Processing file /home/airflow/.local/lib/python3.7/site-packages/airflow/example_dags/example_xcom.py for tasks to queue
[2022-10-19T16:11:39.001+0000] {logging_mixin.py:117} INFO - [2022-10-19T16:11:39.001+0000] {dagbag.py:525} INFO - Filling up the DagBag from /home/airflow/.local/lib/python3.7/site-packages/airflow/example_dags/example_xcom.py
[2022-10-19T16:11:39.018+0000] {processor.py:768} INFO - DAG(s) dict_keys(['example_xcom']) retrieved from /home/airflow/.local/lib/python3.7/site-packages/airflow/example_dags/example_xcom.py
[2022-10-19T16:11:39.048+0000] {logging_mixin.py:117} INFO - [2022-10-19T16:11:39.048+0000] {dag.py:2573} INFO - Sync 1 DAGs
[2022-10-19T16:11:39.064+0000] {logging_mixin.py:117} INFO - [2022-10-19T16:11:39.064+0000] {dag.py:3328} INFO - Setting next_dagrun for example_xcom to 2021-01-01T00:00:00+00:00, run_after=2021-01-01T00:00:00+00:00
[2022-10-19T16:11:39.078+0000] {processor.py:178} INFO - Processing /home/airflow/.local/lib/python3.7/site-packages/airflow/example_dags/example_xcom.py took 0.082 seconds
[2022-10-19T16:12:10.094+0000] {processor.py:156} INFO - Started process (PID=1710) to work on /home/airflow/.local/lib/python3.7/site-packages/airflow/example_dags/example_xcom.py
[2022-10-19T16:12:10.097+0000] {processor.py:758} INFO - Processing file /home/airflow/.local/lib/python3.7/site-packages/airflow/example_dags/example_xcom.py for tasks to queue
[2022-10-19T16:12:10.098+0000] {logging_mixin.py:117} INFO - [2022-10-19T16:12:10.098+0000] {dagbag.py:525} INFO - Filling up the DagBag from /home/airflow/.local/lib/python3.7/site-packages/airflow/example_dags/example_xcom.py
[2022-10-19T16:12:10.127+0000] {processor.py:768} INFO - DAG(s) dict_keys(['example_xcom']) retrieved from /home/airflow/.local/lib/python3.7/site-packages/airflow/example_dags/example_xcom.py
[2022-10-19T16:12:10.167+0000] {logging_mixin.py:117} INFO - [2022-10-19T16:12:10.167+0000] {dag.py:2573} INFO - Sync 1 DAGs
[2022-10-19T16:12:10.187+0000] {logging_mixin.py:117} INFO - [2022-10-19T16:12:10.187+0000] {dag.py:3328} INFO - Setting next_dagrun for example_xcom to 2021-01-01T00:00:00+00:00, run_after=2021-01-01T00:00:00+00:00
[2022-10-19T16:12:10.206+0000] {processor.py:178} INFO - Processing /home/airflow/.local/lib/python3.7/site-packages/airflow/example_dags/example_xcom.py took 0.115 seconds
[2022-10-19T16:12:40.970+0000] {processor.py:156} INFO - Started process (PID=1776) to work on /home/airflow/.local/lib/python3.7/site-packages/airflow/example_dags/example_xcom.py
[2022-10-19T16:12:40.972+0000] {processor.py:758} INFO - Processing file /home/airflow/.local/lib/python3.7/site-packages/airflow/example_dags/example_xcom.py for tasks to queue
[2022-10-19T16:12:40.973+0000] {logging_mixin.py:117} INFO - [2022-10-19T16:12:40.973+0000] {dagbag.py:525} INFO - Filling up the DagBag from /home/airflow/.local/lib/python3.7/site-packages/airflow/example_dags/example_xcom.py
[2022-10-19T16:12:40.992+0000] {processor.py:768} INFO - DAG(s) dict_keys(['example_xcom']) retrieved from /home/airflow/.local/lib/python3.7/site-packages/airflow/example_dags/example_xcom.py
[2022-10-19T16:12:41.022+0000] {logging_mixin.py:117} INFO - [2022-10-19T16:12:41.022+0000] {dag.py:2573} INFO - Sync 1 DAGs
[2022-10-19T16:12:41.041+0000] {logging_mixin.py:117} INFO - [2022-10-19T16:12:41.040+0000] {dag.py:3328} INFO - Setting next_dagrun for example_xcom to 2021-01-01T00:00:00+00:00, run_after=2021-01-01T00:00:00+00:00
[2022-10-19T16:12:41.054+0000] {processor.py:178} INFO - Processing /home/airflow/.local/lib/python3.7/site-packages/airflow/example_dags/example_xcom.py took 0.085 seconds
[2022-10-19T16:13:11.312+0000] {processor.py:156} INFO - Started process (PID=1840) to work on /home/airflow/.local/lib/python3.7/site-packages/airflow/example_dags/example_xcom.py
[2022-10-19T16:13:11.314+0000] {processor.py:758} INFO - Processing file /home/airflow/.local/lib/python3.7/site-packages/airflow/example_dags/example_xcom.py for tasks to queue
[2022-10-19T16:13:11.316+0000] {logging_mixin.py:117} INFO - [2022-10-19T16:13:11.316+0000] {dagbag.py:525} INFO - Filling up the DagBag from /home/airflow/.local/lib/python3.7/site-packages/airflow/example_dags/example_xcom.py
[2022-10-19T16:13:11.357+0000] {processor.py:768} INFO - DAG(s) dict_keys(['example_xcom']) retrieved from /home/airflow/.local/lib/python3.7/site-packages/airflow/example_dags/example_xcom.py
[2022-10-19T16:13:11.398+0000] {logging_mixin.py:117} INFO - [2022-10-19T16:13:11.398+0000] {dag.py:2573} INFO - Sync 1 DAGs
[2022-10-19T16:13:11.418+0000] {logging_mixin.py:117} INFO - [2022-10-19T16:13:11.418+0000] {dag.py:3328} INFO - Setting next_dagrun for example_xcom to 2021-01-01T00:00:00+00:00, run_after=2021-01-01T00:00:00+00:00
[2022-10-19T16:13:11.435+0000] {processor.py:178} INFO - Processing /home/airflow/.local/lib/python3.7/site-packages/airflow/example_dags/example_xcom.py took 0.126 seconds
[2022-10-19T16:13:41.722+0000] {processor.py:156} INFO - Started process (PID=1905) to work on /home/airflow/.local/lib/python3.7/site-packages/airflow/example_dags/example_xcom.py
[2022-10-19T16:13:41.725+0000] {processor.py:758} INFO - Processing file /home/airflow/.local/lib/python3.7/site-packages/airflow/example_dags/example_xcom.py for tasks to queue
[2022-10-19T16:13:41.726+0000] {logging_mixin.py:117} INFO - [2022-10-19T16:13:41.726+0000] {dagbag.py:525} INFO - Filling up the DagBag from /home/airflow/.local/lib/python3.7/site-packages/airflow/example_dags/example_xcom.py
[2022-10-19T16:13:41.741+0000] {processor.py:768} INFO - DAG(s) dict_keys(['example_xcom']) retrieved from /home/airflow/.local/lib/python3.7/site-packages/airflow/example_dags/example_xcom.py
[2022-10-19T16:13:41.773+0000] {logging_mixin.py:117} INFO - [2022-10-19T16:13:41.773+0000] {dag.py:2573} INFO - Sync 1 DAGs
[2022-10-19T16:13:41.789+0000] {logging_mixin.py:117} INFO - [2022-10-19T16:13:41.789+0000] {dag.py:3328} INFO - Setting next_dagrun for example_xcom to 2021-01-01T00:00:00+00:00, run_after=2021-01-01T00:00:00+00:00
[2022-10-19T16:13:41.804+0000] {processor.py:178} INFO - Processing /home/airflow/.local/lib/python3.7/site-packages/airflow/example_dags/example_xcom.py took 0.084 seconds
[2022-10-19T16:14:12.148+0000] {processor.py:156} INFO - Started process (PID=1971) to work on /home/airflow/.local/lib/python3.7/site-packages/airflow/example_dags/example_xcom.py
[2022-10-19T16:14:12.150+0000] {processor.py:758} INFO - Processing file /home/airflow/.local/lib/python3.7/site-packages/airflow/example_dags/example_xcom.py for tasks to queue
[2022-10-19T16:14:12.151+0000] {logging_mixin.py:117} INFO - [2022-10-19T16:14:12.151+0000] {dagbag.py:525} INFO - Filling up the DagBag from /home/airflow/.local/lib/python3.7/site-packages/airflow/example_dags/example_xcom.py
[2022-10-19T16:14:12.171+0000] {processor.py:768} INFO - DAG(s) dict_keys(['example_xcom']) retrieved from /home/airflow/.local/lib/python3.7/site-packages/airflow/example_dags/example_xcom.py
[2022-10-19T16:14:12.199+0000] {logging_mixin.py:117} INFO - [2022-10-19T16:14:12.199+0000] {dag.py:2573} INFO - Sync 1 DAGs
[2022-10-19T16:14:12.221+0000] {logging_mixin.py:117} INFO - [2022-10-19T16:14:12.221+0000] {dag.py:3328} INFO - Setting next_dagrun for example_xcom to 2021-01-01T00:00:00+00:00, run_after=2021-01-01T00:00:00+00:00
[2022-10-19T16:14:12.242+0000] {processor.py:178} INFO - Processing /home/airflow/.local/lib/python3.7/site-packages/airflow/example_dags/example_xcom.py took 0.097 seconds
[2022-10-19T16:14:42.373+0000] {processor.py:156} INFO - Started process (PID=2027) to work on /home/airflow/.local/lib/python3.7/site-packages/airflow/example_dags/example_xcom.py
[2022-10-19T16:14:42.374+0000] {processor.py:758} INFO - Processing file /home/airflow/.local/lib/python3.7/site-packages/airflow/example_dags/example_xcom.py for tasks to queue
[2022-10-19T16:14:42.375+0000] {logging_mixin.py:117} INFO - [2022-10-19T16:14:42.375+0000] {dagbag.py:525} INFO - Filling up the DagBag from /home/airflow/.local/lib/python3.7/site-packages/airflow/example_dags/example_xcom.py
[2022-10-19T16:14:42.391+0000] {processor.py:768} INFO - DAG(s) dict_keys(['example_xcom']) retrieved from /home/airflow/.local/lib/python3.7/site-packages/airflow/example_dags/example_xcom.py
[2022-10-19T16:14:42.420+0000] {logging_mixin.py:117} INFO - [2022-10-19T16:14:42.420+0000] {dag.py:2573} INFO - Sync 1 DAGs
[2022-10-19T16:14:42.440+0000] {logging_mixin.py:117} INFO - [2022-10-19T16:14:42.440+0000] {dag.py:3328} INFO - Setting next_dagrun for example_xcom to 2021-01-01T00:00:00+00:00, run_after=2021-01-01T00:00:00+00:00
[2022-10-19T16:14:42.456+0000] {processor.py:178} INFO - Processing /home/airflow/.local/lib/python3.7/site-packages/airflow/example_dags/example_xcom.py took 0.086 seconds
[2022-10-19T16:15:13.931+0000] {processor.py:156} INFO - Started process (PID=2095) to work on /home/airflow/.local/lib/python3.7/site-packages/airflow/example_dags/example_xcom.py
[2022-10-19T16:15:13.933+0000] {processor.py:758} INFO - Processing file /home/airflow/.local/lib/python3.7/site-packages/airflow/example_dags/example_xcom.py for tasks to queue
[2022-10-19T16:15:13.934+0000] {logging_mixin.py:117} INFO - [2022-10-19T16:15:13.934+0000] {dagbag.py:525} INFO - Filling up the DagBag from /home/airflow/.local/lib/python3.7/site-packages/airflow/example_dags/example_xcom.py
[2022-10-19T16:15:13.949+0000] {processor.py:768} INFO - DAG(s) dict_keys(['example_xcom']) retrieved from /home/airflow/.local/lib/python3.7/site-packages/airflow/example_dags/example_xcom.py
[2022-10-19T16:15:13.976+0000] {logging_mixin.py:117} INFO - [2022-10-19T16:15:13.976+0000] {dag.py:2573} INFO - Sync 1 DAGs
[2022-10-19T16:15:13.996+0000] {logging_mixin.py:117} INFO - [2022-10-19T16:15:13.996+0000] {dag.py:3328} INFO - Setting next_dagrun for example_xcom to 2021-01-01T00:00:00+00:00, run_after=2021-01-01T00:00:00+00:00
[2022-10-19T16:15:14.011+0000] {processor.py:178} INFO - Processing /home/airflow/.local/lib/python3.7/site-packages/airflow/example_dags/example_xcom.py took 0.083 seconds
[2022-10-19T16:15:44.097+0000] {processor.py:156} INFO - Started process (PID=2161) to work on /home/airflow/.local/lib/python3.7/site-packages/airflow/example_dags/example_xcom.py
[2022-10-19T16:15:44.098+0000] {processor.py:758} INFO - Processing file /home/airflow/.local/lib/python3.7/site-packages/airflow/example_dags/example_xcom.py for tasks to queue
[2022-10-19T16:15:44.099+0000] {logging_mixin.py:117} INFO - [2022-10-19T16:15:44.099+0000] {dagbag.py:525} INFO - Filling up the DagBag from /home/airflow/.local/lib/python3.7/site-packages/airflow/example_dags/example_xcom.py
[2022-10-19T16:15:44.114+0000] {processor.py:768} INFO - DAG(s) dict_keys(['example_xcom']) retrieved from /home/airflow/.local/lib/python3.7/site-packages/airflow/example_dags/example_xcom.py
[2022-10-19T16:15:44.140+0000] {logging_mixin.py:117} INFO - [2022-10-19T16:15:44.140+0000] {dag.py:2573} INFO - Sync 1 DAGs
[2022-10-19T16:15:44.156+0000] {logging_mixin.py:117} INFO - [2022-10-19T16:15:44.155+0000] {dag.py:3328} INFO - Setting next_dagrun for example_xcom to 2021-01-01T00:00:00+00:00, run_after=2021-01-01T00:00:00+00:00
[2022-10-19T16:15:44.172+0000] {processor.py:178} INFO - Processing /home/airflow/.local/lib/python3.7/site-packages/airflow/example_dags/example_xcom.py took 0.077 seconds
[2022-10-19T16:16:15.073+0000] {processor.py:156} INFO - Started process (PID=2225) to work on /home/airflow/.local/lib/python3.7/site-packages/airflow/example_dags/example_xcom.py
[2022-10-19T16:16:15.075+0000] {processor.py:758} INFO - Processing file /home/airflow/.local/lib/python3.7/site-packages/airflow/example_dags/example_xcom.py for tasks to queue
[2022-10-19T16:16:15.076+0000] {logging_mixin.py:117} INFO - [2022-10-19T16:16:15.076+0000] {dagbag.py:525} INFO - Filling up the DagBag from /home/airflow/.local/lib/python3.7/site-packages/airflow/example_dags/example_xcom.py
[2022-10-19T16:16:15.094+0000] {processor.py:768} INFO - DAG(s) dict_keys(['example_xcom']) retrieved from /home/airflow/.local/lib/python3.7/site-packages/airflow/example_dags/example_xcom.py
[2022-10-19T16:16:15.120+0000] {logging_mixin.py:117} INFO - [2022-10-19T16:16:15.120+0000] {dag.py:2573} INFO - Sync 1 DAGs
[2022-10-19T16:16:15.138+0000] {logging_mixin.py:117} INFO - [2022-10-19T16:16:15.138+0000] {dag.py:3328} INFO - Setting next_dagrun for example_xcom to 2021-01-01T00:00:00+00:00, run_after=2021-01-01T00:00:00+00:00
[2022-10-19T16:16:15.163+0000] {processor.py:178} INFO - Processing /home/airflow/.local/lib/python3.7/site-packages/airflow/example_dags/example_xcom.py took 0.093 seconds
[2022-10-19T16:16:46.044+0000] {processor.py:156} INFO - Started process (PID=2291) to work on /home/airflow/.local/lib/python3.7/site-packages/airflow/example_dags/example_xcom.py
[2022-10-19T16:16:46.046+0000] {processor.py:758} INFO - Processing file /home/airflow/.local/lib/python3.7/site-packages/airflow/example_dags/example_xcom.py for tasks to queue
[2022-10-19T16:16:46.047+0000] {logging_mixin.py:117} INFO - [2022-10-19T16:16:46.047+0000] {dagbag.py:525} INFO - Filling up the DagBag from /home/airflow/.local/lib/python3.7/site-packages/airflow/example_dags/example_xcom.py
[2022-10-19T16:16:46.061+0000] {processor.py:768} INFO - DAG(s) dict_keys(['example_xcom']) retrieved from /home/airflow/.local/lib/python3.7/site-packages/airflow/example_dags/example_xcom.py
[2022-10-19T16:16:46.090+0000] {logging_mixin.py:117} INFO - [2022-10-19T16:16:46.089+0000] {dag.py:2573} INFO - Sync 1 DAGs
[2022-10-19T16:16:46.105+0000] {logging_mixin.py:117} INFO - [2022-10-19T16:16:46.105+0000] {dag.py:3328} INFO - Setting next_dagrun for example_xcom to 2021-01-01T00:00:00+00:00, run_after=2021-01-01T00:00:00+00:00
[2022-10-19T16:16:46.120+0000] {processor.py:178} INFO - Processing /home/airflow/.local/lib/python3.7/site-packages/airflow/example_dags/example_xcom.py took 0.078 seconds
[2022-10-19T16:17:16.769+0000] {processor.py:156} INFO - Started process (PID=2347) to work on /home/airflow/.local/lib/python3.7/site-packages/airflow/example_dags/example_xcom.py
[2022-10-19T16:17:16.770+0000] {processor.py:758} INFO - Processing file /home/airflow/.local/lib/python3.7/site-packages/airflow/example_dags/example_xcom.py for tasks to queue
[2022-10-19T16:17:16.772+0000] {logging_mixin.py:117} INFO - [2022-10-19T16:17:16.771+0000] {dagbag.py:525} INFO - Filling up the DagBag from /home/airflow/.local/lib/python3.7/site-packages/airflow/example_dags/example_xcom.py
[2022-10-19T16:17:16.787+0000] {processor.py:768} INFO - DAG(s) dict_keys(['example_xcom']) retrieved from /home/airflow/.local/lib/python3.7/site-packages/airflow/example_dags/example_xcom.py
[2022-10-19T16:17:16.815+0000] {logging_mixin.py:117} INFO - [2022-10-19T16:17:16.815+0000] {dag.py:2573} INFO - Sync 1 DAGs
[2022-10-19T16:17:16.833+0000] {logging_mixin.py:117} INFO - [2022-10-19T16:17:16.833+0000] {dag.py:3328} INFO - Setting next_dagrun for example_xcom to 2021-01-01T00:00:00+00:00, run_after=2021-01-01T00:00:00+00:00
[2022-10-19T16:17:16.849+0000] {processor.py:178} INFO - Processing /home/airflow/.local/lib/python3.7/site-packages/airflow/example_dags/example_xcom.py took 0.082 seconds
[2022-10-19T16:17:47.612+0000] {processor.py:156} INFO - Started process (PID=2413) to work on /home/airflow/.local/lib/python3.7/site-packages/airflow/example_dags/example_xcom.py
[2022-10-19T16:17:47.614+0000] {processor.py:758} INFO - Processing file /home/airflow/.local/lib/python3.7/site-packages/airflow/example_dags/example_xcom.py for tasks to queue
[2022-10-19T16:17:47.615+0000] {logging_mixin.py:117} INFO - [2022-10-19T16:17:47.614+0000] {dagbag.py:525} INFO - Filling up the DagBag from /home/airflow/.local/lib/python3.7/site-packages/airflow/example_dags/example_xcom.py
[2022-10-19T16:17:47.630+0000] {processor.py:768} INFO - DAG(s) dict_keys(['example_xcom']) retrieved from /home/airflow/.local/lib/python3.7/site-packages/airflow/example_dags/example_xcom.py
[2022-10-19T16:17:47.657+0000] {logging_mixin.py:117} INFO - [2022-10-19T16:17:47.657+0000] {dag.py:2573} INFO - Sync 1 DAGs
[2022-10-19T16:17:47.673+0000] {logging_mixin.py:117} INFO - [2022-10-19T16:17:47.673+0000] {dag.py:3328} INFO - Setting next_dagrun for example_xcom to 2021-01-01T00:00:00+00:00, run_after=2021-01-01T00:00:00+00:00
[2022-10-19T16:17:47.685+0000] {processor.py:178} INFO - Processing /home/airflow/.local/lib/python3.7/site-packages/airflow/example_dags/example_xcom.py took 0.076 seconds
[2022-10-19T16:18:18.465+0000] {processor.py:156} INFO - Started process (PID=2478) to work on /home/airflow/.local/lib/python3.7/site-packages/airflow/example_dags/example_xcom.py
[2022-10-19T16:18:18.466+0000] {processor.py:758} INFO - Processing file /home/airflow/.local/lib/python3.7/site-packages/airflow/example_dags/example_xcom.py for tasks to queue
[2022-10-19T16:18:18.467+0000] {logging_mixin.py:117} INFO - [2022-10-19T16:18:18.467+0000] {dagbag.py:525} INFO - Filling up the DagBag from /home/airflow/.local/lib/python3.7/site-packages/airflow/example_dags/example_xcom.py
[2022-10-19T16:18:18.483+0000] {processor.py:768} INFO - DAG(s) dict_keys(['example_xcom']) retrieved from /home/airflow/.local/lib/python3.7/site-packages/airflow/example_dags/example_xcom.py
[2022-10-19T16:18:18.509+0000] {logging_mixin.py:117} INFO - [2022-10-19T16:18:18.509+0000] {dag.py:2573} INFO - Sync 1 DAGs
[2022-10-19T16:18:18.526+0000] {logging_mixin.py:117} INFO - [2022-10-19T16:18:18.525+0000] {dag.py:3328} INFO - Setting next_dagrun for example_xcom to 2021-01-01T00:00:00+00:00, run_after=2021-01-01T00:00:00+00:00
[2022-10-19T16:18:18.538+0000] {processor.py:178} INFO - Processing /home/airflow/.local/lib/python3.7/site-packages/airflow/example_dags/example_xcom.py took 0.075 seconds
[2022-10-19T16:18:49.515+0000] {processor.py:156} INFO - Started process (PID=2544) to work on /home/airflow/.local/lib/python3.7/site-packages/airflow/example_dags/example_xcom.py
[2022-10-19T16:18:49.517+0000] {processor.py:758} INFO - Processing file /home/airflow/.local/lib/python3.7/site-packages/airflow/example_dags/example_xcom.py for tasks to queue
[2022-10-19T16:18:49.518+0000] {logging_mixin.py:117} INFO - [2022-10-19T16:18:49.518+0000] {dagbag.py:525} INFO - Filling up the DagBag from /home/airflow/.local/lib/python3.7/site-packages/airflow/example_dags/example_xcom.py
[2022-10-19T16:18:49.533+0000] {processor.py:768} INFO - DAG(s) dict_keys(['example_xcom']) retrieved from /home/airflow/.local/lib/python3.7/site-packages/airflow/example_dags/example_xcom.py
[2022-10-19T16:18:49.562+0000] {logging_mixin.py:117} INFO - [2022-10-19T16:18:49.562+0000] {dag.py:2573} INFO - Sync 1 DAGs
[2022-10-19T16:18:49.579+0000] {logging_mixin.py:117} INFO - [2022-10-19T16:18:49.579+0000] {dag.py:3328} INFO - Setting next_dagrun for example_xcom to 2021-01-01T00:00:00+00:00, run_after=2021-01-01T00:00:00+00:00
[2022-10-19T16:18:49.597+0000] {processor.py:178} INFO - Processing /home/airflow/.local/lib/python3.7/site-packages/airflow/example_dags/example_xcom.py took 0.084 seconds
[2022-10-19T16:19:20.538+0000] {processor.py:156} INFO - Started process (PID=2609) to work on /home/airflow/.local/lib/python3.7/site-packages/airflow/example_dags/example_xcom.py
[2022-10-19T16:19:20.540+0000] {processor.py:758} INFO - Processing file /home/airflow/.local/lib/python3.7/site-packages/airflow/example_dags/example_xcom.py for tasks to queue
[2022-10-19T16:19:20.544+0000] {logging_mixin.py:117} INFO - [2022-10-19T16:19:20.544+0000] {dagbag.py:525} INFO - Filling up the DagBag from /home/airflow/.local/lib/python3.7/site-packages/airflow/example_dags/example_xcom.py
[2022-10-19T16:19:20.563+0000] {processor.py:768} INFO - DAG(s) dict_keys(['example_xcom']) retrieved from /home/airflow/.local/lib/python3.7/site-packages/airflow/example_dags/example_xcom.py
[2022-10-19T16:19:20.601+0000] {logging_mixin.py:117} INFO - [2022-10-19T16:19:20.601+0000] {dag.py:2573} INFO - Sync 1 DAGs
[2022-10-19T16:19:20.619+0000] {logging_mixin.py:117} INFO - [2022-10-19T16:19:20.619+0000] {dag.py:3328} INFO - Setting next_dagrun for example_xcom to 2021-01-01T00:00:00+00:00, run_after=2021-01-01T00:00:00+00:00
[2022-10-19T16:19:20.666+0000] {processor.py:178} INFO - Processing /home/airflow/.local/lib/python3.7/site-packages/airflow/example_dags/example_xcom.py took 0.130 seconds
[2022-10-19T16:20:06.398+0000] {processor.py:156} INFO - Started process (PID=2674) to work on /home/airflow/.local/lib/python3.7/site-packages/airflow/example_dags/example_xcom.py
[2022-10-19T16:20:06.401+0000] {processor.py:758} INFO - Processing file /home/airflow/.local/lib/python3.7/site-packages/airflow/example_dags/example_xcom.py for tasks to queue
[2022-10-19T16:20:06.405+0000] {logging_mixin.py:117} INFO - [2022-10-19T16:20:06.405+0000] {dagbag.py:525} INFO - Filling up the DagBag from /home/airflow/.local/lib/python3.7/site-packages/airflow/example_dags/example_xcom.py
[2022-10-19T16:20:06.444+0000] {processor.py:768} INFO - DAG(s) dict_keys(['example_xcom']) retrieved from /home/airflow/.local/lib/python3.7/site-packages/airflow/example_dags/example_xcom.py
[2022-10-19T16:20:06.542+0000] {logging_mixin.py:117} INFO - [2022-10-19T16:20:06.542+0000] {dag.py:2573} INFO - Sync 1 DAGs
[2022-10-19T16:20:06.570+0000] {logging_mixin.py:117} INFO - [2022-10-19T16:20:06.570+0000] {dag.py:3328} INFO - Setting next_dagrun for example_xcom to 2021-01-01T00:00:00+00:00, run_after=2021-01-01T00:00:00+00:00
[2022-10-19T16:20:06.606+0000] {processor.py:178} INFO - Processing /home/airflow/.local/lib/python3.7/site-packages/airflow/example_dags/example_xcom.py took 0.212 seconds
[2022-10-19T16:21:19.554+0000] {processor.py:156} INFO - Started process (PID=2761) to work on /home/airflow/.local/lib/python3.7/site-packages/airflow/example_dags/example_xcom.py
[2022-10-19T16:21:19.895+0000] {processor.py:758} INFO - Processing file /home/airflow/.local/lib/python3.7/site-packages/airflow/example_dags/example_xcom.py for tasks to queue
[2022-10-19T16:21:19.921+0000] {logging_mixin.py:117} INFO - [2022-10-19T16:21:19.916+0000] {dagbag.py:525} INFO - Filling up the DagBag from /home/airflow/.local/lib/python3.7/site-packages/airflow/example_dags/example_xcom.py
[2022-10-19T16:21:20.108+0000] {processor.py:768} INFO - DAG(s) dict_keys(['example_xcom']) retrieved from /home/airflow/.local/lib/python3.7/site-packages/airflow/example_dags/example_xcom.py
[2022-10-19T16:21:20.272+0000] {logging_mixin.py:117} INFO - [2022-10-19T16:21:20.272+0000] {dag.py:2573} INFO - Sync 1 DAGs
[2022-10-19T16:21:20.297+0000] {logging_mixin.py:117} INFO - [2022-10-19T16:21:20.296+0000] {dag.py:3328} INFO - Setting next_dagrun for example_xcom to 2021-01-01T00:00:00+00:00, run_after=2021-01-01T00:00:00+00:00
[2022-10-19T16:21:20.345+0000] {processor.py:178} INFO - Processing /home/airflow/.local/lib/python3.7/site-packages/airflow/example_dags/example_xcom.py took 0.795 seconds
[2022-10-19T16:22:21.830+0000] {processor.py:156} INFO - Started process (PID=2836) to work on /home/airflow/.local/lib/python3.7/site-packages/airflow/example_dags/example_xcom.py
[2022-10-19T16:22:21.851+0000] {processor.py:758} INFO - Processing file /home/airflow/.local/lib/python3.7/site-packages/airflow/example_dags/example_xcom.py for tasks to queue
[2022-10-19T16:22:21.857+0000] {logging_mixin.py:117} INFO - [2022-10-19T16:22:21.857+0000] {dagbag.py:525} INFO - Filling up the DagBag from /home/airflow/.local/lib/python3.7/site-packages/airflow/example_dags/example_xcom.py
[2022-10-19T16:22:22.113+0000] {processor.py:768} INFO - DAG(s) dict_keys(['example_xcom']) retrieved from /home/airflow/.local/lib/python3.7/site-packages/airflow/example_dags/example_xcom.py
[2022-10-19T16:22:22.433+0000] {logging_mixin.py:117} INFO - [2022-10-19T16:22:22.433+0000] {dag.py:2573} INFO - Sync 1 DAGs
[2022-10-19T16:22:22.602+0000] {logging_mixin.py:117} INFO - [2022-10-19T16:22:22.602+0000] {dag.py:3328} INFO - Setting next_dagrun for example_xcom to 2021-01-01T00:00:00+00:00, run_after=2021-01-01T00:00:00+00:00
[2022-10-19T16:22:22.962+0000] {processor.py:178} INFO - Processing /home/airflow/.local/lib/python3.7/site-packages/airflow/example_dags/example_xcom.py took 1.157 seconds
[2022-10-19T16:23:19.306+0000] {processor.py:156} INFO - Started process (PID=2901) to work on /home/airflow/.local/lib/python3.7/site-packages/airflow/example_dags/example_xcom.py
[2022-10-19T16:23:19.312+0000] {processor.py:758} INFO - Processing file /home/airflow/.local/lib/python3.7/site-packages/airflow/example_dags/example_xcom.py for tasks to queue
[2022-10-19T16:23:19.318+0000] {logging_mixin.py:117} INFO - [2022-10-19T16:23:19.318+0000] {dagbag.py:525} INFO - Filling up the DagBag from /home/airflow/.local/lib/python3.7/site-packages/airflow/example_dags/example_xcom.py
[2022-10-19T16:23:19.420+0000] {processor.py:768} INFO - DAG(s) dict_keys(['example_xcom']) retrieved from /home/airflow/.local/lib/python3.7/site-packages/airflow/example_dags/example_xcom.py
[2022-10-19T16:23:20.724+0000] {logging_mixin.py:117} INFO - [2022-10-19T16:23:20.713+0000] {dag.py:2573} INFO - Sync 1 DAGs
[2022-10-19T16:23:24.751+0000] {logging_mixin.py:117} INFO - [2022-10-19T16:23:24.749+0000] {dag.py:3328} INFO - Setting next_dagrun for example_xcom to 2021-01-01T00:00:00+00:00, run_after=2021-01-01T00:00:00+00:00
[2022-10-19T16:23:25.133+0000] {processor.py:178} INFO - Processing /home/airflow/.local/lib/python3.7/site-packages/airflow/example_dags/example_xcom.py took 5.829 seconds
[2022-10-19T16:24:04.032+0000] {processor.py:156} INFO - Started process (PID=2959) to work on /home/airflow/.local/lib/python3.7/site-packages/airflow/example_dags/example_xcom.py
[2022-10-19T16:24:04.034+0000] {processor.py:758} INFO - Processing file /home/airflow/.local/lib/python3.7/site-packages/airflow/example_dags/example_xcom.py for tasks to queue
[2022-10-19T16:24:04.035+0000] {logging_mixin.py:117} INFO - [2022-10-19T16:24:04.035+0000] {dagbag.py:525} INFO - Filling up the DagBag from /home/airflow/.local/lib/python3.7/site-packages/airflow/example_dags/example_xcom.py
[2022-10-19T16:24:04.066+0000] {processor.py:768} INFO - DAG(s) dict_keys(['example_xcom']) retrieved from /home/airflow/.local/lib/python3.7/site-packages/airflow/example_dags/example_xcom.py
[2022-10-19T16:24:04.148+0000] {logging_mixin.py:117} INFO - [2022-10-19T16:24:04.148+0000] {dag.py:2573} INFO - Sync 1 DAGs
[2022-10-19T16:24:04.182+0000] {logging_mixin.py:117} INFO - [2022-10-19T16:24:04.182+0000] {dag.py:3328} INFO - Setting next_dagrun for example_xcom to 2021-01-01T00:00:00+00:00, run_after=2021-01-01T00:00:00+00:00
[2022-10-19T16:24:04.671+0000] {processor.py:178} INFO - Processing /home/airflow/.local/lib/python3.7/site-packages/airflow/example_dags/example_xcom.py took 0.643 seconds
[2022-10-19T16:24:40.865+0000] {processor.py:156} INFO - Started process (PID=3014) to work on /home/airflow/.local/lib/python3.7/site-packages/airflow/example_dags/example_xcom.py
[2022-10-19T16:24:40.874+0000] {processor.py:758} INFO - Processing file /home/airflow/.local/lib/python3.7/site-packages/airflow/example_dags/example_xcom.py for tasks to queue
[2022-10-19T16:24:40.885+0000] {logging_mixin.py:117} INFO - [2022-10-19T16:24:40.885+0000] {dagbag.py:525} INFO - Filling up the DagBag from /home/airflow/.local/lib/python3.7/site-packages/airflow/example_dags/example_xcom.py
[2022-10-19T16:24:40.926+0000] {processor.py:768} INFO - DAG(s) dict_keys(['example_xcom']) retrieved from /home/airflow/.local/lib/python3.7/site-packages/airflow/example_dags/example_xcom.py
[2022-10-19T16:24:40.988+0000] {logging_mixin.py:117} INFO - [2022-10-19T16:24:40.988+0000] {dag.py:2573} INFO - Sync 1 DAGs
[2022-10-19T16:24:41.033+0000] {logging_mixin.py:117} INFO - [2022-10-19T16:24:41.033+0000] {dag.py:3328} INFO - Setting next_dagrun for example_xcom to 2021-01-01T00:00:00+00:00, run_after=2021-01-01T00:00:00+00:00
[2022-10-19T16:24:41.067+0000] {processor.py:178} INFO - Processing /home/airflow/.local/lib/python3.7/site-packages/airflow/example_dags/example_xcom.py took 0.213 seconds
