[2022-10-19T15:35:18.516+0000] {processor.py:156} INFO - Started process (PID=145) to work on /home/airflow/.local/lib/python3.7/site-packages/airflow/example_dags/example_skip_dag.py
[2022-10-19T15:35:18.539+0000] {processor.py:758} INFO - Processing file /home/airflow/.local/lib/python3.7/site-packages/airflow/example_dags/example_skip_dag.py for tasks to queue
[2022-10-19T15:35:18.557+0000] {logging_mixin.py:117} INFO - [2022-10-19T15:35:18.552+0000] {dagbag.py:525} INFO - Filling up the DagBag from /home/airflow/.local/lib/python3.7/site-packages/airflow/example_dags/example_skip_dag.py
[2022-10-19T15:35:19.230+0000] {processor.py:768} INFO - DAG(s) dict_keys(['example_skip_dag']) retrieved from /home/airflow/.local/lib/python3.7/site-packages/airflow/example_dags/example_skip_dag.py
[2022-10-19T15:35:20.256+0000] {logging_mixin.py:117} INFO - [2022-10-19T15:35:20.255+0000] {dag.py:2573} INFO - Sync 1 DAGs
[2022-10-19T15:35:20.407+0000] {logging_mixin.py:117} INFO - [2022-10-19T15:35:20.405+0000] {dag.py:3328} INFO - Setting next_dagrun for example_skip_dag to 2022-10-18T15:35:20.398455+00:00, run_after=2022-10-19T15:35:20.398455+00:00
[2022-10-19T15:35:20.530+0000] {processor.py:178} INFO - Processing /home/airflow/.local/lib/python3.7/site-packages/airflow/example_dags/example_skip_dag.py took 2.079 seconds
[2022-10-19T15:36:51.789+0000] {processor.py:156} INFO - Started process (PID=226) to work on /home/airflow/.local/lib/python3.7/site-packages/airflow/example_dags/example_skip_dag.py
[2022-10-19T15:36:51.799+0000] {processor.py:758} INFO - Processing file /home/airflow/.local/lib/python3.7/site-packages/airflow/example_dags/example_skip_dag.py for tasks to queue
[2022-10-19T15:36:51.813+0000] {logging_mixin.py:117} INFO - [2022-10-19T15:36:51.813+0000] {dagbag.py:525} INFO - Filling up the DagBag from /home/airflow/.local/lib/python3.7/site-packages/airflow/example_dags/example_skip_dag.py
[2022-10-19T15:36:52.012+0000] {processor.py:768} INFO - DAG(s) dict_keys(['example_skip_dag']) retrieved from /home/airflow/.local/lib/python3.7/site-packages/airflow/example_dags/example_skip_dag.py
[2022-10-19T15:36:52.107+0000] {logging_mixin.py:117} INFO - [2022-10-19T15:36:52.107+0000] {dag.py:2573} INFO - Sync 1 DAGs
[2022-10-19T15:36:52.171+0000] {logging_mixin.py:117} INFO - [2022-10-19T15:36:52.171+0000] {dag.py:3328} INFO - Setting next_dagrun for example_skip_dag to 2022-10-18T15:36:52.170389+00:00, run_after=2022-10-19T15:36:52.170389+00:00
[2022-10-19T15:36:52.574+0000] {processor.py:178} INFO - Processing /home/airflow/.local/lib/python3.7/site-packages/airflow/example_dags/example_skip_dag.py took 0.824 seconds
[2022-10-19T15:37:23.785+0000] {processor.py:156} INFO - Started process (PID=284) to work on /home/airflow/.local/lib/python3.7/site-packages/airflow/example_dags/example_skip_dag.py
[2022-10-19T15:37:23.792+0000] {processor.py:758} INFO - Processing file /home/airflow/.local/lib/python3.7/site-packages/airflow/example_dags/example_skip_dag.py for tasks to queue
[2022-10-19T15:37:23.795+0000] {logging_mixin.py:117} INFO - [2022-10-19T15:37:23.795+0000] {dagbag.py:525} INFO - Filling up the DagBag from /home/airflow/.local/lib/python3.7/site-packages/airflow/example_dags/example_skip_dag.py
[2022-10-19T15:37:23.869+0000] {processor.py:768} INFO - DAG(s) dict_keys(['example_skip_dag']) retrieved from /home/airflow/.local/lib/python3.7/site-packages/airflow/example_dags/example_skip_dag.py
[2022-10-19T15:37:24.167+0000] {logging_mixin.py:117} INFO - [2022-10-19T15:37:24.167+0000] {dag.py:2573} INFO - Sync 1 DAGs
[2022-10-19T15:37:24.213+0000] {logging_mixin.py:117} INFO - [2022-10-19T15:37:24.212+0000] {dag.py:3328} INFO - Setting next_dagrun for example_skip_dag to 2022-10-18T15:37:24.212462+00:00, run_after=2022-10-19T15:37:24.212462+00:00
[2022-10-19T15:37:24.269+0000] {processor.py:178} INFO - Processing /home/airflow/.local/lib/python3.7/site-packages/airflow/example_dags/example_skip_dag.py took 0.501 seconds
[2022-10-19T15:37:55.794+0000] {processor.py:156} INFO - Started process (PID=339) to work on /home/airflow/.local/lib/python3.7/site-packages/airflow/example_dags/example_skip_dag.py
[2022-10-19T15:37:55.822+0000] {processor.py:758} INFO - Processing file /home/airflow/.local/lib/python3.7/site-packages/airflow/example_dags/example_skip_dag.py for tasks to queue
[2022-10-19T15:37:55.837+0000] {logging_mixin.py:117} INFO - [2022-10-19T15:37:55.837+0000] {dagbag.py:525} INFO - Filling up the DagBag from /home/airflow/.local/lib/python3.7/site-packages/airflow/example_dags/example_skip_dag.py
[2022-10-19T15:37:56.070+0000] {processor.py:768} INFO - DAG(s) dict_keys(['example_skip_dag']) retrieved from /home/airflow/.local/lib/python3.7/site-packages/airflow/example_dags/example_skip_dag.py
[2022-10-19T15:37:56.355+0000] {logging_mixin.py:117} INFO - [2022-10-19T15:37:56.354+0000] {dag.py:2573} INFO - Sync 1 DAGs
[2022-10-19T15:37:56.419+0000] {logging_mixin.py:117} INFO - [2022-10-19T15:37:56.419+0000] {dag.py:3328} INFO - Setting next_dagrun for example_skip_dag to 2022-10-18T15:37:56.417972+00:00, run_after=2022-10-19T15:37:56.417972+00:00
[2022-10-19T15:37:56.476+0000] {processor.py:178} INFO - Processing /home/airflow/.local/lib/python3.7/site-packages/airflow/example_dags/example_skip_dag.py took 0.754 seconds
[2022-10-19T15:38:27.166+0000] {processor.py:156} INFO - Started process (PID=404) to work on /home/airflow/.local/lib/python3.7/site-packages/airflow/example_dags/example_skip_dag.py
[2022-10-19T15:38:27.173+0000] {processor.py:758} INFO - Processing file /home/airflow/.local/lib/python3.7/site-packages/airflow/example_dags/example_skip_dag.py for tasks to queue
[2022-10-19T15:38:27.176+0000] {logging_mixin.py:117} INFO - [2022-10-19T15:38:27.176+0000] {dagbag.py:525} INFO - Filling up the DagBag from /home/airflow/.local/lib/python3.7/site-packages/airflow/example_dags/example_skip_dag.py
[2022-10-19T15:38:27.243+0000] {processor.py:768} INFO - DAG(s) dict_keys(['example_skip_dag']) retrieved from /home/airflow/.local/lib/python3.7/site-packages/airflow/example_dags/example_skip_dag.py
[2022-10-19T15:38:27.358+0000] {logging_mixin.py:117} INFO - [2022-10-19T15:38:27.358+0000] {dag.py:2573} INFO - Sync 1 DAGs
[2022-10-19T15:38:27.407+0000] {logging_mixin.py:117} INFO - [2022-10-19T15:38:27.407+0000] {dag.py:3328} INFO - Setting next_dagrun for example_skip_dag to 2022-10-18T15:38:27.407119+00:00, run_after=2022-10-19T15:38:27.407119+00:00
[2022-10-19T15:38:27.434+0000] {processor.py:178} INFO - Processing /home/airflow/.local/lib/python3.7/site-packages/airflow/example_dags/example_skip_dag.py took 0.281 seconds
[2022-10-19T15:38:58.002+0000] {processor.py:156} INFO - Started process (PID=459) to work on /home/airflow/.local/lib/python3.7/site-packages/airflow/example_dags/example_skip_dag.py
[2022-10-19T15:38:58.013+0000] {processor.py:758} INFO - Processing file /home/airflow/.local/lib/python3.7/site-packages/airflow/example_dags/example_skip_dag.py for tasks to queue
[2022-10-19T15:38:58.022+0000] {logging_mixin.py:117} INFO - [2022-10-19T15:38:58.022+0000] {dagbag.py:525} INFO - Filling up the DagBag from /home/airflow/.local/lib/python3.7/site-packages/airflow/example_dags/example_skip_dag.py
[2022-10-19T15:38:58.080+0000] {processor.py:768} INFO - DAG(s) dict_keys(['example_skip_dag']) retrieved from /home/airflow/.local/lib/python3.7/site-packages/airflow/example_dags/example_skip_dag.py
[2022-10-19T15:38:58.331+0000] {logging_mixin.py:117} INFO - [2022-10-19T15:38:58.331+0000] {dag.py:2573} INFO - Sync 1 DAGs
[2022-10-19T15:38:58.453+0000] {logging_mixin.py:117} INFO - [2022-10-19T15:38:58.453+0000] {dag.py:3328} INFO - Setting next_dagrun for example_skip_dag to 2022-10-18T15:38:58.453084+00:00, run_after=2022-10-19T15:38:58.453084+00:00
[2022-10-19T15:38:58.519+0000] {processor.py:178} INFO - Processing /home/airflow/.local/lib/python3.7/site-packages/airflow/example_dags/example_skip_dag.py took 0.530 seconds
[2022-10-19T15:39:53.452+0000] {processor.py:156} INFO - Started process (PID=534) to work on /home/airflow/.local/lib/python3.7/site-packages/airflow/example_dags/example_skip_dag.py
[2022-10-19T15:39:53.457+0000] {processor.py:758} INFO - Processing file /home/airflow/.local/lib/python3.7/site-packages/airflow/example_dags/example_skip_dag.py for tasks to queue
[2022-10-19T15:39:53.460+0000] {logging_mixin.py:117} INFO - [2022-10-19T15:39:53.460+0000] {dagbag.py:525} INFO - Filling up the DagBag from /home/airflow/.local/lib/python3.7/site-packages/airflow/example_dags/example_skip_dag.py
[2022-10-19T15:39:53.498+0000] {processor.py:768} INFO - DAG(s) dict_keys(['example_skip_dag']) retrieved from /home/airflow/.local/lib/python3.7/site-packages/airflow/example_dags/example_skip_dag.py
[2022-10-19T15:39:53.634+0000] {logging_mixin.py:117} INFO - [2022-10-19T15:39:53.634+0000] {dag.py:2573} INFO - Sync 1 DAGs
[2022-10-19T15:39:53.680+0000] {logging_mixin.py:117} INFO - [2022-10-19T15:39:53.680+0000] {dag.py:3328} INFO - Setting next_dagrun for example_skip_dag to 2022-10-18T15:39:53.679596+00:00, run_after=2022-10-19T15:39:53.679596+00:00
[2022-10-19T15:39:53.726+0000] {processor.py:178} INFO - Processing /home/airflow/.local/lib/python3.7/site-packages/airflow/example_dags/example_skip_dag.py took 0.282 seconds
[2022-10-19T15:40:24.339+0000] {processor.py:156} INFO - Started process (PID=590) to work on /home/airflow/.local/lib/python3.7/site-packages/airflow/example_dags/example_skip_dag.py
[2022-10-19T15:40:24.341+0000] {processor.py:758} INFO - Processing file /home/airflow/.local/lib/python3.7/site-packages/airflow/example_dags/example_skip_dag.py for tasks to queue
[2022-10-19T15:40:24.342+0000] {logging_mixin.py:117} INFO - [2022-10-19T15:40:24.342+0000] {dagbag.py:525} INFO - Filling up the DagBag from /home/airflow/.local/lib/python3.7/site-packages/airflow/example_dags/example_skip_dag.py
[2022-10-19T15:40:24.352+0000] {processor.py:768} INFO - DAG(s) dict_keys(['example_skip_dag']) retrieved from /home/airflow/.local/lib/python3.7/site-packages/airflow/example_dags/example_skip_dag.py
[2022-10-19T15:40:24.381+0000] {logging_mixin.py:117} INFO - [2022-10-19T15:40:24.381+0000] {dag.py:2573} INFO - Sync 1 DAGs
[2022-10-19T15:40:24.397+0000] {logging_mixin.py:117} INFO - [2022-10-19T15:40:24.397+0000] {dag.py:3328} INFO - Setting next_dagrun for example_skip_dag to 2022-10-18T15:40:24.397398+00:00, run_after=2022-10-19T15:40:24.397398+00:00
[2022-10-19T15:40:24.409+0000] {processor.py:178} INFO - Processing /home/airflow/.local/lib/python3.7/site-packages/airflow/example_dags/example_skip_dag.py took 0.072 seconds
[2022-10-19T15:40:54.502+0000] {processor.py:156} INFO - Started process (PID=655) to work on /home/airflow/.local/lib/python3.7/site-packages/airflow/example_dags/example_skip_dag.py
[2022-10-19T15:40:54.505+0000] {processor.py:758} INFO - Processing file /home/airflow/.local/lib/python3.7/site-packages/airflow/example_dags/example_skip_dag.py for tasks to queue
[2022-10-19T15:40:54.506+0000] {logging_mixin.py:117} INFO - [2022-10-19T15:40:54.506+0000] {dagbag.py:525} INFO - Filling up the DagBag from /home/airflow/.local/lib/python3.7/site-packages/airflow/example_dags/example_skip_dag.py
[2022-10-19T15:40:54.518+0000] {processor.py:768} INFO - DAG(s) dict_keys(['example_skip_dag']) retrieved from /home/airflow/.local/lib/python3.7/site-packages/airflow/example_dags/example_skip_dag.py
[2022-10-19T15:40:54.553+0000] {logging_mixin.py:117} INFO - [2022-10-19T15:40:54.553+0000] {dag.py:2573} INFO - Sync 1 DAGs
[2022-10-19T15:40:54.569+0000] {logging_mixin.py:117} INFO - [2022-10-19T15:40:54.569+0000] {dag.py:3328} INFO - Setting next_dagrun for example_skip_dag to 2022-10-18T15:40:54.568846+00:00, run_after=2022-10-19T15:40:54.568846+00:00
[2022-10-19T15:40:54.581+0000] {processor.py:178} INFO - Processing /home/airflow/.local/lib/python3.7/site-packages/airflow/example_dags/example_skip_dag.py took 0.083 seconds
[2022-10-19T15:41:25.067+0000] {processor.py:156} INFO - Started process (PID=721) to work on /home/airflow/.local/lib/python3.7/site-packages/airflow/example_dags/example_skip_dag.py
[2022-10-19T15:41:25.068+0000] {processor.py:758} INFO - Processing file /home/airflow/.local/lib/python3.7/site-packages/airflow/example_dags/example_skip_dag.py for tasks to queue
[2022-10-19T15:41:25.070+0000] {logging_mixin.py:117} INFO - [2022-10-19T15:41:25.070+0000] {dagbag.py:525} INFO - Filling up the DagBag from /home/airflow/.local/lib/python3.7/site-packages/airflow/example_dags/example_skip_dag.py
[2022-10-19T15:41:25.084+0000] {processor.py:768} INFO - DAG(s) dict_keys(['example_skip_dag']) retrieved from /home/airflow/.local/lib/python3.7/site-packages/airflow/example_dags/example_skip_dag.py
[2022-10-19T15:41:25.120+0000] {logging_mixin.py:117} INFO - [2022-10-19T15:41:25.120+0000] {dag.py:2573} INFO - Sync 1 DAGs
[2022-10-19T15:41:25.144+0000] {logging_mixin.py:117} INFO - [2022-10-19T15:41:25.143+0000] {dag.py:3328} INFO - Setting next_dagrun for example_skip_dag to 2022-10-18T15:41:25.143643+00:00, run_after=2022-10-19T15:41:25.143643+00:00
[2022-10-19T15:41:25.160+0000] {processor.py:178} INFO - Processing /home/airflow/.local/lib/python3.7/site-packages/airflow/example_dags/example_skip_dag.py took 0.095 seconds
[2022-10-19T15:41:55.760+0000] {processor.py:156} INFO - Started process (PID=777) to work on /home/airflow/.local/lib/python3.7/site-packages/airflow/example_dags/example_skip_dag.py
[2022-10-19T15:41:55.763+0000] {processor.py:758} INFO - Processing file /home/airflow/.local/lib/python3.7/site-packages/airflow/example_dags/example_skip_dag.py for tasks to queue
[2022-10-19T15:41:55.765+0000] {logging_mixin.py:117} INFO - [2022-10-19T15:41:55.765+0000] {dagbag.py:525} INFO - Filling up the DagBag from /home/airflow/.local/lib/python3.7/site-packages/airflow/example_dags/example_skip_dag.py
[2022-10-19T15:41:55.779+0000] {processor.py:768} INFO - DAG(s) dict_keys(['example_skip_dag']) retrieved from /home/airflow/.local/lib/python3.7/site-packages/airflow/example_dags/example_skip_dag.py
[2022-10-19T15:41:55.810+0000] {logging_mixin.py:117} INFO - [2022-10-19T15:41:55.810+0000] {dag.py:2573} INFO - Sync 1 DAGs
[2022-10-19T15:41:55.827+0000] {logging_mixin.py:117} INFO - [2022-10-19T15:41:55.827+0000] {dag.py:3328} INFO - Setting next_dagrun for example_skip_dag to 2022-10-18T15:41:55.827474+00:00, run_after=2022-10-19T15:41:55.827474+00:00
[2022-10-19T15:41:55.840+0000] {processor.py:178} INFO - Processing /home/airflow/.local/lib/python3.7/site-packages/airflow/example_dags/example_skip_dag.py took 0.083 seconds
[2022-10-19T15:42:26.138+0000] {processor.py:156} INFO - Started process (PID=842) to work on /home/airflow/.local/lib/python3.7/site-packages/airflow/example_dags/example_skip_dag.py
[2022-10-19T15:42:26.141+0000] {processor.py:758} INFO - Processing file /home/airflow/.local/lib/python3.7/site-packages/airflow/example_dags/example_skip_dag.py for tasks to queue
[2022-10-19T15:42:26.143+0000] {logging_mixin.py:117} INFO - [2022-10-19T15:42:26.143+0000] {dagbag.py:525} INFO - Filling up the DagBag from /home/airflow/.local/lib/python3.7/site-packages/airflow/example_dags/example_skip_dag.py
[2022-10-19T15:42:26.157+0000] {processor.py:768} INFO - DAG(s) dict_keys(['example_skip_dag']) retrieved from /home/airflow/.local/lib/python3.7/site-packages/airflow/example_dags/example_skip_dag.py
[2022-10-19T15:42:26.202+0000] {logging_mixin.py:117} INFO - [2022-10-19T15:42:26.202+0000] {dag.py:2573} INFO - Sync 1 DAGs
[2022-10-19T15:42:26.227+0000] {logging_mixin.py:117} INFO - [2022-10-19T15:42:26.227+0000] {dag.py:3328} INFO - Setting next_dagrun for example_skip_dag to 2022-10-18T15:42:26.227130+00:00, run_after=2022-10-19T15:42:26.227130+00:00
[2022-10-19T15:42:26.264+0000] {processor.py:178} INFO - Processing /home/airflow/.local/lib/python3.7/site-packages/airflow/example_dags/example_skip_dag.py took 0.131 seconds
[2022-10-19T15:42:57.118+0000] {processor.py:156} INFO - Started process (PID=908) to work on /home/airflow/.local/lib/python3.7/site-packages/airflow/example_dags/example_skip_dag.py
[2022-10-19T15:42:57.121+0000] {processor.py:758} INFO - Processing file /home/airflow/.local/lib/python3.7/site-packages/airflow/example_dags/example_skip_dag.py for tasks to queue
[2022-10-19T15:42:57.125+0000] {logging_mixin.py:117} INFO - [2022-10-19T15:42:57.125+0000] {dagbag.py:525} INFO - Filling up the DagBag from /home/airflow/.local/lib/python3.7/site-packages/airflow/example_dags/example_skip_dag.py
[2022-10-19T15:42:57.143+0000] {processor.py:768} INFO - DAG(s) dict_keys(['example_skip_dag']) retrieved from /home/airflow/.local/lib/python3.7/site-packages/airflow/example_dags/example_skip_dag.py
[2022-10-19T15:42:57.197+0000] {logging_mixin.py:117} INFO - [2022-10-19T15:42:57.196+0000] {dag.py:2573} INFO - Sync 1 DAGs
[2022-10-19T15:42:57.217+0000] {logging_mixin.py:117} INFO - [2022-10-19T15:42:57.217+0000] {dag.py:3328} INFO - Setting next_dagrun for example_skip_dag to 2022-10-18T15:42:57.217431+00:00, run_after=2022-10-19T15:42:57.217431+00:00
[2022-10-19T15:42:57.233+0000] {processor.py:178} INFO - Processing /home/airflow/.local/lib/python3.7/site-packages/airflow/example_dags/example_skip_dag.py took 0.119 seconds
[2022-10-19T15:43:27.759+0000] {processor.py:156} INFO - Started process (PID=973) to work on /home/airflow/.local/lib/python3.7/site-packages/airflow/example_dags/example_skip_dag.py
[2022-10-19T15:43:27.774+0000] {processor.py:758} INFO - Processing file /home/airflow/.local/lib/python3.7/site-packages/airflow/example_dags/example_skip_dag.py for tasks to queue
[2022-10-19T15:43:27.776+0000] {logging_mixin.py:117} INFO - [2022-10-19T15:43:27.776+0000] {dagbag.py:525} INFO - Filling up the DagBag from /home/airflow/.local/lib/python3.7/site-packages/airflow/example_dags/example_skip_dag.py
[2022-10-19T15:43:27.787+0000] {processor.py:768} INFO - DAG(s) dict_keys(['example_skip_dag']) retrieved from /home/airflow/.local/lib/python3.7/site-packages/airflow/example_dags/example_skip_dag.py
[2022-10-19T15:43:27.824+0000] {logging_mixin.py:117} INFO - [2022-10-19T15:43:27.824+0000] {dag.py:2573} INFO - Sync 1 DAGs
[2022-10-19T15:43:27.846+0000] {logging_mixin.py:117} INFO - [2022-10-19T15:43:27.846+0000] {dag.py:3328} INFO - Setting next_dagrun for example_skip_dag to 2022-10-18T15:43:27.846326+00:00, run_after=2022-10-19T15:43:27.846326+00:00
[2022-10-19T15:43:27.864+0000] {processor.py:178} INFO - Processing /home/airflow/.local/lib/python3.7/site-packages/airflow/example_dags/example_skip_dag.py took 0.108 seconds
[2022-10-19T15:44:45.444+0000] {processor.py:156} INFO - Started process (PID=1040) to work on /home/airflow/.local/lib/python3.7/site-packages/airflow/example_dags/example_skip_dag.py
[2022-10-19T15:44:45.449+0000] {processor.py:758} INFO - Processing file /home/airflow/.local/lib/python3.7/site-packages/airflow/example_dags/example_skip_dag.py for tasks to queue
[2022-10-19T15:44:45.454+0000] {logging_mixin.py:117} INFO - [2022-10-19T15:44:45.454+0000] {dagbag.py:525} INFO - Filling up the DagBag from /home/airflow/.local/lib/python3.7/site-packages/airflow/example_dags/example_skip_dag.py
[2022-10-19T15:44:45.506+0000] {processor.py:768} INFO - DAG(s) dict_keys(['example_skip_dag']) retrieved from /home/airflow/.local/lib/python3.7/site-packages/airflow/example_dags/example_skip_dag.py
[2022-10-19T15:44:45.681+0000] {logging_mixin.py:117} INFO - [2022-10-19T15:44:45.681+0000] {dag.py:2573} INFO - Sync 1 DAGs
[2022-10-19T15:44:45.747+0000] {logging_mixin.py:117} INFO - [2022-10-19T15:44:45.747+0000] {dag.py:3328} INFO - Setting next_dagrun for example_skip_dag to 2022-10-18T15:44:45.735114+00:00, run_after=2022-10-19T15:44:45.735114+00:00
[2022-10-19T15:44:45.829+0000] {processor.py:178} INFO - Processing /home/airflow/.local/lib/python3.7/site-packages/airflow/example_dags/example_skip_dag.py took 0.389 seconds
[2022-10-19T15:45:18.065+0000] {processor.py:156} INFO - Started process (PID=1096) to work on /home/airflow/.local/lib/python3.7/site-packages/airflow/example_dags/example_skip_dag.py
[2022-10-19T15:45:18.077+0000] {processor.py:758} INFO - Processing file /home/airflow/.local/lib/python3.7/site-packages/airflow/example_dags/example_skip_dag.py for tasks to queue
[2022-10-19T15:45:18.084+0000] {logging_mixin.py:117} INFO - [2022-10-19T15:45:18.084+0000] {dagbag.py:525} INFO - Filling up the DagBag from /home/airflow/.local/lib/python3.7/site-packages/airflow/example_dags/example_skip_dag.py
[2022-10-19T15:45:18.288+0000] {processor.py:768} INFO - DAG(s) dict_keys(['example_skip_dag']) retrieved from /home/airflow/.local/lib/python3.7/site-packages/airflow/example_dags/example_skip_dag.py
[2022-10-19T15:45:18.423+0000] {logging_mixin.py:117} INFO - [2022-10-19T15:45:18.422+0000] {dag.py:2573} INFO - Sync 1 DAGs
[2022-10-19T15:45:18.553+0000] {logging_mixin.py:117} INFO - [2022-10-19T15:45:18.553+0000] {dag.py:3328} INFO - Setting next_dagrun for example_skip_dag to 2022-10-18T15:45:18.552826+00:00, run_after=2022-10-19T15:45:18.552826+00:00
[2022-10-19T15:45:18.746+0000] {processor.py:178} INFO - Processing /home/airflow/.local/lib/python3.7/site-packages/airflow/example_dags/example_skip_dag.py took 0.698 seconds
[2022-10-19T15:46:29.029+0000] {processor.py:156} INFO - Started process (PID=1158) to work on /home/airflow/.local/lib/python3.7/site-packages/airflow/example_dags/example_skip_dag.py
[2022-10-19T15:46:29.108+0000] {processor.py:758} INFO - Processing file /home/airflow/.local/lib/python3.7/site-packages/airflow/example_dags/example_skip_dag.py for tasks to queue
[2022-10-19T15:46:29.161+0000] {logging_mixin.py:117} INFO - [2022-10-19T15:46:29.161+0000] {dagbag.py:525} INFO - Filling up the DagBag from /home/airflow/.local/lib/python3.7/site-packages/airflow/example_dags/example_skip_dag.py
[2022-10-19T15:46:29.230+0000] {processor.py:768} INFO - DAG(s) dict_keys(['example_skip_dag']) retrieved from /home/airflow/.local/lib/python3.7/site-packages/airflow/example_dags/example_skip_dag.py
[2022-10-19T15:46:31.108+0000] {logging_mixin.py:117} INFO - [2022-10-19T15:46:31.096+0000] {dag.py:2573} INFO - Sync 1 DAGs
[2022-10-19T15:46:32.165+0000] {logging_mixin.py:117} INFO - [2022-10-19T15:46:32.135+0000] {dag.py:3328} INFO - Setting next_dagrun for example_skip_dag to 2022-10-18T15:46:32.111678+00:00, run_after=2022-10-19T15:46:32.111678+00:00
[2022-10-19T15:46:32.427+0000] {processor.py:178} INFO - Processing /home/airflow/.local/lib/python3.7/site-packages/airflow/example_dags/example_skip_dag.py took 3.424 seconds
[2022-10-19T15:47:03.197+0000] {processor.py:156} INFO - Started process (PID=1215) to work on /home/airflow/.local/lib/python3.7/site-packages/airflow/example_dags/example_skip_dag.py
[2022-10-19T15:47:03.201+0000] {processor.py:758} INFO - Processing file /home/airflow/.local/lib/python3.7/site-packages/airflow/example_dags/example_skip_dag.py for tasks to queue
[2022-10-19T15:47:03.203+0000] {logging_mixin.py:117} INFO - [2022-10-19T15:47:03.203+0000] {dagbag.py:525} INFO - Filling up the DagBag from /home/airflow/.local/lib/python3.7/site-packages/airflow/example_dags/example_skip_dag.py
[2022-10-19T15:47:03.298+0000] {processor.py:768} INFO - DAG(s) dict_keys(['example_skip_dag']) retrieved from /home/airflow/.local/lib/python3.7/site-packages/airflow/example_dags/example_skip_dag.py
[2022-10-19T15:47:03.437+0000] {logging_mixin.py:117} INFO - [2022-10-19T15:47:03.437+0000] {dag.py:2573} INFO - Sync 1 DAGs
[2022-10-19T15:47:03.494+0000] {logging_mixin.py:117} INFO - [2022-10-19T15:47:03.494+0000] {dag.py:3328} INFO - Setting next_dagrun for example_skip_dag to 2022-10-18T15:47:03.492509+00:00, run_after=2022-10-19T15:47:03.492509+00:00
[2022-10-19T15:47:03.851+0000] {processor.py:178} INFO - Processing /home/airflow/.local/lib/python3.7/site-packages/airflow/example_dags/example_skip_dag.py took 0.667 seconds
[2022-10-19T15:47:34.823+0000] {processor.py:156} INFO - Started process (PID=1280) to work on /home/airflow/.local/lib/python3.7/site-packages/airflow/example_dags/example_skip_dag.py
[2022-10-19T15:47:34.830+0000] {processor.py:758} INFO - Processing file /home/airflow/.local/lib/python3.7/site-packages/airflow/example_dags/example_skip_dag.py for tasks to queue
[2022-10-19T15:47:34.838+0000] {logging_mixin.py:117} INFO - [2022-10-19T15:47:34.837+0000] {dagbag.py:525} INFO - Filling up the DagBag from /home/airflow/.local/lib/python3.7/site-packages/airflow/example_dags/example_skip_dag.py
[2022-10-19T15:47:35.313+0000] {processor.py:768} INFO - DAG(s) dict_keys(['example_skip_dag']) retrieved from /home/airflow/.local/lib/python3.7/site-packages/airflow/example_dags/example_skip_dag.py
[2022-10-19T15:47:36.050+0000] {logging_mixin.py:117} INFO - [2022-10-19T15:47:36.049+0000] {dag.py:2573} INFO - Sync 1 DAGs
[2022-10-19T15:47:36.276+0000] {logging_mixin.py:117} INFO - [2022-10-19T15:47:36.276+0000] {dag.py:3328} INFO - Setting next_dagrun for example_skip_dag to 2022-10-18T15:47:36.249101+00:00, run_after=2022-10-19T15:47:36.249101+00:00
[2022-10-19T15:47:36.391+0000] {processor.py:178} INFO - Processing /home/airflow/.local/lib/python3.7/site-packages/airflow/example_dags/example_skip_dag.py took 1.590 seconds
[2022-10-19T15:48:06.963+0000] {processor.py:156} INFO - Started process (PID=1336) to work on /home/airflow/.local/lib/python3.7/site-packages/airflow/example_dags/example_skip_dag.py
[2022-10-19T15:48:06.974+0000] {processor.py:758} INFO - Processing file /home/airflow/.local/lib/python3.7/site-packages/airflow/example_dags/example_skip_dag.py for tasks to queue
[2022-10-19T15:48:06.989+0000] {logging_mixin.py:117} INFO - [2022-10-19T15:48:06.988+0000] {dagbag.py:525} INFO - Filling up the DagBag from /home/airflow/.local/lib/python3.7/site-packages/airflow/example_dags/example_skip_dag.py
[2022-10-19T15:48:07.336+0000] {processor.py:768} INFO - DAG(s) dict_keys(['example_skip_dag']) retrieved from /home/airflow/.local/lib/python3.7/site-packages/airflow/example_dags/example_skip_dag.py
[2022-10-19T15:48:07.740+0000] {logging_mixin.py:117} INFO - [2022-10-19T15:48:07.740+0000] {dag.py:2573} INFO - Sync 1 DAGs
[2022-10-19T15:48:07.882+0000] {logging_mixin.py:117} INFO - [2022-10-19T15:48:07.881+0000] {dag.py:3328} INFO - Setting next_dagrun for example_skip_dag to 2022-10-18T15:48:07.880655+00:00, run_after=2022-10-19T15:48:07.880655+00:00
[2022-10-19T15:48:08.006+0000] {processor.py:178} INFO - Processing /home/airflow/.local/lib/python3.7/site-packages/airflow/example_dags/example_skip_dag.py took 1.070 seconds
[2022-10-19T15:51:30.601+0000] {processor.py:156} INFO - Started process (PID=1472) to work on /home/airflow/.local/lib/python3.7/site-packages/airflow/example_dags/example_skip_dag.py
[2022-10-19T15:51:30.603+0000] {processor.py:758} INFO - Processing file /home/airflow/.local/lib/python3.7/site-packages/airflow/example_dags/example_skip_dag.py for tasks to queue
[2022-10-19T15:51:30.604+0000] {logging_mixin.py:117} INFO - [2022-10-19T15:51:30.604+0000] {dagbag.py:525} INFO - Filling up the DagBag from /home/airflow/.local/lib/python3.7/site-packages/airflow/example_dags/example_skip_dag.py
[2022-10-19T15:51:30.618+0000] {processor.py:768} INFO - DAG(s) dict_keys(['example_skip_dag']) retrieved from /home/airflow/.local/lib/python3.7/site-packages/airflow/example_dags/example_skip_dag.py
[2022-10-19T15:51:30.658+0000] {logging_mixin.py:117} INFO - [2022-10-19T15:51:30.658+0000] {dag.py:2573} INFO - Sync 1 DAGs
[2022-10-19T15:51:30.677+0000] {logging_mixin.py:117} INFO - [2022-10-19T15:51:30.677+0000] {dag.py:3328} INFO - Setting next_dagrun for example_skip_dag to 2022-10-18T15:51:30.677148+00:00, run_after=2022-10-19T15:51:30.677148+00:00
[2022-10-19T15:51:30.689+0000] {processor.py:178} INFO - Processing /home/airflow/.local/lib/python3.7/site-packages/airflow/example_dags/example_skip_dag.py took 0.090 seconds
[2022-10-19T15:59:15.776+0000] {processor.py:156} INFO - Started process (PID=119) to work on /home/airflow/.local/lib/python3.7/site-packages/airflow/example_dags/example_skip_dag.py
[2022-10-19T15:59:15.779+0000] {processor.py:758} INFO - Processing file /home/airflow/.local/lib/python3.7/site-packages/airflow/example_dags/example_skip_dag.py for tasks to queue
[2022-10-19T15:59:15.780+0000] {logging_mixin.py:117} INFO - [2022-10-19T15:59:15.780+0000] {dagbag.py:525} INFO - Filling up the DagBag from /home/airflow/.local/lib/python3.7/site-packages/airflow/example_dags/example_skip_dag.py
[2022-10-19T15:59:15.796+0000] {processor.py:768} INFO - DAG(s) dict_keys(['example_skip_dag']) retrieved from /home/airflow/.local/lib/python3.7/site-packages/airflow/example_dags/example_skip_dag.py
[2022-10-19T15:59:15.841+0000] {logging_mixin.py:117} INFO - [2022-10-19T15:59:15.840+0000] {dag.py:2573} INFO - Sync 1 DAGs
[2022-10-19T15:59:15.864+0000] {logging_mixin.py:117} INFO - [2022-10-19T15:59:15.864+0000] {dag.py:3328} INFO - Setting next_dagrun for example_skip_dag to 2022-10-18T15:59:15.864259+00:00, run_after=2022-10-19T15:59:15.864259+00:00
[2022-10-19T15:59:15.882+0000] {processor.py:178} INFO - Processing /home/airflow/.local/lib/python3.7/site-packages/airflow/example_dags/example_skip_dag.py took 0.109 seconds
[2022-10-19T15:59:47.053+0000] {processor.py:156} INFO - Started process (PID=184) to work on /home/airflow/.local/lib/python3.7/site-packages/airflow/example_dags/example_skip_dag.py
[2022-10-19T15:59:47.059+0000] {processor.py:758} INFO - Processing file /home/airflow/.local/lib/python3.7/site-packages/airflow/example_dags/example_skip_dag.py for tasks to queue
[2022-10-19T15:59:47.061+0000] {logging_mixin.py:117} INFO - [2022-10-19T15:59:47.061+0000] {dagbag.py:525} INFO - Filling up the DagBag from /home/airflow/.local/lib/python3.7/site-packages/airflow/example_dags/example_skip_dag.py
[2022-10-19T15:59:47.102+0000] {processor.py:768} INFO - DAG(s) dict_keys(['example_skip_dag']) retrieved from /home/airflow/.local/lib/python3.7/site-packages/airflow/example_dags/example_skip_dag.py
[2022-10-19T15:59:47.209+0000] {logging_mixin.py:117} INFO - [2022-10-19T15:59:47.209+0000] {dag.py:2573} INFO - Sync 1 DAGs
[2022-10-19T15:59:47.290+0000] {logging_mixin.py:117} INFO - [2022-10-19T15:59:47.290+0000] {dag.py:3328} INFO - Setting next_dagrun for example_skip_dag to 2022-10-18T15:59:47.290401+00:00, run_after=2022-10-19T15:59:47.290401+00:00
[2022-10-19T15:59:47.334+0000] {processor.py:178} INFO - Processing /home/airflow/.local/lib/python3.7/site-packages/airflow/example_dags/example_skip_dag.py took 0.284 seconds
[2022-10-19T16:00:19.769+0000] {processor.py:156} INFO - Started process (PID=241) to work on /home/airflow/.local/lib/python3.7/site-packages/airflow/example_dags/example_skip_dag.py
[2022-10-19T16:00:19.774+0000] {processor.py:758} INFO - Processing file /home/airflow/.local/lib/python3.7/site-packages/airflow/example_dags/example_skip_dag.py for tasks to queue
[2022-10-19T16:00:19.779+0000] {logging_mixin.py:117} INFO - [2022-10-19T16:00:19.779+0000] {dagbag.py:525} INFO - Filling up the DagBag from /home/airflow/.local/lib/python3.7/site-packages/airflow/example_dags/example_skip_dag.py
[2022-10-19T16:00:19.891+0000] {processor.py:768} INFO - DAG(s) dict_keys(['example_skip_dag']) retrieved from /home/airflow/.local/lib/python3.7/site-packages/airflow/example_dags/example_skip_dag.py
[2022-10-19T16:00:20.290+0000] {logging_mixin.py:117} INFO - [2022-10-19T16:00:20.290+0000] {dag.py:2573} INFO - Sync 1 DAGs
[2022-10-19T16:00:20.328+0000] {logging_mixin.py:117} INFO - [2022-10-19T16:00:20.328+0000] {dag.py:3328} INFO - Setting next_dagrun for example_skip_dag to 2022-10-18T16:00:20.328092+00:00, run_after=2022-10-19T16:00:20.328092+00:00
[2022-10-19T16:00:20.495+0000] {processor.py:178} INFO - Processing /home/airflow/.local/lib/python3.7/site-packages/airflow/example_dags/example_skip_dag.py took 0.722 seconds
[2022-10-19T16:00:50.877+0000] {processor.py:156} INFO - Started process (PID=305) to work on /home/airflow/.local/lib/python3.7/site-packages/airflow/example_dags/example_skip_dag.py
[2022-10-19T16:00:50.879+0000] {processor.py:758} INFO - Processing file /home/airflow/.local/lib/python3.7/site-packages/airflow/example_dags/example_skip_dag.py for tasks to queue
[2022-10-19T16:00:50.881+0000] {logging_mixin.py:117} INFO - [2022-10-19T16:00:50.881+0000] {dagbag.py:525} INFO - Filling up the DagBag from /home/airflow/.local/lib/python3.7/site-packages/airflow/example_dags/example_skip_dag.py
[2022-10-19T16:00:50.894+0000] {processor.py:768} INFO - DAG(s) dict_keys(['example_skip_dag']) retrieved from /home/airflow/.local/lib/python3.7/site-packages/airflow/example_dags/example_skip_dag.py
[2022-10-19T16:00:50.928+0000] {logging_mixin.py:117} INFO - [2022-10-19T16:00:50.928+0000] {dag.py:2573} INFO - Sync 1 DAGs
[2022-10-19T16:00:50.950+0000] {logging_mixin.py:117} INFO - [2022-10-19T16:00:50.950+0000] {dag.py:3328} INFO - Setting next_dagrun for example_skip_dag to 2022-10-18T16:00:50.950424+00:00, run_after=2022-10-19T16:00:50.950424+00:00
[2022-10-19T16:00:50.975+0000] {processor.py:178} INFO - Processing /home/airflow/.local/lib/python3.7/site-packages/airflow/example_dags/example_skip_dag.py took 0.101 seconds
[2022-10-19T16:01:21.722+0000] {processor.py:156} INFO - Started process (PID=370) to work on /home/airflow/.local/lib/python3.7/site-packages/airflow/example_dags/example_skip_dag.py
[2022-10-19T16:01:21.731+0000] {processor.py:758} INFO - Processing file /home/airflow/.local/lib/python3.7/site-packages/airflow/example_dags/example_skip_dag.py for tasks to queue
[2022-10-19T16:01:21.736+0000] {logging_mixin.py:117} INFO - [2022-10-19T16:01:21.736+0000] {dagbag.py:525} INFO - Filling up the DagBag from /home/airflow/.local/lib/python3.7/site-packages/airflow/example_dags/example_skip_dag.py
[2022-10-19T16:01:21.804+0000] {processor.py:768} INFO - DAG(s) dict_keys(['example_skip_dag']) retrieved from /home/airflow/.local/lib/python3.7/site-packages/airflow/example_dags/example_skip_dag.py
[2022-10-19T16:01:21.943+0000] {logging_mixin.py:117} INFO - [2022-10-19T16:01:21.943+0000] {dag.py:2573} INFO - Sync 1 DAGs
[2022-10-19T16:01:21.983+0000] {logging_mixin.py:117} INFO - [2022-10-19T16:01:21.983+0000] {dag.py:3328} INFO - Setting next_dagrun for example_skip_dag to 2022-10-18T16:01:21.983361+00:00, run_after=2022-10-19T16:01:21.983361+00:00
[2022-10-19T16:01:22.066+0000] {processor.py:178} INFO - Processing /home/airflow/.local/lib/python3.7/site-packages/airflow/example_dags/example_skip_dag.py took 0.348 seconds
[2022-10-19T16:01:52.734+0000] {processor.py:156} INFO - Started process (PID=427) to work on /home/airflow/.local/lib/python3.7/site-packages/airflow/example_dags/example_skip_dag.py
[2022-10-19T16:01:52.740+0000] {processor.py:758} INFO - Processing file /home/airflow/.local/lib/python3.7/site-packages/airflow/example_dags/example_skip_dag.py for tasks to queue
[2022-10-19T16:01:52.743+0000] {logging_mixin.py:117} INFO - [2022-10-19T16:01:52.742+0000] {dagbag.py:525} INFO - Filling up the DagBag from /home/airflow/.local/lib/python3.7/site-packages/airflow/example_dags/example_skip_dag.py
[2022-10-19T16:01:52.765+0000] {processor.py:768} INFO - DAG(s) dict_keys(['example_skip_dag']) retrieved from /home/airflow/.local/lib/python3.7/site-packages/airflow/example_dags/example_skip_dag.py
[2022-10-19T16:01:52.810+0000] {logging_mixin.py:117} INFO - [2022-10-19T16:01:52.810+0000] {dag.py:2573} INFO - Sync 1 DAGs
[2022-10-19T16:01:52.846+0000] {logging_mixin.py:117} INFO - [2022-10-19T16:01:52.846+0000] {dag.py:3328} INFO - Setting next_dagrun for example_skip_dag to 2022-10-18T16:01:52.845818+00:00, run_after=2022-10-19T16:01:52.845818+00:00
[2022-10-19T16:01:52.921+0000] {processor.py:178} INFO - Processing /home/airflow/.local/lib/python3.7/site-packages/airflow/example_dags/example_skip_dag.py took 0.194 seconds
[2022-10-19T16:02:23.830+0000] {processor.py:156} INFO - Started process (PID=492) to work on /home/airflow/.local/lib/python3.7/site-packages/airflow/example_dags/example_skip_dag.py
[2022-10-19T16:02:23.832+0000] {processor.py:758} INFO - Processing file /home/airflow/.local/lib/python3.7/site-packages/airflow/example_dags/example_skip_dag.py for tasks to queue
[2022-10-19T16:02:23.833+0000] {logging_mixin.py:117} INFO - [2022-10-19T16:02:23.833+0000] {dagbag.py:525} INFO - Filling up the DagBag from /home/airflow/.local/lib/python3.7/site-packages/airflow/example_dags/example_skip_dag.py
[2022-10-19T16:02:23.852+0000] {processor.py:768} INFO - DAG(s) dict_keys(['example_skip_dag']) retrieved from /home/airflow/.local/lib/python3.7/site-packages/airflow/example_dags/example_skip_dag.py
[2022-10-19T16:02:23.891+0000] {logging_mixin.py:117} INFO - [2022-10-19T16:02:23.891+0000] {dag.py:2573} INFO - Sync 1 DAGs
[2022-10-19T16:02:23.908+0000] {logging_mixin.py:117} INFO - [2022-10-19T16:02:23.908+0000] {dag.py:3328} INFO - Setting next_dagrun for example_skip_dag to 2022-10-18T16:02:23.908374+00:00, run_after=2022-10-19T16:02:23.908374+00:00
[2022-10-19T16:02:23.921+0000] {processor.py:178} INFO - Processing /home/airflow/.local/lib/python3.7/site-packages/airflow/example_dags/example_skip_dag.py took 0.095 seconds
[2022-10-19T16:02:54.070+0000] {processor.py:156} INFO - Started process (PID=557) to work on /home/airflow/.local/lib/python3.7/site-packages/airflow/example_dags/example_skip_dag.py
[2022-10-19T16:02:54.073+0000] {processor.py:758} INFO - Processing file /home/airflow/.local/lib/python3.7/site-packages/airflow/example_dags/example_skip_dag.py for tasks to queue
[2022-10-19T16:02:54.074+0000] {logging_mixin.py:117} INFO - [2022-10-19T16:02:54.074+0000] {dagbag.py:525} INFO - Filling up the DagBag from /home/airflow/.local/lib/python3.7/site-packages/airflow/example_dags/example_skip_dag.py
[2022-10-19T16:02:54.101+0000] {processor.py:768} INFO - DAG(s) dict_keys(['example_skip_dag']) retrieved from /home/airflow/.local/lib/python3.7/site-packages/airflow/example_dags/example_skip_dag.py
[2022-10-19T16:02:54.140+0000] {logging_mixin.py:117} INFO - [2022-10-19T16:02:54.140+0000] {dag.py:2573} INFO - Sync 1 DAGs
[2022-10-19T16:02:54.161+0000] {logging_mixin.py:117} INFO - [2022-10-19T16:02:54.160+0000] {dag.py:3328} INFO - Setting next_dagrun for example_skip_dag to 2022-10-18T16:02:54.160772+00:00, run_after=2022-10-19T16:02:54.160772+00:00
[2022-10-19T16:02:54.173+0000] {processor.py:178} INFO - Processing /home/airflow/.local/lib/python3.7/site-packages/airflow/example_dags/example_skip_dag.py took 0.110 seconds
[2022-10-19T16:03:25.069+0000] {processor.py:156} INFO - Started process (PID=622) to work on /home/airflow/.local/lib/python3.7/site-packages/airflow/example_dags/example_skip_dag.py
[2022-10-19T16:03:25.072+0000] {processor.py:758} INFO - Processing file /home/airflow/.local/lib/python3.7/site-packages/airflow/example_dags/example_skip_dag.py for tasks to queue
[2022-10-19T16:03:25.074+0000] {logging_mixin.py:117} INFO - [2022-10-19T16:03:25.074+0000] {dagbag.py:525} INFO - Filling up the DagBag from /home/airflow/.local/lib/python3.7/site-packages/airflow/example_dags/example_skip_dag.py
[2022-10-19T16:03:25.089+0000] {processor.py:768} INFO - DAG(s) dict_keys(['example_skip_dag']) retrieved from /home/airflow/.local/lib/python3.7/site-packages/airflow/example_dags/example_skip_dag.py
[2022-10-19T16:03:25.131+0000] {logging_mixin.py:117} INFO - [2022-10-19T16:03:25.131+0000] {dag.py:2573} INFO - Sync 1 DAGs
[2022-10-19T16:03:25.152+0000] {logging_mixin.py:117} INFO - [2022-10-19T16:03:25.152+0000] {dag.py:3328} INFO - Setting next_dagrun for example_skip_dag to 2022-10-18T16:03:25.151913+00:00, run_after=2022-10-19T16:03:25.151913+00:00
[2022-10-19T16:03:25.165+0000] {processor.py:178} INFO - Processing /home/airflow/.local/lib/python3.7/site-packages/airflow/example_dags/example_skip_dag.py took 0.101 seconds
[2022-10-19T16:03:56.084+0000] {processor.py:156} INFO - Started process (PID=687) to work on /home/airflow/.local/lib/python3.7/site-packages/airflow/example_dags/example_skip_dag.py
[2022-10-19T16:03:56.086+0000] {processor.py:758} INFO - Processing file /home/airflow/.local/lib/python3.7/site-packages/airflow/example_dags/example_skip_dag.py for tasks to queue
[2022-10-19T16:03:56.087+0000] {logging_mixin.py:117} INFO - [2022-10-19T16:03:56.087+0000] {dagbag.py:525} INFO - Filling up the DagBag from /home/airflow/.local/lib/python3.7/site-packages/airflow/example_dags/example_skip_dag.py
[2022-10-19T16:03:56.104+0000] {processor.py:768} INFO - DAG(s) dict_keys(['example_skip_dag']) retrieved from /home/airflow/.local/lib/python3.7/site-packages/airflow/example_dags/example_skip_dag.py
[2022-10-19T16:03:56.134+0000] {logging_mixin.py:117} INFO - [2022-10-19T16:03:56.133+0000] {dag.py:2573} INFO - Sync 1 DAGs
[2022-10-19T16:03:56.163+0000] {logging_mixin.py:117} INFO - [2022-10-19T16:03:56.163+0000] {dag.py:3328} INFO - Setting next_dagrun for example_skip_dag to 2022-10-18T16:03:56.163405+00:00, run_after=2022-10-19T16:03:56.163405+00:00
[2022-10-19T16:03:56.189+0000] {processor.py:178} INFO - Processing /home/airflow/.local/lib/python3.7/site-packages/airflow/example_dags/example_skip_dag.py took 0.111 seconds
[2022-10-19T16:04:26.656+0000] {processor.py:156} INFO - Started process (PID=752) to work on /home/airflow/.local/lib/python3.7/site-packages/airflow/example_dags/example_skip_dag.py
[2022-10-19T16:04:26.660+0000] {processor.py:758} INFO - Processing file /home/airflow/.local/lib/python3.7/site-packages/airflow/example_dags/example_skip_dag.py for tasks to queue
[2022-10-19T16:04:26.667+0000] {logging_mixin.py:117} INFO - [2022-10-19T16:04:26.667+0000] {dagbag.py:525} INFO - Filling up the DagBag from /home/airflow/.local/lib/python3.7/site-packages/airflow/example_dags/example_skip_dag.py
[2022-10-19T16:04:26.709+0000] {processor.py:768} INFO - DAG(s) dict_keys(['example_skip_dag']) retrieved from /home/airflow/.local/lib/python3.7/site-packages/airflow/example_dags/example_skip_dag.py
[2022-10-19T16:04:26.757+0000] {logging_mixin.py:117} INFO - [2022-10-19T16:04:26.757+0000] {dag.py:2573} INFO - Sync 1 DAGs
[2022-10-19T16:04:26.782+0000] {logging_mixin.py:117} INFO - [2022-10-19T16:04:26.782+0000] {dag.py:3328} INFO - Setting next_dagrun for example_skip_dag to 2022-10-18T16:04:26.782063+00:00, run_after=2022-10-19T16:04:26.782063+00:00
[2022-10-19T16:04:26.810+0000] {processor.py:178} INFO - Processing /home/airflow/.local/lib/python3.7/site-packages/airflow/example_dags/example_skip_dag.py took 0.160 seconds
[2022-10-19T16:04:57.630+0000] {processor.py:156} INFO - Started process (PID=808) to work on /home/airflow/.local/lib/python3.7/site-packages/airflow/example_dags/example_skip_dag.py
[2022-10-19T16:04:57.633+0000] {processor.py:758} INFO - Processing file /home/airflow/.local/lib/python3.7/site-packages/airflow/example_dags/example_skip_dag.py for tasks to queue
[2022-10-19T16:04:57.634+0000] {logging_mixin.py:117} INFO - [2022-10-19T16:04:57.634+0000] {dagbag.py:525} INFO - Filling up the DagBag from /home/airflow/.local/lib/python3.7/site-packages/airflow/example_dags/example_skip_dag.py
[2022-10-19T16:04:57.646+0000] {processor.py:768} INFO - DAG(s) dict_keys(['example_skip_dag']) retrieved from /home/airflow/.local/lib/python3.7/site-packages/airflow/example_dags/example_skip_dag.py
[2022-10-19T16:04:57.682+0000] {logging_mixin.py:117} INFO - [2022-10-19T16:04:57.682+0000] {dag.py:2573} INFO - Sync 1 DAGs
[2022-10-19T16:04:57.703+0000] {logging_mixin.py:117} INFO - [2022-10-19T16:04:57.702+0000] {dag.py:3328} INFO - Setting next_dagrun for example_skip_dag to 2022-10-18T16:04:57.702656+00:00, run_after=2022-10-19T16:04:57.702656+00:00
[2022-10-19T16:04:57.719+0000] {processor.py:178} INFO - Processing /home/airflow/.local/lib/python3.7/site-packages/airflow/example_dags/example_skip_dag.py took 0.095 seconds
[2022-10-19T16:05:28.418+0000] {processor.py:156} INFO - Started process (PID=874) to work on /home/airflow/.local/lib/python3.7/site-packages/airflow/example_dags/example_skip_dag.py
[2022-10-19T16:05:28.422+0000] {processor.py:758} INFO - Processing file /home/airflow/.local/lib/python3.7/site-packages/airflow/example_dags/example_skip_dag.py for tasks to queue
[2022-10-19T16:05:28.424+0000] {logging_mixin.py:117} INFO - [2022-10-19T16:05:28.424+0000] {dagbag.py:525} INFO - Filling up the DagBag from /home/airflow/.local/lib/python3.7/site-packages/airflow/example_dags/example_skip_dag.py
[2022-10-19T16:05:28.502+0000] {processor.py:768} INFO - DAG(s) dict_keys(['example_skip_dag']) retrieved from /home/airflow/.local/lib/python3.7/site-packages/airflow/example_dags/example_skip_dag.py
[2022-10-19T16:05:28.637+0000] {logging_mixin.py:117} INFO - [2022-10-19T16:05:28.637+0000] {dag.py:2573} INFO - Sync 1 DAGs
[2022-10-19T16:05:28.665+0000] {logging_mixin.py:117} INFO - [2022-10-19T16:05:28.665+0000] {dag.py:3328} INFO - Setting next_dagrun for example_skip_dag to 2022-10-18T16:05:28.664756+00:00, run_after=2022-10-19T16:05:28.664756+00:00
[2022-10-19T16:05:28.697+0000] {processor.py:178} INFO - Processing /home/airflow/.local/lib/python3.7/site-packages/airflow/example_dags/example_skip_dag.py took 0.289 seconds
[2022-10-19T16:05:59.179+0000] {processor.py:156} INFO - Started process (PID=938) to work on /home/airflow/.local/lib/python3.7/site-packages/airflow/example_dags/example_skip_dag.py
[2022-10-19T16:05:59.183+0000] {processor.py:758} INFO - Processing file /home/airflow/.local/lib/python3.7/site-packages/airflow/example_dags/example_skip_dag.py for tasks to queue
[2022-10-19T16:05:59.187+0000] {logging_mixin.py:117} INFO - [2022-10-19T16:05:59.187+0000] {dagbag.py:525} INFO - Filling up the DagBag from /home/airflow/.local/lib/python3.7/site-packages/airflow/example_dags/example_skip_dag.py
[2022-10-19T16:05:59.210+0000] {processor.py:768} INFO - DAG(s) dict_keys(['example_skip_dag']) retrieved from /home/airflow/.local/lib/python3.7/site-packages/airflow/example_dags/example_skip_dag.py
[2022-10-19T16:05:59.270+0000] {logging_mixin.py:117} INFO - [2022-10-19T16:05:59.269+0000] {dag.py:2573} INFO - Sync 1 DAGs
[2022-10-19T16:05:59.307+0000] {logging_mixin.py:117} INFO - [2022-10-19T16:05:59.306+0000] {dag.py:3328} INFO - Setting next_dagrun for example_skip_dag to 2022-10-18T16:05:59.306468+00:00, run_after=2022-10-19T16:05:59.306468+00:00
[2022-10-19T16:05:59.334+0000] {processor.py:178} INFO - Processing /home/airflow/.local/lib/python3.7/site-packages/airflow/example_dags/example_skip_dag.py took 0.164 seconds
[2022-10-19T16:06:30.037+0000] {processor.py:156} INFO - Started process (PID=1003) to work on /home/airflow/.local/lib/python3.7/site-packages/airflow/example_dags/example_skip_dag.py
[2022-10-19T16:06:30.041+0000] {processor.py:758} INFO - Processing file /home/airflow/.local/lib/python3.7/site-packages/airflow/example_dags/example_skip_dag.py for tasks to queue
[2022-10-19T16:06:30.043+0000] {logging_mixin.py:117} INFO - [2022-10-19T16:06:30.043+0000] {dagbag.py:525} INFO - Filling up the DagBag from /home/airflow/.local/lib/python3.7/site-packages/airflow/example_dags/example_skip_dag.py
[2022-10-19T16:06:30.066+0000] {processor.py:768} INFO - DAG(s) dict_keys(['example_skip_dag']) retrieved from /home/airflow/.local/lib/python3.7/site-packages/airflow/example_dags/example_skip_dag.py
[2022-10-19T16:06:30.122+0000] {logging_mixin.py:117} INFO - [2022-10-19T16:06:30.122+0000] {dag.py:2573} INFO - Sync 1 DAGs
[2022-10-19T16:06:30.153+0000] {logging_mixin.py:117} INFO - [2022-10-19T16:06:30.153+0000] {dag.py:3328} INFO - Setting next_dagrun for example_skip_dag to 2022-10-18T16:06:30.153527+00:00, run_after=2022-10-19T16:06:30.153527+00:00
[2022-10-19T16:06:30.173+0000] {processor.py:178} INFO - Processing /home/airflow/.local/lib/python3.7/site-packages/airflow/example_dags/example_skip_dag.py took 0.143 seconds
[2022-10-19T16:07:00.597+0000] {processor.py:156} INFO - Started process (PID=1059) to work on /home/airflow/.local/lib/python3.7/site-packages/airflow/example_dags/example_skip_dag.py
[2022-10-19T16:07:00.604+0000] {processor.py:758} INFO - Processing file /home/airflow/.local/lib/python3.7/site-packages/airflow/example_dags/example_skip_dag.py for tasks to queue
[2022-10-19T16:07:00.607+0000] {logging_mixin.py:117} INFO - [2022-10-19T16:07:00.607+0000] {dagbag.py:525} INFO - Filling up the DagBag from /home/airflow/.local/lib/python3.7/site-packages/airflow/example_dags/example_skip_dag.py
[2022-10-19T16:07:00.622+0000] {processor.py:768} INFO - DAG(s) dict_keys(['example_skip_dag']) retrieved from /home/airflow/.local/lib/python3.7/site-packages/airflow/example_dags/example_skip_dag.py
[2022-10-19T16:07:00.691+0000] {logging_mixin.py:117} INFO - [2022-10-19T16:07:00.691+0000] {dag.py:2573} INFO - Sync 1 DAGs
[2022-10-19T16:07:00.735+0000] {logging_mixin.py:117} INFO - [2022-10-19T16:07:00.734+0000] {dag.py:3328} INFO - Setting next_dagrun for example_skip_dag to 2022-10-18T16:07:00.734610+00:00, run_after=2022-10-19T16:07:00.734610+00:00
[2022-10-19T16:07:00.775+0000] {processor.py:178} INFO - Processing /home/airflow/.local/lib/python3.7/site-packages/airflow/example_dags/example_skip_dag.py took 0.182 seconds
[2022-10-19T16:07:31.584+0000] {processor.py:156} INFO - Started process (PID=1124) to work on /home/airflow/.local/lib/python3.7/site-packages/airflow/example_dags/example_skip_dag.py
[2022-10-19T16:07:31.588+0000] {processor.py:758} INFO - Processing file /home/airflow/.local/lib/python3.7/site-packages/airflow/example_dags/example_skip_dag.py for tasks to queue
[2022-10-19T16:07:31.591+0000] {logging_mixin.py:117} INFO - [2022-10-19T16:07:31.591+0000] {dagbag.py:525} INFO - Filling up the DagBag from /home/airflow/.local/lib/python3.7/site-packages/airflow/example_dags/example_skip_dag.py
[2022-10-19T16:07:31.627+0000] {processor.py:768} INFO - DAG(s) dict_keys(['example_skip_dag']) retrieved from /home/airflow/.local/lib/python3.7/site-packages/airflow/example_dags/example_skip_dag.py
[2022-10-19T16:07:31.691+0000] {logging_mixin.py:117} INFO - [2022-10-19T16:07:31.690+0000] {dag.py:2573} INFO - Sync 1 DAGs
[2022-10-19T16:07:31.714+0000] {logging_mixin.py:117} INFO - [2022-10-19T16:07:31.714+0000] {dag.py:3328} INFO - Setting next_dagrun for example_skip_dag to 2022-10-18T16:07:31.714406+00:00, run_after=2022-10-19T16:07:31.714406+00:00
[2022-10-19T16:07:31.732+0000] {processor.py:178} INFO - Processing /home/airflow/.local/lib/python3.7/site-packages/airflow/example_dags/example_skip_dag.py took 0.157 seconds
[2022-10-19T16:08:02.615+0000] {processor.py:156} INFO - Started process (PID=1189) to work on /home/airflow/.local/lib/python3.7/site-packages/airflow/example_dags/example_skip_dag.py
[2022-10-19T16:08:02.618+0000] {processor.py:758} INFO - Processing file /home/airflow/.local/lib/python3.7/site-packages/airflow/example_dags/example_skip_dag.py for tasks to queue
[2022-10-19T16:08:02.619+0000] {logging_mixin.py:117} INFO - [2022-10-19T16:08:02.619+0000] {dagbag.py:525} INFO - Filling up the DagBag from /home/airflow/.local/lib/python3.7/site-packages/airflow/example_dags/example_skip_dag.py
[2022-10-19T16:08:02.631+0000] {processor.py:768} INFO - DAG(s) dict_keys(['example_skip_dag']) retrieved from /home/airflow/.local/lib/python3.7/site-packages/airflow/example_dags/example_skip_dag.py
[2022-10-19T16:08:02.660+0000] {logging_mixin.py:117} INFO - [2022-10-19T16:08:02.660+0000] {dag.py:2573} INFO - Sync 1 DAGs
[2022-10-19T16:08:02.680+0000] {logging_mixin.py:117} INFO - [2022-10-19T16:08:02.680+0000] {dag.py:3328} INFO - Setting next_dagrun for example_skip_dag to 2022-10-18T16:08:02.680266+00:00, run_after=2022-10-19T16:08:02.680266+00:00
[2022-10-19T16:08:02.694+0000] {processor.py:178} INFO - Processing /home/airflow/.local/lib/python3.7/site-packages/airflow/example_dags/example_skip_dag.py took 0.082 seconds
[2022-10-19T16:08:32.958+0000] {processor.py:156} INFO - Started process (PID=1254) to work on /home/airflow/.local/lib/python3.7/site-packages/airflow/example_dags/example_skip_dag.py
[2022-10-19T16:08:32.962+0000] {processor.py:758} INFO - Processing file /home/airflow/.local/lib/python3.7/site-packages/airflow/example_dags/example_skip_dag.py for tasks to queue
[2022-10-19T16:08:32.969+0000] {logging_mixin.py:117} INFO - [2022-10-19T16:08:32.969+0000] {dagbag.py:525} INFO - Filling up the DagBag from /home/airflow/.local/lib/python3.7/site-packages/airflow/example_dags/example_skip_dag.py
[2022-10-19T16:08:32.983+0000] {processor.py:768} INFO - DAG(s) dict_keys(['example_skip_dag']) retrieved from /home/airflow/.local/lib/python3.7/site-packages/airflow/example_dags/example_skip_dag.py
[2022-10-19T16:08:33.026+0000] {logging_mixin.py:117} INFO - [2022-10-19T16:08:33.026+0000] {dag.py:2573} INFO - Sync 1 DAGs
[2022-10-19T16:08:33.047+0000] {logging_mixin.py:117} INFO - [2022-10-19T16:08:33.047+0000] {dag.py:3328} INFO - Setting next_dagrun for example_skip_dag to 2022-10-18T16:08:33.046695+00:00, run_after=2022-10-19T16:08:33.046695+00:00
[2022-10-19T16:08:33.067+0000] {processor.py:178} INFO - Processing /home/airflow/.local/lib/python3.7/site-packages/airflow/example_dags/example_skip_dag.py took 0.113 seconds
[2022-10-19T16:09:03.275+0000] {processor.py:156} INFO - Started process (PID=1310) to work on /home/airflow/.local/lib/python3.7/site-packages/airflow/example_dags/example_skip_dag.py
[2022-10-19T16:09:03.282+0000] {processor.py:758} INFO - Processing file /home/airflow/.local/lib/python3.7/site-packages/airflow/example_dags/example_skip_dag.py for tasks to queue
[2022-10-19T16:09:03.286+0000] {logging_mixin.py:117} INFO - [2022-10-19T16:09:03.286+0000] {dagbag.py:525} INFO - Filling up the DagBag from /home/airflow/.local/lib/python3.7/site-packages/airflow/example_dags/example_skip_dag.py
[2022-10-19T16:09:03.302+0000] {processor.py:768} INFO - DAG(s) dict_keys(['example_skip_dag']) retrieved from /home/airflow/.local/lib/python3.7/site-packages/airflow/example_dags/example_skip_dag.py
[2022-10-19T16:09:03.337+0000] {logging_mixin.py:117} INFO - [2022-10-19T16:09:03.336+0000] {dag.py:2573} INFO - Sync 1 DAGs
[2022-10-19T16:09:03.366+0000] {logging_mixin.py:117} INFO - [2022-10-19T16:09:03.366+0000] {dag.py:3328} INFO - Setting next_dagrun for example_skip_dag to 2022-10-18T16:09:03.365569+00:00, run_after=2022-10-19T16:09:03.365569+00:00
[2022-10-19T16:09:03.389+0000] {processor.py:178} INFO - Processing /home/airflow/.local/lib/python3.7/site-packages/airflow/example_dags/example_skip_dag.py took 0.120 seconds
[2022-10-19T16:09:33.990+0000] {processor.py:156} INFO - Started process (PID=1375) to work on /home/airflow/.local/lib/python3.7/site-packages/airflow/example_dags/example_skip_dag.py
[2022-10-19T16:09:33.992+0000] {processor.py:758} INFO - Processing file /home/airflow/.local/lib/python3.7/site-packages/airflow/example_dags/example_skip_dag.py for tasks to queue
[2022-10-19T16:09:33.995+0000] {logging_mixin.py:117} INFO - [2022-10-19T16:09:33.994+0000] {dagbag.py:525} INFO - Filling up the DagBag from /home/airflow/.local/lib/python3.7/site-packages/airflow/example_dags/example_skip_dag.py
[2022-10-19T16:09:34.008+0000] {processor.py:768} INFO - DAG(s) dict_keys(['example_skip_dag']) retrieved from /home/airflow/.local/lib/python3.7/site-packages/airflow/example_dags/example_skip_dag.py
[2022-10-19T16:09:34.035+0000] {logging_mixin.py:117} INFO - [2022-10-19T16:09:34.035+0000] {dag.py:2573} INFO - Sync 1 DAGs
[2022-10-19T16:09:34.053+0000] {logging_mixin.py:117} INFO - [2022-10-19T16:09:34.053+0000] {dag.py:3328} INFO - Setting next_dagrun for example_skip_dag to 2022-10-18T16:09:34.052900+00:00, run_after=2022-10-19T16:09:34.052900+00:00
[2022-10-19T16:09:34.064+0000] {processor.py:178} INFO - Processing /home/airflow/.local/lib/python3.7/site-packages/airflow/example_dags/example_skip_dag.py took 0.077 seconds
[2022-10-19T16:10:04.957+0000] {processor.py:156} INFO - Started process (PID=1442) to work on /home/airflow/.local/lib/python3.7/site-packages/airflow/example_dags/example_skip_dag.py
[2022-10-19T16:10:04.959+0000] {processor.py:758} INFO - Processing file /home/airflow/.local/lib/python3.7/site-packages/airflow/example_dags/example_skip_dag.py for tasks to queue
[2022-10-19T16:10:04.961+0000] {logging_mixin.py:117} INFO - [2022-10-19T16:10:04.961+0000] {dagbag.py:525} INFO - Filling up the DagBag from /home/airflow/.local/lib/python3.7/site-packages/airflow/example_dags/example_skip_dag.py
[2022-10-19T16:10:04.979+0000] {processor.py:768} INFO - DAG(s) dict_keys(['example_skip_dag']) retrieved from /home/airflow/.local/lib/python3.7/site-packages/airflow/example_dags/example_skip_dag.py
[2022-10-19T16:10:05.007+0000] {logging_mixin.py:117} INFO - [2022-10-19T16:10:05.007+0000] {dag.py:2573} INFO - Sync 1 DAGs
[2022-10-19T16:10:05.024+0000] {logging_mixin.py:117} INFO - [2022-10-19T16:10:05.024+0000] {dag.py:3328} INFO - Setting next_dagrun for example_skip_dag to 2022-10-18T16:10:05.023861+00:00, run_after=2022-10-19T16:10:05.023861+00:00
[2022-10-19T16:10:05.036+0000] {processor.py:178} INFO - Processing /home/airflow/.local/lib/python3.7/site-packages/airflow/example_dags/example_skip_dag.py took 0.081 seconds
[2022-10-19T16:10:35.886+0000] {processor.py:156} INFO - Started process (PID=1507) to work on /home/airflow/.local/lib/python3.7/site-packages/airflow/example_dags/example_skip_dag.py
[2022-10-19T16:10:35.891+0000] {processor.py:758} INFO - Processing file /home/airflow/.local/lib/python3.7/site-packages/airflow/example_dags/example_skip_dag.py for tasks to queue
[2022-10-19T16:10:35.895+0000] {logging_mixin.py:117} INFO - [2022-10-19T16:10:35.895+0000] {dagbag.py:525} INFO - Filling up the DagBag from /home/airflow/.local/lib/python3.7/site-packages/airflow/example_dags/example_skip_dag.py
[2022-10-19T16:10:35.938+0000] {processor.py:768} INFO - DAG(s) dict_keys(['example_skip_dag']) retrieved from /home/airflow/.local/lib/python3.7/site-packages/airflow/example_dags/example_skip_dag.py
[2022-10-19T16:10:36.031+0000] {logging_mixin.py:117} INFO - [2022-10-19T16:10:36.030+0000] {dag.py:2573} INFO - Sync 1 DAGs
[2022-10-19T16:10:36.100+0000] {logging_mixin.py:117} INFO - [2022-10-19T16:10:36.100+0000] {dag.py:3328} INFO - Setting next_dagrun for example_skip_dag to 2022-10-18T16:10:36.099725+00:00, run_after=2022-10-19T16:10:36.099725+00:00
[2022-10-19T16:10:36.138+0000] {processor.py:178} INFO - Processing /home/airflow/.local/lib/python3.7/site-packages/airflow/example_dags/example_skip_dag.py took 0.256 seconds
[2022-10-19T16:11:06.519+0000] {processor.py:156} INFO - Started process (PID=1571) to work on /home/airflow/.local/lib/python3.7/site-packages/airflow/example_dags/example_skip_dag.py
[2022-10-19T16:11:06.527+0000] {processor.py:758} INFO - Processing file /home/airflow/.local/lib/python3.7/site-packages/airflow/example_dags/example_skip_dag.py for tasks to queue
[2022-10-19T16:11:06.533+0000] {logging_mixin.py:117} INFO - [2022-10-19T16:11:06.532+0000] {dagbag.py:525} INFO - Filling up the DagBag from /home/airflow/.local/lib/python3.7/site-packages/airflow/example_dags/example_skip_dag.py
[2022-10-19T16:11:06.587+0000] {processor.py:768} INFO - DAG(s) dict_keys(['example_skip_dag']) retrieved from /home/airflow/.local/lib/python3.7/site-packages/airflow/example_dags/example_skip_dag.py
[2022-10-19T16:11:06.666+0000] {logging_mixin.py:117} INFO - [2022-10-19T16:11:06.666+0000] {dag.py:2573} INFO - Sync 1 DAGs
[2022-10-19T16:11:06.687+0000] {logging_mixin.py:117} INFO - [2022-10-19T16:11:06.686+0000] {dag.py:3328} INFO - Setting next_dagrun for example_skip_dag to 2022-10-18T16:11:06.686690+00:00, run_after=2022-10-19T16:11:06.686690+00:00
[2022-10-19T16:11:06.706+0000] {processor.py:178} INFO - Processing /home/airflow/.local/lib/python3.7/site-packages/airflow/example_dags/example_skip_dag.py took 0.193 seconds
[2022-10-19T16:11:37.329+0000] {processor.py:156} INFO - Started process (PID=1627) to work on /home/airflow/.local/lib/python3.7/site-packages/airflow/example_dags/example_skip_dag.py
[2022-10-19T16:11:37.332+0000] {processor.py:758} INFO - Processing file /home/airflow/.local/lib/python3.7/site-packages/airflow/example_dags/example_skip_dag.py for tasks to queue
[2022-10-19T16:11:37.333+0000] {logging_mixin.py:117} INFO - [2022-10-19T16:11:37.333+0000] {dagbag.py:525} INFO - Filling up the DagBag from /home/airflow/.local/lib/python3.7/site-packages/airflow/example_dags/example_skip_dag.py
[2022-10-19T16:11:37.371+0000] {processor.py:768} INFO - DAG(s) dict_keys(['example_skip_dag']) retrieved from /home/airflow/.local/lib/python3.7/site-packages/airflow/example_dags/example_skip_dag.py
[2022-10-19T16:11:37.431+0000] {logging_mixin.py:117} INFO - [2022-10-19T16:11:37.431+0000] {dag.py:2573} INFO - Sync 1 DAGs
[2022-10-19T16:11:37.451+0000] {logging_mixin.py:117} INFO - [2022-10-19T16:11:37.451+0000] {dag.py:3328} INFO - Setting next_dagrun for example_skip_dag to 2022-10-18T16:11:37.451408+00:00, run_after=2022-10-19T16:11:37.451408+00:00
[2022-10-19T16:11:37.467+0000] {processor.py:178} INFO - Processing /home/airflow/.local/lib/python3.7/site-packages/airflow/example_dags/example_skip_dag.py took 0.141 seconds
[2022-10-19T16:12:07.770+0000] {processor.py:156} INFO - Started process (PID=1693) to work on /home/airflow/.local/lib/python3.7/site-packages/airflow/example_dags/example_skip_dag.py
[2022-10-19T16:12:07.773+0000] {processor.py:758} INFO - Processing file /home/airflow/.local/lib/python3.7/site-packages/airflow/example_dags/example_skip_dag.py for tasks to queue
[2022-10-19T16:12:07.775+0000] {logging_mixin.py:117} INFO - [2022-10-19T16:12:07.775+0000] {dagbag.py:525} INFO - Filling up the DagBag from /home/airflow/.local/lib/python3.7/site-packages/airflow/example_dags/example_skip_dag.py
[2022-10-19T16:12:07.788+0000] {processor.py:768} INFO - DAG(s) dict_keys(['example_skip_dag']) retrieved from /home/airflow/.local/lib/python3.7/site-packages/airflow/example_dags/example_skip_dag.py
[2022-10-19T16:12:07.817+0000] {logging_mixin.py:117} INFO - [2022-10-19T16:12:07.817+0000] {dag.py:2573} INFO - Sync 1 DAGs
[2022-10-19T16:12:07.839+0000] {logging_mixin.py:117} INFO - [2022-10-19T16:12:07.839+0000] {dag.py:3328} INFO - Setting next_dagrun for example_skip_dag to 2022-10-18T16:12:07.839295+00:00, run_after=2022-10-19T16:12:07.839295+00:00
[2022-10-19T16:12:07.862+0000] {processor.py:178} INFO - Processing /home/airflow/.local/lib/python3.7/site-packages/airflow/example_dags/example_skip_dag.py took 0.096 seconds
[2022-10-19T16:12:38.834+0000] {processor.py:156} INFO - Started process (PID=1759) to work on /home/airflow/.local/lib/python3.7/site-packages/airflow/example_dags/example_skip_dag.py
[2022-10-19T16:12:38.835+0000] {processor.py:758} INFO - Processing file /home/airflow/.local/lib/python3.7/site-packages/airflow/example_dags/example_skip_dag.py for tasks to queue
[2022-10-19T16:12:38.836+0000] {logging_mixin.py:117} INFO - [2022-10-19T16:12:38.836+0000] {dagbag.py:525} INFO - Filling up the DagBag from /home/airflow/.local/lib/python3.7/site-packages/airflow/example_dags/example_skip_dag.py
[2022-10-19T16:12:38.845+0000] {processor.py:768} INFO - DAG(s) dict_keys(['example_skip_dag']) retrieved from /home/airflow/.local/lib/python3.7/site-packages/airflow/example_dags/example_skip_dag.py
[2022-10-19T16:12:38.874+0000] {logging_mixin.py:117} INFO - [2022-10-19T16:12:38.874+0000] {dag.py:2573} INFO - Sync 1 DAGs
[2022-10-19T16:12:38.890+0000] {logging_mixin.py:117} INFO - [2022-10-19T16:12:38.890+0000] {dag.py:3328} INFO - Setting next_dagrun for example_skip_dag to 2022-10-18T16:12:38.890750+00:00, run_after=2022-10-19T16:12:38.890750+00:00
[2022-10-19T16:12:38.902+0000] {processor.py:178} INFO - Processing /home/airflow/.local/lib/python3.7/site-packages/airflow/example_dags/example_skip_dag.py took 0.071 seconds
[2022-10-19T16:13:09.918+0000] {processor.py:156} INFO - Started process (PID=1823) to work on /home/airflow/.local/lib/python3.7/site-packages/airflow/example_dags/example_skip_dag.py
[2022-10-19T16:13:09.921+0000] {processor.py:758} INFO - Processing file /home/airflow/.local/lib/python3.7/site-packages/airflow/example_dags/example_skip_dag.py for tasks to queue
[2022-10-19T16:13:09.924+0000] {logging_mixin.py:117} INFO - [2022-10-19T16:13:09.923+0000] {dagbag.py:525} INFO - Filling up the DagBag from /home/airflow/.local/lib/python3.7/site-packages/airflow/example_dags/example_skip_dag.py
[2022-10-19T16:13:09.939+0000] {processor.py:768} INFO - DAG(s) dict_keys(['example_skip_dag']) retrieved from /home/airflow/.local/lib/python3.7/site-packages/airflow/example_dags/example_skip_dag.py
[2022-10-19T16:13:09.973+0000] {logging_mixin.py:117} INFO - [2022-10-19T16:13:09.973+0000] {dag.py:2573} INFO - Sync 1 DAGs
[2022-10-19T16:13:09.993+0000] {logging_mixin.py:117} INFO - [2022-10-19T16:13:09.993+0000] {dag.py:3328} INFO - Setting next_dagrun for example_skip_dag to 2022-10-18T16:13:09.993023+00:00, run_after=2022-10-19T16:13:09.993023+00:00
[2022-10-19T16:13:10.007+0000] {processor.py:178} INFO - Processing /home/airflow/.local/lib/python3.7/site-packages/airflow/example_dags/example_skip_dag.py took 0.091 seconds
[2022-10-19T16:13:40.361+0000] {processor.py:156} INFO - Started process (PID=1888) to work on /home/airflow/.local/lib/python3.7/site-packages/airflow/example_dags/example_skip_dag.py
[2022-10-19T16:13:40.364+0000] {processor.py:758} INFO - Processing file /home/airflow/.local/lib/python3.7/site-packages/airflow/example_dags/example_skip_dag.py for tasks to queue
[2022-10-19T16:13:40.364+0000] {logging_mixin.py:117} INFO - [2022-10-19T16:13:40.364+0000] {dagbag.py:525} INFO - Filling up the DagBag from /home/airflow/.local/lib/python3.7/site-packages/airflow/example_dags/example_skip_dag.py
[2022-10-19T16:13:40.376+0000] {processor.py:768} INFO - DAG(s) dict_keys(['example_skip_dag']) retrieved from /home/airflow/.local/lib/python3.7/site-packages/airflow/example_dags/example_skip_dag.py
[2022-10-19T16:13:40.421+0000] {logging_mixin.py:117} INFO - [2022-10-19T16:13:40.421+0000] {dag.py:2573} INFO - Sync 1 DAGs
[2022-10-19T16:13:40.442+0000] {logging_mixin.py:117} INFO - [2022-10-19T16:13:40.442+0000] {dag.py:3328} INFO - Setting next_dagrun for example_skip_dag to 2022-10-18T16:13:40.441839+00:00, run_after=2022-10-19T16:13:40.441839+00:00
[2022-10-19T16:13:40.460+0000] {processor.py:178} INFO - Processing /home/airflow/.local/lib/python3.7/site-packages/airflow/example_dags/example_skip_dag.py took 0.102 seconds
[2022-10-19T16:14:10.749+0000] {processor.py:156} INFO - Started process (PID=1944) to work on /home/airflow/.local/lib/python3.7/site-packages/airflow/example_dags/example_skip_dag.py
[2022-10-19T16:14:10.751+0000] {processor.py:758} INFO - Processing file /home/airflow/.local/lib/python3.7/site-packages/airflow/example_dags/example_skip_dag.py for tasks to queue
[2022-10-19T16:14:10.752+0000] {logging_mixin.py:117} INFO - [2022-10-19T16:14:10.752+0000] {dagbag.py:525} INFO - Filling up the DagBag from /home/airflow/.local/lib/python3.7/site-packages/airflow/example_dags/example_skip_dag.py
[2022-10-19T16:14:10.761+0000] {processor.py:768} INFO - DAG(s) dict_keys(['example_skip_dag']) retrieved from /home/airflow/.local/lib/python3.7/site-packages/airflow/example_dags/example_skip_dag.py
[2022-10-19T16:14:10.786+0000] {logging_mixin.py:117} INFO - [2022-10-19T16:14:10.785+0000] {dag.py:2573} INFO - Sync 1 DAGs
[2022-10-19T16:14:10.800+0000] {logging_mixin.py:117} INFO - [2022-10-19T16:14:10.800+0000] {dag.py:3328} INFO - Setting next_dagrun for example_skip_dag to 2022-10-18T16:14:10.800142+00:00, run_after=2022-10-19T16:14:10.800142+00:00
[2022-10-19T16:14:10.813+0000] {processor.py:178} INFO - Processing /home/airflow/.local/lib/python3.7/site-packages/airflow/example_dags/example_skip_dag.py took 0.066 seconds
[2022-10-19T16:14:41.313+0000] {processor.py:156} INFO - Started process (PID=2010) to work on /home/airflow/.local/lib/python3.7/site-packages/airflow/example_dags/example_skip_dag.py
[2022-10-19T16:14:41.316+0000] {processor.py:758} INFO - Processing file /home/airflow/.local/lib/python3.7/site-packages/airflow/example_dags/example_skip_dag.py for tasks to queue
[2022-10-19T16:14:41.317+0000] {logging_mixin.py:117} INFO - [2022-10-19T16:14:41.317+0000] {dagbag.py:525} INFO - Filling up the DagBag from /home/airflow/.local/lib/python3.7/site-packages/airflow/example_dags/example_skip_dag.py
[2022-10-19T16:14:41.329+0000] {processor.py:768} INFO - DAG(s) dict_keys(['example_skip_dag']) retrieved from /home/airflow/.local/lib/python3.7/site-packages/airflow/example_dags/example_skip_dag.py
[2022-10-19T16:14:41.357+0000] {logging_mixin.py:117} INFO - [2022-10-19T16:14:41.357+0000] {dag.py:2573} INFO - Sync 1 DAGs
[2022-10-19T16:14:41.373+0000] {logging_mixin.py:117} INFO - [2022-10-19T16:14:41.373+0000] {dag.py:3328} INFO - Setting next_dagrun for example_skip_dag to 2022-10-18T16:14:41.372999+00:00, run_after=2022-10-19T16:14:41.372999+00:00
[2022-10-19T16:14:41.387+0000] {processor.py:178} INFO - Processing /home/airflow/.local/lib/python3.7/site-packages/airflow/example_dags/example_skip_dag.py took 0.077 seconds
[2022-10-19T16:15:12.386+0000] {processor.py:156} INFO - Started process (PID=2078) to work on /home/airflow/.local/lib/python3.7/site-packages/airflow/example_dags/example_skip_dag.py
[2022-10-19T16:15:12.390+0000] {processor.py:758} INFO - Processing file /home/airflow/.local/lib/python3.7/site-packages/airflow/example_dags/example_skip_dag.py for tasks to queue
[2022-10-19T16:15:12.395+0000] {logging_mixin.py:117} INFO - [2022-10-19T16:15:12.394+0000] {dagbag.py:525} INFO - Filling up the DagBag from /home/airflow/.local/lib/python3.7/site-packages/airflow/example_dags/example_skip_dag.py
[2022-10-19T16:15:12.418+0000] {processor.py:768} INFO - DAG(s) dict_keys(['example_skip_dag']) retrieved from /home/airflow/.local/lib/python3.7/site-packages/airflow/example_dags/example_skip_dag.py
[2022-10-19T16:15:12.468+0000] {logging_mixin.py:117} INFO - [2022-10-19T16:15:12.468+0000] {dag.py:2573} INFO - Sync 1 DAGs
[2022-10-19T16:15:12.492+0000] {logging_mixin.py:117} INFO - [2022-10-19T16:15:12.492+0000] {dag.py:3328} INFO - Setting next_dagrun for example_skip_dag to 2022-10-18T16:15:12.492164+00:00, run_after=2022-10-19T16:15:12.492164+00:00
[2022-10-19T16:15:12.514+0000] {processor.py:178} INFO - Processing /home/airflow/.local/lib/python3.7/site-packages/airflow/example_dags/example_skip_dag.py took 0.133 seconds
[2022-10-19T16:15:42.801+0000] {processor.py:156} INFO - Started process (PID=2144) to work on /home/airflow/.local/lib/python3.7/site-packages/airflow/example_dags/example_skip_dag.py
[2022-10-19T16:15:42.803+0000] {processor.py:758} INFO - Processing file /home/airflow/.local/lib/python3.7/site-packages/airflow/example_dags/example_skip_dag.py for tasks to queue
[2022-10-19T16:15:42.804+0000] {logging_mixin.py:117} INFO - [2022-10-19T16:15:42.804+0000] {dagbag.py:525} INFO - Filling up the DagBag from /home/airflow/.local/lib/python3.7/site-packages/airflow/example_dags/example_skip_dag.py
[2022-10-19T16:15:42.813+0000] {processor.py:768} INFO - DAG(s) dict_keys(['example_skip_dag']) retrieved from /home/airflow/.local/lib/python3.7/site-packages/airflow/example_dags/example_skip_dag.py
[2022-10-19T16:15:42.839+0000] {logging_mixin.py:117} INFO - [2022-10-19T16:15:42.839+0000] {dag.py:2573} INFO - Sync 1 DAGs
[2022-10-19T16:15:42.854+0000] {logging_mixin.py:117} INFO - [2022-10-19T16:15:42.854+0000] {dag.py:3328} INFO - Setting next_dagrun for example_skip_dag to 2022-10-18T16:15:42.854192+00:00, run_after=2022-10-19T16:15:42.854192+00:00
[2022-10-19T16:15:42.869+0000] {processor.py:178} INFO - Processing /home/airflow/.local/lib/python3.7/site-packages/airflow/example_dags/example_skip_dag.py took 0.069 seconds
[2022-10-19T16:16:13.732+0000] {processor.py:156} INFO - Started process (PID=2208) to work on /home/airflow/.local/lib/python3.7/site-packages/airflow/example_dags/example_skip_dag.py
[2022-10-19T16:16:13.734+0000] {processor.py:758} INFO - Processing file /home/airflow/.local/lib/python3.7/site-packages/airflow/example_dags/example_skip_dag.py for tasks to queue
[2022-10-19T16:16:13.736+0000] {logging_mixin.py:117} INFO - [2022-10-19T16:16:13.736+0000] {dagbag.py:525} INFO - Filling up the DagBag from /home/airflow/.local/lib/python3.7/site-packages/airflow/example_dags/example_skip_dag.py
[2022-10-19T16:16:13.747+0000] {processor.py:768} INFO - DAG(s) dict_keys(['example_skip_dag']) retrieved from /home/airflow/.local/lib/python3.7/site-packages/airflow/example_dags/example_skip_dag.py
[2022-10-19T16:16:13.777+0000] {logging_mixin.py:117} INFO - [2022-10-19T16:16:13.777+0000] {dag.py:2573} INFO - Sync 1 DAGs
[2022-10-19T16:16:13.794+0000] {logging_mixin.py:117} INFO - [2022-10-19T16:16:13.794+0000] {dag.py:3328} INFO - Setting next_dagrun for example_skip_dag to 2022-10-18T16:16:13.794643+00:00, run_after=2022-10-19T16:16:13.794643+00:00
[2022-10-19T16:16:13.807+0000] {processor.py:178} INFO - Processing /home/airflow/.local/lib/python3.7/site-packages/airflow/example_dags/example_skip_dag.py took 0.077 seconds
[2022-10-19T16:16:44.920+0000] {processor.py:156} INFO - Started process (PID=2274) to work on /home/airflow/.local/lib/python3.7/site-packages/airflow/example_dags/example_skip_dag.py
[2022-10-19T16:16:44.922+0000] {processor.py:758} INFO - Processing file /home/airflow/.local/lib/python3.7/site-packages/airflow/example_dags/example_skip_dag.py for tasks to queue
[2022-10-19T16:16:44.923+0000] {logging_mixin.py:117} INFO - [2022-10-19T16:16:44.923+0000] {dagbag.py:525} INFO - Filling up the DagBag from /home/airflow/.local/lib/python3.7/site-packages/airflow/example_dags/example_skip_dag.py
[2022-10-19T16:16:44.934+0000] {processor.py:768} INFO - DAG(s) dict_keys(['example_skip_dag']) retrieved from /home/airflow/.local/lib/python3.7/site-packages/airflow/example_dags/example_skip_dag.py
[2022-10-19T16:16:44.963+0000] {logging_mixin.py:117} INFO - [2022-10-19T16:16:44.963+0000] {dag.py:2573} INFO - Sync 1 DAGs
[2022-10-19T16:16:44.984+0000] {logging_mixin.py:117} INFO - [2022-10-19T16:16:44.984+0000] {dag.py:3328} INFO - Setting next_dagrun for example_skip_dag to 2022-10-18T16:16:44.984469+00:00, run_after=2022-10-19T16:16:44.984469+00:00
[2022-10-19T16:16:45.007+0000] {processor.py:178} INFO - Processing /home/airflow/.local/lib/python3.7/site-packages/airflow/example_dags/example_skip_dag.py took 0.089 seconds
[2022-10-19T16:17:15.607+0000] {processor.py:156} INFO - Started process (PID=2330) to work on /home/airflow/.local/lib/python3.7/site-packages/airflow/example_dags/example_skip_dag.py
[2022-10-19T16:17:15.609+0000] {processor.py:758} INFO - Processing file /home/airflow/.local/lib/python3.7/site-packages/airflow/example_dags/example_skip_dag.py for tasks to queue
[2022-10-19T16:17:15.610+0000] {logging_mixin.py:117} INFO - [2022-10-19T16:17:15.609+0000] {dagbag.py:525} INFO - Filling up the DagBag from /home/airflow/.local/lib/python3.7/site-packages/airflow/example_dags/example_skip_dag.py
[2022-10-19T16:17:15.619+0000] {processor.py:768} INFO - DAG(s) dict_keys(['example_skip_dag']) retrieved from /home/airflow/.local/lib/python3.7/site-packages/airflow/example_dags/example_skip_dag.py
[2022-10-19T16:17:15.645+0000] {logging_mixin.py:117} INFO - [2022-10-19T16:17:15.645+0000] {dag.py:2573} INFO - Sync 1 DAGs
[2022-10-19T16:17:15.660+0000] {logging_mixin.py:117} INFO - [2022-10-19T16:17:15.660+0000] {dag.py:3328} INFO - Setting next_dagrun for example_skip_dag to 2022-10-18T16:17:15.659940+00:00, run_after=2022-10-19T16:17:15.659940+00:00
[2022-10-19T16:17:15.703+0000] {processor.py:178} INFO - Processing /home/airflow/.local/lib/python3.7/site-packages/airflow/example_dags/example_skip_dag.py took 0.098 seconds
[2022-10-19T16:17:46.492+0000] {processor.py:156} INFO - Started process (PID=2396) to work on /home/airflow/.local/lib/python3.7/site-packages/airflow/example_dags/example_skip_dag.py
[2022-10-19T16:17:46.500+0000] {processor.py:758} INFO - Processing file /home/airflow/.local/lib/python3.7/site-packages/airflow/example_dags/example_skip_dag.py for tasks to queue
[2022-10-19T16:17:46.501+0000] {logging_mixin.py:117} INFO - [2022-10-19T16:17:46.501+0000] {dagbag.py:525} INFO - Filling up the DagBag from /home/airflow/.local/lib/python3.7/site-packages/airflow/example_dags/example_skip_dag.py
[2022-10-19T16:17:46.510+0000] {processor.py:768} INFO - DAG(s) dict_keys(['example_skip_dag']) retrieved from /home/airflow/.local/lib/python3.7/site-packages/airflow/example_dags/example_skip_dag.py
[2022-10-19T16:17:46.540+0000] {logging_mixin.py:117} INFO - [2022-10-19T16:17:46.540+0000] {dag.py:2573} INFO - Sync 1 DAGs
[2022-10-19T16:17:46.556+0000] {logging_mixin.py:117} INFO - [2022-10-19T16:17:46.556+0000] {dag.py:3328} INFO - Setting next_dagrun for example_skip_dag to 2022-10-18T16:17:46.556140+00:00, run_after=2022-10-19T16:17:46.556140+00:00
[2022-10-19T16:17:46.567+0000] {processor.py:178} INFO - Processing /home/airflow/.local/lib/python3.7/site-packages/airflow/example_dags/example_skip_dag.py took 0.077 seconds
[2022-10-19T16:18:17.254+0000] {processor.py:156} INFO - Started process (PID=2461) to work on /home/airflow/.local/lib/python3.7/site-packages/airflow/example_dags/example_skip_dag.py
[2022-10-19T16:18:17.258+0000] {processor.py:758} INFO - Processing file /home/airflow/.local/lib/python3.7/site-packages/airflow/example_dags/example_skip_dag.py for tasks to queue
[2022-10-19T16:18:17.260+0000] {logging_mixin.py:117} INFO - [2022-10-19T16:18:17.259+0000] {dagbag.py:525} INFO - Filling up the DagBag from /home/airflow/.local/lib/python3.7/site-packages/airflow/example_dags/example_skip_dag.py
[2022-10-19T16:18:17.275+0000] {processor.py:768} INFO - DAG(s) dict_keys(['example_skip_dag']) retrieved from /home/airflow/.local/lib/python3.7/site-packages/airflow/example_dags/example_skip_dag.py
[2022-10-19T16:18:17.313+0000] {logging_mixin.py:117} INFO - [2022-10-19T16:18:17.313+0000] {dag.py:2573} INFO - Sync 1 DAGs
[2022-10-19T16:18:17.335+0000] {logging_mixin.py:117} INFO - [2022-10-19T16:18:17.335+0000] {dag.py:3328} INFO - Setting next_dagrun for example_skip_dag to 2022-10-18T16:18:17.334985+00:00, run_after=2022-10-19T16:18:17.334985+00:00
[2022-10-19T16:18:17.354+0000] {processor.py:178} INFO - Processing /home/airflow/.local/lib/python3.7/site-packages/airflow/example_dags/example_skip_dag.py took 0.102 seconds
[2022-10-19T16:18:48.415+0000] {processor.py:156} INFO - Started process (PID=2527) to work on /home/airflow/.local/lib/python3.7/site-packages/airflow/example_dags/example_skip_dag.py
[2022-10-19T16:18:48.418+0000] {processor.py:758} INFO - Processing file /home/airflow/.local/lib/python3.7/site-packages/airflow/example_dags/example_skip_dag.py for tasks to queue
[2022-10-19T16:18:48.419+0000] {logging_mixin.py:117} INFO - [2022-10-19T16:18:48.419+0000] {dagbag.py:525} INFO - Filling up the DagBag from /home/airflow/.local/lib/python3.7/site-packages/airflow/example_dags/example_skip_dag.py
[2022-10-19T16:18:48.431+0000] {processor.py:768} INFO - DAG(s) dict_keys(['example_skip_dag']) retrieved from /home/airflow/.local/lib/python3.7/site-packages/airflow/example_dags/example_skip_dag.py
[2022-10-19T16:18:48.474+0000] {logging_mixin.py:117} INFO - [2022-10-19T16:18:48.473+0000] {dag.py:2573} INFO - Sync 1 DAGs
[2022-10-19T16:18:48.493+0000] {logging_mixin.py:117} INFO - [2022-10-19T16:18:48.493+0000] {dag.py:3328} INFO - Setting next_dagrun for example_skip_dag to 2022-10-18T16:18:48.493072+00:00, run_after=2022-10-19T16:18:48.493072+00:00
[2022-10-19T16:18:48.507+0000] {processor.py:178} INFO - Processing /home/airflow/.local/lib/python3.7/site-packages/airflow/example_dags/example_skip_dag.py took 0.095 seconds
[2022-10-19T16:19:19.340+0000] {processor.py:156} INFO - Started process (PID=2592) to work on /home/airflow/.local/lib/python3.7/site-packages/airflow/example_dags/example_skip_dag.py
[2022-10-19T16:19:19.342+0000] {processor.py:758} INFO - Processing file /home/airflow/.local/lib/python3.7/site-packages/airflow/example_dags/example_skip_dag.py for tasks to queue
[2022-10-19T16:19:19.343+0000] {logging_mixin.py:117} INFO - [2022-10-19T16:19:19.343+0000] {dagbag.py:525} INFO - Filling up the DagBag from /home/airflow/.local/lib/python3.7/site-packages/airflow/example_dags/example_skip_dag.py
[2022-10-19T16:19:19.353+0000] {processor.py:768} INFO - DAG(s) dict_keys(['example_skip_dag']) retrieved from /home/airflow/.local/lib/python3.7/site-packages/airflow/example_dags/example_skip_dag.py
[2022-10-19T16:19:19.383+0000] {logging_mixin.py:117} INFO - [2022-10-19T16:19:19.382+0000] {dag.py:2573} INFO - Sync 1 DAGs
[2022-10-19T16:19:19.401+0000] {logging_mixin.py:117} INFO - [2022-10-19T16:19:19.400+0000] {dag.py:3328} INFO - Setting next_dagrun for example_skip_dag to 2022-10-18T16:19:19.400701+00:00, run_after=2022-10-19T16:19:19.400701+00:00
[2022-10-19T16:19:19.422+0000] {processor.py:178} INFO - Processing /home/airflow/.local/lib/python3.7/site-packages/airflow/example_dags/example_skip_dag.py took 0.084 seconds
[2022-10-19T16:19:51.971+0000] {processor.py:156} INFO - Started process (PID=2648) to work on /home/airflow/.local/lib/python3.7/site-packages/airflow/example_dags/example_skip_dag.py
[2022-10-19T16:19:51.977+0000] {processor.py:758} INFO - Processing file /home/airflow/.local/lib/python3.7/site-packages/airflow/example_dags/example_skip_dag.py for tasks to queue
[2022-10-19T16:19:51.980+0000] {logging_mixin.py:117} INFO - [2022-10-19T16:19:51.980+0000] {dagbag.py:525} INFO - Filling up the DagBag from /home/airflow/.local/lib/python3.7/site-packages/airflow/example_dags/example_skip_dag.py
[2022-10-19T16:19:52.073+0000] {processor.py:768} INFO - DAG(s) dict_keys(['example_skip_dag']) retrieved from /home/airflow/.local/lib/python3.7/site-packages/airflow/example_dags/example_skip_dag.py
[2022-10-19T16:19:52.354+0000] {logging_mixin.py:117} INFO - [2022-10-19T16:19:52.354+0000] {dag.py:2573} INFO - Sync 1 DAGs
[2022-10-19T16:19:52.437+0000] {logging_mixin.py:117} INFO - [2022-10-19T16:19:52.437+0000] {dag.py:3328} INFO - Setting next_dagrun for example_skip_dag to 2022-10-18T16:19:52.435764+00:00, run_after=2022-10-19T16:19:52.435764+00:00
[2022-10-19T16:19:52.466+0000] {processor.py:178} INFO - Processing /home/airflow/.local/lib/python3.7/site-packages/airflow/example_dags/example_skip_dag.py took 0.509 seconds
[2022-10-19T16:20:23.987+0000] {processor.py:156} INFO - Started process (PID=2704) to work on /home/airflow/.local/lib/python3.7/site-packages/airflow/example_dags/example_skip_dag.py
[2022-10-19T16:20:24.003+0000] {processor.py:758} INFO - Processing file /home/airflow/.local/lib/python3.7/site-packages/airflow/example_dags/example_skip_dag.py for tasks to queue
[2022-10-19T16:20:24.004+0000] {logging_mixin.py:117} INFO - [2022-10-19T16:20:24.004+0000] {dagbag.py:525} INFO - Filling up the DagBag from /home/airflow/.local/lib/python3.7/site-packages/airflow/example_dags/example_skip_dag.py
[2022-10-19T16:20:24.015+0000] {processor.py:768} INFO - DAG(s) dict_keys(['example_skip_dag']) retrieved from /home/airflow/.local/lib/python3.7/site-packages/airflow/example_dags/example_skip_dag.py
[2022-10-19T16:20:24.066+0000] {logging_mixin.py:117} INFO - [2022-10-19T16:20:24.064+0000] {dag.py:2573} INFO - Sync 1 DAGs
[2022-10-19T16:20:24.093+0000] {logging_mixin.py:117} INFO - [2022-10-19T16:20:24.093+0000] {dag.py:3328} INFO - Setting next_dagrun for example_skip_dag to 2022-10-18T16:20:24.093671+00:00, run_after=2022-10-19T16:20:24.093671+00:00
[2022-10-19T16:20:24.119+0000] {processor.py:178} INFO - Processing /home/airflow/.local/lib/python3.7/site-packages/airflow/example_dags/example_skip_dag.py took 0.134 seconds
[2022-10-19T16:21:16.727+0000] {processor.py:156} INFO - Started process (PID=2755) to work on /home/airflow/.local/lib/python3.7/site-packages/airflow/example_dags/example_skip_dag.py
[2022-10-19T16:21:16.733+0000] {processor.py:758} INFO - Processing file /home/airflow/.local/lib/python3.7/site-packages/airflow/example_dags/example_skip_dag.py for tasks to queue
[2022-10-19T16:21:16.738+0000] {logging_mixin.py:117} INFO - [2022-10-19T16:21:16.738+0000] {dagbag.py:525} INFO - Filling up the DagBag from /home/airflow/.local/lib/python3.7/site-packages/airflow/example_dags/example_skip_dag.py
[2022-10-19T16:21:16.812+0000] {processor.py:768} INFO - DAG(s) dict_keys(['example_skip_dag']) retrieved from /home/airflow/.local/lib/python3.7/site-packages/airflow/example_dags/example_skip_dag.py
[2022-10-19T16:21:16.917+0000] {logging_mixin.py:117} INFO - [2022-10-19T16:21:16.916+0000] {dag.py:2573} INFO - Sync 1 DAGs
[2022-10-19T16:21:16.960+0000] {logging_mixin.py:117} INFO - [2022-10-19T16:21:16.960+0000] {dag.py:3328} INFO - Setting next_dagrun for example_skip_dag to 2022-10-18T16:21:16.959521+00:00, run_after=2022-10-19T16:21:16.959521+00:00
[2022-10-19T16:21:18.363+0000] {processor.py:178} INFO - Processing /home/airflow/.local/lib/python3.7/site-packages/airflow/example_dags/example_skip_dag.py took 1.646 seconds
[2022-10-19T16:22:07.658+0000] {processor.py:156} INFO - Started process (PID=2814) to work on /home/airflow/.local/lib/python3.7/site-packages/airflow/example_dags/example_skip_dag.py
[2022-10-19T16:22:07.663+0000] {processor.py:758} INFO - Processing file /home/airflow/.local/lib/python3.7/site-packages/airflow/example_dags/example_skip_dag.py for tasks to queue
[2022-10-19T16:22:07.670+0000] {logging_mixin.py:117} INFO - [2022-10-19T16:22:07.669+0000] {dagbag.py:525} INFO - Filling up the DagBag from /home/airflow/.local/lib/python3.7/site-packages/airflow/example_dags/example_skip_dag.py
[2022-10-19T16:22:07.733+0000] {processor.py:768} INFO - DAG(s) dict_keys(['example_skip_dag']) retrieved from /home/airflow/.local/lib/python3.7/site-packages/airflow/example_dags/example_skip_dag.py
[2022-10-19T16:22:07.846+0000] {logging_mixin.py:117} INFO - [2022-10-19T16:22:07.846+0000] {dag.py:2573} INFO - Sync 1 DAGs
[2022-10-19T16:22:07.890+0000] {logging_mixin.py:117} INFO - [2022-10-19T16:22:07.889+0000] {dag.py:3328} INFO - Setting next_dagrun for example_skip_dag to 2022-10-18T16:22:07.888863+00:00, run_after=2022-10-19T16:22:07.888863+00:00
[2022-10-19T16:22:07.953+0000] {processor.py:178} INFO - Processing /home/airflow/.local/lib/python3.7/site-packages/airflow/example_dags/example_skip_dag.py took 0.309 seconds
[2022-10-19T16:23:09.759+0000] {processor.py:156} INFO - Started process (PID=2875) to work on /home/airflow/.local/lib/python3.7/site-packages/airflow/example_dags/example_skip_dag.py
[2022-10-19T16:23:09.772+0000] {processor.py:758} INFO - Processing file /home/airflow/.local/lib/python3.7/site-packages/airflow/example_dags/example_skip_dag.py for tasks to queue
[2022-10-19T16:23:09.779+0000] {logging_mixin.py:117} INFO - [2022-10-19T16:23:09.779+0000] {dagbag.py:525} INFO - Filling up the DagBag from /home/airflow/.local/lib/python3.7/site-packages/airflow/example_dags/example_skip_dag.py
[2022-10-19T16:23:09.890+0000] {processor.py:768} INFO - DAG(s) dict_keys(['example_skip_dag']) retrieved from /home/airflow/.local/lib/python3.7/site-packages/airflow/example_dags/example_skip_dag.py
[2022-10-19T16:23:10.037+0000] {logging_mixin.py:117} INFO - [2022-10-19T16:23:10.037+0000] {dag.py:2573} INFO - Sync 1 DAGs
[2022-10-19T16:23:10.113+0000] {logging_mixin.py:117} INFO - [2022-10-19T16:23:10.113+0000] {dag.py:3328} INFO - Setting next_dagrun for example_skip_dag to 2022-10-18T16:23:10.111819+00:00, run_after=2022-10-19T16:23:10.111819+00:00
[2022-10-19T16:23:10.178+0000] {processor.py:178} INFO - Processing /home/airflow/.local/lib/python3.7/site-packages/airflow/example_dags/example_skip_dag.py took 0.433 seconds
[2022-10-19T16:23:45.435+0000] {processor.py:156} INFO - Started process (PID=2931) to work on /home/airflow/.local/lib/python3.7/site-packages/airflow/example_dags/example_skip_dag.py
[2022-10-19T16:23:45.517+0000] {processor.py:758} INFO - Processing file /home/airflow/.local/lib/python3.7/site-packages/airflow/example_dags/example_skip_dag.py for tasks to queue
[2022-10-19T16:23:45.536+0000] {logging_mixin.py:117} INFO - [2022-10-19T16:23:45.535+0000] {dagbag.py:525} INFO - Filling up the DagBag from /home/airflow/.local/lib/python3.7/site-packages/airflow/example_dags/example_skip_dag.py
[2022-10-19T16:23:45.919+0000] {processor.py:768} INFO - DAG(s) dict_keys(['example_skip_dag']) retrieved from /home/airflow/.local/lib/python3.7/site-packages/airflow/example_dags/example_skip_dag.py
[2022-10-19T16:23:46.294+0000] {logging_mixin.py:117} INFO - [2022-10-19T16:23:46.292+0000] {dag.py:2573} INFO - Sync 1 DAGs
[2022-10-19T16:23:46.451+0000] {logging_mixin.py:117} INFO - [2022-10-19T16:23:46.450+0000] {dag.py:3328} INFO - Setting next_dagrun for example_skip_dag to 2022-10-18T16:23:46.444511+00:00, run_after=2022-10-19T16:23:46.444511+00:00
[2022-10-19T16:23:46.818+0000] {processor.py:178} INFO - Processing /home/airflow/.local/lib/python3.7/site-packages/airflow/example_dags/example_skip_dag.py took 1.397 seconds
[2022-10-19T16:24:22.823+0000] {processor.py:156} INFO - Started process (PID=2986) to work on /home/airflow/.local/lib/python3.7/site-packages/airflow/example_dags/example_skip_dag.py
[2022-10-19T16:24:22.851+0000] {processor.py:758} INFO - Processing file /home/airflow/.local/lib/python3.7/site-packages/airflow/example_dags/example_skip_dag.py for tasks to queue
[2022-10-19T16:24:22.889+0000] {logging_mixin.py:117} INFO - [2022-10-19T16:24:22.888+0000] {dagbag.py:525} INFO - Filling up the DagBag from /home/airflow/.local/lib/python3.7/site-packages/airflow/example_dags/example_skip_dag.py
[2022-10-19T16:24:23.043+0000] {processor.py:768} INFO - DAG(s) dict_keys(['example_skip_dag']) retrieved from /home/airflow/.local/lib/python3.7/site-packages/airflow/example_dags/example_skip_dag.py
[2022-10-19T16:24:23.329+0000] {logging_mixin.py:117} INFO - [2022-10-19T16:24:23.329+0000] {dag.py:2573} INFO - Sync 1 DAGs
[2022-10-19T16:24:23.614+0000] {logging_mixin.py:117} INFO - [2022-10-19T16:24:23.613+0000] {dag.py:3328} INFO - Setting next_dagrun for example_skip_dag to 2022-10-18T16:24:23.603791+00:00, run_after=2022-10-19T16:24:23.603791+00:00
[2022-10-19T16:24:24.383+0000] {processor.py:178} INFO - Processing /home/airflow/.local/lib/python3.7/site-packages/airflow/example_dags/example_skip_dag.py took 1.634 seconds
[2022-10-19T16:25:03.187+0000] {processor.py:156} INFO - Started process (PID=3041) to work on /home/airflow/.local/lib/python3.7/site-packages/airflow/example_dags/example_skip_dag.py
[2022-10-19T16:25:03.193+0000] {processor.py:758} INFO - Processing file /home/airflow/.local/lib/python3.7/site-packages/airflow/example_dags/example_skip_dag.py for tasks to queue
[2022-10-19T16:25:03.201+0000] {logging_mixin.py:117} INFO - [2022-10-19T16:25:03.201+0000] {dagbag.py:525} INFO - Filling up the DagBag from /home/airflow/.local/lib/python3.7/site-packages/airflow/example_dags/example_skip_dag.py
[2022-10-19T16:25:03.352+0000] {processor.py:768} INFO - DAG(s) dict_keys(['example_skip_dag']) retrieved from /home/airflow/.local/lib/python3.7/site-packages/airflow/example_dags/example_skip_dag.py
[2022-10-19T16:25:04.213+0000] {logging_mixin.py:117} INFO - [2022-10-19T16:25:04.212+0000] {dag.py:2573} INFO - Sync 1 DAGs
[2022-10-19T16:25:04.368+0000] {logging_mixin.py:117} INFO - [2022-10-19T16:25:04.368+0000] {dag.py:3328} INFO - Setting next_dagrun for example_skip_dag to 2022-10-18T16:25:04.364375+00:00, run_after=2022-10-19T16:25:04.364375+00:00
[2022-10-19T16:25:04.435+0000] {processor.py:178} INFO - Processing /home/airflow/.local/lib/python3.7/site-packages/airflow/example_dags/example_skip_dag.py took 1.324 seconds
