[2022-10-19T15:35:36.994+0000] {processor.py:156} INFO - Started process (PID=162) to work on /home/airflow/.local/lib/python3.7/site-packages/airflow/example_dags/example_branch_labels.py
[2022-10-19T15:35:37.029+0000] {processor.py:758} INFO - Processing file /home/airflow/.local/lib/python3.7/site-packages/airflow/example_dags/example_branch_labels.py for tasks to queue
[2022-10-19T15:35:37.039+0000] {logging_mixin.py:117} INFO - [2022-10-19T15:35:37.039+0000] {dagbag.py:525} INFO - Filling up the DagBag from /home/airflow/.local/lib/python3.7/site-packages/airflow/example_dags/example_branch_labels.py
[2022-10-19T15:35:37.352+0000] {processor.py:768} INFO - DAG(s) dict_keys(['example_branch_labels']) retrieved from /home/airflow/.local/lib/python3.7/site-packages/airflow/example_dags/example_branch_labels.py
[2022-10-19T15:35:41.827+0000] {logging_mixin.py:117} INFO - [2022-10-19T15:35:41.810+0000] {dag.py:2573} INFO - Sync 1 DAGs
[2022-10-19T15:35:42.064+0000] {logging_mixin.py:117} INFO - [2022-10-19T15:35:42.063+0000] {dag.py:3328} INFO - Setting next_dagrun for example_branch_labels to 2022-10-18T00:00:00+00:00, run_after=2022-10-19T00:00:00+00:00
[2022-10-19T15:35:42.313+0000] {processor.py:178} INFO - Processing /home/airflow/.local/lib/python3.7/site-packages/airflow/example_dags/example_branch_labels.py took 5.634 seconds
[2022-10-19T15:36:57.418+0000] {processor.py:156} INFO - Started process (PID=236) to work on /home/airflow/.local/lib/python3.7/site-packages/airflow/example_dags/example_branch_labels.py
[2022-10-19T15:36:57.428+0000] {processor.py:758} INFO - Processing file /home/airflow/.local/lib/python3.7/site-packages/airflow/example_dags/example_branch_labels.py for tasks to queue
[2022-10-19T15:36:57.434+0000] {logging_mixin.py:117} INFO - [2022-10-19T15:36:57.434+0000] {dagbag.py:525} INFO - Filling up the DagBag from /home/airflow/.local/lib/python3.7/site-packages/airflow/example_dags/example_branch_labels.py
[2022-10-19T15:36:57.858+0000] {processor.py:768} INFO - DAG(s) dict_keys(['example_branch_labels']) retrieved from /home/airflow/.local/lib/python3.7/site-packages/airflow/example_dags/example_branch_labels.py
[2022-10-19T15:36:58.756+0000] {logging_mixin.py:117} INFO - [2022-10-19T15:36:58.754+0000] {dag.py:2573} INFO - Sync 1 DAGs
[2022-10-19T15:36:58.929+0000] {logging_mixin.py:117} INFO - [2022-10-19T15:36:58.907+0000] {dag.py:3328} INFO - Setting next_dagrun for example_branch_labels to 2022-10-18T00:00:00+00:00, run_after=2022-10-19T00:00:00+00:00
[2022-10-19T15:36:59.286+0000] {processor.py:178} INFO - Processing /home/airflow/.local/lib/python3.7/site-packages/airflow/example_dags/example_branch_labels.py took 1.879 seconds
[2022-10-19T15:37:29.528+0000] {processor.py:156} INFO - Started process (PID=292) to work on /home/airflow/.local/lib/python3.7/site-packages/airflow/example_dags/example_branch_labels.py
[2022-10-19T15:37:29.530+0000] {processor.py:758} INFO - Processing file /home/airflow/.local/lib/python3.7/site-packages/airflow/example_dags/example_branch_labels.py for tasks to queue
[2022-10-19T15:37:29.532+0000] {logging_mixin.py:117} INFO - [2022-10-19T15:37:29.532+0000] {dagbag.py:525} INFO - Filling up the DagBag from /home/airflow/.local/lib/python3.7/site-packages/airflow/example_dags/example_branch_labels.py
[2022-10-19T15:37:29.556+0000] {processor.py:768} INFO - DAG(s) dict_keys(['example_branch_labels']) retrieved from /home/airflow/.local/lib/python3.7/site-packages/airflow/example_dags/example_branch_labels.py
[2022-10-19T15:37:29.598+0000] {logging_mixin.py:117} INFO - [2022-10-19T15:37:29.598+0000] {dag.py:2573} INFO - Sync 1 DAGs
[2022-10-19T15:37:29.621+0000] {logging_mixin.py:117} INFO - [2022-10-19T15:37:29.621+0000] {dag.py:3328} INFO - Setting next_dagrun for example_branch_labels to 2022-10-18T00:00:00+00:00, run_after=2022-10-19T00:00:00+00:00
[2022-10-19T15:37:29.637+0000] {processor.py:178} INFO - Processing /home/airflow/.local/lib/python3.7/site-packages/airflow/example_dags/example_branch_labels.py took 0.115 seconds
[2022-10-19T15:38:00.077+0000] {processor.py:156} INFO - Started process (PID=356) to work on /home/airflow/.local/lib/python3.7/site-packages/airflow/example_dags/example_branch_labels.py
[2022-10-19T15:38:00.080+0000] {processor.py:758} INFO - Processing file /home/airflow/.local/lib/python3.7/site-packages/airflow/example_dags/example_branch_labels.py for tasks to queue
[2022-10-19T15:38:00.081+0000] {logging_mixin.py:117} INFO - [2022-10-19T15:38:00.081+0000] {dagbag.py:525} INFO - Filling up the DagBag from /home/airflow/.local/lib/python3.7/site-packages/airflow/example_dags/example_branch_labels.py
[2022-10-19T15:38:00.093+0000] {processor.py:768} INFO - DAG(s) dict_keys(['example_branch_labels']) retrieved from /home/airflow/.local/lib/python3.7/site-packages/airflow/example_dags/example_branch_labels.py
[2022-10-19T15:38:00.123+0000] {logging_mixin.py:117} INFO - [2022-10-19T15:38:00.123+0000] {dag.py:2573} INFO - Sync 1 DAGs
[2022-10-19T15:38:00.140+0000] {logging_mixin.py:117} INFO - [2022-10-19T15:38:00.140+0000] {dag.py:3328} INFO - Setting next_dagrun for example_branch_labels to 2022-10-18T00:00:00+00:00, run_after=2022-10-19T00:00:00+00:00
[2022-10-19T15:38:00.152+0000] {processor.py:178} INFO - Processing /home/airflow/.local/lib/python3.7/site-packages/airflow/example_dags/example_branch_labels.py took 0.077 seconds
[2022-10-19T15:38:30.571+0000] {processor.py:156} INFO - Started process (PID=412) to work on /home/airflow/.local/lib/python3.7/site-packages/airflow/example_dags/example_branch_labels.py
[2022-10-19T15:38:30.578+0000] {processor.py:758} INFO - Processing file /home/airflow/.local/lib/python3.7/site-packages/airflow/example_dags/example_branch_labels.py for tasks to queue
[2022-10-19T15:38:30.580+0000] {logging_mixin.py:117} INFO - [2022-10-19T15:38:30.579+0000] {dagbag.py:525} INFO - Filling up the DagBag from /home/airflow/.local/lib/python3.7/site-packages/airflow/example_dags/example_branch_labels.py
[2022-10-19T15:38:30.614+0000] {processor.py:768} INFO - DAG(s) dict_keys(['example_branch_labels']) retrieved from /home/airflow/.local/lib/python3.7/site-packages/airflow/example_dags/example_branch_labels.py
[2022-10-19T15:38:30.673+0000] {logging_mixin.py:117} INFO - [2022-10-19T15:38:30.673+0000] {dag.py:2573} INFO - Sync 1 DAGs
[2022-10-19T15:38:30.704+0000] {logging_mixin.py:117} INFO - [2022-10-19T15:38:30.704+0000] {dag.py:3328} INFO - Setting next_dagrun for example_branch_labels to 2022-10-18T00:00:00+00:00, run_after=2022-10-19T00:00:00+00:00
[2022-10-19T15:38:30.738+0000] {processor.py:178} INFO - Processing /home/airflow/.local/lib/python3.7/site-packages/airflow/example_dags/example_branch_labels.py took 0.172 seconds
[2022-10-19T15:39:02.756+0000] {processor.py:156} INFO - Started process (PID=476) to work on /home/airflow/.local/lib/python3.7/site-packages/airflow/example_dags/example_branch_labels.py
[2022-10-19T15:39:02.759+0000] {processor.py:758} INFO - Processing file /home/airflow/.local/lib/python3.7/site-packages/airflow/example_dags/example_branch_labels.py for tasks to queue
[2022-10-19T15:39:02.762+0000] {logging_mixin.py:117} INFO - [2022-10-19T15:39:02.762+0000] {dagbag.py:525} INFO - Filling up the DagBag from /home/airflow/.local/lib/python3.7/site-packages/airflow/example_dags/example_branch_labels.py
[2022-10-19T15:39:02.773+0000] {processor.py:768} INFO - DAG(s) dict_keys(['example_branch_labels']) retrieved from /home/airflow/.local/lib/python3.7/site-packages/airflow/example_dags/example_branch_labels.py
[2022-10-19T15:39:02.808+0000] {logging_mixin.py:117} INFO - [2022-10-19T15:39:02.807+0000] {dag.py:2573} INFO - Sync 1 DAGs
[2022-10-19T15:39:02.828+0000] {logging_mixin.py:117} INFO - [2022-10-19T15:39:02.828+0000] {dag.py:3328} INFO - Setting next_dagrun for example_branch_labels to 2022-10-18T00:00:00+00:00, run_after=2022-10-19T00:00:00+00:00
[2022-10-19T15:39:02.842+0000] {processor.py:178} INFO - Processing /home/airflow/.local/lib/python3.7/site-packages/airflow/example_dags/example_branch_labels.py took 0.089 seconds
[2022-10-19T15:39:54.848+0000] {processor.py:156} INFO - Started process (PID=542) to work on /home/airflow/.local/lib/python3.7/site-packages/airflow/example_dags/example_branch_labels.py
[2022-10-19T15:39:54.866+0000] {processor.py:758} INFO - Processing file /home/airflow/.local/lib/python3.7/site-packages/airflow/example_dags/example_branch_labels.py for tasks to queue
[2022-10-19T15:39:54.872+0000] {logging_mixin.py:117} INFO - [2022-10-19T15:39:54.871+0000] {dagbag.py:525} INFO - Filling up the DagBag from /home/airflow/.local/lib/python3.7/site-packages/airflow/example_dags/example_branch_labels.py
[2022-10-19T15:39:54.922+0000] {processor.py:768} INFO - DAG(s) dict_keys(['example_branch_labels']) retrieved from /home/airflow/.local/lib/python3.7/site-packages/airflow/example_dags/example_branch_labels.py
[2022-10-19T15:39:55.044+0000] {logging_mixin.py:117} INFO - [2022-10-19T15:39:55.044+0000] {dag.py:2573} INFO - Sync 1 DAGs
[2022-10-19T15:39:55.150+0000] {logging_mixin.py:117} INFO - [2022-10-19T15:39:55.149+0000] {dag.py:3328} INFO - Setting next_dagrun for example_branch_labels to 2022-10-18T00:00:00+00:00, run_after=2022-10-19T00:00:00+00:00
[2022-10-19T15:39:55.206+0000] {processor.py:178} INFO - Processing /home/airflow/.local/lib/python3.7/site-packages/airflow/example_dags/example_branch_labels.py took 0.368 seconds
[2022-10-19T15:40:26.002+0000] {processor.py:156} INFO - Started process (PID=598) to work on /home/airflow/.local/lib/python3.7/site-packages/airflow/example_dags/example_branch_labels.py
[2022-10-19T15:40:26.005+0000] {processor.py:758} INFO - Processing file /home/airflow/.local/lib/python3.7/site-packages/airflow/example_dags/example_branch_labels.py for tasks to queue
[2022-10-19T15:40:26.007+0000] {logging_mixin.py:117} INFO - [2022-10-19T15:40:26.006+0000] {dagbag.py:525} INFO - Filling up the DagBag from /home/airflow/.local/lib/python3.7/site-packages/airflow/example_dags/example_branch_labels.py
[2022-10-19T15:40:26.033+0000] {processor.py:768} INFO - DAG(s) dict_keys(['example_branch_labels']) retrieved from /home/airflow/.local/lib/python3.7/site-packages/airflow/example_dags/example_branch_labels.py
[2022-10-19T15:40:26.108+0000] {logging_mixin.py:117} INFO - [2022-10-19T15:40:26.108+0000] {dag.py:2573} INFO - Sync 1 DAGs
[2022-10-19T15:40:26.134+0000] {logging_mixin.py:117} INFO - [2022-10-19T15:40:26.134+0000] {dag.py:3328} INFO - Setting next_dagrun for example_branch_labels to 2022-10-18T00:00:00+00:00, run_after=2022-10-19T00:00:00+00:00
[2022-10-19T15:40:26.153+0000] {processor.py:178} INFO - Processing /home/airflow/.local/lib/python3.7/site-packages/airflow/example_dags/example_branch_labels.py took 0.157 seconds
[2022-10-19T15:40:56.836+0000] {processor.py:156} INFO - Started process (PID=663) to work on /home/airflow/.local/lib/python3.7/site-packages/airflow/example_dags/example_branch_labels.py
[2022-10-19T15:40:56.844+0000] {processor.py:758} INFO - Processing file /home/airflow/.local/lib/python3.7/site-packages/airflow/example_dags/example_branch_labels.py for tasks to queue
[2022-10-19T15:40:56.849+0000] {logging_mixin.py:117} INFO - [2022-10-19T15:40:56.849+0000] {dagbag.py:525} INFO - Filling up the DagBag from /home/airflow/.local/lib/python3.7/site-packages/airflow/example_dags/example_branch_labels.py
[2022-10-19T15:40:56.909+0000] {processor.py:768} INFO - DAG(s) dict_keys(['example_branch_labels']) retrieved from /home/airflow/.local/lib/python3.7/site-packages/airflow/example_dags/example_branch_labels.py
[2022-10-19T15:40:57.046+0000] {logging_mixin.py:117} INFO - [2022-10-19T15:40:57.045+0000] {dag.py:2573} INFO - Sync 1 DAGs
[2022-10-19T15:40:57.105+0000] {logging_mixin.py:117} INFO - [2022-10-19T15:40:57.105+0000] {dag.py:3328} INFO - Setting next_dagrun for example_branch_labels to 2022-10-18T00:00:00+00:00, run_after=2022-10-19T00:00:00+00:00
[2022-10-19T15:40:57.213+0000] {processor.py:178} INFO - Processing /home/airflow/.local/lib/python3.7/site-packages/airflow/example_dags/example_branch_labels.py took 0.381 seconds
[2022-10-19T15:41:27.698+0000] {processor.py:156} INFO - Started process (PID=729) to work on /home/airflow/.local/lib/python3.7/site-packages/airflow/example_dags/example_branch_labels.py
[2022-10-19T15:41:27.702+0000] {processor.py:758} INFO - Processing file /home/airflow/.local/lib/python3.7/site-packages/airflow/example_dags/example_branch_labels.py for tasks to queue
[2022-10-19T15:41:27.704+0000] {logging_mixin.py:117} INFO - [2022-10-19T15:41:27.704+0000] {dagbag.py:525} INFO - Filling up the DagBag from /home/airflow/.local/lib/python3.7/site-packages/airflow/example_dags/example_branch_labels.py
[2022-10-19T15:41:27.732+0000] {processor.py:768} INFO - DAG(s) dict_keys(['example_branch_labels']) retrieved from /home/airflow/.local/lib/python3.7/site-packages/airflow/example_dags/example_branch_labels.py
[2022-10-19T15:41:27.796+0000] {logging_mixin.py:117} INFO - [2022-10-19T15:41:27.796+0000] {dag.py:2573} INFO - Sync 1 DAGs
[2022-10-19T15:41:27.827+0000] {logging_mixin.py:117} INFO - [2022-10-19T15:41:27.827+0000] {dag.py:3328} INFO - Setting next_dagrun for example_branch_labels to 2022-10-18T00:00:00+00:00, run_after=2022-10-19T00:00:00+00:00
[2022-10-19T15:41:27.840+0000] {processor.py:178} INFO - Processing /home/airflow/.local/lib/python3.7/site-packages/airflow/example_dags/example_branch_labels.py took 0.149 seconds
[2022-10-19T15:41:58.427+0000] {processor.py:156} INFO - Started process (PID=794) to work on /home/airflow/.local/lib/python3.7/site-packages/airflow/example_dags/example_branch_labels.py
[2022-10-19T15:41:58.429+0000] {processor.py:758} INFO - Processing file /home/airflow/.local/lib/python3.7/site-packages/airflow/example_dags/example_branch_labels.py for tasks to queue
[2022-10-19T15:41:58.433+0000] {logging_mixin.py:117} INFO - [2022-10-19T15:41:58.433+0000] {dagbag.py:525} INFO - Filling up the DagBag from /home/airflow/.local/lib/python3.7/site-packages/airflow/example_dags/example_branch_labels.py
[2022-10-19T15:41:58.446+0000] {processor.py:768} INFO - DAG(s) dict_keys(['example_branch_labels']) retrieved from /home/airflow/.local/lib/python3.7/site-packages/airflow/example_dags/example_branch_labels.py
[2022-10-19T15:41:58.493+0000] {logging_mixin.py:117} INFO - [2022-10-19T15:41:58.492+0000] {dag.py:2573} INFO - Sync 1 DAGs
[2022-10-19T15:41:58.514+0000] {logging_mixin.py:117} INFO - [2022-10-19T15:41:58.514+0000] {dag.py:3328} INFO - Setting next_dagrun for example_branch_labels to 2022-10-18T00:00:00+00:00, run_after=2022-10-19T00:00:00+00:00
[2022-10-19T15:41:58.527+0000] {processor.py:178} INFO - Processing /home/airflow/.local/lib/python3.7/site-packages/airflow/example_dags/example_branch_labels.py took 0.104 seconds
[2022-10-19T15:42:28.866+0000] {processor.py:156} INFO - Started process (PID=850) to work on /home/airflow/.local/lib/python3.7/site-packages/airflow/example_dags/example_branch_labels.py
[2022-10-19T15:42:28.869+0000] {processor.py:758} INFO - Processing file /home/airflow/.local/lib/python3.7/site-packages/airflow/example_dags/example_branch_labels.py for tasks to queue
[2022-10-19T15:42:28.870+0000] {logging_mixin.py:117} INFO - [2022-10-19T15:42:28.870+0000] {dagbag.py:525} INFO - Filling up the DagBag from /home/airflow/.local/lib/python3.7/site-packages/airflow/example_dags/example_branch_labels.py
[2022-10-19T15:42:28.893+0000] {processor.py:768} INFO - DAG(s) dict_keys(['example_branch_labels']) retrieved from /home/airflow/.local/lib/python3.7/site-packages/airflow/example_dags/example_branch_labels.py
[2022-10-19T15:42:28.927+0000] {logging_mixin.py:117} INFO - [2022-10-19T15:42:28.927+0000] {dag.py:2573} INFO - Sync 1 DAGs
[2022-10-19T15:42:28.944+0000] {logging_mixin.py:117} INFO - [2022-10-19T15:42:28.944+0000] {dag.py:3328} INFO - Setting next_dagrun for example_branch_labels to 2022-10-18T00:00:00+00:00, run_after=2022-10-19T00:00:00+00:00
[2022-10-19T15:42:28.956+0000] {processor.py:178} INFO - Processing /home/airflow/.local/lib/python3.7/site-packages/airflow/example_dags/example_branch_labels.py took 0.097 seconds
[2022-10-19T15:42:59.338+0000] {processor.py:156} INFO - Started process (PID=916) to work on /home/airflow/.local/lib/python3.7/site-packages/airflow/example_dags/example_branch_labels.py
[2022-10-19T15:42:59.340+0000] {processor.py:758} INFO - Processing file /home/airflow/.local/lib/python3.7/site-packages/airflow/example_dags/example_branch_labels.py for tasks to queue
[2022-10-19T15:42:59.342+0000] {logging_mixin.py:117} INFO - [2022-10-19T15:42:59.342+0000] {dagbag.py:525} INFO - Filling up the DagBag from /home/airflow/.local/lib/python3.7/site-packages/airflow/example_dags/example_branch_labels.py
[2022-10-19T15:42:59.378+0000] {processor.py:768} INFO - DAG(s) dict_keys(['example_branch_labels']) retrieved from /home/airflow/.local/lib/python3.7/site-packages/airflow/example_dags/example_branch_labels.py
[2022-10-19T15:42:59.434+0000] {logging_mixin.py:117} INFO - [2022-10-19T15:42:59.434+0000] {dag.py:2573} INFO - Sync 1 DAGs
[2022-10-19T15:42:59.475+0000] {logging_mixin.py:117} INFO - [2022-10-19T15:42:59.474+0000] {dag.py:3328} INFO - Setting next_dagrun for example_branch_labels to 2022-10-18T00:00:00+00:00, run_after=2022-10-19T00:00:00+00:00
[2022-10-19T15:42:59.499+0000] {processor.py:178} INFO - Processing /home/airflow/.local/lib/python3.7/site-packages/airflow/example_dags/example_branch_labels.py took 0.166 seconds
[2022-10-19T15:43:29.610+0000] {processor.py:156} INFO - Started process (PID=981) to work on /home/airflow/.local/lib/python3.7/site-packages/airflow/example_dags/example_branch_labels.py
[2022-10-19T15:43:29.612+0000] {processor.py:758} INFO - Processing file /home/airflow/.local/lib/python3.7/site-packages/airflow/example_dags/example_branch_labels.py for tasks to queue
[2022-10-19T15:43:29.613+0000] {logging_mixin.py:117} INFO - [2022-10-19T15:43:29.613+0000] {dagbag.py:525} INFO - Filling up the DagBag from /home/airflow/.local/lib/python3.7/site-packages/airflow/example_dags/example_branch_labels.py
[2022-10-19T15:43:29.624+0000] {processor.py:768} INFO - DAG(s) dict_keys(['example_branch_labels']) retrieved from /home/airflow/.local/lib/python3.7/site-packages/airflow/example_dags/example_branch_labels.py
[2022-10-19T15:43:29.656+0000] {logging_mixin.py:117} INFO - [2022-10-19T15:43:29.656+0000] {dag.py:2573} INFO - Sync 1 DAGs
[2022-10-19T15:43:29.674+0000] {logging_mixin.py:117} INFO - [2022-10-19T15:43:29.674+0000] {dag.py:3328} INFO - Setting next_dagrun for example_branch_labels to 2022-10-18T00:00:00+00:00, run_after=2022-10-19T00:00:00+00:00
[2022-10-19T15:43:29.692+0000] {processor.py:178} INFO - Processing /home/airflow/.local/lib/python3.7/site-packages/airflow/example_dags/example_branch_labels.py took 0.085 seconds
[2022-10-19T15:44:48.670+0000] {processor.py:156} INFO - Started process (PID=1048) to work on /home/airflow/.local/lib/python3.7/site-packages/airflow/example_dags/example_branch_labels.py
[2022-10-19T15:44:48.677+0000] {processor.py:758} INFO - Processing file /home/airflow/.local/lib/python3.7/site-packages/airflow/example_dags/example_branch_labels.py for tasks to queue
[2022-10-19T15:44:48.681+0000] {logging_mixin.py:117} INFO - [2022-10-19T15:44:48.681+0000] {dagbag.py:525} INFO - Filling up the DagBag from /home/airflow/.local/lib/python3.7/site-packages/airflow/example_dags/example_branch_labels.py
[2022-10-19T15:44:48.714+0000] {processor.py:768} INFO - DAG(s) dict_keys(['example_branch_labels']) retrieved from /home/airflow/.local/lib/python3.7/site-packages/airflow/example_dags/example_branch_labels.py
[2022-10-19T15:44:48.943+0000] {logging_mixin.py:117} INFO - [2022-10-19T15:44:48.942+0000] {dag.py:2573} INFO - Sync 1 DAGs
[2022-10-19T15:44:49.008+0000] {logging_mixin.py:117} INFO - [2022-10-19T15:44:49.007+0000] {dag.py:3328} INFO - Setting next_dagrun for example_branch_labels to 2022-10-18T00:00:00+00:00, run_after=2022-10-19T00:00:00+00:00
[2022-10-19T15:44:49.068+0000] {processor.py:178} INFO - Processing /home/airflow/.local/lib/python3.7/site-packages/airflow/example_dags/example_branch_labels.py took 0.401 seconds
[2022-10-19T15:45:21.801+0000] {processor.py:156} INFO - Started process (PID=1104) to work on /home/airflow/.local/lib/python3.7/site-packages/airflow/example_dags/example_branch_labels.py
[2022-10-19T15:45:21.806+0000] {processor.py:758} INFO - Processing file /home/airflow/.local/lib/python3.7/site-packages/airflow/example_dags/example_branch_labels.py for tasks to queue
[2022-10-19T15:45:21.819+0000] {logging_mixin.py:117} INFO - [2022-10-19T15:45:21.819+0000] {dagbag.py:525} INFO - Filling up the DagBag from /home/airflow/.local/lib/python3.7/site-packages/airflow/example_dags/example_branch_labels.py
[2022-10-19T15:45:21.894+0000] {processor.py:768} INFO - DAG(s) dict_keys(['example_branch_labels']) retrieved from /home/airflow/.local/lib/python3.7/site-packages/airflow/example_dags/example_branch_labels.py
[2022-10-19T15:45:21.980+0000] {logging_mixin.py:117} INFO - [2022-10-19T15:45:21.979+0000] {dag.py:2573} INFO - Sync 1 DAGs
[2022-10-19T15:45:22.012+0000] {logging_mixin.py:117} INFO - [2022-10-19T15:45:22.012+0000] {dag.py:3328} INFO - Setting next_dagrun for example_branch_labels to 2022-10-18T00:00:00+00:00, run_after=2022-10-19T00:00:00+00:00
[2022-10-19T15:45:22.031+0000] {processor.py:178} INFO - Processing /home/airflow/.local/lib/python3.7/site-packages/airflow/example_dags/example_branch_labels.py took 0.235 seconds
[2022-10-19T15:46:38.358+0000] {processor.py:156} INFO - Started process (PID=1168) to work on /home/airflow/.local/lib/python3.7/site-packages/airflow/example_dags/example_branch_labels.py
[2022-10-19T15:46:38.362+0000] {processor.py:758} INFO - Processing file /home/airflow/.local/lib/python3.7/site-packages/airflow/example_dags/example_branch_labels.py for tasks to queue
[2022-10-19T15:46:38.370+0000] {logging_mixin.py:117} INFO - [2022-10-19T15:46:38.370+0000] {dagbag.py:525} INFO - Filling up the DagBag from /home/airflow/.local/lib/python3.7/site-packages/airflow/example_dags/example_branch_labels.py
[2022-10-19T15:46:38.401+0000] {processor.py:768} INFO - DAG(s) dict_keys(['example_branch_labels']) retrieved from /home/airflow/.local/lib/python3.7/site-packages/airflow/example_dags/example_branch_labels.py
[2022-10-19T15:46:38.669+0000] {logging_mixin.py:117} INFO - [2022-10-19T15:46:38.664+0000] {dag.py:2573} INFO - Sync 1 DAGs
[2022-10-19T15:46:38.959+0000] {logging_mixin.py:117} INFO - [2022-10-19T15:46:38.958+0000] {dag.py:3328} INFO - Setting next_dagrun for example_branch_labels to 2022-10-18T00:00:00+00:00, run_after=2022-10-19T00:00:00+00:00
[2022-10-19T15:46:39.202+0000] {processor.py:178} INFO - Processing /home/airflow/.local/lib/python3.7/site-packages/airflow/example_dags/example_branch_labels.py took 0.846 seconds
[2022-10-19T15:47:09.835+0000] {processor.py:156} INFO - Started process (PID=1223) to work on /home/airflow/.local/lib/python3.7/site-packages/airflow/example_dags/example_branch_labels.py
[2022-10-19T15:47:09.842+0000] {processor.py:758} INFO - Processing file /home/airflow/.local/lib/python3.7/site-packages/airflow/example_dags/example_branch_labels.py for tasks to queue
[2022-10-19T15:47:09.845+0000] {logging_mixin.py:117} INFO - [2022-10-19T15:47:09.845+0000] {dagbag.py:525} INFO - Filling up the DagBag from /home/airflow/.local/lib/python3.7/site-packages/airflow/example_dags/example_branch_labels.py
[2022-10-19T15:47:09.886+0000] {processor.py:768} INFO - DAG(s) dict_keys(['example_branch_labels']) retrieved from /home/airflow/.local/lib/python3.7/site-packages/airflow/example_dags/example_branch_labels.py
[2022-10-19T15:47:10.002+0000] {logging_mixin.py:117} INFO - [2022-10-19T15:47:10.002+0000] {dag.py:2573} INFO - Sync 1 DAGs
[2022-10-19T15:47:10.050+0000] {logging_mixin.py:117} INFO - [2022-10-19T15:47:10.050+0000] {dag.py:3328} INFO - Setting next_dagrun for example_branch_labels to 2022-10-18T00:00:00+00:00, run_after=2022-10-19T00:00:00+00:00
[2022-10-19T15:47:10.085+0000] {processor.py:178} INFO - Processing /home/airflow/.local/lib/python3.7/site-packages/airflow/example_dags/example_branch_labels.py took 0.260 seconds
[2022-10-19T15:47:40.138+0000] {processor.py:156} INFO - Started process (PID=1287) to work on /home/airflow/.local/lib/python3.7/site-packages/airflow/example_dags/example_branch_labels.py
[2022-10-19T15:47:40.151+0000] {processor.py:758} INFO - Processing file /home/airflow/.local/lib/python3.7/site-packages/airflow/example_dags/example_branch_labels.py for tasks to queue
[2022-10-19T15:47:40.153+0000] {logging_mixin.py:117} INFO - [2022-10-19T15:47:40.153+0000] {dagbag.py:525} INFO - Filling up the DagBag from /home/airflow/.local/lib/python3.7/site-packages/airflow/example_dags/example_branch_labels.py
[2022-10-19T15:47:40.180+0000] {processor.py:768} INFO - DAG(s) dict_keys(['example_branch_labels']) retrieved from /home/airflow/.local/lib/python3.7/site-packages/airflow/example_dags/example_branch_labels.py
[2022-10-19T15:47:40.278+0000] {logging_mixin.py:117} INFO - [2022-10-19T15:47:40.278+0000] {dag.py:2573} INFO - Sync 1 DAGs
[2022-10-19T15:47:40.294+0000] {logging_mixin.py:117} INFO - [2022-10-19T15:47:40.293+0000] {dag.py:3328} INFO - Setting next_dagrun for example_branch_labels to 2022-10-18T00:00:00+00:00, run_after=2022-10-19T00:00:00+00:00
[2022-10-19T15:47:40.306+0000] {processor.py:178} INFO - Processing /home/airflow/.local/lib/python3.7/site-packages/airflow/example_dags/example_branch_labels.py took 0.171 seconds
[2022-10-19T15:48:10.789+0000] {processor.py:156} INFO - Started process (PID=1342) to work on /home/airflow/.local/lib/python3.7/site-packages/airflow/example_dags/example_branch_labels.py
[2022-10-19T15:48:10.795+0000] {processor.py:758} INFO - Processing file /home/airflow/.local/lib/python3.7/site-packages/airflow/example_dags/example_branch_labels.py for tasks to queue
[2022-10-19T15:48:10.797+0000] {logging_mixin.py:117} INFO - [2022-10-19T15:48:10.796+0000] {dagbag.py:525} INFO - Filling up the DagBag from /home/airflow/.local/lib/python3.7/site-packages/airflow/example_dags/example_branch_labels.py
[2022-10-19T15:48:10.824+0000] {processor.py:768} INFO - DAG(s) dict_keys(['example_branch_labels']) retrieved from /home/airflow/.local/lib/python3.7/site-packages/airflow/example_dags/example_branch_labels.py
[2022-10-19T15:48:10.882+0000] {logging_mixin.py:117} INFO - [2022-10-19T15:48:10.881+0000] {dag.py:2573} INFO - Sync 1 DAGs
[2022-10-19T15:48:11.059+0000] {logging_mixin.py:117} INFO - [2022-10-19T15:48:11.059+0000] {dag.py:3328} INFO - Setting next_dagrun for example_branch_labels to 2022-10-18T00:00:00+00:00, run_after=2022-10-19T00:00:00+00:00
[2022-10-19T15:48:11.131+0000] {processor.py:178} INFO - Processing /home/airflow/.local/lib/python3.7/site-packages/airflow/example_dags/example_branch_labels.py took 0.361 seconds
[2022-10-19T15:51:32.052+0000] {processor.py:156} INFO - Started process (PID=1480) to work on /home/airflow/.local/lib/python3.7/site-packages/airflow/example_dags/example_branch_labels.py
[2022-10-19T15:51:32.056+0000] {processor.py:758} INFO - Processing file /home/airflow/.local/lib/python3.7/site-packages/airflow/example_dags/example_branch_labels.py for tasks to queue
[2022-10-19T15:51:32.058+0000] {logging_mixin.py:117} INFO - [2022-10-19T15:51:32.058+0000] {dagbag.py:525} INFO - Filling up the DagBag from /home/airflow/.local/lib/python3.7/site-packages/airflow/example_dags/example_branch_labels.py
[2022-10-19T15:51:32.079+0000] {processor.py:768} INFO - DAG(s) dict_keys(['example_branch_labels']) retrieved from /home/airflow/.local/lib/python3.7/site-packages/airflow/example_dags/example_branch_labels.py
[2022-10-19T15:51:32.141+0000] {logging_mixin.py:117} INFO - [2022-10-19T15:51:32.141+0000] {dag.py:2573} INFO - Sync 1 DAGs
[2022-10-19T15:51:32.175+0000] {logging_mixin.py:117} INFO - [2022-10-19T15:51:32.175+0000] {dag.py:3328} INFO - Setting next_dagrun for example_branch_labels to 2022-10-18T00:00:00+00:00, run_after=2022-10-19T00:00:00+00:00
[2022-10-19T15:51:32.198+0000] {processor.py:178} INFO - Processing /home/airflow/.local/lib/python3.7/site-packages/airflow/example_dags/example_branch_labels.py took 0.151 seconds
[2022-10-19T15:59:16.673+0000] {processor.py:156} INFO - Started process (PID=127) to work on /home/airflow/.local/lib/python3.7/site-packages/airflow/example_dags/example_branch_labels.py
[2022-10-19T15:59:16.677+0000] {processor.py:758} INFO - Processing file /home/airflow/.local/lib/python3.7/site-packages/airflow/example_dags/example_branch_labels.py for tasks to queue
[2022-10-19T15:59:16.681+0000] {logging_mixin.py:117} INFO - [2022-10-19T15:59:16.681+0000] {dagbag.py:525} INFO - Filling up the DagBag from /home/airflow/.local/lib/python3.7/site-packages/airflow/example_dags/example_branch_labels.py
[2022-10-19T15:59:16.694+0000] {processor.py:768} INFO - DAG(s) dict_keys(['example_branch_labels']) retrieved from /home/airflow/.local/lib/python3.7/site-packages/airflow/example_dags/example_branch_labels.py
[2022-10-19T15:59:16.719+0000] {logging_mixin.py:117} INFO - [2022-10-19T15:59:16.719+0000] {dag.py:2573} INFO - Sync 1 DAGs
[2022-10-19T15:59:16.734+0000] {logging_mixin.py:117} INFO - [2022-10-19T15:59:16.733+0000] {dag.py:3328} INFO - Setting next_dagrun for example_branch_labels to 2022-10-18T00:00:00+00:00, run_after=2022-10-19T00:00:00+00:00
[2022-10-19T15:59:16.743+0000] {processor.py:178} INFO - Processing /home/airflow/.local/lib/python3.7/site-packages/airflow/example_dags/example_branch_labels.py took 0.072 seconds
[2022-10-19T15:59:48.346+0000] {processor.py:156} INFO - Started process (PID=192) to work on /home/airflow/.local/lib/python3.7/site-packages/airflow/example_dags/example_branch_labels.py
[2022-10-19T15:59:48.350+0000] {processor.py:758} INFO - Processing file /home/airflow/.local/lib/python3.7/site-packages/airflow/example_dags/example_branch_labels.py for tasks to queue
[2022-10-19T15:59:48.353+0000] {logging_mixin.py:117} INFO - [2022-10-19T15:59:48.353+0000] {dagbag.py:525} INFO - Filling up the DagBag from /home/airflow/.local/lib/python3.7/site-packages/airflow/example_dags/example_branch_labels.py
[2022-10-19T15:59:48.366+0000] {processor.py:768} INFO - DAG(s) dict_keys(['example_branch_labels']) retrieved from /home/airflow/.local/lib/python3.7/site-packages/airflow/example_dags/example_branch_labels.py
[2022-10-19T15:59:48.410+0000] {logging_mixin.py:117} INFO - [2022-10-19T15:59:48.410+0000] {dag.py:2573} INFO - Sync 1 DAGs
[2022-10-19T15:59:48.435+0000] {logging_mixin.py:117} INFO - [2022-10-19T15:59:48.434+0000] {dag.py:3328} INFO - Setting next_dagrun for example_branch_labels to 2022-10-18T00:00:00+00:00, run_after=2022-10-19T00:00:00+00:00
[2022-10-19T15:59:48.450+0000] {processor.py:178} INFO - Processing /home/airflow/.local/lib/python3.7/site-packages/airflow/example_dags/example_branch_labels.py took 0.108 seconds
[2022-10-19T16:00:22.464+0000] {processor.py:156} INFO - Started process (PID=257) to work on /home/airflow/.local/lib/python3.7/site-packages/airflow/example_dags/example_branch_labels.py
[2022-10-19T16:00:22.467+0000] {processor.py:758} INFO - Processing file /home/airflow/.local/lib/python3.7/site-packages/airflow/example_dags/example_branch_labels.py for tasks to queue
[2022-10-19T16:00:22.471+0000] {logging_mixin.py:117} INFO - [2022-10-19T16:00:22.470+0000] {dagbag.py:525} INFO - Filling up the DagBag from /home/airflow/.local/lib/python3.7/site-packages/airflow/example_dags/example_branch_labels.py
[2022-10-19T16:00:22.514+0000] {processor.py:768} INFO - DAG(s) dict_keys(['example_branch_labels']) retrieved from /home/airflow/.local/lib/python3.7/site-packages/airflow/example_dags/example_branch_labels.py
[2022-10-19T16:00:22.574+0000] {logging_mixin.py:117} INFO - [2022-10-19T16:00:22.573+0000] {dag.py:2573} INFO - Sync 1 DAGs
[2022-10-19T16:00:22.612+0000] {logging_mixin.py:117} INFO - [2022-10-19T16:00:22.612+0000] {dag.py:3328} INFO - Setting next_dagrun for example_branch_labels to 2022-10-18T00:00:00+00:00, run_after=2022-10-19T00:00:00+00:00
[2022-10-19T16:00:22.641+0000] {processor.py:178} INFO - Processing /home/airflow/.local/lib/python3.7/site-packages/airflow/example_dags/example_branch_labels.py took 0.182 seconds
[2022-10-19T16:00:52.768+0000] {processor.py:156} INFO - Started process (PID=313) to work on /home/airflow/.local/lib/python3.7/site-packages/airflow/example_dags/example_branch_labels.py
[2022-10-19T16:00:52.770+0000] {processor.py:758} INFO - Processing file /home/airflow/.local/lib/python3.7/site-packages/airflow/example_dags/example_branch_labels.py for tasks to queue
[2022-10-19T16:00:52.772+0000] {logging_mixin.py:117} INFO - [2022-10-19T16:00:52.772+0000] {dagbag.py:525} INFO - Filling up the DagBag from /home/airflow/.local/lib/python3.7/site-packages/airflow/example_dags/example_branch_labels.py
[2022-10-19T16:00:52.783+0000] {processor.py:768} INFO - DAG(s) dict_keys(['example_branch_labels']) retrieved from /home/airflow/.local/lib/python3.7/site-packages/airflow/example_dags/example_branch_labels.py
[2022-10-19T16:00:52.814+0000] {logging_mixin.py:117} INFO - [2022-10-19T16:00:52.814+0000] {dag.py:2573} INFO - Sync 1 DAGs
[2022-10-19T16:00:52.830+0000] {logging_mixin.py:117} INFO - [2022-10-19T16:00:52.830+0000] {dag.py:3328} INFO - Setting next_dagrun for example_branch_labels to 2022-10-18T00:00:00+00:00, run_after=2022-10-19T00:00:00+00:00
[2022-10-19T16:00:52.841+0000] {processor.py:178} INFO - Processing /home/airflow/.local/lib/python3.7/site-packages/airflow/example_dags/example_branch_labels.py took 0.076 seconds
[2022-10-19T16:01:23.240+0000] {processor.py:156} INFO - Started process (PID=378) to work on /home/airflow/.local/lib/python3.7/site-packages/airflow/example_dags/example_branch_labels.py
[2022-10-19T16:01:23.243+0000] {processor.py:758} INFO - Processing file /home/airflow/.local/lib/python3.7/site-packages/airflow/example_dags/example_branch_labels.py for tasks to queue
[2022-10-19T16:01:23.247+0000] {logging_mixin.py:117} INFO - [2022-10-19T16:01:23.246+0000] {dagbag.py:525} INFO - Filling up the DagBag from /home/airflow/.local/lib/python3.7/site-packages/airflow/example_dags/example_branch_labels.py
[2022-10-19T16:01:23.277+0000] {processor.py:768} INFO - DAG(s) dict_keys(['example_branch_labels']) retrieved from /home/airflow/.local/lib/python3.7/site-packages/airflow/example_dags/example_branch_labels.py
[2022-10-19T16:01:23.736+0000] {logging_mixin.py:117} INFO - [2022-10-19T16:01:23.734+0000] {dag.py:2573} INFO - Sync 1 DAGs
[2022-10-19T16:01:23.788+0000] {logging_mixin.py:117} INFO - [2022-10-19T16:01:23.788+0000] {dag.py:3328} INFO - Setting next_dagrun for example_branch_labels to 2022-10-18T00:00:00+00:00, run_after=2022-10-19T00:00:00+00:00
[2022-10-19T16:01:23.826+0000] {processor.py:178} INFO - Processing /home/airflow/.local/lib/python3.7/site-packages/airflow/example_dags/example_branch_labels.py took 0.594 seconds
[2022-10-19T16:01:53.904+0000] {processor.py:156} INFO - Started process (PID=443) to work on /home/airflow/.local/lib/python3.7/site-packages/airflow/example_dags/example_branch_labels.py
[2022-10-19T16:01:53.905+0000] {processor.py:758} INFO - Processing file /home/airflow/.local/lib/python3.7/site-packages/airflow/example_dags/example_branch_labels.py for tasks to queue
[2022-10-19T16:01:53.906+0000] {logging_mixin.py:117} INFO - [2022-10-19T16:01:53.906+0000] {dagbag.py:525} INFO - Filling up the DagBag from /home/airflow/.local/lib/python3.7/site-packages/airflow/example_dags/example_branch_labels.py
[2022-10-19T16:01:53.917+0000] {processor.py:768} INFO - DAG(s) dict_keys(['example_branch_labels']) retrieved from /home/airflow/.local/lib/python3.7/site-packages/airflow/example_dags/example_branch_labels.py
[2022-10-19T16:01:53.952+0000] {logging_mixin.py:117} INFO - [2022-10-19T16:01:53.952+0000] {dag.py:2573} INFO - Sync 1 DAGs
[2022-10-19T16:01:53.974+0000] {logging_mixin.py:117} INFO - [2022-10-19T16:01:53.974+0000] {dag.py:3328} INFO - Setting next_dagrun for example_branch_labels to 2022-10-18T00:00:00+00:00, run_after=2022-10-19T00:00:00+00:00
[2022-10-19T16:01:53.990+0000] {processor.py:178} INFO - Processing /home/airflow/.local/lib/python3.7/site-packages/airflow/example_dags/example_branch_labels.py took 0.089 seconds
[2022-10-19T16:02:24.416+0000] {processor.py:156} INFO - Started process (PID=500) to work on /home/airflow/.local/lib/python3.7/site-packages/airflow/example_dags/example_branch_labels.py
[2022-10-19T16:02:24.417+0000] {processor.py:758} INFO - Processing file /home/airflow/.local/lib/python3.7/site-packages/airflow/example_dags/example_branch_labels.py for tasks to queue
[2022-10-19T16:02:24.419+0000] {logging_mixin.py:117} INFO - [2022-10-19T16:02:24.419+0000] {dagbag.py:525} INFO - Filling up the DagBag from /home/airflow/.local/lib/python3.7/site-packages/airflow/example_dags/example_branch_labels.py
[2022-10-19T16:02:24.429+0000] {processor.py:768} INFO - DAG(s) dict_keys(['example_branch_labels']) retrieved from /home/airflow/.local/lib/python3.7/site-packages/airflow/example_dags/example_branch_labels.py
[2022-10-19T16:02:24.453+0000] {logging_mixin.py:117} INFO - [2022-10-19T16:02:24.453+0000] {dag.py:2573} INFO - Sync 1 DAGs
[2022-10-19T16:02:24.468+0000] {logging_mixin.py:117} INFO - [2022-10-19T16:02:24.468+0000] {dag.py:3328} INFO - Setting next_dagrun for example_branch_labels to 2022-10-18T00:00:00+00:00, run_after=2022-10-19T00:00:00+00:00
[2022-10-19T16:02:24.477+0000] {processor.py:178} INFO - Processing /home/airflow/.local/lib/python3.7/site-packages/airflow/example_dags/example_branch_labels.py took 0.064 seconds
[2022-10-19T16:02:54.764+0000] {processor.py:156} INFO - Started process (PID=565) to work on /home/airflow/.local/lib/python3.7/site-packages/airflow/example_dags/example_branch_labels.py
[2022-10-19T16:02:54.766+0000] {processor.py:758} INFO - Processing file /home/airflow/.local/lib/python3.7/site-packages/airflow/example_dags/example_branch_labels.py for tasks to queue
[2022-10-19T16:02:54.767+0000] {logging_mixin.py:117} INFO - [2022-10-19T16:02:54.767+0000] {dagbag.py:525} INFO - Filling up the DagBag from /home/airflow/.local/lib/python3.7/site-packages/airflow/example_dags/example_branch_labels.py
[2022-10-19T16:02:54.778+0000] {processor.py:768} INFO - DAG(s) dict_keys(['example_branch_labels']) retrieved from /home/airflow/.local/lib/python3.7/site-packages/airflow/example_dags/example_branch_labels.py
[2022-10-19T16:02:54.806+0000] {logging_mixin.py:117} INFO - [2022-10-19T16:02:54.806+0000] {dag.py:2573} INFO - Sync 1 DAGs
[2022-10-19T16:02:54.825+0000] {logging_mixin.py:117} INFO - [2022-10-19T16:02:54.825+0000] {dag.py:3328} INFO - Setting next_dagrun for example_branch_labels to 2022-10-18T00:00:00+00:00, run_after=2022-10-19T00:00:00+00:00
[2022-10-19T16:02:54.837+0000] {processor.py:178} INFO - Processing /home/airflow/.local/lib/python3.7/site-packages/airflow/example_dags/example_branch_labels.py took 0.077 seconds
[2022-10-19T16:03:25.641+0000] {processor.py:156} INFO - Started process (PID=630) to work on /home/airflow/.local/lib/python3.7/site-packages/airflow/example_dags/example_branch_labels.py
[2022-10-19T16:03:25.642+0000] {processor.py:758} INFO - Processing file /home/airflow/.local/lib/python3.7/site-packages/airflow/example_dags/example_branch_labels.py for tasks to queue
[2022-10-19T16:03:25.643+0000] {logging_mixin.py:117} INFO - [2022-10-19T16:03:25.643+0000] {dagbag.py:525} INFO - Filling up the DagBag from /home/airflow/.local/lib/python3.7/site-packages/airflow/example_dags/example_branch_labels.py
[2022-10-19T16:03:25.652+0000] {processor.py:768} INFO - DAG(s) dict_keys(['example_branch_labels']) retrieved from /home/airflow/.local/lib/python3.7/site-packages/airflow/example_dags/example_branch_labels.py
[2022-10-19T16:03:25.680+0000] {logging_mixin.py:117} INFO - [2022-10-19T16:03:25.680+0000] {dag.py:2573} INFO - Sync 1 DAGs
[2022-10-19T16:03:25.696+0000] {logging_mixin.py:117} INFO - [2022-10-19T16:03:25.696+0000] {dag.py:3328} INFO - Setting next_dagrun for example_branch_labels to 2022-10-18T00:00:00+00:00, run_after=2022-10-19T00:00:00+00:00
[2022-10-19T16:03:25.708+0000] {processor.py:178} INFO - Processing /home/airflow/.local/lib/python3.7/site-packages/airflow/example_dags/example_branch_labels.py took 0.070 seconds
[2022-10-19T16:03:56.817+0000] {processor.py:156} INFO - Started process (PID=695) to work on /home/airflow/.local/lib/python3.7/site-packages/airflow/example_dags/example_branch_labels.py
[2022-10-19T16:03:56.821+0000] {processor.py:758} INFO - Processing file /home/airflow/.local/lib/python3.7/site-packages/airflow/example_dags/example_branch_labels.py for tasks to queue
[2022-10-19T16:03:56.824+0000] {logging_mixin.py:117} INFO - [2022-10-19T16:03:56.824+0000] {dagbag.py:525} INFO - Filling up the DagBag from /home/airflow/.local/lib/python3.7/site-packages/airflow/example_dags/example_branch_labels.py
[2022-10-19T16:03:56.836+0000] {processor.py:768} INFO - DAG(s) dict_keys(['example_branch_labels']) retrieved from /home/airflow/.local/lib/python3.7/site-packages/airflow/example_dags/example_branch_labels.py
[2022-10-19T16:03:56.866+0000] {logging_mixin.py:117} INFO - [2022-10-19T16:03:56.866+0000] {dag.py:2573} INFO - Sync 1 DAGs
[2022-10-19T16:03:56.886+0000] {logging_mixin.py:117} INFO - [2022-10-19T16:03:56.886+0000] {dag.py:3328} INFO - Setting next_dagrun for example_branch_labels to 2022-10-18T00:00:00+00:00, run_after=2022-10-19T00:00:00+00:00
[2022-10-19T16:03:56.901+0000] {processor.py:178} INFO - Processing /home/airflow/.local/lib/python3.7/site-packages/airflow/example_dags/example_branch_labels.py took 0.087 seconds
[2022-10-19T16:04:27.760+0000] {processor.py:156} INFO - Started process (PID=760) to work on /home/airflow/.local/lib/python3.7/site-packages/airflow/example_dags/example_branch_labels.py
[2022-10-19T16:04:27.761+0000] {processor.py:758} INFO - Processing file /home/airflow/.local/lib/python3.7/site-packages/airflow/example_dags/example_branch_labels.py for tasks to queue
[2022-10-19T16:04:27.763+0000] {logging_mixin.py:117} INFO - [2022-10-19T16:04:27.763+0000] {dagbag.py:525} INFO - Filling up the DagBag from /home/airflow/.local/lib/python3.7/site-packages/airflow/example_dags/example_branch_labels.py
[2022-10-19T16:04:27.773+0000] {processor.py:768} INFO - DAG(s) dict_keys(['example_branch_labels']) retrieved from /home/airflow/.local/lib/python3.7/site-packages/airflow/example_dags/example_branch_labels.py
[2022-10-19T16:04:27.806+0000] {logging_mixin.py:117} INFO - [2022-10-19T16:04:27.806+0000] {dag.py:2573} INFO - Sync 1 DAGs
[2022-10-19T16:04:27.829+0000] {logging_mixin.py:117} INFO - [2022-10-19T16:04:27.829+0000] {dag.py:3328} INFO - Setting next_dagrun for example_branch_labels to 2022-10-18T00:00:00+00:00, run_after=2022-10-19T00:00:00+00:00
[2022-10-19T16:04:27.887+0000] {processor.py:178} INFO - Processing /home/airflow/.local/lib/python3.7/site-packages/airflow/example_dags/example_branch_labels.py took 0.130 seconds
[2022-10-19T16:04:58.347+0000] {processor.py:156} INFO - Started process (PID=816) to work on /home/airflow/.local/lib/python3.7/site-packages/airflow/example_dags/example_branch_labels.py
[2022-10-19T16:04:58.349+0000] {processor.py:758} INFO - Processing file /home/airflow/.local/lib/python3.7/site-packages/airflow/example_dags/example_branch_labels.py for tasks to queue
[2022-10-19T16:04:58.351+0000] {logging_mixin.py:117} INFO - [2022-10-19T16:04:58.351+0000] {dagbag.py:525} INFO - Filling up the DagBag from /home/airflow/.local/lib/python3.7/site-packages/airflow/example_dags/example_branch_labels.py
[2022-10-19T16:04:58.369+0000] {processor.py:768} INFO - DAG(s) dict_keys(['example_branch_labels']) retrieved from /home/airflow/.local/lib/python3.7/site-packages/airflow/example_dags/example_branch_labels.py
[2022-10-19T16:04:58.431+0000] {logging_mixin.py:117} INFO - [2022-10-19T16:04:58.431+0000] {dag.py:2573} INFO - Sync 1 DAGs
[2022-10-19T16:04:58.469+0000] {logging_mixin.py:117} INFO - [2022-10-19T16:04:58.468+0000] {dag.py:3328} INFO - Setting next_dagrun for example_branch_labels to 2022-10-18T00:00:00+00:00, run_after=2022-10-19T00:00:00+00:00
[2022-10-19T16:04:58.504+0000] {processor.py:178} INFO - Processing /home/airflow/.local/lib/python3.7/site-packages/airflow/example_dags/example_branch_labels.py took 0.159 seconds
[2022-10-19T16:05:29.829+0000] {processor.py:156} INFO - Started process (PID=882) to work on /home/airflow/.local/lib/python3.7/site-packages/airflow/example_dags/example_branch_labels.py
[2022-10-19T16:05:29.833+0000] {processor.py:758} INFO - Processing file /home/airflow/.local/lib/python3.7/site-packages/airflow/example_dags/example_branch_labels.py for tasks to queue
[2022-10-19T16:05:29.838+0000] {logging_mixin.py:117} INFO - [2022-10-19T16:05:29.838+0000] {dagbag.py:525} INFO - Filling up the DagBag from /home/airflow/.local/lib/python3.7/site-packages/airflow/example_dags/example_branch_labels.py
[2022-10-19T16:05:29.853+0000] {processor.py:768} INFO - DAG(s) dict_keys(['example_branch_labels']) retrieved from /home/airflow/.local/lib/python3.7/site-packages/airflow/example_dags/example_branch_labels.py
[2022-10-19T16:05:29.887+0000] {logging_mixin.py:117} INFO - [2022-10-19T16:05:29.887+0000] {dag.py:2573} INFO - Sync 1 DAGs
[2022-10-19T16:05:29.907+0000] {logging_mixin.py:117} INFO - [2022-10-19T16:05:29.907+0000] {dag.py:3328} INFO - Setting next_dagrun for example_branch_labels to 2022-10-18T00:00:00+00:00, run_after=2022-10-19T00:00:00+00:00
[2022-10-19T16:05:29.919+0000] {processor.py:178} INFO - Processing /home/airflow/.local/lib/python3.7/site-packages/airflow/example_dags/example_branch_labels.py took 0.094 seconds
[2022-10-19T16:06:00.331+0000] {processor.py:156} INFO - Started process (PID=946) to work on /home/airflow/.local/lib/python3.7/site-packages/airflow/example_dags/example_branch_labels.py
[2022-10-19T16:06:00.334+0000] {processor.py:758} INFO - Processing file /home/airflow/.local/lib/python3.7/site-packages/airflow/example_dags/example_branch_labels.py for tasks to queue
[2022-10-19T16:06:00.335+0000] {logging_mixin.py:117} INFO - [2022-10-19T16:06:00.335+0000] {dagbag.py:525} INFO - Filling up the DagBag from /home/airflow/.local/lib/python3.7/site-packages/airflow/example_dags/example_branch_labels.py
[2022-10-19T16:06:00.351+0000] {processor.py:768} INFO - DAG(s) dict_keys(['example_branch_labels']) retrieved from /home/airflow/.local/lib/python3.7/site-packages/airflow/example_dags/example_branch_labels.py
[2022-10-19T16:06:00.396+0000] {logging_mixin.py:117} INFO - [2022-10-19T16:06:00.396+0000] {dag.py:2573} INFO - Sync 1 DAGs
[2022-10-19T16:06:00.422+0000] {logging_mixin.py:117} INFO - [2022-10-19T16:06:00.422+0000] {dag.py:3328} INFO - Setting next_dagrun for example_branch_labels to 2022-10-18T00:00:00+00:00, run_after=2022-10-19T00:00:00+00:00
[2022-10-19T16:06:00.442+0000] {processor.py:178} INFO - Processing /home/airflow/.local/lib/python3.7/site-packages/airflow/example_dags/example_branch_labels.py took 0.116 seconds
[2022-10-19T16:06:30.777+0000] {processor.py:156} INFO - Started process (PID=1011) to work on /home/airflow/.local/lib/python3.7/site-packages/airflow/example_dags/example_branch_labels.py
[2022-10-19T16:06:30.779+0000] {processor.py:758} INFO - Processing file /home/airflow/.local/lib/python3.7/site-packages/airflow/example_dags/example_branch_labels.py for tasks to queue
[2022-10-19T16:06:30.781+0000] {logging_mixin.py:117} INFO - [2022-10-19T16:06:30.781+0000] {dagbag.py:525} INFO - Filling up the DagBag from /home/airflow/.local/lib/python3.7/site-packages/airflow/example_dags/example_branch_labels.py
[2022-10-19T16:06:30.794+0000] {processor.py:768} INFO - DAG(s) dict_keys(['example_branch_labels']) retrieved from /home/airflow/.local/lib/python3.7/site-packages/airflow/example_dags/example_branch_labels.py
[2022-10-19T16:06:30.824+0000] {logging_mixin.py:117} INFO - [2022-10-19T16:06:30.824+0000] {dag.py:2573} INFO - Sync 1 DAGs
[2022-10-19T16:06:30.842+0000] {logging_mixin.py:117} INFO - [2022-10-19T16:06:30.842+0000] {dag.py:3328} INFO - Setting next_dagrun for example_branch_labels to 2022-10-18T00:00:00+00:00, run_after=2022-10-19T00:00:00+00:00
[2022-10-19T16:06:30.854+0000] {processor.py:178} INFO - Processing /home/airflow/.local/lib/python3.7/site-packages/airflow/example_dags/example_branch_labels.py took 0.080 seconds
[2022-10-19T16:07:01.880+0000] {processor.py:156} INFO - Started process (PID=1077) to work on /home/airflow/.local/lib/python3.7/site-packages/airflow/example_dags/example_branch_labels.py
[2022-10-19T16:07:01.889+0000] {processor.py:758} INFO - Processing file /home/airflow/.local/lib/python3.7/site-packages/airflow/example_dags/example_branch_labels.py for tasks to queue
[2022-10-19T16:07:01.898+0000] {logging_mixin.py:117} INFO - [2022-10-19T16:07:01.897+0000] {dagbag.py:525} INFO - Filling up the DagBag from /home/airflow/.local/lib/python3.7/site-packages/airflow/example_dags/example_branch_labels.py
[2022-10-19T16:07:01.948+0000] {processor.py:768} INFO - DAG(s) dict_keys(['example_branch_labels']) retrieved from /home/airflow/.local/lib/python3.7/site-packages/airflow/example_dags/example_branch_labels.py
[2022-10-19T16:07:02.043+0000] {logging_mixin.py:117} INFO - [2022-10-19T16:07:02.043+0000] {dag.py:2573} INFO - Sync 1 DAGs
[2022-10-19T16:07:02.094+0000] {logging_mixin.py:117} INFO - [2022-10-19T16:07:02.094+0000] {dag.py:3328} INFO - Setting next_dagrun for example_branch_labels to 2022-10-18T00:00:00+00:00, run_after=2022-10-19T00:00:00+00:00
[2022-10-19T16:07:02.121+0000] {processor.py:178} INFO - Processing /home/airflow/.local/lib/python3.7/site-packages/airflow/example_dags/example_branch_labels.py took 0.245 seconds
[2022-10-19T16:07:32.454+0000] {processor.py:156} INFO - Started process (PID=1132) to work on /home/airflow/.local/lib/python3.7/site-packages/airflow/example_dags/example_branch_labels.py
[2022-10-19T16:07:32.456+0000] {processor.py:758} INFO - Processing file /home/airflow/.local/lib/python3.7/site-packages/airflow/example_dags/example_branch_labels.py for tasks to queue
[2022-10-19T16:07:32.458+0000] {logging_mixin.py:117} INFO - [2022-10-19T16:07:32.458+0000] {dagbag.py:525} INFO - Filling up the DagBag from /home/airflow/.local/lib/python3.7/site-packages/airflow/example_dags/example_branch_labels.py
[2022-10-19T16:07:32.470+0000] {processor.py:768} INFO - DAG(s) dict_keys(['example_branch_labels']) retrieved from /home/airflow/.local/lib/python3.7/site-packages/airflow/example_dags/example_branch_labels.py
[2022-10-19T16:07:32.499+0000] {logging_mixin.py:117} INFO - [2022-10-19T16:07:32.499+0000] {dag.py:2573} INFO - Sync 1 DAGs
[2022-10-19T16:07:32.517+0000] {logging_mixin.py:117} INFO - [2022-10-19T16:07:32.517+0000] {dag.py:3328} INFO - Setting next_dagrun for example_branch_labels to 2022-10-18T00:00:00+00:00, run_after=2022-10-19T00:00:00+00:00
[2022-10-19T16:07:32.534+0000] {processor.py:178} INFO - Processing /home/airflow/.local/lib/python3.7/site-packages/airflow/example_dags/example_branch_labels.py took 0.081 seconds
[2022-10-19T16:08:03.219+0000] {processor.py:156} INFO - Started process (PID=1197) to work on /home/airflow/.local/lib/python3.7/site-packages/airflow/example_dags/example_branch_labels.py
[2022-10-19T16:08:03.222+0000] {processor.py:758} INFO - Processing file /home/airflow/.local/lib/python3.7/site-packages/airflow/example_dags/example_branch_labels.py for tasks to queue
[2022-10-19T16:08:03.223+0000] {logging_mixin.py:117} INFO - [2022-10-19T16:08:03.223+0000] {dagbag.py:525} INFO - Filling up the DagBag from /home/airflow/.local/lib/python3.7/site-packages/airflow/example_dags/example_branch_labels.py
[2022-10-19T16:08:03.233+0000] {processor.py:768} INFO - DAG(s) dict_keys(['example_branch_labels']) retrieved from /home/airflow/.local/lib/python3.7/site-packages/airflow/example_dags/example_branch_labels.py
[2022-10-19T16:08:03.260+0000] {logging_mixin.py:117} INFO - [2022-10-19T16:08:03.260+0000] {dag.py:2573} INFO - Sync 1 DAGs
[2022-10-19T16:08:03.278+0000] {logging_mixin.py:117} INFO - [2022-10-19T16:08:03.278+0000] {dag.py:3328} INFO - Setting next_dagrun for example_branch_labels to 2022-10-18T00:00:00+00:00, run_after=2022-10-19T00:00:00+00:00
[2022-10-19T16:08:03.293+0000] {processor.py:178} INFO - Processing /home/airflow/.local/lib/python3.7/site-packages/airflow/example_dags/example_branch_labels.py took 0.076 seconds
[2022-10-19T16:08:33.598+0000] {processor.py:156} INFO - Started process (PID=1262) to work on /home/airflow/.local/lib/python3.7/site-packages/airflow/example_dags/example_branch_labels.py
[2022-10-19T16:08:33.599+0000] {processor.py:758} INFO - Processing file /home/airflow/.local/lib/python3.7/site-packages/airflow/example_dags/example_branch_labels.py for tasks to queue
[2022-10-19T16:08:33.602+0000] {logging_mixin.py:117} INFO - [2022-10-19T16:08:33.602+0000] {dagbag.py:525} INFO - Filling up the DagBag from /home/airflow/.local/lib/python3.7/site-packages/airflow/example_dags/example_branch_labels.py
[2022-10-19T16:08:33.611+0000] {processor.py:768} INFO - DAG(s) dict_keys(['example_branch_labels']) retrieved from /home/airflow/.local/lib/python3.7/site-packages/airflow/example_dags/example_branch_labels.py
[2022-10-19T16:08:33.638+0000] {logging_mixin.py:117} INFO - [2022-10-19T16:08:33.638+0000] {dag.py:2573} INFO - Sync 1 DAGs
[2022-10-19T16:08:33.658+0000] {logging_mixin.py:117} INFO - [2022-10-19T16:08:33.658+0000] {dag.py:3328} INFO - Setting next_dagrun for example_branch_labels to 2022-10-18T00:00:00+00:00, run_after=2022-10-19T00:00:00+00:00
[2022-10-19T16:08:33.674+0000] {processor.py:178} INFO - Processing /home/airflow/.local/lib/python3.7/site-packages/airflow/example_dags/example_branch_labels.py took 0.079 seconds
[2022-10-19T16:09:04.099+0000] {processor.py:156} INFO - Started process (PID=1327) to work on /home/airflow/.local/lib/python3.7/site-packages/airflow/example_dags/example_branch_labels.py
[2022-10-19T16:09:04.101+0000] {processor.py:758} INFO - Processing file /home/airflow/.local/lib/python3.7/site-packages/airflow/example_dags/example_branch_labels.py for tasks to queue
[2022-10-19T16:09:04.103+0000] {logging_mixin.py:117} INFO - [2022-10-19T16:09:04.103+0000] {dagbag.py:525} INFO - Filling up the DagBag from /home/airflow/.local/lib/python3.7/site-packages/airflow/example_dags/example_branch_labels.py
[2022-10-19T16:09:04.114+0000] {processor.py:768} INFO - DAG(s) dict_keys(['example_branch_labels']) retrieved from /home/airflow/.local/lib/python3.7/site-packages/airflow/example_dags/example_branch_labels.py
[2022-10-19T16:09:04.148+0000] {logging_mixin.py:117} INFO - [2022-10-19T16:09:04.148+0000] {dag.py:2573} INFO - Sync 1 DAGs
[2022-10-19T16:09:04.168+0000] {logging_mixin.py:117} INFO - [2022-10-19T16:09:04.168+0000] {dag.py:3328} INFO - Setting next_dagrun for example_branch_labels to 2022-10-18T00:00:00+00:00, run_after=2022-10-19T00:00:00+00:00
[2022-10-19T16:09:04.192+0000] {processor.py:178} INFO - Processing /home/airflow/.local/lib/python3.7/site-packages/airflow/example_dags/example_branch_labels.py took 0.095 seconds
[2022-10-19T16:09:34.733+0000] {processor.py:156} INFO - Started process (PID=1383) to work on /home/airflow/.local/lib/python3.7/site-packages/airflow/example_dags/example_branch_labels.py
[2022-10-19T16:09:34.734+0000] {processor.py:758} INFO - Processing file /home/airflow/.local/lib/python3.7/site-packages/airflow/example_dags/example_branch_labels.py for tasks to queue
[2022-10-19T16:09:34.736+0000] {logging_mixin.py:117} INFO - [2022-10-19T16:09:34.735+0000] {dagbag.py:525} INFO - Filling up the DagBag from /home/airflow/.local/lib/python3.7/site-packages/airflow/example_dags/example_branch_labels.py
[2022-10-19T16:09:34.749+0000] {processor.py:768} INFO - DAG(s) dict_keys(['example_branch_labels']) retrieved from /home/airflow/.local/lib/python3.7/site-packages/airflow/example_dags/example_branch_labels.py
[2022-10-19T16:09:34.785+0000] {logging_mixin.py:117} INFO - [2022-10-19T16:09:34.785+0000] {dag.py:2573} INFO - Sync 1 DAGs
[2022-10-19T16:09:34.801+0000] {logging_mixin.py:117} INFO - [2022-10-19T16:09:34.801+0000] {dag.py:3328} INFO - Setting next_dagrun for example_branch_labels to 2022-10-18T00:00:00+00:00, run_after=2022-10-19T00:00:00+00:00
[2022-10-19T16:09:34.813+0000] {processor.py:178} INFO - Processing /home/airflow/.local/lib/python3.7/site-packages/airflow/example_dags/example_branch_labels.py took 0.083 seconds
[2022-10-19T16:10:05.580+0000] {processor.py:156} INFO - Started process (PID=1450) to work on /home/airflow/.local/lib/python3.7/site-packages/airflow/example_dags/example_branch_labels.py
[2022-10-19T16:10:05.583+0000] {processor.py:758} INFO - Processing file /home/airflow/.local/lib/python3.7/site-packages/airflow/example_dags/example_branch_labels.py for tasks to queue
[2022-10-19T16:10:05.584+0000] {logging_mixin.py:117} INFO - [2022-10-19T16:10:05.584+0000] {dagbag.py:525} INFO - Filling up the DagBag from /home/airflow/.local/lib/python3.7/site-packages/airflow/example_dags/example_branch_labels.py
[2022-10-19T16:10:05.595+0000] {processor.py:768} INFO - DAG(s) dict_keys(['example_branch_labels']) retrieved from /home/airflow/.local/lib/python3.7/site-packages/airflow/example_dags/example_branch_labels.py
[2022-10-19T16:10:05.625+0000] {logging_mixin.py:117} INFO - [2022-10-19T16:10:05.624+0000] {dag.py:2573} INFO - Sync 1 DAGs
[2022-10-19T16:10:05.640+0000] {logging_mixin.py:117} INFO - [2022-10-19T16:10:05.640+0000] {dag.py:3328} INFO - Setting next_dagrun for example_branch_labels to 2022-10-18T00:00:00+00:00, run_after=2022-10-19T00:00:00+00:00
[2022-10-19T16:10:05.652+0000] {processor.py:178} INFO - Processing /home/airflow/.local/lib/python3.7/site-packages/airflow/example_dags/example_branch_labels.py took 0.074 seconds
[2022-10-19T16:10:37.012+0000] {processor.py:156} INFO - Started process (PID=1515) to work on /home/airflow/.local/lib/python3.7/site-packages/airflow/example_dags/example_branch_labels.py
[2022-10-19T16:10:37.014+0000] {processor.py:758} INFO - Processing file /home/airflow/.local/lib/python3.7/site-packages/airflow/example_dags/example_branch_labels.py for tasks to queue
[2022-10-19T16:10:37.016+0000] {logging_mixin.py:117} INFO - [2022-10-19T16:10:37.016+0000] {dagbag.py:525} INFO - Filling up the DagBag from /home/airflow/.local/lib/python3.7/site-packages/airflow/example_dags/example_branch_labels.py
[2022-10-19T16:10:37.030+0000] {processor.py:768} INFO - DAG(s) dict_keys(['example_branch_labels']) retrieved from /home/airflow/.local/lib/python3.7/site-packages/airflow/example_dags/example_branch_labels.py
[2022-10-19T16:10:37.066+0000] {logging_mixin.py:117} INFO - [2022-10-19T16:10:37.066+0000] {dag.py:2573} INFO - Sync 1 DAGs
[2022-10-19T16:10:37.085+0000] {logging_mixin.py:117} INFO - [2022-10-19T16:10:37.085+0000] {dag.py:3328} INFO - Setting next_dagrun for example_branch_labels to 2022-10-18T00:00:00+00:00, run_after=2022-10-19T00:00:00+00:00
[2022-10-19T16:10:37.097+0000] {processor.py:178} INFO - Processing /home/airflow/.local/lib/python3.7/site-packages/airflow/example_dags/example_branch_labels.py took 0.088 seconds
[2022-10-19T16:11:07.362+0000] {processor.py:156} INFO - Started process (PID=1579) to work on /home/airflow/.local/lib/python3.7/site-packages/airflow/example_dags/example_branch_labels.py
[2022-10-19T16:11:07.367+0000] {processor.py:758} INFO - Processing file /home/airflow/.local/lib/python3.7/site-packages/airflow/example_dags/example_branch_labels.py for tasks to queue
[2022-10-19T16:11:07.381+0000] {logging_mixin.py:117} INFO - [2022-10-19T16:11:07.381+0000] {dagbag.py:525} INFO - Filling up the DagBag from /home/airflow/.local/lib/python3.7/site-packages/airflow/example_dags/example_branch_labels.py
[2022-10-19T16:11:07.424+0000] {processor.py:768} INFO - DAG(s) dict_keys(['example_branch_labels']) retrieved from /home/airflow/.local/lib/python3.7/site-packages/airflow/example_dags/example_branch_labels.py
[2022-10-19T16:11:07.483+0000] {logging_mixin.py:117} INFO - [2022-10-19T16:11:07.482+0000] {dag.py:2573} INFO - Sync 1 DAGs
[2022-10-19T16:11:07.511+0000] {logging_mixin.py:117} INFO - [2022-10-19T16:11:07.510+0000] {dag.py:3328} INFO - Setting next_dagrun for example_branch_labels to 2022-10-18T00:00:00+00:00, run_after=2022-10-19T00:00:00+00:00
[2022-10-19T16:11:07.525+0000] {processor.py:178} INFO - Processing /home/airflow/.local/lib/python3.7/site-packages/airflow/example_dags/example_branch_labels.py took 0.170 seconds
[2022-10-19T16:11:38.174+0000] {processor.py:156} INFO - Started process (PID=1642) to work on /home/airflow/.local/lib/python3.7/site-packages/airflow/example_dags/example_branch_labels.py
[2022-10-19T16:11:38.176+0000] {processor.py:758} INFO - Processing file /home/airflow/.local/lib/python3.7/site-packages/airflow/example_dags/example_branch_labels.py for tasks to queue
[2022-10-19T16:11:38.178+0000] {logging_mixin.py:117} INFO - [2022-10-19T16:11:38.178+0000] {dagbag.py:525} INFO - Filling up the DagBag from /home/airflow/.local/lib/python3.7/site-packages/airflow/example_dags/example_branch_labels.py
[2022-10-19T16:11:38.192+0000] {processor.py:768} INFO - DAG(s) dict_keys(['example_branch_labels']) retrieved from /home/airflow/.local/lib/python3.7/site-packages/airflow/example_dags/example_branch_labels.py
[2022-10-19T16:11:38.234+0000] {logging_mixin.py:117} INFO - [2022-10-19T16:11:38.234+0000] {dag.py:2573} INFO - Sync 1 DAGs
[2022-10-19T16:11:38.271+0000] {logging_mixin.py:117} INFO - [2022-10-19T16:11:38.270+0000] {dag.py:3328} INFO - Setting next_dagrun for example_branch_labels to 2022-10-18T00:00:00+00:00, run_after=2022-10-19T00:00:00+00:00
[2022-10-19T16:11:38.305+0000] {processor.py:178} INFO - Processing /home/airflow/.local/lib/python3.7/site-packages/airflow/example_dags/example_branch_labels.py took 0.133 seconds
[2022-10-19T16:12:08.617+0000] {processor.py:156} INFO - Started process (PID=1701) to work on /home/airflow/.local/lib/python3.7/site-packages/airflow/example_dags/example_branch_labels.py
[2022-10-19T16:12:08.619+0000] {processor.py:758} INFO - Processing file /home/airflow/.local/lib/python3.7/site-packages/airflow/example_dags/example_branch_labels.py for tasks to queue
[2022-10-19T16:12:08.620+0000] {logging_mixin.py:117} INFO - [2022-10-19T16:12:08.620+0000] {dagbag.py:525} INFO - Filling up the DagBag from /home/airflow/.local/lib/python3.7/site-packages/airflow/example_dags/example_branch_labels.py
[2022-10-19T16:12:08.630+0000] {processor.py:768} INFO - DAG(s) dict_keys(['example_branch_labels']) retrieved from /home/airflow/.local/lib/python3.7/site-packages/airflow/example_dags/example_branch_labels.py
[2022-10-19T16:12:08.657+0000] {logging_mixin.py:117} INFO - [2022-10-19T16:12:08.657+0000] {dag.py:2573} INFO - Sync 1 DAGs
[2022-10-19T16:12:08.672+0000] {logging_mixin.py:117} INFO - [2022-10-19T16:12:08.672+0000] {dag.py:3328} INFO - Setting next_dagrun for example_branch_labels to 2022-10-18T00:00:00+00:00, run_after=2022-10-19T00:00:00+00:00
[2022-10-19T16:12:08.685+0000] {processor.py:178} INFO - Processing /home/airflow/.local/lib/python3.7/site-packages/airflow/example_dags/example_branch_labels.py took 0.070 seconds
[2022-10-19T16:12:39.435+0000] {processor.py:156} INFO - Started process (PID=1767) to work on /home/airflow/.local/lib/python3.7/site-packages/airflow/example_dags/example_branch_labels.py
[2022-10-19T16:12:39.437+0000] {processor.py:758} INFO - Processing file /home/airflow/.local/lib/python3.7/site-packages/airflow/example_dags/example_branch_labels.py for tasks to queue
[2022-10-19T16:12:39.438+0000] {logging_mixin.py:117} INFO - [2022-10-19T16:12:39.438+0000] {dagbag.py:525} INFO - Filling up the DagBag from /home/airflow/.local/lib/python3.7/site-packages/airflow/example_dags/example_branch_labels.py
[2022-10-19T16:12:39.447+0000] {processor.py:768} INFO - DAG(s) dict_keys(['example_branch_labels']) retrieved from /home/airflow/.local/lib/python3.7/site-packages/airflow/example_dags/example_branch_labels.py
[2022-10-19T16:12:39.473+0000] {logging_mixin.py:117} INFO - [2022-10-19T16:12:39.473+0000] {dag.py:2573} INFO - Sync 1 DAGs
[2022-10-19T16:12:39.490+0000] {logging_mixin.py:117} INFO - [2022-10-19T16:12:39.489+0000] {dag.py:3328} INFO - Setting next_dagrun for example_branch_labels to 2022-10-18T00:00:00+00:00, run_after=2022-10-19T00:00:00+00:00
[2022-10-19T16:12:39.502+0000] {processor.py:178} INFO - Processing /home/airflow/.local/lib/python3.7/site-packages/airflow/example_dags/example_branch_labels.py took 0.069 seconds
[2022-10-19T16:13:10.763+0000] {processor.py:156} INFO - Started process (PID=1831) to work on /home/airflow/.local/lib/python3.7/site-packages/airflow/example_dags/example_branch_labels.py
[2022-10-19T16:13:10.764+0000] {processor.py:758} INFO - Processing file /home/airflow/.local/lib/python3.7/site-packages/airflow/example_dags/example_branch_labels.py for tasks to queue
[2022-10-19T16:13:10.766+0000] {logging_mixin.py:117} INFO - [2022-10-19T16:13:10.766+0000] {dagbag.py:525} INFO - Filling up the DagBag from /home/airflow/.local/lib/python3.7/site-packages/airflow/example_dags/example_branch_labels.py
[2022-10-19T16:13:10.776+0000] {processor.py:768} INFO - DAG(s) dict_keys(['example_branch_labels']) retrieved from /home/airflow/.local/lib/python3.7/site-packages/airflow/example_dags/example_branch_labels.py
[2022-10-19T16:13:10.803+0000] {logging_mixin.py:117} INFO - [2022-10-19T16:13:10.803+0000] {dag.py:2573} INFO - Sync 1 DAGs
[2022-10-19T16:13:10.820+0000] {logging_mixin.py:117} INFO - [2022-10-19T16:13:10.820+0000] {dag.py:3328} INFO - Setting next_dagrun for example_branch_labels to 2022-10-18T00:00:00+00:00, run_after=2022-10-19T00:00:00+00:00
[2022-10-19T16:13:10.836+0000] {processor.py:178} INFO - Processing /home/airflow/.local/lib/python3.7/site-packages/airflow/example_dags/example_branch_labels.py took 0.075 seconds
[2022-10-19T16:13:41.215+0000] {processor.py:156} INFO - Started process (PID=1896) to work on /home/airflow/.local/lib/python3.7/site-packages/airflow/example_dags/example_branch_labels.py
[2022-10-19T16:13:41.217+0000] {processor.py:758} INFO - Processing file /home/airflow/.local/lib/python3.7/site-packages/airflow/example_dags/example_branch_labels.py for tasks to queue
[2022-10-19T16:13:41.218+0000] {logging_mixin.py:117} INFO - [2022-10-19T16:13:41.218+0000] {dagbag.py:525} INFO - Filling up the DagBag from /home/airflow/.local/lib/python3.7/site-packages/airflow/example_dags/example_branch_labels.py
[2022-10-19T16:13:41.233+0000] {processor.py:768} INFO - DAG(s) dict_keys(['example_branch_labels']) retrieved from /home/airflow/.local/lib/python3.7/site-packages/airflow/example_dags/example_branch_labels.py
[2022-10-19T16:13:41.265+0000] {logging_mixin.py:117} INFO - [2022-10-19T16:13:41.265+0000] {dag.py:2573} INFO - Sync 1 DAGs
[2022-10-19T16:13:41.284+0000] {logging_mixin.py:117} INFO - [2022-10-19T16:13:41.284+0000] {dag.py:3328} INFO - Setting next_dagrun for example_branch_labels to 2022-10-18T00:00:00+00:00, run_after=2022-10-19T00:00:00+00:00
[2022-10-19T16:13:41.302+0000] {processor.py:178} INFO - Processing /home/airflow/.local/lib/python3.7/site-packages/airflow/example_dags/example_branch_labels.py took 0.090 seconds
[2022-10-19T16:14:11.434+0000] {processor.py:156} INFO - Started process (PID=1952) to work on /home/airflow/.local/lib/python3.7/site-packages/airflow/example_dags/example_branch_labels.py
[2022-10-19T16:14:11.435+0000] {processor.py:758} INFO - Processing file /home/airflow/.local/lib/python3.7/site-packages/airflow/example_dags/example_branch_labels.py for tasks to queue
[2022-10-19T16:14:11.437+0000] {logging_mixin.py:117} INFO - [2022-10-19T16:14:11.436+0000] {dagbag.py:525} INFO - Filling up the DagBag from /home/airflow/.local/lib/python3.7/site-packages/airflow/example_dags/example_branch_labels.py
[2022-10-19T16:14:11.451+0000] {processor.py:768} INFO - DAG(s) dict_keys(['example_branch_labels']) retrieved from /home/airflow/.local/lib/python3.7/site-packages/airflow/example_dags/example_branch_labels.py
[2022-10-19T16:14:11.482+0000] {logging_mixin.py:117} INFO - [2022-10-19T16:14:11.482+0000] {dag.py:2573} INFO - Sync 1 DAGs
[2022-10-19T16:14:11.499+0000] {logging_mixin.py:117} INFO - [2022-10-19T16:14:11.499+0000] {dag.py:3328} INFO - Setting next_dagrun for example_branch_labels to 2022-10-18T00:00:00+00:00, run_after=2022-10-19T00:00:00+00:00
[2022-10-19T16:14:11.513+0000] {processor.py:178} INFO - Processing /home/airflow/.local/lib/python3.7/site-packages/airflow/example_dags/example_branch_labels.py took 0.081 seconds
[2022-10-19T16:14:41.895+0000] {processor.py:156} INFO - Started process (PID=2018) to work on /home/airflow/.local/lib/python3.7/site-packages/airflow/example_dags/example_branch_labels.py
[2022-10-19T16:14:41.897+0000] {processor.py:758} INFO - Processing file /home/airflow/.local/lib/python3.7/site-packages/airflow/example_dags/example_branch_labels.py for tasks to queue
[2022-10-19T16:14:41.899+0000] {logging_mixin.py:117} INFO - [2022-10-19T16:14:41.899+0000] {dagbag.py:525} INFO - Filling up the DagBag from /home/airflow/.local/lib/python3.7/site-packages/airflow/example_dags/example_branch_labels.py
[2022-10-19T16:14:41.915+0000] {processor.py:768} INFO - DAG(s) dict_keys(['example_branch_labels']) retrieved from /home/airflow/.local/lib/python3.7/site-packages/airflow/example_dags/example_branch_labels.py
[2022-10-19T16:14:41.944+0000] {logging_mixin.py:117} INFO - [2022-10-19T16:14:41.944+0000] {dag.py:2573} INFO - Sync 1 DAGs
[2022-10-19T16:14:41.964+0000] {logging_mixin.py:117} INFO - [2022-10-19T16:14:41.964+0000] {dag.py:3328} INFO - Setting next_dagrun for example_branch_labels to 2022-10-18T00:00:00+00:00, run_after=2022-10-19T00:00:00+00:00
[2022-10-19T16:14:41.977+0000] {processor.py:178} INFO - Processing /home/airflow/.local/lib/python3.7/site-packages/airflow/example_dags/example_branch_labels.py took 0.085 seconds
[2022-10-19T16:15:13.181+0000] {processor.py:156} INFO - Started process (PID=2086) to work on /home/airflow/.local/lib/python3.7/site-packages/airflow/example_dags/example_branch_labels.py
[2022-10-19T16:15:13.186+0000] {processor.py:758} INFO - Processing file /home/airflow/.local/lib/python3.7/site-packages/airflow/example_dags/example_branch_labels.py for tasks to queue
[2022-10-19T16:15:13.190+0000] {logging_mixin.py:117} INFO - [2022-10-19T16:15:13.189+0000] {dagbag.py:525} INFO - Filling up the DagBag from /home/airflow/.local/lib/python3.7/site-packages/airflow/example_dags/example_branch_labels.py
[2022-10-19T16:15:13.227+0000] {processor.py:768} INFO - DAG(s) dict_keys(['example_branch_labels']) retrieved from /home/airflow/.local/lib/python3.7/site-packages/airflow/example_dags/example_branch_labels.py
[2022-10-19T16:15:13.297+0000] {logging_mixin.py:117} INFO - [2022-10-19T16:15:13.296+0000] {dag.py:2573} INFO - Sync 1 DAGs
[2022-10-19T16:15:13.325+0000] {logging_mixin.py:117} INFO - [2022-10-19T16:15:13.325+0000] {dag.py:3328} INFO - Setting next_dagrun for example_branch_labels to 2022-10-18T00:00:00+00:00, run_after=2022-10-19T00:00:00+00:00
[2022-10-19T16:15:13.346+0000] {processor.py:178} INFO - Processing /home/airflow/.local/lib/python3.7/site-packages/airflow/example_dags/example_branch_labels.py took 0.169 seconds
[2022-10-19T16:15:43.452+0000] {processor.py:156} INFO - Started process (PID=2152) to work on /home/airflow/.local/lib/python3.7/site-packages/airflow/example_dags/example_branch_labels.py
[2022-10-19T16:15:43.453+0000] {processor.py:758} INFO - Processing file /home/airflow/.local/lib/python3.7/site-packages/airflow/example_dags/example_branch_labels.py for tasks to queue
[2022-10-19T16:15:43.454+0000] {logging_mixin.py:117} INFO - [2022-10-19T16:15:43.454+0000] {dagbag.py:525} INFO - Filling up the DagBag from /home/airflow/.local/lib/python3.7/site-packages/airflow/example_dags/example_branch_labels.py
[2022-10-19T16:15:43.463+0000] {processor.py:768} INFO - DAG(s) dict_keys(['example_branch_labels']) retrieved from /home/airflow/.local/lib/python3.7/site-packages/airflow/example_dags/example_branch_labels.py
[2022-10-19T16:15:43.497+0000] {logging_mixin.py:117} INFO - [2022-10-19T16:15:43.497+0000] {dag.py:2573} INFO - Sync 1 DAGs
[2022-10-19T16:15:43.528+0000] {logging_mixin.py:117} INFO - [2022-10-19T16:15:43.527+0000] {dag.py:3328} INFO - Setting next_dagrun for example_branch_labels to 2022-10-18T00:00:00+00:00, run_after=2022-10-19T00:00:00+00:00
[2022-10-19T16:15:43.547+0000] {processor.py:178} INFO - Processing /home/airflow/.local/lib/python3.7/site-packages/airflow/example_dags/example_branch_labels.py took 0.097 seconds
[2022-10-19T16:16:14.377+0000] {processor.py:156} INFO - Started process (PID=2216) to work on /home/airflow/.local/lib/python3.7/site-packages/airflow/example_dags/example_branch_labels.py
[2022-10-19T16:16:14.379+0000] {processor.py:758} INFO - Processing file /home/airflow/.local/lib/python3.7/site-packages/airflow/example_dags/example_branch_labels.py for tasks to queue
[2022-10-19T16:16:14.380+0000] {logging_mixin.py:117} INFO - [2022-10-19T16:16:14.380+0000] {dagbag.py:525} INFO - Filling up the DagBag from /home/airflow/.local/lib/python3.7/site-packages/airflow/example_dags/example_branch_labels.py
[2022-10-19T16:16:14.391+0000] {processor.py:768} INFO - DAG(s) dict_keys(['example_branch_labels']) retrieved from /home/airflow/.local/lib/python3.7/site-packages/airflow/example_dags/example_branch_labels.py
[2022-10-19T16:16:14.418+0000] {logging_mixin.py:117} INFO - [2022-10-19T16:16:14.418+0000] {dag.py:2573} INFO - Sync 1 DAGs
[2022-10-19T16:16:14.436+0000] {logging_mixin.py:117} INFO - [2022-10-19T16:16:14.436+0000] {dag.py:3328} INFO - Setting next_dagrun for example_branch_labels to 2022-10-18T00:00:00+00:00, run_after=2022-10-19T00:00:00+00:00
[2022-10-19T16:16:14.450+0000] {processor.py:178} INFO - Processing /home/airflow/.local/lib/python3.7/site-packages/airflow/example_dags/example_branch_labels.py took 0.075 seconds
[2022-10-19T16:16:45.527+0000] {processor.py:156} INFO - Started process (PID=2282) to work on /home/airflow/.local/lib/python3.7/site-packages/airflow/example_dags/example_branch_labels.py
[2022-10-19T16:16:45.529+0000] {processor.py:758} INFO - Processing file /home/airflow/.local/lib/python3.7/site-packages/airflow/example_dags/example_branch_labels.py for tasks to queue
[2022-10-19T16:16:45.530+0000] {logging_mixin.py:117} INFO - [2022-10-19T16:16:45.530+0000] {dagbag.py:525} INFO - Filling up the DagBag from /home/airflow/.local/lib/python3.7/site-packages/airflow/example_dags/example_branch_labels.py
[2022-10-19T16:16:45.540+0000] {processor.py:768} INFO - DAG(s) dict_keys(['example_branch_labels']) retrieved from /home/airflow/.local/lib/python3.7/site-packages/airflow/example_dags/example_branch_labels.py
[2022-10-19T16:16:45.566+0000] {logging_mixin.py:117} INFO - [2022-10-19T16:16:45.566+0000] {dag.py:2573} INFO - Sync 1 DAGs
[2022-10-19T16:16:45.585+0000] {logging_mixin.py:117} INFO - [2022-10-19T16:16:45.585+0000] {dag.py:3328} INFO - Setting next_dagrun for example_branch_labels to 2022-10-18T00:00:00+00:00, run_after=2022-10-19T00:00:00+00:00
[2022-10-19T16:16:45.597+0000] {processor.py:178} INFO - Processing /home/airflow/.local/lib/python3.7/site-packages/airflow/example_dags/example_branch_labels.py took 0.072 seconds
[2022-10-19T16:17:16.201+0000] {processor.py:156} INFO - Started process (PID=2338) to work on /home/airflow/.local/lib/python3.7/site-packages/airflow/example_dags/example_branch_labels.py
[2022-10-19T16:17:16.203+0000] {processor.py:758} INFO - Processing file /home/airflow/.local/lib/python3.7/site-packages/airflow/example_dags/example_branch_labels.py for tasks to queue
[2022-10-19T16:17:16.205+0000] {logging_mixin.py:117} INFO - [2022-10-19T16:17:16.204+0000] {dagbag.py:525} INFO - Filling up the DagBag from /home/airflow/.local/lib/python3.7/site-packages/airflow/example_dags/example_branch_labels.py
[2022-10-19T16:17:16.217+0000] {processor.py:768} INFO - DAG(s) dict_keys(['example_branch_labels']) retrieved from /home/airflow/.local/lib/python3.7/site-packages/airflow/example_dags/example_branch_labels.py
[2022-10-19T16:17:16.252+0000] {logging_mixin.py:117} INFO - [2022-10-19T16:17:16.252+0000] {dag.py:2573} INFO - Sync 1 DAGs
[2022-10-19T16:17:16.270+0000] {logging_mixin.py:117} INFO - [2022-10-19T16:17:16.269+0000] {dag.py:3328} INFO - Setting next_dagrun for example_branch_labels to 2022-10-18T00:00:00+00:00, run_after=2022-10-19T00:00:00+00:00
[2022-10-19T16:17:16.282+0000] {processor.py:178} INFO - Processing /home/airflow/.local/lib/python3.7/site-packages/airflow/example_dags/example_branch_labels.py took 0.084 seconds
[2022-10-19T16:17:47.117+0000] {processor.py:156} INFO - Started process (PID=2404) to work on /home/airflow/.local/lib/python3.7/site-packages/airflow/example_dags/example_branch_labels.py
[2022-10-19T16:17:47.118+0000] {processor.py:758} INFO - Processing file /home/airflow/.local/lib/python3.7/site-packages/airflow/example_dags/example_branch_labels.py for tasks to queue
[2022-10-19T16:17:47.120+0000] {logging_mixin.py:117} INFO - [2022-10-19T16:17:47.120+0000] {dagbag.py:525} INFO - Filling up the DagBag from /home/airflow/.local/lib/python3.7/site-packages/airflow/example_dags/example_branch_labels.py
[2022-10-19T16:17:47.130+0000] {processor.py:768} INFO - DAG(s) dict_keys(['example_branch_labels']) retrieved from /home/airflow/.local/lib/python3.7/site-packages/airflow/example_dags/example_branch_labels.py
[2022-10-19T16:17:47.163+0000] {logging_mixin.py:117} INFO - [2022-10-19T16:17:47.163+0000] {dag.py:2573} INFO - Sync 1 DAGs
[2022-10-19T16:17:47.179+0000] {logging_mixin.py:117} INFO - [2022-10-19T16:17:47.178+0000] {dag.py:3328} INFO - Setting next_dagrun for example_branch_labels to 2022-10-18T00:00:00+00:00, run_after=2022-10-19T00:00:00+00:00
[2022-10-19T16:17:47.190+0000] {processor.py:178} INFO - Processing /home/airflow/.local/lib/python3.7/site-packages/airflow/example_dags/example_branch_labels.py took 0.075 seconds
[2022-10-19T16:18:17.971+0000] {processor.py:156} INFO - Started process (PID=2469) to work on /home/airflow/.local/lib/python3.7/site-packages/airflow/example_dags/example_branch_labels.py
[2022-10-19T16:18:17.973+0000] {processor.py:758} INFO - Processing file /home/airflow/.local/lib/python3.7/site-packages/airflow/example_dags/example_branch_labels.py for tasks to queue
[2022-10-19T16:18:17.974+0000] {logging_mixin.py:117} INFO - [2022-10-19T16:18:17.974+0000] {dagbag.py:525} INFO - Filling up the DagBag from /home/airflow/.local/lib/python3.7/site-packages/airflow/example_dags/example_branch_labels.py
[2022-10-19T16:18:17.985+0000] {processor.py:768} INFO - DAG(s) dict_keys(['example_branch_labels']) retrieved from /home/airflow/.local/lib/python3.7/site-packages/airflow/example_dags/example_branch_labels.py
[2022-10-19T16:18:18.011+0000] {logging_mixin.py:117} INFO - [2022-10-19T16:18:18.011+0000] {dag.py:2573} INFO - Sync 1 DAGs
[2022-10-19T16:18:18.027+0000] {logging_mixin.py:117} INFO - [2022-10-19T16:18:18.027+0000] {dag.py:3328} INFO - Setting next_dagrun for example_branch_labels to 2022-10-18T00:00:00+00:00, run_after=2022-10-19T00:00:00+00:00
[2022-10-19T16:18:18.042+0000] {processor.py:178} INFO - Processing /home/airflow/.local/lib/python3.7/site-packages/airflow/example_dags/example_branch_labels.py took 0.073 seconds
[2022-10-19T16:18:48.984+0000] {processor.py:156} INFO - Started process (PID=2535) to work on /home/airflow/.local/lib/python3.7/site-packages/airflow/example_dags/example_branch_labels.py
[2022-10-19T16:18:48.987+0000] {processor.py:758} INFO - Processing file /home/airflow/.local/lib/python3.7/site-packages/airflow/example_dags/example_branch_labels.py for tasks to queue
[2022-10-19T16:18:48.988+0000] {logging_mixin.py:117} INFO - [2022-10-19T16:18:48.988+0000] {dagbag.py:525} INFO - Filling up the DagBag from /home/airflow/.local/lib/python3.7/site-packages/airflow/example_dags/example_branch_labels.py
[2022-10-19T16:18:48.999+0000] {processor.py:768} INFO - DAG(s) dict_keys(['example_branch_labels']) retrieved from /home/airflow/.local/lib/python3.7/site-packages/airflow/example_dags/example_branch_labels.py
[2022-10-19T16:18:49.031+0000] {logging_mixin.py:117} INFO - [2022-10-19T16:18:49.031+0000] {dag.py:2573} INFO - Sync 1 DAGs
[2022-10-19T16:18:49.048+0000] {logging_mixin.py:117} INFO - [2022-10-19T16:18:49.048+0000] {dag.py:3328} INFO - Setting next_dagrun for example_branch_labels to 2022-10-18T00:00:00+00:00, run_after=2022-10-19T00:00:00+00:00
[2022-10-19T16:18:49.061+0000] {processor.py:178} INFO - Processing /home/airflow/.local/lib/python3.7/site-packages/airflow/example_dags/example_branch_labels.py took 0.079 seconds
[2022-10-19T16:19:19.948+0000] {processor.py:156} INFO - Started process (PID=2600) to work on /home/airflow/.local/lib/python3.7/site-packages/airflow/example_dags/example_branch_labels.py
[2022-10-19T16:19:19.949+0000] {processor.py:758} INFO - Processing file /home/airflow/.local/lib/python3.7/site-packages/airflow/example_dags/example_branch_labels.py for tasks to queue
[2022-10-19T16:19:19.951+0000] {logging_mixin.py:117} INFO - [2022-10-19T16:19:19.950+0000] {dagbag.py:525} INFO - Filling up the DagBag from /home/airflow/.local/lib/python3.7/site-packages/airflow/example_dags/example_branch_labels.py
[2022-10-19T16:19:19.961+0000] {processor.py:768} INFO - DAG(s) dict_keys(['example_branch_labels']) retrieved from /home/airflow/.local/lib/python3.7/site-packages/airflow/example_dags/example_branch_labels.py
[2022-10-19T16:19:19.996+0000] {logging_mixin.py:117} INFO - [2022-10-19T16:19:19.996+0000] {dag.py:2573} INFO - Sync 1 DAGs
[2022-10-19T16:19:20.017+0000] {logging_mixin.py:117} INFO - [2022-10-19T16:19:20.017+0000] {dag.py:3328} INFO - Setting next_dagrun for example_branch_labels to 2022-10-18T00:00:00+00:00, run_after=2022-10-19T00:00:00+00:00
[2022-10-19T16:19:20.039+0000] {processor.py:178} INFO - Processing /home/airflow/.local/lib/python3.7/site-packages/airflow/example_dags/example_branch_labels.py took 0.094 seconds
[2022-10-19T16:20:01.928+0000] {processor.py:156} INFO - Started process (PID=2665) to work on /home/airflow/.local/lib/python3.7/site-packages/airflow/example_dags/example_branch_labels.py
[2022-10-19T16:20:01.943+0000] {processor.py:758} INFO - Processing file /home/airflow/.local/lib/python3.7/site-packages/airflow/example_dags/example_branch_labels.py for tasks to queue
[2022-10-19T16:20:01.945+0000] {logging_mixin.py:117} INFO - [2022-10-19T16:20:01.945+0000] {dagbag.py:525} INFO - Filling up the DagBag from /home/airflow/.local/lib/python3.7/site-packages/airflow/example_dags/example_branch_labels.py
[2022-10-19T16:20:01.964+0000] {processor.py:768} INFO - DAG(s) dict_keys(['example_branch_labels']) retrieved from /home/airflow/.local/lib/python3.7/site-packages/airflow/example_dags/example_branch_labels.py
[2022-10-19T16:20:02.062+0000] {logging_mixin.py:117} INFO - [2022-10-19T16:20:02.062+0000] {dag.py:2573} INFO - Sync 1 DAGs
[2022-10-19T16:20:02.085+0000] {logging_mixin.py:117} INFO - [2022-10-19T16:20:02.084+0000] {dag.py:3328} INFO - Setting next_dagrun for example_branch_labels to 2022-10-18T00:00:00+00:00, run_after=2022-10-19T00:00:00+00:00
[2022-10-19T16:20:02.114+0000] {processor.py:178} INFO - Processing /home/airflow/.local/lib/python3.7/site-packages/airflow/example_dags/example_branch_labels.py took 0.189 seconds
[2022-10-19T16:21:10.018+0000] {processor.py:156} INFO - Started process (PID=2740) to work on /home/airflow/.local/lib/python3.7/site-packages/airflow/example_dags/example_branch_labels.py
[2022-10-19T16:21:10.039+0000] {processor.py:758} INFO - Processing file /home/airflow/.local/lib/python3.7/site-packages/airflow/example_dags/example_branch_labels.py for tasks to queue
[2022-10-19T16:21:10.053+0000] {logging_mixin.py:117} INFO - [2022-10-19T16:21:10.053+0000] {dagbag.py:525} INFO - Filling up the DagBag from /home/airflow/.local/lib/python3.7/site-packages/airflow/example_dags/example_branch_labels.py
[2022-10-19T16:21:10.175+0000] {processor.py:768} INFO - DAG(s) dict_keys(['example_branch_labels']) retrieved from /home/airflow/.local/lib/python3.7/site-packages/airflow/example_dags/example_branch_labels.py
[2022-10-19T16:21:10.426+0000] {logging_mixin.py:117} INFO - [2022-10-19T16:21:10.425+0000] {dag.py:2573} INFO - Sync 1 DAGs
[2022-10-19T16:21:10.697+0000] {logging_mixin.py:117} INFO - [2022-10-19T16:21:10.697+0000] {dag.py:3328} INFO - Setting next_dagrun for example_branch_labels to 2022-10-18T00:00:00+00:00, run_after=2022-10-19T00:00:00+00:00
[2022-10-19T16:21:10.770+0000] {processor.py:178} INFO - Processing /home/airflow/.local/lib/python3.7/site-packages/airflow/example_dags/example_branch_labels.py took 0.758 seconds
[2022-10-19T16:22:08.109+0000] {processor.py:156} INFO - Started process (PID=2815) to work on /home/airflow/.local/lib/python3.7/site-packages/airflow/example_dags/example_branch_labels.py
[2022-10-19T16:22:08.115+0000] {processor.py:758} INFO - Processing file /home/airflow/.local/lib/python3.7/site-packages/airflow/example_dags/example_branch_labels.py for tasks to queue
[2022-10-19T16:22:08.123+0000] {logging_mixin.py:117} INFO - [2022-10-19T16:22:08.122+0000] {dagbag.py:525} INFO - Filling up the DagBag from /home/airflow/.local/lib/python3.7/site-packages/airflow/example_dags/example_branch_labels.py
[2022-10-19T16:22:08.190+0000] {processor.py:768} INFO - DAG(s) dict_keys(['example_branch_labels']) retrieved from /home/airflow/.local/lib/python3.7/site-packages/airflow/example_dags/example_branch_labels.py
[2022-10-19T16:22:08.346+0000] {logging_mixin.py:117} INFO - [2022-10-19T16:22:08.346+0000] {dag.py:2573} INFO - Sync 1 DAGs
[2022-10-19T16:22:08.569+0000] {logging_mixin.py:117} INFO - [2022-10-19T16:22:08.569+0000] {dag.py:3328} INFO - Setting next_dagrun for example_branch_labels to 2022-10-18T00:00:00+00:00, run_after=2022-10-19T00:00:00+00:00
[2022-10-19T16:22:08.717+0000] {processor.py:178} INFO - Processing /home/airflow/.local/lib/python3.7/site-packages/airflow/example_dags/example_branch_labels.py took 0.661 seconds
[2022-10-19T16:23:11.992+0000] {processor.py:156} INFO - Started process (PID=2883) to work on /home/airflow/.local/lib/python3.7/site-packages/airflow/example_dags/example_branch_labels.py
[2022-10-19T16:23:12.071+0000] {processor.py:758} INFO - Processing file /home/airflow/.local/lib/python3.7/site-packages/airflow/example_dags/example_branch_labels.py for tasks to queue
[2022-10-19T16:23:12.076+0000] {logging_mixin.py:117} INFO - [2022-10-19T16:23:12.076+0000] {dagbag.py:525} INFO - Filling up the DagBag from /home/airflow/.local/lib/python3.7/site-packages/airflow/example_dags/example_branch_labels.py
[2022-10-19T16:23:12.234+0000] {processor.py:768} INFO - DAG(s) dict_keys(['example_branch_labels']) retrieved from /home/airflow/.local/lib/python3.7/site-packages/airflow/example_dags/example_branch_labels.py
[2022-10-19T16:23:13.507+0000] {logging_mixin.py:117} INFO - [2022-10-19T16:23:13.440+0000] {dag.py:2573} INFO - Sync 1 DAGs
[2022-10-19T16:23:13.703+0000] {logging_mixin.py:117} INFO - [2022-10-19T16:23:13.703+0000] {dag.py:3328} INFO - Setting next_dagrun for example_branch_labels to 2022-10-18T00:00:00+00:00, run_after=2022-10-19T00:00:00+00:00
[2022-10-19T16:23:13.804+0000] {processor.py:178} INFO - Processing /home/airflow/.local/lib/python3.7/site-packages/airflow/example_dags/example_branch_labels.py took 1.830 seconds
[2022-10-19T16:23:57.884+0000] {processor.py:156} INFO - Started process (PID=2947) to work on /home/airflow/.local/lib/python3.7/site-packages/airflow/example_dags/example_branch_labels.py
[2022-10-19T16:23:57.935+0000] {processor.py:758} INFO - Processing file /home/airflow/.local/lib/python3.7/site-packages/airflow/example_dags/example_branch_labels.py for tasks to queue
[2022-10-19T16:23:57.977+0000] {logging_mixin.py:117} INFO - [2022-10-19T16:23:57.977+0000] {dagbag.py:525} INFO - Filling up the DagBag from /home/airflow/.local/lib/python3.7/site-packages/airflow/example_dags/example_branch_labels.py
[2022-10-19T16:23:58.973+0000] {processor.py:768} INFO - DAG(s) dict_keys(['example_branch_labels']) retrieved from /home/airflow/.local/lib/python3.7/site-packages/airflow/example_dags/example_branch_labels.py
[2022-10-19T16:24:01.074+0000] {logging_mixin.py:117} INFO - [2022-10-19T16:24:01.059+0000] {dag.py:2573} INFO - Sync 1 DAGs
[2022-10-19T16:24:01.261+0000] {logging_mixin.py:117} INFO - [2022-10-19T16:24:01.260+0000] {dag.py:3328} INFO - Setting next_dagrun for example_branch_labels to 2022-10-18T00:00:00+00:00, run_after=2022-10-19T00:00:00+00:00
[2022-10-19T16:24:01.390+0000] {processor.py:178} INFO - Processing /home/airflow/.local/lib/python3.7/site-packages/airflow/example_dags/example_branch_labels.py took 3.525 seconds
[2022-10-19T16:24:39.029+0000] {processor.py:156} INFO - Started process (PID=3002) to work on /home/airflow/.local/lib/python3.7/site-packages/airflow/example_dags/example_branch_labels.py
[2022-10-19T16:24:39.036+0000] {processor.py:758} INFO - Processing file /home/airflow/.local/lib/python3.7/site-packages/airflow/example_dags/example_branch_labels.py for tasks to queue
[2022-10-19T16:24:39.045+0000] {logging_mixin.py:117} INFO - [2022-10-19T16:24:39.044+0000] {dagbag.py:525} INFO - Filling up the DagBag from /home/airflow/.local/lib/python3.7/site-packages/airflow/example_dags/example_branch_labels.py
[2022-10-19T16:24:39.087+0000] {processor.py:768} INFO - DAG(s) dict_keys(['example_branch_labels']) retrieved from /home/airflow/.local/lib/python3.7/site-packages/airflow/example_dags/example_branch_labels.py
[2022-10-19T16:24:39.191+0000] {logging_mixin.py:117} INFO - [2022-10-19T16:24:39.191+0000] {dag.py:2573} INFO - Sync 1 DAGs
[2022-10-19T16:24:39.254+0000] {logging_mixin.py:117} INFO - [2022-10-19T16:24:39.253+0000] {dag.py:3328} INFO - Setting next_dagrun for example_branch_labels to 2022-10-18T00:00:00+00:00, run_after=2022-10-19T00:00:00+00:00
[2022-10-19T16:24:39.300+0000] {processor.py:178} INFO - Processing /home/airflow/.local/lib/python3.7/site-packages/airflow/example_dags/example_branch_labels.py took 0.292 seconds
[2022-10-19T16:26:01.385+0000] {processor.py:156} INFO - Started process (PID=3084) to work on /home/airflow/.local/lib/python3.7/site-packages/airflow/example_dags/example_branch_labels.py
[2022-10-19T16:26:01.393+0000] {processor.py:758} INFO - Processing file /home/airflow/.local/lib/python3.7/site-packages/airflow/example_dags/example_branch_labels.py for tasks to queue
[2022-10-19T16:26:01.396+0000] {logging_mixin.py:117} INFO - [2022-10-19T16:26:01.396+0000] {dagbag.py:525} INFO - Filling up the DagBag from /home/airflow/.local/lib/python3.7/site-packages/airflow/example_dags/example_branch_labels.py
[2022-10-19T16:26:01.473+0000] {processor.py:768} INFO - DAG(s) dict_keys(['example_branch_labels']) retrieved from /home/airflow/.local/lib/python3.7/site-packages/airflow/example_dags/example_branch_labels.py
[2022-10-19T16:26:01.810+0000] {logging_mixin.py:117} INFO - [2022-10-19T16:26:01.808+0000] {dag.py:2573} INFO - Sync 1 DAGs
[2022-10-19T16:26:04.930+0000] {logging_mixin.py:117} INFO - [2022-10-19T16:26:04.929+0000] {dag.py:3328} INFO - Setting next_dagrun for example_branch_labels to 2022-10-18T00:00:00+00:00, run_after=2022-10-19T00:00:00+00:00
[2022-10-19T16:26:09.634+0000] {processor.py:178} INFO - Processing /home/airflow/.local/lib/python3.7/site-packages/airflow/example_dags/example_branch_labels.py took 8.261 seconds
