[2022-10-19T15:35:21.000+0000] {processor.py:156} INFO - Started process (PID=147) to work on /home/airflow/.local/lib/python3.7/site-packages/airflow/example_dags/example_kubernetes_executor.py
[2022-10-19T15:35:21.004+0000] {processor.py:758} INFO - Processing file /home/airflow/.local/lib/python3.7/site-packages/airflow/example_dags/example_kubernetes_executor.py for tasks to queue
[2022-10-19T15:35:21.007+0000] {logging_mixin.py:117} INFO - [2022-10-19T15:35:21.007+0000] {dagbag.py:525} INFO - Filling up the DagBag from /home/airflow/.local/lib/python3.7/site-packages/airflow/example_dags/example_kubernetes_executor.py
[2022-10-19T15:35:21.547+0000] {processor.py:768} INFO - DAG(s) dict_keys(['example_kubernetes_executor']) retrieved from /home/airflow/.local/lib/python3.7/site-packages/airflow/example_dags/example_kubernetes_executor.py
[2022-10-19T15:35:22.809+0000] {logging_mixin.py:117} INFO - [2022-10-19T15:35:22.804+0000] {dag.py:2573} INFO - Sync 1 DAGs
[2022-10-19T15:35:23.092+0000] {logging_mixin.py:117} INFO - [2022-10-19T15:35:23.039+0000] {dag.py:3328} INFO - Setting next_dagrun for example_kubernetes_executor to None, run_after=None
[2022-10-19T15:35:23.366+0000] {processor.py:178} INFO - Processing /home/airflow/.local/lib/python3.7/site-packages/airflow/example_dags/example_kubernetes_executor.py took 2.381 seconds
[2022-10-19T15:36:53.698+0000] {processor.py:156} INFO - Started process (PID=228) to work on /home/airflow/.local/lib/python3.7/site-packages/airflow/example_dags/example_kubernetes_executor.py
[2022-10-19T15:36:53.713+0000] {processor.py:758} INFO - Processing file /home/airflow/.local/lib/python3.7/site-packages/airflow/example_dags/example_kubernetes_executor.py for tasks to queue
[2022-10-19T15:36:53.720+0000] {logging_mixin.py:117} INFO - [2022-10-19T15:36:53.719+0000] {dagbag.py:525} INFO - Filling up the DagBag from /home/airflow/.local/lib/python3.7/site-packages/airflow/example_dags/example_kubernetes_executor.py
[2022-10-19T15:36:53.978+0000] {processor.py:768} INFO - DAG(s) dict_keys(['example_kubernetes_executor']) retrieved from /home/airflow/.local/lib/python3.7/site-packages/airflow/example_dags/example_kubernetes_executor.py
[2022-10-19T15:36:54.152+0000] {logging_mixin.py:117} INFO - [2022-10-19T15:36:54.151+0000] {dag.py:2573} INFO - Sync 1 DAGs
[2022-10-19T15:36:54.216+0000] {logging_mixin.py:117} INFO - [2022-10-19T15:36:54.215+0000] {dag.py:3328} INFO - Setting next_dagrun for example_kubernetes_executor to None, run_after=None
[2022-10-19T15:36:54.296+0000] {processor.py:178} INFO - Processing /home/airflow/.local/lib/python3.7/site-packages/airflow/example_dags/example_kubernetes_executor.py took 0.609 seconds
[2022-10-19T15:37:24.448+0000] {processor.py:156} INFO - Started process (PID=286) to work on /home/airflow/.local/lib/python3.7/site-packages/airflow/example_dags/example_kubernetes_executor.py
[2022-10-19T15:37:24.456+0000] {processor.py:758} INFO - Processing file /home/airflow/.local/lib/python3.7/site-packages/airflow/example_dags/example_kubernetes_executor.py for tasks to queue
[2022-10-19T15:37:24.459+0000] {logging_mixin.py:117} INFO - [2022-10-19T15:37:24.459+0000] {dagbag.py:525} INFO - Filling up the DagBag from /home/airflow/.local/lib/python3.7/site-packages/airflow/example_dags/example_kubernetes_executor.py
[2022-10-19T15:37:24.517+0000] {processor.py:768} INFO - DAG(s) dict_keys(['example_kubernetes_executor']) retrieved from /home/airflow/.local/lib/python3.7/site-packages/airflow/example_dags/example_kubernetes_executor.py
[2022-10-19T15:37:24.572+0000] {logging_mixin.py:117} INFO - [2022-10-19T15:37:24.571+0000] {dag.py:2573} INFO - Sync 1 DAGs
[2022-10-19T15:37:24.608+0000] {logging_mixin.py:117} INFO - [2022-10-19T15:37:24.608+0000] {dag.py:3328} INFO - Setting next_dagrun for example_kubernetes_executor to None, run_after=None
[2022-10-19T15:37:24.642+0000] {processor.py:178} INFO - Processing /home/airflow/.local/lib/python3.7/site-packages/airflow/example_dags/example_kubernetes_executor.py took 0.197 seconds
[2022-10-19T15:37:56.649+0000] {processor.py:156} INFO - Started process (PID=350) to work on /home/airflow/.local/lib/python3.7/site-packages/airflow/example_dags/example_kubernetes_executor.py
[2022-10-19T15:37:56.669+0000] {processor.py:758} INFO - Processing file /home/airflow/.local/lib/python3.7/site-packages/airflow/example_dags/example_kubernetes_executor.py for tasks to queue
[2022-10-19T15:37:56.677+0000] {logging_mixin.py:117} INFO - [2022-10-19T15:37:56.676+0000] {dagbag.py:525} INFO - Filling up the DagBag from /home/airflow/.local/lib/python3.7/site-packages/airflow/example_dags/example_kubernetes_executor.py
[2022-10-19T15:37:57.530+0000] {processor.py:768} INFO - DAG(s) dict_keys(['example_kubernetes_executor']) retrieved from /home/airflow/.local/lib/python3.7/site-packages/airflow/example_dags/example_kubernetes_executor.py
[2022-10-19T15:37:58.235+0000] {logging_mixin.py:117} INFO - [2022-10-19T15:37:58.233+0000] {dag.py:2573} INFO - Sync 1 DAGs
[2022-10-19T15:37:58.403+0000] {logging_mixin.py:117} INFO - [2022-10-19T15:37:58.403+0000] {dag.py:3328} INFO - Setting next_dagrun for example_kubernetes_executor to None, run_after=None
[2022-10-19T15:37:58.493+0000] {processor.py:178} INFO - Processing /home/airflow/.local/lib/python3.7/site-packages/airflow/example_dags/example_kubernetes_executor.py took 1.866 seconds
[2022-10-19T15:38:29.285+0000] {processor.py:156} INFO - Started process (PID=406) to work on /home/airflow/.local/lib/python3.7/site-packages/airflow/example_dags/example_kubernetes_executor.py
[2022-10-19T15:38:29.293+0000] {processor.py:758} INFO - Processing file /home/airflow/.local/lib/python3.7/site-packages/airflow/example_dags/example_kubernetes_executor.py for tasks to queue
[2022-10-19T15:38:29.296+0000] {logging_mixin.py:117} INFO - [2022-10-19T15:38:29.296+0000] {dagbag.py:525} INFO - Filling up the DagBag from /home/airflow/.local/lib/python3.7/site-packages/airflow/example_dags/example_kubernetes_executor.py
[2022-10-19T15:38:29.372+0000] {processor.py:768} INFO - DAG(s) dict_keys(['example_kubernetes_executor']) retrieved from /home/airflow/.local/lib/python3.7/site-packages/airflow/example_dags/example_kubernetes_executor.py
[2022-10-19T15:38:29.460+0000] {logging_mixin.py:117} INFO - [2022-10-19T15:38:29.460+0000] {dag.py:2573} INFO - Sync 1 DAGs
[2022-10-19T15:38:29.500+0000] {logging_mixin.py:117} INFO - [2022-10-19T15:38:29.500+0000] {dag.py:3328} INFO - Setting next_dagrun for example_kubernetes_executor to None, run_after=None
[2022-10-19T15:38:29.532+0000] {processor.py:178} INFO - Processing /home/airflow/.local/lib/python3.7/site-packages/airflow/example_dags/example_kubernetes_executor.py took 0.269 seconds
[2022-10-19T15:39:01.035+0000] {processor.py:156} INFO - Started process (PID=461) to work on /home/airflow/.local/lib/python3.7/site-packages/airflow/example_dags/example_kubernetes_executor.py
[2022-10-19T15:39:01.059+0000] {processor.py:758} INFO - Processing file /home/airflow/.local/lib/python3.7/site-packages/airflow/example_dags/example_kubernetes_executor.py for tasks to queue
[2022-10-19T15:39:01.076+0000] {logging_mixin.py:117} INFO - [2022-10-19T15:39:01.075+0000] {dagbag.py:525} INFO - Filling up the DagBag from /home/airflow/.local/lib/python3.7/site-packages/airflow/example_dags/example_kubernetes_executor.py
[2022-10-19T15:39:01.437+0000] {processor.py:768} INFO - DAG(s) dict_keys(['example_kubernetes_executor']) retrieved from /home/airflow/.local/lib/python3.7/site-packages/airflow/example_dags/example_kubernetes_executor.py
[2022-10-19T15:39:01.671+0000] {logging_mixin.py:117} INFO - [2022-10-19T15:39:01.670+0000] {dag.py:2573} INFO - Sync 1 DAGs
[2022-10-19T15:39:01.756+0000] {logging_mixin.py:117} INFO - [2022-10-19T15:39:01.756+0000] {dag.py:3328} INFO - Setting next_dagrun for example_kubernetes_executor to None, run_after=None
[2022-10-19T15:39:01.894+0000] {processor.py:178} INFO - Processing /home/airflow/.local/lib/python3.7/site-packages/airflow/example_dags/example_kubernetes_executor.py took 0.861 seconds
[2022-10-19T15:39:53.803+0000] {processor.py:156} INFO - Started process (PID=536) to work on /home/airflow/.local/lib/python3.7/site-packages/airflow/example_dags/example_kubernetes_executor.py
[2022-10-19T15:39:53.819+0000] {processor.py:758} INFO - Processing file /home/airflow/.local/lib/python3.7/site-packages/airflow/example_dags/example_kubernetes_executor.py for tasks to queue
[2022-10-19T15:39:53.822+0000] {logging_mixin.py:117} INFO - [2022-10-19T15:39:53.821+0000] {dagbag.py:525} INFO - Filling up the DagBag from /home/airflow/.local/lib/python3.7/site-packages/airflow/example_dags/example_kubernetes_executor.py
[2022-10-19T15:39:53.880+0000] {processor.py:768} INFO - DAG(s) dict_keys(['example_kubernetes_executor']) retrieved from /home/airflow/.local/lib/python3.7/site-packages/airflow/example_dags/example_kubernetes_executor.py
[2022-10-19T15:39:53.956+0000] {logging_mixin.py:117} INFO - [2022-10-19T15:39:53.956+0000] {dag.py:2573} INFO - Sync 1 DAGs
[2022-10-19T15:39:53.994+0000] {logging_mixin.py:117} INFO - [2022-10-19T15:39:53.994+0000] {dag.py:3328} INFO - Setting next_dagrun for example_kubernetes_executor to None, run_after=None
[2022-10-19T15:39:54.016+0000] {processor.py:178} INFO - Processing /home/airflow/.local/lib/python3.7/site-packages/airflow/example_dags/example_kubernetes_executor.py took 0.224 seconds
[2022-10-19T15:40:24.438+0000] {processor.py:156} INFO - Started process (PID=592) to work on /home/airflow/.local/lib/python3.7/site-packages/airflow/example_dags/example_kubernetes_executor.py
[2022-10-19T15:40:24.440+0000] {processor.py:758} INFO - Processing file /home/airflow/.local/lib/python3.7/site-packages/airflow/example_dags/example_kubernetes_executor.py for tasks to queue
[2022-10-19T15:40:24.441+0000] {logging_mixin.py:117} INFO - [2022-10-19T15:40:24.441+0000] {dagbag.py:525} INFO - Filling up the DagBag from /home/airflow/.local/lib/python3.7/site-packages/airflow/example_dags/example_kubernetes_executor.py
[2022-10-19T15:40:24.470+0000] {processor.py:768} INFO - DAG(s) dict_keys(['example_kubernetes_executor']) retrieved from /home/airflow/.local/lib/python3.7/site-packages/airflow/example_dags/example_kubernetes_executor.py
[2022-10-19T15:40:24.532+0000] {logging_mixin.py:117} INFO - [2022-10-19T15:40:24.531+0000] {dag.py:2573} INFO - Sync 1 DAGs
[2022-10-19T15:40:24.557+0000] {logging_mixin.py:117} INFO - [2022-10-19T15:40:24.557+0000] {dag.py:3328} INFO - Setting next_dagrun for example_kubernetes_executor to None, run_after=None
[2022-10-19T15:40:24.579+0000] {processor.py:178} INFO - Processing /home/airflow/.local/lib/python3.7/site-packages/airflow/example_dags/example_kubernetes_executor.py took 0.143 seconds
[2022-10-19T15:40:54.610+0000] {processor.py:156} INFO - Started process (PID=657) to work on /home/airflow/.local/lib/python3.7/site-packages/airflow/example_dags/example_kubernetes_executor.py
[2022-10-19T15:40:54.611+0000] {processor.py:758} INFO - Processing file /home/airflow/.local/lib/python3.7/site-packages/airflow/example_dags/example_kubernetes_executor.py for tasks to queue
[2022-10-19T15:40:54.613+0000] {logging_mixin.py:117} INFO - [2022-10-19T15:40:54.613+0000] {dagbag.py:525} INFO - Filling up the DagBag from /home/airflow/.local/lib/python3.7/site-packages/airflow/example_dags/example_kubernetes_executor.py
[2022-10-19T15:40:54.663+0000] {processor.py:768} INFO - DAG(s) dict_keys(['example_kubernetes_executor']) retrieved from /home/airflow/.local/lib/python3.7/site-packages/airflow/example_dags/example_kubernetes_executor.py
[2022-10-19T15:40:54.742+0000] {logging_mixin.py:117} INFO - [2022-10-19T15:40:54.742+0000] {dag.py:2573} INFO - Sync 1 DAGs
[2022-10-19T15:40:54.768+0000] {logging_mixin.py:117} INFO - [2022-10-19T15:40:54.768+0000] {dag.py:3328} INFO - Setting next_dagrun for example_kubernetes_executor to None, run_after=None
[2022-10-19T15:40:54.809+0000] {processor.py:178} INFO - Processing /home/airflow/.local/lib/python3.7/site-packages/airflow/example_dags/example_kubernetes_executor.py took 0.202 seconds
[2022-10-19T15:41:25.192+0000] {processor.py:156} INFO - Started process (PID=723) to work on /home/airflow/.local/lib/python3.7/site-packages/airflow/example_dags/example_kubernetes_executor.py
[2022-10-19T15:41:25.196+0000] {processor.py:758} INFO - Processing file /home/airflow/.local/lib/python3.7/site-packages/airflow/example_dags/example_kubernetes_executor.py for tasks to queue
[2022-10-19T15:41:25.198+0000] {logging_mixin.py:117} INFO - [2022-10-19T15:41:25.198+0000] {dagbag.py:525} INFO - Filling up the DagBag from /home/airflow/.local/lib/python3.7/site-packages/airflow/example_dags/example_kubernetes_executor.py
[2022-10-19T15:41:25.231+0000] {processor.py:768} INFO - DAG(s) dict_keys(['example_kubernetes_executor']) retrieved from /home/airflow/.local/lib/python3.7/site-packages/airflow/example_dags/example_kubernetes_executor.py
[2022-10-19T15:41:25.285+0000] {logging_mixin.py:117} INFO - [2022-10-19T15:41:25.285+0000] {dag.py:2573} INFO - Sync 1 DAGs
[2022-10-19T15:41:25.312+0000] {logging_mixin.py:117} INFO - [2022-10-19T15:41:25.312+0000] {dag.py:3328} INFO - Setting next_dagrun for example_kubernetes_executor to None, run_after=None
[2022-10-19T15:41:25.329+0000] {processor.py:178} INFO - Processing /home/airflow/.local/lib/python3.7/site-packages/airflow/example_dags/example_kubernetes_executor.py took 0.140 seconds
[2022-10-19T15:41:55.873+0000] {processor.py:156} INFO - Started process (PID=779) to work on /home/airflow/.local/lib/python3.7/site-packages/airflow/example_dags/example_kubernetes_executor.py
[2022-10-19T15:41:55.875+0000] {processor.py:758} INFO - Processing file /home/airflow/.local/lib/python3.7/site-packages/airflow/example_dags/example_kubernetes_executor.py for tasks to queue
[2022-10-19T15:41:55.876+0000] {logging_mixin.py:117} INFO - [2022-10-19T15:41:55.876+0000] {dagbag.py:525} INFO - Filling up the DagBag from /home/airflow/.local/lib/python3.7/site-packages/airflow/example_dags/example_kubernetes_executor.py
[2022-10-19T15:41:55.900+0000] {processor.py:768} INFO - DAG(s) dict_keys(['example_kubernetes_executor']) retrieved from /home/airflow/.local/lib/python3.7/site-packages/airflow/example_dags/example_kubernetes_executor.py
[2022-10-19T15:41:55.932+0000] {logging_mixin.py:117} INFO - [2022-10-19T15:41:55.932+0000] {dag.py:2573} INFO - Sync 1 DAGs
[2022-10-19T15:41:55.948+0000] {logging_mixin.py:117} INFO - [2022-10-19T15:41:55.947+0000] {dag.py:3328} INFO - Setting next_dagrun for example_kubernetes_executor to None, run_after=None
[2022-10-19T15:41:55.962+0000] {processor.py:178} INFO - Processing /home/airflow/.local/lib/python3.7/site-packages/airflow/example_dags/example_kubernetes_executor.py took 0.091 seconds
[2022-10-19T15:42:26.297+0000] {processor.py:156} INFO - Started process (PID=844) to work on /home/airflow/.local/lib/python3.7/site-packages/airflow/example_dags/example_kubernetes_executor.py
[2022-10-19T15:42:26.300+0000] {processor.py:758} INFO - Processing file /home/airflow/.local/lib/python3.7/site-packages/airflow/example_dags/example_kubernetes_executor.py for tasks to queue
[2022-10-19T15:42:26.301+0000] {logging_mixin.py:117} INFO - [2022-10-19T15:42:26.301+0000] {dagbag.py:525} INFO - Filling up the DagBag from /home/airflow/.local/lib/python3.7/site-packages/airflow/example_dags/example_kubernetes_executor.py
[2022-10-19T15:42:26.338+0000] {processor.py:768} INFO - DAG(s) dict_keys(['example_kubernetes_executor']) retrieved from /home/airflow/.local/lib/python3.7/site-packages/airflow/example_dags/example_kubernetes_executor.py
[2022-10-19T15:42:26.382+0000] {logging_mixin.py:117} INFO - [2022-10-19T15:42:26.382+0000] {dag.py:2573} INFO - Sync 1 DAGs
[2022-10-19T15:42:26.406+0000] {logging_mixin.py:117} INFO - [2022-10-19T15:42:26.405+0000] {dag.py:3328} INFO - Setting next_dagrun for example_kubernetes_executor to None, run_after=None
[2022-10-19T15:42:26.431+0000] {processor.py:178} INFO - Processing /home/airflow/.local/lib/python3.7/site-packages/airflow/example_dags/example_kubernetes_executor.py took 0.138 seconds
[2022-10-19T15:42:57.393+0000] {processor.py:156} INFO - Started process (PID=910) to work on /home/airflow/.local/lib/python3.7/site-packages/airflow/example_dags/example_kubernetes_executor.py
[2022-10-19T15:42:57.394+0000] {processor.py:758} INFO - Processing file /home/airflow/.local/lib/python3.7/site-packages/airflow/example_dags/example_kubernetes_executor.py for tasks to queue
[2022-10-19T15:42:57.395+0000] {logging_mixin.py:117} INFO - [2022-10-19T15:42:57.395+0000] {dagbag.py:525} INFO - Filling up the DagBag from /home/airflow/.local/lib/python3.7/site-packages/airflow/example_dags/example_kubernetes_executor.py
[2022-10-19T15:42:57.421+0000] {processor.py:768} INFO - DAG(s) dict_keys(['example_kubernetes_executor']) retrieved from /home/airflow/.local/lib/python3.7/site-packages/airflow/example_dags/example_kubernetes_executor.py
[2022-10-19T15:42:57.462+0000] {logging_mixin.py:117} INFO - [2022-10-19T15:42:57.462+0000] {dag.py:2573} INFO - Sync 1 DAGs
[2022-10-19T15:42:57.479+0000] {logging_mixin.py:117} INFO - [2022-10-19T15:42:57.479+0000] {dag.py:3328} INFO - Setting next_dagrun for example_kubernetes_executor to None, run_after=None
[2022-10-19T15:42:57.494+0000] {processor.py:178} INFO - Processing /home/airflow/.local/lib/python3.7/site-packages/airflow/example_dags/example_kubernetes_executor.py took 0.104 seconds
[2022-10-19T15:43:28.038+0000] {processor.py:156} INFO - Started process (PID=975) to work on /home/airflow/.local/lib/python3.7/site-packages/airflow/example_dags/example_kubernetes_executor.py
[2022-10-19T15:43:28.041+0000] {processor.py:758} INFO - Processing file /home/airflow/.local/lib/python3.7/site-packages/airflow/example_dags/example_kubernetes_executor.py for tasks to queue
[2022-10-19T15:43:28.043+0000] {logging_mixin.py:117} INFO - [2022-10-19T15:43:28.042+0000] {dagbag.py:525} INFO - Filling up the DagBag from /home/airflow/.local/lib/python3.7/site-packages/airflow/example_dags/example_kubernetes_executor.py
[2022-10-19T15:43:28.079+0000] {processor.py:768} INFO - DAG(s) dict_keys(['example_kubernetes_executor']) retrieved from /home/airflow/.local/lib/python3.7/site-packages/airflow/example_dags/example_kubernetes_executor.py
[2022-10-19T15:43:28.123+0000] {logging_mixin.py:117} INFO - [2022-10-19T15:43:28.123+0000] {dag.py:2573} INFO - Sync 1 DAGs
[2022-10-19T15:43:28.156+0000] {logging_mixin.py:117} INFO - [2022-10-19T15:43:28.156+0000] {dag.py:3328} INFO - Setting next_dagrun for example_kubernetes_executor to None, run_after=None
[2022-10-19T15:43:28.176+0000] {processor.py:178} INFO - Processing /home/airflow/.local/lib/python3.7/site-packages/airflow/example_dags/example_kubernetes_executor.py took 0.143 seconds
[2022-10-19T15:44:46.071+0000] {processor.py:156} INFO - Started process (PID=1042) to work on /home/airflow/.local/lib/python3.7/site-packages/airflow/example_dags/example_kubernetes_executor.py
[2022-10-19T15:44:46.088+0000] {processor.py:758} INFO - Processing file /home/airflow/.local/lib/python3.7/site-packages/airflow/example_dags/example_kubernetes_executor.py for tasks to queue
[2022-10-19T15:44:46.091+0000] {logging_mixin.py:117} INFO - [2022-10-19T15:44:46.091+0000] {dagbag.py:525} INFO - Filling up the DagBag from /home/airflow/.local/lib/python3.7/site-packages/airflow/example_dags/example_kubernetes_executor.py
[2022-10-19T15:44:46.400+0000] {processor.py:768} INFO - DAG(s) dict_keys(['example_kubernetes_executor']) retrieved from /home/airflow/.local/lib/python3.7/site-packages/airflow/example_dags/example_kubernetes_executor.py
[2022-10-19T15:44:46.532+0000] {logging_mixin.py:117} INFO - [2022-10-19T15:44:46.532+0000] {dag.py:2573} INFO - Sync 1 DAGs
[2022-10-19T15:44:46.566+0000] {logging_mixin.py:117} INFO - [2022-10-19T15:44:46.566+0000] {dag.py:3328} INFO - Setting next_dagrun for example_kubernetes_executor to None, run_after=None
[2022-10-19T15:44:46.621+0000] {processor.py:178} INFO - Processing /home/airflow/.local/lib/python3.7/site-packages/airflow/example_dags/example_kubernetes_executor.py took 0.685 seconds
[2022-10-19T15:45:18.897+0000] {processor.py:156} INFO - Started process (PID=1098) to work on /home/airflow/.local/lib/python3.7/site-packages/airflow/example_dags/example_kubernetes_executor.py
[2022-10-19T15:45:18.904+0000] {processor.py:758} INFO - Processing file /home/airflow/.local/lib/python3.7/site-packages/airflow/example_dags/example_kubernetes_executor.py for tasks to queue
[2022-10-19T15:45:18.906+0000] {logging_mixin.py:117} INFO - [2022-10-19T15:45:18.906+0000] {dagbag.py:525} INFO - Filling up the DagBag from /home/airflow/.local/lib/python3.7/site-packages/airflow/example_dags/example_kubernetes_executor.py
[2022-10-19T15:45:18.997+0000] {processor.py:768} INFO - DAG(s) dict_keys(['example_kubernetes_executor']) retrieved from /home/airflow/.local/lib/python3.7/site-packages/airflow/example_dags/example_kubernetes_executor.py
[2022-10-19T15:45:19.169+0000] {logging_mixin.py:117} INFO - [2022-10-19T15:45:19.168+0000] {dag.py:2573} INFO - Sync 1 DAGs
[2022-10-19T15:45:19.289+0000] {logging_mixin.py:117} INFO - [2022-10-19T15:45:19.289+0000] {dag.py:3328} INFO - Setting next_dagrun for example_kubernetes_executor to None, run_after=None
[2022-10-19T15:45:19.376+0000] {processor.py:178} INFO - Processing /home/airflow/.local/lib/python3.7/site-packages/airflow/example_dags/example_kubernetes_executor.py took 0.482 seconds
[2022-10-19T15:46:34.182+0000] {processor.py:156} INFO - Started process (PID=1162) to work on /home/airflow/.local/lib/python3.7/site-packages/airflow/example_dags/example_kubernetes_executor.py
[2022-10-19T15:46:34.221+0000] {processor.py:758} INFO - Processing file /home/airflow/.local/lib/python3.7/site-packages/airflow/example_dags/example_kubernetes_executor.py for tasks to queue
[2022-10-19T15:46:34.235+0000] {logging_mixin.py:117} INFO - [2022-10-19T15:46:34.235+0000] {dagbag.py:525} INFO - Filling up the DagBag from /home/airflow/.local/lib/python3.7/site-packages/airflow/example_dags/example_kubernetes_executor.py
[2022-10-19T15:46:34.648+0000] {processor.py:768} INFO - DAG(s) dict_keys(['example_kubernetes_executor']) retrieved from /home/airflow/.local/lib/python3.7/site-packages/airflow/example_dags/example_kubernetes_executor.py
[2022-10-19T15:46:35.811+0000] {logging_mixin.py:117} INFO - [2022-10-19T15:46:35.810+0000] {dag.py:2573} INFO - Sync 1 DAGs
[2022-10-19T15:46:36.207+0000] {logging_mixin.py:117} INFO - [2022-10-19T15:46:36.197+0000] {dag.py:3328} INFO - Setting next_dagrun for example_kubernetes_executor to None, run_after=None
[2022-10-19T15:46:36.316+0000] {processor.py:178} INFO - Processing /home/airflow/.local/lib/python3.7/site-packages/airflow/example_dags/example_kubernetes_executor.py took 2.214 seconds
[2022-10-19T15:47:06.954+0000] {processor.py:156} INFO - Started process (PID=1217) to work on /home/airflow/.local/lib/python3.7/site-packages/airflow/example_dags/example_kubernetes_executor.py
[2022-10-19T15:47:06.967+0000] {processor.py:758} INFO - Processing file /home/airflow/.local/lib/python3.7/site-packages/airflow/example_dags/example_kubernetes_executor.py for tasks to queue
[2022-10-19T15:47:06.974+0000] {logging_mixin.py:117} INFO - [2022-10-19T15:47:06.973+0000] {dagbag.py:525} INFO - Filling up the DagBag from /home/airflow/.local/lib/python3.7/site-packages/airflow/example_dags/example_kubernetes_executor.py
[2022-10-19T15:47:07.125+0000] {processor.py:768} INFO - DAG(s) dict_keys(['example_kubernetes_executor']) retrieved from /home/airflow/.local/lib/python3.7/site-packages/airflow/example_dags/example_kubernetes_executor.py
[2022-10-19T15:47:07.209+0000] {logging_mixin.py:117} INFO - [2022-10-19T15:47:07.209+0000] {dag.py:2573} INFO - Sync 1 DAGs
[2022-10-19T15:47:07.239+0000] {logging_mixin.py:117} INFO - [2022-10-19T15:47:07.239+0000] {dag.py:3328} INFO - Setting next_dagrun for example_kubernetes_executor to None, run_after=None
[2022-10-19T15:47:07.270+0000] {processor.py:178} INFO - Processing /home/airflow/.local/lib/python3.7/site-packages/airflow/example_dags/example_kubernetes_executor.py took 0.637 seconds
[2022-10-19T15:47:37.603+0000] {processor.py:156} INFO - Started process (PID=1282) to work on /home/airflow/.local/lib/python3.7/site-packages/airflow/example_dags/example_kubernetes_executor.py
[2022-10-19T15:47:37.609+0000] {processor.py:758} INFO - Processing file /home/airflow/.local/lib/python3.7/site-packages/airflow/example_dags/example_kubernetes_executor.py for tasks to queue
[2022-10-19T15:47:37.617+0000] {logging_mixin.py:117} INFO - [2022-10-19T15:47:37.617+0000] {dagbag.py:525} INFO - Filling up the DagBag from /home/airflow/.local/lib/python3.7/site-packages/airflow/example_dags/example_kubernetes_executor.py
[2022-10-19T15:47:37.738+0000] {processor.py:768} INFO - DAG(s) dict_keys(['example_kubernetes_executor']) retrieved from /home/airflow/.local/lib/python3.7/site-packages/airflow/example_dags/example_kubernetes_executor.py
[2022-10-19T15:47:38.064+0000] {logging_mixin.py:117} INFO - [2022-10-19T15:47:38.063+0000] {dag.py:2573} INFO - Sync 1 DAGs
[2022-10-19T15:47:38.281+0000] {logging_mixin.py:117} INFO - [2022-10-19T15:47:38.281+0000] {dag.py:3328} INFO - Setting next_dagrun for example_kubernetes_executor to None, run_after=None
[2022-10-19T15:47:38.429+0000] {processor.py:178} INFO - Processing /home/airflow/.local/lib/python3.7/site-packages/airflow/example_dags/example_kubernetes_executor.py took 0.848 seconds
[2022-10-19T15:48:09.251+0000] {processor.py:156} INFO - Started process (PID=1338) to work on /home/airflow/.local/lib/python3.7/site-packages/airflow/example_dags/example_kubernetes_executor.py
[2022-10-19T15:48:09.261+0000] {processor.py:758} INFO - Processing file /home/airflow/.local/lib/python3.7/site-packages/airflow/example_dags/example_kubernetes_executor.py for tasks to queue
[2022-10-19T15:48:09.269+0000] {logging_mixin.py:117} INFO - [2022-10-19T15:48:09.267+0000] {dagbag.py:525} INFO - Filling up the DagBag from /home/airflow/.local/lib/python3.7/site-packages/airflow/example_dags/example_kubernetes_executor.py
[2022-10-19T15:48:09.437+0000] {processor.py:768} INFO - DAG(s) dict_keys(['example_kubernetes_executor']) retrieved from /home/airflow/.local/lib/python3.7/site-packages/airflow/example_dags/example_kubernetes_executor.py
[2022-10-19T15:48:09.870+0000] {logging_mixin.py:117} INFO - [2022-10-19T15:48:09.870+0000] {dag.py:2573} INFO - Sync 1 DAGs
[2022-10-19T15:48:09.911+0000] {logging_mixin.py:117} INFO - [2022-10-19T15:48:09.911+0000] {dag.py:3328} INFO - Setting next_dagrun for example_kubernetes_executor to None, run_after=None
[2022-10-19T15:48:09.955+0000] {processor.py:178} INFO - Processing /home/airflow/.local/lib/python3.7/site-packages/airflow/example_dags/example_kubernetes_executor.py took 0.714 seconds
[2022-10-19T15:51:30.732+0000] {processor.py:156} INFO - Started process (PID=1474) to work on /home/airflow/.local/lib/python3.7/site-packages/airflow/example_dags/example_kubernetes_executor.py
[2022-10-19T15:51:30.735+0000] {processor.py:758} INFO - Processing file /home/airflow/.local/lib/python3.7/site-packages/airflow/example_dags/example_kubernetes_executor.py for tasks to queue
[2022-10-19T15:51:30.736+0000] {logging_mixin.py:117} INFO - [2022-10-19T15:51:30.736+0000] {dagbag.py:525} INFO - Filling up the DagBag from /home/airflow/.local/lib/python3.7/site-packages/airflow/example_dags/example_kubernetes_executor.py
[2022-10-19T15:51:30.785+0000] {processor.py:768} INFO - DAG(s) dict_keys(['example_kubernetes_executor']) retrieved from /home/airflow/.local/lib/python3.7/site-packages/airflow/example_dags/example_kubernetes_executor.py
[2022-10-19T15:51:30.844+0000] {logging_mixin.py:117} INFO - [2022-10-19T15:51:30.844+0000] {dag.py:2573} INFO - Sync 1 DAGs
[2022-10-19T15:51:30.862+0000] {logging_mixin.py:117} INFO - [2022-10-19T15:51:30.862+0000] {dag.py:3328} INFO - Setting next_dagrun for example_kubernetes_executor to None, run_after=None
[2022-10-19T15:51:30.884+0000] {processor.py:178} INFO - Processing /home/airflow/.local/lib/python3.7/site-packages/airflow/example_dags/example_kubernetes_executor.py took 0.156 seconds
[2022-10-19T15:59:15.921+0000] {processor.py:156} INFO - Started process (PID=121) to work on /home/airflow/.local/lib/python3.7/site-packages/airflow/example_dags/example_kubernetes_executor.py
[2022-10-19T15:59:15.923+0000] {processor.py:758} INFO - Processing file /home/airflow/.local/lib/python3.7/site-packages/airflow/example_dags/example_kubernetes_executor.py for tasks to queue
[2022-10-19T15:59:15.924+0000] {logging_mixin.py:117} INFO - [2022-10-19T15:59:15.924+0000] {dagbag.py:525} INFO - Filling up the DagBag from /home/airflow/.local/lib/python3.7/site-packages/airflow/example_dags/example_kubernetes_executor.py
[2022-10-19T15:59:15.974+0000] {processor.py:768} INFO - DAG(s) dict_keys(['example_kubernetes_executor']) retrieved from /home/airflow/.local/lib/python3.7/site-packages/airflow/example_dags/example_kubernetes_executor.py
[2022-10-19T15:59:16.024+0000] {logging_mixin.py:117} INFO - [2022-10-19T15:59:16.024+0000] {dag.py:2573} INFO - Sync 1 DAGs
[2022-10-19T15:59:16.045+0000] {logging_mixin.py:117} INFO - [2022-10-19T15:59:16.045+0000] {dag.py:3328} INFO - Setting next_dagrun for example_kubernetes_executor to None, run_after=None
[2022-10-19T15:59:16.057+0000] {processor.py:178} INFO - Processing /home/airflow/.local/lib/python3.7/site-packages/airflow/example_dags/example_kubernetes_executor.py took 0.138 seconds
[2022-10-19T15:59:47.405+0000] {processor.py:156} INFO - Started process (PID=186) to work on /home/airflow/.local/lib/python3.7/site-packages/airflow/example_dags/example_kubernetes_executor.py
[2022-10-19T15:59:47.408+0000] {processor.py:758} INFO - Processing file /home/airflow/.local/lib/python3.7/site-packages/airflow/example_dags/example_kubernetes_executor.py for tasks to queue
[2022-10-19T15:59:47.410+0000] {logging_mixin.py:117} INFO - [2022-10-19T15:59:47.410+0000] {dagbag.py:525} INFO - Filling up the DagBag from /home/airflow/.local/lib/python3.7/site-packages/airflow/example_dags/example_kubernetes_executor.py
[2022-10-19T15:59:47.466+0000] {processor.py:768} INFO - DAG(s) dict_keys(['example_kubernetes_executor']) retrieved from /home/airflow/.local/lib/python3.7/site-packages/airflow/example_dags/example_kubernetes_executor.py
[2022-10-19T15:59:47.516+0000] {logging_mixin.py:117} INFO - [2022-10-19T15:59:47.516+0000] {dag.py:2573} INFO - Sync 1 DAGs
[2022-10-19T15:59:47.545+0000] {logging_mixin.py:117} INFO - [2022-10-19T15:59:47.545+0000] {dag.py:3328} INFO - Setting next_dagrun for example_kubernetes_executor to None, run_after=None
[2022-10-19T15:59:47.568+0000] {processor.py:178} INFO - Processing /home/airflow/.local/lib/python3.7/site-packages/airflow/example_dags/example_kubernetes_executor.py took 0.167 seconds
[2022-10-19T16:00:20.788+0000] {processor.py:156} INFO - Started process (PID=249) to work on /home/airflow/.local/lib/python3.7/site-packages/airflow/example_dags/example_kubernetes_executor.py
[2022-10-19T16:00:20.793+0000] {processor.py:758} INFO - Processing file /home/airflow/.local/lib/python3.7/site-packages/airflow/example_dags/example_kubernetes_executor.py for tasks to queue
[2022-10-19T16:00:20.800+0000] {logging_mixin.py:117} INFO - [2022-10-19T16:00:20.799+0000] {dagbag.py:525} INFO - Filling up the DagBag from /home/airflow/.local/lib/python3.7/site-packages/airflow/example_dags/example_kubernetes_executor.py
[2022-10-19T16:00:20.866+0000] {processor.py:768} INFO - DAG(s) dict_keys(['example_kubernetes_executor']) retrieved from /home/airflow/.local/lib/python3.7/site-packages/airflow/example_dags/example_kubernetes_executor.py
[2022-10-19T16:00:20.922+0000] {logging_mixin.py:117} INFO - [2022-10-19T16:00:20.922+0000] {dag.py:2573} INFO - Sync 1 DAGs
[2022-10-19T16:00:20.981+0000] {logging_mixin.py:117} INFO - [2022-10-19T16:00:20.981+0000] {dag.py:3328} INFO - Setting next_dagrun for example_kubernetes_executor to None, run_after=None
[2022-10-19T16:00:21.102+0000] {processor.py:178} INFO - Processing /home/airflow/.local/lib/python3.7/site-packages/airflow/example_dags/example_kubernetes_executor.py took 0.316 seconds
[2022-10-19T16:00:51.184+0000] {processor.py:156} INFO - Started process (PID=307) to work on /home/airflow/.local/lib/python3.7/site-packages/airflow/example_dags/example_kubernetes_executor.py
[2022-10-19T16:00:51.186+0000] {processor.py:758} INFO - Processing file /home/airflow/.local/lib/python3.7/site-packages/airflow/example_dags/example_kubernetes_executor.py for tasks to queue
[2022-10-19T16:00:51.189+0000] {logging_mixin.py:117} INFO - [2022-10-19T16:00:51.189+0000] {dagbag.py:525} INFO - Filling up the DagBag from /home/airflow/.local/lib/python3.7/site-packages/airflow/example_dags/example_kubernetes_executor.py
[2022-10-19T16:00:51.220+0000] {processor.py:768} INFO - DAG(s) dict_keys(['example_kubernetes_executor']) retrieved from /home/airflow/.local/lib/python3.7/site-packages/airflow/example_dags/example_kubernetes_executor.py
[2022-10-19T16:00:51.255+0000] {logging_mixin.py:117} INFO - [2022-10-19T16:00:51.255+0000] {dag.py:2573} INFO - Sync 1 DAGs
[2022-10-19T16:00:51.274+0000] {logging_mixin.py:117} INFO - [2022-10-19T16:00:51.274+0000] {dag.py:3328} INFO - Setting next_dagrun for example_kubernetes_executor to None, run_after=None
[2022-10-19T16:00:51.290+0000] {processor.py:178} INFO - Processing /home/airflow/.local/lib/python3.7/site-packages/airflow/example_dags/example_kubernetes_executor.py took 0.109 seconds
[2022-10-19T16:01:22.544+0000] {processor.py:156} INFO - Started process (PID=372) to work on /home/airflow/.local/lib/python3.7/site-packages/airflow/example_dags/example_kubernetes_executor.py
[2022-10-19T16:01:22.546+0000] {processor.py:758} INFO - Processing file /home/airflow/.local/lib/python3.7/site-packages/airflow/example_dags/example_kubernetes_executor.py for tasks to queue
[2022-10-19T16:01:22.550+0000] {logging_mixin.py:117} INFO - [2022-10-19T16:01:22.550+0000] {dagbag.py:525} INFO - Filling up the DagBag from /home/airflow/.local/lib/python3.7/site-packages/airflow/example_dags/example_kubernetes_executor.py
[2022-10-19T16:01:22.587+0000] {processor.py:768} INFO - DAG(s) dict_keys(['example_kubernetes_executor']) retrieved from /home/airflow/.local/lib/python3.7/site-packages/airflow/example_dags/example_kubernetes_executor.py
[2022-10-19T16:01:22.629+0000] {logging_mixin.py:117} INFO - [2022-10-19T16:01:22.629+0000] {dag.py:2573} INFO - Sync 1 DAGs
[2022-10-19T16:01:22.647+0000] {logging_mixin.py:117} INFO - [2022-10-19T16:01:22.647+0000] {dag.py:3328} INFO - Setting next_dagrun for example_kubernetes_executor to None, run_after=None
[2022-10-19T16:01:22.666+0000] {processor.py:178} INFO - Processing /home/airflow/.local/lib/python3.7/site-packages/airflow/example_dags/example_kubernetes_executor.py took 0.125 seconds
[2022-10-19T16:01:53.242+0000] {processor.py:156} INFO - Started process (PID=438) to work on /home/airflow/.local/lib/python3.7/site-packages/airflow/example_dags/example_kubernetes_executor.py
[2022-10-19T16:01:53.246+0000] {processor.py:758} INFO - Processing file /home/airflow/.local/lib/python3.7/site-packages/airflow/example_dags/example_kubernetes_executor.py for tasks to queue
[2022-10-19T16:01:53.248+0000] {logging_mixin.py:117} INFO - [2022-10-19T16:01:53.248+0000] {dagbag.py:525} INFO - Filling up the DagBag from /home/airflow/.local/lib/python3.7/site-packages/airflow/example_dags/example_kubernetes_executor.py
[2022-10-19T16:01:53.289+0000] {processor.py:768} INFO - DAG(s) dict_keys(['example_kubernetes_executor']) retrieved from /home/airflow/.local/lib/python3.7/site-packages/airflow/example_dags/example_kubernetes_executor.py
[2022-10-19T16:01:53.344+0000] {logging_mixin.py:117} INFO - [2022-10-19T16:01:53.344+0000] {dag.py:2573} INFO - Sync 1 DAGs
[2022-10-19T16:01:53.368+0000] {logging_mixin.py:117} INFO - [2022-10-19T16:01:53.368+0000] {dag.py:3328} INFO - Setting next_dagrun for example_kubernetes_executor to None, run_after=None
[2022-10-19T16:01:53.385+0000] {processor.py:178} INFO - Processing /home/airflow/.local/lib/python3.7/site-packages/airflow/example_dags/example_kubernetes_executor.py took 0.148 seconds
[2022-10-19T16:02:24.040+0000] {processor.py:156} INFO - Started process (PID=494) to work on /home/airflow/.local/lib/python3.7/site-packages/airflow/example_dags/example_kubernetes_executor.py
[2022-10-19T16:02:24.042+0000] {processor.py:758} INFO - Processing file /home/airflow/.local/lib/python3.7/site-packages/airflow/example_dags/example_kubernetes_executor.py for tasks to queue
[2022-10-19T16:02:24.043+0000] {logging_mixin.py:117} INFO - [2022-10-19T16:02:24.043+0000] {dagbag.py:525} INFO - Filling up the DagBag from /home/airflow/.local/lib/python3.7/site-packages/airflow/example_dags/example_kubernetes_executor.py
[2022-10-19T16:02:24.065+0000] {processor.py:768} INFO - DAG(s) dict_keys(['example_kubernetes_executor']) retrieved from /home/airflow/.local/lib/python3.7/site-packages/airflow/example_dags/example_kubernetes_executor.py
[2022-10-19T16:02:24.094+0000] {logging_mixin.py:117} INFO - [2022-10-19T16:02:24.093+0000] {dag.py:2573} INFO - Sync 1 DAGs
[2022-10-19T16:02:24.109+0000] {logging_mixin.py:117} INFO - [2022-10-19T16:02:24.109+0000] {dag.py:3328} INFO - Setting next_dagrun for example_kubernetes_executor to None, run_after=None
[2022-10-19T16:02:24.121+0000] {processor.py:178} INFO - Processing /home/airflow/.local/lib/python3.7/site-packages/airflow/example_dags/example_kubernetes_executor.py took 0.084 seconds
[2022-10-19T16:02:54.313+0000] {processor.py:156} INFO - Started process (PID=559) to work on /home/airflow/.local/lib/python3.7/site-packages/airflow/example_dags/example_kubernetes_executor.py
[2022-10-19T16:02:54.315+0000] {processor.py:758} INFO - Processing file /home/airflow/.local/lib/python3.7/site-packages/airflow/example_dags/example_kubernetes_executor.py for tasks to queue
[2022-10-19T16:02:54.316+0000] {logging_mixin.py:117} INFO - [2022-10-19T16:02:54.316+0000] {dagbag.py:525} INFO - Filling up the DagBag from /home/airflow/.local/lib/python3.7/site-packages/airflow/example_dags/example_kubernetes_executor.py
[2022-10-19T16:02:54.338+0000] {processor.py:768} INFO - DAG(s) dict_keys(['example_kubernetes_executor']) retrieved from /home/airflow/.local/lib/python3.7/site-packages/airflow/example_dags/example_kubernetes_executor.py
[2022-10-19T16:02:54.374+0000] {logging_mixin.py:117} INFO - [2022-10-19T16:02:54.374+0000] {dag.py:2573} INFO - Sync 1 DAGs
[2022-10-19T16:02:54.391+0000] {logging_mixin.py:117} INFO - [2022-10-19T16:02:54.391+0000] {dag.py:3328} INFO - Setting next_dagrun for example_kubernetes_executor to None, run_after=None
[2022-10-19T16:02:54.404+0000] {processor.py:178} INFO - Processing /home/airflow/.local/lib/python3.7/site-packages/airflow/example_dags/example_kubernetes_executor.py took 0.094 seconds
[2022-10-19T16:03:25.196+0000] {processor.py:156} INFO - Started process (PID=624) to work on /home/airflow/.local/lib/python3.7/site-packages/airflow/example_dags/example_kubernetes_executor.py
[2022-10-19T16:03:25.197+0000] {processor.py:758} INFO - Processing file /home/airflow/.local/lib/python3.7/site-packages/airflow/example_dags/example_kubernetes_executor.py for tasks to queue
[2022-10-19T16:03:25.198+0000] {logging_mixin.py:117} INFO - [2022-10-19T16:03:25.198+0000] {dagbag.py:525} INFO - Filling up the DagBag from /home/airflow/.local/lib/python3.7/site-packages/airflow/example_dags/example_kubernetes_executor.py
[2022-10-19T16:03:25.223+0000] {processor.py:768} INFO - DAG(s) dict_keys(['example_kubernetes_executor']) retrieved from /home/airflow/.local/lib/python3.7/site-packages/airflow/example_dags/example_kubernetes_executor.py
[2022-10-19T16:03:25.253+0000] {logging_mixin.py:117} INFO - [2022-10-19T16:03:25.253+0000] {dag.py:2573} INFO - Sync 1 DAGs
[2022-10-19T16:03:25.268+0000] {logging_mixin.py:117} INFO - [2022-10-19T16:03:25.268+0000] {dag.py:3328} INFO - Setting next_dagrun for example_kubernetes_executor to None, run_after=None
[2022-10-19T16:03:25.290+0000] {processor.py:178} INFO - Processing /home/airflow/.local/lib/python3.7/site-packages/airflow/example_dags/example_kubernetes_executor.py took 0.097 seconds
[2022-10-19T16:03:56.364+0000] {processor.py:156} INFO - Started process (PID=689) to work on /home/airflow/.local/lib/python3.7/site-packages/airflow/example_dags/example_kubernetes_executor.py
[2022-10-19T16:03:56.366+0000] {processor.py:758} INFO - Processing file /home/airflow/.local/lib/python3.7/site-packages/airflow/example_dags/example_kubernetes_executor.py for tasks to queue
[2022-10-19T16:03:56.367+0000] {logging_mixin.py:117} INFO - [2022-10-19T16:03:56.367+0000] {dagbag.py:525} INFO - Filling up the DagBag from /home/airflow/.local/lib/python3.7/site-packages/airflow/example_dags/example_kubernetes_executor.py
[2022-10-19T16:03:56.393+0000] {processor.py:768} INFO - DAG(s) dict_keys(['example_kubernetes_executor']) retrieved from /home/airflow/.local/lib/python3.7/site-packages/airflow/example_dags/example_kubernetes_executor.py
[2022-10-19T16:03:56.428+0000] {logging_mixin.py:117} INFO - [2022-10-19T16:03:56.428+0000] {dag.py:2573} INFO - Sync 1 DAGs
[2022-10-19T16:03:56.449+0000] {logging_mixin.py:117} INFO - [2022-10-19T16:03:56.449+0000] {dag.py:3328} INFO - Setting next_dagrun for example_kubernetes_executor to None, run_after=None
[2022-10-19T16:03:56.464+0000] {processor.py:178} INFO - Processing /home/airflow/.local/lib/python3.7/site-packages/airflow/example_dags/example_kubernetes_executor.py took 0.103 seconds
[2022-10-19T16:04:27.026+0000] {processor.py:156} INFO - Started process (PID=754) to work on /home/airflow/.local/lib/python3.7/site-packages/airflow/example_dags/example_kubernetes_executor.py
[2022-10-19T16:04:27.028+0000] {processor.py:758} INFO - Processing file /home/airflow/.local/lib/python3.7/site-packages/airflow/example_dags/example_kubernetes_executor.py for tasks to queue
[2022-10-19T16:04:27.032+0000] {logging_mixin.py:117} INFO - [2022-10-19T16:04:27.032+0000] {dagbag.py:525} INFO - Filling up the DagBag from /home/airflow/.local/lib/python3.7/site-packages/airflow/example_dags/example_kubernetes_executor.py
[2022-10-19T16:04:27.072+0000] {processor.py:768} INFO - DAG(s) dict_keys(['example_kubernetes_executor']) retrieved from /home/airflow/.local/lib/python3.7/site-packages/airflow/example_dags/example_kubernetes_executor.py
[2022-10-19T16:04:27.121+0000] {logging_mixin.py:117} INFO - [2022-10-19T16:04:27.120+0000] {dag.py:2573} INFO - Sync 1 DAGs
[2022-10-19T16:04:27.146+0000] {logging_mixin.py:117} INFO - [2022-10-19T16:04:27.146+0000] {dag.py:3328} INFO - Setting next_dagrun for example_kubernetes_executor to None, run_after=None
[2022-10-19T16:04:27.164+0000] {processor.py:178} INFO - Processing /home/airflow/.local/lib/python3.7/site-packages/airflow/example_dags/example_kubernetes_executor.py took 0.140 seconds
[2022-10-19T16:04:57.757+0000] {processor.py:156} INFO - Started process (PID=810) to work on /home/airflow/.local/lib/python3.7/site-packages/airflow/example_dags/example_kubernetes_executor.py
[2022-10-19T16:04:57.758+0000] {processor.py:758} INFO - Processing file /home/airflow/.local/lib/python3.7/site-packages/airflow/example_dags/example_kubernetes_executor.py for tasks to queue
[2022-10-19T16:04:57.759+0000] {logging_mixin.py:117} INFO - [2022-10-19T16:04:57.759+0000] {dagbag.py:525} INFO - Filling up the DagBag from /home/airflow/.local/lib/python3.7/site-packages/airflow/example_dags/example_kubernetes_executor.py
[2022-10-19T16:04:57.801+0000] {processor.py:768} INFO - DAG(s) dict_keys(['example_kubernetes_executor']) retrieved from /home/airflow/.local/lib/python3.7/site-packages/airflow/example_dags/example_kubernetes_executor.py
[2022-10-19T16:04:57.840+0000] {logging_mixin.py:117} INFO - [2022-10-19T16:04:57.840+0000] {dag.py:2573} INFO - Sync 1 DAGs
[2022-10-19T16:04:57.858+0000] {logging_mixin.py:117} INFO - [2022-10-19T16:04:57.858+0000] {dag.py:3328} INFO - Setting next_dagrun for example_kubernetes_executor to None, run_after=None
[2022-10-19T16:04:57.877+0000] {processor.py:178} INFO - Processing /home/airflow/.local/lib/python3.7/site-packages/airflow/example_dags/example_kubernetes_executor.py took 0.122 seconds
[2022-10-19T16:05:28.849+0000] {processor.py:156} INFO - Started process (PID=876) to work on /home/airflow/.local/lib/python3.7/site-packages/airflow/example_dags/example_kubernetes_executor.py
[2022-10-19T16:05:28.851+0000] {processor.py:758} INFO - Processing file /home/airflow/.local/lib/python3.7/site-packages/airflow/example_dags/example_kubernetes_executor.py for tasks to queue
[2022-10-19T16:05:28.853+0000] {logging_mixin.py:117} INFO - [2022-10-19T16:05:28.853+0000] {dagbag.py:525} INFO - Filling up the DagBag from /home/airflow/.local/lib/python3.7/site-packages/airflow/example_dags/example_kubernetes_executor.py
[2022-10-19T16:05:28.878+0000] {processor.py:768} INFO - DAG(s) dict_keys(['example_kubernetes_executor']) retrieved from /home/airflow/.local/lib/python3.7/site-packages/airflow/example_dags/example_kubernetes_executor.py
[2022-10-19T16:05:28.911+0000] {logging_mixin.py:117} INFO - [2022-10-19T16:05:28.911+0000] {dag.py:2573} INFO - Sync 1 DAGs
[2022-10-19T16:05:28.929+0000] {logging_mixin.py:117} INFO - [2022-10-19T16:05:28.929+0000] {dag.py:3328} INFO - Setting next_dagrun for example_kubernetes_executor to None, run_after=None
[2022-10-19T16:05:28.947+0000] {processor.py:178} INFO - Processing /home/airflow/.local/lib/python3.7/site-packages/airflow/example_dags/example_kubernetes_executor.py took 0.100 seconds
[2022-10-19T16:05:59.502+0000] {processor.py:156} INFO - Started process (PID=940) to work on /home/airflow/.local/lib/python3.7/site-packages/airflow/example_dags/example_kubernetes_executor.py
[2022-10-19T16:05:59.505+0000] {processor.py:758} INFO - Processing file /home/airflow/.local/lib/python3.7/site-packages/airflow/example_dags/example_kubernetes_executor.py for tasks to queue
[2022-10-19T16:05:59.525+0000] {logging_mixin.py:117} INFO - [2022-10-19T16:05:59.525+0000] {dagbag.py:525} INFO - Filling up the DagBag from /home/airflow/.local/lib/python3.7/site-packages/airflow/example_dags/example_kubernetes_executor.py
[2022-10-19T16:05:59.567+0000] {processor.py:768} INFO - DAG(s) dict_keys(['example_kubernetes_executor']) retrieved from /home/airflow/.local/lib/python3.7/site-packages/airflow/example_dags/example_kubernetes_executor.py
[2022-10-19T16:05:59.615+0000] {logging_mixin.py:117} INFO - [2022-10-19T16:05:59.615+0000] {dag.py:2573} INFO - Sync 1 DAGs
[2022-10-19T16:05:59.643+0000] {logging_mixin.py:117} INFO - [2022-10-19T16:05:59.643+0000] {dag.py:3328} INFO - Setting next_dagrun for example_kubernetes_executor to None, run_after=None
[2022-10-19T16:05:59.657+0000] {processor.py:178} INFO - Processing /home/airflow/.local/lib/python3.7/site-packages/airflow/example_dags/example_kubernetes_executor.py took 0.157 seconds
[2022-10-19T16:06:30.313+0000] {processor.py:156} INFO - Started process (PID=1005) to work on /home/airflow/.local/lib/python3.7/site-packages/airflow/example_dags/example_kubernetes_executor.py
[2022-10-19T16:06:30.314+0000] {processor.py:758} INFO - Processing file /home/airflow/.local/lib/python3.7/site-packages/airflow/example_dags/example_kubernetes_executor.py for tasks to queue
[2022-10-19T16:06:30.316+0000] {logging_mixin.py:117} INFO - [2022-10-19T16:06:30.316+0000] {dagbag.py:525} INFO - Filling up the DagBag from /home/airflow/.local/lib/python3.7/site-packages/airflow/example_dags/example_kubernetes_executor.py
[2022-10-19T16:06:30.336+0000] {processor.py:768} INFO - DAG(s) dict_keys(['example_kubernetes_executor']) retrieved from /home/airflow/.local/lib/python3.7/site-packages/airflow/example_dags/example_kubernetes_executor.py
[2022-10-19T16:06:30.367+0000] {logging_mixin.py:117} INFO - [2022-10-19T16:06:30.367+0000] {dag.py:2573} INFO - Sync 1 DAGs
[2022-10-19T16:06:30.387+0000] {logging_mixin.py:117} INFO - [2022-10-19T16:06:30.387+0000] {dag.py:3328} INFO - Setting next_dagrun for example_kubernetes_executor to None, run_after=None
[2022-10-19T16:06:30.401+0000] {processor.py:178} INFO - Processing /home/airflow/.local/lib/python3.7/site-packages/airflow/example_dags/example_kubernetes_executor.py took 0.090 seconds
[2022-10-19T16:07:00.816+0000] {processor.py:156} INFO - Started process (PID=1061) to work on /home/airflow/.local/lib/python3.7/site-packages/airflow/example_dags/example_kubernetes_executor.py
[2022-10-19T16:07:00.818+0000] {processor.py:758} INFO - Processing file /home/airflow/.local/lib/python3.7/site-packages/airflow/example_dags/example_kubernetes_executor.py for tasks to queue
[2022-10-19T16:07:00.833+0000] {logging_mixin.py:117} INFO - [2022-10-19T16:07:00.833+0000] {dagbag.py:525} INFO - Filling up the DagBag from /home/airflow/.local/lib/python3.7/site-packages/airflow/example_dags/example_kubernetes_executor.py
[2022-10-19T16:07:00.876+0000] {processor.py:768} INFO - DAG(s) dict_keys(['example_kubernetes_executor']) retrieved from /home/airflow/.local/lib/python3.7/site-packages/airflow/example_dags/example_kubernetes_executor.py
[2022-10-19T16:07:00.926+0000] {logging_mixin.py:117} INFO - [2022-10-19T16:07:00.925+0000] {dag.py:2573} INFO - Sync 1 DAGs
[2022-10-19T16:07:00.952+0000] {logging_mixin.py:117} INFO - [2022-10-19T16:07:00.952+0000] {dag.py:3328} INFO - Setting next_dagrun for example_kubernetes_executor to None, run_after=None
[2022-10-19T16:07:00.968+0000] {processor.py:178} INFO - Processing /home/airflow/.local/lib/python3.7/site-packages/airflow/example_dags/example_kubernetes_executor.py took 0.154 seconds
[2022-10-19T16:07:31.889+0000] {processor.py:156} INFO - Started process (PID=1126) to work on /home/airflow/.local/lib/python3.7/site-packages/airflow/example_dags/example_kubernetes_executor.py
[2022-10-19T16:07:31.891+0000] {processor.py:758} INFO - Processing file /home/airflow/.local/lib/python3.7/site-packages/airflow/example_dags/example_kubernetes_executor.py for tasks to queue
[2022-10-19T16:07:31.892+0000] {logging_mixin.py:117} INFO - [2022-10-19T16:07:31.892+0000] {dagbag.py:525} INFO - Filling up the DagBag from /home/airflow/.local/lib/python3.7/site-packages/airflow/example_dags/example_kubernetes_executor.py
[2022-10-19T16:07:31.926+0000] {processor.py:768} INFO - DAG(s) dict_keys(['example_kubernetes_executor']) retrieved from /home/airflow/.local/lib/python3.7/site-packages/airflow/example_dags/example_kubernetes_executor.py
[2022-10-19T16:07:31.963+0000] {logging_mixin.py:117} INFO - [2022-10-19T16:07:31.962+0000] {dag.py:2573} INFO - Sync 1 DAGs
[2022-10-19T16:07:31.984+0000] {logging_mixin.py:117} INFO - [2022-10-19T16:07:31.984+0000] {dag.py:3328} INFO - Setting next_dagrun for example_kubernetes_executor to None, run_after=None
[2022-10-19T16:07:32.000+0000] {processor.py:178} INFO - Processing /home/airflow/.local/lib/python3.7/site-packages/airflow/example_dags/example_kubernetes_executor.py took 0.115 seconds
[2022-10-19T16:08:02.730+0000] {processor.py:156} INFO - Started process (PID=1191) to work on /home/airflow/.local/lib/python3.7/site-packages/airflow/example_dags/example_kubernetes_executor.py
[2022-10-19T16:08:02.731+0000] {processor.py:758} INFO - Processing file /home/airflow/.local/lib/python3.7/site-packages/airflow/example_dags/example_kubernetes_executor.py for tasks to queue
[2022-10-19T16:08:02.733+0000] {logging_mixin.py:117} INFO - [2022-10-19T16:08:02.733+0000] {dagbag.py:525} INFO - Filling up the DagBag from /home/airflow/.local/lib/python3.7/site-packages/airflow/example_dags/example_kubernetes_executor.py
[2022-10-19T16:08:02.764+0000] {processor.py:768} INFO - DAG(s) dict_keys(['example_kubernetes_executor']) retrieved from /home/airflow/.local/lib/python3.7/site-packages/airflow/example_dags/example_kubernetes_executor.py
[2022-10-19T16:08:02.793+0000] {logging_mixin.py:117} INFO - [2022-10-19T16:08:02.793+0000] {dag.py:2573} INFO - Sync 1 DAGs
[2022-10-19T16:08:02.808+0000] {logging_mixin.py:117} INFO - [2022-10-19T16:08:02.808+0000] {dag.py:3328} INFO - Setting next_dagrun for example_kubernetes_executor to None, run_after=None
[2022-10-19T16:08:02.827+0000] {processor.py:178} INFO - Processing /home/airflow/.local/lib/python3.7/site-packages/airflow/example_dags/example_kubernetes_executor.py took 0.100 seconds
[2022-10-19T16:08:33.102+0000] {processor.py:156} INFO - Started process (PID=1256) to work on /home/airflow/.local/lib/python3.7/site-packages/airflow/example_dags/example_kubernetes_executor.py
[2022-10-19T16:08:33.103+0000] {processor.py:758} INFO - Processing file /home/airflow/.local/lib/python3.7/site-packages/airflow/example_dags/example_kubernetes_executor.py for tasks to queue
[2022-10-19T16:08:33.106+0000] {logging_mixin.py:117} INFO - [2022-10-19T16:08:33.106+0000] {dagbag.py:525} INFO - Filling up the DagBag from /home/airflow/.local/lib/python3.7/site-packages/airflow/example_dags/example_kubernetes_executor.py
[2022-10-19T16:08:33.127+0000] {processor.py:768} INFO - DAG(s) dict_keys(['example_kubernetes_executor']) retrieved from /home/airflow/.local/lib/python3.7/site-packages/airflow/example_dags/example_kubernetes_executor.py
[2022-10-19T16:08:33.156+0000] {logging_mixin.py:117} INFO - [2022-10-19T16:08:33.156+0000] {dag.py:2573} INFO - Sync 1 DAGs
[2022-10-19T16:08:33.172+0000] {logging_mixin.py:117} INFO - [2022-10-19T16:08:33.171+0000] {dag.py:3328} INFO - Setting next_dagrun for example_kubernetes_executor to None, run_after=None
[2022-10-19T16:08:33.189+0000] {processor.py:178} INFO - Processing /home/airflow/.local/lib/python3.7/site-packages/airflow/example_dags/example_kubernetes_executor.py took 0.090 seconds
[2022-10-19T16:09:03.543+0000] {processor.py:156} INFO - Started process (PID=1319) to work on /home/airflow/.local/lib/python3.7/site-packages/airflow/example_dags/example_kubernetes_executor.py
[2022-10-19T16:09:03.552+0000] {processor.py:758} INFO - Processing file /home/airflow/.local/lib/python3.7/site-packages/airflow/example_dags/example_kubernetes_executor.py for tasks to queue
[2022-10-19T16:09:03.554+0000] {logging_mixin.py:117} INFO - [2022-10-19T16:09:03.554+0000] {dagbag.py:525} INFO - Filling up the DagBag from /home/airflow/.local/lib/python3.7/site-packages/airflow/example_dags/example_kubernetes_executor.py
[2022-10-19T16:09:03.576+0000] {processor.py:768} INFO - DAG(s) dict_keys(['example_kubernetes_executor']) retrieved from /home/airflow/.local/lib/python3.7/site-packages/airflow/example_dags/example_kubernetes_executor.py
[2022-10-19T16:09:03.610+0000] {logging_mixin.py:117} INFO - [2022-10-19T16:09:03.610+0000] {dag.py:2573} INFO - Sync 1 DAGs
[2022-10-19T16:09:03.627+0000] {logging_mixin.py:117} INFO - [2022-10-19T16:09:03.627+0000] {dag.py:3328} INFO - Setting next_dagrun for example_kubernetes_executor to None, run_after=None
[2022-10-19T16:09:03.639+0000] {processor.py:178} INFO - Processing /home/airflow/.local/lib/python3.7/site-packages/airflow/example_dags/example_kubernetes_executor.py took 0.099 seconds
[2022-10-19T16:09:34.093+0000] {processor.py:156} INFO - Started process (PID=1377) to work on /home/airflow/.local/lib/python3.7/site-packages/airflow/example_dags/example_kubernetes_executor.py
[2022-10-19T16:09:34.095+0000] {processor.py:758} INFO - Processing file /home/airflow/.local/lib/python3.7/site-packages/airflow/example_dags/example_kubernetes_executor.py for tasks to queue
[2022-10-19T16:09:34.097+0000] {logging_mixin.py:117} INFO - [2022-10-19T16:09:34.097+0000] {dagbag.py:525} INFO - Filling up the DagBag from /home/airflow/.local/lib/python3.7/site-packages/airflow/example_dags/example_kubernetes_executor.py
[2022-10-19T16:09:34.119+0000] {processor.py:768} INFO - DAG(s) dict_keys(['example_kubernetes_executor']) retrieved from /home/airflow/.local/lib/python3.7/site-packages/airflow/example_dags/example_kubernetes_executor.py
[2022-10-19T16:09:34.154+0000] {logging_mixin.py:117} INFO - [2022-10-19T16:09:34.154+0000] {dag.py:2573} INFO - Sync 1 DAGs
[2022-10-19T16:09:34.169+0000] {logging_mixin.py:117} INFO - [2022-10-19T16:09:34.169+0000] {dag.py:3328} INFO - Setting next_dagrun for example_kubernetes_executor to None, run_after=None
[2022-10-19T16:09:34.188+0000] {processor.py:178} INFO - Processing /home/airflow/.local/lib/python3.7/site-packages/airflow/example_dags/example_kubernetes_executor.py took 0.098 seconds
[2022-10-19T16:10:05.185+0000] {processor.py:156} INFO - Started process (PID=1444) to work on /home/airflow/.local/lib/python3.7/site-packages/airflow/example_dags/example_kubernetes_executor.py
[2022-10-19T16:10:05.187+0000] {processor.py:758} INFO - Processing file /home/airflow/.local/lib/python3.7/site-packages/airflow/example_dags/example_kubernetes_executor.py for tasks to queue
[2022-10-19T16:10:05.189+0000] {logging_mixin.py:117} INFO - [2022-10-19T16:10:05.188+0000] {dagbag.py:525} INFO - Filling up the DagBag from /home/airflow/.local/lib/python3.7/site-packages/airflow/example_dags/example_kubernetes_executor.py
[2022-10-19T16:10:05.211+0000] {processor.py:768} INFO - DAG(s) dict_keys(['example_kubernetes_executor']) retrieved from /home/airflow/.local/lib/python3.7/site-packages/airflow/example_dags/example_kubernetes_executor.py
[2022-10-19T16:10:05.238+0000] {logging_mixin.py:117} INFO - [2022-10-19T16:10:05.238+0000] {dag.py:2573} INFO - Sync 1 DAGs
[2022-10-19T16:10:05.255+0000] {logging_mixin.py:117} INFO - [2022-10-19T16:10:05.255+0000] {dag.py:3328} INFO - Setting next_dagrun for example_kubernetes_executor to None, run_after=None
[2022-10-19T16:10:05.267+0000] {processor.py:178} INFO - Processing /home/airflow/.local/lib/python3.7/site-packages/airflow/example_dags/example_kubernetes_executor.py took 0.084 seconds
[2022-10-19T16:10:36.388+0000] {processor.py:156} INFO - Started process (PID=1509) to work on /home/airflow/.local/lib/python3.7/site-packages/airflow/example_dags/example_kubernetes_executor.py
[2022-10-19T16:10:36.394+0000] {processor.py:758} INFO - Processing file /home/airflow/.local/lib/python3.7/site-packages/airflow/example_dags/example_kubernetes_executor.py for tasks to queue
[2022-10-19T16:10:36.399+0000] {logging_mixin.py:117} INFO - [2022-10-19T16:10:36.399+0000] {dagbag.py:525} INFO - Filling up the DagBag from /home/airflow/.local/lib/python3.7/site-packages/airflow/example_dags/example_kubernetes_executor.py
[2022-10-19T16:10:36.438+0000] {processor.py:768} INFO - DAG(s) dict_keys(['example_kubernetes_executor']) retrieved from /home/airflow/.local/lib/python3.7/site-packages/airflow/example_dags/example_kubernetes_executor.py
[2022-10-19T16:10:36.487+0000] {logging_mixin.py:117} INFO - [2022-10-19T16:10:36.487+0000] {dag.py:2573} INFO - Sync 1 DAGs
[2022-10-19T16:10:36.505+0000] {logging_mixin.py:117} INFO - [2022-10-19T16:10:36.504+0000] {dag.py:3328} INFO - Setting next_dagrun for example_kubernetes_executor to None, run_after=None
[2022-10-19T16:10:36.518+0000] {processor.py:178} INFO - Processing /home/airflow/.local/lib/python3.7/site-packages/airflow/example_dags/example_kubernetes_executor.py took 0.133 seconds
[2022-10-19T16:11:06.876+0000] {processor.py:156} INFO - Started process (PID=1573) to work on /home/airflow/.local/lib/python3.7/site-packages/airflow/example_dags/example_kubernetes_executor.py
[2022-10-19T16:11:06.881+0000] {processor.py:758} INFO - Processing file /home/airflow/.local/lib/python3.7/site-packages/airflow/example_dags/example_kubernetes_executor.py for tasks to queue
[2022-10-19T16:11:06.883+0000] {logging_mixin.py:117} INFO - [2022-10-19T16:11:06.883+0000] {dagbag.py:525} INFO - Filling up the DagBag from /home/airflow/.local/lib/python3.7/site-packages/airflow/example_dags/example_kubernetes_executor.py
[2022-10-19T16:11:06.908+0000] {processor.py:768} INFO - DAG(s) dict_keys(['example_kubernetes_executor']) retrieved from /home/airflow/.local/lib/python3.7/site-packages/airflow/example_dags/example_kubernetes_executor.py
[2022-10-19T16:11:06.945+0000] {logging_mixin.py:117} INFO - [2022-10-19T16:11:06.945+0000] {dag.py:2573} INFO - Sync 1 DAGs
[2022-10-19T16:11:06.968+0000] {logging_mixin.py:117} INFO - [2022-10-19T16:11:06.968+0000] {dag.py:3328} INFO - Setting next_dagrun for example_kubernetes_executor to None, run_after=None
[2022-10-19T16:11:06.989+0000] {processor.py:178} INFO - Processing /home/airflow/.local/lib/python3.7/site-packages/airflow/example_dags/example_kubernetes_executor.py took 0.118 seconds
[2022-10-19T16:11:37.619+0000] {processor.py:156} INFO - Started process (PID=1629) to work on /home/airflow/.local/lib/python3.7/site-packages/airflow/example_dags/example_kubernetes_executor.py
[2022-10-19T16:11:37.621+0000] {processor.py:758} INFO - Processing file /home/airflow/.local/lib/python3.7/site-packages/airflow/example_dags/example_kubernetes_executor.py for tasks to queue
[2022-10-19T16:11:37.622+0000] {logging_mixin.py:117} INFO - [2022-10-19T16:11:37.622+0000] {dagbag.py:525} INFO - Filling up the DagBag from /home/airflow/.local/lib/python3.7/site-packages/airflow/example_dags/example_kubernetes_executor.py
[2022-10-19T16:11:37.644+0000] {processor.py:768} INFO - DAG(s) dict_keys(['example_kubernetes_executor']) retrieved from /home/airflow/.local/lib/python3.7/site-packages/airflow/example_dags/example_kubernetes_executor.py
[2022-10-19T16:11:37.675+0000] {logging_mixin.py:117} INFO - [2022-10-19T16:11:37.675+0000] {dag.py:2573} INFO - Sync 1 DAGs
[2022-10-19T16:11:37.695+0000] {logging_mixin.py:117} INFO - [2022-10-19T16:11:37.694+0000] {dag.py:3328} INFO - Setting next_dagrun for example_kubernetes_executor to None, run_after=None
[2022-10-19T16:11:37.713+0000] {processor.py:178} INFO - Processing /home/airflow/.local/lib/python3.7/site-packages/airflow/example_dags/example_kubernetes_executor.py took 0.097 seconds
[2022-10-19T16:12:07.929+0000] {processor.py:156} INFO - Started process (PID=1695) to work on /home/airflow/.local/lib/python3.7/site-packages/airflow/example_dags/example_kubernetes_executor.py
[2022-10-19T16:12:07.936+0000] {processor.py:758} INFO - Processing file /home/airflow/.local/lib/python3.7/site-packages/airflow/example_dags/example_kubernetes_executor.py for tasks to queue
[2022-10-19T16:12:07.938+0000] {logging_mixin.py:117} INFO - [2022-10-19T16:12:07.938+0000] {dagbag.py:525} INFO - Filling up the DagBag from /home/airflow/.local/lib/python3.7/site-packages/airflow/example_dags/example_kubernetes_executor.py
[2022-10-19T16:12:07.976+0000] {processor.py:768} INFO - DAG(s) dict_keys(['example_kubernetes_executor']) retrieved from /home/airflow/.local/lib/python3.7/site-packages/airflow/example_dags/example_kubernetes_executor.py
[2022-10-19T16:12:08.010+0000] {logging_mixin.py:117} INFO - [2022-10-19T16:12:08.010+0000] {dag.py:2573} INFO - Sync 1 DAGs
[2022-10-19T16:12:08.029+0000] {logging_mixin.py:117} INFO - [2022-10-19T16:12:08.029+0000] {dag.py:3328} INFO - Setting next_dagrun for example_kubernetes_executor to None, run_after=None
[2022-10-19T16:12:08.044+0000] {processor.py:178} INFO - Processing /home/airflow/.local/lib/python3.7/site-packages/airflow/example_dags/example_kubernetes_executor.py took 0.120 seconds
[2022-10-19T16:12:39.019+0000] {processor.py:156} INFO - Started process (PID=1761) to work on /home/airflow/.local/lib/python3.7/site-packages/airflow/example_dags/example_kubernetes_executor.py
[2022-10-19T16:12:39.024+0000] {processor.py:758} INFO - Processing file /home/airflow/.local/lib/python3.7/site-packages/airflow/example_dags/example_kubernetes_executor.py for tasks to queue
[2022-10-19T16:12:39.025+0000] {logging_mixin.py:117} INFO - [2022-10-19T16:12:39.025+0000] {dagbag.py:525} INFO - Filling up the DagBag from /home/airflow/.local/lib/python3.7/site-packages/airflow/example_dags/example_kubernetes_executor.py
[2022-10-19T16:12:39.050+0000] {processor.py:768} INFO - DAG(s) dict_keys(['example_kubernetes_executor']) retrieved from /home/airflow/.local/lib/python3.7/site-packages/airflow/example_dags/example_kubernetes_executor.py
[2022-10-19T16:12:39.087+0000] {logging_mixin.py:117} INFO - [2022-10-19T16:12:39.087+0000] {dag.py:2573} INFO - Sync 1 DAGs
[2022-10-19T16:12:39.106+0000] {logging_mixin.py:117} INFO - [2022-10-19T16:12:39.106+0000] {dag.py:3328} INFO - Setting next_dagrun for example_kubernetes_executor to None, run_after=None
[2022-10-19T16:12:39.118+0000] {processor.py:178} INFO - Processing /home/airflow/.local/lib/python3.7/site-packages/airflow/example_dags/example_kubernetes_executor.py took 0.101 seconds
[2022-10-19T16:13:10.147+0000] {processor.py:156} INFO - Started process (PID=1825) to work on /home/airflow/.local/lib/python3.7/site-packages/airflow/example_dags/example_kubernetes_executor.py
[2022-10-19T16:13:10.148+0000] {processor.py:758} INFO - Processing file /home/airflow/.local/lib/python3.7/site-packages/airflow/example_dags/example_kubernetes_executor.py for tasks to queue
[2022-10-19T16:13:10.151+0000] {logging_mixin.py:117} INFO - [2022-10-19T16:13:10.150+0000] {dagbag.py:525} INFO - Filling up the DagBag from /home/airflow/.local/lib/python3.7/site-packages/airflow/example_dags/example_kubernetes_executor.py
[2022-10-19T16:13:10.180+0000] {processor.py:768} INFO - DAG(s) dict_keys(['example_kubernetes_executor']) retrieved from /home/airflow/.local/lib/python3.7/site-packages/airflow/example_dags/example_kubernetes_executor.py
[2022-10-19T16:13:10.211+0000] {logging_mixin.py:117} INFO - [2022-10-19T16:13:10.211+0000] {dag.py:2573} INFO - Sync 1 DAGs
[2022-10-19T16:13:10.246+0000] {logging_mixin.py:117} INFO - [2022-10-19T16:13:10.246+0000] {dag.py:3328} INFO - Setting next_dagrun for example_kubernetes_executor to None, run_after=None
[2022-10-19T16:13:10.308+0000] {processor.py:178} INFO - Processing /home/airflow/.local/lib/python3.7/site-packages/airflow/example_dags/example_kubernetes_executor.py took 0.164 seconds
[2022-10-19T16:13:40.616+0000] {processor.py:156} INFO - Started process (PID=1890) to work on /home/airflow/.local/lib/python3.7/site-packages/airflow/example_dags/example_kubernetes_executor.py
[2022-10-19T16:13:40.618+0000] {processor.py:758} INFO - Processing file /home/airflow/.local/lib/python3.7/site-packages/airflow/example_dags/example_kubernetes_executor.py for tasks to queue
[2022-10-19T16:13:40.619+0000] {logging_mixin.py:117} INFO - [2022-10-19T16:13:40.619+0000] {dagbag.py:525} INFO - Filling up the DagBag from /home/airflow/.local/lib/python3.7/site-packages/airflow/example_dags/example_kubernetes_executor.py
[2022-10-19T16:13:40.648+0000] {processor.py:768} INFO - DAG(s) dict_keys(['example_kubernetes_executor']) retrieved from /home/airflow/.local/lib/python3.7/site-packages/airflow/example_dags/example_kubernetes_executor.py
[2022-10-19T16:13:40.691+0000] {logging_mixin.py:117} INFO - [2022-10-19T16:13:40.691+0000] {dag.py:2573} INFO - Sync 1 DAGs
[2022-10-19T16:13:40.714+0000] {logging_mixin.py:117} INFO - [2022-10-19T16:13:40.714+0000] {dag.py:3328} INFO - Setting next_dagrun for example_kubernetes_executor to None, run_after=None
[2022-10-19T16:13:40.735+0000] {processor.py:178} INFO - Processing /home/airflow/.local/lib/python3.7/site-packages/airflow/example_dags/example_kubernetes_executor.py took 0.121 seconds
[2022-10-19T16:14:10.935+0000] {processor.py:156} INFO - Started process (PID=1946) to work on /home/airflow/.local/lib/python3.7/site-packages/airflow/example_dags/example_kubernetes_executor.py
[2022-10-19T16:14:10.937+0000] {processor.py:758} INFO - Processing file /home/airflow/.local/lib/python3.7/site-packages/airflow/example_dags/example_kubernetes_executor.py for tasks to queue
[2022-10-19T16:14:10.938+0000] {logging_mixin.py:117} INFO - [2022-10-19T16:14:10.938+0000] {dagbag.py:525} INFO - Filling up the DagBag from /home/airflow/.local/lib/python3.7/site-packages/airflow/example_dags/example_kubernetes_executor.py
[2022-10-19T16:14:10.958+0000] {processor.py:768} INFO - DAG(s) dict_keys(['example_kubernetes_executor']) retrieved from /home/airflow/.local/lib/python3.7/site-packages/airflow/example_dags/example_kubernetes_executor.py
[2022-10-19T16:14:11.000+0000] {logging_mixin.py:117} INFO - [2022-10-19T16:14:11.000+0000] {dag.py:2573} INFO - Sync 1 DAGs
[2022-10-19T16:14:11.024+0000] {logging_mixin.py:117} INFO - [2022-10-19T16:14:11.024+0000] {dag.py:3328} INFO - Setting next_dagrun for example_kubernetes_executor to None, run_after=None
[2022-10-19T16:14:11.037+0000] {processor.py:178} INFO - Processing /home/airflow/.local/lib/python3.7/site-packages/airflow/example_dags/example_kubernetes_executor.py took 0.103 seconds
[2022-10-19T16:14:41.433+0000] {processor.py:156} INFO - Started process (PID=2012) to work on /home/airflow/.local/lib/python3.7/site-packages/airflow/example_dags/example_kubernetes_executor.py
[2022-10-19T16:14:41.435+0000] {processor.py:758} INFO - Processing file /home/airflow/.local/lib/python3.7/site-packages/airflow/example_dags/example_kubernetes_executor.py for tasks to queue
[2022-10-19T16:14:41.437+0000] {logging_mixin.py:117} INFO - [2022-10-19T16:14:41.437+0000] {dagbag.py:525} INFO - Filling up the DagBag from /home/airflow/.local/lib/python3.7/site-packages/airflow/example_dags/example_kubernetes_executor.py
[2022-10-19T16:14:41.462+0000] {processor.py:768} INFO - DAG(s) dict_keys(['example_kubernetes_executor']) retrieved from /home/airflow/.local/lib/python3.7/site-packages/airflow/example_dags/example_kubernetes_executor.py
[2022-10-19T16:14:41.495+0000] {logging_mixin.py:117} INFO - [2022-10-19T16:14:41.495+0000] {dag.py:2573} INFO - Sync 1 DAGs
[2022-10-19T16:14:41.510+0000] {logging_mixin.py:117} INFO - [2022-10-19T16:14:41.510+0000] {dag.py:3328} INFO - Setting next_dagrun for example_kubernetes_executor to None, run_after=None
[2022-10-19T16:14:41.523+0000] {processor.py:178} INFO - Processing /home/airflow/.local/lib/python3.7/site-packages/airflow/example_dags/example_kubernetes_executor.py took 0.092 seconds
[2022-10-19T16:15:12.557+0000] {processor.py:156} INFO - Started process (PID=2080) to work on /home/airflow/.local/lib/python3.7/site-packages/airflow/example_dags/example_kubernetes_executor.py
[2022-10-19T16:15:12.560+0000] {processor.py:758} INFO - Processing file /home/airflow/.local/lib/python3.7/site-packages/airflow/example_dags/example_kubernetes_executor.py for tasks to queue
[2022-10-19T16:15:12.561+0000] {logging_mixin.py:117} INFO - [2022-10-19T16:15:12.561+0000] {dagbag.py:525} INFO - Filling up the DagBag from /home/airflow/.local/lib/python3.7/site-packages/airflow/example_dags/example_kubernetes_executor.py
[2022-10-19T16:15:12.589+0000] {processor.py:768} INFO - DAG(s) dict_keys(['example_kubernetes_executor']) retrieved from /home/airflow/.local/lib/python3.7/site-packages/airflow/example_dags/example_kubernetes_executor.py
[2022-10-19T16:15:12.648+0000] {logging_mixin.py:117} INFO - [2022-10-19T16:15:12.648+0000] {dag.py:2573} INFO - Sync 1 DAGs
[2022-10-19T16:15:12.674+0000] {logging_mixin.py:117} INFO - [2022-10-19T16:15:12.674+0000] {dag.py:3328} INFO - Setting next_dagrun for example_kubernetes_executor to None, run_after=None
[2022-10-19T16:15:12.698+0000] {processor.py:178} INFO - Processing /home/airflow/.local/lib/python3.7/site-packages/airflow/example_dags/example_kubernetes_executor.py took 0.143 seconds
[2022-10-19T16:15:42.897+0000] {processor.py:156} INFO - Started process (PID=2146) to work on /home/airflow/.local/lib/python3.7/site-packages/airflow/example_dags/example_kubernetes_executor.py
[2022-10-19T16:15:42.898+0000] {processor.py:758} INFO - Processing file /home/airflow/.local/lib/python3.7/site-packages/airflow/example_dags/example_kubernetes_executor.py for tasks to queue
[2022-10-19T16:15:42.899+0000] {logging_mixin.py:117} INFO - [2022-10-19T16:15:42.899+0000] {dagbag.py:525} INFO - Filling up the DagBag from /home/airflow/.local/lib/python3.7/site-packages/airflow/example_dags/example_kubernetes_executor.py
[2022-10-19T16:15:42.919+0000] {processor.py:768} INFO - DAG(s) dict_keys(['example_kubernetes_executor']) retrieved from /home/airflow/.local/lib/python3.7/site-packages/airflow/example_dags/example_kubernetes_executor.py
[2022-10-19T16:15:42.949+0000] {logging_mixin.py:117} INFO - [2022-10-19T16:15:42.949+0000] {dag.py:2573} INFO - Sync 1 DAGs
[2022-10-19T16:15:42.967+0000] {logging_mixin.py:117} INFO - [2022-10-19T16:15:42.967+0000] {dag.py:3328} INFO - Setting next_dagrun for example_kubernetes_executor to None, run_after=None
[2022-10-19T16:15:42.986+0000] {processor.py:178} INFO - Processing /home/airflow/.local/lib/python3.7/site-packages/airflow/example_dags/example_kubernetes_executor.py took 0.091 seconds
[2022-10-19T16:16:13.915+0000] {processor.py:156} INFO - Started process (PID=2210) to work on /home/airflow/.local/lib/python3.7/site-packages/airflow/example_dags/example_kubernetes_executor.py
[2022-10-19T16:16:13.917+0000] {processor.py:758} INFO - Processing file /home/airflow/.local/lib/python3.7/site-packages/airflow/example_dags/example_kubernetes_executor.py for tasks to queue
[2022-10-19T16:16:13.918+0000] {logging_mixin.py:117} INFO - [2022-10-19T16:16:13.918+0000] {dagbag.py:525} INFO - Filling up the DagBag from /home/airflow/.local/lib/python3.7/site-packages/airflow/example_dags/example_kubernetes_executor.py
[2022-10-19T16:16:13.939+0000] {processor.py:768} INFO - DAG(s) dict_keys(['example_kubernetes_executor']) retrieved from /home/airflow/.local/lib/python3.7/site-packages/airflow/example_dags/example_kubernetes_executor.py
[2022-10-19T16:16:13.963+0000] {logging_mixin.py:117} INFO - [2022-10-19T16:16:13.963+0000] {dag.py:2573} INFO - Sync 1 DAGs
[2022-10-19T16:16:13.980+0000] {logging_mixin.py:117} INFO - [2022-10-19T16:16:13.980+0000] {dag.py:3328} INFO - Setting next_dagrun for example_kubernetes_executor to None, run_after=None
[2022-10-19T16:16:13.994+0000] {processor.py:178} INFO - Processing /home/airflow/.local/lib/python3.7/site-packages/airflow/example_dags/example_kubernetes_executor.py took 0.084 seconds
[2022-10-19T16:16:45.035+0000] {processor.py:156} INFO - Started process (PID=2276) to work on /home/airflow/.local/lib/python3.7/site-packages/airflow/example_dags/example_kubernetes_executor.py
[2022-10-19T16:16:45.037+0000] {processor.py:758} INFO - Processing file /home/airflow/.local/lib/python3.7/site-packages/airflow/example_dags/example_kubernetes_executor.py for tasks to queue
[2022-10-19T16:16:45.038+0000] {logging_mixin.py:117} INFO - [2022-10-19T16:16:45.038+0000] {dagbag.py:525} INFO - Filling up the DagBag from /home/airflow/.local/lib/python3.7/site-packages/airflow/example_dags/example_kubernetes_executor.py
[2022-10-19T16:16:45.061+0000] {processor.py:768} INFO - DAG(s) dict_keys(['example_kubernetes_executor']) retrieved from /home/airflow/.local/lib/python3.7/site-packages/airflow/example_dags/example_kubernetes_executor.py
[2022-10-19T16:16:45.100+0000] {logging_mixin.py:117} INFO - [2022-10-19T16:16:45.099+0000] {dag.py:2573} INFO - Sync 1 DAGs
[2022-10-19T16:16:45.123+0000] {logging_mixin.py:117} INFO - [2022-10-19T16:16:45.123+0000] {dag.py:3328} INFO - Setting next_dagrun for example_kubernetes_executor to None, run_after=None
[2022-10-19T16:16:45.149+0000] {processor.py:178} INFO - Processing /home/airflow/.local/lib/python3.7/site-packages/airflow/example_dags/example_kubernetes_executor.py took 0.116 seconds
[2022-10-19T16:17:15.735+0000] {processor.py:156} INFO - Started process (PID=2332) to work on /home/airflow/.local/lib/python3.7/site-packages/airflow/example_dags/example_kubernetes_executor.py
[2022-10-19T16:17:15.737+0000] {processor.py:758} INFO - Processing file /home/airflow/.local/lib/python3.7/site-packages/airflow/example_dags/example_kubernetes_executor.py for tasks to queue
[2022-10-19T16:17:15.739+0000] {logging_mixin.py:117} INFO - [2022-10-19T16:17:15.739+0000] {dagbag.py:525} INFO - Filling up the DagBag from /home/airflow/.local/lib/python3.7/site-packages/airflow/example_dags/example_kubernetes_executor.py
[2022-10-19T16:17:15.762+0000] {processor.py:768} INFO - DAG(s) dict_keys(['example_kubernetes_executor']) retrieved from /home/airflow/.local/lib/python3.7/site-packages/airflow/example_dags/example_kubernetes_executor.py
[2022-10-19T16:17:15.791+0000] {logging_mixin.py:117} INFO - [2022-10-19T16:17:15.791+0000] {dag.py:2573} INFO - Sync 1 DAGs
[2022-10-19T16:17:15.812+0000] {logging_mixin.py:117} INFO - [2022-10-19T16:17:15.812+0000] {dag.py:3328} INFO - Setting next_dagrun for example_kubernetes_executor to None, run_after=None
[2022-10-19T16:17:15.844+0000] {processor.py:178} INFO - Processing /home/airflow/.local/lib/python3.7/site-packages/airflow/example_dags/example_kubernetes_executor.py took 0.112 seconds
[2022-10-19T16:17:46.596+0000] {processor.py:156} INFO - Started process (PID=2398) to work on /home/airflow/.local/lib/python3.7/site-packages/airflow/example_dags/example_kubernetes_executor.py
[2022-10-19T16:17:46.597+0000] {processor.py:758} INFO - Processing file /home/airflow/.local/lib/python3.7/site-packages/airflow/example_dags/example_kubernetes_executor.py for tasks to queue
[2022-10-19T16:17:46.598+0000] {logging_mixin.py:117} INFO - [2022-10-19T16:17:46.598+0000] {dagbag.py:525} INFO - Filling up the DagBag from /home/airflow/.local/lib/python3.7/site-packages/airflow/example_dags/example_kubernetes_executor.py
[2022-10-19T16:17:46.627+0000] {processor.py:768} INFO - DAG(s) dict_keys(['example_kubernetes_executor']) retrieved from /home/airflow/.local/lib/python3.7/site-packages/airflow/example_dags/example_kubernetes_executor.py
[2022-10-19T16:17:46.661+0000] {logging_mixin.py:117} INFO - [2022-10-19T16:17:46.661+0000] {dag.py:2573} INFO - Sync 1 DAGs
[2022-10-19T16:17:46.677+0000] {logging_mixin.py:117} INFO - [2022-10-19T16:17:46.677+0000] {dag.py:3328} INFO - Setting next_dagrun for example_kubernetes_executor to None, run_after=None
[2022-10-19T16:17:46.690+0000] {processor.py:178} INFO - Processing /home/airflow/.local/lib/python3.7/site-packages/airflow/example_dags/example_kubernetes_executor.py took 0.096 seconds
[2022-10-19T16:18:17.387+0000] {processor.py:156} INFO - Started process (PID=2463) to work on /home/airflow/.local/lib/python3.7/site-packages/airflow/example_dags/example_kubernetes_executor.py
[2022-10-19T16:18:17.389+0000] {processor.py:758} INFO - Processing file /home/airflow/.local/lib/python3.7/site-packages/airflow/example_dags/example_kubernetes_executor.py for tasks to queue
[2022-10-19T16:18:17.392+0000] {logging_mixin.py:117} INFO - [2022-10-19T16:18:17.392+0000] {dagbag.py:525} INFO - Filling up the DagBag from /home/airflow/.local/lib/python3.7/site-packages/airflow/example_dags/example_kubernetes_executor.py
[2022-10-19T16:18:17.423+0000] {processor.py:768} INFO - DAG(s) dict_keys(['example_kubernetes_executor']) retrieved from /home/airflow/.local/lib/python3.7/site-packages/airflow/example_dags/example_kubernetes_executor.py
[2022-10-19T16:18:17.461+0000] {logging_mixin.py:117} INFO - [2022-10-19T16:18:17.461+0000] {dag.py:2573} INFO - Sync 1 DAGs
[2022-10-19T16:18:17.481+0000] {logging_mixin.py:117} INFO - [2022-10-19T16:18:17.481+0000] {dag.py:3328} INFO - Setting next_dagrun for example_kubernetes_executor to None, run_after=None
[2022-10-19T16:18:17.497+0000] {processor.py:178} INFO - Processing /home/airflow/.local/lib/python3.7/site-packages/airflow/example_dags/example_kubernetes_executor.py took 0.112 seconds
[2022-10-19T16:18:48.538+0000] {processor.py:156} INFO - Started process (PID=2529) to work on /home/airflow/.local/lib/python3.7/site-packages/airflow/example_dags/example_kubernetes_executor.py
[2022-10-19T16:18:48.541+0000] {processor.py:758} INFO - Processing file /home/airflow/.local/lib/python3.7/site-packages/airflow/example_dags/example_kubernetes_executor.py for tasks to queue
[2022-10-19T16:18:48.542+0000] {logging_mixin.py:117} INFO - [2022-10-19T16:18:48.542+0000] {dagbag.py:525} INFO - Filling up the DagBag from /home/airflow/.local/lib/python3.7/site-packages/airflow/example_dags/example_kubernetes_executor.py
[2022-10-19T16:18:48.584+0000] {processor.py:768} INFO - DAG(s) dict_keys(['example_kubernetes_executor']) retrieved from /home/airflow/.local/lib/python3.7/site-packages/airflow/example_dags/example_kubernetes_executor.py
[2022-10-19T16:18:48.613+0000] {logging_mixin.py:117} INFO - [2022-10-19T16:18:48.613+0000] {dag.py:2573} INFO - Sync 1 DAGs
[2022-10-19T16:18:48.629+0000] {logging_mixin.py:117} INFO - [2022-10-19T16:18:48.629+0000] {dag.py:3328} INFO - Setting next_dagrun for example_kubernetes_executor to None, run_after=None
[2022-10-19T16:18:48.642+0000] {processor.py:178} INFO - Processing /home/airflow/.local/lib/python3.7/site-packages/airflow/example_dags/example_kubernetes_executor.py took 0.107 seconds
[2022-10-19T16:19:19.458+0000] {processor.py:156} INFO - Started process (PID=2594) to work on /home/airflow/.local/lib/python3.7/site-packages/airflow/example_dags/example_kubernetes_executor.py
[2022-10-19T16:19:19.461+0000] {processor.py:758} INFO - Processing file /home/airflow/.local/lib/python3.7/site-packages/airflow/example_dags/example_kubernetes_executor.py for tasks to queue
[2022-10-19T16:19:19.462+0000] {logging_mixin.py:117} INFO - [2022-10-19T16:19:19.462+0000] {dagbag.py:525} INFO - Filling up the DagBag from /home/airflow/.local/lib/python3.7/site-packages/airflow/example_dags/example_kubernetes_executor.py
[2022-10-19T16:19:19.492+0000] {processor.py:768} INFO - DAG(s) dict_keys(['example_kubernetes_executor']) retrieved from /home/airflow/.local/lib/python3.7/site-packages/airflow/example_dags/example_kubernetes_executor.py
[2022-10-19T16:19:19.547+0000] {logging_mixin.py:117} INFO - [2022-10-19T16:19:19.546+0000] {dag.py:2573} INFO - Sync 1 DAGs
[2022-10-19T16:19:19.571+0000] {logging_mixin.py:117} INFO - [2022-10-19T16:19:19.571+0000] {dag.py:3328} INFO - Setting next_dagrun for example_kubernetes_executor to None, run_after=None
[2022-10-19T16:19:19.589+0000] {processor.py:178} INFO - Processing /home/airflow/.local/lib/python3.7/site-packages/airflow/example_dags/example_kubernetes_executor.py took 0.133 seconds
[2022-10-19T16:19:52.776+0000] {processor.py:156} INFO - Started process (PID=2650) to work on /home/airflow/.local/lib/python3.7/site-packages/airflow/example_dags/example_kubernetes_executor.py
[2022-10-19T16:19:52.797+0000] {processor.py:758} INFO - Processing file /home/airflow/.local/lib/python3.7/site-packages/airflow/example_dags/example_kubernetes_executor.py for tasks to queue
[2022-10-19T16:19:52.812+0000] {logging_mixin.py:117} INFO - [2022-10-19T16:19:52.812+0000] {dagbag.py:525} INFO - Filling up the DagBag from /home/airflow/.local/lib/python3.7/site-packages/airflow/example_dags/example_kubernetes_executor.py
[2022-10-19T16:19:53.092+0000] {processor.py:768} INFO - DAG(s) dict_keys(['example_kubernetes_executor']) retrieved from /home/airflow/.local/lib/python3.7/site-packages/airflow/example_dags/example_kubernetes_executor.py
[2022-10-19T16:19:53.426+0000] {logging_mixin.py:117} INFO - [2022-10-19T16:19:53.426+0000] {dag.py:2573} INFO - Sync 1 DAGs
[2022-10-19T16:19:53.441+0000] {logging_mixin.py:117} INFO - [2022-10-19T16:19:53.441+0000] {dag.py:3328} INFO - Setting next_dagrun for example_kubernetes_executor to None, run_after=None
[2022-10-19T16:19:53.481+0000] {processor.py:178} INFO - Processing /home/airflow/.local/lib/python3.7/site-packages/airflow/example_dags/example_kubernetes_executor.py took 0.708 seconds
[2022-10-19T16:20:24.168+0000] {processor.py:156} INFO - Started process (PID=2706) to work on /home/airflow/.local/lib/python3.7/site-packages/airflow/example_dags/example_kubernetes_executor.py
[2022-10-19T16:20:24.173+0000] {processor.py:758} INFO - Processing file /home/airflow/.local/lib/python3.7/site-packages/airflow/example_dags/example_kubernetes_executor.py for tasks to queue
[2022-10-19T16:20:24.175+0000] {logging_mixin.py:117} INFO - [2022-10-19T16:20:24.175+0000] {dagbag.py:525} INFO - Filling up the DagBag from /home/airflow/.local/lib/python3.7/site-packages/airflow/example_dags/example_kubernetes_executor.py
[2022-10-19T16:20:24.205+0000] {processor.py:768} INFO - DAG(s) dict_keys(['example_kubernetes_executor']) retrieved from /home/airflow/.local/lib/python3.7/site-packages/airflow/example_dags/example_kubernetes_executor.py
[2022-10-19T16:20:24.272+0000] {logging_mixin.py:117} INFO - [2022-10-19T16:20:24.272+0000] {dag.py:2573} INFO - Sync 1 DAGs
[2022-10-19T16:20:24.295+0000] {logging_mixin.py:117} INFO - [2022-10-19T16:20:24.295+0000] {dag.py:3328} INFO - Setting next_dagrun for example_kubernetes_executor to None, run_after=None
[2022-10-19T16:20:24.315+0000] {processor.py:178} INFO - Processing /home/airflow/.local/lib/python3.7/site-packages/airflow/example_dags/example_kubernetes_executor.py took 0.152 seconds
[2022-10-19T16:21:18.579+0000] {processor.py:156} INFO - Started process (PID=2757) to work on /home/airflow/.local/lib/python3.7/site-packages/airflow/example_dags/example_kubernetes_executor.py
[2022-10-19T16:21:18.589+0000] {processor.py:758} INFO - Processing file /home/airflow/.local/lib/python3.7/site-packages/airflow/example_dags/example_kubernetes_executor.py for tasks to queue
[2022-10-19T16:21:18.593+0000] {logging_mixin.py:117} INFO - [2022-10-19T16:21:18.592+0000] {dagbag.py:525} INFO - Filling up the DagBag from /home/airflow/.local/lib/python3.7/site-packages/airflow/example_dags/example_kubernetes_executor.py
[2022-10-19T16:21:18.702+0000] {processor.py:768} INFO - DAG(s) dict_keys(['example_kubernetes_executor']) retrieved from /home/airflow/.local/lib/python3.7/site-packages/airflow/example_dags/example_kubernetes_executor.py
[2022-10-19T16:21:18.789+0000] {logging_mixin.py:117} INFO - [2022-10-19T16:21:18.789+0000] {dag.py:2573} INFO - Sync 1 DAGs
[2022-10-19T16:21:18.841+0000] {logging_mixin.py:117} INFO - [2022-10-19T16:21:18.840+0000] {dag.py:3328} INFO - Setting next_dagrun for example_kubernetes_executor to None, run_after=None
[2022-10-19T16:21:18.880+0000] {processor.py:178} INFO - Processing /home/airflow/.local/lib/python3.7/site-packages/airflow/example_dags/example_kubernetes_executor.py took 0.320 seconds
[2022-10-19T16:22:12.071+0000] {processor.py:156} INFO - Started process (PID=2822) to work on /home/airflow/.local/lib/python3.7/site-packages/airflow/example_dags/example_kubernetes_executor.py
[2022-10-19T16:22:12.293+0000] {processor.py:758} INFO - Processing file /home/airflow/.local/lib/python3.7/site-packages/airflow/example_dags/example_kubernetes_executor.py for tasks to queue
[2022-10-19T16:22:12.310+0000] {logging_mixin.py:117} INFO - [2022-10-19T16:22:12.310+0000] {dagbag.py:525} INFO - Filling up the DagBag from /home/airflow/.local/lib/python3.7/site-packages/airflow/example_dags/example_kubernetes_executor.py
[2022-10-19T16:22:12.486+0000] {processor.py:768} INFO - DAG(s) dict_keys(['example_kubernetes_executor']) retrieved from /home/airflow/.local/lib/python3.7/site-packages/airflow/example_dags/example_kubernetes_executor.py
[2022-10-19T16:22:12.797+0000] {logging_mixin.py:117} INFO - [2022-10-19T16:22:12.797+0000] {dag.py:2573} INFO - Sync 1 DAGs
[2022-10-19T16:22:12.943+0000] {logging_mixin.py:117} INFO - [2022-10-19T16:22:12.943+0000] {dag.py:3328} INFO - Setting next_dagrun for example_kubernetes_executor to None, run_after=None
[2022-10-19T16:22:13.678+0000] {processor.py:178} INFO - Processing /home/airflow/.local/lib/python3.7/site-packages/airflow/example_dags/example_kubernetes_executor.py took 1.611 seconds
[2022-10-19T16:23:10.256+0000] {processor.py:156} INFO - Started process (PID=2877) to work on /home/airflow/.local/lib/python3.7/site-packages/airflow/example_dags/example_kubernetes_executor.py
[2022-10-19T16:23:10.259+0000] {processor.py:758} INFO - Processing file /home/airflow/.local/lib/python3.7/site-packages/airflow/example_dags/example_kubernetes_executor.py for tasks to queue
[2022-10-19T16:23:10.261+0000] {logging_mixin.py:117} INFO - [2022-10-19T16:23:10.261+0000] {dagbag.py:525} INFO - Filling up the DagBag from /home/airflow/.local/lib/python3.7/site-packages/airflow/example_dags/example_kubernetes_executor.py
[2022-10-19T16:23:10.318+0000] {processor.py:768} INFO - DAG(s) dict_keys(['example_kubernetes_executor']) retrieved from /home/airflow/.local/lib/python3.7/site-packages/airflow/example_dags/example_kubernetes_executor.py
[2022-10-19T16:23:10.385+0000] {logging_mixin.py:117} INFO - [2022-10-19T16:23:10.385+0000] {dag.py:2573} INFO - Sync 1 DAGs
[2022-10-19T16:23:10.411+0000] {logging_mixin.py:117} INFO - [2022-10-19T16:23:10.411+0000] {dag.py:3328} INFO - Setting next_dagrun for example_kubernetes_executor to None, run_after=None
[2022-10-19T16:23:10.431+0000] {processor.py:178} INFO - Processing /home/airflow/.local/lib/python3.7/site-packages/airflow/example_dags/example_kubernetes_executor.py took 0.178 seconds
[2022-10-19T16:23:48.622+0000] {processor.py:156} INFO - Started process (PID=2933) to work on /home/airflow/.local/lib/python3.7/site-packages/airflow/example_dags/example_kubernetes_executor.py
[2022-10-19T16:23:48.727+0000] {processor.py:758} INFO - Processing file /home/airflow/.local/lib/python3.7/site-packages/airflow/example_dags/example_kubernetes_executor.py for tasks to queue
[2022-10-19T16:23:48.740+0000] {logging_mixin.py:117} INFO - [2022-10-19T16:23:48.740+0000] {dagbag.py:525} INFO - Filling up the DagBag from /home/airflow/.local/lib/python3.7/site-packages/airflow/example_dags/example_kubernetes_executor.py
[2022-10-19T16:23:49.361+0000] {processor.py:768} INFO - DAG(s) dict_keys(['example_kubernetes_executor']) retrieved from /home/airflow/.local/lib/python3.7/site-packages/airflow/example_dags/example_kubernetes_executor.py
[2022-10-19T16:23:50.591+0000] {logging_mixin.py:117} INFO - [2022-10-19T16:23:50.562+0000] {dag.py:2573} INFO - Sync 1 DAGs
[2022-10-19T16:23:51.337+0000] {logging_mixin.py:117} INFO - [2022-10-19T16:23:51.336+0000] {dag.py:3328} INFO - Setting next_dagrun for example_kubernetes_executor to None, run_after=None
[2022-10-19T16:23:51.500+0000] {processor.py:178} INFO - Processing /home/airflow/.local/lib/python3.7/site-packages/airflow/example_dags/example_kubernetes_executor.py took 3.051 seconds
[2022-10-19T16:24:31.886+0000] {processor.py:156} INFO - Started process (PID=2994) to work on /home/airflow/.local/lib/python3.7/site-packages/airflow/example_dags/example_kubernetes_executor.py
[2022-10-19T16:24:32.936+0000] {processor.py:758} INFO - Processing file /home/airflow/.local/lib/python3.7/site-packages/airflow/example_dags/example_kubernetes_executor.py for tasks to queue
[2022-10-19T16:24:33.344+0000] {logging_mixin.py:117} INFO - [2022-10-19T16:24:33.333+0000] {dagbag.py:525} INFO - Filling up the DagBag from /home/airflow/.local/lib/python3.7/site-packages/airflow/example_dags/example_kubernetes_executor.py
[2022-10-19T16:24:35.848+0000] {processor.py:768} INFO - DAG(s) dict_keys(['example_kubernetes_executor']) retrieved from /home/airflow/.local/lib/python3.7/site-packages/airflow/example_dags/example_kubernetes_executor.py
[2022-10-19T16:24:36.965+0000] {logging_mixin.py:117} INFO - [2022-10-19T16:24:36.964+0000] {dag.py:2573} INFO - Sync 1 DAGs
[2022-10-19T16:24:37.269+0000] {logging_mixin.py:117} INFO - [2022-10-19T16:24:37.269+0000] {dag.py:3328} INFO - Setting next_dagrun for example_kubernetes_executor to None, run_after=None
[2022-10-19T16:24:37.500+0000] {processor.py:178} INFO - Processing /home/airflow/.local/lib/python3.7/site-packages/airflow/example_dags/example_kubernetes_executor.py took 5.824 seconds
[2022-10-19T16:25:07.755+0000] {processor.py:156} INFO - Started process (PID=3051) to work on /home/airflow/.local/lib/python3.7/site-packages/airflow/example_dags/example_kubernetes_executor.py
[2022-10-19T16:25:07.785+0000] {processor.py:758} INFO - Processing file /home/airflow/.local/lib/python3.7/site-packages/airflow/example_dags/example_kubernetes_executor.py for tasks to queue
[2022-10-19T16:25:07.789+0000] {logging_mixin.py:117} INFO - [2022-10-19T16:25:07.789+0000] {dagbag.py:525} INFO - Filling up the DagBag from /home/airflow/.local/lib/python3.7/site-packages/airflow/example_dags/example_kubernetes_executor.py
[2022-10-19T16:25:07.999+0000] {processor.py:768} INFO - DAG(s) dict_keys(['example_kubernetes_executor']) retrieved from /home/airflow/.local/lib/python3.7/site-packages/airflow/example_dags/example_kubernetes_executor.py
[2022-10-19T16:25:08.486+0000] {logging_mixin.py:117} INFO - [2022-10-19T16:25:08.485+0000] {dag.py:2573} INFO - Sync 1 DAGs
[2022-10-19T16:25:08.621+0000] {logging_mixin.py:117} INFO - [2022-10-19T16:25:08.620+0000] {dag.py:3328} INFO - Setting next_dagrun for example_kubernetes_executor to None, run_after=None
[2022-10-19T16:25:08.674+0000] {processor.py:178} INFO - Processing /home/airflow/.local/lib/python3.7/site-packages/airflow/example_dags/example_kubernetes_executor.py took 0.954 seconds
