[2022-10-19T15:36:26.202+0000] {processor.py:156} INFO - Started process (PID=187) to work on /home/airflow/.local/lib/python3.7/site-packages/airflow/example_dags/example_task_group.py
[2022-10-19T15:36:26.235+0000] {processor.py:758} INFO - Processing file /home/airflow/.local/lib/python3.7/site-packages/airflow/example_dags/example_task_group.py for tasks to queue
[2022-10-19T15:36:26.313+0000] {logging_mixin.py:117} INFO - [2022-10-19T15:36:26.313+0000] {dagbag.py:525} INFO - Filling up the DagBag from /home/airflow/.local/lib/python3.7/site-packages/airflow/example_dags/example_task_group.py
[2022-10-19T15:36:28.817+0000] {processor.py:768} INFO - DAG(s) dict_keys(['example_task_group']) retrieved from /home/airflow/.local/lib/python3.7/site-packages/airflow/example_dags/example_task_group.py
[2022-10-19T15:36:29.965+0000] {logging_mixin.py:117} INFO - [2022-10-19T15:36:29.952+0000] {dag.py:2573} INFO - Sync 1 DAGs
[2022-10-19T15:36:30.644+0000] {logging_mixin.py:117} INFO - [2022-10-19T15:36:30.643+0000] {dag.py:3328} INFO - Setting next_dagrun for example_task_group to 2022-10-18T15:36:30.638470+00:00, run_after=2022-10-19T15:36:30.638470+00:00
[2022-10-19T15:36:30.887+0000] {processor.py:178} INFO - Processing /home/airflow/.local/lib/python3.7/site-packages/airflow/example_dags/example_task_group.py took 5.743 seconds
[2022-10-19T15:37:01.456+0000] {processor.py:156} INFO - Started process (PID=243) to work on /home/airflow/.local/lib/python3.7/site-packages/airflow/example_dags/example_task_group.py
[2022-10-19T15:37:01.467+0000] {processor.py:758} INFO - Processing file /home/airflow/.local/lib/python3.7/site-packages/airflow/example_dags/example_task_group.py for tasks to queue
[2022-10-19T15:37:01.471+0000] {logging_mixin.py:117} INFO - [2022-10-19T15:37:01.471+0000] {dagbag.py:525} INFO - Filling up the DagBag from /home/airflow/.local/lib/python3.7/site-packages/airflow/example_dags/example_task_group.py
[2022-10-19T15:37:01.522+0000] {processor.py:768} INFO - DAG(s) dict_keys(['example_task_group']) retrieved from /home/airflow/.local/lib/python3.7/site-packages/airflow/example_dags/example_task_group.py
[2022-10-19T15:37:01.569+0000] {logging_mixin.py:117} INFO - [2022-10-19T15:37:01.569+0000] {dag.py:2573} INFO - Sync 1 DAGs
[2022-10-19T15:37:01.593+0000] {logging_mixin.py:117} INFO - [2022-10-19T15:37:01.593+0000] {dag.py:3328} INFO - Setting next_dagrun for example_task_group to 2022-10-18T15:37:01.593069+00:00, run_after=2022-10-19T15:37:01.593069+00:00
[2022-10-19T15:37:01.709+0000] {processor.py:178} INFO - Processing /home/airflow/.local/lib/python3.7/site-packages/airflow/example_dags/example_task_group.py took 0.272 seconds
[2022-10-19T15:37:33.335+0000] {processor.py:156} INFO - Started process (PID=306) to work on /home/airflow/.local/lib/python3.7/site-packages/airflow/example_dags/example_task_group.py
[2022-10-19T15:37:33.562+0000] {processor.py:758} INFO - Processing file /home/airflow/.local/lib/python3.7/site-packages/airflow/example_dags/example_task_group.py for tasks to queue
[2022-10-19T15:37:33.569+0000] {logging_mixin.py:117} INFO - [2022-10-19T15:37:33.569+0000] {dagbag.py:525} INFO - Filling up the DagBag from /home/airflow/.local/lib/python3.7/site-packages/airflow/example_dags/example_task_group.py
[2022-10-19T15:37:33.648+0000] {processor.py:768} INFO - DAG(s) dict_keys(['example_task_group']) retrieved from /home/airflow/.local/lib/python3.7/site-packages/airflow/example_dags/example_task_group.py
[2022-10-19T15:37:33.834+0000] {logging_mixin.py:117} INFO - [2022-10-19T15:37:33.834+0000] {dag.py:2573} INFO - Sync 1 DAGs
[2022-10-19T15:37:33.872+0000] {logging_mixin.py:117} INFO - [2022-10-19T15:37:33.872+0000] {dag.py:3328} INFO - Setting next_dagrun for example_task_group to 2022-10-18T15:37:33.871830+00:00, run_after=2022-10-19T15:37:33.871830+00:00
[2022-10-19T15:37:33.890+0000] {processor.py:178} INFO - Processing /home/airflow/.local/lib/python3.7/site-packages/airflow/example_dags/example_task_group.py took 0.569 seconds
[2022-10-19T15:38:04.986+0000] {processor.py:156} INFO - Started process (PID=364) to work on /home/airflow/.local/lib/python3.7/site-packages/airflow/example_dags/example_task_group.py
[2022-10-19T15:38:04.989+0000] {processor.py:758} INFO - Processing file /home/airflow/.local/lib/python3.7/site-packages/airflow/example_dags/example_task_group.py for tasks to queue
[2022-10-19T15:38:04.990+0000] {logging_mixin.py:117} INFO - [2022-10-19T15:38:04.990+0000] {dagbag.py:525} INFO - Filling up the DagBag from /home/airflow/.local/lib/python3.7/site-packages/airflow/example_dags/example_task_group.py
[2022-10-19T15:38:05.005+0000] {processor.py:768} INFO - DAG(s) dict_keys(['example_task_group']) retrieved from /home/airflow/.local/lib/python3.7/site-packages/airflow/example_dags/example_task_group.py
[2022-10-19T15:38:05.032+0000] {logging_mixin.py:117} INFO - [2022-10-19T15:38:05.032+0000] {dag.py:2573} INFO - Sync 1 DAGs
[2022-10-19T15:38:05.045+0000] {logging_mixin.py:117} INFO - [2022-10-19T15:38:05.045+0000] {dag.py:3328} INFO - Setting next_dagrun for example_task_group to 2022-10-18T15:38:05.045251+00:00, run_after=2022-10-19T15:38:05.045251+00:00
[2022-10-19T15:38:05.056+0000] {processor.py:178} INFO - Processing /home/airflow/.local/lib/python3.7/site-packages/airflow/example_dags/example_task_group.py took 0.073 seconds
[2022-10-19T15:38:37.628+0000] {processor.py:156} INFO - Started process (PID=429) to work on /home/airflow/.local/lib/python3.7/site-packages/airflow/example_dags/example_task_group.py
[2022-10-19T15:38:37.632+0000] {processor.py:758} INFO - Processing file /home/airflow/.local/lib/python3.7/site-packages/airflow/example_dags/example_task_group.py for tasks to queue
[2022-10-19T15:38:37.634+0000] {logging_mixin.py:117} INFO - [2022-10-19T15:38:37.633+0000] {dagbag.py:525} INFO - Filling up the DagBag from /home/airflow/.local/lib/python3.7/site-packages/airflow/example_dags/example_task_group.py
[2022-10-19T15:38:37.664+0000] {processor.py:768} INFO - DAG(s) dict_keys(['example_task_group']) retrieved from /home/airflow/.local/lib/python3.7/site-packages/airflow/example_dags/example_task_group.py
[2022-10-19T15:38:37.723+0000] {logging_mixin.py:117} INFO - [2022-10-19T15:38:37.723+0000] {dag.py:2573} INFO - Sync 1 DAGs
[2022-10-19T15:38:37.751+0000] {logging_mixin.py:117} INFO - [2022-10-19T15:38:37.751+0000] {dag.py:3328} INFO - Setting next_dagrun for example_task_group to 2022-10-18T15:38:37.751257+00:00, run_after=2022-10-19T15:38:37.751257+00:00
[2022-10-19T15:38:37.776+0000] {processor.py:178} INFO - Processing /home/airflow/.local/lib/python3.7/site-packages/airflow/example_dags/example_task_group.py took 0.156 seconds
[2022-10-19T15:39:08.892+0000] {processor.py:156} INFO - Started process (PID=484) to work on /home/airflow/.local/lib/python3.7/site-packages/airflow/example_dags/example_task_group.py
[2022-10-19T15:39:08.896+0000] {processor.py:758} INFO - Processing file /home/airflow/.local/lib/python3.7/site-packages/airflow/example_dags/example_task_group.py for tasks to queue
[2022-10-19T15:39:08.900+0000] {logging_mixin.py:117} INFO - [2022-10-19T15:39:08.899+0000] {dagbag.py:525} INFO - Filling up the DagBag from /home/airflow/.local/lib/python3.7/site-packages/airflow/example_dags/example_task_group.py
[2022-10-19T15:39:08.927+0000] {processor.py:768} INFO - DAG(s) dict_keys(['example_task_group']) retrieved from /home/airflow/.local/lib/python3.7/site-packages/airflow/example_dags/example_task_group.py
[2022-10-19T15:39:08.984+0000] {logging_mixin.py:117} INFO - [2022-10-19T15:39:08.984+0000] {dag.py:2573} INFO - Sync 1 DAGs
[2022-10-19T15:39:09.009+0000] {logging_mixin.py:117} INFO - [2022-10-19T15:39:09.009+0000] {dag.py:3328} INFO - Setting next_dagrun for example_task_group to 2022-10-18T15:39:09.009438+00:00, run_after=2022-10-19T15:39:09.009438+00:00
[2022-10-19T15:39:09.025+0000] {processor.py:178} INFO - Processing /home/airflow/.local/lib/python3.7/site-packages/airflow/example_dags/example_task_group.py took 0.136 seconds
[2022-10-19T15:39:56.625+0000] {processor.py:156} INFO - Started process (PID=550) to work on /home/airflow/.local/lib/python3.7/site-packages/airflow/example_dags/example_task_group.py
[2022-10-19T15:39:56.636+0000] {processor.py:758} INFO - Processing file /home/airflow/.local/lib/python3.7/site-packages/airflow/example_dags/example_task_group.py for tasks to queue
[2022-10-19T15:39:56.639+0000] {logging_mixin.py:117} INFO - [2022-10-19T15:39:56.638+0000] {dagbag.py:525} INFO - Filling up the DagBag from /home/airflow/.local/lib/python3.7/site-packages/airflow/example_dags/example_task_group.py
[2022-10-19T15:39:56.710+0000] {processor.py:768} INFO - DAG(s) dict_keys(['example_task_group']) retrieved from /home/airflow/.local/lib/python3.7/site-packages/airflow/example_dags/example_task_group.py
[2022-10-19T15:39:56.816+0000] {logging_mixin.py:117} INFO - [2022-10-19T15:39:56.816+0000] {dag.py:2573} INFO - Sync 1 DAGs
[2022-10-19T15:39:56.871+0000] {logging_mixin.py:117} INFO - [2022-10-19T15:39:56.871+0000] {dag.py:3328} INFO - Setting next_dagrun for example_task_group to 2022-10-18T15:39:56.870856+00:00, run_after=2022-10-19T15:39:56.870856+00:00
[2022-10-19T15:39:56.902+0000] {processor.py:178} INFO - Processing /home/airflow/.local/lib/python3.7/site-packages/airflow/example_dags/example_task_group.py took 0.292 seconds
[2022-10-19T15:40:27.883+0000] {processor.py:156} INFO - Started process (PID=615) to work on /home/airflow/.local/lib/python3.7/site-packages/airflow/example_dags/example_task_group.py
[2022-10-19T15:40:27.886+0000] {processor.py:758} INFO - Processing file /home/airflow/.local/lib/python3.7/site-packages/airflow/example_dags/example_task_group.py for tasks to queue
[2022-10-19T15:40:27.888+0000] {logging_mixin.py:117} INFO - [2022-10-19T15:40:27.888+0000] {dagbag.py:525} INFO - Filling up the DagBag from /home/airflow/.local/lib/python3.7/site-packages/airflow/example_dags/example_task_group.py
[2022-10-19T15:40:27.915+0000] {processor.py:768} INFO - DAG(s) dict_keys(['example_task_group']) retrieved from /home/airflow/.local/lib/python3.7/site-packages/airflow/example_dags/example_task_group.py
[2022-10-19T15:40:27.977+0000] {logging_mixin.py:117} INFO - [2022-10-19T15:40:27.977+0000] {dag.py:2573} INFO - Sync 1 DAGs
[2022-10-19T15:40:28.006+0000] {logging_mixin.py:117} INFO - [2022-10-19T15:40:28.006+0000] {dag.py:3328} INFO - Setting next_dagrun for example_task_group to 2022-10-18T15:40:28.005936+00:00, run_after=2022-10-19T15:40:28.005936+00:00
[2022-10-19T15:40:28.049+0000] {processor.py:178} INFO - Processing /home/airflow/.local/lib/python3.7/site-packages/airflow/example_dags/example_task_group.py took 0.173 seconds
[2022-10-19T15:40:59.127+0000] {processor.py:156} INFO - Started process (PID=671) to work on /home/airflow/.local/lib/python3.7/site-packages/airflow/example_dags/example_task_group.py
[2022-10-19T15:40:59.134+0000] {processor.py:758} INFO - Processing file /home/airflow/.local/lib/python3.7/site-packages/airflow/example_dags/example_task_group.py for tasks to queue
[2022-10-19T15:40:59.141+0000] {logging_mixin.py:117} INFO - [2022-10-19T15:40:59.140+0000] {dagbag.py:525} INFO - Filling up the DagBag from /home/airflow/.local/lib/python3.7/site-packages/airflow/example_dags/example_task_group.py
[2022-10-19T15:40:59.212+0000] {processor.py:768} INFO - DAG(s) dict_keys(['example_task_group']) retrieved from /home/airflow/.local/lib/python3.7/site-packages/airflow/example_dags/example_task_group.py
[2022-10-19T15:40:59.286+0000] {logging_mixin.py:117} INFO - [2022-10-19T15:40:59.286+0000] {dag.py:2573} INFO - Sync 1 DAGs
[2022-10-19T15:40:59.328+0000] {logging_mixin.py:117} INFO - [2022-10-19T15:40:59.328+0000] {dag.py:3328} INFO - Setting next_dagrun for example_task_group to 2022-10-18T15:40:59.327546+00:00, run_after=2022-10-19T15:40:59.327546+00:00
[2022-10-19T15:40:59.351+0000] {processor.py:178} INFO - Processing /home/airflow/.local/lib/python3.7/site-packages/airflow/example_dags/example_task_group.py took 0.237 seconds
[2022-10-19T15:41:30.194+0000] {processor.py:156} INFO - Started process (PID=737) to work on /home/airflow/.local/lib/python3.7/site-packages/airflow/example_dags/example_task_group.py
[2022-10-19T15:41:30.200+0000] {processor.py:758} INFO - Processing file /home/airflow/.local/lib/python3.7/site-packages/airflow/example_dags/example_task_group.py for tasks to queue
[2022-10-19T15:41:30.209+0000] {logging_mixin.py:117} INFO - [2022-10-19T15:41:30.208+0000] {dagbag.py:525} INFO - Filling up the DagBag from /home/airflow/.local/lib/python3.7/site-packages/airflow/example_dags/example_task_group.py
[2022-10-19T15:41:30.250+0000] {processor.py:768} INFO - DAG(s) dict_keys(['example_task_group']) retrieved from /home/airflow/.local/lib/python3.7/site-packages/airflow/example_dags/example_task_group.py
[2022-10-19T15:41:30.300+0000] {logging_mixin.py:117} INFO - [2022-10-19T15:41:30.300+0000] {dag.py:2573} INFO - Sync 1 DAGs
[2022-10-19T15:41:30.320+0000] {logging_mixin.py:117} INFO - [2022-10-19T15:41:30.320+0000] {dag.py:3328} INFO - Setting next_dagrun for example_task_group to 2022-10-18T15:41:30.320337+00:00, run_after=2022-10-19T15:41:30.320337+00:00
[2022-10-19T15:41:30.334+0000] {processor.py:178} INFO - Processing /home/airflow/.local/lib/python3.7/site-packages/airflow/example_dags/example_task_group.py took 0.145 seconds
[2022-10-19T15:42:01.004+0000] {processor.py:156} INFO - Started process (PID=802) to work on /home/airflow/.local/lib/python3.7/site-packages/airflow/example_dags/example_task_group.py
[2022-10-19T15:42:01.007+0000] {processor.py:758} INFO - Processing file /home/airflow/.local/lib/python3.7/site-packages/airflow/example_dags/example_task_group.py for tasks to queue
[2022-10-19T15:42:01.009+0000] {logging_mixin.py:117} INFO - [2022-10-19T15:42:01.008+0000] {dagbag.py:525} INFO - Filling up the DagBag from /home/airflow/.local/lib/python3.7/site-packages/airflow/example_dags/example_task_group.py
[2022-10-19T15:42:01.026+0000] {processor.py:768} INFO - DAG(s) dict_keys(['example_task_group']) retrieved from /home/airflow/.local/lib/python3.7/site-packages/airflow/example_dags/example_task_group.py
[2022-10-19T15:42:01.061+0000] {logging_mixin.py:117} INFO - [2022-10-19T15:42:01.061+0000] {dag.py:2573} INFO - Sync 1 DAGs
[2022-10-19T15:42:01.079+0000] {logging_mixin.py:117} INFO - [2022-10-19T15:42:01.079+0000] {dag.py:3328} INFO - Setting next_dagrun for example_task_group to 2022-10-18T15:42:01.079480+00:00, run_after=2022-10-19T15:42:01.079480+00:00
[2022-10-19T15:42:01.095+0000] {processor.py:178} INFO - Processing /home/airflow/.local/lib/python3.7/site-packages/airflow/example_dags/example_task_group.py took 0.096 seconds
[2022-10-19T15:42:31.552+0000] {processor.py:156} INFO - Started process (PID=867) to work on /home/airflow/.local/lib/python3.7/site-packages/airflow/example_dags/example_task_group.py
[2022-10-19T15:42:31.553+0000] {processor.py:758} INFO - Processing file /home/airflow/.local/lib/python3.7/site-packages/airflow/example_dags/example_task_group.py for tasks to queue
[2022-10-19T15:42:31.554+0000] {logging_mixin.py:117} INFO - [2022-10-19T15:42:31.554+0000] {dagbag.py:525} INFO - Filling up the DagBag from /home/airflow/.local/lib/python3.7/site-packages/airflow/example_dags/example_task_group.py
[2022-10-19T15:42:31.570+0000] {processor.py:768} INFO - DAG(s) dict_keys(['example_task_group']) retrieved from /home/airflow/.local/lib/python3.7/site-packages/airflow/example_dags/example_task_group.py
[2022-10-19T15:42:31.606+0000] {logging_mixin.py:117} INFO - [2022-10-19T15:42:31.606+0000] {dag.py:2573} INFO - Sync 1 DAGs
[2022-10-19T15:42:31.627+0000] {logging_mixin.py:117} INFO - [2022-10-19T15:42:31.627+0000] {dag.py:3328} INFO - Setting next_dagrun for example_task_group to 2022-10-18T15:42:31.627269+00:00, run_after=2022-10-19T15:42:31.627269+00:00
[2022-10-19T15:42:31.643+0000] {processor.py:178} INFO - Processing /home/airflow/.local/lib/python3.7/site-packages/airflow/example_dags/example_task_group.py took 0.094 seconds
[2022-10-19T15:43:02.296+0000] {processor.py:156} INFO - Started process (PID=924) to work on /home/airflow/.local/lib/python3.7/site-packages/airflow/example_dags/example_task_group.py
[2022-10-19T15:43:02.299+0000] {processor.py:758} INFO - Processing file /home/airflow/.local/lib/python3.7/site-packages/airflow/example_dags/example_task_group.py for tasks to queue
[2022-10-19T15:43:02.302+0000] {logging_mixin.py:117} INFO - [2022-10-19T15:43:02.301+0000] {dagbag.py:525} INFO - Filling up the DagBag from /home/airflow/.local/lib/python3.7/site-packages/airflow/example_dags/example_task_group.py
[2022-10-19T15:43:02.361+0000] {processor.py:768} INFO - DAG(s) dict_keys(['example_task_group']) retrieved from /home/airflow/.local/lib/python3.7/site-packages/airflow/example_dags/example_task_group.py
[2022-10-19T15:43:02.435+0000] {logging_mixin.py:117} INFO - [2022-10-19T15:43:02.434+0000] {dag.py:2573} INFO - Sync 1 DAGs
[2022-10-19T15:43:02.462+0000] {logging_mixin.py:117} INFO - [2022-10-19T15:43:02.461+0000] {dag.py:3328} INFO - Setting next_dagrun for example_task_group to 2022-10-18T15:43:02.461734+00:00, run_after=2022-10-19T15:43:02.461734+00:00
[2022-10-19T15:43:02.477+0000] {processor.py:178} INFO - Processing /home/airflow/.local/lib/python3.7/site-packages/airflow/example_dags/example_task_group.py took 0.204 seconds
[2022-10-19T15:43:37.551+0000] {processor.py:156} INFO - Started process (PID=989) to work on /home/airflow/.local/lib/python3.7/site-packages/airflow/example_dags/example_task_group.py
[2022-10-19T15:43:37.554+0000] {processor.py:758} INFO - Processing file /home/airflow/.local/lib/python3.7/site-packages/airflow/example_dags/example_task_group.py for tasks to queue
[2022-10-19T15:43:37.562+0000] {logging_mixin.py:117} INFO - [2022-10-19T15:43:37.562+0000] {dagbag.py:525} INFO - Filling up the DagBag from /home/airflow/.local/lib/python3.7/site-packages/airflow/example_dags/example_task_group.py
[2022-10-19T15:43:37.588+0000] {processor.py:768} INFO - DAG(s) dict_keys(['example_task_group']) retrieved from /home/airflow/.local/lib/python3.7/site-packages/airflow/example_dags/example_task_group.py
[2022-10-19T15:43:37.656+0000] {logging_mixin.py:117} INFO - [2022-10-19T15:43:37.656+0000] {dag.py:2573} INFO - Sync 1 DAGs
[2022-10-19T15:43:37.702+0000] {logging_mixin.py:117} INFO - [2022-10-19T15:43:37.702+0000] {dag.py:3328} INFO - Setting next_dagrun for example_task_group to 2022-10-18T15:43:37.688574+00:00, run_after=2022-10-19T15:43:37.688574+00:00
[2022-10-19T15:43:37.852+0000] {processor.py:178} INFO - Processing /home/airflow/.local/lib/python3.7/site-packages/airflow/example_dags/example_task_group.py took 0.306 seconds
[2022-10-19T15:44:51.373+0000] {processor.py:156} INFO - Started process (PID=1056) to work on /home/airflow/.local/lib/python3.7/site-packages/airflow/example_dags/example_task_group.py
[2022-10-19T15:44:51.383+0000] {processor.py:758} INFO - Processing file /home/airflow/.local/lib/python3.7/site-packages/airflow/example_dags/example_task_group.py for tasks to queue
[2022-10-19T15:44:51.386+0000] {logging_mixin.py:117} INFO - [2022-10-19T15:44:51.386+0000] {dagbag.py:525} INFO - Filling up the DagBag from /home/airflow/.local/lib/python3.7/site-packages/airflow/example_dags/example_task_group.py
[2022-10-19T15:44:51.518+0000] {processor.py:768} INFO - DAG(s) dict_keys(['example_task_group']) retrieved from /home/airflow/.local/lib/python3.7/site-packages/airflow/example_dags/example_task_group.py
[2022-10-19T15:44:51.656+0000] {logging_mixin.py:117} INFO - [2022-10-19T15:44:51.656+0000] {dag.py:2573} INFO - Sync 1 DAGs
[2022-10-19T15:44:51.851+0000] {logging_mixin.py:117} INFO - [2022-10-19T15:44:51.850+0000] {dag.py:3328} INFO - Setting next_dagrun for example_task_group to 2022-10-18T15:44:51.849530+00:00, run_after=2022-10-19T15:44:51.849530+00:00
[2022-10-19T15:44:52.547+0000] {processor.py:178} INFO - Processing /home/airflow/.local/lib/python3.7/site-packages/airflow/example_dags/example_task_group.py took 1.181 seconds
[2022-10-19T15:45:24.864+0000] {processor.py:156} INFO - Started process (PID=1112) to work on /home/airflow/.local/lib/python3.7/site-packages/airflow/example_dags/example_task_group.py
[2022-10-19T15:45:24.927+0000] {processor.py:758} INFO - Processing file /home/airflow/.local/lib/python3.7/site-packages/airflow/example_dags/example_task_group.py for tasks to queue
[2022-10-19T15:45:24.988+0000] {logging_mixin.py:117} INFO - [2022-10-19T15:45:24.988+0000] {dagbag.py:525} INFO - Filling up the DagBag from /home/airflow/.local/lib/python3.7/site-packages/airflow/example_dags/example_task_group.py
[2022-10-19T15:45:25.051+0000] {processor.py:768} INFO - DAG(s) dict_keys(['example_task_group']) retrieved from /home/airflow/.local/lib/python3.7/site-packages/airflow/example_dags/example_task_group.py
[2022-10-19T15:45:25.184+0000] {logging_mixin.py:117} INFO - [2022-10-19T15:45:25.184+0000] {dag.py:2573} INFO - Sync 1 DAGs
[2022-10-19T15:45:25.281+0000] {logging_mixin.py:117} INFO - [2022-10-19T15:45:25.281+0000] {dag.py:3328} INFO - Setting next_dagrun for example_task_group to 2022-10-18T15:45:25.267838+00:00, run_after=2022-10-19T15:45:25.267838+00:00
[2022-10-19T15:45:25.335+0000] {processor.py:178} INFO - Processing /home/airflow/.local/lib/python3.7/site-packages/airflow/example_dags/example_task_group.py took 0.478 seconds
[2022-10-19T15:46:47.843+0000] {processor.py:156} INFO - Started process (PID=1187) to work on /home/airflow/.local/lib/python3.7/site-packages/airflow/example_dags/example_task_group.py
[2022-10-19T15:46:47.852+0000] {processor.py:758} INFO - Processing file /home/airflow/.local/lib/python3.7/site-packages/airflow/example_dags/example_task_group.py for tasks to queue
[2022-10-19T15:46:47.855+0000] {logging_mixin.py:117} INFO - [2022-10-19T15:46:47.855+0000] {dagbag.py:525} INFO - Filling up the DagBag from /home/airflow/.local/lib/python3.7/site-packages/airflow/example_dags/example_task_group.py
[2022-10-19T15:46:47.872+0000] {processor.py:768} INFO - DAG(s) dict_keys(['example_task_group']) retrieved from /home/airflow/.local/lib/python3.7/site-packages/airflow/example_dags/example_task_group.py
[2022-10-19T15:46:47.916+0000] {logging_mixin.py:117} INFO - [2022-10-19T15:46:47.916+0000] {dag.py:2573} INFO - Sync 1 DAGs
[2022-10-19T15:46:47.953+0000] {logging_mixin.py:117} INFO - [2022-10-19T15:46:47.953+0000] {dag.py:3328} INFO - Setting next_dagrun for example_task_group to 2022-10-18T15:46:47.953010+00:00, run_after=2022-10-19T15:46:47.953010+00:00
[2022-10-19T15:46:47.985+0000] {processor.py:178} INFO - Processing /home/airflow/.local/lib/python3.7/site-packages/airflow/example_dags/example_task_group.py took 0.145 seconds
[2022-10-19T15:47:18.087+0000] {processor.py:156} INFO - Started process (PID=1245) to work on /home/airflow/.local/lib/python3.7/site-packages/airflow/example_dags/example_task_group.py
[2022-10-19T15:47:18.088+0000] {processor.py:758} INFO - Processing file /home/airflow/.local/lib/python3.7/site-packages/airflow/example_dags/example_task_group.py for tasks to queue
[2022-10-19T15:47:18.090+0000] {logging_mixin.py:117} INFO - [2022-10-19T15:47:18.090+0000] {dagbag.py:525} INFO - Filling up the DagBag from /home/airflow/.local/lib/python3.7/site-packages/airflow/example_dags/example_task_group.py
[2022-10-19T15:47:18.106+0000] {processor.py:768} INFO - DAG(s) dict_keys(['example_task_group']) retrieved from /home/airflow/.local/lib/python3.7/site-packages/airflow/example_dags/example_task_group.py
[2022-10-19T15:47:18.147+0000] {logging_mixin.py:117} INFO - [2022-10-19T15:47:18.147+0000] {dag.py:2573} INFO - Sync 1 DAGs
[2022-10-19T15:47:18.164+0000] {logging_mixin.py:117} INFO - [2022-10-19T15:47:18.164+0000] {dag.py:3328} INFO - Setting next_dagrun for example_task_group to 2022-10-18T15:47:18.164267+00:00, run_after=2022-10-19T15:47:18.164267+00:00
[2022-10-19T15:47:18.179+0000] {processor.py:178} INFO - Processing /home/airflow/.local/lib/python3.7/site-packages/airflow/example_dags/example_task_group.py took 0.094 seconds
[2022-10-19T15:47:57.238+0000] {processor.py:156} INFO - Started process (PID=1309) to work on /home/airflow/.local/lib/python3.7/site-packages/airflow/example_dags/example_task_group.py
[2022-10-19T15:47:57.245+0000] {processor.py:758} INFO - Processing file /home/airflow/.local/lib/python3.7/site-packages/airflow/example_dags/example_task_group.py for tasks to queue
[2022-10-19T15:47:57.258+0000] {logging_mixin.py:117} INFO - [2022-10-19T15:47:57.258+0000] {dagbag.py:525} INFO - Filling up the DagBag from /home/airflow/.local/lib/python3.7/site-packages/airflow/example_dags/example_task_group.py
[2022-10-19T15:47:57.435+0000] {processor.py:768} INFO - DAG(s) dict_keys(['example_task_group']) retrieved from /home/airflow/.local/lib/python3.7/site-packages/airflow/example_dags/example_task_group.py
[2022-10-19T15:47:57.601+0000] {logging_mixin.py:117} INFO - [2022-10-19T15:47:57.601+0000] {dag.py:2573} INFO - Sync 1 DAGs
[2022-10-19T15:47:57.631+0000] {logging_mixin.py:117} INFO - [2022-10-19T15:47:57.631+0000] {dag.py:3328} INFO - Setting next_dagrun for example_task_group to 2022-10-18T15:47:57.630985+00:00, run_after=2022-10-19T15:47:57.630985+00:00
[2022-10-19T15:47:57.652+0000] {processor.py:178} INFO - Processing /home/airflow/.local/lib/python3.7/site-packages/airflow/example_dags/example_task_group.py took 0.466 seconds
[2022-10-19T15:48:32.513+0000] {processor.py:156} INFO - Started process (PID=1369) to work on /home/airflow/.local/lib/python3.7/site-packages/airflow/example_dags/example_task_group.py
[2022-10-19T15:48:32.524+0000] {processor.py:758} INFO - Processing file /home/airflow/.local/lib/python3.7/site-packages/airflow/example_dags/example_task_group.py for tasks to queue
[2022-10-19T15:48:32.529+0000] {logging_mixin.py:117} INFO - [2022-10-19T15:48:32.529+0000] {dagbag.py:525} INFO - Filling up the DagBag from /home/airflow/.local/lib/python3.7/site-packages/airflow/example_dags/example_task_group.py
[2022-10-19T15:48:32.633+0000] {processor.py:768} INFO - DAG(s) dict_keys(['example_task_group']) retrieved from /home/airflow/.local/lib/python3.7/site-packages/airflow/example_dags/example_task_group.py
[2022-10-19T15:48:33.253+0000] {logging_mixin.py:117} INFO - [2022-10-19T15:48:33.252+0000] {dag.py:2573} INFO - Sync 1 DAGs
[2022-10-19T15:48:43.487+0000] {logging_mixin.py:117} INFO - [2022-10-19T15:48:43.480+0000] {dag.py:3328} INFO - Setting next_dagrun for example_task_group to 2022-10-18T15:48:43.458401+00:00, run_after=2022-10-19T15:48:43.458401+00:00
[2022-10-19T15:48:45.910+0000] {processor.py:178} INFO - Processing /home/airflow/.local/lib/python3.7/site-packages/airflow/example_dags/example_task_group.py took 12.926 seconds
[2022-10-19T15:51:32.890+0000] {processor.py:156} INFO - Started process (PID=1488) to work on /home/airflow/.local/lib/python3.7/site-packages/airflow/example_dags/example_task_group.py
[2022-10-19T15:51:32.892+0000] {processor.py:758} INFO - Processing file /home/airflow/.local/lib/python3.7/site-packages/airflow/example_dags/example_task_group.py for tasks to queue
[2022-10-19T15:51:32.893+0000] {logging_mixin.py:117} INFO - [2022-10-19T15:51:32.893+0000] {dagbag.py:525} INFO - Filling up the DagBag from /home/airflow/.local/lib/python3.7/site-packages/airflow/example_dags/example_task_group.py
[2022-10-19T15:51:32.908+0000] {processor.py:768} INFO - DAG(s) dict_keys(['example_task_group']) retrieved from /home/airflow/.local/lib/python3.7/site-packages/airflow/example_dags/example_task_group.py
[2022-10-19T15:51:32.949+0000] {logging_mixin.py:117} INFO - [2022-10-19T15:51:32.949+0000] {dag.py:2573} INFO - Sync 1 DAGs
[2022-10-19T15:51:32.979+0000] {logging_mixin.py:117} INFO - [2022-10-19T15:51:32.979+0000] {dag.py:3328} INFO - Setting next_dagrun for example_task_group to 2022-10-18T15:51:32.979023+00:00, run_after=2022-10-19T15:51:32.979023+00:00
[2022-10-19T15:51:33.003+0000] {processor.py:178} INFO - Processing /home/airflow/.local/lib/python3.7/site-packages/airflow/example_dags/example_task_group.py took 0.115 seconds
[2022-10-19T15:59:17.516+0000] {processor.py:156} INFO - Started process (PID=135) to work on /home/airflow/.local/lib/python3.7/site-packages/airflow/example_dags/example_task_group.py
[2022-10-19T15:59:17.522+0000] {processor.py:758} INFO - Processing file /home/airflow/.local/lib/python3.7/site-packages/airflow/example_dags/example_task_group.py for tasks to queue
[2022-10-19T15:59:17.523+0000] {logging_mixin.py:117} INFO - [2022-10-19T15:59:17.523+0000] {dagbag.py:525} INFO - Filling up the DagBag from /home/airflow/.local/lib/python3.7/site-packages/airflow/example_dags/example_task_group.py
[2022-10-19T15:59:17.541+0000] {processor.py:768} INFO - DAG(s) dict_keys(['example_task_group']) retrieved from /home/airflow/.local/lib/python3.7/site-packages/airflow/example_dags/example_task_group.py
[2022-10-19T15:59:17.586+0000] {logging_mixin.py:117} INFO - [2022-10-19T15:59:17.586+0000] {dag.py:2573} INFO - Sync 1 DAGs
[2022-10-19T15:59:17.603+0000] {logging_mixin.py:117} INFO - [2022-10-19T15:59:17.603+0000] {dag.py:3328} INFO - Setting next_dagrun for example_task_group to 2022-10-18T15:59:17.603721+00:00, run_after=2022-10-19T15:59:17.603721+00:00
[2022-10-19T15:59:17.624+0000] {processor.py:178} INFO - Processing /home/airflow/.local/lib/python3.7/site-packages/airflow/example_dags/example_task_group.py took 0.111 seconds
[2022-10-19T15:59:49.080+0000] {processor.py:156} INFO - Started process (PID=200) to work on /home/airflow/.local/lib/python3.7/site-packages/airflow/example_dags/example_task_group.py
[2022-10-19T15:59:49.090+0000] {processor.py:758} INFO - Processing file /home/airflow/.local/lib/python3.7/site-packages/airflow/example_dags/example_task_group.py for tasks to queue
[2022-10-19T15:59:49.094+0000] {logging_mixin.py:117} INFO - [2022-10-19T15:59:49.094+0000] {dagbag.py:525} INFO - Filling up the DagBag from /home/airflow/.local/lib/python3.7/site-packages/airflow/example_dags/example_task_group.py
[2022-10-19T15:59:49.112+0000] {processor.py:768} INFO - DAG(s) dict_keys(['example_task_group']) retrieved from /home/airflow/.local/lib/python3.7/site-packages/airflow/example_dags/example_task_group.py
[2022-10-19T15:59:49.154+0000] {logging_mixin.py:117} INFO - [2022-10-19T15:59:49.153+0000] {dag.py:2573} INFO - Sync 1 DAGs
[2022-10-19T15:59:49.171+0000] {logging_mixin.py:117} INFO - [2022-10-19T15:59:49.171+0000] {dag.py:3328} INFO - Setting next_dagrun for example_task_group to 2022-10-18T15:59:49.171361+00:00, run_after=2022-10-19T15:59:49.171361+00:00
[2022-10-19T15:59:49.192+0000] {processor.py:178} INFO - Processing /home/airflow/.local/lib/python3.7/site-packages/airflow/example_dags/example_task_group.py took 0.114 seconds
[2022-10-19T16:00:24.121+0000] {processor.py:156} INFO - Started process (PID=265) to work on /home/airflow/.local/lib/python3.7/site-packages/airflow/example_dags/example_task_group.py
[2022-10-19T16:00:24.124+0000] {processor.py:758} INFO - Processing file /home/airflow/.local/lib/python3.7/site-packages/airflow/example_dags/example_task_group.py for tasks to queue
[2022-10-19T16:00:24.125+0000] {logging_mixin.py:117} INFO - [2022-10-19T16:00:24.125+0000] {dagbag.py:525} INFO - Filling up the DagBag from /home/airflow/.local/lib/python3.7/site-packages/airflow/example_dags/example_task_group.py
[2022-10-19T16:00:24.157+0000] {processor.py:768} INFO - DAG(s) dict_keys(['example_task_group']) retrieved from /home/airflow/.local/lib/python3.7/site-packages/airflow/example_dags/example_task_group.py
[2022-10-19T16:00:24.201+0000] {logging_mixin.py:117} INFO - [2022-10-19T16:00:24.201+0000] {dag.py:2573} INFO - Sync 1 DAGs
[2022-10-19T16:00:24.232+0000] {logging_mixin.py:117} INFO - [2022-10-19T16:00:24.232+0000] {dag.py:3328} INFO - Setting next_dagrun for example_task_group to 2022-10-18T16:00:24.232451+00:00, run_after=2022-10-19T16:00:24.232451+00:00
[2022-10-19T16:00:24.258+0000] {processor.py:178} INFO - Processing /home/airflow/.local/lib/python3.7/site-packages/airflow/example_dags/example_task_group.py took 0.140 seconds
[2022-10-19T16:00:54.323+0000] {processor.py:156} INFO - Started process (PID=321) to work on /home/airflow/.local/lib/python3.7/site-packages/airflow/example_dags/example_task_group.py
[2022-10-19T16:00:54.325+0000] {processor.py:758} INFO - Processing file /home/airflow/.local/lib/python3.7/site-packages/airflow/example_dags/example_task_group.py for tasks to queue
[2022-10-19T16:00:54.326+0000] {logging_mixin.py:117} INFO - [2022-10-19T16:00:54.326+0000] {dagbag.py:525} INFO - Filling up the DagBag from /home/airflow/.local/lib/python3.7/site-packages/airflow/example_dags/example_task_group.py
[2022-10-19T16:00:54.337+0000] {processor.py:768} INFO - DAG(s) dict_keys(['example_task_group']) retrieved from /home/airflow/.local/lib/python3.7/site-packages/airflow/example_dags/example_task_group.py
[2022-10-19T16:00:54.363+0000] {logging_mixin.py:117} INFO - [2022-10-19T16:00:54.363+0000] {dag.py:2573} INFO - Sync 1 DAGs
[2022-10-19T16:00:54.379+0000] {logging_mixin.py:117} INFO - [2022-10-19T16:00:54.379+0000] {dag.py:3328} INFO - Setting next_dagrun for example_task_group to 2022-10-18T16:00:54.379483+00:00, run_after=2022-10-19T16:00:54.379483+00:00
[2022-10-19T16:00:54.391+0000] {processor.py:178} INFO - Processing /home/airflow/.local/lib/python3.7/site-packages/airflow/example_dags/example_task_group.py took 0.070 seconds
[2022-10-19T16:01:25.464+0000] {processor.py:156} INFO - Started process (PID=386) to work on /home/airflow/.local/lib/python3.7/site-packages/airflow/example_dags/example_task_group.py
[2022-10-19T16:01:25.466+0000] {processor.py:758} INFO - Processing file /home/airflow/.local/lib/python3.7/site-packages/airflow/example_dags/example_task_group.py for tasks to queue
[2022-10-19T16:01:25.467+0000] {logging_mixin.py:117} INFO - [2022-10-19T16:01:25.467+0000] {dagbag.py:525} INFO - Filling up the DagBag from /home/airflow/.local/lib/python3.7/site-packages/airflow/example_dags/example_task_group.py
[2022-10-19T16:01:25.481+0000] {processor.py:768} INFO - DAG(s) dict_keys(['example_task_group']) retrieved from /home/airflow/.local/lib/python3.7/site-packages/airflow/example_dags/example_task_group.py
[2022-10-19T16:01:25.517+0000] {logging_mixin.py:117} INFO - [2022-10-19T16:01:25.517+0000] {dag.py:2573} INFO - Sync 1 DAGs
[2022-10-19T16:01:25.534+0000] {logging_mixin.py:117} INFO - [2022-10-19T16:01:25.534+0000] {dag.py:3328} INFO - Setting next_dagrun for example_task_group to 2022-10-18T16:01:25.534462+00:00, run_after=2022-10-19T16:01:25.534462+00:00
[2022-10-19T16:01:25.558+0000] {processor.py:178} INFO - Processing /home/airflow/.local/lib/python3.7/site-packages/airflow/example_dags/example_task_group.py took 0.097 seconds
[2022-10-19T16:01:55.822+0000] {processor.py:156} INFO - Started process (PID=452) to work on /home/airflow/.local/lib/python3.7/site-packages/airflow/example_dags/example_task_group.py
[2022-10-19T16:01:55.826+0000] {processor.py:758} INFO - Processing file /home/airflow/.local/lib/python3.7/site-packages/airflow/example_dags/example_task_group.py for tasks to queue
[2022-10-19T16:01:55.829+0000] {logging_mixin.py:117} INFO - [2022-10-19T16:01:55.829+0000] {dagbag.py:525} INFO - Filling up the DagBag from /home/airflow/.local/lib/python3.7/site-packages/airflow/example_dags/example_task_group.py
[2022-10-19T16:01:55.859+0000] {processor.py:768} INFO - DAG(s) dict_keys(['example_task_group']) retrieved from /home/airflow/.local/lib/python3.7/site-packages/airflow/example_dags/example_task_group.py
[2022-10-19T16:01:55.905+0000] {logging_mixin.py:117} INFO - [2022-10-19T16:01:55.905+0000] {dag.py:2573} INFO - Sync 1 DAGs
[2022-10-19T16:01:55.929+0000] {logging_mixin.py:117} INFO - [2022-10-19T16:01:55.929+0000] {dag.py:3328} INFO - Setting next_dagrun for example_task_group to 2022-10-18T16:01:55.929512+00:00, run_after=2022-10-19T16:01:55.929512+00:00
[2022-10-19T16:01:55.966+0000] {processor.py:178} INFO - Processing /home/airflow/.local/lib/python3.7/site-packages/airflow/example_dags/example_task_group.py took 0.153 seconds
[2022-10-19T16:02:26.020+0000] {processor.py:156} INFO - Started process (PID=508) to work on /home/airflow/.local/lib/python3.7/site-packages/airflow/example_dags/example_task_group.py
[2022-10-19T16:02:26.022+0000] {processor.py:758} INFO - Processing file /home/airflow/.local/lib/python3.7/site-packages/airflow/example_dags/example_task_group.py for tasks to queue
[2022-10-19T16:02:26.023+0000] {logging_mixin.py:117} INFO - [2022-10-19T16:02:26.023+0000] {dagbag.py:525} INFO - Filling up the DagBag from /home/airflow/.local/lib/python3.7/site-packages/airflow/example_dags/example_task_group.py
[2022-10-19T16:02:26.033+0000] {processor.py:768} INFO - DAG(s) dict_keys(['example_task_group']) retrieved from /home/airflow/.local/lib/python3.7/site-packages/airflow/example_dags/example_task_group.py
[2022-10-19T16:02:26.060+0000] {logging_mixin.py:117} INFO - [2022-10-19T16:02:26.060+0000] {dag.py:2573} INFO - Sync 1 DAGs
[2022-10-19T16:02:26.076+0000] {logging_mixin.py:117} INFO - [2022-10-19T16:02:26.076+0000] {dag.py:3328} INFO - Setting next_dagrun for example_task_group to 2022-10-18T16:02:26.076540+00:00, run_after=2022-10-19T16:02:26.076540+00:00
[2022-10-19T16:02:26.088+0000] {processor.py:178} INFO - Processing /home/airflow/.local/lib/python3.7/site-packages/airflow/example_dags/example_task_group.py took 0.070 seconds
[2022-10-19T16:02:56.249+0000] {processor.py:156} INFO - Started process (PID=573) to work on /home/airflow/.local/lib/python3.7/site-packages/airflow/example_dags/example_task_group.py
[2022-10-19T16:02:56.251+0000] {processor.py:758} INFO - Processing file /home/airflow/.local/lib/python3.7/site-packages/airflow/example_dags/example_task_group.py for tasks to queue
[2022-10-19T16:02:56.252+0000] {logging_mixin.py:117} INFO - [2022-10-19T16:02:56.252+0000] {dagbag.py:525} INFO - Filling up the DagBag from /home/airflow/.local/lib/python3.7/site-packages/airflow/example_dags/example_task_group.py
[2022-10-19T16:02:56.264+0000] {processor.py:768} INFO - DAG(s) dict_keys(['example_task_group']) retrieved from /home/airflow/.local/lib/python3.7/site-packages/airflow/example_dags/example_task_group.py
[2022-10-19T16:02:56.292+0000] {logging_mixin.py:117} INFO - [2022-10-19T16:02:56.292+0000] {dag.py:2573} INFO - Sync 1 DAGs
[2022-10-19T16:02:56.310+0000] {logging_mixin.py:117} INFO - [2022-10-19T16:02:56.309+0000] {dag.py:3328} INFO - Setting next_dagrun for example_task_group to 2022-10-18T16:02:56.309841+00:00, run_after=2022-10-19T16:02:56.309841+00:00
[2022-10-19T16:02:56.323+0000] {processor.py:178} INFO - Processing /home/airflow/.local/lib/python3.7/site-packages/airflow/example_dags/example_task_group.py took 0.076 seconds
[2022-10-19T16:03:27.194+0000] {processor.py:156} INFO - Started process (PID=638) to work on /home/airflow/.local/lib/python3.7/site-packages/airflow/example_dags/example_task_group.py
[2022-10-19T16:03:27.200+0000] {processor.py:758} INFO - Processing file /home/airflow/.local/lib/python3.7/site-packages/airflow/example_dags/example_task_group.py for tasks to queue
[2022-10-19T16:03:27.205+0000] {logging_mixin.py:117} INFO - [2022-10-19T16:03:27.205+0000] {dagbag.py:525} INFO - Filling up the DagBag from /home/airflow/.local/lib/python3.7/site-packages/airflow/example_dags/example_task_group.py
[2022-10-19T16:03:27.229+0000] {processor.py:768} INFO - DAG(s) dict_keys(['example_task_group']) retrieved from /home/airflow/.local/lib/python3.7/site-packages/airflow/example_dags/example_task_group.py
[2022-10-19T16:03:27.271+0000] {logging_mixin.py:117} INFO - [2022-10-19T16:03:27.271+0000] {dag.py:2573} INFO - Sync 1 DAGs
[2022-10-19T16:03:27.291+0000] {logging_mixin.py:117} INFO - [2022-10-19T16:03:27.291+0000] {dag.py:3328} INFO - Setting next_dagrun for example_task_group to 2022-10-18T16:03:27.291317+00:00, run_after=2022-10-19T16:03:27.291317+00:00
[2022-10-19T16:03:27.307+0000] {processor.py:178} INFO - Processing /home/airflow/.local/lib/python3.7/site-packages/airflow/example_dags/example_task_group.py took 0.119 seconds
[2022-10-19T16:03:57.378+0000] {processor.py:156} INFO - Started process (PID=703) to work on /home/airflow/.local/lib/python3.7/site-packages/airflow/example_dags/example_task_group.py
[2022-10-19T16:03:57.380+0000] {processor.py:758} INFO - Processing file /home/airflow/.local/lib/python3.7/site-packages/airflow/example_dags/example_task_group.py for tasks to queue
[2022-10-19T16:03:57.381+0000] {logging_mixin.py:117} INFO - [2022-10-19T16:03:57.381+0000] {dagbag.py:525} INFO - Filling up the DagBag from /home/airflow/.local/lib/python3.7/site-packages/airflow/example_dags/example_task_group.py
[2022-10-19T16:03:57.392+0000] {processor.py:768} INFO - DAG(s) dict_keys(['example_task_group']) retrieved from /home/airflow/.local/lib/python3.7/site-packages/airflow/example_dags/example_task_group.py
[2022-10-19T16:03:57.420+0000] {logging_mixin.py:117} INFO - [2022-10-19T16:03:57.420+0000] {dag.py:2573} INFO - Sync 1 DAGs
[2022-10-19T16:03:57.437+0000] {logging_mixin.py:117} INFO - [2022-10-19T16:03:57.437+0000] {dag.py:3328} INFO - Setting next_dagrun for example_task_group to 2022-10-18T16:03:57.437163+00:00, run_after=2022-10-19T16:03:57.437163+00:00
[2022-10-19T16:03:57.452+0000] {processor.py:178} INFO - Processing /home/airflow/.local/lib/python3.7/site-packages/airflow/example_dags/example_task_group.py took 0.076 seconds
[2022-10-19T16:04:28.389+0000] {processor.py:156} INFO - Started process (PID=768) to work on /home/airflow/.local/lib/python3.7/site-packages/airflow/example_dags/example_task_group.py
[2022-10-19T16:04:28.391+0000] {processor.py:758} INFO - Processing file /home/airflow/.local/lib/python3.7/site-packages/airflow/example_dags/example_task_group.py for tasks to queue
[2022-10-19T16:04:28.392+0000] {logging_mixin.py:117} INFO - [2022-10-19T16:04:28.392+0000] {dagbag.py:525} INFO - Filling up the DagBag from /home/airflow/.local/lib/python3.7/site-packages/airflow/example_dags/example_task_group.py
[2022-10-19T16:04:28.402+0000] {processor.py:768} INFO - DAG(s) dict_keys(['example_task_group']) retrieved from /home/airflow/.local/lib/python3.7/site-packages/airflow/example_dags/example_task_group.py
[2022-10-19T16:04:28.430+0000] {logging_mixin.py:117} INFO - [2022-10-19T16:04:28.430+0000] {dag.py:2573} INFO - Sync 1 DAGs
[2022-10-19T16:04:28.466+0000] {logging_mixin.py:117} INFO - [2022-10-19T16:04:28.466+0000] {dag.py:3328} INFO - Setting next_dagrun for example_task_group to 2022-10-18T16:04:28.465857+00:00, run_after=2022-10-19T16:04:28.465857+00:00
[2022-10-19T16:04:28.484+0000] {processor.py:178} INFO - Processing /home/airflow/.local/lib/python3.7/site-packages/airflow/example_dags/example_task_group.py took 0.097 seconds
[2022-10-19T16:04:58.990+0000] {processor.py:156} INFO - Started process (PID=824) to work on /home/airflow/.local/lib/python3.7/site-packages/airflow/example_dags/example_task_group.py
[2022-10-19T16:04:58.992+0000] {processor.py:758} INFO - Processing file /home/airflow/.local/lib/python3.7/site-packages/airflow/example_dags/example_task_group.py for tasks to queue
[2022-10-19T16:04:58.992+0000] {logging_mixin.py:117} INFO - [2022-10-19T16:04:58.992+0000] {dagbag.py:525} INFO - Filling up the DagBag from /home/airflow/.local/lib/python3.7/site-packages/airflow/example_dags/example_task_group.py
[2022-10-19T16:04:59.005+0000] {processor.py:768} INFO - DAG(s) dict_keys(['example_task_group']) retrieved from /home/airflow/.local/lib/python3.7/site-packages/airflow/example_dags/example_task_group.py
[2022-10-19T16:04:59.035+0000] {logging_mixin.py:117} INFO - [2022-10-19T16:04:59.035+0000] {dag.py:2573} INFO - Sync 1 DAGs
[2022-10-19T16:04:59.050+0000] {logging_mixin.py:117} INFO - [2022-10-19T16:04:59.050+0000] {dag.py:3328} INFO - Setting next_dagrun for example_task_group to 2022-10-18T16:04:59.050504+00:00, run_after=2022-10-19T16:04:59.050504+00:00
[2022-10-19T16:04:59.063+0000] {processor.py:178} INFO - Processing /home/airflow/.local/lib/python3.7/site-packages/airflow/example_dags/example_task_group.py took 0.075 seconds
[2022-10-19T16:05:30.317+0000] {processor.py:156} INFO - Started process (PID=890) to work on /home/airflow/.local/lib/python3.7/site-packages/airflow/example_dags/example_task_group.py
[2022-10-19T16:05:30.319+0000] {processor.py:758} INFO - Processing file /home/airflow/.local/lib/python3.7/site-packages/airflow/example_dags/example_task_group.py for tasks to queue
[2022-10-19T16:05:30.320+0000] {logging_mixin.py:117} INFO - [2022-10-19T16:05:30.320+0000] {dagbag.py:525} INFO - Filling up the DagBag from /home/airflow/.local/lib/python3.7/site-packages/airflow/example_dags/example_task_group.py
[2022-10-19T16:05:30.331+0000] {processor.py:768} INFO - DAG(s) dict_keys(['example_task_group']) retrieved from /home/airflow/.local/lib/python3.7/site-packages/airflow/example_dags/example_task_group.py
[2022-10-19T16:05:30.360+0000] {logging_mixin.py:117} INFO - [2022-10-19T16:05:30.360+0000] {dag.py:2573} INFO - Sync 1 DAGs
[2022-10-19T16:05:30.375+0000] {logging_mixin.py:117} INFO - [2022-10-19T16:05:30.375+0000] {dag.py:3328} INFO - Setting next_dagrun for example_task_group to 2022-10-18T16:05:30.375184+00:00, run_after=2022-10-19T16:05:30.375184+00:00
[2022-10-19T16:05:30.389+0000] {processor.py:178} INFO - Processing /home/airflow/.local/lib/python3.7/site-packages/airflow/example_dags/example_task_group.py took 0.074 seconds
[2022-10-19T16:06:00.962+0000] {processor.py:156} INFO - Started process (PID=954) to work on /home/airflow/.local/lib/python3.7/site-packages/airflow/example_dags/example_task_group.py
[2022-10-19T16:06:00.965+0000] {processor.py:758} INFO - Processing file /home/airflow/.local/lib/python3.7/site-packages/airflow/example_dags/example_task_group.py for tasks to queue
[2022-10-19T16:06:00.969+0000] {logging_mixin.py:117} INFO - [2022-10-19T16:06:00.969+0000] {dagbag.py:525} INFO - Filling up the DagBag from /home/airflow/.local/lib/python3.7/site-packages/airflow/example_dags/example_task_group.py
[2022-10-19T16:06:00.982+0000] {processor.py:768} INFO - DAG(s) dict_keys(['example_task_group']) retrieved from /home/airflow/.local/lib/python3.7/site-packages/airflow/example_dags/example_task_group.py
[2022-10-19T16:06:01.019+0000] {logging_mixin.py:117} INFO - [2022-10-19T16:06:01.019+0000] {dag.py:2573} INFO - Sync 1 DAGs
[2022-10-19T16:06:01.044+0000] {logging_mixin.py:117} INFO - [2022-10-19T16:06:01.044+0000] {dag.py:3328} INFO - Setting next_dagrun for example_task_group to 2022-10-18T16:06:01.043877+00:00, run_after=2022-10-19T16:06:01.043877+00:00
[2022-10-19T16:06:01.062+0000] {processor.py:178} INFO - Processing /home/airflow/.local/lib/python3.7/site-packages/airflow/example_dags/example_task_group.py took 0.103 seconds
[2022-10-19T16:06:31.434+0000] {processor.py:156} INFO - Started process (PID=1019) to work on /home/airflow/.local/lib/python3.7/site-packages/airflow/example_dags/example_task_group.py
[2022-10-19T16:06:31.435+0000] {processor.py:758} INFO - Processing file /home/airflow/.local/lib/python3.7/site-packages/airflow/example_dags/example_task_group.py for tasks to queue
[2022-10-19T16:06:31.436+0000] {logging_mixin.py:117} INFO - [2022-10-19T16:06:31.436+0000] {dagbag.py:525} INFO - Filling up the DagBag from /home/airflow/.local/lib/python3.7/site-packages/airflow/example_dags/example_task_group.py
[2022-10-19T16:06:31.452+0000] {processor.py:768} INFO - DAG(s) dict_keys(['example_task_group']) retrieved from /home/airflow/.local/lib/python3.7/site-packages/airflow/example_dags/example_task_group.py
[2022-10-19T16:06:31.492+0000] {logging_mixin.py:117} INFO - [2022-10-19T16:06:31.492+0000] {dag.py:2573} INFO - Sync 1 DAGs
[2022-10-19T16:06:31.517+0000] {logging_mixin.py:117} INFO - [2022-10-19T16:06:31.517+0000] {dag.py:3328} INFO - Setting next_dagrun for example_task_group to 2022-10-18T16:06:31.516955+00:00, run_after=2022-10-19T16:06:31.516955+00:00
[2022-10-19T16:06:31.531+0000] {processor.py:178} INFO - Processing /home/airflow/.local/lib/python3.7/site-packages/airflow/example_dags/example_task_group.py took 0.102 seconds
[2022-10-19T16:07:03.681+0000] {processor.py:156} INFO - Started process (PID=1085) to work on /home/airflow/.local/lib/python3.7/site-packages/airflow/example_dags/example_task_group.py
[2022-10-19T16:07:03.707+0000] {processor.py:758} INFO - Processing file /home/airflow/.local/lib/python3.7/site-packages/airflow/example_dags/example_task_group.py for tasks to queue
[2022-10-19T16:07:03.720+0000] {logging_mixin.py:117} INFO - [2022-10-19T16:07:03.720+0000] {dagbag.py:525} INFO - Filling up the DagBag from /home/airflow/.local/lib/python3.7/site-packages/airflow/example_dags/example_task_group.py
[2022-10-19T16:07:03.768+0000] {processor.py:768} INFO - DAG(s) dict_keys(['example_task_group']) retrieved from /home/airflow/.local/lib/python3.7/site-packages/airflow/example_dags/example_task_group.py
[2022-10-19T16:07:03.873+0000] {logging_mixin.py:117} INFO - [2022-10-19T16:07:03.873+0000] {dag.py:2573} INFO - Sync 1 DAGs
[2022-10-19T16:07:03.928+0000] {logging_mixin.py:117} INFO - [2022-10-19T16:07:03.927+0000] {dag.py:3328} INFO - Setting next_dagrun for example_task_group to 2022-10-18T16:07:03.927198+00:00, run_after=2022-10-19T16:07:03.927198+00:00
[2022-10-19T16:07:03.984+0000] {processor.py:178} INFO - Processing /home/airflow/.local/lib/python3.7/site-packages/airflow/example_dags/example_task_group.py took 0.324 seconds
[2022-10-19T16:07:34.051+0000] {processor.py:156} INFO - Started process (PID=1140) to work on /home/airflow/.local/lib/python3.7/site-packages/airflow/example_dags/example_task_group.py
[2022-10-19T16:07:34.052+0000] {processor.py:758} INFO - Processing file /home/airflow/.local/lib/python3.7/site-packages/airflow/example_dags/example_task_group.py for tasks to queue
[2022-10-19T16:07:34.055+0000] {logging_mixin.py:117} INFO - [2022-10-19T16:07:34.055+0000] {dagbag.py:525} INFO - Filling up the DagBag from /home/airflow/.local/lib/python3.7/site-packages/airflow/example_dags/example_task_group.py
[2022-10-19T16:07:34.085+0000] {processor.py:768} INFO - DAG(s) dict_keys(['example_task_group']) retrieved from /home/airflow/.local/lib/python3.7/site-packages/airflow/example_dags/example_task_group.py
[2022-10-19T16:07:34.121+0000] {logging_mixin.py:117} INFO - [2022-10-19T16:07:34.121+0000] {dag.py:2573} INFO - Sync 1 DAGs
[2022-10-19T16:07:34.136+0000] {logging_mixin.py:117} INFO - [2022-10-19T16:07:34.136+0000] {dag.py:3328} INFO - Setting next_dagrun for example_task_group to 2022-10-18T16:07:34.136159+00:00, run_after=2022-10-19T16:07:34.136159+00:00
[2022-10-19T16:07:34.150+0000] {processor.py:178} INFO - Processing /home/airflow/.local/lib/python3.7/site-packages/airflow/example_dags/example_task_group.py took 0.102 seconds
[2022-10-19T16:08:04.904+0000] {processor.py:156} INFO - Started process (PID=1205) to work on /home/airflow/.local/lib/python3.7/site-packages/airflow/example_dags/example_task_group.py
[2022-10-19T16:08:04.907+0000] {processor.py:758} INFO - Processing file /home/airflow/.local/lib/python3.7/site-packages/airflow/example_dags/example_task_group.py for tasks to queue
[2022-10-19T16:08:04.909+0000] {logging_mixin.py:117} INFO - [2022-10-19T16:08:04.909+0000] {dagbag.py:525} INFO - Filling up the DagBag from /home/airflow/.local/lib/python3.7/site-packages/airflow/example_dags/example_task_group.py
[2022-10-19T16:08:04.926+0000] {processor.py:768} INFO - DAG(s) dict_keys(['example_task_group']) retrieved from /home/airflow/.local/lib/python3.7/site-packages/airflow/example_dags/example_task_group.py
[2022-10-19T16:08:04.968+0000] {logging_mixin.py:117} INFO - [2022-10-19T16:08:04.968+0000] {dag.py:2573} INFO - Sync 1 DAGs
[2022-10-19T16:08:04.986+0000] {logging_mixin.py:117} INFO - [2022-10-19T16:08:04.986+0000] {dag.py:3328} INFO - Setting next_dagrun for example_task_group to 2022-10-18T16:08:04.986505+00:00, run_after=2022-10-19T16:08:04.986505+00:00
[2022-10-19T16:08:05.004+0000] {processor.py:178} INFO - Processing /home/airflow/.local/lib/python3.7/site-packages/airflow/example_dags/example_task_group.py took 0.104 seconds
[2022-10-19T16:08:35.195+0000] {processor.py:156} INFO - Started process (PID=1270) to work on /home/airflow/.local/lib/python3.7/site-packages/airflow/example_dags/example_task_group.py
[2022-10-19T16:08:35.197+0000] {processor.py:758} INFO - Processing file /home/airflow/.local/lib/python3.7/site-packages/airflow/example_dags/example_task_group.py for tasks to queue
[2022-10-19T16:08:35.198+0000] {logging_mixin.py:117} INFO - [2022-10-19T16:08:35.198+0000] {dagbag.py:525} INFO - Filling up the DagBag from /home/airflow/.local/lib/python3.7/site-packages/airflow/example_dags/example_task_group.py
[2022-10-19T16:08:35.211+0000] {processor.py:768} INFO - DAG(s) dict_keys(['example_task_group']) retrieved from /home/airflow/.local/lib/python3.7/site-packages/airflow/example_dags/example_task_group.py
[2022-10-19T16:08:35.248+0000] {logging_mixin.py:117} INFO - [2022-10-19T16:08:35.248+0000] {dag.py:2573} INFO - Sync 1 DAGs
[2022-10-19T16:08:35.268+0000] {logging_mixin.py:117} INFO - [2022-10-19T16:08:35.268+0000] {dag.py:3328} INFO - Setting next_dagrun for example_task_group to 2022-10-18T16:08:35.268128+00:00, run_after=2022-10-19T16:08:35.268128+00:00
[2022-10-19T16:08:35.292+0000] {processor.py:178} INFO - Processing /home/airflow/.local/lib/python3.7/site-packages/airflow/example_dags/example_task_group.py took 0.099 seconds
[2022-10-19T16:09:05.749+0000] {processor.py:156} INFO - Started process (PID=1335) to work on /home/airflow/.local/lib/python3.7/site-packages/airflow/example_dags/example_task_group.py
[2022-10-19T16:09:05.751+0000] {processor.py:758} INFO - Processing file /home/airflow/.local/lib/python3.7/site-packages/airflow/example_dags/example_task_group.py for tasks to queue
[2022-10-19T16:09:05.752+0000] {logging_mixin.py:117} INFO - [2022-10-19T16:09:05.752+0000] {dagbag.py:525} INFO - Filling up the DagBag from /home/airflow/.local/lib/python3.7/site-packages/airflow/example_dags/example_task_group.py
[2022-10-19T16:09:05.768+0000] {processor.py:768} INFO - DAG(s) dict_keys(['example_task_group']) retrieved from /home/airflow/.local/lib/python3.7/site-packages/airflow/example_dags/example_task_group.py
[2022-10-19T16:09:05.807+0000] {logging_mixin.py:117} INFO - [2022-10-19T16:09:05.807+0000] {dag.py:2573} INFO - Sync 1 DAGs
[2022-10-19T16:09:05.831+0000] {logging_mixin.py:117} INFO - [2022-10-19T16:09:05.831+0000] {dag.py:3328} INFO - Setting next_dagrun for example_task_group to 2022-10-18T16:09:05.831548+00:00, run_after=2022-10-19T16:09:05.831548+00:00
[2022-10-19T16:09:05.846+0000] {processor.py:178} INFO - Processing /home/airflow/.local/lib/python3.7/site-packages/airflow/example_dags/example_task_group.py took 0.100 seconds
[2022-10-19T16:09:36.270+0000] {processor.py:156} INFO - Started process (PID=1391) to work on /home/airflow/.local/lib/python3.7/site-packages/airflow/example_dags/example_task_group.py
[2022-10-19T16:09:36.273+0000] {processor.py:758} INFO - Processing file /home/airflow/.local/lib/python3.7/site-packages/airflow/example_dags/example_task_group.py for tasks to queue
[2022-10-19T16:09:36.274+0000] {logging_mixin.py:117} INFO - [2022-10-19T16:09:36.274+0000] {dagbag.py:525} INFO - Filling up the DagBag from /home/airflow/.local/lib/python3.7/site-packages/airflow/example_dags/example_task_group.py
[2022-10-19T16:09:36.293+0000] {processor.py:768} INFO - DAG(s) dict_keys(['example_task_group']) retrieved from /home/airflow/.local/lib/python3.7/site-packages/airflow/example_dags/example_task_group.py
[2022-10-19T16:09:36.324+0000] {logging_mixin.py:117} INFO - [2022-10-19T16:09:36.324+0000] {dag.py:2573} INFO - Sync 1 DAGs
[2022-10-19T16:09:36.341+0000] {logging_mixin.py:117} INFO - [2022-10-19T16:09:36.340+0000] {dag.py:3328} INFO - Setting next_dagrun for example_task_group to 2022-10-18T16:09:36.340820+00:00, run_after=2022-10-19T16:09:36.340820+00:00
[2022-10-19T16:09:36.355+0000] {processor.py:178} INFO - Processing /home/airflow/.local/lib/python3.7/site-packages/airflow/example_dags/example_task_group.py took 0.087 seconds
[2022-10-19T16:10:07.047+0000] {processor.py:156} INFO - Started process (PID=1458) to work on /home/airflow/.local/lib/python3.7/site-packages/airflow/example_dags/example_task_group.py
[2022-10-19T16:10:07.049+0000] {processor.py:758} INFO - Processing file /home/airflow/.local/lib/python3.7/site-packages/airflow/example_dags/example_task_group.py for tasks to queue
[2022-10-19T16:10:07.050+0000] {logging_mixin.py:117} INFO - [2022-10-19T16:10:07.050+0000] {dagbag.py:525} INFO - Filling up the DagBag from /home/airflow/.local/lib/python3.7/site-packages/airflow/example_dags/example_task_group.py
[2022-10-19T16:10:07.062+0000] {processor.py:768} INFO - DAG(s) dict_keys(['example_task_group']) retrieved from /home/airflow/.local/lib/python3.7/site-packages/airflow/example_dags/example_task_group.py
[2022-10-19T16:10:07.094+0000] {logging_mixin.py:117} INFO - [2022-10-19T16:10:07.094+0000] {dag.py:2573} INFO - Sync 1 DAGs
[2022-10-19T16:10:07.110+0000] {logging_mixin.py:117} INFO - [2022-10-19T16:10:07.110+0000] {dag.py:3328} INFO - Setting next_dagrun for example_task_group to 2022-10-18T16:10:07.110249+00:00, run_after=2022-10-19T16:10:07.110249+00:00
[2022-10-19T16:10:07.124+0000] {processor.py:178} INFO - Processing /home/airflow/.local/lib/python3.7/site-packages/airflow/example_dags/example_task_group.py took 0.079 seconds
[2022-10-19T16:10:37.480+0000] {processor.py:156} INFO - Started process (PID=1523) to work on /home/airflow/.local/lib/python3.7/site-packages/airflow/example_dags/example_task_group.py
[2022-10-19T16:10:37.482+0000] {processor.py:758} INFO - Processing file /home/airflow/.local/lib/python3.7/site-packages/airflow/example_dags/example_task_group.py for tasks to queue
[2022-10-19T16:10:37.483+0000] {logging_mixin.py:117} INFO - [2022-10-19T16:10:37.483+0000] {dagbag.py:525} INFO - Filling up the DagBag from /home/airflow/.local/lib/python3.7/site-packages/airflow/example_dags/example_task_group.py
[2022-10-19T16:10:37.495+0000] {processor.py:768} INFO - DAG(s) dict_keys(['example_task_group']) retrieved from /home/airflow/.local/lib/python3.7/site-packages/airflow/example_dags/example_task_group.py
[2022-10-19T16:10:37.523+0000] {logging_mixin.py:117} INFO - [2022-10-19T16:10:37.522+0000] {dag.py:2573} INFO - Sync 1 DAGs
[2022-10-19T16:10:37.539+0000] {logging_mixin.py:117} INFO - [2022-10-19T16:10:37.539+0000] {dag.py:3328} INFO - Setting next_dagrun for example_task_group to 2022-10-18T16:10:37.539617+00:00, run_after=2022-10-19T16:10:37.539617+00:00
[2022-10-19T16:10:37.553+0000] {processor.py:178} INFO - Processing /home/airflow/.local/lib/python3.7/site-packages/airflow/example_dags/example_task_group.py took 0.075 seconds
[2022-10-19T16:11:08.368+0000] {processor.py:156} INFO - Started process (PID=1587) to work on /home/airflow/.local/lib/python3.7/site-packages/airflow/example_dags/example_task_group.py
[2022-10-19T16:11:08.370+0000] {processor.py:758} INFO - Processing file /home/airflow/.local/lib/python3.7/site-packages/airflow/example_dags/example_task_group.py for tasks to queue
[2022-10-19T16:11:08.375+0000] {logging_mixin.py:117} INFO - [2022-10-19T16:11:08.375+0000] {dagbag.py:525} INFO - Filling up the DagBag from /home/airflow/.local/lib/python3.7/site-packages/airflow/example_dags/example_task_group.py
[2022-10-19T16:11:08.390+0000] {processor.py:768} INFO - DAG(s) dict_keys(['example_task_group']) retrieved from /home/airflow/.local/lib/python3.7/site-packages/airflow/example_dags/example_task_group.py
[2022-10-19T16:11:08.431+0000] {logging_mixin.py:117} INFO - [2022-10-19T16:11:08.431+0000] {dag.py:2573} INFO - Sync 1 DAGs
[2022-10-19T16:11:08.469+0000] {logging_mixin.py:117} INFO - [2022-10-19T16:11:08.468+0000] {dag.py:3328} INFO - Setting next_dagrun for example_task_group to 2022-10-18T16:11:08.468729+00:00, run_after=2022-10-19T16:11:08.468729+00:00
[2022-10-19T16:11:08.484+0000] {processor.py:178} INFO - Processing /home/airflow/.local/lib/python3.7/site-packages/airflow/example_dags/example_task_group.py took 0.119 seconds
[2022-10-19T16:11:38.987+0000] {processor.py:156} INFO - Started process (PID=1652) to work on /home/airflow/.local/lib/python3.7/site-packages/airflow/example_dags/example_task_group.py
[2022-10-19T16:11:38.990+0000] {processor.py:758} INFO - Processing file /home/airflow/.local/lib/python3.7/site-packages/airflow/example_dags/example_task_group.py for tasks to queue
[2022-10-19T16:11:38.991+0000] {logging_mixin.py:117} INFO - [2022-10-19T16:11:38.991+0000] {dagbag.py:525} INFO - Filling up the DagBag from /home/airflow/.local/lib/python3.7/site-packages/airflow/example_dags/example_task_group.py
[2022-10-19T16:11:39.004+0000] {processor.py:768} INFO - DAG(s) dict_keys(['example_task_group']) retrieved from /home/airflow/.local/lib/python3.7/site-packages/airflow/example_dags/example_task_group.py
[2022-10-19T16:11:39.036+0000] {logging_mixin.py:117} INFO - [2022-10-19T16:11:39.035+0000] {dag.py:2573} INFO - Sync 1 DAGs
[2022-10-19T16:11:39.052+0000] {logging_mixin.py:117} INFO - [2022-10-19T16:11:39.052+0000] {dag.py:3328} INFO - Setting next_dagrun for example_task_group to 2022-10-18T16:11:39.052288+00:00, run_after=2022-10-19T16:11:39.052288+00:00
[2022-10-19T16:11:39.066+0000] {processor.py:178} INFO - Processing /home/airflow/.local/lib/python3.7/site-packages/airflow/example_dags/example_task_group.py took 0.081 seconds
[2022-10-19T16:12:10.062+0000] {processor.py:156} INFO - Started process (PID=1709) to work on /home/airflow/.local/lib/python3.7/site-packages/airflow/example_dags/example_task_group.py
[2022-10-19T16:12:10.065+0000] {processor.py:758} INFO - Processing file /home/airflow/.local/lib/python3.7/site-packages/airflow/example_dags/example_task_group.py for tasks to queue
[2022-10-19T16:12:10.066+0000] {logging_mixin.py:117} INFO - [2022-10-19T16:12:10.066+0000] {dagbag.py:525} INFO - Filling up the DagBag from /home/airflow/.local/lib/python3.7/site-packages/airflow/example_dags/example_task_group.py
[2022-10-19T16:12:10.081+0000] {processor.py:768} INFO - DAG(s) dict_keys(['example_task_group']) retrieved from /home/airflow/.local/lib/python3.7/site-packages/airflow/example_dags/example_task_group.py
[2022-10-19T16:12:10.122+0000] {logging_mixin.py:117} INFO - [2022-10-19T16:12:10.122+0000] {dag.py:2573} INFO - Sync 1 DAGs
[2022-10-19T16:12:10.146+0000] {logging_mixin.py:117} INFO - [2022-10-19T16:12:10.146+0000] {dag.py:3328} INFO - Setting next_dagrun for example_task_group to 2022-10-18T16:12:10.145762+00:00, run_after=2022-10-19T16:12:10.145762+00:00
[2022-10-19T16:12:10.163+0000] {processor.py:178} INFO - Processing /home/airflow/.local/lib/python3.7/site-packages/airflow/example_dags/example_task_group.py took 0.103 seconds
[2022-10-19T16:12:40.938+0000] {processor.py:156} INFO - Started process (PID=1775) to work on /home/airflow/.local/lib/python3.7/site-packages/airflow/example_dags/example_task_group.py
[2022-10-19T16:12:40.939+0000] {processor.py:758} INFO - Processing file /home/airflow/.local/lib/python3.7/site-packages/airflow/example_dags/example_task_group.py for tasks to queue
[2022-10-19T16:12:40.940+0000] {logging_mixin.py:117} INFO - [2022-10-19T16:12:40.940+0000] {dagbag.py:525} INFO - Filling up the DagBag from /home/airflow/.local/lib/python3.7/site-packages/airflow/example_dags/example_task_group.py
[2022-10-19T16:12:40.952+0000] {processor.py:768} INFO - DAG(s) dict_keys(['example_task_group']) retrieved from /home/airflow/.local/lib/python3.7/site-packages/airflow/example_dags/example_task_group.py
[2022-10-19T16:12:40.983+0000] {logging_mixin.py:117} INFO - [2022-10-19T16:12:40.983+0000] {dag.py:2573} INFO - Sync 1 DAGs
[2022-10-19T16:12:41.003+0000] {logging_mixin.py:117} INFO - [2022-10-19T16:12:41.003+0000] {dag.py:3328} INFO - Setting next_dagrun for example_task_group to 2022-10-18T16:12:41.002852+00:00, run_after=2022-10-19T16:12:41.002852+00:00
[2022-10-19T16:12:41.015+0000] {processor.py:178} INFO - Processing /home/airflow/.local/lib/python3.7/site-packages/airflow/example_dags/example_task_group.py took 0.080 seconds
[2022-10-19T16:13:11.233+0000] {processor.py:156} INFO - Started process (PID=1839) to work on /home/airflow/.local/lib/python3.7/site-packages/airflow/example_dags/example_task_group.py
[2022-10-19T16:13:11.235+0000] {processor.py:758} INFO - Processing file /home/airflow/.local/lib/python3.7/site-packages/airflow/example_dags/example_task_group.py for tasks to queue
[2022-10-19T16:13:11.236+0000] {logging_mixin.py:117} INFO - [2022-10-19T16:13:11.236+0000] {dagbag.py:525} INFO - Filling up the DagBag from /home/airflow/.local/lib/python3.7/site-packages/airflow/example_dags/example_task_group.py
[2022-10-19T16:13:11.247+0000] {processor.py:768} INFO - DAG(s) dict_keys(['example_task_group']) retrieved from /home/airflow/.local/lib/python3.7/site-packages/airflow/example_dags/example_task_group.py
[2022-10-19T16:13:11.277+0000] {logging_mixin.py:117} INFO - [2022-10-19T16:13:11.277+0000] {dag.py:2573} INFO - Sync 1 DAGs
[2022-10-19T16:13:11.300+0000] {logging_mixin.py:117} INFO - [2022-10-19T16:13:11.300+0000] {dag.py:3328} INFO - Setting next_dagrun for example_task_group to 2022-10-18T16:13:11.299867+00:00, run_after=2022-10-19T16:13:11.299867+00:00
[2022-10-19T16:13:11.322+0000] {processor.py:178} INFO - Processing /home/airflow/.local/lib/python3.7/site-packages/airflow/example_dags/example_task_group.py took 0.092 seconds
[2022-10-19T16:13:41.672+0000] {processor.py:156} INFO - Started process (PID=1904) to work on /home/airflow/.local/lib/python3.7/site-packages/airflow/example_dags/example_task_group.py
[2022-10-19T16:13:41.674+0000] {processor.py:758} INFO - Processing file /home/airflow/.local/lib/python3.7/site-packages/airflow/example_dags/example_task_group.py for tasks to queue
[2022-10-19T16:13:41.675+0000] {logging_mixin.py:117} INFO - [2022-10-19T16:13:41.675+0000] {dagbag.py:525} INFO - Filling up the DagBag from /home/airflow/.local/lib/python3.7/site-packages/airflow/example_dags/example_task_group.py
[2022-10-19T16:13:41.685+0000] {processor.py:768} INFO - DAG(s) dict_keys(['example_task_group']) retrieved from /home/airflow/.local/lib/python3.7/site-packages/airflow/example_dags/example_task_group.py
[2022-10-19T16:13:41.713+0000] {logging_mixin.py:117} INFO - [2022-10-19T16:13:41.713+0000] {dag.py:2573} INFO - Sync 1 DAGs
[2022-10-19T16:13:41.732+0000] {logging_mixin.py:117} INFO - [2022-10-19T16:13:41.732+0000] {dag.py:3328} INFO - Setting next_dagrun for example_task_group to 2022-10-18T16:13:41.732563+00:00, run_after=2022-10-19T16:13:41.732563+00:00
[2022-10-19T16:13:41.746+0000] {processor.py:178} INFO - Processing /home/airflow/.local/lib/python3.7/site-packages/airflow/example_dags/example_task_group.py took 0.076 seconds
[2022-10-19T16:14:12.067+0000] {processor.py:156} INFO - Started process (PID=1970) to work on /home/airflow/.local/lib/python3.7/site-packages/airflow/example_dags/example_task_group.py
[2022-10-19T16:14:12.069+0000] {processor.py:758} INFO - Processing file /home/airflow/.local/lib/python3.7/site-packages/airflow/example_dags/example_task_group.py for tasks to queue
[2022-10-19T16:14:12.070+0000] {logging_mixin.py:117} INFO - [2022-10-19T16:14:12.070+0000] {dagbag.py:525} INFO - Filling up the DagBag from /home/airflow/.local/lib/python3.7/site-packages/airflow/example_dags/example_task_group.py
[2022-10-19T16:14:12.082+0000] {processor.py:768} INFO - DAG(s) dict_keys(['example_task_group']) retrieved from /home/airflow/.local/lib/python3.7/site-packages/airflow/example_dags/example_task_group.py
[2022-10-19T16:14:12.109+0000] {logging_mixin.py:117} INFO - [2022-10-19T16:14:12.108+0000] {dag.py:2573} INFO - Sync 1 DAGs
[2022-10-19T16:14:12.126+0000] {logging_mixin.py:117} INFO - [2022-10-19T16:14:12.126+0000] {dag.py:3328} INFO - Setting next_dagrun for example_task_group to 2022-10-18T16:14:12.125895+00:00, run_after=2022-10-19T16:14:12.125895+00:00
[2022-10-19T16:14:12.140+0000] {processor.py:178} INFO - Processing /home/airflow/.local/lib/python3.7/site-packages/airflow/example_dags/example_task_group.py took 0.076 seconds
[2022-10-19T16:14:42.339+0000] {processor.py:156} INFO - Started process (PID=2026) to work on /home/airflow/.local/lib/python3.7/site-packages/airflow/example_dags/example_task_group.py
[2022-10-19T16:14:42.341+0000] {processor.py:758} INFO - Processing file /home/airflow/.local/lib/python3.7/site-packages/airflow/example_dags/example_task_group.py for tasks to queue
[2022-10-19T16:14:42.342+0000] {logging_mixin.py:117} INFO - [2022-10-19T16:14:42.342+0000] {dagbag.py:525} INFO - Filling up the DagBag from /home/airflow/.local/lib/python3.7/site-packages/airflow/example_dags/example_task_group.py
[2022-10-19T16:14:42.353+0000] {processor.py:768} INFO - DAG(s) dict_keys(['example_task_group']) retrieved from /home/airflow/.local/lib/python3.7/site-packages/airflow/example_dags/example_task_group.py
[2022-10-19T16:14:42.385+0000] {logging_mixin.py:117} INFO - [2022-10-19T16:14:42.385+0000] {dag.py:2573} INFO - Sync 1 DAGs
[2022-10-19T16:14:42.402+0000] {logging_mixin.py:117} INFO - [2022-10-19T16:14:42.402+0000] {dag.py:3328} INFO - Setting next_dagrun for example_task_group to 2022-10-18T16:14:42.402160+00:00, run_after=2022-10-19T16:14:42.402160+00:00
[2022-10-19T16:14:42.415+0000] {processor.py:178} INFO - Processing /home/airflow/.local/lib/python3.7/site-packages/airflow/example_dags/example_task_group.py took 0.078 seconds
[2022-10-19T16:15:13.872+0000] {processor.py:156} INFO - Started process (PID=2094) to work on /home/airflow/.local/lib/python3.7/site-packages/airflow/example_dags/example_task_group.py
[2022-10-19T16:15:13.874+0000] {processor.py:758} INFO - Processing file /home/airflow/.local/lib/python3.7/site-packages/airflow/example_dags/example_task_group.py for tasks to queue
[2022-10-19T16:15:13.876+0000] {logging_mixin.py:117} INFO - [2022-10-19T16:15:13.876+0000] {dagbag.py:525} INFO - Filling up the DagBag from /home/airflow/.local/lib/python3.7/site-packages/airflow/example_dags/example_task_group.py
[2022-10-19T16:15:13.897+0000] {processor.py:768} INFO - DAG(s) dict_keys(['example_task_group']) retrieved from /home/airflow/.local/lib/python3.7/site-packages/airflow/example_dags/example_task_group.py
[2022-10-19T16:15:13.938+0000] {logging_mixin.py:117} INFO - [2022-10-19T16:15:13.938+0000] {dag.py:2573} INFO - Sync 1 DAGs
[2022-10-19T16:15:13.955+0000] {logging_mixin.py:117} INFO - [2022-10-19T16:15:13.954+0000] {dag.py:3328} INFO - Setting next_dagrun for example_task_group to 2022-10-18T16:15:13.954734+00:00, run_after=2022-10-19T16:15:13.954734+00:00
[2022-10-19T16:15:13.968+0000] {processor.py:178} INFO - Processing /home/airflow/.local/lib/python3.7/site-packages/airflow/example_dags/example_task_group.py took 0.099 seconds
[2022-10-19T16:15:44.075+0000] {processor.py:156} INFO - Started process (PID=2160) to work on /home/airflow/.local/lib/python3.7/site-packages/airflow/example_dags/example_task_group.py
[2022-10-19T16:15:44.076+0000] {processor.py:758} INFO - Processing file /home/airflow/.local/lib/python3.7/site-packages/airflow/example_dags/example_task_group.py for tasks to queue
[2022-10-19T16:15:44.077+0000] {logging_mixin.py:117} INFO - [2022-10-19T16:15:44.077+0000] {dagbag.py:525} INFO - Filling up the DagBag from /home/airflow/.local/lib/python3.7/site-packages/airflow/example_dags/example_task_group.py
[2022-10-19T16:15:44.090+0000] {processor.py:768} INFO - DAG(s) dict_keys(['example_task_group']) retrieved from /home/airflow/.local/lib/python3.7/site-packages/airflow/example_dags/example_task_group.py
[2022-10-19T16:15:44.116+0000] {logging_mixin.py:117} INFO - [2022-10-19T16:15:44.116+0000] {dag.py:2573} INFO - Sync 1 DAGs
[2022-10-19T16:15:44.131+0000] {logging_mixin.py:117} INFO - [2022-10-19T16:15:44.131+0000] {dag.py:3328} INFO - Setting next_dagrun for example_task_group to 2022-10-18T16:15:44.131608+00:00, run_after=2022-10-19T16:15:44.131608+00:00
[2022-10-19T16:15:44.143+0000] {processor.py:178} INFO - Processing /home/airflow/.local/lib/python3.7/site-packages/airflow/example_dags/example_task_group.py took 0.071 seconds
[2022-10-19T16:16:15.044+0000] {processor.py:156} INFO - Started process (PID=2224) to work on /home/airflow/.local/lib/python3.7/site-packages/airflow/example_dags/example_task_group.py
[2022-10-19T16:16:15.045+0000] {processor.py:758} INFO - Processing file /home/airflow/.local/lib/python3.7/site-packages/airflow/example_dags/example_task_group.py for tasks to queue
[2022-10-19T16:16:15.046+0000] {logging_mixin.py:117} INFO - [2022-10-19T16:16:15.046+0000] {dagbag.py:525} INFO - Filling up the DagBag from /home/airflow/.local/lib/python3.7/site-packages/airflow/example_dags/example_task_group.py
[2022-10-19T16:16:15.066+0000] {processor.py:768} INFO - DAG(s) dict_keys(['example_task_group']) retrieved from /home/airflow/.local/lib/python3.7/site-packages/airflow/example_dags/example_task_group.py
[2022-10-19T16:16:15.096+0000] {logging_mixin.py:117} INFO - [2022-10-19T16:16:15.096+0000] {dag.py:2573} INFO - Sync 1 DAGs
[2022-10-19T16:16:15.113+0000] {logging_mixin.py:117} INFO - [2022-10-19T16:16:15.113+0000] {dag.py:3328} INFO - Setting next_dagrun for example_task_group to 2022-10-18T16:16:15.112836+00:00, run_after=2022-10-19T16:16:15.112836+00:00
[2022-10-19T16:16:15.127+0000] {processor.py:178} INFO - Processing /home/airflow/.local/lib/python3.7/site-packages/airflow/example_dags/example_task_group.py took 0.086 seconds
[2022-10-19T16:16:45.989+0000] {processor.py:156} INFO - Started process (PID=2290) to work on /home/airflow/.local/lib/python3.7/site-packages/airflow/example_dags/example_task_group.py
[2022-10-19T16:16:45.991+0000] {processor.py:758} INFO - Processing file /home/airflow/.local/lib/python3.7/site-packages/airflow/example_dags/example_task_group.py for tasks to queue
[2022-10-19T16:16:45.991+0000] {logging_mixin.py:117} INFO - [2022-10-19T16:16:45.991+0000] {dagbag.py:525} INFO - Filling up the DagBag from /home/airflow/.local/lib/python3.7/site-packages/airflow/example_dags/example_task_group.py
[2022-10-19T16:16:46.001+0000] {processor.py:768} INFO - DAG(s) dict_keys(['example_task_group']) retrieved from /home/airflow/.local/lib/python3.7/site-packages/airflow/example_dags/example_task_group.py
[2022-10-19T16:16:46.027+0000] {logging_mixin.py:117} INFO - [2022-10-19T16:16:46.027+0000] {dag.py:2573} INFO - Sync 1 DAGs
[2022-10-19T16:16:46.044+0000] {logging_mixin.py:117} INFO - [2022-10-19T16:16:46.044+0000] {dag.py:3328} INFO - Setting next_dagrun for example_task_group to 2022-10-18T16:16:46.043904+00:00, run_after=2022-10-19T16:16:46.043904+00:00
[2022-10-19T16:16:46.056+0000] {processor.py:178} INFO - Processing /home/airflow/.local/lib/python3.7/site-packages/airflow/example_dags/example_task_group.py took 0.070 seconds
[2022-10-19T16:17:16.746+0000] {processor.py:156} INFO - Started process (PID=2346) to work on /home/airflow/.local/lib/python3.7/site-packages/airflow/example_dags/example_task_group.py
[2022-10-19T16:17:16.747+0000] {processor.py:758} INFO - Processing file /home/airflow/.local/lib/python3.7/site-packages/airflow/example_dags/example_task_group.py for tasks to queue
[2022-10-19T16:17:16.748+0000] {logging_mixin.py:117} INFO - [2022-10-19T16:17:16.748+0000] {dagbag.py:525} INFO - Filling up the DagBag from /home/airflow/.local/lib/python3.7/site-packages/airflow/example_dags/example_task_group.py
[2022-10-19T16:17:16.759+0000] {processor.py:768} INFO - DAG(s) dict_keys(['example_task_group']) retrieved from /home/airflow/.local/lib/python3.7/site-packages/airflow/example_dags/example_task_group.py
[2022-10-19T16:17:16.786+0000] {logging_mixin.py:117} INFO - [2022-10-19T16:17:16.786+0000] {dag.py:2573} INFO - Sync 1 DAGs
[2022-10-19T16:17:16.802+0000] {logging_mixin.py:117} INFO - [2022-10-19T16:17:16.802+0000] {dag.py:3328} INFO - Setting next_dagrun for example_task_group to 2022-10-18T16:17:16.801944+00:00, run_after=2022-10-19T16:17:16.801944+00:00
[2022-10-19T16:17:16.813+0000] {processor.py:178} INFO - Processing /home/airflow/.local/lib/python3.7/site-packages/airflow/example_dags/example_task_group.py took 0.070 seconds
[2022-10-19T16:17:47.581+0000] {processor.py:156} INFO - Started process (PID=2412) to work on /home/airflow/.local/lib/python3.7/site-packages/airflow/example_dags/example_task_group.py
[2022-10-19T16:17:47.582+0000] {processor.py:758} INFO - Processing file /home/airflow/.local/lib/python3.7/site-packages/airflow/example_dags/example_task_group.py for tasks to queue
[2022-10-19T16:17:47.583+0000] {logging_mixin.py:117} INFO - [2022-10-19T16:17:47.583+0000] {dagbag.py:525} INFO - Filling up the DagBag from /home/airflow/.local/lib/python3.7/site-packages/airflow/example_dags/example_task_group.py
[2022-10-19T16:17:47.594+0000] {processor.py:768} INFO - DAG(s) dict_keys(['example_task_group']) retrieved from /home/airflow/.local/lib/python3.7/site-packages/airflow/example_dags/example_task_group.py
[2022-10-19T16:17:47.622+0000] {logging_mixin.py:117} INFO - [2022-10-19T16:17:47.622+0000] {dag.py:2573} INFO - Sync 1 DAGs
[2022-10-19T16:17:47.638+0000] {logging_mixin.py:117} INFO - [2022-10-19T16:17:47.637+0000] {dag.py:3328} INFO - Setting next_dagrun for example_task_group to 2022-10-18T16:17:47.637793+00:00, run_after=2022-10-19T16:17:47.637793+00:00
[2022-10-19T16:17:47.651+0000] {processor.py:178} INFO - Processing /home/airflow/.local/lib/python3.7/site-packages/airflow/example_dags/example_task_group.py took 0.072 seconds
[2022-10-19T16:18:18.399+0000] {processor.py:156} INFO - Started process (PID=2477) to work on /home/airflow/.local/lib/python3.7/site-packages/airflow/example_dags/example_task_group.py
[2022-10-19T16:18:18.401+0000] {processor.py:758} INFO - Processing file /home/airflow/.local/lib/python3.7/site-packages/airflow/example_dags/example_task_group.py for tasks to queue
[2022-10-19T16:18:18.402+0000] {logging_mixin.py:117} INFO - [2022-10-19T16:18:18.402+0000] {dagbag.py:525} INFO - Filling up the DagBag from /home/airflow/.local/lib/python3.7/site-packages/airflow/example_dags/example_task_group.py
[2022-10-19T16:18:18.412+0000] {processor.py:768} INFO - DAG(s) dict_keys(['example_task_group']) retrieved from /home/airflow/.local/lib/python3.7/site-packages/airflow/example_dags/example_task_group.py
[2022-10-19T16:18:18.437+0000] {logging_mixin.py:117} INFO - [2022-10-19T16:18:18.437+0000] {dag.py:2573} INFO - Sync 1 DAGs
[2022-10-19T16:18:18.454+0000] {logging_mixin.py:117} INFO - [2022-10-19T16:18:18.453+0000] {dag.py:3328} INFO - Setting next_dagrun for example_task_group to 2022-10-18T16:18:18.453801+00:00, run_after=2022-10-19T16:18:18.453801+00:00
[2022-10-19T16:18:18.470+0000] {processor.py:178} INFO - Processing /home/airflow/.local/lib/python3.7/site-packages/airflow/example_dags/example_task_group.py took 0.073 seconds
[2022-10-19T16:18:49.489+0000] {processor.py:156} INFO - Started process (PID=2543) to work on /home/airflow/.local/lib/python3.7/site-packages/airflow/example_dags/example_task_group.py
[2022-10-19T16:18:49.491+0000] {processor.py:758} INFO - Processing file /home/airflow/.local/lib/python3.7/site-packages/airflow/example_dags/example_task_group.py for tasks to queue
[2022-10-19T16:18:49.492+0000] {logging_mixin.py:117} INFO - [2022-10-19T16:18:49.492+0000] {dagbag.py:525} INFO - Filling up the DagBag from /home/airflow/.local/lib/python3.7/site-packages/airflow/example_dags/example_task_group.py
[2022-10-19T16:18:49.503+0000] {processor.py:768} INFO - DAG(s) dict_keys(['example_task_group']) retrieved from /home/airflow/.local/lib/python3.7/site-packages/airflow/example_dags/example_task_group.py
[2022-10-19T16:18:49.530+0000] {logging_mixin.py:117} INFO - [2022-10-19T16:18:49.529+0000] {dag.py:2573} INFO - Sync 1 DAGs
[2022-10-19T16:18:49.546+0000] {logging_mixin.py:117} INFO - [2022-10-19T16:18:49.546+0000] {dag.py:3328} INFO - Setting next_dagrun for example_task_group to 2022-10-18T16:18:49.546212+00:00, run_after=2022-10-19T16:18:49.546212+00:00
[2022-10-19T16:18:49.558+0000] {processor.py:178} INFO - Processing /home/airflow/.local/lib/python3.7/site-packages/airflow/example_dags/example_task_group.py took 0.071 seconds
[2022-10-19T16:19:20.505+0000] {processor.py:156} INFO - Started process (PID=2608) to work on /home/airflow/.local/lib/python3.7/site-packages/airflow/example_dags/example_task_group.py
[2022-10-19T16:19:20.506+0000] {processor.py:758} INFO - Processing file /home/airflow/.local/lib/python3.7/site-packages/airflow/example_dags/example_task_group.py for tasks to queue
[2022-10-19T16:19:20.509+0000] {logging_mixin.py:117} INFO - [2022-10-19T16:19:20.509+0000] {dagbag.py:525} INFO - Filling up the DagBag from /home/airflow/.local/lib/python3.7/site-packages/airflow/example_dags/example_task_group.py
[2022-10-19T16:19:20.524+0000] {processor.py:768} INFO - DAG(s) dict_keys(['example_task_group']) retrieved from /home/airflow/.local/lib/python3.7/site-packages/airflow/example_dags/example_task_group.py
[2022-10-19T16:19:20.562+0000] {logging_mixin.py:117} INFO - [2022-10-19T16:19:20.562+0000] {dag.py:2573} INFO - Sync 1 DAGs
[2022-10-19T16:19:20.586+0000] {logging_mixin.py:117} INFO - [2022-10-19T16:19:20.586+0000] {dag.py:3328} INFO - Setting next_dagrun for example_task_group to 2022-10-18T16:19:20.586225+00:00, run_after=2022-10-19T16:19:20.586225+00:00
[2022-10-19T16:19:20.602+0000] {processor.py:178} INFO - Processing /home/airflow/.local/lib/python3.7/site-packages/airflow/example_dags/example_task_group.py took 0.100 seconds
[2022-10-19T16:20:06.291+0000] {processor.py:156} INFO - Started process (PID=2673) to work on /home/airflow/.local/lib/python3.7/site-packages/airflow/example_dags/example_task_group.py
[2022-10-19T16:20:06.298+0000] {processor.py:758} INFO - Processing file /home/airflow/.local/lib/python3.7/site-packages/airflow/example_dags/example_task_group.py for tasks to queue
[2022-10-19T16:20:06.303+0000] {logging_mixin.py:117} INFO - [2022-10-19T16:20:06.303+0000] {dagbag.py:525} INFO - Filling up the DagBag from /home/airflow/.local/lib/python3.7/site-packages/airflow/example_dags/example_task_group.py
[2022-10-19T16:20:06.348+0000] {processor.py:768} INFO - DAG(s) dict_keys(['example_task_group']) retrieved from /home/airflow/.local/lib/python3.7/site-packages/airflow/example_dags/example_task_group.py
[2022-10-19T16:20:06.480+0000] {logging_mixin.py:117} INFO - [2022-10-19T16:20:06.480+0000] {dag.py:2573} INFO - Sync 1 DAGs
[2022-10-19T16:20:06.521+0000] {logging_mixin.py:117} INFO - [2022-10-19T16:20:06.520+0000] {dag.py:3328} INFO - Setting next_dagrun for example_task_group to 2022-10-18T16:20:06.520712+00:00, run_after=2022-10-19T16:20:06.520712+00:00
[2022-10-19T16:20:06.558+0000] {processor.py:178} INFO - Processing /home/airflow/.local/lib/python3.7/site-packages/airflow/example_dags/example_task_group.py took 0.275 seconds
[2022-10-19T16:21:19.383+0000] {processor.py:156} INFO - Started process (PID=2760) to work on /home/airflow/.local/lib/python3.7/site-packages/airflow/example_dags/example_task_group.py
[2022-10-19T16:21:19.387+0000] {processor.py:758} INFO - Processing file /home/airflow/.local/lib/python3.7/site-packages/airflow/example_dags/example_task_group.py for tasks to queue
[2022-10-19T16:21:19.389+0000] {logging_mixin.py:117} INFO - [2022-10-19T16:21:19.389+0000] {dagbag.py:525} INFO - Filling up the DagBag from /home/airflow/.local/lib/python3.7/site-packages/airflow/example_dags/example_task_group.py
[2022-10-19T16:21:19.407+0000] {processor.py:768} INFO - DAG(s) dict_keys(['example_task_group']) retrieved from /home/airflow/.local/lib/python3.7/site-packages/airflow/example_dags/example_task_group.py
[2022-10-19T16:21:19.478+0000] {logging_mixin.py:117} INFO - [2022-10-19T16:21:19.478+0000] {dag.py:2573} INFO - Sync 1 DAGs
[2022-10-19T16:21:19.561+0000] {logging_mixin.py:117} INFO - [2022-10-19T16:21:19.561+0000] {dag.py:3328} INFO - Setting next_dagrun for example_task_group to 2022-10-18T16:21:19.560953+00:00, run_after=2022-10-19T16:21:19.560953+00:00
[2022-10-19T16:21:20.011+0000] {processor.py:178} INFO - Processing /home/airflow/.local/lib/python3.7/site-packages/airflow/example_dags/example_task_group.py took 0.632 seconds
[2022-10-19T16:22:20.785+0000] {processor.py:156} INFO - Started process (PID=2835) to work on /home/airflow/.local/lib/python3.7/site-packages/airflow/example_dags/example_task_group.py
[2022-10-19T16:22:20.795+0000] {processor.py:758} INFO - Processing file /home/airflow/.local/lib/python3.7/site-packages/airflow/example_dags/example_task_group.py for tasks to queue
[2022-10-19T16:22:20.802+0000] {logging_mixin.py:117} INFO - [2022-10-19T16:22:20.802+0000] {dagbag.py:525} INFO - Filling up the DagBag from /home/airflow/.local/lib/python3.7/site-packages/airflow/example_dags/example_task_group.py
[2022-10-19T16:22:21.239+0000] {processor.py:768} INFO - DAG(s) dict_keys(['example_task_group']) retrieved from /home/airflow/.local/lib/python3.7/site-packages/airflow/example_dags/example_task_group.py
[2022-10-19T16:22:22.676+0000] {logging_mixin.py:117} INFO - [2022-10-19T16:22:22.660+0000] {dag.py:2573} INFO - Sync 1 DAGs
[2022-10-19T16:22:23.354+0000] {logging_mixin.py:117} INFO - [2022-10-19T16:22:23.331+0000] {dag.py:3328} INFO - Setting next_dagrun for example_task_group to 2022-10-18T16:22:23.138446+00:00, run_after=2022-10-19T16:22:23.138446+00:00
[2022-10-19T16:22:23.795+0000] {processor.py:178} INFO - Processing /home/airflow/.local/lib/python3.7/site-packages/airflow/example_dags/example_task_group.py took 3.161 seconds
[2022-10-19T16:23:19.082+0000] {processor.py:156} INFO - Started process (PID=2900) to work on /home/airflow/.local/lib/python3.7/site-packages/airflow/example_dags/example_task_group.py
[2022-10-19T16:23:19.094+0000] {processor.py:758} INFO - Processing file /home/airflow/.local/lib/python3.7/site-packages/airflow/example_dags/example_task_group.py for tasks to queue
[2022-10-19T16:23:19.106+0000] {logging_mixin.py:117} INFO - [2022-10-19T16:23:19.105+0000] {dagbag.py:525} INFO - Filling up the DagBag from /home/airflow/.local/lib/python3.7/site-packages/airflow/example_dags/example_task_group.py
[2022-10-19T16:23:19.251+0000] {processor.py:768} INFO - DAG(s) dict_keys(['example_task_group']) retrieved from /home/airflow/.local/lib/python3.7/site-packages/airflow/example_dags/example_task_group.py
[2022-10-19T16:23:19.606+0000] {logging_mixin.py:117} INFO - [2022-10-19T16:23:19.606+0000] {dag.py:2573} INFO - Sync 1 DAGs
[2022-10-19T16:23:19.819+0000] {logging_mixin.py:117} INFO - [2022-10-19T16:23:19.819+0000] {dag.py:3328} INFO - Setting next_dagrun for example_task_group to 2022-10-18T16:23:19.818102+00:00, run_after=2022-10-19T16:23:19.818102+00:00
[2022-10-19T16:23:20.159+0000] {processor.py:178} INFO - Processing /home/airflow/.local/lib/python3.7/site-packages/airflow/example_dags/example_task_group.py took 1.172 seconds
[2022-10-19T16:24:03.962+0000] {processor.py:156} INFO - Started process (PID=2958) to work on /home/airflow/.local/lib/python3.7/site-packages/airflow/example_dags/example_task_group.py
[2022-10-19T16:24:03.966+0000] {processor.py:758} INFO - Processing file /home/airflow/.local/lib/python3.7/site-packages/airflow/example_dags/example_task_group.py for tasks to queue
[2022-10-19T16:24:03.969+0000] {logging_mixin.py:117} INFO - [2022-10-19T16:24:03.969+0000] {dagbag.py:525} INFO - Filling up the DagBag from /home/airflow/.local/lib/python3.7/site-packages/airflow/example_dags/example_task_group.py
[2022-10-19T16:24:03.988+0000] {processor.py:768} INFO - DAG(s) dict_keys(['example_task_group']) retrieved from /home/airflow/.local/lib/python3.7/site-packages/airflow/example_dags/example_task_group.py
[2022-10-19T16:24:04.038+0000] {logging_mixin.py:117} INFO - [2022-10-19T16:24:04.038+0000] {dag.py:2573} INFO - Sync 1 DAGs
[2022-10-19T16:24:04.071+0000] {logging_mixin.py:117} INFO - [2022-10-19T16:24:04.071+0000] {dag.py:3328} INFO - Setting next_dagrun for example_task_group to 2022-10-18T16:24:04.071397+00:00, run_after=2022-10-19T16:24:04.071397+00:00
[2022-10-19T16:24:04.104+0000] {processor.py:178} INFO - Processing /home/airflow/.local/lib/python3.7/site-packages/airflow/example_dags/example_task_group.py took 0.148 seconds
[2022-10-19T16:24:40.723+0000] {processor.py:156} INFO - Started process (PID=3013) to work on /home/airflow/.local/lib/python3.7/site-packages/airflow/example_dags/example_task_group.py
[2022-10-19T16:24:40.735+0000] {processor.py:758} INFO - Processing file /home/airflow/.local/lib/python3.7/site-packages/airflow/example_dags/example_task_group.py for tasks to queue
[2022-10-19T16:24:40.739+0000] {logging_mixin.py:117} INFO - [2022-10-19T16:24:40.739+0000] {dagbag.py:525} INFO - Filling up the DagBag from /home/airflow/.local/lib/python3.7/site-packages/airflow/example_dags/example_task_group.py
[2022-10-19T16:24:40.810+0000] {processor.py:768} INFO - DAG(s) dict_keys(['example_task_group']) retrieved from /home/airflow/.local/lib/python3.7/site-packages/airflow/example_dags/example_task_group.py
[2022-10-19T16:24:40.936+0000] {logging_mixin.py:117} INFO - [2022-10-19T16:24:40.935+0000] {dag.py:2573} INFO - Sync 1 DAGs
[2022-10-19T16:24:40.964+0000] {logging_mixin.py:117} INFO - [2022-10-19T16:24:40.964+0000] {dag.py:3328} INFO - Setting next_dagrun for example_task_group to 2022-10-18T16:24:40.964396+00:00, run_after=2022-10-19T16:24:40.964396+00:00
[2022-10-19T16:24:40.999+0000] {processor.py:178} INFO - Processing /home/airflow/.local/lib/python3.7/site-packages/airflow/example_dags/example_task_group.py took 0.282 seconds
