[2022-10-19T15:35:55.229+0000] {processor.py:156} INFO - Started process (PID=174) to work on /home/airflow/.local/lib/python3.7/site-packages/airflow/example_dags/example_branch_python_dop_operator_3.py
[2022-10-19T15:35:55.254+0000] {processor.py:758} INFO - Processing file /home/airflow/.local/lib/python3.7/site-packages/airflow/example_dags/example_branch_python_dop_operator_3.py for tasks to queue
[2022-10-19T15:35:55.349+0000] {logging_mixin.py:117} INFO - [2022-10-19T15:35:55.348+0000] {dagbag.py:525} INFO - Filling up the DagBag from /home/airflow/.local/lib/python3.7/site-packages/airflow/example_dags/example_branch_python_dop_operator_3.py
[2022-10-19T15:35:59.460+0000] {processor.py:768} INFO - DAG(s) dict_keys(['example_branch_dop_operator_v3']) retrieved from /home/airflow/.local/lib/python3.7/site-packages/airflow/example_dags/example_branch_python_dop_operator_3.py
[2022-10-19T15:36:01.487+0000] {logging_mixin.py:117} INFO - [2022-10-19T15:36:01.452+0000] {dag.py:2573} INFO - Sync 1 DAGs
[2022-10-19T15:36:16.909+0000] {logging_mixin.py:117} INFO - [2022-10-19T15:36:16.897+0000] {dag.py:3328} INFO - Setting next_dagrun for example_branch_dop_operator_v3 to 2022-10-19T15:35:00+00:00, run_after=2022-10-19T15:36:00+00:00
[2022-10-19T15:36:20.403+0000] {processor.py:178} INFO - Processing /home/airflow/.local/lib/python3.7/site-packages/airflow/example_dags/example_branch_python_dop_operator_3.py took 25.321 seconds
[2022-10-19T15:37:00.377+0000] {processor.py:156} INFO - Started process (PID=241) to work on /home/airflow/.local/lib/python3.7/site-packages/airflow/example_dags/example_branch_python_dop_operator_3.py
[2022-10-19T15:37:00.404+0000] {processor.py:758} INFO - Processing file /home/airflow/.local/lib/python3.7/site-packages/airflow/example_dags/example_branch_python_dop_operator_3.py for tasks to queue
[2022-10-19T15:37:00.407+0000] {logging_mixin.py:117} INFO - [2022-10-19T15:37:00.407+0000] {dagbag.py:525} INFO - Filling up the DagBag from /home/airflow/.local/lib/python3.7/site-packages/airflow/example_dags/example_branch_python_dop_operator_3.py
[2022-10-19T15:37:00.481+0000] {processor.py:768} INFO - DAG(s) dict_keys(['example_branch_dop_operator_v3']) retrieved from /home/airflow/.local/lib/python3.7/site-packages/airflow/example_dags/example_branch_python_dop_operator_3.py
[2022-10-19T15:37:00.717+0000] {logging_mixin.py:117} INFO - [2022-10-19T15:37:00.716+0000] {dag.py:2573} INFO - Sync 1 DAGs
[2022-10-19T15:37:00.889+0000] {logging_mixin.py:117} INFO - [2022-10-19T15:37:00.888+0000] {dag.py:3328} INFO - Setting next_dagrun for example_branch_dop_operator_v3 to 2022-10-19T15:36:00+00:00, run_after=2022-10-19T15:37:00+00:00
[2022-10-19T15:37:00.957+0000] {processor.py:178} INFO - Processing /home/airflow/.local/lib/python3.7/site-packages/airflow/example_dags/example_branch_python_dop_operator_3.py took 0.596 seconds
[2022-10-19T15:37:31.252+0000] {processor.py:156} INFO - Started process (PID=297) to work on /home/airflow/.local/lib/python3.7/site-packages/airflow/example_dags/example_branch_python_dop_operator_3.py
[2022-10-19T15:37:31.257+0000] {processor.py:758} INFO - Processing file /home/airflow/.local/lib/python3.7/site-packages/airflow/example_dags/example_branch_python_dop_operator_3.py for tasks to queue
[2022-10-19T15:37:31.264+0000] {logging_mixin.py:117} INFO - [2022-10-19T15:37:31.263+0000] {dagbag.py:525} INFO - Filling up the DagBag from /home/airflow/.local/lib/python3.7/site-packages/airflow/example_dags/example_branch_python_dop_operator_3.py
[2022-10-19T15:37:31.300+0000] {processor.py:768} INFO - DAG(s) dict_keys(['example_branch_dop_operator_v3']) retrieved from /home/airflow/.local/lib/python3.7/site-packages/airflow/example_dags/example_branch_python_dop_operator_3.py
[2022-10-19T15:37:31.399+0000] {logging_mixin.py:117} INFO - [2022-10-19T15:37:31.399+0000] {dag.py:2573} INFO - Sync 1 DAGs
[2022-10-19T15:37:31.458+0000] {logging_mixin.py:117} INFO - [2022-10-19T15:37:31.458+0000] {dag.py:3328} INFO - Setting next_dagrun for example_branch_dop_operator_v3 to 2022-10-19T15:36:00+00:00, run_after=2022-10-19T15:37:00+00:00
[2022-10-19T15:37:31.531+0000] {processor.py:178} INFO - Processing /home/airflow/.local/lib/python3.7/site-packages/airflow/example_dags/example_branch_python_dop_operator_3.py took 0.287 seconds
[2022-10-19T15:38:01.618+0000] {processor.py:156} INFO - Started process (PID=361) to work on /home/airflow/.local/lib/python3.7/site-packages/airflow/example_dags/example_branch_python_dop_operator_3.py
[2022-10-19T15:38:01.643+0000] {processor.py:758} INFO - Processing file /home/airflow/.local/lib/python3.7/site-packages/airflow/example_dags/example_branch_python_dop_operator_3.py for tasks to queue
[2022-10-19T15:38:01.647+0000] {logging_mixin.py:117} INFO - [2022-10-19T15:38:01.646+0000] {dagbag.py:525} INFO - Filling up the DagBag from /home/airflow/.local/lib/python3.7/site-packages/airflow/example_dags/example_branch_python_dop_operator_3.py
[2022-10-19T15:38:01.670+0000] {processor.py:768} INFO - DAG(s) dict_keys(['example_branch_dop_operator_v3']) retrieved from /home/airflow/.local/lib/python3.7/site-packages/airflow/example_dags/example_branch_python_dop_operator_3.py
[2022-10-19T15:38:01.714+0000] {logging_mixin.py:117} INFO - [2022-10-19T15:38:01.714+0000] {dag.py:2573} INFO - Sync 1 DAGs
[2022-10-19T15:38:01.731+0000] {logging_mixin.py:117} INFO - [2022-10-19T15:38:01.731+0000] {dag.py:3328} INFO - Setting next_dagrun for example_branch_dop_operator_v3 to 2022-10-19T15:37:00+00:00, run_after=2022-10-19T15:38:00+00:00
[2022-10-19T15:38:01.743+0000] {processor.py:178} INFO - Processing /home/airflow/.local/lib/python3.7/site-packages/airflow/example_dags/example_branch_python_dop_operator_3.py took 0.128 seconds
[2022-10-19T15:38:32.335+0000] {processor.py:156} INFO - Started process (PID=417) to work on /home/airflow/.local/lib/python3.7/site-packages/airflow/example_dags/example_branch_python_dop_operator_3.py
[2022-10-19T15:38:32.338+0000] {processor.py:758} INFO - Processing file /home/airflow/.local/lib/python3.7/site-packages/airflow/example_dags/example_branch_python_dop_operator_3.py for tasks to queue
[2022-10-19T15:38:32.340+0000] {logging_mixin.py:117} INFO - [2022-10-19T15:38:32.340+0000] {dagbag.py:525} INFO - Filling up the DagBag from /home/airflow/.local/lib/python3.7/site-packages/airflow/example_dags/example_branch_python_dop_operator_3.py
[2022-10-19T15:38:32.386+0000] {processor.py:768} INFO - DAG(s) dict_keys(['example_branch_dop_operator_v3']) retrieved from /home/airflow/.local/lib/python3.7/site-packages/airflow/example_dags/example_branch_python_dop_operator_3.py
[2022-10-19T15:38:32.535+0000] {logging_mixin.py:117} INFO - [2022-10-19T15:38:32.534+0000] {dag.py:2573} INFO - Sync 1 DAGs
[2022-10-19T15:38:32.690+0000] {logging_mixin.py:117} INFO - [2022-10-19T15:38:32.690+0000] {dag.py:3328} INFO - Setting next_dagrun for example_branch_dop_operator_v3 to 2022-10-19T15:37:00+00:00, run_after=2022-10-19T15:38:00+00:00
[2022-10-19T15:38:32.965+0000] {processor.py:178} INFO - Processing /home/airflow/.local/lib/python3.7/site-packages/airflow/example_dags/example_branch_python_dop_operator_3.py took 0.642 seconds
[2022-10-19T15:39:03.192+0000] {processor.py:156} INFO - Started process (PID=480) to work on /home/airflow/.local/lib/python3.7/site-packages/airflow/example_dags/example_branch_python_dop_operator_3.py
[2022-10-19T15:39:03.196+0000] {processor.py:758} INFO - Processing file /home/airflow/.local/lib/python3.7/site-packages/airflow/example_dags/example_branch_python_dop_operator_3.py for tasks to queue
[2022-10-19T15:39:03.197+0000] {logging_mixin.py:117} INFO - [2022-10-19T15:39:03.197+0000] {dagbag.py:525} INFO - Filling up the DagBag from /home/airflow/.local/lib/python3.7/site-packages/airflow/example_dags/example_branch_python_dop_operator_3.py
[2022-10-19T15:39:03.218+0000] {processor.py:768} INFO - DAG(s) dict_keys(['example_branch_dop_operator_v3']) retrieved from /home/airflow/.local/lib/python3.7/site-packages/airflow/example_dags/example_branch_python_dop_operator_3.py
[2022-10-19T15:39:03.248+0000] {logging_mixin.py:117} INFO - [2022-10-19T15:39:03.248+0000] {dag.py:2573} INFO - Sync 1 DAGs
[2022-10-19T15:39:03.270+0000] {logging_mixin.py:117} INFO - [2022-10-19T15:39:03.270+0000] {dag.py:3328} INFO - Setting next_dagrun for example_branch_dop_operator_v3 to 2022-10-19T15:38:00+00:00, run_after=2022-10-19T15:39:00+00:00
[2022-10-19T15:39:03.288+0000] {processor.py:178} INFO - Processing /home/airflow/.local/lib/python3.7/site-packages/airflow/example_dags/example_branch_python_dop_operator_3.py took 0.098 seconds
[2022-10-19T15:39:55.883+0000] {processor.py:156} INFO - Started process (PID=547) to work on /home/airflow/.local/lib/python3.7/site-packages/airflow/example_dags/example_branch_python_dop_operator_3.py
[2022-10-19T15:39:55.885+0000] {processor.py:758} INFO - Processing file /home/airflow/.local/lib/python3.7/site-packages/airflow/example_dags/example_branch_python_dop_operator_3.py for tasks to queue
[2022-10-19T15:39:55.887+0000] {logging_mixin.py:117} INFO - [2022-10-19T15:39:55.887+0000] {dagbag.py:525} INFO - Filling up the DagBag from /home/airflow/.local/lib/python3.7/site-packages/airflow/example_dags/example_branch_python_dop_operator_3.py
[2022-10-19T15:39:55.964+0000] {processor.py:768} INFO - DAG(s) dict_keys(['example_branch_dop_operator_v3']) retrieved from /home/airflow/.local/lib/python3.7/site-packages/airflow/example_dags/example_branch_python_dop_operator_3.py
[2022-10-19T15:39:56.032+0000] {logging_mixin.py:117} INFO - [2022-10-19T15:39:56.032+0000] {dag.py:2573} INFO - Sync 1 DAGs
[2022-10-19T15:39:56.093+0000] {logging_mixin.py:117} INFO - [2022-10-19T15:39:56.092+0000] {dag.py:3328} INFO - Setting next_dagrun for example_branch_dop_operator_v3 to 2022-10-19T15:38:00+00:00, run_after=2022-10-19T15:39:00+00:00
[2022-10-19T15:39:56.144+0000] {processor.py:178} INFO - Processing /home/airflow/.local/lib/python3.7/site-packages/airflow/example_dags/example_branch_python_dop_operator_3.py took 0.266 seconds
[2022-10-19T15:40:26.501+0000] {processor.py:156} INFO - Started process (PID=603) to work on /home/airflow/.local/lib/python3.7/site-packages/airflow/example_dags/example_branch_python_dop_operator_3.py
[2022-10-19T15:40:26.505+0000] {processor.py:758} INFO - Processing file /home/airflow/.local/lib/python3.7/site-packages/airflow/example_dags/example_branch_python_dop_operator_3.py for tasks to queue
[2022-10-19T15:40:26.507+0000] {logging_mixin.py:117} INFO - [2022-10-19T15:40:26.507+0000] {dagbag.py:525} INFO - Filling up the DagBag from /home/airflow/.local/lib/python3.7/site-packages/airflow/example_dags/example_branch_python_dop_operator_3.py
[2022-10-19T15:40:26.531+0000] {processor.py:768} INFO - DAG(s) dict_keys(['example_branch_dop_operator_v3']) retrieved from /home/airflow/.local/lib/python3.7/site-packages/airflow/example_dags/example_branch_python_dop_operator_3.py
[2022-10-19T15:40:26.578+0000] {logging_mixin.py:117} INFO - [2022-10-19T15:40:26.578+0000] {dag.py:2573} INFO - Sync 1 DAGs
[2022-10-19T15:40:26.611+0000] {logging_mixin.py:117} INFO - [2022-10-19T15:40:26.611+0000] {dag.py:3328} INFO - Setting next_dagrun for example_branch_dop_operator_v3 to 2022-10-19T15:39:00+00:00, run_after=2022-10-19T15:40:00+00:00
[2022-10-19T15:40:26.638+0000] {processor.py:178} INFO - Processing /home/airflow/.local/lib/python3.7/site-packages/airflow/example_dags/example_branch_python_dop_operator_3.py took 0.141 seconds
[2022-10-19T15:40:57.640+0000] {processor.py:156} INFO - Started process (PID=668) to work on /home/airflow/.local/lib/python3.7/site-packages/airflow/example_dags/example_branch_python_dop_operator_3.py
[2022-10-19T15:40:57.642+0000] {processor.py:758} INFO - Processing file /home/airflow/.local/lib/python3.7/site-packages/airflow/example_dags/example_branch_python_dop_operator_3.py for tasks to queue
[2022-10-19T15:40:57.643+0000] {logging_mixin.py:117} INFO - [2022-10-19T15:40:57.643+0000] {dagbag.py:525} INFO - Filling up the DagBag from /home/airflow/.local/lib/python3.7/site-packages/airflow/example_dags/example_branch_python_dop_operator_3.py
[2022-10-19T15:40:57.668+0000] {processor.py:768} INFO - DAG(s) dict_keys(['example_branch_dop_operator_v3']) retrieved from /home/airflow/.local/lib/python3.7/site-packages/airflow/example_dags/example_branch_python_dop_operator_3.py
[2022-10-19T15:40:57.708+0000] {logging_mixin.py:117} INFO - [2022-10-19T15:40:57.708+0000] {dag.py:2573} INFO - Sync 1 DAGs
[2022-10-19T15:40:57.744+0000] {logging_mixin.py:117} INFO - [2022-10-19T15:40:57.744+0000] {dag.py:3328} INFO - Setting next_dagrun for example_branch_dop_operator_v3 to 2022-10-19T15:39:00+00:00, run_after=2022-10-19T15:40:00+00:00
[2022-10-19T15:40:57.779+0000] {processor.py:178} INFO - Processing /home/airflow/.local/lib/python3.7/site-packages/airflow/example_dags/example_branch_python_dop_operator_3.py took 0.141 seconds
[2022-10-19T15:41:28.949+0000] {processor.py:156} INFO - Started process (PID=734) to work on /home/airflow/.local/lib/python3.7/site-packages/airflow/example_dags/example_branch_python_dop_operator_3.py
[2022-10-19T15:41:28.952+0000] {processor.py:758} INFO - Processing file /home/airflow/.local/lib/python3.7/site-packages/airflow/example_dags/example_branch_python_dop_operator_3.py for tasks to queue
[2022-10-19T15:41:28.954+0000] {logging_mixin.py:117} INFO - [2022-10-19T15:41:28.954+0000] {dagbag.py:525} INFO - Filling up the DagBag from /home/airflow/.local/lib/python3.7/site-packages/airflow/example_dags/example_branch_python_dop_operator_3.py
[2022-10-19T15:41:28.988+0000] {processor.py:768} INFO - DAG(s) dict_keys(['example_branch_dop_operator_v3']) retrieved from /home/airflow/.local/lib/python3.7/site-packages/airflow/example_dags/example_branch_python_dop_operator_3.py
[2022-10-19T15:41:29.034+0000] {logging_mixin.py:117} INFO - [2022-10-19T15:41:29.034+0000] {dag.py:2573} INFO - Sync 1 DAGs
[2022-10-19T15:41:29.057+0000] {logging_mixin.py:117} INFO - [2022-10-19T15:41:29.057+0000] {dag.py:3328} INFO - Setting next_dagrun for example_branch_dop_operator_v3 to 2022-10-19T15:40:00+00:00, run_after=2022-10-19T15:41:00+00:00
[2022-10-19T15:41:29.070+0000] {processor.py:178} INFO - Processing /home/airflow/.local/lib/python3.7/site-packages/airflow/example_dags/example_branch_python_dop_operator_3.py took 0.127 seconds
[2022-10-19T15:41:59.805+0000] {processor.py:156} INFO - Started process (PID=799) to work on /home/airflow/.local/lib/python3.7/site-packages/airflow/example_dags/example_branch_python_dop_operator_3.py
[2022-10-19T15:41:59.807+0000] {processor.py:758} INFO - Processing file /home/airflow/.local/lib/python3.7/site-packages/airflow/example_dags/example_branch_python_dop_operator_3.py for tasks to queue
[2022-10-19T15:41:59.807+0000] {logging_mixin.py:117} INFO - [2022-10-19T15:41:59.807+0000] {dagbag.py:525} INFO - Filling up the DagBag from /home/airflow/.local/lib/python3.7/site-packages/airflow/example_dags/example_branch_python_dop_operator_3.py
[2022-10-19T15:41:59.823+0000] {processor.py:768} INFO - DAG(s) dict_keys(['example_branch_dop_operator_v3']) retrieved from /home/airflow/.local/lib/python3.7/site-packages/airflow/example_dags/example_branch_python_dop_operator_3.py
[2022-10-19T15:41:59.850+0000] {logging_mixin.py:117} INFO - [2022-10-19T15:41:59.850+0000] {dag.py:2573} INFO - Sync 1 DAGs
[2022-10-19T15:41:59.868+0000] {logging_mixin.py:117} INFO - [2022-10-19T15:41:59.867+0000] {dag.py:3328} INFO - Setting next_dagrun for example_branch_dop_operator_v3 to 2022-10-19T15:40:00+00:00, run_after=2022-10-19T15:41:00+00:00
[2022-10-19T15:41:59.879+0000] {processor.py:178} INFO - Processing /home/airflow/.local/lib/python3.7/site-packages/airflow/example_dags/example_branch_python_dop_operator_3.py took 0.076 seconds
[2022-10-19T15:42:30.198+0000] {processor.py:156} INFO - Started process (PID=855) to work on /home/airflow/.local/lib/python3.7/site-packages/airflow/example_dags/example_branch_python_dop_operator_3.py
[2022-10-19T15:42:30.200+0000] {processor.py:758} INFO - Processing file /home/airflow/.local/lib/python3.7/site-packages/airflow/example_dags/example_branch_python_dop_operator_3.py for tasks to queue
[2022-10-19T15:42:30.201+0000] {logging_mixin.py:117} INFO - [2022-10-19T15:42:30.201+0000] {dagbag.py:525} INFO - Filling up the DagBag from /home/airflow/.local/lib/python3.7/site-packages/airflow/example_dags/example_branch_python_dop_operator_3.py
[2022-10-19T15:42:30.219+0000] {processor.py:768} INFO - DAG(s) dict_keys(['example_branch_dop_operator_v3']) retrieved from /home/airflow/.local/lib/python3.7/site-packages/airflow/example_dags/example_branch_python_dop_operator_3.py
[2022-10-19T15:42:30.257+0000] {logging_mixin.py:117} INFO - [2022-10-19T15:42:30.257+0000] {dag.py:2573} INFO - Sync 1 DAGs
[2022-10-19T15:42:30.281+0000] {logging_mixin.py:117} INFO - [2022-10-19T15:42:30.281+0000] {dag.py:3328} INFO - Setting next_dagrun for example_branch_dop_operator_v3 to 2022-10-19T15:41:00+00:00, run_after=2022-10-19T15:42:00+00:00
[2022-10-19T15:42:30.308+0000] {processor.py:178} INFO - Processing /home/airflow/.local/lib/python3.7/site-packages/airflow/example_dags/example_branch_python_dop_operator_3.py took 0.112 seconds
[2022-10-19T15:43:00.834+0000] {processor.py:156} INFO - Started process (PID=921) to work on /home/airflow/.local/lib/python3.7/site-packages/airflow/example_dags/example_branch_python_dop_operator_3.py
[2022-10-19T15:43:00.842+0000] {processor.py:758} INFO - Processing file /home/airflow/.local/lib/python3.7/site-packages/airflow/example_dags/example_branch_python_dop_operator_3.py for tasks to queue
[2022-10-19T15:43:00.847+0000] {logging_mixin.py:117} INFO - [2022-10-19T15:43:00.847+0000] {dagbag.py:525} INFO - Filling up the DagBag from /home/airflow/.local/lib/python3.7/site-packages/airflow/example_dags/example_branch_python_dop_operator_3.py
[2022-10-19T15:43:00.882+0000] {processor.py:768} INFO - DAG(s) dict_keys(['example_branch_dop_operator_v3']) retrieved from /home/airflow/.local/lib/python3.7/site-packages/airflow/example_dags/example_branch_python_dop_operator_3.py
[2022-10-19T15:43:00.955+0000] {logging_mixin.py:117} INFO - [2022-10-19T15:43:00.955+0000] {dag.py:2573} INFO - Sync 1 DAGs
[2022-10-19T15:43:00.972+0000] {logging_mixin.py:117} INFO - [2022-10-19T15:43:00.972+0000] {dag.py:3328} INFO - Setting next_dagrun for example_branch_dop_operator_v3 to 2022-10-19T15:42:00+00:00, run_after=2022-10-19T15:43:00+00:00
[2022-10-19T15:43:00.991+0000] {processor.py:178} INFO - Processing /home/airflow/.local/lib/python3.7/site-packages/airflow/example_dags/example_branch_python_dop_operator_3.py took 0.164 seconds
[2022-10-19T15:43:33.659+0000] {processor.py:156} INFO - Started process (PID=986) to work on /home/airflow/.local/lib/python3.7/site-packages/airflow/example_dags/example_branch_python_dop_operator_3.py
[2022-10-19T15:43:34.044+0000] {processor.py:758} INFO - Processing file /home/airflow/.local/lib/python3.7/site-packages/airflow/example_dags/example_branch_python_dop_operator_3.py for tasks to queue
[2022-10-19T15:43:34.500+0000] {logging_mixin.py:117} INFO - [2022-10-19T15:43:34.499+0000] {dagbag.py:525} INFO - Filling up the DagBag from /home/airflow/.local/lib/python3.7/site-packages/airflow/example_dags/example_branch_python_dop_operator_3.py
[2022-10-19T15:43:34.735+0000] {processor.py:768} INFO - DAG(s) dict_keys(['example_branch_dop_operator_v3']) retrieved from /home/airflow/.local/lib/python3.7/site-packages/airflow/example_dags/example_branch_python_dop_operator_3.py
[2022-10-19T15:43:36.741+0000] {logging_mixin.py:117} INFO - [2022-10-19T15:43:36.740+0000] {dag.py:2573} INFO - Sync 1 DAGs
[2022-10-19T15:43:36.840+0000] {logging_mixin.py:117} INFO - [2022-10-19T15:43:36.840+0000] {dag.py:3328} INFO - Setting next_dagrun for example_branch_dop_operator_v3 to 2022-10-19T15:42:00+00:00, run_after=2022-10-19T15:43:00+00:00
[2022-10-19T15:43:36.889+0000] {processor.py:178} INFO - Processing /home/airflow/.local/lib/python3.7/site-packages/airflow/example_dags/example_branch_python_dop_operator_3.py took 3.250 seconds
[2022-10-19T15:44:50.043+0000] {processor.py:156} INFO - Started process (PID=1053) to work on /home/airflow/.local/lib/python3.7/site-packages/airflow/example_dags/example_branch_python_dop_operator_3.py
[2022-10-19T15:44:50.082+0000] {processor.py:758} INFO - Processing file /home/airflow/.local/lib/python3.7/site-packages/airflow/example_dags/example_branch_python_dop_operator_3.py for tasks to queue
[2022-10-19T15:44:50.096+0000] {logging_mixin.py:117} INFO - [2022-10-19T15:44:50.096+0000] {dagbag.py:525} INFO - Filling up the DagBag from /home/airflow/.local/lib/python3.7/site-packages/airflow/example_dags/example_branch_python_dop_operator_3.py
[2022-10-19T15:44:50.469+0000] {processor.py:768} INFO - DAG(s) dict_keys(['example_branch_dop_operator_v3']) retrieved from /home/airflow/.local/lib/python3.7/site-packages/airflow/example_dags/example_branch_python_dop_operator_3.py
[2022-10-19T15:44:50.676+0000] {logging_mixin.py:117} INFO - [2022-10-19T15:44:50.676+0000] {dag.py:2573} INFO - Sync 1 DAGs
[2022-10-19T15:44:50.748+0000] {logging_mixin.py:117} INFO - [2022-10-19T15:44:50.747+0000] {dag.py:3328} INFO - Setting next_dagrun for example_branch_dop_operator_v3 to 2022-10-19T15:43:00+00:00, run_after=2022-10-19T15:44:00+00:00
[2022-10-19T15:44:50.809+0000] {processor.py:178} INFO - Processing /home/airflow/.local/lib/python3.7/site-packages/airflow/example_dags/example_branch_python_dop_operator_3.py took 0.816 seconds
[2022-10-19T15:45:23.582+0000] {processor.py:156} INFO - Started process (PID=1109) to work on /home/airflow/.local/lib/python3.7/site-packages/airflow/example_dags/example_branch_python_dop_operator_3.py
[2022-10-19T15:45:23.585+0000] {processor.py:758} INFO - Processing file /home/airflow/.local/lib/python3.7/site-packages/airflow/example_dags/example_branch_python_dop_operator_3.py for tasks to queue
[2022-10-19T15:45:23.590+0000] {logging_mixin.py:117} INFO - [2022-10-19T15:45:23.589+0000] {dagbag.py:525} INFO - Filling up the DagBag from /home/airflow/.local/lib/python3.7/site-packages/airflow/example_dags/example_branch_python_dop_operator_3.py
[2022-10-19T15:45:23.641+0000] {processor.py:768} INFO - DAG(s) dict_keys(['example_branch_dop_operator_v3']) retrieved from /home/airflow/.local/lib/python3.7/site-packages/airflow/example_dags/example_branch_python_dop_operator_3.py
[2022-10-19T15:45:23.745+0000] {logging_mixin.py:117} INFO - [2022-10-19T15:45:23.745+0000] {dag.py:2573} INFO - Sync 1 DAGs
[2022-10-19T15:45:23.817+0000] {logging_mixin.py:117} INFO - [2022-10-19T15:45:23.817+0000] {dag.py:3328} INFO - Setting next_dagrun for example_branch_dop_operator_v3 to 2022-10-19T15:44:00+00:00, run_after=2022-10-19T15:45:00+00:00
[2022-10-19T15:45:23.850+0000] {processor.py:178} INFO - Processing /home/airflow/.local/lib/python3.7/site-packages/airflow/example_dags/example_branch_python_dop_operator_3.py took 0.276 seconds
[2022-10-19T15:46:43.935+0000] {processor.py:156} INFO - Started process (PID=1173) to work on /home/airflow/.local/lib/python3.7/site-packages/airflow/example_dags/example_branch_python_dop_operator_3.py
[2022-10-19T15:46:43.967+0000] {processor.py:758} INFO - Processing file /home/airflow/.local/lib/python3.7/site-packages/airflow/example_dags/example_branch_python_dop_operator_3.py for tasks to queue
[2022-10-19T15:46:43.971+0000] {logging_mixin.py:117} INFO - [2022-10-19T15:46:43.971+0000] {dagbag.py:525} INFO - Filling up the DagBag from /home/airflow/.local/lib/python3.7/site-packages/airflow/example_dags/example_branch_python_dop_operator_3.py
[2022-10-19T15:46:44.060+0000] {processor.py:768} INFO - DAG(s) dict_keys(['example_branch_dop_operator_v3']) retrieved from /home/airflow/.local/lib/python3.7/site-packages/airflow/example_dags/example_branch_python_dop_operator_3.py
[2022-10-19T15:46:44.190+0000] {logging_mixin.py:117} INFO - [2022-10-19T15:46:44.190+0000] {dag.py:2573} INFO - Sync 1 DAGs
[2022-10-19T15:46:44.454+0000] {logging_mixin.py:117} INFO - [2022-10-19T15:46:44.447+0000] {dag.py:3328} INFO - Setting next_dagrun for example_branch_dop_operator_v3 to 2022-10-19T15:45:00+00:00, run_after=2022-10-19T15:46:00+00:00
[2022-10-19T15:46:45.287+0000] {processor.py:178} INFO - Processing /home/airflow/.local/lib/python3.7/site-packages/airflow/example_dags/example_branch_python_dop_operator_3.py took 1.355 seconds
[2022-10-19T15:47:16.052+0000] {processor.py:156} INFO - Started process (PID=1237) to work on /home/airflow/.local/lib/python3.7/site-packages/airflow/example_dags/example_branch_python_dop_operator_3.py
[2022-10-19T15:47:16.053+0000] {processor.py:758} INFO - Processing file /home/airflow/.local/lib/python3.7/site-packages/airflow/example_dags/example_branch_python_dop_operator_3.py for tasks to queue
[2022-10-19T15:47:16.054+0000] {logging_mixin.py:117} INFO - [2022-10-19T15:47:16.054+0000] {dagbag.py:525} INFO - Filling up the DagBag from /home/airflow/.local/lib/python3.7/site-packages/airflow/example_dags/example_branch_python_dop_operator_3.py
[2022-10-19T15:47:16.092+0000] {processor.py:768} INFO - DAG(s) dict_keys(['example_branch_dop_operator_v3']) retrieved from /home/airflow/.local/lib/python3.7/site-packages/airflow/example_dags/example_branch_python_dop_operator_3.py
[2022-10-19T15:47:16.134+0000] {logging_mixin.py:117} INFO - [2022-10-19T15:47:16.134+0000] {dag.py:2573} INFO - Sync 1 DAGs
[2022-10-19T15:47:16.158+0000] {logging_mixin.py:117} INFO - [2022-10-19T15:47:16.158+0000] {dag.py:3328} INFO - Setting next_dagrun for example_branch_dop_operator_v3 to 2022-10-19T15:46:00+00:00, run_after=2022-10-19T15:47:00+00:00
[2022-10-19T15:47:16.180+0000] {processor.py:178} INFO - Processing /home/airflow/.local/lib/python3.7/site-packages/airflow/example_dags/example_branch_python_dop_operator_3.py took 0.132 seconds
[2022-10-19T15:47:46.406+0000] {processor.py:156} INFO - Started process (PID=1293) to work on /home/airflow/.local/lib/python3.7/site-packages/airflow/example_dags/example_branch_python_dop_operator_3.py
[2022-10-19T15:47:46.408+0000] {processor.py:758} INFO - Processing file /home/airflow/.local/lib/python3.7/site-packages/airflow/example_dags/example_branch_python_dop_operator_3.py for tasks to queue
[2022-10-19T15:47:46.411+0000] {logging_mixin.py:117} INFO - [2022-10-19T15:47:46.410+0000] {dagbag.py:525} INFO - Filling up the DagBag from /home/airflow/.local/lib/python3.7/site-packages/airflow/example_dags/example_branch_python_dop_operator_3.py
[2022-10-19T15:47:46.438+0000] {processor.py:768} INFO - DAG(s) dict_keys(['example_branch_dop_operator_v3']) retrieved from /home/airflow/.local/lib/python3.7/site-packages/airflow/example_dags/example_branch_python_dop_operator_3.py
[2022-10-19T15:47:46.492+0000] {logging_mixin.py:117} INFO - [2022-10-19T15:47:46.492+0000] {dag.py:2573} INFO - Sync 1 DAGs
[2022-10-19T15:47:46.513+0000] {logging_mixin.py:117} INFO - [2022-10-19T15:47:46.513+0000] {dag.py:3328} INFO - Setting next_dagrun for example_branch_dop_operator_v3 to 2022-10-19T15:46:00+00:00, run_after=2022-10-19T15:47:00+00:00
[2022-10-19T15:47:46.527+0000] {processor.py:178} INFO - Processing /home/airflow/.local/lib/python3.7/site-packages/airflow/example_dags/example_branch_python_dop_operator_3.py took 0.126 seconds
[2022-10-19T15:48:17.233+0000] {processor.py:156} INFO - Started process (PID=1349) to work on /home/airflow/.local/lib/python3.7/site-packages/airflow/example_dags/example_branch_python_dop_operator_3.py
[2022-10-19T15:48:17.238+0000] {processor.py:758} INFO - Processing file /home/airflow/.local/lib/python3.7/site-packages/airflow/example_dags/example_branch_python_dop_operator_3.py for tasks to queue
[2022-10-19T15:48:17.243+0000] {logging_mixin.py:117} INFO - [2022-10-19T15:48:17.242+0000] {dagbag.py:525} INFO - Filling up the DagBag from /home/airflow/.local/lib/python3.7/site-packages/airflow/example_dags/example_branch_python_dop_operator_3.py
[2022-10-19T15:48:17.277+0000] {processor.py:768} INFO - DAG(s) dict_keys(['example_branch_dop_operator_v3']) retrieved from /home/airflow/.local/lib/python3.7/site-packages/airflow/example_dags/example_branch_python_dop_operator_3.py
[2022-10-19T15:48:17.331+0000] {logging_mixin.py:117} INFO - [2022-10-19T15:48:17.330+0000] {dag.py:2573} INFO - Sync 1 DAGs
[2022-10-19T15:48:17.364+0000] {logging_mixin.py:117} INFO - [2022-10-19T15:48:17.364+0000] {dag.py:3328} INFO - Setting next_dagrun for example_branch_dop_operator_v3 to 2022-10-19T15:47:00+00:00, run_after=2022-10-19T15:48:00+00:00
[2022-10-19T15:48:17.392+0000] {processor.py:178} INFO - Processing /home/airflow/.local/lib/python3.7/site-packages/airflow/example_dags/example_branch_python_dop_operator_3.py took 0.167 seconds
[2022-10-19T15:51:32.568+0000] {processor.py:156} INFO - Started process (PID=1485) to work on /home/airflow/.local/lib/python3.7/site-packages/airflow/example_dags/example_branch_python_dop_operator_3.py
[2022-10-19T15:51:32.572+0000] {processor.py:758} INFO - Processing file /home/airflow/.local/lib/python3.7/site-packages/airflow/example_dags/example_branch_python_dop_operator_3.py for tasks to queue
[2022-10-19T15:51:32.581+0000] {logging_mixin.py:117} INFO - [2022-10-19T15:51:32.580+0000] {dagbag.py:525} INFO - Filling up the DagBag from /home/airflow/.local/lib/python3.7/site-packages/airflow/example_dags/example_branch_python_dop_operator_3.py
[2022-10-19T15:51:32.621+0000] {processor.py:768} INFO - DAG(s) dict_keys(['example_branch_dop_operator_v3']) retrieved from /home/airflow/.local/lib/python3.7/site-packages/airflow/example_dags/example_branch_python_dop_operator_3.py
[2022-10-19T15:51:32.671+0000] {logging_mixin.py:117} INFO - [2022-10-19T15:51:32.670+0000] {dag.py:2573} INFO - Sync 1 DAGs
[2022-10-19T15:51:32.706+0000] {logging_mixin.py:117} INFO - [2022-10-19T15:51:32.705+0000] {dag.py:3328} INFO - Setting next_dagrun for example_branch_dop_operator_v3 to 2022-10-19T15:50:00+00:00, run_after=2022-10-19T15:51:00+00:00
[2022-10-19T15:51:32.722+0000] {processor.py:178} INFO - Processing /home/airflow/.local/lib/python3.7/site-packages/airflow/example_dags/example_branch_python_dop_operator_3.py took 0.157 seconds
[2022-10-19T15:59:17.157+0000] {processor.py:156} INFO - Started process (PID=132) to work on /home/airflow/.local/lib/python3.7/site-packages/airflow/example_dags/example_branch_python_dop_operator_3.py
[2022-10-19T15:59:17.187+0000] {processor.py:758} INFO - Processing file /home/airflow/.local/lib/python3.7/site-packages/airflow/example_dags/example_branch_python_dop_operator_3.py for tasks to queue
[2022-10-19T15:59:17.249+0000] {logging_mixin.py:117} INFO - [2022-10-19T15:59:17.249+0000] {dagbag.py:525} INFO - Filling up the DagBag from /home/airflow/.local/lib/python3.7/site-packages/airflow/example_dags/example_branch_python_dop_operator_3.py
[2022-10-19T15:59:17.277+0000] {processor.py:768} INFO - DAG(s) dict_keys(['example_branch_dop_operator_v3']) retrieved from /home/airflow/.local/lib/python3.7/site-packages/airflow/example_dags/example_branch_python_dop_operator_3.py
[2022-10-19T15:59:17.307+0000] {logging_mixin.py:117} INFO - [2022-10-19T15:59:17.307+0000] {dag.py:2573} INFO - Sync 1 DAGs
[2022-10-19T15:59:17.329+0000] {logging_mixin.py:117} INFO - [2022-10-19T15:59:17.329+0000] {dag.py:3328} INFO - Setting next_dagrun for example_branch_dop_operator_v3 to 2022-10-19T15:58:00+00:00, run_after=2022-10-19T15:59:00+00:00
[2022-10-19T15:59:17.342+0000] {processor.py:178} INFO - Processing /home/airflow/.local/lib/python3.7/site-packages/airflow/example_dags/example_branch_python_dop_operator_3.py took 0.188 seconds
[2022-10-19T15:59:48.718+0000] {processor.py:156} INFO - Started process (PID=197) to work on /home/airflow/.local/lib/python3.7/site-packages/airflow/example_dags/example_branch_python_dop_operator_3.py
[2022-10-19T15:59:48.724+0000] {processor.py:758} INFO - Processing file /home/airflow/.local/lib/python3.7/site-packages/airflow/example_dags/example_branch_python_dop_operator_3.py for tasks to queue
[2022-10-19T15:59:48.726+0000] {logging_mixin.py:117} INFO - [2022-10-19T15:59:48.726+0000] {dagbag.py:525} INFO - Filling up the DagBag from /home/airflow/.local/lib/python3.7/site-packages/airflow/example_dags/example_branch_python_dop_operator_3.py
[2022-10-19T15:59:48.761+0000] {processor.py:768} INFO - DAG(s) dict_keys(['example_branch_dop_operator_v3']) retrieved from /home/airflow/.local/lib/python3.7/site-packages/airflow/example_dags/example_branch_python_dop_operator_3.py
[2022-10-19T15:59:48.812+0000] {logging_mixin.py:117} INFO - [2022-10-19T15:59:48.812+0000] {dag.py:2573} INFO - Sync 1 DAGs
[2022-10-19T15:59:48.853+0000] {logging_mixin.py:117} INFO - [2022-10-19T15:59:48.853+0000] {dag.py:3328} INFO - Setting next_dagrun for example_branch_dop_operator_v3 to 2022-10-19T15:58:00+00:00, run_after=2022-10-19T15:59:00+00:00
[2022-10-19T15:59:48.866+0000] {processor.py:178} INFO - Processing /home/airflow/.local/lib/python3.7/site-packages/airflow/example_dags/example_branch_python_dop_operator_3.py took 0.152 seconds
[2022-10-19T16:00:23.935+0000] {processor.py:156} INFO - Started process (PID=262) to work on /home/airflow/.local/lib/python3.7/site-packages/airflow/example_dags/example_branch_python_dop_operator_3.py
[2022-10-19T16:00:23.941+0000] {processor.py:758} INFO - Processing file /home/airflow/.local/lib/python3.7/site-packages/airflow/example_dags/example_branch_python_dop_operator_3.py for tasks to queue
[2022-10-19T16:00:23.943+0000] {logging_mixin.py:117} INFO - [2022-10-19T16:00:23.943+0000] {dagbag.py:525} INFO - Filling up the DagBag from /home/airflow/.local/lib/python3.7/site-packages/airflow/example_dags/example_branch_python_dop_operator_3.py
[2022-10-19T16:00:23.960+0000] {processor.py:768} INFO - DAG(s) dict_keys(['example_branch_dop_operator_v3']) retrieved from /home/airflow/.local/lib/python3.7/site-packages/airflow/example_dags/example_branch_python_dop_operator_3.py
[2022-10-19T16:00:23.991+0000] {logging_mixin.py:117} INFO - [2022-10-19T16:00:23.991+0000] {dag.py:2573} INFO - Sync 1 DAGs
[2022-10-19T16:00:24.012+0000] {logging_mixin.py:117} INFO - [2022-10-19T16:00:24.012+0000] {dag.py:3328} INFO - Setting next_dagrun for example_branch_dop_operator_v3 to 2022-10-19T15:59:00+00:00, run_after=2022-10-19T16:00:00+00:00
[2022-10-19T16:00:24.035+0000] {processor.py:178} INFO - Processing /home/airflow/.local/lib/python3.7/site-packages/airflow/example_dags/example_branch_python_dop_operator_3.py took 0.101 seconds
[2022-10-19T16:00:54.163+0000] {processor.py:156} INFO - Started process (PID=318) to work on /home/airflow/.local/lib/python3.7/site-packages/airflow/example_dags/example_branch_python_dop_operator_3.py
[2022-10-19T16:00:54.165+0000] {processor.py:758} INFO - Processing file /home/airflow/.local/lib/python3.7/site-packages/airflow/example_dags/example_branch_python_dop_operator_3.py for tasks to queue
[2022-10-19T16:00:54.166+0000] {logging_mixin.py:117} INFO - [2022-10-19T16:00:54.166+0000] {dagbag.py:525} INFO - Filling up the DagBag from /home/airflow/.local/lib/python3.7/site-packages/airflow/example_dags/example_branch_python_dop_operator_3.py
[2022-10-19T16:00:54.181+0000] {processor.py:768} INFO - DAG(s) dict_keys(['example_branch_dop_operator_v3']) retrieved from /home/airflow/.local/lib/python3.7/site-packages/airflow/example_dags/example_branch_python_dop_operator_3.py
[2022-10-19T16:00:54.220+0000] {logging_mixin.py:117} INFO - [2022-10-19T16:00:54.220+0000] {dag.py:2573} INFO - Sync 1 DAGs
[2022-10-19T16:00:54.243+0000] {logging_mixin.py:117} INFO - [2022-10-19T16:00:54.243+0000] {dag.py:3328} INFO - Setting next_dagrun for example_branch_dop_operator_v3 to 2022-10-19T15:59:00+00:00, run_after=2022-10-19T16:00:00+00:00
[2022-10-19T16:00:54.259+0000] {processor.py:178} INFO - Processing /home/airflow/.local/lib/python3.7/site-packages/airflow/example_dags/example_branch_python_dop_operator_3.py took 0.100 seconds
[2022-10-19T16:01:25.214+0000] {processor.py:156} INFO - Started process (PID=383) to work on /home/airflow/.local/lib/python3.7/site-packages/airflow/example_dags/example_branch_python_dop_operator_3.py
[2022-10-19T16:01:25.220+0000] {processor.py:758} INFO - Processing file /home/airflow/.local/lib/python3.7/site-packages/airflow/example_dags/example_branch_python_dop_operator_3.py for tasks to queue
[2022-10-19T16:01:25.222+0000] {logging_mixin.py:117} INFO - [2022-10-19T16:01:25.222+0000] {dagbag.py:525} INFO - Filling up the DagBag from /home/airflow/.local/lib/python3.7/site-packages/airflow/example_dags/example_branch_python_dop_operator_3.py
[2022-10-19T16:01:25.245+0000] {processor.py:768} INFO - DAG(s) dict_keys(['example_branch_dop_operator_v3']) retrieved from /home/airflow/.local/lib/python3.7/site-packages/airflow/example_dags/example_branch_python_dop_operator_3.py
[2022-10-19T16:01:25.277+0000] {logging_mixin.py:117} INFO - [2022-10-19T16:01:25.277+0000] {dag.py:2573} INFO - Sync 1 DAGs
[2022-10-19T16:01:25.298+0000] {logging_mixin.py:117} INFO - [2022-10-19T16:01:25.297+0000] {dag.py:3328} INFO - Setting next_dagrun for example_branch_dop_operator_v3 to 2022-10-19T16:00:00+00:00, run_after=2022-10-19T16:01:00+00:00
[2022-10-19T16:01:25.311+0000] {processor.py:178} INFO - Processing /home/airflow/.local/lib/python3.7/site-packages/airflow/example_dags/example_branch_python_dop_operator_3.py took 0.100 seconds
[2022-10-19T16:01:55.382+0000] {processor.py:156} INFO - Started process (PID=449) to work on /home/airflow/.local/lib/python3.7/site-packages/airflow/example_dags/example_branch_python_dop_operator_3.py
[2022-10-19T16:01:55.385+0000] {processor.py:758} INFO - Processing file /home/airflow/.local/lib/python3.7/site-packages/airflow/example_dags/example_branch_python_dop_operator_3.py for tasks to queue
[2022-10-19T16:01:55.388+0000] {logging_mixin.py:117} INFO - [2022-10-19T16:01:55.388+0000] {dagbag.py:525} INFO - Filling up the DagBag from /home/airflow/.local/lib/python3.7/site-packages/airflow/example_dags/example_branch_python_dop_operator_3.py
[2022-10-19T16:01:55.407+0000] {processor.py:768} INFO - DAG(s) dict_keys(['example_branch_dop_operator_v3']) retrieved from /home/airflow/.local/lib/python3.7/site-packages/airflow/example_dags/example_branch_python_dop_operator_3.py
[2022-10-19T16:01:55.437+0000] {logging_mixin.py:117} INFO - [2022-10-19T16:01:55.437+0000] {dag.py:2573} INFO - Sync 1 DAGs
[2022-10-19T16:01:55.458+0000] {logging_mixin.py:117} INFO - [2022-10-19T16:01:55.458+0000] {dag.py:3328} INFO - Setting next_dagrun for example_branch_dop_operator_v3 to 2022-10-19T16:00:00+00:00, run_after=2022-10-19T16:01:00+00:00
[2022-10-19T16:01:55.472+0000] {processor.py:178} INFO - Processing /home/airflow/.local/lib/python3.7/site-packages/airflow/example_dags/example_branch_python_dop_operator_3.py took 0.093 seconds
[2022-10-19T16:02:25.683+0000] {processor.py:156} INFO - Started process (PID=505) to work on /home/airflow/.local/lib/python3.7/site-packages/airflow/example_dags/example_branch_python_dop_operator_3.py
[2022-10-19T16:02:25.685+0000] {processor.py:758} INFO - Processing file /home/airflow/.local/lib/python3.7/site-packages/airflow/example_dags/example_branch_python_dop_operator_3.py for tasks to queue
[2022-10-19T16:02:25.686+0000] {logging_mixin.py:117} INFO - [2022-10-19T16:02:25.686+0000] {dagbag.py:525} INFO - Filling up the DagBag from /home/airflow/.local/lib/python3.7/site-packages/airflow/example_dags/example_branch_python_dop_operator_3.py
[2022-10-19T16:02:25.704+0000] {processor.py:768} INFO - DAG(s) dict_keys(['example_branch_dop_operator_v3']) retrieved from /home/airflow/.local/lib/python3.7/site-packages/airflow/example_dags/example_branch_python_dop_operator_3.py
[2022-10-19T16:02:25.735+0000] {logging_mixin.py:117} INFO - [2022-10-19T16:02:25.735+0000] {dag.py:2573} INFO - Sync 1 DAGs
[2022-10-19T16:02:25.756+0000] {logging_mixin.py:117} INFO - [2022-10-19T16:02:25.756+0000] {dag.py:3328} INFO - Setting next_dagrun for example_branch_dop_operator_v3 to 2022-10-19T16:01:00+00:00, run_after=2022-10-19T16:02:00+00:00
[2022-10-19T16:02:25.771+0000] {processor.py:178} INFO - Processing /home/airflow/.local/lib/python3.7/site-packages/airflow/example_dags/example_branch_python_dop_operator_3.py took 0.091 seconds
[2022-10-19T16:02:56.047+0000] {processor.py:156} INFO - Started process (PID=570) to work on /home/airflow/.local/lib/python3.7/site-packages/airflow/example_dags/example_branch_python_dop_operator_3.py
[2022-10-19T16:02:56.048+0000] {processor.py:758} INFO - Processing file /home/airflow/.local/lib/python3.7/site-packages/airflow/example_dags/example_branch_python_dop_operator_3.py for tasks to queue
[2022-10-19T16:02:56.050+0000] {logging_mixin.py:117} INFO - [2022-10-19T16:02:56.050+0000] {dagbag.py:525} INFO - Filling up the DagBag from /home/airflow/.local/lib/python3.7/site-packages/airflow/example_dags/example_branch_python_dop_operator_3.py
[2022-10-19T16:02:56.068+0000] {processor.py:768} INFO - DAG(s) dict_keys(['example_branch_dop_operator_v3']) retrieved from /home/airflow/.local/lib/python3.7/site-packages/airflow/example_dags/example_branch_python_dop_operator_3.py
[2022-10-19T16:02:56.094+0000] {logging_mixin.py:117} INFO - [2022-10-19T16:02:56.094+0000] {dag.py:2573} INFO - Sync 1 DAGs
[2022-10-19T16:02:56.110+0000] {logging_mixin.py:117} INFO - [2022-10-19T16:02:56.110+0000] {dag.py:3328} INFO - Setting next_dagrun for example_branch_dop_operator_v3 to 2022-10-19T16:01:00+00:00, run_after=2022-10-19T16:02:00+00:00
[2022-10-19T16:02:56.120+0000] {processor.py:178} INFO - Processing /home/airflow/.local/lib/python3.7/site-packages/airflow/example_dags/example_branch_python_dop_operator_3.py took 0.076 seconds
[2022-10-19T16:03:26.918+0000] {processor.py:156} INFO - Started process (PID=635) to work on /home/airflow/.local/lib/python3.7/site-packages/airflow/example_dags/example_branch_python_dop_operator_3.py
[2022-10-19T16:03:26.921+0000] {processor.py:758} INFO - Processing file /home/airflow/.local/lib/python3.7/site-packages/airflow/example_dags/example_branch_python_dop_operator_3.py for tasks to queue
[2022-10-19T16:03:26.923+0000] {logging_mixin.py:117} INFO - [2022-10-19T16:03:26.923+0000] {dagbag.py:525} INFO - Filling up the DagBag from /home/airflow/.local/lib/python3.7/site-packages/airflow/example_dags/example_branch_python_dop_operator_3.py
[2022-10-19T16:03:26.944+0000] {processor.py:768} INFO - DAG(s) dict_keys(['example_branch_dop_operator_v3']) retrieved from /home/airflow/.local/lib/python3.7/site-packages/airflow/example_dags/example_branch_python_dop_operator_3.py
[2022-10-19T16:03:26.973+0000] {logging_mixin.py:117} INFO - [2022-10-19T16:03:26.973+0000] {dag.py:2573} INFO - Sync 1 DAGs
[2022-10-19T16:03:26.991+0000] {logging_mixin.py:117} INFO - [2022-10-19T16:03:26.991+0000] {dag.py:3328} INFO - Setting next_dagrun for example_branch_dop_operator_v3 to 2022-10-19T16:02:00+00:00, run_after=2022-10-19T16:03:00+00:00
[2022-10-19T16:03:27.006+0000] {processor.py:178} INFO - Processing /home/airflow/.local/lib/python3.7/site-packages/airflow/example_dags/example_branch_python_dop_operator_3.py took 0.092 seconds
[2022-10-19T16:03:57.115+0000] {processor.py:156} INFO - Started process (PID=700) to work on /home/airflow/.local/lib/python3.7/site-packages/airflow/example_dags/example_branch_python_dop_operator_3.py
[2022-10-19T16:03:57.118+0000] {processor.py:758} INFO - Processing file /home/airflow/.local/lib/python3.7/site-packages/airflow/example_dags/example_branch_python_dop_operator_3.py for tasks to queue
[2022-10-19T16:03:57.119+0000] {logging_mixin.py:117} INFO - [2022-10-19T16:03:57.119+0000] {dagbag.py:525} INFO - Filling up the DagBag from /home/airflow/.local/lib/python3.7/site-packages/airflow/example_dags/example_branch_python_dop_operator_3.py
[2022-10-19T16:03:57.135+0000] {processor.py:768} INFO - DAG(s) dict_keys(['example_branch_dop_operator_v3']) retrieved from /home/airflow/.local/lib/python3.7/site-packages/airflow/example_dags/example_branch_python_dop_operator_3.py
[2022-10-19T16:03:57.161+0000] {logging_mixin.py:117} INFO - [2022-10-19T16:03:57.161+0000] {dag.py:2573} INFO - Sync 1 DAGs
[2022-10-19T16:03:57.177+0000] {logging_mixin.py:117} INFO - [2022-10-19T16:03:57.176+0000] {dag.py:3328} INFO - Setting next_dagrun for example_branch_dop_operator_v3 to 2022-10-19T16:02:00+00:00, run_after=2022-10-19T16:03:00+00:00
[2022-10-19T16:03:57.191+0000] {processor.py:178} INFO - Processing /home/airflow/.local/lib/python3.7/site-packages/airflow/example_dags/example_branch_python_dop_operator_3.py took 0.078 seconds
[2022-10-19T16:04:28.204+0000] {processor.py:156} INFO - Started process (PID=765) to work on /home/airflow/.local/lib/python3.7/site-packages/airflow/example_dags/example_branch_python_dop_operator_3.py
[2022-10-19T16:04:28.212+0000] {processor.py:758} INFO - Processing file /home/airflow/.local/lib/python3.7/site-packages/airflow/example_dags/example_branch_python_dop_operator_3.py for tasks to queue
[2022-10-19T16:04:28.215+0000] {logging_mixin.py:117} INFO - [2022-10-19T16:04:28.215+0000] {dagbag.py:525} INFO - Filling up the DagBag from /home/airflow/.local/lib/python3.7/site-packages/airflow/example_dags/example_branch_python_dop_operator_3.py
[2022-10-19T16:04:28.231+0000] {processor.py:768} INFO - DAG(s) dict_keys(['example_branch_dop_operator_v3']) retrieved from /home/airflow/.local/lib/python3.7/site-packages/airflow/example_dags/example_branch_python_dop_operator_3.py
[2022-10-19T16:04:28.265+0000] {logging_mixin.py:117} INFO - [2022-10-19T16:04:28.265+0000] {dag.py:2573} INFO - Sync 1 DAGs
[2022-10-19T16:04:28.287+0000] {logging_mixin.py:117} INFO - [2022-10-19T16:04:28.287+0000] {dag.py:3328} INFO - Setting next_dagrun for example_branch_dop_operator_v3 to 2022-10-19T16:03:00+00:00, run_after=2022-10-19T16:04:00+00:00
[2022-10-19T16:04:28.303+0000] {processor.py:178} INFO - Processing /home/airflow/.local/lib/python3.7/site-packages/airflow/example_dags/example_branch_python_dop_operator_3.py took 0.101 seconds
[2022-10-19T16:04:58.772+0000] {processor.py:156} INFO - Started process (PID=821) to work on /home/airflow/.local/lib/python3.7/site-packages/airflow/example_dags/example_branch_python_dop_operator_3.py
[2022-10-19T16:04:58.774+0000] {processor.py:758} INFO - Processing file /home/airflow/.local/lib/python3.7/site-packages/airflow/example_dags/example_branch_python_dop_operator_3.py for tasks to queue
[2022-10-19T16:04:58.775+0000] {logging_mixin.py:117} INFO - [2022-10-19T16:04:58.774+0000] {dagbag.py:525} INFO - Filling up the DagBag from /home/airflow/.local/lib/python3.7/site-packages/airflow/example_dags/example_branch_python_dop_operator_3.py
[2022-10-19T16:04:58.790+0000] {processor.py:768} INFO - DAG(s) dict_keys(['example_branch_dop_operator_v3']) retrieved from /home/airflow/.local/lib/python3.7/site-packages/airflow/example_dags/example_branch_python_dop_operator_3.py
[2022-10-19T16:04:58.816+0000] {logging_mixin.py:117} INFO - [2022-10-19T16:04:58.815+0000] {dag.py:2573} INFO - Sync 1 DAGs
[2022-10-19T16:04:58.838+0000] {logging_mixin.py:117} INFO - [2022-10-19T16:04:58.838+0000] {dag.py:3328} INFO - Setting next_dagrun for example_branch_dop_operator_v3 to 2022-10-19T16:03:00+00:00, run_after=2022-10-19T16:04:00+00:00
[2022-10-19T16:04:58.856+0000] {processor.py:178} INFO - Processing /home/airflow/.local/lib/python3.7/site-packages/airflow/example_dags/example_branch_python_dop_operator_3.py took 0.086 seconds
[2022-10-19T16:05:30.114+0000] {processor.py:156} INFO - Started process (PID=887) to work on /home/airflow/.local/lib/python3.7/site-packages/airflow/example_dags/example_branch_python_dop_operator_3.py
[2022-10-19T16:05:30.115+0000] {processor.py:758} INFO - Processing file /home/airflow/.local/lib/python3.7/site-packages/airflow/example_dags/example_branch_python_dop_operator_3.py for tasks to queue
[2022-10-19T16:05:30.117+0000] {logging_mixin.py:117} INFO - [2022-10-19T16:05:30.117+0000] {dagbag.py:525} INFO - Filling up the DagBag from /home/airflow/.local/lib/python3.7/site-packages/airflow/example_dags/example_branch_python_dop_operator_3.py
[2022-10-19T16:05:30.132+0000] {processor.py:768} INFO - DAG(s) dict_keys(['example_branch_dop_operator_v3']) retrieved from /home/airflow/.local/lib/python3.7/site-packages/airflow/example_dags/example_branch_python_dop_operator_3.py
[2022-10-19T16:05:30.166+0000] {logging_mixin.py:117} INFO - [2022-10-19T16:05:30.166+0000] {dag.py:2573} INFO - Sync 1 DAGs
[2022-10-19T16:05:30.187+0000] {logging_mixin.py:117} INFO - [2022-10-19T16:05:30.187+0000] {dag.py:3328} INFO - Setting next_dagrun for example_branch_dop_operator_v3 to 2022-10-19T16:04:00+00:00, run_after=2022-10-19T16:05:00+00:00
[2022-10-19T16:05:30.210+0000] {processor.py:178} INFO - Processing /home/airflow/.local/lib/python3.7/site-packages/airflow/example_dags/example_branch_python_dop_operator_3.py took 0.098 seconds
[2022-10-19T16:06:00.737+0000] {processor.py:156} INFO - Started process (PID=951) to work on /home/airflow/.local/lib/python3.7/site-packages/airflow/example_dags/example_branch_python_dop_operator_3.py
[2022-10-19T16:06:00.739+0000] {processor.py:758} INFO - Processing file /home/airflow/.local/lib/python3.7/site-packages/airflow/example_dags/example_branch_python_dop_operator_3.py for tasks to queue
[2022-10-19T16:06:00.741+0000] {logging_mixin.py:117} INFO - [2022-10-19T16:06:00.741+0000] {dagbag.py:525} INFO - Filling up the DagBag from /home/airflow/.local/lib/python3.7/site-packages/airflow/example_dags/example_branch_python_dop_operator_3.py
[2022-10-19T16:06:00.760+0000] {processor.py:768} INFO - DAG(s) dict_keys(['example_branch_dop_operator_v3']) retrieved from /home/airflow/.local/lib/python3.7/site-packages/airflow/example_dags/example_branch_python_dop_operator_3.py
[2022-10-19T16:06:00.788+0000] {logging_mixin.py:117} INFO - [2022-10-19T16:06:00.788+0000] {dag.py:2573} INFO - Sync 1 DAGs
[2022-10-19T16:06:00.809+0000] {logging_mixin.py:117} INFO - [2022-10-19T16:06:00.809+0000] {dag.py:3328} INFO - Setting next_dagrun for example_branch_dop_operator_v3 to 2022-10-19T16:05:00+00:00, run_after=2022-10-19T16:06:00+00:00
[2022-10-19T16:06:00.822+0000] {processor.py:178} INFO - Processing /home/airflow/.local/lib/python3.7/site-packages/airflow/example_dags/example_branch_python_dop_operator_3.py took 0.087 seconds
[2022-10-19T16:06:31.020+0000] {processor.py:156} INFO - Started process (PID=1016) to work on /home/airflow/.local/lib/python3.7/site-packages/airflow/example_dags/example_branch_python_dop_operator_3.py
[2022-10-19T16:06:31.022+0000] {processor.py:758} INFO - Processing file /home/airflow/.local/lib/python3.7/site-packages/airflow/example_dags/example_branch_python_dop_operator_3.py for tasks to queue
[2022-10-19T16:06:31.023+0000] {logging_mixin.py:117} INFO - [2022-10-19T16:06:31.023+0000] {dagbag.py:525} INFO - Filling up the DagBag from /home/airflow/.local/lib/python3.7/site-packages/airflow/example_dags/example_branch_python_dop_operator_3.py
[2022-10-19T16:06:31.039+0000] {processor.py:768} INFO - DAG(s) dict_keys(['example_branch_dop_operator_v3']) retrieved from /home/airflow/.local/lib/python3.7/site-packages/airflow/example_dags/example_branch_python_dop_operator_3.py
[2022-10-19T16:06:31.092+0000] {logging_mixin.py:117} INFO - [2022-10-19T16:06:31.092+0000] {dag.py:2573} INFO - Sync 1 DAGs
[2022-10-19T16:06:31.149+0000] {logging_mixin.py:117} INFO - [2022-10-19T16:06:31.149+0000] {dag.py:3328} INFO - Setting next_dagrun for example_branch_dop_operator_v3 to 2022-10-19T16:05:00+00:00, run_after=2022-10-19T16:06:00+00:00
[2022-10-19T16:06:31.181+0000] {processor.py:178} INFO - Processing /home/airflow/.local/lib/python3.7/site-packages/airflow/example_dags/example_branch_python_dop_operator_3.py took 0.163 seconds
[2022-10-19T16:07:02.447+0000] {processor.py:156} INFO - Started process (PID=1082) to work on /home/airflow/.local/lib/python3.7/site-packages/airflow/example_dags/example_branch_python_dop_operator_3.py
[2022-10-19T16:07:02.451+0000] {processor.py:758} INFO - Processing file /home/airflow/.local/lib/python3.7/site-packages/airflow/example_dags/example_branch_python_dop_operator_3.py for tasks to queue
[2022-10-19T16:07:02.455+0000] {logging_mixin.py:117} INFO - [2022-10-19T16:07:02.455+0000] {dagbag.py:525} INFO - Filling up the DagBag from /home/airflow/.local/lib/python3.7/site-packages/airflow/example_dags/example_branch_python_dop_operator_3.py
[2022-10-19T16:07:02.486+0000] {processor.py:768} INFO - DAG(s) dict_keys(['example_branch_dop_operator_v3']) retrieved from /home/airflow/.local/lib/python3.7/site-packages/airflow/example_dags/example_branch_python_dop_operator_3.py
[2022-10-19T16:07:02.554+0000] {logging_mixin.py:117} INFO - [2022-10-19T16:07:02.554+0000] {dag.py:2573} INFO - Sync 1 DAGs
[2022-10-19T16:07:02.597+0000] {logging_mixin.py:117} INFO - [2022-10-19T16:07:02.597+0000] {dag.py:3328} INFO - Setting next_dagrun for example_branch_dop_operator_v3 to 2022-10-19T16:06:00+00:00, run_after=2022-10-19T16:07:00+00:00
[2022-10-19T16:07:02.637+0000] {processor.py:178} INFO - Processing /home/airflow/.local/lib/python3.7/site-packages/airflow/example_dags/example_branch_python_dop_operator_3.py took 0.195 seconds
[2022-10-19T16:07:33.752+0000] {processor.py:156} INFO - Started process (PID=1137) to work on /home/airflow/.local/lib/python3.7/site-packages/airflow/example_dags/example_branch_python_dop_operator_3.py
[2022-10-19T16:07:33.754+0000] {processor.py:758} INFO - Processing file /home/airflow/.local/lib/python3.7/site-packages/airflow/example_dags/example_branch_python_dop_operator_3.py for tasks to queue
[2022-10-19T16:07:33.755+0000] {logging_mixin.py:117} INFO - [2022-10-19T16:07:33.755+0000] {dagbag.py:525} INFO - Filling up the DagBag from /home/airflow/.local/lib/python3.7/site-packages/airflow/example_dags/example_branch_python_dop_operator_3.py
[2022-10-19T16:07:33.801+0000] {processor.py:768} INFO - DAG(s) dict_keys(['example_branch_dop_operator_v3']) retrieved from /home/airflow/.local/lib/python3.7/site-packages/airflow/example_dags/example_branch_python_dop_operator_3.py
[2022-10-19T16:07:33.855+0000] {logging_mixin.py:117} INFO - [2022-10-19T16:07:33.855+0000] {dag.py:2573} INFO - Sync 1 DAGs
[2022-10-19T16:07:33.880+0000] {logging_mixin.py:117} INFO - [2022-10-19T16:07:33.879+0000] {dag.py:3328} INFO - Setting next_dagrun for example_branch_dop_operator_v3 to 2022-10-19T16:06:00+00:00, run_after=2022-10-19T16:07:00+00:00
[2022-10-19T16:07:33.895+0000] {processor.py:178} INFO - Processing /home/airflow/.local/lib/python3.7/site-packages/airflow/example_dags/example_branch_python_dop_operator_3.py took 0.152 seconds
[2022-10-19T16:08:04.525+0000] {processor.py:156} INFO - Started process (PID=1202) to work on /home/airflow/.local/lib/python3.7/site-packages/airflow/example_dags/example_branch_python_dop_operator_3.py
[2022-10-19T16:08:04.531+0000] {processor.py:758} INFO - Processing file /home/airflow/.local/lib/python3.7/site-packages/airflow/example_dags/example_branch_python_dop_operator_3.py for tasks to queue
[2022-10-19T16:08:04.533+0000] {logging_mixin.py:117} INFO - [2022-10-19T16:08:04.533+0000] {dagbag.py:525} INFO - Filling up the DagBag from /home/airflow/.local/lib/python3.7/site-packages/airflow/example_dags/example_branch_python_dop_operator_3.py
[2022-10-19T16:08:04.560+0000] {processor.py:768} INFO - DAG(s) dict_keys(['example_branch_dop_operator_v3']) retrieved from /home/airflow/.local/lib/python3.7/site-packages/airflow/example_dags/example_branch_python_dop_operator_3.py
[2022-10-19T16:08:04.626+0000] {logging_mixin.py:117} INFO - [2022-10-19T16:08:04.625+0000] {dag.py:2573} INFO - Sync 1 DAGs
[2022-10-19T16:08:04.685+0000] {logging_mixin.py:117} INFO - [2022-10-19T16:08:04.685+0000] {dag.py:3328} INFO - Setting next_dagrun for example_branch_dop_operator_v3 to 2022-10-19T16:07:00+00:00, run_after=2022-10-19T16:08:00+00:00
[2022-10-19T16:08:04.748+0000] {processor.py:178} INFO - Processing /home/airflow/.local/lib/python3.7/site-packages/airflow/example_dags/example_branch_python_dop_operator_3.py took 0.226 seconds
[2022-10-19T16:08:34.964+0000] {processor.py:156} INFO - Started process (PID=1267) to work on /home/airflow/.local/lib/python3.7/site-packages/airflow/example_dags/example_branch_python_dop_operator_3.py
[2022-10-19T16:08:34.969+0000] {processor.py:758} INFO - Processing file /home/airflow/.local/lib/python3.7/site-packages/airflow/example_dags/example_branch_python_dop_operator_3.py for tasks to queue
[2022-10-19T16:08:34.971+0000] {logging_mixin.py:117} INFO - [2022-10-19T16:08:34.971+0000] {dagbag.py:525} INFO - Filling up the DagBag from /home/airflow/.local/lib/python3.7/site-packages/airflow/example_dags/example_branch_python_dop_operator_3.py
[2022-10-19T16:08:35.008+0000] {processor.py:768} INFO - DAG(s) dict_keys(['example_branch_dop_operator_v3']) retrieved from /home/airflow/.local/lib/python3.7/site-packages/airflow/example_dags/example_branch_python_dop_operator_3.py
[2022-10-19T16:08:35.069+0000] {logging_mixin.py:117} INFO - [2022-10-19T16:08:35.069+0000] {dag.py:2573} INFO - Sync 1 DAGs
[2022-10-19T16:08:35.106+0000] {logging_mixin.py:117} INFO - [2022-10-19T16:08:35.106+0000] {dag.py:3328} INFO - Setting next_dagrun for example_branch_dop_operator_v3 to 2022-10-19T16:07:00+00:00, run_after=2022-10-19T16:08:00+00:00
[2022-10-19T16:08:35.131+0000] {processor.py:178} INFO - Processing /home/airflow/.local/lib/python3.7/site-packages/airflow/example_dags/example_branch_python_dop_operator_3.py took 0.173 seconds
[2022-10-19T16:09:05.528+0000] {processor.py:156} INFO - Started process (PID=1332) to work on /home/airflow/.local/lib/python3.7/site-packages/airflow/example_dags/example_branch_python_dop_operator_3.py
[2022-10-19T16:09:05.530+0000] {processor.py:758} INFO - Processing file /home/airflow/.local/lib/python3.7/site-packages/airflow/example_dags/example_branch_python_dop_operator_3.py for tasks to queue
[2022-10-19T16:09:05.532+0000] {logging_mixin.py:117} INFO - [2022-10-19T16:09:05.532+0000] {dagbag.py:525} INFO - Filling up the DagBag from /home/airflow/.local/lib/python3.7/site-packages/airflow/example_dags/example_branch_python_dop_operator_3.py
[2022-10-19T16:09:05.564+0000] {processor.py:768} INFO - DAG(s) dict_keys(['example_branch_dop_operator_v3']) retrieved from /home/airflow/.local/lib/python3.7/site-packages/airflow/example_dags/example_branch_python_dop_operator_3.py
[2022-10-19T16:09:05.609+0000] {logging_mixin.py:117} INFO - [2022-10-19T16:09:05.609+0000] {dag.py:2573} INFO - Sync 1 DAGs
[2022-10-19T16:09:05.640+0000] {logging_mixin.py:117} INFO - [2022-10-19T16:09:05.640+0000] {dag.py:3328} INFO - Setting next_dagrun for example_branch_dop_operator_v3 to 2022-10-19T16:08:00+00:00, run_after=2022-10-19T16:09:00+00:00
[2022-10-19T16:09:05.669+0000] {processor.py:178} INFO - Processing /home/airflow/.local/lib/python3.7/site-packages/airflow/example_dags/example_branch_python_dop_operator_3.py took 0.148 seconds
[2022-10-19T16:09:36.001+0000] {processor.py:156} INFO - Started process (PID=1388) to work on /home/airflow/.local/lib/python3.7/site-packages/airflow/example_dags/example_branch_python_dop_operator_3.py
[2022-10-19T16:09:36.004+0000] {processor.py:758} INFO - Processing file /home/airflow/.local/lib/python3.7/site-packages/airflow/example_dags/example_branch_python_dop_operator_3.py for tasks to queue
[2022-10-19T16:09:36.006+0000] {logging_mixin.py:117} INFO - [2022-10-19T16:09:36.006+0000] {dagbag.py:525} INFO - Filling up the DagBag from /home/airflow/.local/lib/python3.7/site-packages/airflow/example_dags/example_branch_python_dop_operator_3.py
[2022-10-19T16:09:36.042+0000] {processor.py:768} INFO - DAG(s) dict_keys(['example_branch_dop_operator_v3']) retrieved from /home/airflow/.local/lib/python3.7/site-packages/airflow/example_dags/example_branch_python_dop_operator_3.py
[2022-10-19T16:09:36.127+0000] {logging_mixin.py:117} INFO - [2022-10-19T16:09:36.126+0000] {dag.py:2573} INFO - Sync 1 DAGs
[2022-10-19T16:09:36.170+0000] {logging_mixin.py:117} INFO - [2022-10-19T16:09:36.170+0000] {dag.py:3328} INFO - Setting next_dagrun for example_branch_dop_operator_v3 to 2022-10-19T16:08:00+00:00, run_after=2022-10-19T16:09:00+00:00
[2022-10-19T16:09:36.205+0000] {processor.py:178} INFO - Processing /home/airflow/.local/lib/python3.7/site-packages/airflow/example_dags/example_branch_python_dop_operator_3.py took 0.209 seconds
[2022-10-19T16:10:06.857+0000] {processor.py:156} INFO - Started process (PID=1455) to work on /home/airflow/.local/lib/python3.7/site-packages/airflow/example_dags/example_branch_python_dop_operator_3.py
[2022-10-19T16:10:06.860+0000] {processor.py:758} INFO - Processing file /home/airflow/.local/lib/python3.7/site-packages/airflow/example_dags/example_branch_python_dop_operator_3.py for tasks to queue
[2022-10-19T16:10:06.862+0000] {logging_mixin.py:117} INFO - [2022-10-19T16:10:06.861+0000] {dagbag.py:525} INFO - Filling up the DagBag from /home/airflow/.local/lib/python3.7/site-packages/airflow/example_dags/example_branch_python_dop_operator_3.py
[2022-10-19T16:10:06.893+0000] {processor.py:768} INFO - DAG(s) dict_keys(['example_branch_dop_operator_v3']) retrieved from /home/airflow/.local/lib/python3.7/site-packages/airflow/example_dags/example_branch_python_dop_operator_3.py
[2022-10-19T16:10:06.951+0000] {logging_mixin.py:117} INFO - [2022-10-19T16:10:06.951+0000] {dag.py:2573} INFO - Sync 1 DAGs
[2022-10-19T16:10:06.981+0000] {logging_mixin.py:117} INFO - [2022-10-19T16:10:06.981+0000] {dag.py:3328} INFO - Setting next_dagrun for example_branch_dop_operator_v3 to 2022-10-19T16:09:00+00:00, run_after=2022-10-19T16:10:00+00:00
[2022-10-19T16:10:07.001+0000] {processor.py:178} INFO - Processing /home/airflow/.local/lib/python3.7/site-packages/airflow/example_dags/example_branch_python_dop_operator_3.py took 0.151 seconds
[2022-10-19T16:10:37.314+0000] {processor.py:156} INFO - Started process (PID=1520) to work on /home/airflow/.local/lib/python3.7/site-packages/airflow/example_dags/example_branch_python_dop_operator_3.py
[2022-10-19T16:10:37.316+0000] {processor.py:758} INFO - Processing file /home/airflow/.local/lib/python3.7/site-packages/airflow/example_dags/example_branch_python_dop_operator_3.py for tasks to queue
[2022-10-19T16:10:37.317+0000] {logging_mixin.py:117} INFO - [2022-10-19T16:10:37.317+0000] {dagbag.py:525} INFO - Filling up the DagBag from /home/airflow/.local/lib/python3.7/site-packages/airflow/example_dags/example_branch_python_dop_operator_3.py
[2022-10-19T16:10:37.332+0000] {processor.py:768} INFO - DAG(s) dict_keys(['example_branch_dop_operator_v3']) retrieved from /home/airflow/.local/lib/python3.7/site-packages/airflow/example_dags/example_branch_python_dop_operator_3.py
[2022-10-19T16:10:37.359+0000] {logging_mixin.py:117} INFO - [2022-10-19T16:10:37.359+0000] {dag.py:2573} INFO - Sync 1 DAGs
[2022-10-19T16:10:37.378+0000] {logging_mixin.py:117} INFO - [2022-10-19T16:10:37.378+0000] {dag.py:3328} INFO - Setting next_dagrun for example_branch_dop_operator_v3 to 2022-10-19T16:09:00+00:00, run_after=2022-10-19T16:10:00+00:00
[2022-10-19T16:10:37.390+0000] {processor.py:178} INFO - Processing /home/airflow/.local/lib/python3.7/site-packages/airflow/example_dags/example_branch_python_dop_operator_3.py took 0.078 seconds
[2022-10-19T16:11:07.945+0000] {processor.py:156} INFO - Started process (PID=1584) to work on /home/airflow/.local/lib/python3.7/site-packages/airflow/example_dags/example_branch_python_dop_operator_3.py
[2022-10-19T16:11:07.948+0000] {processor.py:758} INFO - Processing file /home/airflow/.local/lib/python3.7/site-packages/airflow/example_dags/example_branch_python_dop_operator_3.py for tasks to queue
[2022-10-19T16:11:07.973+0000] {logging_mixin.py:117} INFO - [2022-10-19T16:11:07.973+0000] {dagbag.py:525} INFO - Filling up the DagBag from /home/airflow/.local/lib/python3.7/site-packages/airflow/example_dags/example_branch_python_dop_operator_3.py
[2022-10-19T16:11:08.003+0000] {processor.py:768} INFO - DAG(s) dict_keys(['example_branch_dop_operator_v3']) retrieved from /home/airflow/.local/lib/python3.7/site-packages/airflow/example_dags/example_branch_python_dop_operator_3.py
[2022-10-19T16:11:08.052+0000] {logging_mixin.py:117} INFO - [2022-10-19T16:11:08.052+0000] {dag.py:2573} INFO - Sync 1 DAGs
[2022-10-19T16:11:08.076+0000] {logging_mixin.py:117} INFO - [2022-10-19T16:11:08.076+0000] {dag.py:3328} INFO - Setting next_dagrun for example_branch_dop_operator_v3 to 2022-10-19T16:10:00+00:00, run_after=2022-10-19T16:11:00+00:00
[2022-10-19T16:11:08.108+0000] {processor.py:178} INFO - Processing /home/airflow/.local/lib/python3.7/site-packages/airflow/example_dags/example_branch_python_dop_operator_3.py took 0.169 seconds
[2022-10-19T16:11:38.710+0000] {processor.py:156} INFO - Started process (PID=1649) to work on /home/airflow/.local/lib/python3.7/site-packages/airflow/example_dags/example_branch_python_dop_operator_3.py
[2022-10-19T16:11:38.712+0000] {processor.py:758} INFO - Processing file /home/airflow/.local/lib/python3.7/site-packages/airflow/example_dags/example_branch_python_dop_operator_3.py for tasks to queue
[2022-10-19T16:11:38.713+0000] {logging_mixin.py:117} INFO - [2022-10-19T16:11:38.713+0000] {dagbag.py:525} INFO - Filling up the DagBag from /home/airflow/.local/lib/python3.7/site-packages/airflow/example_dags/example_branch_python_dop_operator_3.py
[2022-10-19T16:11:38.729+0000] {processor.py:768} INFO - DAG(s) dict_keys(['example_branch_dop_operator_v3']) retrieved from /home/airflow/.local/lib/python3.7/site-packages/airflow/example_dags/example_branch_python_dop_operator_3.py
[2022-10-19T16:11:38.764+0000] {logging_mixin.py:117} INFO - [2022-10-19T16:11:38.763+0000] {dag.py:2573} INFO - Sync 1 DAGs
[2022-10-19T16:11:38.785+0000] {logging_mixin.py:117} INFO - [2022-10-19T16:11:38.785+0000] {dag.py:3328} INFO - Setting next_dagrun for example_branch_dop_operator_v3 to 2022-10-19T16:10:00+00:00, run_after=2022-10-19T16:11:00+00:00
[2022-10-19T16:11:38.800+0000] {processor.py:178} INFO - Processing /home/airflow/.local/lib/python3.7/site-packages/airflow/example_dags/example_branch_python_dop_operator_3.py took 0.092 seconds
[2022-10-19T16:12:08.856+0000] {processor.py:156} INFO - Started process (PID=1706) to work on /home/airflow/.local/lib/python3.7/site-packages/airflow/example_dags/example_branch_python_dop_operator_3.py
[2022-10-19T16:12:08.858+0000] {processor.py:758} INFO - Processing file /home/airflow/.local/lib/python3.7/site-packages/airflow/example_dags/example_branch_python_dop_operator_3.py for tasks to queue
[2022-10-19T16:12:08.859+0000] {logging_mixin.py:117} INFO - [2022-10-19T16:12:08.859+0000] {dagbag.py:525} INFO - Filling up the DagBag from /home/airflow/.local/lib/python3.7/site-packages/airflow/example_dags/example_branch_python_dop_operator_3.py
[2022-10-19T16:12:08.874+0000] {processor.py:768} INFO - DAG(s) dict_keys(['example_branch_dop_operator_v3']) retrieved from /home/airflow/.local/lib/python3.7/site-packages/airflow/example_dags/example_branch_python_dop_operator_3.py
[2022-10-19T16:12:08.900+0000] {logging_mixin.py:117} INFO - [2022-10-19T16:12:08.900+0000] {dag.py:2573} INFO - Sync 1 DAGs
[2022-10-19T16:12:08.916+0000] {logging_mixin.py:117} INFO - [2022-10-19T16:12:08.916+0000] {dag.py:3328} INFO - Setting next_dagrun for example_branch_dop_operator_v3 to 2022-10-19T16:11:00+00:00, run_after=2022-10-19T16:12:00+00:00
[2022-10-19T16:12:08.926+0000] {processor.py:178} INFO - Processing /home/airflow/.local/lib/python3.7/site-packages/airflow/example_dags/example_branch_python_dop_operator_3.py took 0.073 seconds
[2022-10-19T16:12:39.691+0000] {processor.py:156} INFO - Started process (PID=1772) to work on /home/airflow/.local/lib/python3.7/site-packages/airflow/example_dags/example_branch_python_dop_operator_3.py
[2022-10-19T16:12:39.693+0000] {processor.py:758} INFO - Processing file /home/airflow/.local/lib/python3.7/site-packages/airflow/example_dags/example_branch_python_dop_operator_3.py for tasks to queue
[2022-10-19T16:12:39.695+0000] {logging_mixin.py:117} INFO - [2022-10-19T16:12:39.695+0000] {dagbag.py:525} INFO - Filling up the DagBag from /home/airflow/.local/lib/python3.7/site-packages/airflow/example_dags/example_branch_python_dop_operator_3.py
[2022-10-19T16:12:39.711+0000] {processor.py:768} INFO - DAG(s) dict_keys(['example_branch_dop_operator_v3']) retrieved from /home/airflow/.local/lib/python3.7/site-packages/airflow/example_dags/example_branch_python_dop_operator_3.py
[2022-10-19T16:12:39.737+0000] {logging_mixin.py:117} INFO - [2022-10-19T16:12:39.737+0000] {dag.py:2573} INFO - Sync 1 DAGs
[2022-10-19T16:12:39.762+0000] {logging_mixin.py:117} INFO - [2022-10-19T16:12:39.761+0000] {dag.py:3328} INFO - Setting next_dagrun for example_branch_dop_operator_v3 to 2022-10-19T16:11:00+00:00, run_after=2022-10-19T16:12:00+00:00
[2022-10-19T16:12:39.776+0000] {processor.py:178} INFO - Processing /home/airflow/.local/lib/python3.7/site-packages/airflow/example_dags/example_branch_python_dop_operator_3.py took 0.088 seconds
[2022-10-19T16:13:11.055+0000] {processor.py:156} INFO - Started process (PID=1836) to work on /home/airflow/.local/lib/python3.7/site-packages/airflow/example_dags/example_branch_python_dop_operator_3.py
[2022-10-19T16:13:11.057+0000] {processor.py:758} INFO - Processing file /home/airflow/.local/lib/python3.7/site-packages/airflow/example_dags/example_branch_python_dop_operator_3.py for tasks to queue
[2022-10-19T16:13:11.058+0000] {logging_mixin.py:117} INFO - [2022-10-19T16:13:11.058+0000] {dagbag.py:525} INFO - Filling up the DagBag from /home/airflow/.local/lib/python3.7/site-packages/airflow/example_dags/example_branch_python_dop_operator_3.py
[2022-10-19T16:13:11.079+0000] {processor.py:768} INFO - DAG(s) dict_keys(['example_branch_dop_operator_v3']) retrieved from /home/airflow/.local/lib/python3.7/site-packages/airflow/example_dags/example_branch_python_dop_operator_3.py
[2022-10-19T16:13:11.111+0000] {logging_mixin.py:117} INFO - [2022-10-19T16:13:11.111+0000] {dag.py:2573} INFO - Sync 1 DAGs
[2022-10-19T16:13:11.131+0000] {logging_mixin.py:117} INFO - [2022-10-19T16:13:11.131+0000] {dag.py:3328} INFO - Setting next_dagrun for example_branch_dop_operator_v3 to 2022-10-19T16:12:00+00:00, run_after=2022-10-19T16:13:00+00:00
[2022-10-19T16:13:11.143+0000] {processor.py:178} INFO - Processing /home/airflow/.local/lib/python3.7/site-packages/airflow/example_dags/example_branch_python_dop_operator_3.py took 0.092 seconds
[2022-10-19T16:13:41.509+0000] {processor.py:156} INFO - Started process (PID=1901) to work on /home/airflow/.local/lib/python3.7/site-packages/airflow/example_dags/example_branch_python_dop_operator_3.py
[2022-10-19T16:13:41.510+0000] {processor.py:758} INFO - Processing file /home/airflow/.local/lib/python3.7/site-packages/airflow/example_dags/example_branch_python_dop_operator_3.py for tasks to queue
[2022-10-19T16:13:41.513+0000] {logging_mixin.py:117} INFO - [2022-10-19T16:13:41.513+0000] {dagbag.py:525} INFO - Filling up the DagBag from /home/airflow/.local/lib/python3.7/site-packages/airflow/example_dags/example_branch_python_dop_operator_3.py
[2022-10-19T16:13:41.530+0000] {processor.py:768} INFO - DAG(s) dict_keys(['example_branch_dop_operator_v3']) retrieved from /home/airflow/.local/lib/python3.7/site-packages/airflow/example_dags/example_branch_python_dop_operator_3.py
[2022-10-19T16:13:41.556+0000] {logging_mixin.py:117} INFO - [2022-10-19T16:13:41.556+0000] {dag.py:2573} INFO - Sync 1 DAGs
[2022-10-19T16:13:41.575+0000] {logging_mixin.py:117} INFO - [2022-10-19T16:13:41.575+0000] {dag.py:3328} INFO - Setting next_dagrun for example_branch_dop_operator_v3 to 2022-10-19T16:12:00+00:00, run_after=2022-10-19T16:13:00+00:00
[2022-10-19T16:13:41.589+0000] {processor.py:178} INFO - Processing /home/airflow/.local/lib/python3.7/site-packages/airflow/example_dags/example_branch_python_dop_operator_3.py took 0.082 seconds
[2022-10-19T16:14:11.927+0000] {processor.py:156} INFO - Started process (PID=1965) to work on /home/airflow/.local/lib/python3.7/site-packages/airflow/example_dags/example_branch_python_dop_operator_3.py
[2022-10-19T16:14:11.929+0000] {processor.py:758} INFO - Processing file /home/airflow/.local/lib/python3.7/site-packages/airflow/example_dags/example_branch_python_dop_operator_3.py for tasks to queue
[2022-10-19T16:14:11.930+0000] {logging_mixin.py:117} INFO - [2022-10-19T16:14:11.930+0000] {dagbag.py:525} INFO - Filling up the DagBag from /home/airflow/.local/lib/python3.7/site-packages/airflow/example_dags/example_branch_python_dop_operator_3.py
[2022-10-19T16:14:11.947+0000] {processor.py:768} INFO - DAG(s) dict_keys(['example_branch_dop_operator_v3']) retrieved from /home/airflow/.local/lib/python3.7/site-packages/airflow/example_dags/example_branch_python_dop_operator_3.py
[2022-10-19T16:14:11.977+0000] {logging_mixin.py:117} INFO - [2022-10-19T16:14:11.977+0000] {dag.py:2573} INFO - Sync 1 DAGs
[2022-10-19T16:14:11.997+0000] {logging_mixin.py:117} INFO - [2022-10-19T16:14:11.997+0000] {dag.py:3328} INFO - Setting next_dagrun for example_branch_dop_operator_v3 to 2022-10-19T16:13:00+00:00, run_after=2022-10-19T16:14:00+00:00
[2022-10-19T16:14:12.011+0000] {processor.py:178} INFO - Processing /home/airflow/.local/lib/python3.7/site-packages/airflow/example_dags/example_branch_python_dop_operator_3.py took 0.088 seconds
[2022-10-19T16:14:42.173+0000] {processor.py:156} INFO - Started process (PID=2023) to work on /home/airflow/.local/lib/python3.7/site-packages/airflow/example_dags/example_branch_python_dop_operator_3.py
[2022-10-19T16:14:42.174+0000] {processor.py:758} INFO - Processing file /home/airflow/.local/lib/python3.7/site-packages/airflow/example_dags/example_branch_python_dop_operator_3.py for tasks to queue
[2022-10-19T16:14:42.175+0000] {logging_mixin.py:117} INFO - [2022-10-19T16:14:42.175+0000] {dagbag.py:525} INFO - Filling up the DagBag from /home/airflow/.local/lib/python3.7/site-packages/airflow/example_dags/example_branch_python_dop_operator_3.py
[2022-10-19T16:14:42.190+0000] {processor.py:768} INFO - DAG(s) dict_keys(['example_branch_dop_operator_v3']) retrieved from /home/airflow/.local/lib/python3.7/site-packages/airflow/example_dags/example_branch_python_dop_operator_3.py
[2022-10-19T16:14:42.217+0000] {logging_mixin.py:117} INFO - [2022-10-19T16:14:42.217+0000] {dag.py:2573} INFO - Sync 1 DAGs
[2022-10-19T16:14:42.235+0000] {logging_mixin.py:117} INFO - [2022-10-19T16:14:42.235+0000] {dag.py:3328} INFO - Setting next_dagrun for example_branch_dop_operator_v3 to 2022-10-19T16:13:00+00:00, run_after=2022-10-19T16:14:00+00:00
[2022-10-19T16:14:42.246+0000] {processor.py:178} INFO - Processing /home/airflow/.local/lib/python3.7/site-packages/airflow/example_dags/example_branch_python_dop_operator_3.py took 0.076 seconds
[2022-10-19T16:15:13.634+0000] {processor.py:156} INFO - Started process (PID=2091) to work on /home/airflow/.local/lib/python3.7/site-packages/airflow/example_dags/example_branch_python_dop_operator_3.py
[2022-10-19T16:15:13.636+0000] {processor.py:758} INFO - Processing file /home/airflow/.local/lib/python3.7/site-packages/airflow/example_dags/example_branch_python_dop_operator_3.py for tasks to queue
[2022-10-19T16:15:13.638+0000] {logging_mixin.py:117} INFO - [2022-10-19T16:15:13.637+0000] {dagbag.py:525} INFO - Filling up the DagBag from /home/airflow/.local/lib/python3.7/site-packages/airflow/example_dags/example_branch_python_dop_operator_3.py
[2022-10-19T16:15:13.661+0000] {processor.py:768} INFO - DAG(s) dict_keys(['example_branch_dop_operator_v3']) retrieved from /home/airflow/.local/lib/python3.7/site-packages/airflow/example_dags/example_branch_python_dop_operator_3.py
[2022-10-19T16:15:13.699+0000] {logging_mixin.py:117} INFO - [2022-10-19T16:15:13.699+0000] {dag.py:2573} INFO - Sync 1 DAGs
[2022-10-19T16:15:13.725+0000] {logging_mixin.py:117} INFO - [2022-10-19T16:15:13.725+0000] {dag.py:3328} INFO - Setting next_dagrun for example_branch_dop_operator_v3 to 2022-10-19T16:14:00+00:00, run_after=2022-10-19T16:15:00+00:00
[2022-10-19T16:15:13.745+0000] {processor.py:178} INFO - Processing /home/airflow/.local/lib/python3.7/site-packages/airflow/example_dags/example_branch_python_dop_operator_3.py took 0.114 seconds
[2022-10-19T16:15:43.861+0000] {processor.py:156} INFO - Started process (PID=2157) to work on /home/airflow/.local/lib/python3.7/site-packages/airflow/example_dags/example_branch_python_dop_operator_3.py
[2022-10-19T16:15:43.862+0000] {processor.py:758} INFO - Processing file /home/airflow/.local/lib/python3.7/site-packages/airflow/example_dags/example_branch_python_dop_operator_3.py for tasks to queue
[2022-10-19T16:15:43.863+0000] {logging_mixin.py:117} INFO - [2022-10-19T16:15:43.863+0000] {dagbag.py:525} INFO - Filling up the DagBag from /home/airflow/.local/lib/python3.7/site-packages/airflow/example_dags/example_branch_python_dop_operator_3.py
[2022-10-19T16:15:43.876+0000] {processor.py:768} INFO - DAG(s) dict_keys(['example_branch_dop_operator_v3']) retrieved from /home/airflow/.local/lib/python3.7/site-packages/airflow/example_dags/example_branch_python_dop_operator_3.py
[2022-10-19T16:15:43.901+0000] {logging_mixin.py:117} INFO - [2022-10-19T16:15:43.901+0000] {dag.py:2573} INFO - Sync 1 DAGs
[2022-10-19T16:15:43.918+0000] {logging_mixin.py:117} INFO - [2022-10-19T16:15:43.918+0000] {dag.py:3328} INFO - Setting next_dagrun for example_branch_dop_operator_v3 to 2022-10-19T16:14:00+00:00, run_after=2022-10-19T16:15:00+00:00
[2022-10-19T16:15:43.931+0000] {processor.py:178} INFO - Processing /home/airflow/.local/lib/python3.7/site-packages/airflow/example_dags/example_branch_python_dop_operator_3.py took 0.072 seconds
[2022-10-19T16:16:14.704+0000] {processor.py:156} INFO - Started process (PID=2221) to work on /home/airflow/.local/lib/python3.7/site-packages/airflow/example_dags/example_branch_python_dop_operator_3.py
[2022-10-19T16:16:14.706+0000] {processor.py:758} INFO - Processing file /home/airflow/.local/lib/python3.7/site-packages/airflow/example_dags/example_branch_python_dop_operator_3.py for tasks to queue
[2022-10-19T16:16:14.708+0000] {logging_mixin.py:117} INFO - [2022-10-19T16:16:14.708+0000] {dagbag.py:525} INFO - Filling up the DagBag from /home/airflow/.local/lib/python3.7/site-packages/airflow/example_dags/example_branch_python_dop_operator_3.py
[2022-10-19T16:16:14.724+0000] {processor.py:768} INFO - DAG(s) dict_keys(['example_branch_dop_operator_v3']) retrieved from /home/airflow/.local/lib/python3.7/site-packages/airflow/example_dags/example_branch_python_dop_operator_3.py
[2022-10-19T16:16:14.754+0000] {logging_mixin.py:117} INFO - [2022-10-19T16:16:14.754+0000] {dag.py:2573} INFO - Sync 1 DAGs
[2022-10-19T16:16:14.774+0000] {logging_mixin.py:117} INFO - [2022-10-19T16:16:14.774+0000] {dag.py:3328} INFO - Setting next_dagrun for example_branch_dop_operator_v3 to 2022-10-19T16:15:00+00:00, run_after=2022-10-19T16:16:00+00:00
[2022-10-19T16:16:14.784+0000] {processor.py:178} INFO - Processing /home/airflow/.local/lib/python3.7/site-packages/airflow/example_dags/example_branch_python_dop_operator_3.py took 0.083 seconds
[2022-10-19T16:16:45.845+0000] {processor.py:156} INFO - Started process (PID=2287) to work on /home/airflow/.local/lib/python3.7/site-packages/airflow/example_dags/example_branch_python_dop_operator_3.py
[2022-10-19T16:16:45.846+0000] {processor.py:758} INFO - Processing file /home/airflow/.local/lib/python3.7/site-packages/airflow/example_dags/example_branch_python_dop_operator_3.py for tasks to queue
[2022-10-19T16:16:45.847+0000] {logging_mixin.py:117} INFO - [2022-10-19T16:16:45.847+0000] {dagbag.py:525} INFO - Filling up the DagBag from /home/airflow/.local/lib/python3.7/site-packages/airflow/example_dags/example_branch_python_dop_operator_3.py
[2022-10-19T16:16:45.862+0000] {processor.py:768} INFO - DAG(s) dict_keys(['example_branch_dop_operator_v3']) retrieved from /home/airflow/.local/lib/python3.7/site-packages/airflow/example_dags/example_branch_python_dop_operator_3.py
[2022-10-19T16:16:45.888+0000] {logging_mixin.py:117} INFO - [2022-10-19T16:16:45.888+0000] {dag.py:2573} INFO - Sync 1 DAGs
[2022-10-19T16:16:45.909+0000] {logging_mixin.py:117} INFO - [2022-10-19T16:16:45.908+0000] {dag.py:3328} INFO - Setting next_dagrun for example_branch_dop_operator_v3 to 2022-10-19T16:15:00+00:00, run_after=2022-10-19T16:16:00+00:00
[2022-10-19T16:16:45.920+0000] {processor.py:178} INFO - Processing /home/airflow/.local/lib/python3.7/site-packages/airflow/example_dags/example_branch_python_dop_operator_3.py took 0.078 seconds
[2022-10-19T16:17:16.528+0000] {processor.py:156} INFO - Started process (PID=2343) to work on /home/airflow/.local/lib/python3.7/site-packages/airflow/example_dags/example_branch_python_dop_operator_3.py
[2022-10-19T16:17:16.529+0000] {processor.py:758} INFO - Processing file /home/airflow/.local/lib/python3.7/site-packages/airflow/example_dags/example_branch_python_dop_operator_3.py for tasks to queue
[2022-10-19T16:17:16.530+0000] {logging_mixin.py:117} INFO - [2022-10-19T16:17:16.530+0000] {dagbag.py:525} INFO - Filling up the DagBag from /home/airflow/.local/lib/python3.7/site-packages/airflow/example_dags/example_branch_python_dop_operator_3.py
[2022-10-19T16:17:16.544+0000] {processor.py:768} INFO - DAG(s) dict_keys(['example_branch_dop_operator_v3']) retrieved from /home/airflow/.local/lib/python3.7/site-packages/airflow/example_dags/example_branch_python_dop_operator_3.py
[2022-10-19T16:17:16.579+0000] {logging_mixin.py:117} INFO - [2022-10-19T16:17:16.579+0000] {dag.py:2573} INFO - Sync 1 DAGs
[2022-10-19T16:17:16.606+0000] {logging_mixin.py:117} INFO - [2022-10-19T16:17:16.606+0000] {dag.py:3328} INFO - Setting next_dagrun for example_branch_dop_operator_v3 to 2022-10-19T16:16:00+00:00, run_after=2022-10-19T16:17:00+00:00
[2022-10-19T16:17:16.620+0000] {processor.py:178} INFO - Processing /home/airflow/.local/lib/python3.7/site-packages/airflow/example_dags/example_branch_python_dop_operator_3.py took 0.094 seconds
[2022-10-19T16:17:47.397+0000] {processor.py:156} INFO - Started process (PID=2409) to work on /home/airflow/.local/lib/python3.7/site-packages/airflow/example_dags/example_branch_python_dop_operator_3.py
[2022-10-19T16:17:47.399+0000] {processor.py:758} INFO - Processing file /home/airflow/.local/lib/python3.7/site-packages/airflow/example_dags/example_branch_python_dop_operator_3.py for tasks to queue
[2022-10-19T16:17:47.402+0000] {logging_mixin.py:117} INFO - [2022-10-19T16:17:47.401+0000] {dagbag.py:525} INFO - Filling up the DagBag from /home/airflow/.local/lib/python3.7/site-packages/airflow/example_dags/example_branch_python_dop_operator_3.py
[2022-10-19T16:17:47.421+0000] {processor.py:768} INFO - DAG(s) dict_keys(['example_branch_dop_operator_v3']) retrieved from /home/airflow/.local/lib/python3.7/site-packages/airflow/example_dags/example_branch_python_dop_operator_3.py
[2022-10-19T16:17:47.450+0000] {logging_mixin.py:117} INFO - [2022-10-19T16:17:47.450+0000] {dag.py:2573} INFO - Sync 1 DAGs
[2022-10-19T16:17:47.470+0000] {logging_mixin.py:117} INFO - [2022-10-19T16:17:47.470+0000] {dag.py:3328} INFO - Setting next_dagrun for example_branch_dop_operator_v3 to 2022-10-19T16:16:00+00:00, run_after=2022-10-19T16:17:00+00:00
[2022-10-19T16:17:47.484+0000] {processor.py:178} INFO - Processing /home/airflow/.local/lib/python3.7/site-packages/airflow/example_dags/example_branch_python_dop_operator_3.py took 0.090 seconds
[2022-10-19T16:18:18.265+0000] {processor.py:156} INFO - Started process (PID=2474) to work on /home/airflow/.local/lib/python3.7/site-packages/airflow/example_dags/example_branch_python_dop_operator_3.py
[2022-10-19T16:18:18.266+0000] {processor.py:758} INFO - Processing file /home/airflow/.local/lib/python3.7/site-packages/airflow/example_dags/example_branch_python_dop_operator_3.py for tasks to queue
[2022-10-19T16:18:18.268+0000] {logging_mixin.py:117} INFO - [2022-10-19T16:18:18.268+0000] {dagbag.py:525} INFO - Filling up the DagBag from /home/airflow/.local/lib/python3.7/site-packages/airflow/example_dags/example_branch_python_dop_operator_3.py
[2022-10-19T16:18:18.284+0000] {processor.py:768} INFO - DAG(s) dict_keys(['example_branch_dop_operator_v3']) retrieved from /home/airflow/.local/lib/python3.7/site-packages/airflow/example_dags/example_branch_python_dop_operator_3.py
[2022-10-19T16:18:18.310+0000] {logging_mixin.py:117} INFO - [2022-10-19T16:18:18.310+0000] {dag.py:2573} INFO - Sync 1 DAGs
[2022-10-19T16:18:18.329+0000] {logging_mixin.py:117} INFO - [2022-10-19T16:18:18.329+0000] {dag.py:3328} INFO - Setting next_dagrun for example_branch_dop_operator_v3 to 2022-10-19T16:17:00+00:00, run_after=2022-10-19T16:18:00+00:00
[2022-10-19T16:18:18.341+0000] {processor.py:178} INFO - Processing /home/airflow/.local/lib/python3.7/site-packages/airflow/example_dags/example_branch_python_dop_operator_3.py took 0.078 seconds
[2022-10-19T16:18:49.313+0000] {processor.py:156} INFO - Started process (PID=2540) to work on /home/airflow/.local/lib/python3.7/site-packages/airflow/example_dags/example_branch_python_dop_operator_3.py
[2022-10-19T16:18:49.315+0000] {processor.py:758} INFO - Processing file /home/airflow/.local/lib/python3.7/site-packages/airflow/example_dags/example_branch_python_dop_operator_3.py for tasks to queue
[2022-10-19T16:18:49.316+0000] {logging_mixin.py:117} INFO - [2022-10-19T16:18:49.316+0000] {dagbag.py:525} INFO - Filling up the DagBag from /home/airflow/.local/lib/python3.7/site-packages/airflow/example_dags/example_branch_python_dop_operator_3.py
[2022-10-19T16:18:49.332+0000] {processor.py:768} INFO - DAG(s) dict_keys(['example_branch_dop_operator_v3']) retrieved from /home/airflow/.local/lib/python3.7/site-packages/airflow/example_dags/example_branch_python_dop_operator_3.py
[2022-10-19T16:18:49.359+0000] {logging_mixin.py:117} INFO - [2022-10-19T16:18:49.359+0000] {dag.py:2573} INFO - Sync 1 DAGs
[2022-10-19T16:18:49.376+0000] {logging_mixin.py:117} INFO - [2022-10-19T16:18:49.376+0000] {dag.py:3328} INFO - Setting next_dagrun for example_branch_dop_operator_v3 to 2022-10-19T16:17:00+00:00, run_after=2022-10-19T16:18:00+00:00
[2022-10-19T16:18:49.389+0000] {processor.py:178} INFO - Processing /home/airflow/.local/lib/python3.7/site-packages/airflow/example_dags/example_branch_python_dop_operator_3.py took 0.078 seconds
[2022-10-19T16:19:20.278+0000] {processor.py:156} INFO - Started process (PID=2605) to work on /home/airflow/.local/lib/python3.7/site-packages/airflow/example_dags/example_branch_python_dop_operator_3.py
[2022-10-19T16:19:20.279+0000] {processor.py:758} INFO - Processing file /home/airflow/.local/lib/python3.7/site-packages/airflow/example_dags/example_branch_python_dop_operator_3.py for tasks to queue
[2022-10-19T16:19:20.280+0000] {logging_mixin.py:117} INFO - [2022-10-19T16:19:20.280+0000] {dagbag.py:525} INFO - Filling up the DagBag from /home/airflow/.local/lib/python3.7/site-packages/airflow/example_dags/example_branch_python_dop_operator_3.py
[2022-10-19T16:19:20.295+0000] {processor.py:768} INFO - DAG(s) dict_keys(['example_branch_dop_operator_v3']) retrieved from /home/airflow/.local/lib/python3.7/site-packages/airflow/example_dags/example_branch_python_dop_operator_3.py
[2022-10-19T16:19:20.326+0000] {logging_mixin.py:117} INFO - [2022-10-19T16:19:20.326+0000] {dag.py:2573} INFO - Sync 1 DAGs
[2022-10-19T16:19:20.345+0000] {logging_mixin.py:117} INFO - [2022-10-19T16:19:20.344+0000] {dag.py:3328} INFO - Setting next_dagrun for example_branch_dop_operator_v3 to 2022-10-19T16:18:00+00:00, run_after=2022-10-19T16:19:00+00:00
[2022-10-19T16:19:20.359+0000] {processor.py:178} INFO - Processing /home/airflow/.local/lib/python3.7/site-packages/airflow/example_dags/example_branch_python_dop_operator_3.py took 0.083 seconds
[2022-10-19T16:20:02.491+0000] {processor.py:156} INFO - Started process (PID=2670) to work on /home/airflow/.local/lib/python3.7/site-packages/airflow/example_dags/example_branch_python_dop_operator_3.py
[2022-10-19T16:20:02.515+0000] {processor.py:758} INFO - Processing file /home/airflow/.local/lib/python3.7/site-packages/airflow/example_dags/example_branch_python_dop_operator_3.py for tasks to queue
[2022-10-19T16:20:02.528+0000] {logging_mixin.py:117} INFO - [2022-10-19T16:20:02.528+0000] {dagbag.py:525} INFO - Filling up the DagBag from /home/airflow/.local/lib/python3.7/site-packages/airflow/example_dags/example_branch_python_dop_operator_3.py
[2022-10-19T16:20:02.565+0000] {processor.py:768} INFO - DAG(s) dict_keys(['example_branch_dop_operator_v3']) retrieved from /home/airflow/.local/lib/python3.7/site-packages/airflow/example_dags/example_branch_python_dop_operator_3.py
[2022-10-19T16:20:02.820+0000] {logging_mixin.py:117} INFO - [2022-10-19T16:20:02.819+0000] {dag.py:2573} INFO - Sync 1 DAGs
[2022-10-19T16:20:02.859+0000] {logging_mixin.py:117} INFO - [2022-10-19T16:20:02.859+0000] {dag.py:3328} INFO - Setting next_dagrun for example_branch_dop_operator_v3 to 2022-10-19T16:19:00+00:00, run_after=2022-10-19T16:20:00+00:00
[2022-10-19T16:20:02.933+0000] {processor.py:178} INFO - Processing /home/airflow/.local/lib/python3.7/site-packages/airflow/example_dags/example_branch_python_dop_operator_3.py took 0.446 seconds
[2022-10-19T16:21:12.489+0000] {processor.py:156} INFO - Started process (PID=2745) to work on /home/airflow/.local/lib/python3.7/site-packages/airflow/example_dags/example_branch_python_dop_operator_3.py
[2022-10-19T16:21:12.503+0000] {processor.py:758} INFO - Processing file /home/airflow/.local/lib/python3.7/site-packages/airflow/example_dags/example_branch_python_dop_operator_3.py for tasks to queue
[2022-10-19T16:21:12.508+0000] {logging_mixin.py:117} INFO - [2022-10-19T16:21:12.508+0000] {dagbag.py:525} INFO - Filling up the DagBag from /home/airflow/.local/lib/python3.7/site-packages/airflow/example_dags/example_branch_python_dop_operator_3.py
[2022-10-19T16:21:12.719+0000] {processor.py:768} INFO - DAG(s) dict_keys(['example_branch_dop_operator_v3']) retrieved from /home/airflow/.local/lib/python3.7/site-packages/airflow/example_dags/example_branch_python_dop_operator_3.py
[2022-10-19T16:21:13.004+0000] {logging_mixin.py:117} INFO - [2022-10-19T16:21:13.004+0000] {dag.py:2573} INFO - Sync 1 DAGs
[2022-10-19T16:21:13.088+0000] {logging_mixin.py:117} INFO - [2022-10-19T16:21:13.088+0000] {dag.py:3328} INFO - Setting next_dagrun for example_branch_dop_operator_v3 to 2022-10-19T16:20:00+00:00, run_after=2022-10-19T16:21:00+00:00
[2022-10-19T16:21:13.174+0000] {processor.py:178} INFO - Processing /home/airflow/.local/lib/python3.7/site-packages/airflow/example_dags/example_branch_python_dop_operator_3.py took 0.698 seconds
[2022-10-19T16:22:11.076+0000] {processor.py:156} INFO - Started process (PID=2820) to work on /home/airflow/.local/lib/python3.7/site-packages/airflow/example_dags/example_branch_python_dop_operator_3.py
[2022-10-19T16:22:11.083+0000] {processor.py:758} INFO - Processing file /home/airflow/.local/lib/python3.7/site-packages/airflow/example_dags/example_branch_python_dop_operator_3.py for tasks to queue
[2022-10-19T16:22:11.088+0000] {logging_mixin.py:117} INFO - [2022-10-19T16:22:11.087+0000] {dagbag.py:525} INFO - Filling up the DagBag from /home/airflow/.local/lib/python3.7/site-packages/airflow/example_dags/example_branch_python_dop_operator_3.py
[2022-10-19T16:22:11.250+0000] {processor.py:768} INFO - DAG(s) dict_keys(['example_branch_dop_operator_v3']) retrieved from /home/airflow/.local/lib/python3.7/site-packages/airflow/example_dags/example_branch_python_dop_operator_3.py
[2022-10-19T16:22:11.455+0000] {logging_mixin.py:117} INFO - [2022-10-19T16:22:11.454+0000] {dag.py:2573} INFO - Sync 1 DAGs
[2022-10-19T16:22:11.560+0000] {logging_mixin.py:117} INFO - [2022-10-19T16:22:11.560+0000] {dag.py:3328} INFO - Setting next_dagrun for example_branch_dop_operator_v3 to 2022-10-19T16:21:00+00:00, run_after=2022-10-19T16:22:00+00:00
[2022-10-19T16:22:11.594+0000] {processor.py:178} INFO - Processing /home/airflow/.local/lib/python3.7/site-packages/airflow/example_dags/example_branch_python_dop_operator_3.py took 0.546 seconds
[2022-10-19T16:23:14.850+0000] {processor.py:156} INFO - Started process (PID=2888) to work on /home/airflow/.local/lib/python3.7/site-packages/airflow/example_dags/example_branch_python_dop_operator_3.py
[2022-10-19T16:23:14.857+0000] {processor.py:758} INFO - Processing file /home/airflow/.local/lib/python3.7/site-packages/airflow/example_dags/example_branch_python_dop_operator_3.py for tasks to queue
[2022-10-19T16:23:14.863+0000] {logging_mixin.py:117} INFO - [2022-10-19T16:23:14.863+0000] {dagbag.py:525} INFO - Filling up the DagBag from /home/airflow/.local/lib/python3.7/site-packages/airflow/example_dags/example_branch_python_dop_operator_3.py
[2022-10-19T16:23:15.007+0000] {processor.py:768} INFO - DAG(s) dict_keys(['example_branch_dop_operator_v3']) retrieved from /home/airflow/.local/lib/python3.7/site-packages/airflow/example_dags/example_branch_python_dop_operator_3.py
[2022-10-19T16:23:15.333+0000] {logging_mixin.py:117} INFO - [2022-10-19T16:23:15.332+0000] {dag.py:2573} INFO - Sync 1 DAGs
[2022-10-19T16:23:15.446+0000] {logging_mixin.py:117} INFO - [2022-10-19T16:23:15.446+0000] {dag.py:3328} INFO - Setting next_dagrun for example_branch_dop_operator_v3 to 2022-10-19T16:22:00+00:00, run_after=2022-10-19T16:23:00+00:00
[2022-10-19T16:23:15.515+0000] {processor.py:178} INFO - Processing /home/airflow/.local/lib/python3.7/site-packages/airflow/example_dags/example_branch_python_dop_operator_3.py took 0.675 seconds
[2022-10-19T16:24:03.427+0000] {processor.py:156} INFO - Started process (PID=2955) to work on /home/airflow/.local/lib/python3.7/site-packages/airflow/example_dags/example_branch_python_dop_operator_3.py
[2022-10-19T16:24:03.435+0000] {processor.py:758} INFO - Processing file /home/airflow/.local/lib/python3.7/site-packages/airflow/example_dags/example_branch_python_dop_operator_3.py for tasks to queue
[2022-10-19T16:24:03.464+0000] {logging_mixin.py:117} INFO - [2022-10-19T16:24:03.463+0000] {dagbag.py:525} INFO - Filling up the DagBag from /home/airflow/.local/lib/python3.7/site-packages/airflow/example_dags/example_branch_python_dop_operator_3.py
[2022-10-19T16:24:03.534+0000] {processor.py:768} INFO - DAG(s) dict_keys(['example_branch_dop_operator_v3']) retrieved from /home/airflow/.local/lib/python3.7/site-packages/airflow/example_dags/example_branch_python_dop_operator_3.py
[2022-10-19T16:24:03.617+0000] {logging_mixin.py:117} INFO - [2022-10-19T16:24:03.617+0000] {dag.py:2573} INFO - Sync 1 DAGs
[2022-10-19T16:24:03.659+0000] {logging_mixin.py:117} INFO - [2022-10-19T16:24:03.659+0000] {dag.py:3328} INFO - Setting next_dagrun for example_branch_dop_operator_v3 to 2022-10-19T16:23:00+00:00, run_after=2022-10-19T16:24:00+00:00
[2022-10-19T16:24:03.687+0000] {processor.py:178} INFO - Processing /home/airflow/.local/lib/python3.7/site-packages/airflow/example_dags/example_branch_python_dop_operator_3.py took 0.265 seconds
[2022-10-19T16:24:40.044+0000] {processor.py:156} INFO - Started process (PID=3010) to work on /home/airflow/.local/lib/python3.7/site-packages/airflow/example_dags/example_branch_python_dop_operator_3.py
[2022-10-19T16:24:40.048+0000] {processor.py:758} INFO - Processing file /home/airflow/.local/lib/python3.7/site-packages/airflow/example_dags/example_branch_python_dop_operator_3.py for tasks to queue
[2022-10-19T16:24:40.051+0000] {logging_mixin.py:117} INFO - [2022-10-19T16:24:40.050+0000] {dagbag.py:525} INFO - Filling up the DagBag from /home/airflow/.local/lib/python3.7/site-packages/airflow/example_dags/example_branch_python_dop_operator_3.py
[2022-10-19T16:24:40.136+0000] {processor.py:768} INFO - DAG(s) dict_keys(['example_branch_dop_operator_v3']) retrieved from /home/airflow/.local/lib/python3.7/site-packages/airflow/example_dags/example_branch_python_dop_operator_3.py
[2022-10-19T16:24:40.200+0000] {logging_mixin.py:117} INFO - [2022-10-19T16:24:40.200+0000] {dag.py:2573} INFO - Sync 1 DAGs
[2022-10-19T16:24:40.232+0000] {logging_mixin.py:117} INFO - [2022-10-19T16:24:40.232+0000] {dag.py:3328} INFO - Setting next_dagrun for example_branch_dop_operator_v3 to 2022-10-19T16:23:00+00:00, run_after=2022-10-19T16:24:00+00:00
[2022-10-19T16:24:40.258+0000] {processor.py:178} INFO - Processing /home/airflow/.local/lib/python3.7/site-packages/airflow/example_dags/example_branch_python_dop_operator_3.py took 0.220 seconds
[2022-10-19T16:26:56.729+0000] {processor.py:156} INFO - Started process (PID=3115) to work on /home/airflow/.local/lib/python3.7/site-packages/airflow/example_dags/example_branch_python_dop_operator_3.py
[2022-10-19T16:26:56.736+0000] {processor.py:758} INFO - Processing file /home/airflow/.local/lib/python3.7/site-packages/airflow/example_dags/example_branch_python_dop_operator_3.py for tasks to queue
[2022-10-19T16:26:56.744+0000] {logging_mixin.py:117} INFO - [2022-10-19T16:26:56.743+0000] {dagbag.py:525} INFO - Filling up the DagBag from /home/airflow/.local/lib/python3.7/site-packages/airflow/example_dags/example_branch_python_dop_operator_3.py
[2022-10-19T16:27:11.628+0000] {processor.py:768} INFO - DAG(s) dict_keys(['example_branch_dop_operator_v3']) retrieved from /home/airflow/.local/lib/python3.7/site-packages/airflow/example_dags/example_branch_python_dop_operator_3.py
