[2022-10-19T15:35:13.232+0000] {processor.py:156} INFO - Started process (PID=142) to work on /home/airflow/.local/lib/python3.7/site-packages/airflow/example_dags/example_complex.py
[2022-10-19T15:35:13.238+0000] {processor.py:758} INFO - Processing file /home/airflow/.local/lib/python3.7/site-packages/airflow/example_dags/example_complex.py for tasks to queue
[2022-10-19T15:35:13.240+0000] {logging_mixin.py:117} INFO - [2022-10-19T15:35:13.240+0000] {dagbag.py:525} INFO - Filling up the DagBag from /home/airflow/.local/lib/python3.7/site-packages/airflow/example_dags/example_complex.py
[2022-10-19T15:35:13.671+0000] {processor.py:768} INFO - DAG(s) dict_keys(['example_complex']) retrieved from /home/airflow/.local/lib/python3.7/site-packages/airflow/example_dags/example_complex.py
[2022-10-19T15:35:14.125+0000] {logging_mixin.py:117} INFO - [2022-10-19T15:35:14.124+0000] {dag.py:2573} INFO - Sync 1 DAGs
[2022-10-19T15:35:14.477+0000] {logging_mixin.py:117} INFO - [2022-10-19T15:35:14.476+0000] {dag.py:3328} INFO - Setting next_dagrun for example_complex to None, run_after=None
[2022-10-19T15:35:14.545+0000] {processor.py:178} INFO - Processing /home/airflow/.local/lib/python3.7/site-packages/airflow/example_dags/example_complex.py took 1.366 seconds
[2022-10-19T15:36:50.365+0000] {processor.py:156} INFO - Started process (PID=216) to work on /home/airflow/.local/lib/python3.7/site-packages/airflow/example_dags/example_complex.py
[2022-10-19T15:36:50.403+0000] {processor.py:758} INFO - Processing file /home/airflow/.local/lib/python3.7/site-packages/airflow/example_dags/example_complex.py for tasks to queue
[2022-10-19T15:36:50.468+0000] {logging_mixin.py:117} INFO - [2022-10-19T15:36:50.468+0000] {dagbag.py:525} INFO - Filling up the DagBag from /home/airflow/.local/lib/python3.7/site-packages/airflow/example_dags/example_complex.py
[2022-10-19T15:36:50.731+0000] {processor.py:768} INFO - DAG(s) dict_keys(['example_complex']) retrieved from /home/airflow/.local/lib/python3.7/site-packages/airflow/example_dags/example_complex.py
[2022-10-19T15:36:50.851+0000] {logging_mixin.py:117} INFO - [2022-10-19T15:36:50.851+0000] {dag.py:2573} INFO - Sync 1 DAGs
[2022-10-19T15:36:50.945+0000] {logging_mixin.py:117} INFO - [2022-10-19T15:36:50.945+0000] {dag.py:3328} INFO - Setting next_dagrun for example_complex to None, run_after=None
[2022-10-19T15:36:51.003+0000] {processor.py:178} INFO - Processing /home/airflow/.local/lib/python3.7/site-packages/airflow/example_dags/example_complex.py took 0.643 seconds
[2022-10-19T15:37:22.249+0000] {processor.py:156} INFO - Started process (PID=281) to work on /home/airflow/.local/lib/python3.7/site-packages/airflow/example_dags/example_complex.py
[2022-10-19T15:37:22.255+0000] {processor.py:758} INFO - Processing file /home/airflow/.local/lib/python3.7/site-packages/airflow/example_dags/example_complex.py for tasks to queue
[2022-10-19T15:37:22.257+0000] {logging_mixin.py:117} INFO - [2022-10-19T15:37:22.257+0000] {dagbag.py:525} INFO - Filling up the DagBag from /home/airflow/.local/lib/python3.7/site-packages/airflow/example_dags/example_complex.py
[2022-10-19T15:37:22.296+0000] {processor.py:768} INFO - DAG(s) dict_keys(['example_complex']) retrieved from /home/airflow/.local/lib/python3.7/site-packages/airflow/example_dags/example_complex.py
[2022-10-19T15:37:22.344+0000] {logging_mixin.py:117} INFO - [2022-10-19T15:37:22.344+0000] {dag.py:2573} INFO - Sync 1 DAGs
[2022-10-19T15:37:22.367+0000] {logging_mixin.py:117} INFO - [2022-10-19T15:37:22.367+0000] {dag.py:3328} INFO - Setting next_dagrun for example_complex to None, run_after=None
[2022-10-19T15:37:22.382+0000] {processor.py:178} INFO - Processing /home/airflow/.local/lib/python3.7/site-packages/airflow/example_dags/example_complex.py took 0.135 seconds
[2022-10-19T15:37:52.837+0000] {processor.py:156} INFO - Started process (PID=336) to work on /home/airflow/.local/lib/python3.7/site-packages/airflow/example_dags/example_complex.py
[2022-10-19T15:37:52.838+0000] {processor.py:758} INFO - Processing file /home/airflow/.local/lib/python3.7/site-packages/airflow/example_dags/example_complex.py for tasks to queue
[2022-10-19T15:37:52.840+0000] {logging_mixin.py:117} INFO - [2022-10-19T15:37:52.840+0000] {dagbag.py:525} INFO - Filling up the DagBag from /home/airflow/.local/lib/python3.7/site-packages/airflow/example_dags/example_complex.py
[2022-10-19T15:37:52.858+0000] {processor.py:768} INFO - DAG(s) dict_keys(['example_complex']) retrieved from /home/airflow/.local/lib/python3.7/site-packages/airflow/example_dags/example_complex.py
[2022-10-19T15:37:52.888+0000] {logging_mixin.py:117} INFO - [2022-10-19T15:37:52.888+0000] {dag.py:2573} INFO - Sync 1 DAGs
[2022-10-19T15:37:52.906+0000] {logging_mixin.py:117} INFO - [2022-10-19T15:37:52.906+0000] {dag.py:3328} INFO - Setting next_dagrun for example_complex to None, run_after=None
[2022-10-19T15:37:52.923+0000] {processor.py:178} INFO - Processing /home/airflow/.local/lib/python3.7/site-packages/airflow/example_dags/example_complex.py took 0.089 seconds
[2022-10-19T15:38:24.397+0000] {processor.py:156} INFO - Started process (PID=401) to work on /home/airflow/.local/lib/python3.7/site-packages/airflow/example_dags/example_complex.py
[2022-10-19T15:38:24.400+0000] {processor.py:758} INFO - Processing file /home/airflow/.local/lib/python3.7/site-packages/airflow/example_dags/example_complex.py for tasks to queue
[2022-10-19T15:38:24.401+0000] {logging_mixin.py:117} INFO - [2022-10-19T15:38:24.401+0000] {dagbag.py:525} INFO - Filling up the DagBag from /home/airflow/.local/lib/python3.7/site-packages/airflow/example_dags/example_complex.py
[2022-10-19T15:38:24.417+0000] {processor.py:768} INFO - DAG(s) dict_keys(['example_complex']) retrieved from /home/airflow/.local/lib/python3.7/site-packages/airflow/example_dags/example_complex.py
[2022-10-19T15:38:24.469+0000] {logging_mixin.py:117} INFO - [2022-10-19T15:38:24.469+0000] {dag.py:2573} INFO - Sync 1 DAGs
[2022-10-19T15:38:24.568+0000] {logging_mixin.py:117} INFO - [2022-10-19T15:38:24.568+0000] {dag.py:3328} INFO - Setting next_dagrun for example_complex to None, run_after=None
[2022-10-19T15:38:24.670+0000] {processor.py:178} INFO - Processing /home/airflow/.local/lib/python3.7/site-packages/airflow/example_dags/example_complex.py took 0.277 seconds
[2022-10-19T15:38:55.621+0000] {processor.py:156} INFO - Started process (PID=456) to work on /home/airflow/.local/lib/python3.7/site-packages/airflow/example_dags/example_complex.py
[2022-10-19T15:38:55.670+0000] {processor.py:758} INFO - Processing file /home/airflow/.local/lib/python3.7/site-packages/airflow/example_dags/example_complex.py for tasks to queue
[2022-10-19T15:38:55.674+0000] {logging_mixin.py:117} INFO - [2022-10-19T15:38:55.674+0000] {dagbag.py:525} INFO - Filling up the DagBag from /home/airflow/.local/lib/python3.7/site-packages/airflow/example_dags/example_complex.py
[2022-10-19T15:38:55.707+0000] {processor.py:768} INFO - DAG(s) dict_keys(['example_complex']) retrieved from /home/airflow/.local/lib/python3.7/site-packages/airflow/example_dags/example_complex.py
[2022-10-19T15:38:55.750+0000] {logging_mixin.py:117} INFO - [2022-10-19T15:38:55.750+0000] {dag.py:2573} INFO - Sync 1 DAGs
[2022-10-19T15:38:55.819+0000] {logging_mixin.py:117} INFO - [2022-10-19T15:38:55.819+0000] {dag.py:3328} INFO - Setting next_dagrun for example_complex to None, run_after=None
[2022-10-19T15:38:55.843+0000] {processor.py:178} INFO - Processing /home/airflow/.local/lib/python3.7/site-packages/airflow/example_dags/example_complex.py took 0.224 seconds
[2022-10-19T15:39:51.818+0000] {processor.py:156} INFO - Started process (PID=531) to work on /home/airflow/.local/lib/python3.7/site-packages/airflow/example_dags/example_complex.py
[2022-10-19T15:39:51.823+0000] {processor.py:758} INFO - Processing file /home/airflow/.local/lib/python3.7/site-packages/airflow/example_dags/example_complex.py for tasks to queue
[2022-10-19T15:39:51.831+0000] {logging_mixin.py:117} INFO - [2022-10-19T15:39:51.830+0000] {dagbag.py:525} INFO - Filling up the DagBag from /home/airflow/.local/lib/python3.7/site-packages/airflow/example_dags/example_complex.py
[2022-10-19T15:39:51.928+0000] {processor.py:768} INFO - DAG(s) dict_keys(['example_complex']) retrieved from /home/airflow/.local/lib/python3.7/site-packages/airflow/example_dags/example_complex.py
[2022-10-19T15:39:52.318+0000] {logging_mixin.py:117} INFO - [2022-10-19T15:39:52.315+0000] {dag.py:2573} INFO - Sync 1 DAGs
[2022-10-19T15:39:52.434+0000] {logging_mixin.py:117} INFO - [2022-10-19T15:39:52.433+0000] {dag.py:3328} INFO - Setting next_dagrun for example_complex to None, run_after=None
[2022-10-19T15:39:52.552+0000] {processor.py:178} INFO - Processing /home/airflow/.local/lib/python3.7/site-packages/airflow/example_dags/example_complex.py took 0.759 seconds
[2022-10-19T15:40:22.974+0000] {processor.py:156} INFO - Started process (PID=587) to work on /home/airflow/.local/lib/python3.7/site-packages/airflow/example_dags/example_complex.py
[2022-10-19T15:40:22.976+0000] {processor.py:758} INFO - Processing file /home/airflow/.local/lib/python3.7/site-packages/airflow/example_dags/example_complex.py for tasks to queue
[2022-10-19T15:40:22.978+0000] {logging_mixin.py:117} INFO - [2022-10-19T15:40:22.977+0000] {dagbag.py:525} INFO - Filling up the DagBag from /home/airflow/.local/lib/python3.7/site-packages/airflow/example_dags/example_complex.py
[2022-10-19T15:40:22.996+0000] {processor.py:768} INFO - DAG(s) dict_keys(['example_complex']) retrieved from /home/airflow/.local/lib/python3.7/site-packages/airflow/example_dags/example_complex.py
[2022-10-19T15:40:23.036+0000] {logging_mixin.py:117} INFO - [2022-10-19T15:40:23.036+0000] {dag.py:2573} INFO - Sync 1 DAGs
[2022-10-19T15:40:23.052+0000] {logging_mixin.py:117} INFO - [2022-10-19T15:40:23.052+0000] {dag.py:3328} INFO - Setting next_dagrun for example_complex to None, run_after=None
[2022-10-19T15:40:23.067+0000] {processor.py:178} INFO - Processing /home/airflow/.local/lib/python3.7/site-packages/airflow/example_dags/example_complex.py took 0.097 seconds
[2022-10-19T15:40:53.311+0000] {processor.py:156} INFO - Started process (PID=652) to work on /home/airflow/.local/lib/python3.7/site-packages/airflow/example_dags/example_complex.py
[2022-10-19T15:40:53.312+0000] {processor.py:758} INFO - Processing file /home/airflow/.local/lib/python3.7/site-packages/airflow/example_dags/example_complex.py for tasks to queue
[2022-10-19T15:40:53.313+0000] {logging_mixin.py:117} INFO - [2022-10-19T15:40:53.313+0000] {dagbag.py:525} INFO - Filling up the DagBag from /home/airflow/.local/lib/python3.7/site-packages/airflow/example_dags/example_complex.py
[2022-10-19T15:40:53.333+0000] {processor.py:768} INFO - DAG(s) dict_keys(['example_complex']) retrieved from /home/airflow/.local/lib/python3.7/site-packages/airflow/example_dags/example_complex.py
[2022-10-19T15:40:53.385+0000] {logging_mixin.py:117} INFO - [2022-10-19T15:40:53.385+0000] {dag.py:2573} INFO - Sync 1 DAGs
[2022-10-19T15:40:53.408+0000] {logging_mixin.py:117} INFO - [2022-10-19T15:40:53.408+0000] {dag.py:3328} INFO - Setting next_dagrun for example_complex to None, run_after=None
[2022-10-19T15:40:53.424+0000] {processor.py:178} INFO - Processing /home/airflow/.local/lib/python3.7/site-packages/airflow/example_dags/example_complex.py took 0.117 seconds
[2022-10-19T15:41:23.867+0000] {processor.py:156} INFO - Started process (PID=708) to work on /home/airflow/.local/lib/python3.7/site-packages/airflow/example_dags/example_complex.py
[2022-10-19T15:41:23.871+0000] {processor.py:758} INFO - Processing file /home/airflow/.local/lib/python3.7/site-packages/airflow/example_dags/example_complex.py for tasks to queue
[2022-10-19T15:41:23.873+0000] {logging_mixin.py:117} INFO - [2022-10-19T15:41:23.873+0000] {dagbag.py:525} INFO - Filling up the DagBag from /home/airflow/.local/lib/python3.7/site-packages/airflow/example_dags/example_complex.py
[2022-10-19T15:41:23.907+0000] {processor.py:768} INFO - DAG(s) dict_keys(['example_complex']) retrieved from /home/airflow/.local/lib/python3.7/site-packages/airflow/example_dags/example_complex.py
[2022-10-19T15:41:23.969+0000] {logging_mixin.py:117} INFO - [2022-10-19T15:41:23.969+0000] {dag.py:2573} INFO - Sync 1 DAGs
[2022-10-19T15:41:23.995+0000] {logging_mixin.py:117} INFO - [2022-10-19T15:41:23.995+0000] {dag.py:3328} INFO - Setting next_dagrun for example_complex to None, run_after=None
[2022-10-19T15:41:24.015+0000] {processor.py:178} INFO - Processing /home/airflow/.local/lib/python3.7/site-packages/airflow/example_dags/example_complex.py took 0.153 seconds
[2022-10-19T15:41:55.083+0000] {processor.py:156} INFO - Started process (PID=774) to work on /home/airflow/.local/lib/python3.7/site-packages/airflow/example_dags/example_complex.py
[2022-10-19T15:41:55.085+0000] {processor.py:758} INFO - Processing file /home/airflow/.local/lib/python3.7/site-packages/airflow/example_dags/example_complex.py for tasks to queue
[2022-10-19T15:41:55.087+0000] {logging_mixin.py:117} INFO - [2022-10-19T15:41:55.087+0000] {dagbag.py:525} INFO - Filling up the DagBag from /home/airflow/.local/lib/python3.7/site-packages/airflow/example_dags/example_complex.py
[2022-10-19T15:41:55.119+0000] {processor.py:768} INFO - DAG(s) dict_keys(['example_complex']) retrieved from /home/airflow/.local/lib/python3.7/site-packages/airflow/example_dags/example_complex.py
[2022-10-19T15:41:55.189+0000] {logging_mixin.py:117} INFO - [2022-10-19T15:41:55.189+0000] {dag.py:2573} INFO - Sync 1 DAGs
[2022-10-19T15:41:55.213+0000] {logging_mixin.py:117} INFO - [2022-10-19T15:41:55.213+0000] {dag.py:3328} INFO - Setting next_dagrun for example_complex to None, run_after=None
[2022-10-19T15:41:55.228+0000] {processor.py:178} INFO - Processing /home/airflow/.local/lib/python3.7/site-packages/airflow/example_dags/example_complex.py took 0.150 seconds
[2022-10-19T15:42:25.509+0000] {processor.py:156} INFO - Started process (PID=839) to work on /home/airflow/.local/lib/python3.7/site-packages/airflow/example_dags/example_complex.py
[2022-10-19T15:42:25.516+0000] {processor.py:758} INFO - Processing file /home/airflow/.local/lib/python3.7/site-packages/airflow/example_dags/example_complex.py for tasks to queue
[2022-10-19T15:42:25.523+0000] {logging_mixin.py:117} INFO - [2022-10-19T15:42:25.523+0000] {dagbag.py:525} INFO - Filling up the DagBag from /home/airflow/.local/lib/python3.7/site-packages/airflow/example_dags/example_complex.py
[2022-10-19T15:42:25.582+0000] {processor.py:768} INFO - DAG(s) dict_keys(['example_complex']) retrieved from /home/airflow/.local/lib/python3.7/site-packages/airflow/example_dags/example_complex.py
[2022-10-19T15:42:25.668+0000] {logging_mixin.py:117} INFO - [2022-10-19T15:42:25.668+0000] {dag.py:2573} INFO - Sync 1 DAGs
[2022-10-19T15:42:25.711+0000] {logging_mixin.py:117} INFO - [2022-10-19T15:42:25.711+0000] {dag.py:3328} INFO - Setting next_dagrun for example_complex to None, run_after=None
[2022-10-19T15:42:25.738+0000] {processor.py:178} INFO - Processing /home/airflow/.local/lib/python3.7/site-packages/airflow/example_dags/example_complex.py took 0.252 seconds
[2022-10-19T15:42:56.705+0000] {processor.py:156} INFO - Started process (PID=905) to work on /home/airflow/.local/lib/python3.7/site-packages/airflow/example_dags/example_complex.py
[2022-10-19T15:42:56.714+0000] {processor.py:758} INFO - Processing file /home/airflow/.local/lib/python3.7/site-packages/airflow/example_dags/example_complex.py for tasks to queue
[2022-10-19T15:42:56.716+0000] {logging_mixin.py:117} INFO - [2022-10-19T15:42:56.716+0000] {dagbag.py:525} INFO - Filling up the DagBag from /home/airflow/.local/lib/python3.7/site-packages/airflow/example_dags/example_complex.py
[2022-10-19T15:42:56.756+0000] {processor.py:768} INFO - DAG(s) dict_keys(['example_complex']) retrieved from /home/airflow/.local/lib/python3.7/site-packages/airflow/example_dags/example_complex.py
[2022-10-19T15:42:56.889+0000] {logging_mixin.py:117} INFO - [2022-10-19T15:42:56.889+0000] {dag.py:2573} INFO - Sync 1 DAGs
[2022-10-19T15:42:56.915+0000] {logging_mixin.py:117} INFO - [2022-10-19T15:42:56.915+0000] {dag.py:3328} INFO - Setting next_dagrun for example_complex to None, run_after=None
[2022-10-19T15:42:56.942+0000] {processor.py:178} INFO - Processing /home/airflow/.local/lib/python3.7/site-packages/airflow/example_dags/example_complex.py took 0.242 seconds
[2022-10-19T15:43:27.370+0000] {processor.py:156} INFO - Started process (PID=961) to work on /home/airflow/.local/lib/python3.7/site-packages/airflow/example_dags/example_complex.py
[2022-10-19T15:43:27.381+0000] {processor.py:758} INFO - Processing file /home/airflow/.local/lib/python3.7/site-packages/airflow/example_dags/example_complex.py for tasks to queue
[2022-10-19T15:43:27.395+0000] {logging_mixin.py:117} INFO - [2022-10-19T15:43:27.394+0000] {dagbag.py:525} INFO - Filling up the DagBag from /home/airflow/.local/lib/python3.7/site-packages/airflow/example_dags/example_complex.py
[2022-10-19T15:43:27.442+0000] {processor.py:768} INFO - DAG(s) dict_keys(['example_complex']) retrieved from /home/airflow/.local/lib/python3.7/site-packages/airflow/example_dags/example_complex.py
[2022-10-19T15:43:27.498+0000] {logging_mixin.py:117} INFO - [2022-10-19T15:43:27.498+0000] {dag.py:2573} INFO - Sync 1 DAGs
[2022-10-19T15:43:27.531+0000] {logging_mixin.py:117} INFO - [2022-10-19T15:43:27.531+0000] {dag.py:3328} INFO - Setting next_dagrun for example_complex to None, run_after=None
[2022-10-19T15:43:27.558+0000] {processor.py:178} INFO - Processing /home/airflow/.local/lib/python3.7/site-packages/airflow/example_dags/example_complex.py took 0.196 seconds
[2022-10-19T15:44:43.623+0000] {processor.py:156} INFO - Started process (PID=1037) to work on /home/airflow/.local/lib/python3.7/site-packages/airflow/example_dags/example_complex.py
[2022-10-19T15:44:43.835+0000] {processor.py:758} INFO - Processing file /home/airflow/.local/lib/python3.7/site-packages/airflow/example_dags/example_complex.py for tasks to queue
[2022-10-19T15:44:43.851+0000] {logging_mixin.py:117} INFO - [2022-10-19T15:44:43.851+0000] {dagbag.py:525} INFO - Filling up the DagBag from /home/airflow/.local/lib/python3.7/site-packages/airflow/example_dags/example_complex.py
[2022-10-19T15:44:44.156+0000] {processor.py:768} INFO - DAG(s) dict_keys(['example_complex']) retrieved from /home/airflow/.local/lib/python3.7/site-packages/airflow/example_dags/example_complex.py
[2022-10-19T15:44:44.677+0000] {logging_mixin.py:117} INFO - [2022-10-19T15:44:44.676+0000] {dag.py:2573} INFO - Sync 1 DAGs
[2022-10-19T15:44:44.774+0000] {logging_mixin.py:117} INFO - [2022-10-19T15:44:44.774+0000] {dag.py:3328} INFO - Setting next_dagrun for example_complex to None, run_after=None
[2022-10-19T15:44:44.905+0000] {processor.py:178} INFO - Processing /home/airflow/.local/lib/python3.7/site-packages/airflow/example_dags/example_complex.py took 1.316 seconds
[2022-10-19T15:45:17.124+0000] {processor.py:156} INFO - Started process (PID=1093) to work on /home/airflow/.local/lib/python3.7/site-packages/airflow/example_dags/example_complex.py
[2022-10-19T15:45:17.143+0000] {processor.py:758} INFO - Processing file /home/airflow/.local/lib/python3.7/site-packages/airflow/example_dags/example_complex.py for tasks to queue
[2022-10-19T15:45:17.163+0000] {logging_mixin.py:117} INFO - [2022-10-19T15:45:17.162+0000] {dagbag.py:525} INFO - Filling up the DagBag from /home/airflow/.local/lib/python3.7/site-packages/airflow/example_dags/example_complex.py
[2022-10-19T15:45:17.259+0000] {processor.py:768} INFO - DAG(s) dict_keys(['example_complex']) retrieved from /home/airflow/.local/lib/python3.7/site-packages/airflow/example_dags/example_complex.py
[2022-10-19T15:45:17.492+0000] {logging_mixin.py:117} INFO - [2022-10-19T15:45:17.491+0000] {dag.py:2573} INFO - Sync 1 DAGs
[2022-10-19T15:45:17.715+0000] {logging_mixin.py:117} INFO - [2022-10-19T15:45:17.715+0000] {dag.py:3328} INFO - Setting next_dagrun for example_complex to None, run_after=None
[2022-10-19T15:45:17.951+0000] {processor.py:178} INFO - Processing /home/airflow/.local/lib/python3.7/site-packages/airflow/example_dags/example_complex.py took 0.838 seconds
[2022-10-19T15:46:24.297+0000] {processor.py:156} INFO - Started process (PID=1148) to work on /home/airflow/.local/lib/python3.7/site-packages/airflow/example_dags/example_complex.py
[2022-10-19T15:46:24.378+0000] {processor.py:758} INFO - Processing file /home/airflow/.local/lib/python3.7/site-packages/airflow/example_dags/example_complex.py for tasks to queue
[2022-10-19T15:46:24.465+0000] {logging_mixin.py:117} INFO - [2022-10-19T15:46:24.463+0000] {dagbag.py:525} INFO - Filling up the DagBag from /home/airflow/.local/lib/python3.7/site-packages/airflow/example_dags/example_complex.py
[2022-10-19T15:46:25.566+0000] {processor.py:768} INFO - DAG(s) dict_keys(['example_complex']) retrieved from /home/airflow/.local/lib/python3.7/site-packages/airflow/example_dags/example_complex.py
[2022-10-19T15:46:27.007+0000] {logging_mixin.py:117} INFO - [2022-10-19T15:46:27.005+0000] {dag.py:2573} INFO - Sync 1 DAGs
[2022-10-19T15:46:27.738+0000] {logging_mixin.py:117} INFO - [2022-10-19T15:46:27.736+0000] {dag.py:3328} INFO - Setting next_dagrun for example_complex to None, run_after=None
[2022-10-19T15:46:27.973+0000] {processor.py:178} INFO - Processing /home/airflow/.local/lib/python3.7/site-packages/airflow/example_dags/example_complex.py took 3.899 seconds
[2022-10-19T15:46:58.585+0000] {processor.py:156} INFO - Started process (PID=1203) to work on /home/airflow/.local/lib/python3.7/site-packages/airflow/example_dags/example_complex.py
[2022-10-19T15:46:58.589+0000] {processor.py:758} INFO - Processing file /home/airflow/.local/lib/python3.7/site-packages/airflow/example_dags/example_complex.py for tasks to queue
[2022-10-19T15:46:58.592+0000] {logging_mixin.py:117} INFO - [2022-10-19T15:46:58.591+0000] {dagbag.py:525} INFO - Filling up the DagBag from /home/airflow/.local/lib/python3.7/site-packages/airflow/example_dags/example_complex.py
[2022-10-19T15:46:58.638+0000] {processor.py:768} INFO - DAG(s) dict_keys(['example_complex']) retrieved from /home/airflow/.local/lib/python3.7/site-packages/airflow/example_dags/example_complex.py
[2022-10-19T15:46:58.771+0000] {logging_mixin.py:117} INFO - [2022-10-19T15:46:58.771+0000] {dag.py:2573} INFO - Sync 1 DAGs
[2022-10-19T15:46:58.827+0000] {logging_mixin.py:117} INFO - [2022-10-19T15:46:58.827+0000] {dag.py:3328} INFO - Setting next_dagrun for example_complex to None, run_after=None
[2022-10-19T15:46:58.871+0000] {processor.py:178} INFO - Processing /home/airflow/.local/lib/python3.7/site-packages/airflow/example_dags/example_complex.py took 0.298 seconds
[2022-10-19T15:47:29.233+0000] {processor.py:156} INFO - Started process (PID=1268) to work on /home/airflow/.local/lib/python3.7/site-packages/airflow/example_dags/example_complex.py
[2022-10-19T15:47:29.236+0000] {processor.py:758} INFO - Processing file /home/airflow/.local/lib/python3.7/site-packages/airflow/example_dags/example_complex.py for tasks to queue
[2022-10-19T15:47:29.240+0000] {logging_mixin.py:117} INFO - [2022-10-19T15:47:29.239+0000] {dagbag.py:525} INFO - Filling up the DagBag from /home/airflow/.local/lib/python3.7/site-packages/airflow/example_dags/example_complex.py
[2022-10-19T15:47:29.333+0000] {processor.py:768} INFO - DAG(s) dict_keys(['example_complex']) retrieved from /home/airflow/.local/lib/python3.7/site-packages/airflow/example_dags/example_complex.py
[2022-10-19T15:47:29.490+0000] {logging_mixin.py:117} INFO - [2022-10-19T15:47:29.489+0000] {dag.py:2573} INFO - Sync 1 DAGs
[2022-10-19T15:47:29.536+0000] {logging_mixin.py:117} INFO - [2022-10-19T15:47:29.536+0000] {dag.py:3328} INFO - Setting next_dagrun for example_complex to None, run_after=None
[2022-10-19T15:47:29.571+0000] {processor.py:178} INFO - Processing /home/airflow/.local/lib/python3.7/site-packages/airflow/example_dags/example_complex.py took 0.351 seconds
[2022-10-19T15:48:00.205+0000] {processor.py:156} INFO - Started process (PID=1324) to work on /home/airflow/.local/lib/python3.7/site-packages/airflow/example_dags/example_complex.py
[2022-10-19T15:48:00.209+0000] {processor.py:758} INFO - Processing file /home/airflow/.local/lib/python3.7/site-packages/airflow/example_dags/example_complex.py for tasks to queue
[2022-10-19T15:48:00.212+0000] {logging_mixin.py:117} INFO - [2022-10-19T15:48:00.211+0000] {dagbag.py:525} INFO - Filling up the DagBag from /home/airflow/.local/lib/python3.7/site-packages/airflow/example_dags/example_complex.py
[2022-10-19T15:48:00.259+0000] {processor.py:768} INFO - DAG(s) dict_keys(['example_complex']) retrieved from /home/airflow/.local/lib/python3.7/site-packages/airflow/example_dags/example_complex.py
[2022-10-19T15:48:00.367+0000] {logging_mixin.py:117} INFO - [2022-10-19T15:48:00.366+0000] {dag.py:2573} INFO - Sync 1 DAGs
[2022-10-19T15:48:00.402+0000] {logging_mixin.py:117} INFO - [2022-10-19T15:48:00.402+0000] {dag.py:3328} INFO - Setting next_dagrun for example_complex to None, run_after=None
[2022-10-19T15:48:00.434+0000] {processor.py:178} INFO - Processing /home/airflow/.local/lib/python3.7/site-packages/airflow/example_dags/example_complex.py took 0.245 seconds
[2022-10-19T15:48:31.780+0000] {processor.py:156} INFO - Started process (PID=1367) to work on /home/airflow/.local/lib/python3.7/site-packages/airflow/example_dags/example_complex.py
[2022-10-19T15:48:31.791+0000] {processor.py:758} INFO - Processing file /home/airflow/.local/lib/python3.7/site-packages/airflow/example_dags/example_complex.py for tasks to queue
[2022-10-19T15:48:31.810+0000] {logging_mixin.py:117} INFO - [2022-10-19T15:48:31.810+0000] {dagbag.py:525} INFO - Filling up the DagBag from /home/airflow/.local/lib/python3.7/site-packages/airflow/example_dags/example_complex.py
[2022-10-19T15:48:31.892+0000] {processor.py:768} INFO - DAG(s) dict_keys(['example_complex']) retrieved from /home/airflow/.local/lib/python3.7/site-packages/airflow/example_dags/example_complex.py
[2022-10-19T15:48:32.059+0000] {logging_mixin.py:117} INFO - [2022-10-19T15:48:32.058+0000] {dag.py:2573} INFO - Sync 1 DAGs
[2022-10-19T15:48:32.150+0000] {logging_mixin.py:117} INFO - [2022-10-19T15:48:32.149+0000] {dag.py:3328} INFO - Setting next_dagrun for example_complex to None, run_after=None
[2022-10-19T15:48:32.293+0000] {processor.py:178} INFO - Processing /home/airflow/.local/lib/python3.7/site-packages/airflow/example_dags/example_complex.py took 0.544 seconds
[2022-10-19T15:51:30.333+0000] {processor.py:156} INFO - Started process (PID=1469) to work on /home/airflow/.local/lib/python3.7/site-packages/airflow/example_dags/example_complex.py
[2022-10-19T15:51:30.335+0000] {processor.py:758} INFO - Processing file /home/airflow/.local/lib/python3.7/site-packages/airflow/example_dags/example_complex.py for tasks to queue
[2022-10-19T15:51:30.337+0000] {logging_mixin.py:117} INFO - [2022-10-19T15:51:30.336+0000] {dagbag.py:525} INFO - Filling up the DagBag from /home/airflow/.local/lib/python3.7/site-packages/airflow/example_dags/example_complex.py
[2022-10-19T15:51:30.359+0000] {processor.py:768} INFO - DAG(s) dict_keys(['example_complex']) retrieved from /home/airflow/.local/lib/python3.7/site-packages/airflow/example_dags/example_complex.py
[2022-10-19T15:51:30.395+0000] {logging_mixin.py:117} INFO - [2022-10-19T15:51:30.395+0000] {dag.py:2573} INFO - Sync 1 DAGs
[2022-10-19T15:51:30.411+0000] {logging_mixin.py:117} INFO - [2022-10-19T15:51:30.411+0000] {dag.py:3328} INFO - Setting next_dagrun for example_complex to None, run_after=None
[2022-10-19T15:51:30.428+0000] {processor.py:178} INFO - Processing /home/airflow/.local/lib/python3.7/site-packages/airflow/example_dags/example_complex.py took 0.099 seconds
[2022-10-19T15:59:15.482+0000] {processor.py:156} INFO - Started process (PID=116) to work on /home/airflow/.local/lib/python3.7/site-packages/airflow/example_dags/example_complex.py
[2022-10-19T15:59:15.491+0000] {processor.py:758} INFO - Processing file /home/airflow/.local/lib/python3.7/site-packages/airflow/example_dags/example_complex.py for tasks to queue
[2022-10-19T15:59:15.494+0000] {logging_mixin.py:117} INFO - [2022-10-19T15:59:15.494+0000] {dagbag.py:525} INFO - Filling up the DagBag from /home/airflow/.local/lib/python3.7/site-packages/airflow/example_dags/example_complex.py
[2022-10-19T15:59:15.514+0000] {processor.py:768} INFO - DAG(s) dict_keys(['example_complex']) retrieved from /home/airflow/.local/lib/python3.7/site-packages/airflow/example_dags/example_complex.py
[2022-10-19T15:59:15.555+0000] {logging_mixin.py:117} INFO - [2022-10-19T15:59:15.555+0000] {dag.py:2573} INFO - Sync 1 DAGs
[2022-10-19T15:59:15.575+0000] {logging_mixin.py:117} INFO - [2022-10-19T15:59:15.575+0000] {dag.py:3328} INFO - Setting next_dagrun for example_complex to None, run_after=None
[2022-10-19T15:59:15.592+0000] {processor.py:178} INFO - Processing /home/airflow/.local/lib/python3.7/site-packages/airflow/example_dags/example_complex.py took 0.112 seconds
[2022-10-19T15:59:46.721+0000] {processor.py:156} INFO - Started process (PID=181) to work on /home/airflow/.local/lib/python3.7/site-packages/airflow/example_dags/example_complex.py
[2022-10-19T15:59:46.722+0000] {processor.py:758} INFO - Processing file /home/airflow/.local/lib/python3.7/site-packages/airflow/example_dags/example_complex.py for tasks to queue
[2022-10-19T15:59:46.724+0000] {logging_mixin.py:117} INFO - [2022-10-19T15:59:46.724+0000] {dagbag.py:525} INFO - Filling up the DagBag from /home/airflow/.local/lib/python3.7/site-packages/airflow/example_dags/example_complex.py
[2022-10-19T15:59:46.744+0000] {processor.py:768} INFO - DAG(s) dict_keys(['example_complex']) retrieved from /home/airflow/.local/lib/python3.7/site-packages/airflow/example_dags/example_complex.py
[2022-10-19T15:59:46.821+0000] {logging_mixin.py:117} INFO - [2022-10-19T15:59:46.820+0000] {dag.py:2573} INFO - Sync 1 DAGs
[2022-10-19T15:59:46.859+0000] {logging_mixin.py:117} INFO - [2022-10-19T15:59:46.859+0000] {dag.py:3328} INFO - Setting next_dagrun for example_complex to None, run_after=None
[2022-10-19T15:59:46.899+0000] {processor.py:178} INFO - Processing /home/airflow/.local/lib/python3.7/site-packages/airflow/example_dags/example_complex.py took 0.181 seconds
[2022-10-19T16:00:18.638+0000] {processor.py:156} INFO - Started process (PID=238) to work on /home/airflow/.local/lib/python3.7/site-packages/airflow/example_dags/example_complex.py
[2022-10-19T16:00:18.643+0000] {processor.py:758} INFO - Processing file /home/airflow/.local/lib/python3.7/site-packages/airflow/example_dags/example_complex.py for tasks to queue
[2022-10-19T16:00:18.648+0000] {logging_mixin.py:117} INFO - [2022-10-19T16:00:18.648+0000] {dagbag.py:525} INFO - Filling up the DagBag from /home/airflow/.local/lib/python3.7/site-packages/airflow/example_dags/example_complex.py
[2022-10-19T16:00:18.747+0000] {processor.py:768} INFO - DAG(s) dict_keys(['example_complex']) retrieved from /home/airflow/.local/lib/python3.7/site-packages/airflow/example_dags/example_complex.py
[2022-10-19T16:00:18.943+0000] {logging_mixin.py:117} INFO - [2022-10-19T16:00:18.943+0000] {dag.py:2573} INFO - Sync 1 DAGs
[2022-10-19T16:00:19.081+0000] {logging_mixin.py:117} INFO - [2022-10-19T16:00:19.081+0000] {dag.py:3328} INFO - Setting next_dagrun for example_complex to None, run_after=None
[2022-10-19T16:00:19.173+0000] {processor.py:178} INFO - Processing /home/airflow/.local/lib/python3.7/site-packages/airflow/example_dags/example_complex.py took 0.540 seconds
[2022-10-19T16:00:49.661+0000] {processor.py:156} INFO - Started process (PID=302) to work on /home/airflow/.local/lib/python3.7/site-packages/airflow/example_dags/example_complex.py
[2022-10-19T16:00:49.669+0000] {processor.py:758} INFO - Processing file /home/airflow/.local/lib/python3.7/site-packages/airflow/example_dags/example_complex.py for tasks to queue
[2022-10-19T16:00:49.671+0000] {logging_mixin.py:117} INFO - [2022-10-19T16:00:49.671+0000] {dagbag.py:525} INFO - Filling up the DagBag from /home/airflow/.local/lib/python3.7/site-packages/airflow/example_dags/example_complex.py
[2022-10-19T16:00:49.697+0000] {processor.py:768} INFO - DAG(s) dict_keys(['example_complex']) retrieved from /home/airflow/.local/lib/python3.7/site-packages/airflow/example_dags/example_complex.py
[2022-10-19T16:00:49.739+0000] {logging_mixin.py:117} INFO - [2022-10-19T16:00:49.739+0000] {dag.py:2573} INFO - Sync 1 DAGs
[2022-10-19T16:00:49.760+0000] {logging_mixin.py:117} INFO - [2022-10-19T16:00:49.760+0000] {dag.py:3328} INFO - Setting next_dagrun for example_complex to None, run_after=None
[2022-10-19T16:00:49.783+0000] {processor.py:178} INFO - Processing /home/airflow/.local/lib/python3.7/site-packages/airflow/example_dags/example_complex.py took 0.125 seconds
[2022-10-19T16:01:20.385+0000] {processor.py:156} INFO - Started process (PID=367) to work on /home/airflow/.local/lib/python3.7/site-packages/airflow/example_dags/example_complex.py
[2022-10-19T16:01:20.386+0000] {processor.py:758} INFO - Processing file /home/airflow/.local/lib/python3.7/site-packages/airflow/example_dags/example_complex.py for tasks to queue
[2022-10-19T16:01:20.387+0000] {logging_mixin.py:117} INFO - [2022-10-19T16:01:20.387+0000] {dagbag.py:525} INFO - Filling up the DagBag from /home/airflow/.local/lib/python3.7/site-packages/airflow/example_dags/example_complex.py
[2022-10-19T16:01:20.403+0000] {processor.py:768} INFO - DAG(s) dict_keys(['example_complex']) retrieved from /home/airflow/.local/lib/python3.7/site-packages/airflow/example_dags/example_complex.py
[2022-10-19T16:01:20.439+0000] {logging_mixin.py:117} INFO - [2022-10-19T16:01:20.439+0000] {dag.py:2573} INFO - Sync 1 DAGs
[2022-10-19T16:01:20.457+0000] {logging_mixin.py:117} INFO - [2022-10-19T16:01:20.457+0000] {dag.py:3328} INFO - Setting next_dagrun for example_complex to None, run_after=None
[2022-10-19T16:01:20.478+0000] {processor.py:178} INFO - Processing /home/airflow/.local/lib/python3.7/site-packages/airflow/example_dags/example_complex.py took 0.096 seconds
[2022-10-19T16:01:50.553+0000] {processor.py:156} INFO - Started process (PID=424) to work on /home/airflow/.local/lib/python3.7/site-packages/airflow/example_dags/example_complex.py
[2022-10-19T16:01:50.555+0000] {processor.py:758} INFO - Processing file /home/airflow/.local/lib/python3.7/site-packages/airflow/example_dags/example_complex.py for tasks to queue
[2022-10-19T16:01:50.556+0000] {logging_mixin.py:117} INFO - [2022-10-19T16:01:50.556+0000] {dagbag.py:525} INFO - Filling up the DagBag from /home/airflow/.local/lib/python3.7/site-packages/airflow/example_dags/example_complex.py
[2022-10-19T16:01:50.571+0000] {processor.py:768} INFO - DAG(s) dict_keys(['example_complex']) retrieved from /home/airflow/.local/lib/python3.7/site-packages/airflow/example_dags/example_complex.py
[2022-10-19T16:01:50.603+0000] {logging_mixin.py:117} INFO - [2022-10-19T16:01:50.602+0000] {dag.py:2573} INFO - Sync 1 DAGs
[2022-10-19T16:01:50.617+0000] {logging_mixin.py:117} INFO - [2022-10-19T16:01:50.617+0000] {dag.py:3328} INFO - Setting next_dagrun for example_complex to None, run_after=None
[2022-10-19T16:01:50.629+0000] {processor.py:178} INFO - Processing /home/airflow/.local/lib/python3.7/site-packages/airflow/example_dags/example_complex.py took 0.078 seconds
[2022-10-19T16:02:21.601+0000] {processor.py:156} INFO - Started process (PID=489) to work on /home/airflow/.local/lib/python3.7/site-packages/airflow/example_dags/example_complex.py
[2022-10-19T16:02:21.603+0000] {processor.py:758} INFO - Processing file /home/airflow/.local/lib/python3.7/site-packages/airflow/example_dags/example_complex.py for tasks to queue
[2022-10-19T16:02:21.605+0000] {logging_mixin.py:117} INFO - [2022-10-19T16:02:21.605+0000] {dagbag.py:525} INFO - Filling up the DagBag from /home/airflow/.local/lib/python3.7/site-packages/airflow/example_dags/example_complex.py
[2022-10-19T16:02:21.624+0000] {processor.py:768} INFO - DAG(s) dict_keys(['example_complex']) retrieved from /home/airflow/.local/lib/python3.7/site-packages/airflow/example_dags/example_complex.py
[2022-10-19T16:02:21.675+0000] {logging_mixin.py:117} INFO - [2022-10-19T16:02:21.674+0000] {dag.py:2573} INFO - Sync 1 DAGs
[2022-10-19T16:02:21.699+0000] {logging_mixin.py:117} INFO - [2022-10-19T16:02:21.699+0000] {dag.py:3328} INFO - Setting next_dagrun for example_complex to None, run_after=None
[2022-10-19T16:02:21.718+0000] {processor.py:178} INFO - Processing /home/airflow/.local/lib/python3.7/site-packages/airflow/example_dags/example_complex.py took 0.118 seconds
[2022-10-19T16:02:51.867+0000] {processor.py:156} INFO - Started process (PID=554) to work on /home/airflow/.local/lib/python3.7/site-packages/airflow/example_dags/example_complex.py
[2022-10-19T16:02:51.869+0000] {processor.py:758} INFO - Processing file /home/airflow/.local/lib/python3.7/site-packages/airflow/example_dags/example_complex.py for tasks to queue
[2022-10-19T16:02:51.870+0000] {logging_mixin.py:117} INFO - [2022-10-19T16:02:51.870+0000] {dagbag.py:525} INFO - Filling up the DagBag from /home/airflow/.local/lib/python3.7/site-packages/airflow/example_dags/example_complex.py
[2022-10-19T16:02:51.886+0000] {processor.py:768} INFO - DAG(s) dict_keys(['example_complex']) retrieved from /home/airflow/.local/lib/python3.7/site-packages/airflow/example_dags/example_complex.py
[2022-10-19T16:02:51.918+0000] {logging_mixin.py:117} INFO - [2022-10-19T16:02:51.918+0000] {dag.py:2573} INFO - Sync 1 DAGs
[2022-10-19T16:02:51.934+0000] {logging_mixin.py:117} INFO - [2022-10-19T16:02:51.934+0000] {dag.py:3328} INFO - Setting next_dagrun for example_complex to None, run_after=None
[2022-10-19T16:02:51.952+0000] {processor.py:178} INFO - Processing /home/airflow/.local/lib/python3.7/site-packages/airflow/example_dags/example_complex.py took 0.087 seconds
[2022-10-19T16:03:22.879+0000] {processor.py:156} INFO - Started process (PID=619) to work on /home/airflow/.local/lib/python3.7/site-packages/airflow/example_dags/example_complex.py
[2022-10-19T16:03:22.881+0000] {processor.py:758} INFO - Processing file /home/airflow/.local/lib/python3.7/site-packages/airflow/example_dags/example_complex.py for tasks to queue
[2022-10-19T16:03:22.883+0000] {logging_mixin.py:117} INFO - [2022-10-19T16:03:22.883+0000] {dagbag.py:525} INFO - Filling up the DagBag from /home/airflow/.local/lib/python3.7/site-packages/airflow/example_dags/example_complex.py
[2022-10-19T16:03:22.912+0000] {processor.py:768} INFO - DAG(s) dict_keys(['example_complex']) retrieved from /home/airflow/.local/lib/python3.7/site-packages/airflow/example_dags/example_complex.py
[2022-10-19T16:03:22.953+0000] {logging_mixin.py:117} INFO - [2022-10-19T16:03:22.953+0000] {dag.py:2573} INFO - Sync 1 DAGs
[2022-10-19T16:03:22.971+0000] {logging_mixin.py:117} INFO - [2022-10-19T16:03:22.971+0000] {dag.py:3328} INFO - Setting next_dagrun for example_complex to None, run_after=None
[2022-10-19T16:03:22.984+0000] {processor.py:178} INFO - Processing /home/airflow/.local/lib/python3.7/site-packages/airflow/example_dags/example_complex.py took 0.109 seconds
[2022-10-19T16:03:53.889+0000] {processor.py:156} INFO - Started process (PID=684) to work on /home/airflow/.local/lib/python3.7/site-packages/airflow/example_dags/example_complex.py
[2022-10-19T16:03:53.891+0000] {processor.py:758} INFO - Processing file /home/airflow/.local/lib/python3.7/site-packages/airflow/example_dags/example_complex.py for tasks to queue
[2022-10-19T16:03:53.892+0000] {logging_mixin.py:117} INFO - [2022-10-19T16:03:53.892+0000] {dagbag.py:525} INFO - Filling up the DagBag from /home/airflow/.local/lib/python3.7/site-packages/airflow/example_dags/example_complex.py
[2022-10-19T16:03:53.913+0000] {processor.py:768} INFO - DAG(s) dict_keys(['example_complex']) retrieved from /home/airflow/.local/lib/python3.7/site-packages/airflow/example_dags/example_complex.py
[2022-10-19T16:03:53.945+0000] {logging_mixin.py:117} INFO - [2022-10-19T16:03:53.944+0000] {dag.py:2573} INFO - Sync 1 DAGs
[2022-10-19T16:03:53.962+0000] {logging_mixin.py:117} INFO - [2022-10-19T16:03:53.962+0000] {dag.py:3328} INFO - Setting next_dagrun for example_complex to None, run_after=None
[2022-10-19T16:03:53.978+0000] {processor.py:178} INFO - Processing /home/airflow/.local/lib/python3.7/site-packages/airflow/example_dags/example_complex.py took 0.091 seconds
[2022-10-19T16:04:24.595+0000] {processor.py:156} INFO - Started process (PID=740) to work on /home/airflow/.local/lib/python3.7/site-packages/airflow/example_dags/example_complex.py
[2022-10-19T16:04:24.599+0000] {processor.py:758} INFO - Processing file /home/airflow/.local/lib/python3.7/site-packages/airflow/example_dags/example_complex.py for tasks to queue
[2022-10-19T16:04:24.604+0000] {logging_mixin.py:117} INFO - [2022-10-19T16:04:24.604+0000] {dagbag.py:525} INFO - Filling up the DagBag from /home/airflow/.local/lib/python3.7/site-packages/airflow/example_dags/example_complex.py
[2022-10-19T16:04:24.618+0000] {processor.py:768} INFO - DAG(s) dict_keys(['example_complex']) retrieved from /home/airflow/.local/lib/python3.7/site-packages/airflow/example_dags/example_complex.py
[2022-10-19T16:04:24.655+0000] {logging_mixin.py:117} INFO - [2022-10-19T16:04:24.655+0000] {dag.py:2573} INFO - Sync 1 DAGs
[2022-10-19T16:04:24.680+0000] {logging_mixin.py:117} INFO - [2022-10-19T16:04:24.680+0000] {dag.py:3328} INFO - Setting next_dagrun for example_complex to None, run_after=None
[2022-10-19T16:04:24.696+0000] {processor.py:178} INFO - Processing /home/airflow/.local/lib/python3.7/site-packages/airflow/example_dags/example_complex.py took 0.104 seconds
[2022-10-19T16:04:55.578+0000] {processor.py:156} INFO - Started process (PID=805) to work on /home/airflow/.local/lib/python3.7/site-packages/airflow/example_dags/example_complex.py
[2022-10-19T16:04:55.580+0000] {processor.py:758} INFO - Processing file /home/airflow/.local/lib/python3.7/site-packages/airflow/example_dags/example_complex.py for tasks to queue
[2022-10-19T16:04:55.582+0000] {logging_mixin.py:117} INFO - [2022-10-19T16:04:55.582+0000] {dagbag.py:525} INFO - Filling up the DagBag from /home/airflow/.local/lib/python3.7/site-packages/airflow/example_dags/example_complex.py
[2022-10-19T16:04:55.596+0000] {processor.py:768} INFO - DAG(s) dict_keys(['example_complex']) retrieved from /home/airflow/.local/lib/python3.7/site-packages/airflow/example_dags/example_complex.py
[2022-10-19T16:04:55.629+0000] {logging_mixin.py:117} INFO - [2022-10-19T16:04:55.629+0000] {dag.py:2573} INFO - Sync 1 DAGs
[2022-10-19T16:04:55.662+0000] {logging_mixin.py:117} INFO - [2022-10-19T16:04:55.662+0000] {dag.py:3328} INFO - Setting next_dagrun for example_complex to None, run_after=None
[2022-10-19T16:04:55.674+0000] {processor.py:178} INFO - Processing /home/airflow/.local/lib/python3.7/site-packages/airflow/example_dags/example_complex.py took 0.098 seconds
[2022-10-19T16:05:26.108+0000] {processor.py:156} INFO - Started process (PID=871) to work on /home/airflow/.local/lib/python3.7/site-packages/airflow/example_dags/example_complex.py
[2022-10-19T16:05:26.109+0000] {processor.py:758} INFO - Processing file /home/airflow/.local/lib/python3.7/site-packages/airflow/example_dags/example_complex.py for tasks to queue
[2022-10-19T16:05:26.110+0000] {logging_mixin.py:117} INFO - [2022-10-19T16:05:26.110+0000] {dagbag.py:525} INFO - Filling up the DagBag from /home/airflow/.local/lib/python3.7/site-packages/airflow/example_dags/example_complex.py
[2022-10-19T16:05:26.122+0000] {processor.py:768} INFO - DAG(s) dict_keys(['example_complex']) retrieved from /home/airflow/.local/lib/python3.7/site-packages/airflow/example_dags/example_complex.py
[2022-10-19T16:05:26.157+0000] {logging_mixin.py:117} INFO - [2022-10-19T16:05:26.157+0000] {dag.py:2573} INFO - Sync 1 DAGs
[2022-10-19T16:05:26.173+0000] {logging_mixin.py:117} INFO - [2022-10-19T16:05:26.173+0000] {dag.py:3328} INFO - Setting next_dagrun for example_complex to None, run_after=None
[2022-10-19T16:05:26.188+0000] {processor.py:178} INFO - Processing /home/airflow/.local/lib/python3.7/site-packages/airflow/example_dags/example_complex.py took 0.082 seconds
[2022-10-19T16:05:56.978+0000] {processor.py:156} INFO - Started process (PID=935) to work on /home/airflow/.local/lib/python3.7/site-packages/airflow/example_dags/example_complex.py
[2022-10-19T16:05:56.980+0000] {processor.py:758} INFO - Processing file /home/airflow/.local/lib/python3.7/site-packages/airflow/example_dags/example_complex.py for tasks to queue
[2022-10-19T16:05:56.980+0000] {logging_mixin.py:117} INFO - [2022-10-19T16:05:56.980+0000] {dagbag.py:525} INFO - Filling up the DagBag from /home/airflow/.local/lib/python3.7/site-packages/airflow/example_dags/example_complex.py
[2022-10-19T16:05:56.995+0000] {processor.py:768} INFO - DAG(s) dict_keys(['example_complex']) retrieved from /home/airflow/.local/lib/python3.7/site-packages/airflow/example_dags/example_complex.py
[2022-10-19T16:05:57.029+0000] {logging_mixin.py:117} INFO - [2022-10-19T16:05:57.029+0000] {dag.py:2573} INFO - Sync 1 DAGs
[2022-10-19T16:05:57.045+0000] {logging_mixin.py:117} INFO - [2022-10-19T16:05:57.045+0000] {dag.py:3328} INFO - Setting next_dagrun for example_complex to None, run_after=None
[2022-10-19T16:05:57.063+0000] {processor.py:178} INFO - Processing /home/airflow/.local/lib/python3.7/site-packages/airflow/example_dags/example_complex.py took 0.087 seconds
[2022-10-19T16:06:27.830+0000] {processor.py:156} INFO - Started process (PID=991) to work on /home/airflow/.local/lib/python3.7/site-packages/airflow/example_dags/example_complex.py
[2022-10-19T16:06:27.832+0000] {processor.py:758} INFO - Processing file /home/airflow/.local/lib/python3.7/site-packages/airflow/example_dags/example_complex.py for tasks to queue
[2022-10-19T16:06:27.835+0000] {logging_mixin.py:117} INFO - [2022-10-19T16:06:27.835+0000] {dagbag.py:525} INFO - Filling up the DagBag from /home/airflow/.local/lib/python3.7/site-packages/airflow/example_dags/example_complex.py
[2022-10-19T16:06:27.857+0000] {processor.py:768} INFO - DAG(s) dict_keys(['example_complex']) retrieved from /home/airflow/.local/lib/python3.7/site-packages/airflow/example_dags/example_complex.py
[2022-10-19T16:06:27.900+0000] {logging_mixin.py:117} INFO - [2022-10-19T16:06:27.900+0000] {dag.py:2573} INFO - Sync 1 DAGs
[2022-10-19T16:06:27.918+0000] {logging_mixin.py:117} INFO - [2022-10-19T16:06:27.918+0000] {dag.py:3328} INFO - Setting next_dagrun for example_complex to None, run_after=None
[2022-10-19T16:06:27.932+0000] {processor.py:178} INFO - Processing /home/airflow/.local/lib/python3.7/site-packages/airflow/example_dags/example_complex.py took 0.105 seconds
[2022-10-19T16:06:59.360+0000] {processor.py:156} INFO - Started process (PID=1056) to work on /home/airflow/.local/lib/python3.7/site-packages/airflow/example_dags/example_complex.py
[2022-10-19T16:06:59.371+0000] {processor.py:758} INFO - Processing file /home/airflow/.local/lib/python3.7/site-packages/airflow/example_dags/example_complex.py for tasks to queue
[2022-10-19T16:06:59.376+0000] {logging_mixin.py:117} INFO - [2022-10-19T16:06:59.375+0000] {dagbag.py:525} INFO - Filling up the DagBag from /home/airflow/.local/lib/python3.7/site-packages/airflow/example_dags/example_complex.py
[2022-10-19T16:06:59.403+0000] {processor.py:768} INFO - DAG(s) dict_keys(['example_complex']) retrieved from /home/airflow/.local/lib/python3.7/site-packages/airflow/example_dags/example_complex.py
[2022-10-19T16:06:59.458+0000] {logging_mixin.py:117} INFO - [2022-10-19T16:06:59.458+0000] {dag.py:2573} INFO - Sync 1 DAGs
[2022-10-19T16:06:59.479+0000] {logging_mixin.py:117} INFO - [2022-10-19T16:06:59.479+0000] {dag.py:3328} INFO - Setting next_dagrun for example_complex to None, run_after=None
[2022-10-19T16:06:59.500+0000] {processor.py:178} INFO - Processing /home/airflow/.local/lib/python3.7/site-packages/airflow/example_dags/example_complex.py took 0.147 seconds
[2022-10-19T16:07:30.524+0000] {processor.py:156} INFO - Started process (PID=1121) to work on /home/airflow/.local/lib/python3.7/site-packages/airflow/example_dags/example_complex.py
[2022-10-19T16:07:30.526+0000] {processor.py:758} INFO - Processing file /home/airflow/.local/lib/python3.7/site-packages/airflow/example_dags/example_complex.py for tasks to queue
[2022-10-19T16:07:30.528+0000] {logging_mixin.py:117} INFO - [2022-10-19T16:07:30.528+0000] {dagbag.py:525} INFO - Filling up the DagBag from /home/airflow/.local/lib/python3.7/site-packages/airflow/example_dags/example_complex.py
[2022-10-19T16:07:30.547+0000] {processor.py:768} INFO - DAG(s) dict_keys(['example_complex']) retrieved from /home/airflow/.local/lib/python3.7/site-packages/airflow/example_dags/example_complex.py
[2022-10-19T16:07:30.579+0000] {logging_mixin.py:117} INFO - [2022-10-19T16:07:30.579+0000] {dag.py:2573} INFO - Sync 1 DAGs
[2022-10-19T16:07:30.596+0000] {logging_mixin.py:117} INFO - [2022-10-19T16:07:30.596+0000] {dag.py:3328} INFO - Setting next_dagrun for example_complex to None, run_after=None
[2022-10-19T16:07:30.608+0000] {processor.py:178} INFO - Processing /home/airflow/.local/lib/python3.7/site-packages/airflow/example_dags/example_complex.py took 0.091 seconds
[2022-10-19T16:08:01.480+0000] {processor.py:156} INFO - Started process (PID=1186) to work on /home/airflow/.local/lib/python3.7/site-packages/airflow/example_dags/example_complex.py
[2022-10-19T16:08:01.482+0000] {processor.py:758} INFO - Processing file /home/airflow/.local/lib/python3.7/site-packages/airflow/example_dags/example_complex.py for tasks to queue
[2022-10-19T16:08:01.483+0000] {logging_mixin.py:117} INFO - [2022-10-19T16:08:01.483+0000] {dagbag.py:525} INFO - Filling up the DagBag from /home/airflow/.local/lib/python3.7/site-packages/airflow/example_dags/example_complex.py
[2022-10-19T16:08:01.505+0000] {processor.py:768} INFO - DAG(s) dict_keys(['example_complex']) retrieved from /home/airflow/.local/lib/python3.7/site-packages/airflow/example_dags/example_complex.py
[2022-10-19T16:08:01.545+0000] {logging_mixin.py:117} INFO - [2022-10-19T16:08:01.545+0000] {dag.py:2573} INFO - Sync 1 DAGs
[2022-10-19T16:08:01.573+0000] {logging_mixin.py:117} INFO - [2022-10-19T16:08:01.573+0000] {dag.py:3328} INFO - Setting next_dagrun for example_complex to None, run_after=None
[2022-10-19T16:08:01.601+0000] {processor.py:178} INFO - Processing /home/airflow/.local/lib/python3.7/site-packages/airflow/example_dags/example_complex.py took 0.127 seconds
[2022-10-19T16:08:31.891+0000] {processor.py:156} INFO - Started process (PID=1251) to work on /home/airflow/.local/lib/python3.7/site-packages/airflow/example_dags/example_complex.py
[2022-10-19T16:08:31.894+0000] {processor.py:758} INFO - Processing file /home/airflow/.local/lib/python3.7/site-packages/airflow/example_dags/example_complex.py for tasks to queue
[2022-10-19T16:08:31.896+0000] {logging_mixin.py:117} INFO - [2022-10-19T16:08:31.896+0000] {dagbag.py:525} INFO - Filling up the DagBag from /home/airflow/.local/lib/python3.7/site-packages/airflow/example_dags/example_complex.py
[2022-10-19T16:08:31.923+0000] {processor.py:768} INFO - DAG(s) dict_keys(['example_complex']) retrieved from /home/airflow/.local/lib/python3.7/site-packages/airflow/example_dags/example_complex.py
[2022-10-19T16:08:31.971+0000] {logging_mixin.py:117} INFO - [2022-10-19T16:08:31.971+0000] {dag.py:2573} INFO - Sync 1 DAGs
[2022-10-19T16:08:31.990+0000] {logging_mixin.py:117} INFO - [2022-10-19T16:08:31.990+0000] {dag.py:3328} INFO - Setting next_dagrun for example_complex to None, run_after=None
[2022-10-19T16:08:32.004+0000] {processor.py:178} INFO - Processing /home/airflow/.local/lib/python3.7/site-packages/airflow/example_dags/example_complex.py took 0.121 seconds
[2022-10-19T16:09:02.071+0000] {processor.py:156} INFO - Started process (PID=1307) to work on /home/airflow/.local/lib/python3.7/site-packages/airflow/example_dags/example_complex.py
[2022-10-19T16:09:02.073+0000] {processor.py:758} INFO - Processing file /home/airflow/.local/lib/python3.7/site-packages/airflow/example_dags/example_complex.py for tasks to queue
[2022-10-19T16:09:02.074+0000] {logging_mixin.py:117} INFO - [2022-10-19T16:09:02.074+0000] {dagbag.py:525} INFO - Filling up the DagBag from /home/airflow/.local/lib/python3.7/site-packages/airflow/example_dags/example_complex.py
[2022-10-19T16:09:02.102+0000] {processor.py:768} INFO - DAG(s) dict_keys(['example_complex']) retrieved from /home/airflow/.local/lib/python3.7/site-packages/airflow/example_dags/example_complex.py
[2022-10-19T16:09:02.164+0000] {logging_mixin.py:117} INFO - [2022-10-19T16:09:02.164+0000] {dag.py:2573} INFO - Sync 1 DAGs
[2022-10-19T16:09:02.186+0000] {logging_mixin.py:117} INFO - [2022-10-19T16:09:02.186+0000] {dag.py:3328} INFO - Setting next_dagrun for example_complex to None, run_after=None
[2022-10-19T16:09:02.206+0000] {processor.py:178} INFO - Processing /home/airflow/.local/lib/python3.7/site-packages/airflow/example_dags/example_complex.py took 0.141 seconds
[2022-10-19T16:09:32.800+0000] {processor.py:156} INFO - Started process (PID=1372) to work on /home/airflow/.local/lib/python3.7/site-packages/airflow/example_dags/example_complex.py
[2022-10-19T16:09:32.801+0000] {processor.py:758} INFO - Processing file /home/airflow/.local/lib/python3.7/site-packages/airflow/example_dags/example_complex.py for tasks to queue
[2022-10-19T16:09:32.802+0000] {logging_mixin.py:117} INFO - [2022-10-19T16:09:32.802+0000] {dagbag.py:525} INFO - Filling up the DagBag from /home/airflow/.local/lib/python3.7/site-packages/airflow/example_dags/example_complex.py
[2022-10-19T16:09:32.818+0000] {processor.py:768} INFO - DAG(s) dict_keys(['example_complex']) retrieved from /home/airflow/.local/lib/python3.7/site-packages/airflow/example_dags/example_complex.py
[2022-10-19T16:09:32.877+0000] {logging_mixin.py:117} INFO - [2022-10-19T16:09:32.876+0000] {dag.py:2573} INFO - Sync 1 DAGs
[2022-10-19T16:09:32.905+0000] {logging_mixin.py:117} INFO - [2022-10-19T16:09:32.905+0000] {dag.py:3328} INFO - Setting next_dagrun for example_complex to None, run_after=None
[2022-10-19T16:09:32.925+0000] {processor.py:178} INFO - Processing /home/airflow/.local/lib/python3.7/site-packages/airflow/example_dags/example_complex.py took 0.128 seconds
[2022-10-19T16:10:03.816+0000] {processor.py:156} INFO - Started process (PID=1439) to work on /home/airflow/.local/lib/python3.7/site-packages/airflow/example_dags/example_complex.py
[2022-10-19T16:10:03.818+0000] {processor.py:758} INFO - Processing file /home/airflow/.local/lib/python3.7/site-packages/airflow/example_dags/example_complex.py for tasks to queue
[2022-10-19T16:10:03.819+0000] {logging_mixin.py:117} INFO - [2022-10-19T16:10:03.819+0000] {dagbag.py:525} INFO - Filling up the DagBag from /home/airflow/.local/lib/python3.7/site-packages/airflow/example_dags/example_complex.py
[2022-10-19T16:10:03.835+0000] {processor.py:768} INFO - DAG(s) dict_keys(['example_complex']) retrieved from /home/airflow/.local/lib/python3.7/site-packages/airflow/example_dags/example_complex.py
[2022-10-19T16:10:03.869+0000] {logging_mixin.py:117} INFO - [2022-10-19T16:10:03.869+0000] {dag.py:2573} INFO - Sync 1 DAGs
[2022-10-19T16:10:03.890+0000] {logging_mixin.py:117} INFO - [2022-10-19T16:10:03.890+0000] {dag.py:3328} INFO - Setting next_dagrun for example_complex to None, run_after=None
[2022-10-19T16:10:03.906+0000] {processor.py:178} INFO - Processing /home/airflow/.local/lib/python3.7/site-packages/airflow/example_dags/example_complex.py took 0.092 seconds
[2022-10-19T16:10:34.694+0000] {processor.py:156} INFO - Started process (PID=1504) to work on /home/airflow/.local/lib/python3.7/site-packages/airflow/example_dags/example_complex.py
[2022-10-19T16:10:34.697+0000] {processor.py:758} INFO - Processing file /home/airflow/.local/lib/python3.7/site-packages/airflow/example_dags/example_complex.py for tasks to queue
[2022-10-19T16:10:34.698+0000] {logging_mixin.py:117} INFO - [2022-10-19T16:10:34.698+0000] {dagbag.py:525} INFO - Filling up the DagBag from /home/airflow/.local/lib/python3.7/site-packages/airflow/example_dags/example_complex.py
[2022-10-19T16:10:34.713+0000] {processor.py:768} INFO - DAG(s) dict_keys(['example_complex']) retrieved from /home/airflow/.local/lib/python3.7/site-packages/airflow/example_dags/example_complex.py
[2022-10-19T16:10:34.746+0000] {logging_mixin.py:117} INFO - [2022-10-19T16:10:34.746+0000] {dag.py:2573} INFO - Sync 1 DAGs
[2022-10-19T16:10:34.766+0000] {logging_mixin.py:117} INFO - [2022-10-19T16:10:34.765+0000] {dag.py:3328} INFO - Setting next_dagrun for example_complex to None, run_after=None
[2022-10-19T16:10:34.778+0000] {processor.py:178} INFO - Processing /home/airflow/.local/lib/python3.7/site-packages/airflow/example_dags/example_complex.py took 0.089 seconds
[2022-10-19T16:11:05.302+0000] {processor.py:156} INFO - Started process (PID=1566) to work on /home/airflow/.local/lib/python3.7/site-packages/airflow/example_dags/example_complex.py
[2022-10-19T16:11:05.307+0000] {processor.py:758} INFO - Processing file /home/airflow/.local/lib/python3.7/site-packages/airflow/example_dags/example_complex.py for tasks to queue
[2022-10-19T16:11:05.310+0000] {logging_mixin.py:117} INFO - [2022-10-19T16:11:05.310+0000] {dagbag.py:525} INFO - Filling up the DagBag from /home/airflow/.local/lib/python3.7/site-packages/airflow/example_dags/example_complex.py
[2022-10-19T16:11:05.332+0000] {processor.py:768} INFO - DAG(s) dict_keys(['example_complex']) retrieved from /home/airflow/.local/lib/python3.7/site-packages/airflow/example_dags/example_complex.py
[2022-10-19T16:11:05.372+0000] {logging_mixin.py:117} INFO - [2022-10-19T16:11:05.372+0000] {dag.py:2573} INFO - Sync 1 DAGs
[2022-10-19T16:11:05.392+0000] {logging_mixin.py:117} INFO - [2022-10-19T16:11:05.392+0000] {dag.py:3328} INFO - Setting next_dagrun for example_complex to None, run_after=None
[2022-10-19T16:11:05.415+0000] {processor.py:178} INFO - Processing /home/airflow/.local/lib/python3.7/site-packages/airflow/example_dags/example_complex.py took 0.117 seconds
[2022-10-19T16:11:36.174+0000] {processor.py:156} INFO - Started process (PID=1624) to work on /home/airflow/.local/lib/python3.7/site-packages/airflow/example_dags/example_complex.py
[2022-10-19T16:11:36.176+0000] {processor.py:758} INFO - Processing file /home/airflow/.local/lib/python3.7/site-packages/airflow/example_dags/example_complex.py for tasks to queue
[2022-10-19T16:11:36.178+0000] {logging_mixin.py:117} INFO - [2022-10-19T16:11:36.178+0000] {dagbag.py:525} INFO - Filling up the DagBag from /home/airflow/.local/lib/python3.7/site-packages/airflow/example_dags/example_complex.py
[2022-10-19T16:11:36.191+0000] {processor.py:768} INFO - DAG(s) dict_keys(['example_complex']) retrieved from /home/airflow/.local/lib/python3.7/site-packages/airflow/example_dags/example_complex.py
[2022-10-19T16:11:36.223+0000] {logging_mixin.py:117} INFO - [2022-10-19T16:11:36.223+0000] {dag.py:2573} INFO - Sync 1 DAGs
[2022-10-19T16:11:36.238+0000] {logging_mixin.py:117} INFO - [2022-10-19T16:11:36.238+0000] {dag.py:3328} INFO - Setting next_dagrun for example_complex to None, run_after=None
[2022-10-19T16:11:36.251+0000] {processor.py:178} INFO - Processing /home/airflow/.local/lib/python3.7/site-packages/airflow/example_dags/example_complex.py took 0.079 seconds
[2022-10-19T16:12:06.604+0000] {processor.py:156} INFO - Started process (PID=1690) to work on /home/airflow/.local/lib/python3.7/site-packages/airflow/example_dags/example_complex.py
[2022-10-19T16:12:06.606+0000] {processor.py:758} INFO - Processing file /home/airflow/.local/lib/python3.7/site-packages/airflow/example_dags/example_complex.py for tasks to queue
[2022-10-19T16:12:06.607+0000] {logging_mixin.py:117} INFO - [2022-10-19T16:12:06.607+0000] {dagbag.py:525} INFO - Filling up the DagBag from /home/airflow/.local/lib/python3.7/site-packages/airflow/example_dags/example_complex.py
[2022-10-19T16:12:06.623+0000] {processor.py:768} INFO - DAG(s) dict_keys(['example_complex']) retrieved from /home/airflow/.local/lib/python3.7/site-packages/airflow/example_dags/example_complex.py
[2022-10-19T16:12:06.659+0000] {logging_mixin.py:117} INFO - [2022-10-19T16:12:06.659+0000] {dag.py:2573} INFO - Sync 1 DAGs
[2022-10-19T16:12:06.674+0000] {logging_mixin.py:117} INFO - [2022-10-19T16:12:06.674+0000] {dag.py:3328} INFO - Setting next_dagrun for example_complex to None, run_after=None
[2022-10-19T16:12:06.688+0000] {processor.py:178} INFO - Processing /home/airflow/.local/lib/python3.7/site-packages/airflow/example_dags/example_complex.py took 0.088 seconds
[2022-10-19T16:12:37.709+0000] {processor.py:156} INFO - Started process (PID=1756) to work on /home/airflow/.local/lib/python3.7/site-packages/airflow/example_dags/example_complex.py
[2022-10-19T16:12:37.710+0000] {processor.py:758} INFO - Processing file /home/airflow/.local/lib/python3.7/site-packages/airflow/example_dags/example_complex.py for tasks to queue
[2022-10-19T16:12:37.711+0000] {logging_mixin.py:117} INFO - [2022-10-19T16:12:37.711+0000] {dagbag.py:525} INFO - Filling up the DagBag from /home/airflow/.local/lib/python3.7/site-packages/airflow/example_dags/example_complex.py
[2022-10-19T16:12:37.729+0000] {processor.py:768} INFO - DAG(s) dict_keys(['example_complex']) retrieved from /home/airflow/.local/lib/python3.7/site-packages/airflow/example_dags/example_complex.py
[2022-10-19T16:12:37.759+0000] {logging_mixin.py:117} INFO - [2022-10-19T16:12:37.758+0000] {dag.py:2573} INFO - Sync 1 DAGs
[2022-10-19T16:12:37.775+0000] {logging_mixin.py:117} INFO - [2022-10-19T16:12:37.775+0000] {dag.py:3328} INFO - Setting next_dagrun for example_complex to None, run_after=None
[2022-10-19T16:12:37.787+0000] {processor.py:178} INFO - Processing /home/airflow/.local/lib/python3.7/site-packages/airflow/example_dags/example_complex.py took 0.080 seconds
[2022-10-19T16:13:08.758+0000] {processor.py:156} INFO - Started process (PID=1820) to work on /home/airflow/.local/lib/python3.7/site-packages/airflow/example_dags/example_complex.py
[2022-10-19T16:13:08.760+0000] {processor.py:758} INFO - Processing file /home/airflow/.local/lib/python3.7/site-packages/airflow/example_dags/example_complex.py for tasks to queue
[2022-10-19T16:13:08.762+0000] {logging_mixin.py:117} INFO - [2022-10-19T16:13:08.762+0000] {dagbag.py:525} INFO - Filling up the DagBag from /home/airflow/.local/lib/python3.7/site-packages/airflow/example_dags/example_complex.py
[2022-10-19T16:13:08.778+0000] {processor.py:768} INFO - DAG(s) dict_keys(['example_complex']) retrieved from /home/airflow/.local/lib/python3.7/site-packages/airflow/example_dags/example_complex.py
[2022-10-19T16:13:08.811+0000] {logging_mixin.py:117} INFO - [2022-10-19T16:13:08.811+0000] {dag.py:2573} INFO - Sync 1 DAGs
[2022-10-19T16:13:08.830+0000] {logging_mixin.py:117} INFO - [2022-10-19T16:13:08.830+0000] {dag.py:3328} INFO - Setting next_dagrun for example_complex to None, run_after=None
[2022-10-19T16:13:08.848+0000] {processor.py:178} INFO - Processing /home/airflow/.local/lib/python3.7/site-packages/airflow/example_dags/example_complex.py took 0.093 seconds
[2022-10-19T16:13:40.096+0000] {processor.py:156} INFO - Started process (PID=1885) to work on /home/airflow/.local/lib/python3.7/site-packages/airflow/example_dags/example_complex.py
[2022-10-19T16:13:40.097+0000] {processor.py:758} INFO - Processing file /home/airflow/.local/lib/python3.7/site-packages/airflow/example_dags/example_complex.py for tasks to queue
[2022-10-19T16:13:40.098+0000] {logging_mixin.py:117} INFO - [2022-10-19T16:13:40.098+0000] {dagbag.py:525} INFO - Filling up the DagBag from /home/airflow/.local/lib/python3.7/site-packages/airflow/example_dags/example_complex.py
[2022-10-19T16:13:40.114+0000] {processor.py:768} INFO - DAG(s) dict_keys(['example_complex']) retrieved from /home/airflow/.local/lib/python3.7/site-packages/airflow/example_dags/example_complex.py
[2022-10-19T16:13:40.158+0000] {logging_mixin.py:117} INFO - [2022-10-19T16:13:40.157+0000] {dag.py:2573} INFO - Sync 1 DAGs
[2022-10-19T16:13:40.176+0000] {logging_mixin.py:117} INFO - [2022-10-19T16:13:40.176+0000] {dag.py:3328} INFO - Setting next_dagrun for example_complex to None, run_after=None
[2022-10-19T16:13:40.201+0000] {processor.py:178} INFO - Processing /home/airflow/.local/lib/python3.7/site-packages/airflow/example_dags/example_complex.py took 0.108 seconds
[2022-10-19T16:14:10.477+0000] {processor.py:156} INFO - Started process (PID=1941) to work on /home/airflow/.local/lib/python3.7/site-packages/airflow/example_dags/example_complex.py
[2022-10-19T16:14:10.483+0000] {processor.py:758} INFO - Processing file /home/airflow/.local/lib/python3.7/site-packages/airflow/example_dags/example_complex.py for tasks to queue
[2022-10-19T16:14:10.486+0000] {logging_mixin.py:117} INFO - [2022-10-19T16:14:10.485+0000] {dagbag.py:525} INFO - Filling up the DagBag from /home/airflow/.local/lib/python3.7/site-packages/airflow/example_dags/example_complex.py
[2022-10-19T16:14:10.517+0000] {processor.py:768} INFO - DAG(s) dict_keys(['example_complex']) retrieved from /home/airflow/.local/lib/python3.7/site-packages/airflow/example_dags/example_complex.py
[2022-10-19T16:14:10.576+0000] {logging_mixin.py:117} INFO - [2022-10-19T16:14:10.576+0000] {dag.py:2573} INFO - Sync 1 DAGs
[2022-10-19T16:14:10.598+0000] {logging_mixin.py:117} INFO - [2022-10-19T16:14:10.597+0000] {dag.py:3328} INFO - Setting next_dagrun for example_complex to None, run_after=None
[2022-10-19T16:14:10.611+0000] {processor.py:178} INFO - Processing /home/airflow/.local/lib/python3.7/site-packages/airflow/example_dags/example_complex.py took 0.137 seconds
[2022-10-19T16:14:41.185+0000] {processor.py:156} INFO - Started process (PID=2007) to work on /home/airflow/.local/lib/python3.7/site-packages/airflow/example_dags/example_complex.py
[2022-10-19T16:14:41.186+0000] {processor.py:758} INFO - Processing file /home/airflow/.local/lib/python3.7/site-packages/airflow/example_dags/example_complex.py for tasks to queue
[2022-10-19T16:14:41.188+0000] {logging_mixin.py:117} INFO - [2022-10-19T16:14:41.188+0000] {dagbag.py:525} INFO - Filling up the DagBag from /home/airflow/.local/lib/python3.7/site-packages/airflow/example_dags/example_complex.py
[2022-10-19T16:14:41.201+0000] {processor.py:768} INFO - DAG(s) dict_keys(['example_complex']) retrieved from /home/airflow/.local/lib/python3.7/site-packages/airflow/example_dags/example_complex.py
[2022-10-19T16:14:41.228+0000] {logging_mixin.py:117} INFO - [2022-10-19T16:14:41.228+0000] {dag.py:2573} INFO - Sync 1 DAGs
[2022-10-19T16:14:41.243+0000] {logging_mixin.py:117} INFO - [2022-10-19T16:14:41.243+0000] {dag.py:3328} INFO - Setting next_dagrun for example_complex to None, run_after=None
[2022-10-19T16:14:41.255+0000] {processor.py:178} INFO - Processing /home/airflow/.local/lib/python3.7/site-packages/airflow/example_dags/example_complex.py took 0.073 seconds
[2022-10-19T16:15:12.206+0000] {processor.py:156} INFO - Started process (PID=2075) to work on /home/airflow/.local/lib/python3.7/site-packages/airflow/example_dags/example_complex.py
[2022-10-19T16:15:12.208+0000] {processor.py:758} INFO - Processing file /home/airflow/.local/lib/python3.7/site-packages/airflow/example_dags/example_complex.py for tasks to queue
[2022-10-19T16:15:12.209+0000] {logging_mixin.py:117} INFO - [2022-10-19T16:15:12.209+0000] {dagbag.py:525} INFO - Filling up the DagBag from /home/airflow/.local/lib/python3.7/site-packages/airflow/example_dags/example_complex.py
[2022-10-19T16:15:12.222+0000] {processor.py:768} INFO - DAG(s) dict_keys(['example_complex']) retrieved from /home/airflow/.local/lib/python3.7/site-packages/airflow/example_dags/example_complex.py
[2022-10-19T16:15:12.252+0000] {logging_mixin.py:117} INFO - [2022-10-19T16:15:12.252+0000] {dag.py:2573} INFO - Sync 1 DAGs
[2022-10-19T16:15:12.275+0000] {logging_mixin.py:117} INFO - [2022-10-19T16:15:12.275+0000] {dag.py:3328} INFO - Setting next_dagrun for example_complex to None, run_after=None
[2022-10-19T16:15:12.308+0000] {processor.py:178} INFO - Processing /home/airflow/.local/lib/python3.7/site-packages/airflow/example_dags/example_complex.py took 0.105 seconds
[2022-10-19T16:15:42.674+0000] {processor.py:156} INFO - Started process (PID=2141) to work on /home/airflow/.local/lib/python3.7/site-packages/airflow/example_dags/example_complex.py
[2022-10-19T16:15:42.675+0000] {processor.py:758} INFO - Processing file /home/airflow/.local/lib/python3.7/site-packages/airflow/example_dags/example_complex.py for tasks to queue
[2022-10-19T16:15:42.676+0000] {logging_mixin.py:117} INFO - [2022-10-19T16:15:42.676+0000] {dagbag.py:525} INFO - Filling up the DagBag from /home/airflow/.local/lib/python3.7/site-packages/airflow/example_dags/example_complex.py
[2022-10-19T16:15:42.692+0000] {processor.py:768} INFO - DAG(s) dict_keys(['example_complex']) retrieved from /home/airflow/.local/lib/python3.7/site-packages/airflow/example_dags/example_complex.py
[2022-10-19T16:15:42.732+0000] {logging_mixin.py:117} INFO - [2022-10-19T16:15:42.732+0000] {dag.py:2573} INFO - Sync 1 DAGs
[2022-10-19T16:15:42.750+0000] {logging_mixin.py:117} INFO - [2022-10-19T16:15:42.750+0000] {dag.py:3328} INFO - Setting next_dagrun for example_complex to None, run_after=None
[2022-10-19T16:15:42.761+0000] {processor.py:178} INFO - Processing /home/airflow/.local/lib/python3.7/site-packages/airflow/example_dags/example_complex.py took 0.090 seconds
[2022-10-19T16:16:13.622+0000] {processor.py:156} INFO - Started process (PID=2205) to work on /home/airflow/.local/lib/python3.7/site-packages/airflow/example_dags/example_complex.py
[2022-10-19T16:16:13.623+0000] {processor.py:758} INFO - Processing file /home/airflow/.local/lib/python3.7/site-packages/airflow/example_dags/example_complex.py for tasks to queue
[2022-10-19T16:16:13.624+0000] {logging_mixin.py:117} INFO - [2022-10-19T16:16:13.624+0000] {dagbag.py:525} INFO - Filling up the DagBag from /home/airflow/.local/lib/python3.7/site-packages/airflow/example_dags/example_complex.py
[2022-10-19T16:16:13.640+0000] {processor.py:768} INFO - DAG(s) dict_keys(['example_complex']) retrieved from /home/airflow/.local/lib/python3.7/site-packages/airflow/example_dags/example_complex.py
[2022-10-19T16:16:13.669+0000] {logging_mixin.py:117} INFO - [2022-10-19T16:16:13.669+0000] {dag.py:2573} INFO - Sync 1 DAGs
[2022-10-19T16:16:13.683+0000] {logging_mixin.py:117} INFO - [2022-10-19T16:16:13.683+0000] {dag.py:3328} INFO - Setting next_dagrun for example_complex to None, run_after=None
[2022-10-19T16:16:13.697+0000] {processor.py:178} INFO - Processing /home/airflow/.local/lib/python3.7/site-packages/airflow/example_dags/example_complex.py took 0.077 seconds
[2022-10-19T16:16:44.777+0000] {processor.py:156} INFO - Started process (PID=2271) to work on /home/airflow/.local/lib/python3.7/site-packages/airflow/example_dags/example_complex.py
[2022-10-19T16:16:44.778+0000] {processor.py:758} INFO - Processing file /home/airflow/.local/lib/python3.7/site-packages/airflow/example_dags/example_complex.py for tasks to queue
[2022-10-19T16:16:44.779+0000] {logging_mixin.py:117} INFO - [2022-10-19T16:16:44.779+0000] {dagbag.py:525} INFO - Filling up the DagBag from /home/airflow/.local/lib/python3.7/site-packages/airflow/example_dags/example_complex.py
[2022-10-19T16:16:44.794+0000] {processor.py:768} INFO - DAG(s) dict_keys(['example_complex']) retrieved from /home/airflow/.local/lib/python3.7/site-packages/airflow/example_dags/example_complex.py
[2022-10-19T16:16:44.829+0000] {logging_mixin.py:117} INFO - [2022-10-19T16:16:44.828+0000] {dag.py:2573} INFO - Sync 1 DAGs
[2022-10-19T16:16:44.846+0000] {logging_mixin.py:117} INFO - [2022-10-19T16:16:44.846+0000] {dag.py:3328} INFO - Setting next_dagrun for example_complex to None, run_after=None
[2022-10-19T16:16:44.860+0000] {processor.py:178} INFO - Processing /home/airflow/.local/lib/python3.7/site-packages/airflow/example_dags/example_complex.py took 0.085 seconds
[2022-10-19T16:17:15.463+0000] {processor.py:156} INFO - Started process (PID=2327) to work on /home/airflow/.local/lib/python3.7/site-packages/airflow/example_dags/example_complex.py
[2022-10-19T16:17:15.465+0000] {processor.py:758} INFO - Processing file /home/airflow/.local/lib/python3.7/site-packages/airflow/example_dags/example_complex.py for tasks to queue
[2022-10-19T16:17:15.466+0000] {logging_mixin.py:117} INFO - [2022-10-19T16:17:15.466+0000] {dagbag.py:525} INFO - Filling up the DagBag from /home/airflow/.local/lib/python3.7/site-packages/airflow/example_dags/example_complex.py
[2022-10-19T16:17:15.481+0000] {processor.py:768} INFO - DAG(s) dict_keys(['example_complex']) retrieved from /home/airflow/.local/lib/python3.7/site-packages/airflow/example_dags/example_complex.py
[2022-10-19T16:17:15.514+0000] {logging_mixin.py:117} INFO - [2022-10-19T16:17:15.514+0000] {dag.py:2573} INFO - Sync 1 DAGs
[2022-10-19T16:17:15.534+0000] {logging_mixin.py:117} INFO - [2022-10-19T16:17:15.534+0000] {dag.py:3328} INFO - Setting next_dagrun for example_complex to None, run_after=None
[2022-10-19T16:17:15.553+0000] {processor.py:178} INFO - Processing /home/airflow/.local/lib/python3.7/site-packages/airflow/example_dags/example_complex.py took 0.092 seconds
[2022-10-19T16:17:46.347+0000] {processor.py:156} INFO - Started process (PID=2393) to work on /home/airflow/.local/lib/python3.7/site-packages/airflow/example_dags/example_complex.py
[2022-10-19T16:17:46.349+0000] {processor.py:758} INFO - Processing file /home/airflow/.local/lib/python3.7/site-packages/airflow/example_dags/example_complex.py for tasks to queue
[2022-10-19T16:17:46.350+0000] {logging_mixin.py:117} INFO - [2022-10-19T16:17:46.350+0000] {dagbag.py:525} INFO - Filling up the DagBag from /home/airflow/.local/lib/python3.7/site-packages/airflow/example_dags/example_complex.py
[2022-10-19T16:17:46.364+0000] {processor.py:768} INFO - DAG(s) dict_keys(['example_complex']) retrieved from /home/airflow/.local/lib/python3.7/site-packages/airflow/example_dags/example_complex.py
[2022-10-19T16:17:46.395+0000] {logging_mixin.py:117} INFO - [2022-10-19T16:17:46.395+0000] {dag.py:2573} INFO - Sync 1 DAGs
[2022-10-19T16:17:46.409+0000] {logging_mixin.py:117} INFO - [2022-10-19T16:17:46.409+0000] {dag.py:3328} INFO - Setting next_dagrun for example_complex to None, run_after=None
[2022-10-19T16:17:46.425+0000] {processor.py:178} INFO - Processing /home/airflow/.local/lib/python3.7/site-packages/airflow/example_dags/example_complex.py took 0.080 seconds
[2022-10-19T16:18:17.031+0000] {processor.py:156} INFO - Started process (PID=2458) to work on /home/airflow/.local/lib/python3.7/site-packages/airflow/example_dags/example_complex.py
[2022-10-19T16:18:17.033+0000] {processor.py:758} INFO - Processing file /home/airflow/.local/lib/python3.7/site-packages/airflow/example_dags/example_complex.py for tasks to queue
[2022-10-19T16:18:17.036+0000] {logging_mixin.py:117} INFO - [2022-10-19T16:18:17.036+0000] {dagbag.py:525} INFO - Filling up the DagBag from /home/airflow/.local/lib/python3.7/site-packages/airflow/example_dags/example_complex.py
[2022-10-19T16:18:17.065+0000] {processor.py:768} INFO - DAG(s) dict_keys(['example_complex']) retrieved from /home/airflow/.local/lib/python3.7/site-packages/airflow/example_dags/example_complex.py
[2022-10-19T16:18:17.104+0000] {logging_mixin.py:117} INFO - [2022-10-19T16:18:17.104+0000] {dag.py:2573} INFO - Sync 1 DAGs
[2022-10-19T16:18:17.147+0000] {logging_mixin.py:117} INFO - [2022-10-19T16:18:17.147+0000] {dag.py:3328} INFO - Setting next_dagrun for example_complex to None, run_after=None
[2022-10-19T16:18:17.169+0000] {processor.py:178} INFO - Processing /home/airflow/.local/lib/python3.7/site-packages/airflow/example_dags/example_complex.py took 0.140 seconds
[2022-10-19T16:18:48.142+0000] {processor.py:156} INFO - Started process (PID=2524) to work on /home/airflow/.local/lib/python3.7/site-packages/airflow/example_dags/example_complex.py
[2022-10-19T16:18:48.157+0000] {processor.py:758} INFO - Processing file /home/airflow/.local/lib/python3.7/site-packages/airflow/example_dags/example_complex.py for tasks to queue
[2022-10-19T16:18:48.159+0000] {logging_mixin.py:117} INFO - [2022-10-19T16:18:48.158+0000] {dagbag.py:525} INFO - Filling up the DagBag from /home/airflow/.local/lib/python3.7/site-packages/airflow/example_dags/example_complex.py
[2022-10-19T16:18:48.197+0000] {processor.py:768} INFO - DAG(s) dict_keys(['example_complex']) retrieved from /home/airflow/.local/lib/python3.7/site-packages/airflow/example_dags/example_complex.py
[2022-10-19T16:18:48.241+0000] {logging_mixin.py:117} INFO - [2022-10-19T16:18:48.241+0000] {dag.py:2573} INFO - Sync 1 DAGs
[2022-10-19T16:18:48.261+0000] {logging_mixin.py:117} INFO - [2022-10-19T16:18:48.261+0000] {dag.py:3328} INFO - Setting next_dagrun for example_complex to None, run_after=None
[2022-10-19T16:18:48.290+0000] {processor.py:178} INFO - Processing /home/airflow/.local/lib/python3.7/site-packages/airflow/example_dags/example_complex.py took 0.150 seconds
[2022-10-19T16:19:19.173+0000] {processor.py:156} INFO - Started process (PID=2589) to work on /home/airflow/.local/lib/python3.7/site-packages/airflow/example_dags/example_complex.py
[2022-10-19T16:19:19.175+0000] {processor.py:758} INFO - Processing file /home/airflow/.local/lib/python3.7/site-packages/airflow/example_dags/example_complex.py for tasks to queue
[2022-10-19T16:19:19.178+0000] {logging_mixin.py:117} INFO - [2022-10-19T16:19:19.178+0000] {dagbag.py:525} INFO - Filling up the DagBag from /home/airflow/.local/lib/python3.7/site-packages/airflow/example_dags/example_complex.py
[2022-10-19T16:19:19.197+0000] {processor.py:768} INFO - DAG(s) dict_keys(['example_complex']) retrieved from /home/airflow/.local/lib/python3.7/site-packages/airflow/example_dags/example_complex.py
[2022-10-19T16:19:19.239+0000] {logging_mixin.py:117} INFO - [2022-10-19T16:19:19.238+0000] {dag.py:2573} INFO - Sync 1 DAGs
[2022-10-19T16:19:19.255+0000] {logging_mixin.py:117} INFO - [2022-10-19T16:19:19.255+0000] {dag.py:3328} INFO - Setting next_dagrun for example_complex to None, run_after=None
[2022-10-19T16:19:19.269+0000] {processor.py:178} INFO - Processing /home/airflow/.local/lib/python3.7/site-packages/airflow/example_dags/example_complex.py took 0.099 seconds
[2022-10-19T16:19:50.889+0000] {processor.py:156} INFO - Started process (PID=2645) to work on /home/airflow/.local/lib/python3.7/site-packages/airflow/example_dags/example_complex.py
[2022-10-19T16:19:50.893+0000] {processor.py:758} INFO - Processing file /home/airflow/.local/lib/python3.7/site-packages/airflow/example_dags/example_complex.py for tasks to queue
[2022-10-19T16:19:50.895+0000] {logging_mixin.py:117} INFO - [2022-10-19T16:19:50.895+0000] {dagbag.py:525} INFO - Filling up the DagBag from /home/airflow/.local/lib/python3.7/site-packages/airflow/example_dags/example_complex.py
[2022-10-19T16:19:50.928+0000] {processor.py:768} INFO - DAG(s) dict_keys(['example_complex']) retrieved from /home/airflow/.local/lib/python3.7/site-packages/airflow/example_dags/example_complex.py
[2022-10-19T16:19:51.314+0000] {logging_mixin.py:117} INFO - [2022-10-19T16:19:51.314+0000] {dag.py:2573} INFO - Sync 1 DAGs
[2022-10-19T16:19:51.451+0000] {logging_mixin.py:117} INFO - [2022-10-19T16:19:51.448+0000] {dag.py:3328} INFO - Setting next_dagrun for example_complex to None, run_after=None
[2022-10-19T16:19:51.512+0000] {processor.py:178} INFO - Processing /home/airflow/.local/lib/python3.7/site-packages/airflow/example_dags/example_complex.py took 0.632 seconds
[2022-10-19T16:20:23.693+0000] {processor.py:156} INFO - Started process (PID=2701) to work on /home/airflow/.local/lib/python3.7/site-packages/airflow/example_dags/example_complex.py
[2022-10-19T16:20:23.695+0000] {processor.py:758} INFO - Processing file /home/airflow/.local/lib/python3.7/site-packages/airflow/example_dags/example_complex.py for tasks to queue
[2022-10-19T16:20:23.696+0000] {logging_mixin.py:117} INFO - [2022-10-19T16:20:23.696+0000] {dagbag.py:525} INFO - Filling up the DagBag from /home/airflow/.local/lib/python3.7/site-packages/airflow/example_dags/example_complex.py
[2022-10-19T16:20:23.726+0000] {processor.py:768} INFO - DAG(s) dict_keys(['example_complex']) retrieved from /home/airflow/.local/lib/python3.7/site-packages/airflow/example_dags/example_complex.py
[2022-10-19T16:20:23.802+0000] {logging_mixin.py:117} INFO - [2022-10-19T16:20:23.802+0000] {dag.py:2573} INFO - Sync 1 DAGs
[2022-10-19T16:20:23.818+0000] {logging_mixin.py:117} INFO - [2022-10-19T16:20:23.818+0000] {dag.py:3328} INFO - Setting next_dagrun for example_complex to None, run_after=None
[2022-10-19T16:20:23.834+0000] {processor.py:178} INFO - Processing /home/airflow/.local/lib/python3.7/site-packages/airflow/example_dags/example_complex.py took 0.146 seconds
[2022-10-19T16:21:15.598+0000] {processor.py:156} INFO - Started process (PID=2752) to work on /home/airflow/.local/lib/python3.7/site-packages/airflow/example_dags/example_complex.py
[2022-10-19T16:21:15.611+0000] {processor.py:758} INFO - Processing file /home/airflow/.local/lib/python3.7/site-packages/airflow/example_dags/example_complex.py for tasks to queue
[2022-10-19T16:21:15.612+0000] {logging_mixin.py:117} INFO - [2022-10-19T16:21:15.612+0000] {dagbag.py:525} INFO - Filling up the DagBag from /home/airflow/.local/lib/python3.7/site-packages/airflow/example_dags/example_complex.py
[2022-10-19T16:21:15.722+0000] {processor.py:768} INFO - DAG(s) dict_keys(['example_complex']) retrieved from /home/airflow/.local/lib/python3.7/site-packages/airflow/example_dags/example_complex.py
[2022-10-19T16:21:15.792+0000] {logging_mixin.py:117} INFO - [2022-10-19T16:21:15.792+0000] {dag.py:2573} INFO - Sync 1 DAGs
[2022-10-19T16:21:15.867+0000] {logging_mixin.py:117} INFO - [2022-10-19T16:21:15.867+0000] {dag.py:3328} INFO - Setting next_dagrun for example_complex to None, run_after=None
[2022-10-19T16:21:15.931+0000] {processor.py:178} INFO - Processing /home/airflow/.local/lib/python3.7/site-packages/airflow/example_dags/example_complex.py took 0.344 seconds
[2022-10-19T16:22:00.020+0000] {processor.py:156} INFO - Started process (PID=2807) to work on /home/airflow/.local/lib/python3.7/site-packages/airflow/example_dags/example_complex.py
[2022-10-19T16:22:00.234+0000] {processor.py:758} INFO - Processing file /home/airflow/.local/lib/python3.7/site-packages/airflow/example_dags/example_complex.py for tasks to queue
[2022-10-19T16:22:00.394+0000] {logging_mixin.py:117} INFO - [2022-10-19T16:22:00.393+0000] {dagbag.py:525} INFO - Filling up the DagBag from /home/airflow/.local/lib/python3.7/site-packages/airflow/example_dags/example_complex.py
[2022-10-19T16:22:02.083+0000] {processor.py:768} INFO - DAG(s) dict_keys(['example_complex']) retrieved from /home/airflow/.local/lib/python3.7/site-packages/airflow/example_dags/example_complex.py
[2022-10-19T16:22:02.405+0000] {logging_mixin.py:117} INFO - [2022-10-19T16:22:02.399+0000] {dag.py:2573} INFO - Sync 1 DAGs
[2022-10-19T16:22:02.466+0000] {logging_mixin.py:117} INFO - [2022-10-19T16:22:02.466+0000] {dag.py:3328} INFO - Setting next_dagrun for example_complex to None, run_after=None
[2022-10-19T16:22:02.515+0000] {processor.py:178} INFO - Processing /home/airflow/.local/lib/python3.7/site-packages/airflow/example_dags/example_complex.py took 2.785 seconds
[2022-10-19T16:23:05.812+0000] {processor.py:156} INFO - Started process (PID=2872) to work on /home/airflow/.local/lib/python3.7/site-packages/airflow/example_dags/example_complex.py
[2022-10-19T16:23:06.030+0000] {processor.py:758} INFO - Processing file /home/airflow/.local/lib/python3.7/site-packages/airflow/example_dags/example_complex.py for tasks to queue
[2022-10-19T16:23:06.060+0000] {logging_mixin.py:117} INFO - [2022-10-19T16:23:06.060+0000] {dagbag.py:525} INFO - Filling up the DagBag from /home/airflow/.local/lib/python3.7/site-packages/airflow/example_dags/example_complex.py
[2022-10-19T16:23:06.507+0000] {processor.py:768} INFO - DAG(s) dict_keys(['example_complex']) retrieved from /home/airflow/.local/lib/python3.7/site-packages/airflow/example_dags/example_complex.py
[2022-10-19T16:23:08.859+0000] {logging_mixin.py:117} INFO - [2022-10-19T16:23:08.857+0000] {dag.py:2573} INFO - Sync 1 DAGs
[2022-10-19T16:23:08.968+0000] {logging_mixin.py:117} INFO - [2022-10-19T16:23:08.968+0000] {dag.py:3328} INFO - Setting next_dagrun for example_complex to None, run_after=None
[2022-10-19T16:23:09.057+0000] {processor.py:178} INFO - Processing /home/airflow/.local/lib/python3.7/site-packages/airflow/example_dags/example_complex.py took 3.253 seconds
[2022-10-19T16:23:43.835+0000] {processor.py:156} INFO - Started process (PID=2926) to work on /home/airflow/.local/lib/python3.7/site-packages/airflow/example_dags/example_complex.py
[2022-10-19T16:23:43.851+0000] {processor.py:758} INFO - Processing file /home/airflow/.local/lib/python3.7/site-packages/airflow/example_dags/example_complex.py for tasks to queue
[2022-10-19T16:23:43.854+0000] {logging_mixin.py:117} INFO - [2022-10-19T16:23:43.853+0000] {dagbag.py:525} INFO - Filling up the DagBag from /home/airflow/.local/lib/python3.7/site-packages/airflow/example_dags/example_complex.py
[2022-10-19T16:23:43.981+0000] {processor.py:768} INFO - DAG(s) dict_keys(['example_complex']) retrieved from /home/airflow/.local/lib/python3.7/site-packages/airflow/example_dags/example_complex.py
[2022-10-19T16:23:44.406+0000] {logging_mixin.py:117} INFO - [2022-10-19T16:23:44.405+0000] {dag.py:2573} INFO - Sync 1 DAGs
[2022-10-19T16:23:44.524+0000] {logging_mixin.py:117} INFO - [2022-10-19T16:23:44.524+0000] {dag.py:3328} INFO - Setting next_dagrun for example_complex to None, run_after=None
[2022-10-19T16:23:44.600+0000] {processor.py:178} INFO - Processing /home/airflow/.local/lib/python3.7/site-packages/airflow/example_dags/example_complex.py took 0.797 seconds
[2022-10-19T16:24:19.470+0000] {processor.py:156} INFO - Started process (PID=2983) to work on /home/airflow/.local/lib/python3.7/site-packages/airflow/example_dags/example_complex.py
[2022-10-19T16:24:19.633+0000] {processor.py:758} INFO - Processing file /home/airflow/.local/lib/python3.7/site-packages/airflow/example_dags/example_complex.py for tasks to queue
[2022-10-19T16:24:19.667+0000] {logging_mixin.py:117} INFO - [2022-10-19T16:24:19.666+0000] {dagbag.py:525} INFO - Filling up the DagBag from /home/airflow/.local/lib/python3.7/site-packages/airflow/example_dags/example_complex.py
[2022-10-19T16:24:20.073+0000] {processor.py:768} INFO - DAG(s) dict_keys(['example_complex']) retrieved from /home/airflow/.local/lib/python3.7/site-packages/airflow/example_dags/example_complex.py
[2022-10-19T16:24:20.397+0000] {logging_mixin.py:117} INFO - [2022-10-19T16:24:20.396+0000] {dag.py:2573} INFO - Sync 1 DAGs
[2022-10-19T16:24:20.620+0000] {logging_mixin.py:117} INFO - [2022-10-19T16:24:20.620+0000] {dag.py:3328} INFO - Setting next_dagrun for example_complex to None, run_after=None
[2022-10-19T16:24:20.890+0000] {processor.py:178} INFO - Processing /home/airflow/.local/lib/python3.7/site-packages/airflow/example_dags/example_complex.py took 1.435 seconds
[2022-10-19T16:24:54.448+0000] {processor.py:156} INFO - Started process (PID=3038) to work on /home/airflow/.local/lib/python3.7/site-packages/airflow/example_dags/example_complex.py
[2022-10-19T16:24:54.509+0000] {processor.py:758} INFO - Processing file /home/airflow/.local/lib/python3.7/site-packages/airflow/example_dags/example_complex.py for tasks to queue
[2022-10-19T16:24:54.686+0000] {logging_mixin.py:117} INFO - [2022-10-19T16:24:54.685+0000] {dagbag.py:525} INFO - Filling up the DagBag from /home/airflow/.local/lib/python3.7/site-packages/airflow/example_dags/example_complex.py
[2022-10-19T16:24:55.285+0000] {processor.py:768} INFO - DAG(s) dict_keys(['example_complex']) retrieved from /home/airflow/.local/lib/python3.7/site-packages/airflow/example_dags/example_complex.py
[2022-10-19T16:24:55.718+0000] {logging_mixin.py:117} INFO - [2022-10-19T16:24:55.718+0000] {dag.py:2573} INFO - Sync 1 DAGs
[2022-10-19T16:24:55.819+0000] {logging_mixin.py:117} INFO - [2022-10-19T16:24:55.818+0000] {dag.py:3328} INFO - Setting next_dagrun for example_complex to None, run_after=None
[2022-10-19T16:24:55.875+0000] {processor.py:178} INFO - Processing /home/airflow/.local/lib/python3.7/site-packages/airflow/example_dags/example_complex.py took 1.448 seconds
[2022-10-19T16:25:50.608+0000] {processor.py:156} INFO - Started process (PID=3077) to work on /home/airflow/.local/lib/python3.7/site-packages/airflow/example_dags/example_complex.py
[2022-10-19T16:25:50.686+0000] {processor.py:758} INFO - Processing file /home/airflow/.local/lib/python3.7/site-packages/airflow/example_dags/example_complex.py for tasks to queue
[2022-10-19T16:25:50.854+0000] {logging_mixin.py:117} INFO - [2022-10-19T16:25:50.853+0000] {dagbag.py:525} INFO - Filling up the DagBag from /home/airflow/.local/lib/python3.7/site-packages/airflow/example_dags/example_complex.py
[2022-10-19T16:25:51.183+0000] {processor.py:768} INFO - DAG(s) dict_keys(['example_complex']) retrieved from /home/airflow/.local/lib/python3.7/site-packages/airflow/example_dags/example_complex.py
[2022-10-19T16:25:54.721+0000] {logging_mixin.py:117} INFO - [2022-10-19T16:25:54.717+0000] {dag.py:2573} INFO - Sync 1 DAGs
[2022-10-19T16:25:54.858+0000] {logging_mixin.py:117} INFO - [2022-10-19T16:25:54.858+0000] {dag.py:3328} INFO - Setting next_dagrun for example_complex to None, run_after=None
[2022-10-19T16:25:55.170+0000] {processor.py:178} INFO - Processing /home/airflow/.local/lib/python3.7/site-packages/airflow/example_dags/example_complex.py took 4.794 seconds
