[2022-10-19T15:36:36.639+0000] {processor.py:156} INFO - Started process (PID=201) to work on /home/airflow/.local/lib/python3.7/site-packages/airflow/example_dags/example_short_circuit_decorator.py
[2022-10-19T15:36:36.672+0000] {processor.py:758} INFO - Processing file /home/airflow/.local/lib/python3.7/site-packages/airflow/example_dags/example_short_circuit_decorator.py for tasks to queue
[2022-10-19T15:36:36.680+0000] {logging_mixin.py:117} INFO - [2022-10-19T15:36:36.680+0000] {dagbag.py:525} INFO - Filling up the DagBag from /home/airflow/.local/lib/python3.7/site-packages/airflow/example_dags/example_short_circuit_decorator.py
[2022-10-19T15:36:36.935+0000] {processor.py:768} INFO - DAG(s) dict_keys(['example_short_circuit_decorator']) retrieved from /home/airflow/.local/lib/python3.7/site-packages/airflow/example_dags/example_short_circuit_decorator.py
[2022-10-19T15:36:37.237+0000] {logging_mixin.py:117} INFO - [2022-10-19T15:36:37.235+0000] {dag.py:2573} INFO - Sync 1 DAGs
[2022-10-19T15:36:37.493+0000] {logging_mixin.py:117} INFO - [2022-10-19T15:36:37.490+0000] {dag.py:3328} INFO - Setting next_dagrun for example_short_circuit_decorator to 2022-10-18T15:36:37.466953+00:00, run_after=2022-10-19T15:36:37.466953+00:00
[2022-10-19T15:36:37.644+0000] {processor.py:178} INFO - Processing /home/airflow/.local/lib/python3.7/site-packages/airflow/example_dags/example_short_circuit_decorator.py took 1.021 seconds
[2022-10-19T15:37:09.155+0000] {processor.py:156} INFO - Started process (PID=258) to work on /home/airflow/.local/lib/python3.7/site-packages/airflow/example_dags/example_short_circuit_decorator.py
[2022-10-19T15:37:09.159+0000] {processor.py:758} INFO - Processing file /home/airflow/.local/lib/python3.7/site-packages/airflow/example_dags/example_short_circuit_decorator.py for tasks to queue
[2022-10-19T15:37:09.160+0000] {logging_mixin.py:117} INFO - [2022-10-19T15:37:09.160+0000] {dagbag.py:525} INFO - Filling up the DagBag from /home/airflow/.local/lib/python3.7/site-packages/airflow/example_dags/example_short_circuit_decorator.py
[2022-10-19T15:37:09.199+0000] {processor.py:768} INFO - DAG(s) dict_keys(['example_short_circuit_decorator']) retrieved from /home/airflow/.local/lib/python3.7/site-packages/airflow/example_dags/example_short_circuit_decorator.py
[2022-10-19T15:37:09.259+0000] {logging_mixin.py:117} INFO - [2022-10-19T15:37:09.259+0000] {dag.py:2573} INFO - Sync 1 DAGs
[2022-10-19T15:37:09.283+0000] {logging_mixin.py:117} INFO - [2022-10-19T15:37:09.283+0000] {dag.py:3328} INFO - Setting next_dagrun for example_short_circuit_decorator to 2022-10-18T15:37:09.283105+00:00, run_after=2022-10-19T15:37:09.283105+00:00
[2022-10-19T15:37:09.298+0000] {processor.py:178} INFO - Processing /home/airflow/.local/lib/python3.7/site-packages/airflow/example_dags/example_short_circuit_decorator.py took 0.147 seconds
[2022-10-19T15:37:39.981+0000] {processor.py:156} INFO - Started process (PID=313) to work on /home/airflow/.local/lib/python3.7/site-packages/airflow/example_dags/example_short_circuit_decorator.py
[2022-10-19T15:37:39.983+0000] {processor.py:758} INFO - Processing file /home/airflow/.local/lib/python3.7/site-packages/airflow/example_dags/example_short_circuit_decorator.py for tasks to queue
[2022-10-19T15:37:39.985+0000] {logging_mixin.py:117} INFO - [2022-10-19T15:37:39.985+0000] {dagbag.py:525} INFO - Filling up the DagBag from /home/airflow/.local/lib/python3.7/site-packages/airflow/example_dags/example_short_circuit_decorator.py
[2022-10-19T15:37:40.012+0000] {processor.py:768} INFO - DAG(s) dict_keys(['example_short_circuit_decorator']) retrieved from /home/airflow/.local/lib/python3.7/site-packages/airflow/example_dags/example_short_circuit_decorator.py
[2022-10-19T15:37:40.059+0000] {logging_mixin.py:117} INFO - [2022-10-19T15:37:40.059+0000] {dag.py:2573} INFO - Sync 1 DAGs
[2022-10-19T15:37:40.078+0000] {logging_mixin.py:117} INFO - [2022-10-19T15:37:40.077+0000] {dag.py:3328} INFO - Setting next_dagrun for example_short_circuit_decorator to 2022-10-18T15:37:40.077664+00:00, run_after=2022-10-19T15:37:40.077664+00:00
[2022-10-19T15:37:40.097+0000] {processor.py:178} INFO - Processing /home/airflow/.local/lib/python3.7/site-packages/airflow/example_dags/example_short_circuit_decorator.py took 0.120 seconds
[2022-10-19T15:38:10.341+0000] {processor.py:156} INFO - Started process (PID=378) to work on /home/airflow/.local/lib/python3.7/site-packages/airflow/example_dags/example_short_circuit_decorator.py
[2022-10-19T15:38:10.343+0000] {processor.py:758} INFO - Processing file /home/airflow/.local/lib/python3.7/site-packages/airflow/example_dags/example_short_circuit_decorator.py for tasks to queue
[2022-10-19T15:38:10.344+0000] {logging_mixin.py:117} INFO - [2022-10-19T15:38:10.343+0000] {dagbag.py:525} INFO - Filling up the DagBag from /home/airflow/.local/lib/python3.7/site-packages/airflow/example_dags/example_short_circuit_decorator.py
[2022-10-19T15:38:10.379+0000] {processor.py:768} INFO - DAG(s) dict_keys(['example_short_circuit_decorator']) retrieved from /home/airflow/.local/lib/python3.7/site-packages/airflow/example_dags/example_short_circuit_decorator.py
[2022-10-19T15:38:10.436+0000] {logging_mixin.py:117} INFO - [2022-10-19T15:38:10.436+0000] {dag.py:2573} INFO - Sync 1 DAGs
[2022-10-19T15:38:10.465+0000] {logging_mixin.py:117} INFO - [2022-10-19T15:38:10.465+0000] {dag.py:3328} INFO - Setting next_dagrun for example_short_circuit_decorator to 2022-10-18T15:38:10.465268+00:00, run_after=2022-10-19T15:38:10.465268+00:00
[2022-10-19T15:38:10.490+0000] {processor.py:178} INFO - Processing /home/airflow/.local/lib/python3.7/site-packages/airflow/example_dags/example_short_circuit_decorator.py took 0.152 seconds
[2022-10-19T15:38:41.122+0000] {processor.py:156} INFO - Started process (PID=434) to work on /home/airflow/.local/lib/python3.7/site-packages/airflow/example_dags/example_short_circuit_decorator.py
[2022-10-19T15:38:41.189+0000] {processor.py:758} INFO - Processing file /home/airflow/.local/lib/python3.7/site-packages/airflow/example_dags/example_short_circuit_decorator.py for tasks to queue
[2022-10-19T15:38:41.199+0000] {logging_mixin.py:117} INFO - [2022-10-19T15:38:41.198+0000] {dagbag.py:525} INFO - Filling up the DagBag from /home/airflow/.local/lib/python3.7/site-packages/airflow/example_dags/example_short_circuit_decorator.py
[2022-10-19T15:38:41.314+0000] {processor.py:768} INFO - DAG(s) dict_keys(['example_short_circuit_decorator']) retrieved from /home/airflow/.local/lib/python3.7/site-packages/airflow/example_dags/example_short_circuit_decorator.py
[2022-10-19T15:38:41.397+0000] {logging_mixin.py:117} INFO - [2022-10-19T15:38:41.397+0000] {dag.py:2573} INFO - Sync 1 DAGs
[2022-10-19T15:38:41.431+0000] {logging_mixin.py:117} INFO - [2022-10-19T15:38:41.431+0000] {dag.py:3328} INFO - Setting next_dagrun for example_short_circuit_decorator to 2022-10-18T15:38:41.430772+00:00, run_after=2022-10-19T15:38:41.430772+00:00
[2022-10-19T15:38:41.456+0000] {processor.py:178} INFO - Processing /home/airflow/.local/lib/python3.7/site-packages/airflow/example_dags/example_short_circuit_decorator.py took 0.367 seconds
[2022-10-19T15:39:11.564+0000] {processor.py:156} INFO - Started process (PID=489) to work on /home/airflow/.local/lib/python3.7/site-packages/airflow/example_dags/example_short_circuit_decorator.py
[2022-10-19T15:39:11.566+0000] {processor.py:758} INFO - Processing file /home/airflow/.local/lib/python3.7/site-packages/airflow/example_dags/example_short_circuit_decorator.py for tasks to queue
[2022-10-19T15:39:11.568+0000] {logging_mixin.py:117} INFO - [2022-10-19T15:39:11.568+0000] {dagbag.py:525} INFO - Filling up the DagBag from /home/airflow/.local/lib/python3.7/site-packages/airflow/example_dags/example_short_circuit_decorator.py
[2022-10-19T15:39:11.596+0000] {processor.py:768} INFO - DAG(s) dict_keys(['example_short_circuit_decorator']) retrieved from /home/airflow/.local/lib/python3.7/site-packages/airflow/example_dags/example_short_circuit_decorator.py
[2022-10-19T15:39:11.661+0000] {logging_mixin.py:117} INFO - [2022-10-19T15:39:11.661+0000] {dag.py:2573} INFO - Sync 1 DAGs
[2022-10-19T15:39:11.690+0000] {logging_mixin.py:117} INFO - [2022-10-19T15:39:11.690+0000] {dag.py:3328} INFO - Setting next_dagrun for example_short_circuit_decorator to 2022-10-18T15:39:11.690086+00:00, run_after=2022-10-19T15:39:11.690086+00:00
[2022-10-19T15:39:11.719+0000] {processor.py:178} INFO - Processing /home/airflow/.local/lib/python3.7/site-packages/airflow/example_dags/example_short_circuit_decorator.py took 0.159 seconds
[2022-10-19T15:39:58.082+0000] {processor.py:156} INFO - Started process (PID=555) to work on /home/airflow/.local/lib/python3.7/site-packages/airflow/example_dags/example_short_circuit_decorator.py
[2022-10-19T15:39:58.090+0000] {processor.py:758} INFO - Processing file /home/airflow/.local/lib/python3.7/site-packages/airflow/example_dags/example_short_circuit_decorator.py for tasks to queue
[2022-10-19T15:39:58.095+0000] {logging_mixin.py:117} INFO - [2022-10-19T15:39:58.094+0000] {dagbag.py:525} INFO - Filling up the DagBag from /home/airflow/.local/lib/python3.7/site-packages/airflow/example_dags/example_short_circuit_decorator.py
[2022-10-19T15:39:58.150+0000] {processor.py:768} INFO - DAG(s) dict_keys(['example_short_circuit_decorator']) retrieved from /home/airflow/.local/lib/python3.7/site-packages/airflow/example_dags/example_short_circuit_decorator.py
[2022-10-19T15:39:58.224+0000] {logging_mixin.py:117} INFO - [2022-10-19T15:39:58.224+0000] {dag.py:2573} INFO - Sync 1 DAGs
[2022-10-19T15:39:58.302+0000] {logging_mixin.py:117} INFO - [2022-10-19T15:39:58.301+0000] {dag.py:3328} INFO - Setting next_dagrun for example_short_circuit_decorator to 2022-10-18T15:39:58.300311+00:00, run_after=2022-10-19T15:39:58.300311+00:00
[2022-10-19T15:39:58.454+0000] {processor.py:178} INFO - Processing /home/airflow/.local/lib/python3.7/site-packages/airflow/example_dags/example_short_circuit_decorator.py took 0.374 seconds
[2022-10-19T15:40:29.268+0000] {processor.py:156} INFO - Started process (PID=620) to work on /home/airflow/.local/lib/python3.7/site-packages/airflow/example_dags/example_short_circuit_decorator.py
[2022-10-19T15:40:29.270+0000] {processor.py:758} INFO - Processing file /home/airflow/.local/lib/python3.7/site-packages/airflow/example_dags/example_short_circuit_decorator.py for tasks to queue
[2022-10-19T15:40:29.271+0000] {logging_mixin.py:117} INFO - [2022-10-19T15:40:29.271+0000] {dagbag.py:525} INFO - Filling up the DagBag from /home/airflow/.local/lib/python3.7/site-packages/airflow/example_dags/example_short_circuit_decorator.py
[2022-10-19T15:40:29.292+0000] {processor.py:768} INFO - DAG(s) dict_keys(['example_short_circuit_decorator']) retrieved from /home/airflow/.local/lib/python3.7/site-packages/airflow/example_dags/example_short_circuit_decorator.py
[2022-10-19T15:40:29.322+0000] {logging_mixin.py:117} INFO - [2022-10-19T15:40:29.322+0000] {dag.py:2573} INFO - Sync 1 DAGs
[2022-10-19T15:40:29.337+0000] {logging_mixin.py:117} INFO - [2022-10-19T15:40:29.336+0000] {dag.py:3328} INFO - Setting next_dagrun for example_short_circuit_decorator to 2022-10-18T15:40:29.336805+00:00, run_after=2022-10-19T15:40:29.336805+00:00
[2022-10-19T15:40:29.348+0000] {processor.py:178} INFO - Processing /home/airflow/.local/lib/python3.7/site-packages/airflow/example_dags/example_short_circuit_decorator.py took 0.084 seconds
[2022-10-19T15:40:59.994+0000] {processor.py:156} INFO - Started process (PID=676) to work on /home/airflow/.local/lib/python3.7/site-packages/airflow/example_dags/example_short_circuit_decorator.py
[2022-10-19T15:40:59.999+0000] {processor.py:758} INFO - Processing file /home/airflow/.local/lib/python3.7/site-packages/airflow/example_dags/example_short_circuit_decorator.py for tasks to queue
[2022-10-19T15:41:00.006+0000] {logging_mixin.py:117} INFO - [2022-10-19T15:41:00.005+0000] {dagbag.py:525} INFO - Filling up the DagBag from /home/airflow/.local/lib/python3.7/site-packages/airflow/example_dags/example_short_circuit_decorator.py
[2022-10-19T15:41:00.050+0000] {processor.py:768} INFO - DAG(s) dict_keys(['example_short_circuit_decorator']) retrieved from /home/airflow/.local/lib/python3.7/site-packages/airflow/example_dags/example_short_circuit_decorator.py
[2022-10-19T15:41:00.120+0000] {logging_mixin.py:117} INFO - [2022-10-19T15:41:00.120+0000] {dag.py:2573} INFO - Sync 1 DAGs
[2022-10-19T15:41:00.173+0000] {logging_mixin.py:117} INFO - [2022-10-19T15:41:00.173+0000] {dag.py:3328} INFO - Setting next_dagrun for example_short_circuit_decorator to 2022-10-18T15:41:00.172872+00:00, run_after=2022-10-19T15:41:00.172872+00:00
[2022-10-19T15:41:00.228+0000] {processor.py:178} INFO - Processing /home/airflow/.local/lib/python3.7/site-packages/airflow/example_dags/example_short_circuit_decorator.py took 0.237 seconds
[2022-10-19T15:41:30.646+0000] {processor.py:156} INFO - Started process (PID=742) to work on /home/airflow/.local/lib/python3.7/site-packages/airflow/example_dags/example_short_circuit_decorator.py
[2022-10-19T15:41:30.648+0000] {processor.py:758} INFO - Processing file /home/airflow/.local/lib/python3.7/site-packages/airflow/example_dags/example_short_circuit_decorator.py for tasks to queue
[2022-10-19T15:41:30.650+0000] {logging_mixin.py:117} INFO - [2022-10-19T15:41:30.649+0000] {dagbag.py:525} INFO - Filling up the DagBag from /home/airflow/.local/lib/python3.7/site-packages/airflow/example_dags/example_short_circuit_decorator.py
[2022-10-19T15:41:30.673+0000] {processor.py:768} INFO - DAG(s) dict_keys(['example_short_circuit_decorator']) retrieved from /home/airflow/.local/lib/python3.7/site-packages/airflow/example_dags/example_short_circuit_decorator.py
[2022-10-19T15:41:30.716+0000] {logging_mixin.py:117} INFO - [2022-10-19T15:41:30.716+0000] {dag.py:2573} INFO - Sync 1 DAGs
[2022-10-19T15:41:30.734+0000] {logging_mixin.py:117} INFO - [2022-10-19T15:41:30.734+0000] {dag.py:3328} INFO - Setting next_dagrun for example_short_circuit_decorator to 2022-10-18T15:41:30.734026+00:00, run_after=2022-10-19T15:41:30.734026+00:00
[2022-10-19T15:41:30.749+0000] {processor.py:178} INFO - Processing /home/airflow/.local/lib/python3.7/site-packages/airflow/example_dags/example_short_circuit_decorator.py took 0.106 seconds
[2022-10-19T15:42:01.364+0000] {processor.py:156} INFO - Started process (PID=807) to work on /home/airflow/.local/lib/python3.7/site-packages/airflow/example_dags/example_short_circuit_decorator.py
[2022-10-19T15:42:01.365+0000] {processor.py:758} INFO - Processing file /home/airflow/.local/lib/python3.7/site-packages/airflow/example_dags/example_short_circuit_decorator.py for tasks to queue
[2022-10-19T15:42:01.367+0000] {logging_mixin.py:117} INFO - [2022-10-19T15:42:01.367+0000] {dagbag.py:525} INFO - Filling up the DagBag from /home/airflow/.local/lib/python3.7/site-packages/airflow/example_dags/example_short_circuit_decorator.py
[2022-10-19T15:42:01.382+0000] {processor.py:768} INFO - DAG(s) dict_keys(['example_short_circuit_decorator']) retrieved from /home/airflow/.local/lib/python3.7/site-packages/airflow/example_dags/example_short_circuit_decorator.py
[2022-10-19T15:42:01.408+0000] {logging_mixin.py:117} INFO - [2022-10-19T15:42:01.407+0000] {dag.py:2573} INFO - Sync 1 DAGs
[2022-10-19T15:42:01.421+0000] {logging_mixin.py:117} INFO - [2022-10-19T15:42:01.421+0000] {dag.py:3328} INFO - Setting next_dagrun for example_short_circuit_decorator to 2022-10-18T15:42:01.421198+00:00, run_after=2022-10-19T15:42:01.421198+00:00
[2022-10-19T15:42:01.431+0000] {processor.py:178} INFO - Processing /home/airflow/.local/lib/python3.7/site-packages/airflow/example_dags/example_short_circuit_decorator.py took 0.070 seconds
[2022-10-19T15:42:31.968+0000] {processor.py:156} INFO - Started process (PID=872) to work on /home/airflow/.local/lib/python3.7/site-packages/airflow/example_dags/example_short_circuit_decorator.py
[2022-10-19T15:42:31.982+0000] {processor.py:758} INFO - Processing file /home/airflow/.local/lib/python3.7/site-packages/airflow/example_dags/example_short_circuit_decorator.py for tasks to queue
[2022-10-19T15:42:31.983+0000] {logging_mixin.py:117} INFO - [2022-10-19T15:42:31.983+0000] {dagbag.py:525} INFO - Filling up the DagBag from /home/airflow/.local/lib/python3.7/site-packages/airflow/example_dags/example_short_circuit_decorator.py
[2022-10-19T15:42:32.001+0000] {processor.py:768} INFO - DAG(s) dict_keys(['example_short_circuit_decorator']) retrieved from /home/airflow/.local/lib/python3.7/site-packages/airflow/example_dags/example_short_circuit_decorator.py
[2022-10-19T15:42:32.038+0000] {logging_mixin.py:117} INFO - [2022-10-19T15:42:32.038+0000] {dag.py:2573} INFO - Sync 1 DAGs
[2022-10-19T15:42:32.058+0000] {logging_mixin.py:117} INFO - [2022-10-19T15:42:32.058+0000] {dag.py:3328} INFO - Setting next_dagrun for example_short_circuit_decorator to 2022-10-18T15:42:32.058163+00:00, run_after=2022-10-19T15:42:32.058163+00:00
[2022-10-19T15:42:32.085+0000] {processor.py:178} INFO - Processing /home/airflow/.local/lib/python3.7/site-packages/airflow/example_dags/example_short_circuit_decorator.py took 0.119 seconds
[2022-10-19T15:43:02.750+0000] {processor.py:156} INFO - Started process (PID=929) to work on /home/airflow/.local/lib/python3.7/site-packages/airflow/example_dags/example_short_circuit_decorator.py
[2022-10-19T15:43:02.752+0000] {processor.py:758} INFO - Processing file /home/airflow/.local/lib/python3.7/site-packages/airflow/example_dags/example_short_circuit_decorator.py for tasks to queue
[2022-10-19T15:43:02.753+0000] {logging_mixin.py:117} INFO - [2022-10-19T15:43:02.753+0000] {dagbag.py:525} INFO - Filling up the DagBag from /home/airflow/.local/lib/python3.7/site-packages/airflow/example_dags/example_short_circuit_decorator.py
[2022-10-19T15:43:02.772+0000] {processor.py:768} INFO - DAG(s) dict_keys(['example_short_circuit_decorator']) retrieved from /home/airflow/.local/lib/python3.7/site-packages/airflow/example_dags/example_short_circuit_decorator.py
[2022-10-19T15:43:02.809+0000] {logging_mixin.py:117} INFO - [2022-10-19T15:43:02.809+0000] {dag.py:2573} INFO - Sync 1 DAGs
[2022-10-19T15:43:02.828+0000] {logging_mixin.py:117} INFO - [2022-10-19T15:43:02.828+0000] {dag.py:3328} INFO - Setting next_dagrun for example_short_circuit_decorator to 2022-10-18T15:43:02.828392+00:00, run_after=2022-10-19T15:43:02.828392+00:00
[2022-10-19T15:43:02.848+0000] {processor.py:178} INFO - Processing /home/airflow/.local/lib/python3.7/site-packages/airflow/example_dags/example_short_circuit_decorator.py took 0.101 seconds
[2022-10-19T15:43:38.255+0000] {processor.py:156} INFO - Started process (PID=994) to work on /home/airflow/.local/lib/python3.7/site-packages/airflow/example_dags/example_short_circuit_decorator.py
[2022-10-19T15:43:38.259+0000] {processor.py:758} INFO - Processing file /home/airflow/.local/lib/python3.7/site-packages/airflow/example_dags/example_short_circuit_decorator.py for tasks to queue
[2022-10-19T15:43:38.264+0000] {logging_mixin.py:117} INFO - [2022-10-19T15:43:38.264+0000] {dagbag.py:525} INFO - Filling up the DagBag from /home/airflow/.local/lib/python3.7/site-packages/airflow/example_dags/example_short_circuit_decorator.py
[2022-10-19T15:43:38.287+0000] {processor.py:768} INFO - DAG(s) dict_keys(['example_short_circuit_decorator']) retrieved from /home/airflow/.local/lib/python3.7/site-packages/airflow/example_dags/example_short_circuit_decorator.py
[2022-10-19T15:43:38.321+0000] {logging_mixin.py:117} INFO - [2022-10-19T15:43:38.321+0000] {dag.py:2573} INFO - Sync 1 DAGs
[2022-10-19T15:43:38.341+0000] {logging_mixin.py:117} INFO - [2022-10-19T15:43:38.341+0000] {dag.py:3328} INFO - Setting next_dagrun for example_short_circuit_decorator to 2022-10-18T15:43:38.341489+00:00, run_after=2022-10-19T15:43:38.341489+00:00
[2022-10-19T15:43:38.355+0000] {processor.py:178} INFO - Processing /home/airflow/.local/lib/python3.7/site-packages/airflow/example_dags/example_short_circuit_decorator.py took 0.104 seconds
[2022-10-19T15:44:56.073+0000] {processor.py:156} INFO - Started process (PID=1061) to work on /home/airflow/.local/lib/python3.7/site-packages/airflow/example_dags/example_short_circuit_decorator.py
[2022-10-19T15:44:56.086+0000] {processor.py:758} INFO - Processing file /home/airflow/.local/lib/python3.7/site-packages/airflow/example_dags/example_short_circuit_decorator.py for tasks to queue
[2022-10-19T15:44:56.099+0000] {logging_mixin.py:117} INFO - [2022-10-19T15:44:56.098+0000] {dagbag.py:525} INFO - Filling up the DagBag from /home/airflow/.local/lib/python3.7/site-packages/airflow/example_dags/example_short_circuit_decorator.py
[2022-10-19T15:44:56.225+0000] {processor.py:768} INFO - DAG(s) dict_keys(['example_short_circuit_decorator']) retrieved from /home/airflow/.local/lib/python3.7/site-packages/airflow/example_dags/example_short_circuit_decorator.py
[2022-10-19T15:44:56.393+0000] {logging_mixin.py:117} INFO - [2022-10-19T15:44:56.393+0000] {dag.py:2573} INFO - Sync 1 DAGs
[2022-10-19T15:44:56.435+0000] {logging_mixin.py:117} INFO - [2022-10-19T15:44:56.435+0000] {dag.py:3328} INFO - Setting next_dagrun for example_short_circuit_decorator to 2022-10-18T15:44:56.434783+00:00, run_after=2022-10-19T15:44:56.434783+00:00
[2022-10-19T15:44:56.470+0000] {processor.py:178} INFO - Processing /home/airflow/.local/lib/python3.7/site-packages/airflow/example_dags/example_short_circuit_decorator.py took 0.405 seconds
[2022-10-19T15:45:27.406+0000] {processor.py:156} INFO - Started process (PID=1117) to work on /home/airflow/.local/lib/python3.7/site-packages/airflow/example_dags/example_short_circuit_decorator.py
[2022-10-19T15:45:27.414+0000] {processor.py:758} INFO - Processing file /home/airflow/.local/lib/python3.7/site-packages/airflow/example_dags/example_short_circuit_decorator.py for tasks to queue
[2022-10-19T15:45:27.417+0000] {logging_mixin.py:117} INFO - [2022-10-19T15:45:27.417+0000] {dagbag.py:525} INFO - Filling up the DagBag from /home/airflow/.local/lib/python3.7/site-packages/airflow/example_dags/example_short_circuit_decorator.py
[2022-10-19T15:45:27.502+0000] {processor.py:768} INFO - DAG(s) dict_keys(['example_short_circuit_decorator']) retrieved from /home/airflow/.local/lib/python3.7/site-packages/airflow/example_dags/example_short_circuit_decorator.py
[2022-10-19T15:45:27.712+0000] {logging_mixin.py:117} INFO - [2022-10-19T15:45:27.712+0000] {dag.py:2573} INFO - Sync 1 DAGs
[2022-10-19T15:45:27.788+0000] {logging_mixin.py:117} INFO - [2022-10-19T15:45:27.788+0000] {dag.py:3328} INFO - Setting next_dagrun for example_short_circuit_decorator to 2022-10-18T15:45:27.777972+00:00, run_after=2022-10-19T15:45:27.777972+00:00
[2022-10-19T15:45:27.837+0000] {processor.py:178} INFO - Processing /home/airflow/.local/lib/python3.7/site-packages/airflow/example_dags/example_short_circuit_decorator.py took 0.440 seconds
[2022-10-19T15:46:48.216+0000] {processor.py:156} INFO - Started process (PID=1194) to work on /home/airflow/.local/lib/python3.7/site-packages/airflow/example_dags/example_short_circuit_decorator.py
[2022-10-19T15:46:48.220+0000] {processor.py:758} INFO - Processing file /home/airflow/.local/lib/python3.7/site-packages/airflow/example_dags/example_short_circuit_decorator.py for tasks to queue
[2022-10-19T15:46:48.221+0000] {logging_mixin.py:117} INFO - [2022-10-19T15:46:48.221+0000] {dagbag.py:525} INFO - Filling up the DagBag from /home/airflow/.local/lib/python3.7/site-packages/airflow/example_dags/example_short_circuit_decorator.py
[2022-10-19T15:46:48.251+0000] {processor.py:768} INFO - DAG(s) dict_keys(['example_short_circuit_decorator']) retrieved from /home/airflow/.local/lib/python3.7/site-packages/airflow/example_dags/example_short_circuit_decorator.py
[2022-10-19T15:46:48.337+0000] {logging_mixin.py:117} INFO - [2022-10-19T15:46:48.337+0000] {dag.py:2573} INFO - Sync 1 DAGs
[2022-10-19T15:46:48.370+0000] {logging_mixin.py:117} INFO - [2022-10-19T15:46:48.370+0000] {dag.py:3328} INFO - Setting next_dagrun for example_short_circuit_decorator to 2022-10-18T15:46:48.370487+00:00, run_after=2022-10-19T15:46:48.370487+00:00
[2022-10-19T15:46:48.395+0000] {processor.py:178} INFO - Processing /home/airflow/.local/lib/python3.7/site-packages/airflow/example_dags/example_short_circuit_decorator.py took 0.182 seconds
[2022-10-19T15:47:19.472+0000] {processor.py:156} INFO - Started process (PID=1250) to work on /home/airflow/.local/lib/python3.7/site-packages/airflow/example_dags/example_short_circuit_decorator.py
[2022-10-19T15:47:19.482+0000] {processor.py:758} INFO - Processing file /home/airflow/.local/lib/python3.7/site-packages/airflow/example_dags/example_short_circuit_decorator.py for tasks to queue
[2022-10-19T15:47:19.494+0000] {logging_mixin.py:117} INFO - [2022-10-19T15:47:19.493+0000] {dagbag.py:525} INFO - Filling up the DagBag from /home/airflow/.local/lib/python3.7/site-packages/airflow/example_dags/example_short_circuit_decorator.py
[2022-10-19T15:47:19.587+0000] {processor.py:768} INFO - DAG(s) dict_keys(['example_short_circuit_decorator']) retrieved from /home/airflow/.local/lib/python3.7/site-packages/airflow/example_dags/example_short_circuit_decorator.py
[2022-10-19T15:47:19.777+0000] {logging_mixin.py:117} INFO - [2022-10-19T15:47:19.777+0000] {dag.py:2573} INFO - Sync 1 DAGs
[2022-10-19T15:47:19.940+0000] {logging_mixin.py:117} INFO - [2022-10-19T15:47:19.940+0000] {dag.py:3328} INFO - Setting next_dagrun for example_short_circuit_decorator to 2022-10-18T15:47:19.939919+00:00, run_after=2022-10-19T15:47:19.939919+00:00
[2022-10-19T15:47:19.978+0000] {processor.py:178} INFO - Processing /home/airflow/.local/lib/python3.7/site-packages/airflow/example_dags/example_short_circuit_decorator.py took 0.517 seconds
[2022-10-19T15:47:58.427+0000] {processor.py:156} INFO - Started process (PID=1317) to work on /home/airflow/.local/lib/python3.7/site-packages/airflow/example_dags/example_short_circuit_decorator.py
[2022-10-19T15:47:58.429+0000] {processor.py:758} INFO - Processing file /home/airflow/.local/lib/python3.7/site-packages/airflow/example_dags/example_short_circuit_decorator.py for tasks to queue
[2022-10-19T15:47:58.430+0000] {logging_mixin.py:117} INFO - [2022-10-19T15:47:58.430+0000] {dagbag.py:525} INFO - Filling up the DagBag from /home/airflow/.local/lib/python3.7/site-packages/airflow/example_dags/example_short_circuit_decorator.py
[2022-10-19T15:47:58.459+0000] {processor.py:768} INFO - DAG(s) dict_keys(['example_short_circuit_decorator']) retrieved from /home/airflow/.local/lib/python3.7/site-packages/airflow/example_dags/example_short_circuit_decorator.py
[2022-10-19T15:47:58.515+0000] {logging_mixin.py:117} INFO - [2022-10-19T15:47:58.514+0000] {dag.py:2573} INFO - Sync 1 DAGs
[2022-10-19T15:47:58.539+0000] {logging_mixin.py:117} INFO - [2022-10-19T15:47:58.539+0000] {dag.py:3328} INFO - Setting next_dagrun for example_short_circuit_decorator to 2022-10-18T15:47:58.539016+00:00, run_after=2022-10-19T15:47:58.539016+00:00
[2022-10-19T15:47:58.559+0000] {processor.py:178} INFO - Processing /home/airflow/.local/lib/python3.7/site-packages/airflow/example_dags/example_short_circuit_decorator.py took 0.136 seconds
[2022-10-19T15:48:59.178+0000] {processor.py:156} INFO - Started process (PID=1390) to work on /home/airflow/.local/lib/python3.7/site-packages/airflow/example_dags/example_short_circuit_decorator.py
[2022-10-19T15:49:01.914+0000] {processor.py:758} INFO - Processing file /home/airflow/.local/lib/python3.7/site-packages/airflow/example_dags/example_short_circuit_decorator.py for tasks to queue
[2022-10-19T15:49:02.151+0000] {logging_mixin.py:117} INFO - [2022-10-19T15:49:02.149+0000] {dagbag.py:525} INFO - Filling up the DagBag from /home/airflow/.local/lib/python3.7/site-packages/airflow/example_dags/example_short_circuit_decorator.py
[2022-10-19T15:49:02.968+0000] {processor.py:768} INFO - DAG(s) dict_keys(['example_short_circuit_decorator']) retrieved from /home/airflow/.local/lib/python3.7/site-packages/airflow/example_dags/example_short_circuit_decorator.py
[2022-10-19T15:49:07.485+0000] {logging_mixin.py:117} INFO - [2022-10-19T15:49:07.484+0000] {dag.py:2573} INFO - Sync 1 DAGs
[2022-10-19T15:49:15.737+0000] {logging_mixin.py:117} INFO - [2022-10-19T15:49:15.714+0000] {dag.py:3328} INFO - Setting next_dagrun for example_short_circuit_decorator to 2022-10-18T15:49:15.626789+00:00, run_after=2022-10-19T15:49:15.626789+00:00
[2022-10-19T15:49:21.531+0000] {processor.py:178} INFO - Processing /home/airflow/.local/lib/python3.7/site-packages/airflow/example_dags/example_short_circuit_decorator.py took 23.693 seconds
[2022-10-19T15:51:33.280+0000] {processor.py:156} INFO - Started process (PID=1493) to work on /home/airflow/.local/lib/python3.7/site-packages/airflow/example_dags/example_short_circuit_decorator.py
[2022-10-19T15:51:33.283+0000] {processor.py:758} INFO - Processing file /home/airflow/.local/lib/python3.7/site-packages/airflow/example_dags/example_short_circuit_decorator.py for tasks to queue
[2022-10-19T15:51:33.286+0000] {logging_mixin.py:117} INFO - [2022-10-19T15:51:33.286+0000] {dagbag.py:525} INFO - Filling up the DagBag from /home/airflow/.local/lib/python3.7/site-packages/airflow/example_dags/example_short_circuit_decorator.py
[2022-10-19T15:51:33.307+0000] {processor.py:768} INFO - DAG(s) dict_keys(['example_short_circuit_decorator']) retrieved from /home/airflow/.local/lib/python3.7/site-packages/airflow/example_dags/example_short_circuit_decorator.py
[2022-10-19T15:51:33.341+0000] {logging_mixin.py:117} INFO - [2022-10-19T15:51:33.340+0000] {dag.py:2573} INFO - Sync 1 DAGs
[2022-10-19T15:51:33.366+0000] {logging_mixin.py:117} INFO - [2022-10-19T15:51:33.366+0000] {dag.py:3328} INFO - Setting next_dagrun for example_short_circuit_decorator to 2022-10-18T15:51:33.366307+00:00, run_after=2022-10-19T15:51:33.366307+00:00
[2022-10-19T15:51:33.383+0000] {processor.py:178} INFO - Processing /home/airflow/.local/lib/python3.7/site-packages/airflow/example_dags/example_short_circuit_decorator.py took 0.106 seconds
[2022-10-19T15:59:17.875+0000] {processor.py:156} INFO - Started process (PID=140) to work on /home/airflow/.local/lib/python3.7/site-packages/airflow/example_dags/example_short_circuit_decorator.py
[2022-10-19T15:59:17.877+0000] {processor.py:758} INFO - Processing file /home/airflow/.local/lib/python3.7/site-packages/airflow/example_dags/example_short_circuit_decorator.py for tasks to queue
[2022-10-19T15:59:17.880+0000] {logging_mixin.py:117} INFO - [2022-10-19T15:59:17.880+0000] {dagbag.py:525} INFO - Filling up the DagBag from /home/airflow/.local/lib/python3.7/site-packages/airflow/example_dags/example_short_circuit_decorator.py
[2022-10-19T15:59:17.898+0000] {processor.py:768} INFO - DAG(s) dict_keys(['example_short_circuit_decorator']) retrieved from /home/airflow/.local/lib/python3.7/site-packages/airflow/example_dags/example_short_circuit_decorator.py
[2022-10-19T15:59:17.932+0000] {logging_mixin.py:117} INFO - [2022-10-19T15:59:17.932+0000] {dag.py:2573} INFO - Sync 1 DAGs
[2022-10-19T15:59:17.949+0000] {logging_mixin.py:117} INFO - [2022-10-19T15:59:17.949+0000] {dag.py:3328} INFO - Setting next_dagrun for example_short_circuit_decorator to 2022-10-18T15:59:17.949025+00:00, run_after=2022-10-19T15:59:17.949025+00:00
[2022-10-19T15:59:17.963+0000] {processor.py:178} INFO - Processing /home/airflow/.local/lib/python3.7/site-packages/airflow/example_dags/example_short_circuit_decorator.py took 0.091 seconds
[2022-10-19T15:59:49.496+0000] {processor.py:156} INFO - Started process (PID=205) to work on /home/airflow/.local/lib/python3.7/site-packages/airflow/example_dags/example_short_circuit_decorator.py
[2022-10-19T15:59:49.498+0000] {processor.py:758} INFO - Processing file /home/airflow/.local/lib/python3.7/site-packages/airflow/example_dags/example_short_circuit_decorator.py for tasks to queue
[2022-10-19T15:59:49.499+0000] {logging_mixin.py:117} INFO - [2022-10-19T15:59:49.499+0000] {dagbag.py:525} INFO - Filling up the DagBag from /home/airflow/.local/lib/python3.7/site-packages/airflow/example_dags/example_short_circuit_decorator.py
[2022-10-19T15:59:49.516+0000] {processor.py:768} INFO - DAG(s) dict_keys(['example_short_circuit_decorator']) retrieved from /home/airflow/.local/lib/python3.7/site-packages/airflow/example_dags/example_short_circuit_decorator.py
[2022-10-19T15:59:49.552+0000] {logging_mixin.py:117} INFO - [2022-10-19T15:59:49.552+0000] {dag.py:2573} INFO - Sync 1 DAGs
[2022-10-19T15:59:49.576+0000] {logging_mixin.py:117} INFO - [2022-10-19T15:59:49.576+0000] {dag.py:3328} INFO - Setting next_dagrun for example_short_circuit_decorator to 2022-10-18T15:59:49.576556+00:00, run_after=2022-10-19T15:59:49.576556+00:00
[2022-10-19T15:59:49.591+0000] {processor.py:178} INFO - Processing /home/airflow/.local/lib/python3.7/site-packages/airflow/example_dags/example_short_circuit_decorator.py took 0.097 seconds
[2022-10-19T16:00:24.555+0000] {processor.py:156} INFO - Started process (PID=270) to work on /home/airflow/.local/lib/python3.7/site-packages/airflow/example_dags/example_short_circuit_decorator.py
[2022-10-19T16:00:24.559+0000] {processor.py:758} INFO - Processing file /home/airflow/.local/lib/python3.7/site-packages/airflow/example_dags/example_short_circuit_decorator.py for tasks to queue
[2022-10-19T16:00:24.565+0000] {logging_mixin.py:117} INFO - [2022-10-19T16:00:24.564+0000] {dagbag.py:525} INFO - Filling up the DagBag from /home/airflow/.local/lib/python3.7/site-packages/airflow/example_dags/example_short_circuit_decorator.py
[2022-10-19T16:00:24.588+0000] {processor.py:768} INFO - DAG(s) dict_keys(['example_short_circuit_decorator']) retrieved from /home/airflow/.local/lib/python3.7/site-packages/airflow/example_dags/example_short_circuit_decorator.py
[2022-10-19T16:00:24.625+0000] {logging_mixin.py:117} INFO - [2022-10-19T16:00:24.625+0000] {dag.py:2573} INFO - Sync 1 DAGs
[2022-10-19T16:00:24.658+0000] {logging_mixin.py:117} INFO - [2022-10-19T16:00:24.657+0000] {dag.py:3328} INFO - Setting next_dagrun for example_short_circuit_decorator to 2022-10-18T16:00:24.657385+00:00, run_after=2022-10-19T16:00:24.657385+00:00
[2022-10-19T16:00:24.680+0000] {processor.py:178} INFO - Processing /home/airflow/.local/lib/python3.7/site-packages/airflow/example_dags/example_short_circuit_decorator.py took 0.128 seconds
[2022-10-19T16:00:54.791+0000] {processor.py:156} INFO - Started process (PID=326) to work on /home/airflow/.local/lib/python3.7/site-packages/airflow/example_dags/example_short_circuit_decorator.py
[2022-10-19T16:00:54.793+0000] {processor.py:758} INFO - Processing file /home/airflow/.local/lib/python3.7/site-packages/airflow/example_dags/example_short_circuit_decorator.py for tasks to queue
[2022-10-19T16:00:54.794+0000] {logging_mixin.py:117} INFO - [2022-10-19T16:00:54.794+0000] {dagbag.py:525} INFO - Filling up the DagBag from /home/airflow/.local/lib/python3.7/site-packages/airflow/example_dags/example_short_circuit_decorator.py
[2022-10-19T16:00:54.807+0000] {processor.py:768} INFO - DAG(s) dict_keys(['example_short_circuit_decorator']) retrieved from /home/airflow/.local/lib/python3.7/site-packages/airflow/example_dags/example_short_circuit_decorator.py
[2022-10-19T16:00:54.832+0000] {logging_mixin.py:117} INFO - [2022-10-19T16:00:54.832+0000] {dag.py:2573} INFO - Sync 1 DAGs
[2022-10-19T16:00:54.846+0000] {logging_mixin.py:117} INFO - [2022-10-19T16:00:54.846+0000] {dag.py:3328} INFO - Setting next_dagrun for example_short_circuit_decorator to 2022-10-18T16:00:54.845981+00:00, run_after=2022-10-19T16:00:54.845981+00:00
[2022-10-19T16:00:54.856+0000] {processor.py:178} INFO - Processing /home/airflow/.local/lib/python3.7/site-packages/airflow/example_dags/example_short_circuit_decorator.py took 0.067 seconds
[2022-10-19T16:01:25.831+0000] {processor.py:156} INFO - Started process (PID=391) to work on /home/airflow/.local/lib/python3.7/site-packages/airflow/example_dags/example_short_circuit_decorator.py
[2022-10-19T16:01:25.833+0000] {processor.py:758} INFO - Processing file /home/airflow/.local/lib/python3.7/site-packages/airflow/example_dags/example_short_circuit_decorator.py for tasks to queue
[2022-10-19T16:01:25.834+0000] {logging_mixin.py:117} INFO - [2022-10-19T16:01:25.834+0000] {dagbag.py:525} INFO - Filling up the DagBag from /home/airflow/.local/lib/python3.7/site-packages/airflow/example_dags/example_short_circuit_decorator.py
[2022-10-19T16:01:25.858+0000] {processor.py:768} INFO - DAG(s) dict_keys(['example_short_circuit_decorator']) retrieved from /home/airflow/.local/lib/python3.7/site-packages/airflow/example_dags/example_short_circuit_decorator.py
[2022-10-19T16:01:25.892+0000] {logging_mixin.py:117} INFO - [2022-10-19T16:01:25.892+0000] {dag.py:2573} INFO - Sync 1 DAGs
[2022-10-19T16:01:25.915+0000] {logging_mixin.py:117} INFO - [2022-10-19T16:01:25.915+0000] {dag.py:3328} INFO - Setting next_dagrun for example_short_circuit_decorator to 2022-10-18T16:01:25.915608+00:00, run_after=2022-10-19T16:01:25.915608+00:00
[2022-10-19T16:01:25.931+0000] {processor.py:178} INFO - Processing /home/airflow/.local/lib/python3.7/site-packages/airflow/example_dags/example_short_circuit_decorator.py took 0.103 seconds
[2022-10-19T16:01:56.292+0000] {processor.py:156} INFO - Started process (PID=457) to work on /home/airflow/.local/lib/python3.7/site-packages/airflow/example_dags/example_short_circuit_decorator.py
[2022-10-19T16:01:56.294+0000] {processor.py:758} INFO - Processing file /home/airflow/.local/lib/python3.7/site-packages/airflow/example_dags/example_short_circuit_decorator.py for tasks to queue
[2022-10-19T16:01:56.298+0000] {logging_mixin.py:117} INFO - [2022-10-19T16:01:56.298+0000] {dagbag.py:525} INFO - Filling up the DagBag from /home/airflow/.local/lib/python3.7/site-packages/airflow/example_dags/example_short_circuit_decorator.py
[2022-10-19T16:01:56.324+0000] {processor.py:768} INFO - DAG(s) dict_keys(['example_short_circuit_decorator']) retrieved from /home/airflow/.local/lib/python3.7/site-packages/airflow/example_dags/example_short_circuit_decorator.py
[2022-10-19T16:01:56.364+0000] {logging_mixin.py:117} INFO - [2022-10-19T16:01:56.364+0000] {dag.py:2573} INFO - Sync 1 DAGs
[2022-10-19T16:01:56.399+0000] {logging_mixin.py:117} INFO - [2022-10-19T16:01:56.399+0000] {dag.py:3328} INFO - Setting next_dagrun for example_short_circuit_decorator to 2022-10-18T16:01:56.398942+00:00, run_after=2022-10-19T16:01:56.398942+00:00
[2022-10-19T16:01:56.414+0000] {processor.py:178} INFO - Processing /home/airflow/.local/lib/python3.7/site-packages/airflow/example_dags/example_short_circuit_decorator.py took 0.127 seconds
[2022-10-19T16:02:26.537+0000] {processor.py:156} INFO - Started process (PID=522) to work on /home/airflow/.local/lib/python3.7/site-packages/airflow/example_dags/example_short_circuit_decorator.py
[2022-10-19T16:02:26.539+0000] {processor.py:758} INFO - Processing file /home/airflow/.local/lib/python3.7/site-packages/airflow/example_dags/example_short_circuit_decorator.py for tasks to queue
[2022-10-19T16:02:26.540+0000] {logging_mixin.py:117} INFO - [2022-10-19T16:02:26.540+0000] {dagbag.py:525} INFO - Filling up the DagBag from /home/airflow/.local/lib/python3.7/site-packages/airflow/example_dags/example_short_circuit_decorator.py
[2022-10-19T16:02:26.556+0000] {processor.py:768} INFO - DAG(s) dict_keys(['example_short_circuit_decorator']) retrieved from /home/airflow/.local/lib/python3.7/site-packages/airflow/example_dags/example_short_circuit_decorator.py
[2022-10-19T16:02:26.583+0000] {logging_mixin.py:117} INFO - [2022-10-19T16:02:26.583+0000] {dag.py:2573} INFO - Sync 1 DAGs
[2022-10-19T16:02:26.602+0000] {logging_mixin.py:117} INFO - [2022-10-19T16:02:26.602+0000] {dag.py:3328} INFO - Setting next_dagrun for example_short_circuit_decorator to 2022-10-18T16:02:26.602055+00:00, run_after=2022-10-19T16:02:26.602055+00:00
[2022-10-19T16:02:26.615+0000] {processor.py:178} INFO - Processing /home/airflow/.local/lib/python3.7/site-packages/airflow/example_dags/example_short_circuit_decorator.py took 0.080 seconds
[2022-10-19T16:02:56.641+0000] {processor.py:156} INFO - Started process (PID=578) to work on /home/airflow/.local/lib/python3.7/site-packages/airflow/example_dags/example_short_circuit_decorator.py
[2022-10-19T16:02:56.643+0000] {processor.py:758} INFO - Processing file /home/airflow/.local/lib/python3.7/site-packages/airflow/example_dags/example_short_circuit_decorator.py for tasks to queue
[2022-10-19T16:02:56.644+0000] {logging_mixin.py:117} INFO - [2022-10-19T16:02:56.644+0000] {dagbag.py:525} INFO - Filling up the DagBag from /home/airflow/.local/lib/python3.7/site-packages/airflow/example_dags/example_short_circuit_decorator.py
[2022-10-19T16:02:56.659+0000] {processor.py:768} INFO - DAG(s) dict_keys(['example_short_circuit_decorator']) retrieved from /home/airflow/.local/lib/python3.7/site-packages/airflow/example_dags/example_short_circuit_decorator.py
[2022-10-19T16:02:56.685+0000] {logging_mixin.py:117} INFO - [2022-10-19T16:02:56.684+0000] {dag.py:2573} INFO - Sync 1 DAGs
[2022-10-19T16:02:56.699+0000] {logging_mixin.py:117} INFO - [2022-10-19T16:02:56.699+0000] {dag.py:3328} INFO - Setting next_dagrun for example_short_circuit_decorator to 2022-10-18T16:02:56.699220+00:00, run_after=2022-10-19T16:02:56.699220+00:00
[2022-10-19T16:02:56.712+0000] {processor.py:178} INFO - Processing /home/airflow/.local/lib/python3.7/site-packages/airflow/example_dags/example_short_circuit_decorator.py took 0.073 seconds
[2022-10-19T16:03:27.496+0000] {processor.py:156} INFO - Started process (PID=643) to work on /home/airflow/.local/lib/python3.7/site-packages/airflow/example_dags/example_short_circuit_decorator.py
[2022-10-19T16:03:27.498+0000] {processor.py:758} INFO - Processing file /home/airflow/.local/lib/python3.7/site-packages/airflow/example_dags/example_short_circuit_decorator.py for tasks to queue
[2022-10-19T16:03:27.499+0000] {logging_mixin.py:117} INFO - [2022-10-19T16:03:27.499+0000] {dagbag.py:525} INFO - Filling up the DagBag from /home/airflow/.local/lib/python3.7/site-packages/airflow/example_dags/example_short_circuit_decorator.py
[2022-10-19T16:03:27.520+0000] {processor.py:768} INFO - DAG(s) dict_keys(['example_short_circuit_decorator']) retrieved from /home/airflow/.local/lib/python3.7/site-packages/airflow/example_dags/example_short_circuit_decorator.py
[2022-10-19T16:03:27.555+0000] {logging_mixin.py:117} INFO - [2022-10-19T16:03:27.555+0000] {dag.py:2573} INFO - Sync 1 DAGs
[2022-10-19T16:03:27.572+0000] {logging_mixin.py:117} INFO - [2022-10-19T16:03:27.571+0000] {dag.py:3328} INFO - Setting next_dagrun for example_short_circuit_decorator to 2022-10-18T16:03:27.571830+00:00, run_after=2022-10-19T16:03:27.571830+00:00
[2022-10-19T16:03:27.587+0000] {processor.py:178} INFO - Processing /home/airflow/.local/lib/python3.7/site-packages/airflow/example_dags/example_short_circuit_decorator.py took 0.093 seconds
[2022-10-19T16:03:57.704+0000] {processor.py:156} INFO - Started process (PID=708) to work on /home/airflow/.local/lib/python3.7/site-packages/airflow/example_dags/example_short_circuit_decorator.py
[2022-10-19T16:03:57.706+0000] {processor.py:758} INFO - Processing file /home/airflow/.local/lib/python3.7/site-packages/airflow/example_dags/example_short_circuit_decorator.py for tasks to queue
[2022-10-19T16:03:57.706+0000] {logging_mixin.py:117} INFO - [2022-10-19T16:03:57.706+0000] {dagbag.py:525} INFO - Filling up the DagBag from /home/airflow/.local/lib/python3.7/site-packages/airflow/example_dags/example_short_circuit_decorator.py
[2022-10-19T16:03:57.724+0000] {processor.py:768} INFO - DAG(s) dict_keys(['example_short_circuit_decorator']) retrieved from /home/airflow/.local/lib/python3.7/site-packages/airflow/example_dags/example_short_circuit_decorator.py
[2022-10-19T16:03:57.751+0000] {logging_mixin.py:117} INFO - [2022-10-19T16:03:57.751+0000] {dag.py:2573} INFO - Sync 1 DAGs
[2022-10-19T16:03:57.769+0000] {logging_mixin.py:117} INFO - [2022-10-19T16:03:57.768+0000] {dag.py:3328} INFO - Setting next_dagrun for example_short_circuit_decorator to 2022-10-18T16:03:57.768737+00:00, run_after=2022-10-19T16:03:57.768737+00:00
[2022-10-19T16:03:57.782+0000] {processor.py:178} INFO - Processing /home/airflow/.local/lib/python3.7/site-packages/airflow/example_dags/example_short_circuit_decorator.py took 0.081 seconds
[2022-10-19T16:04:28.810+0000] {processor.py:156} INFO - Started process (PID=773) to work on /home/airflow/.local/lib/python3.7/site-packages/airflow/example_dags/example_short_circuit_decorator.py
[2022-10-19T16:04:28.814+0000] {processor.py:758} INFO - Processing file /home/airflow/.local/lib/python3.7/site-packages/airflow/example_dags/example_short_circuit_decorator.py for tasks to queue
[2022-10-19T16:04:28.817+0000] {logging_mixin.py:117} INFO - [2022-10-19T16:04:28.817+0000] {dagbag.py:525} INFO - Filling up the DagBag from /home/airflow/.local/lib/python3.7/site-packages/airflow/example_dags/example_short_circuit_decorator.py
[2022-10-19T16:04:28.863+0000] {processor.py:768} INFO - DAG(s) dict_keys(['example_short_circuit_decorator']) retrieved from /home/airflow/.local/lib/python3.7/site-packages/airflow/example_dags/example_short_circuit_decorator.py
[2022-10-19T16:04:28.925+0000] {logging_mixin.py:117} INFO - [2022-10-19T16:04:28.925+0000] {dag.py:2573} INFO - Sync 1 DAGs
[2022-10-19T16:04:28.950+0000] {logging_mixin.py:117} INFO - [2022-10-19T16:04:28.949+0000] {dag.py:3328} INFO - Setting next_dagrun for example_short_circuit_decorator to 2022-10-18T16:04:28.949810+00:00, run_after=2022-10-19T16:04:28.949810+00:00
[2022-10-19T16:04:28.967+0000] {processor.py:178} INFO - Processing /home/airflow/.local/lib/python3.7/site-packages/airflow/example_dags/example_short_circuit_decorator.py took 0.169 seconds
[2022-10-19T16:04:59.299+0000] {processor.py:156} INFO - Started process (PID=829) to work on /home/airflow/.local/lib/python3.7/site-packages/airflow/example_dags/example_short_circuit_decorator.py
[2022-10-19T16:04:59.301+0000] {processor.py:758} INFO - Processing file /home/airflow/.local/lib/python3.7/site-packages/airflow/example_dags/example_short_circuit_decorator.py for tasks to queue
[2022-10-19T16:04:59.301+0000] {logging_mixin.py:117} INFO - [2022-10-19T16:04:59.301+0000] {dagbag.py:525} INFO - Filling up the DagBag from /home/airflow/.local/lib/python3.7/site-packages/airflow/example_dags/example_short_circuit_decorator.py
[2022-10-19T16:04:59.315+0000] {processor.py:768} INFO - DAG(s) dict_keys(['example_short_circuit_decorator']) retrieved from /home/airflow/.local/lib/python3.7/site-packages/airflow/example_dags/example_short_circuit_decorator.py
[2022-10-19T16:04:59.340+0000] {logging_mixin.py:117} INFO - [2022-10-19T16:04:59.340+0000] {dag.py:2573} INFO - Sync 1 DAGs
[2022-10-19T16:04:59.354+0000] {logging_mixin.py:117} INFO - [2022-10-19T16:04:59.354+0000] {dag.py:3328} INFO - Setting next_dagrun for example_short_circuit_decorator to 2022-10-18T16:04:59.354055+00:00, run_after=2022-10-19T16:04:59.354055+00:00
[2022-10-19T16:04:59.364+0000] {processor.py:178} INFO - Processing /home/airflow/.local/lib/python3.7/site-packages/airflow/example_dags/example_short_circuit_decorator.py took 0.067 seconds
[2022-10-19T16:05:30.585+0000] {processor.py:156} INFO - Started process (PID=895) to work on /home/airflow/.local/lib/python3.7/site-packages/airflow/example_dags/example_short_circuit_decorator.py
[2022-10-19T16:05:30.588+0000] {processor.py:758} INFO - Processing file /home/airflow/.local/lib/python3.7/site-packages/airflow/example_dags/example_short_circuit_decorator.py for tasks to queue
[2022-10-19T16:05:30.589+0000] {logging_mixin.py:117} INFO - [2022-10-19T16:05:30.589+0000] {dagbag.py:525} INFO - Filling up the DagBag from /home/airflow/.local/lib/python3.7/site-packages/airflow/example_dags/example_short_circuit_decorator.py
[2022-10-19T16:05:30.604+0000] {processor.py:768} INFO - DAG(s) dict_keys(['example_short_circuit_decorator']) retrieved from /home/airflow/.local/lib/python3.7/site-packages/airflow/example_dags/example_short_circuit_decorator.py
[2022-10-19T16:05:30.631+0000] {logging_mixin.py:117} INFO - [2022-10-19T16:05:30.631+0000] {dag.py:2573} INFO - Sync 1 DAGs
[2022-10-19T16:05:30.648+0000] {logging_mixin.py:117} INFO - [2022-10-19T16:05:30.648+0000] {dag.py:3328} INFO - Setting next_dagrun for example_short_circuit_decorator to 2022-10-18T16:05:30.648727+00:00, run_after=2022-10-19T16:05:30.648727+00:00
[2022-10-19T16:05:30.660+0000] {processor.py:178} INFO - Processing /home/airflow/.local/lib/python3.7/site-packages/airflow/example_dags/example_short_circuit_decorator.py took 0.077 seconds
[2022-10-19T16:06:01.300+0000] {processor.py:156} INFO - Started process (PID=959) to work on /home/airflow/.local/lib/python3.7/site-packages/airflow/example_dags/example_short_circuit_decorator.py
[2022-10-19T16:06:01.302+0000] {processor.py:758} INFO - Processing file /home/airflow/.local/lib/python3.7/site-packages/airflow/example_dags/example_short_circuit_decorator.py for tasks to queue
[2022-10-19T16:06:01.303+0000] {logging_mixin.py:117} INFO - [2022-10-19T16:06:01.303+0000] {dagbag.py:525} INFO - Filling up the DagBag from /home/airflow/.local/lib/python3.7/site-packages/airflow/example_dags/example_short_circuit_decorator.py
[2022-10-19T16:06:01.322+0000] {processor.py:768} INFO - DAG(s) dict_keys(['example_short_circuit_decorator']) retrieved from /home/airflow/.local/lib/python3.7/site-packages/airflow/example_dags/example_short_circuit_decorator.py
[2022-10-19T16:06:01.356+0000] {logging_mixin.py:117} INFO - [2022-10-19T16:06:01.356+0000] {dag.py:2573} INFO - Sync 1 DAGs
[2022-10-19T16:06:01.376+0000] {logging_mixin.py:117} INFO - [2022-10-19T16:06:01.375+0000] {dag.py:3328} INFO - Setting next_dagrun for example_short_circuit_decorator to 2022-10-18T16:06:01.375770+00:00, run_after=2022-10-19T16:06:01.375770+00:00
[2022-10-19T16:06:01.390+0000] {processor.py:178} INFO - Processing /home/airflow/.local/lib/python3.7/site-packages/airflow/example_dags/example_short_circuit_decorator.py took 0.093 seconds
[2022-10-19T16:06:31.749+0000] {processor.py:156} INFO - Started process (PID=1024) to work on /home/airflow/.local/lib/python3.7/site-packages/airflow/example_dags/example_short_circuit_decorator.py
[2022-10-19T16:06:31.751+0000] {processor.py:758} INFO - Processing file /home/airflow/.local/lib/python3.7/site-packages/airflow/example_dags/example_short_circuit_decorator.py for tasks to queue
[2022-10-19T16:06:31.752+0000] {logging_mixin.py:117} INFO - [2022-10-19T16:06:31.752+0000] {dagbag.py:525} INFO - Filling up the DagBag from /home/airflow/.local/lib/python3.7/site-packages/airflow/example_dags/example_short_circuit_decorator.py
[2022-10-19T16:06:31.776+0000] {processor.py:768} INFO - DAG(s) dict_keys(['example_short_circuit_decorator']) retrieved from /home/airflow/.local/lib/python3.7/site-packages/airflow/example_dags/example_short_circuit_decorator.py
[2022-10-19T16:06:31.824+0000] {logging_mixin.py:117} INFO - [2022-10-19T16:06:31.824+0000] {dag.py:2573} INFO - Sync 1 DAGs
[2022-10-19T16:06:31.847+0000] {logging_mixin.py:117} INFO - [2022-10-19T16:06:31.847+0000] {dag.py:3328} INFO - Setting next_dagrun for example_short_circuit_decorator to 2022-10-18T16:06:31.847182+00:00, run_after=2022-10-19T16:06:31.847182+00:00
[2022-10-19T16:06:31.862+0000] {processor.py:178} INFO - Processing /home/airflow/.local/lib/python3.7/site-packages/airflow/example_dags/example_short_circuit_decorator.py took 0.116 seconds
[2022-10-19T16:07:04.308+0000] {processor.py:156} INFO - Started process (PID=1090) to work on /home/airflow/.local/lib/python3.7/site-packages/airflow/example_dags/example_short_circuit_decorator.py
[2022-10-19T16:07:04.313+0000] {processor.py:758} INFO - Processing file /home/airflow/.local/lib/python3.7/site-packages/airflow/example_dags/example_short_circuit_decorator.py for tasks to queue
[2022-10-19T16:07:04.314+0000] {logging_mixin.py:117} INFO - [2022-10-19T16:07:04.314+0000] {dagbag.py:525} INFO - Filling up the DagBag from /home/airflow/.local/lib/python3.7/site-packages/airflow/example_dags/example_short_circuit_decorator.py
[2022-10-19T16:07:04.336+0000] {processor.py:768} INFO - DAG(s) dict_keys(['example_short_circuit_decorator']) retrieved from /home/airflow/.local/lib/python3.7/site-packages/airflow/example_dags/example_short_circuit_decorator.py
[2022-10-19T16:07:04.369+0000] {logging_mixin.py:117} INFO - [2022-10-19T16:07:04.369+0000] {dag.py:2573} INFO - Sync 1 DAGs
[2022-10-19T16:07:04.387+0000] {logging_mixin.py:117} INFO - [2022-10-19T16:07:04.386+0000] {dag.py:3328} INFO - Setting next_dagrun for example_short_circuit_decorator to 2022-10-18T16:07:04.386750+00:00, run_after=2022-10-19T16:07:04.386750+00:00
[2022-10-19T16:07:04.499+0000] {processor.py:178} INFO - Processing /home/airflow/.local/lib/python3.7/site-packages/airflow/example_dags/example_short_circuit_decorator.py took 0.193 seconds
[2022-10-19T16:07:34.617+0000] {processor.py:156} INFO - Started process (PID=1145) to work on /home/airflow/.local/lib/python3.7/site-packages/airflow/example_dags/example_short_circuit_decorator.py
[2022-10-19T16:07:34.619+0000] {processor.py:758} INFO - Processing file /home/airflow/.local/lib/python3.7/site-packages/airflow/example_dags/example_short_circuit_decorator.py for tasks to queue
[2022-10-19T16:07:34.620+0000] {logging_mixin.py:117} INFO - [2022-10-19T16:07:34.620+0000] {dagbag.py:525} INFO - Filling up the DagBag from /home/airflow/.local/lib/python3.7/site-packages/airflow/example_dags/example_short_circuit_decorator.py
[2022-10-19T16:07:34.635+0000] {processor.py:768} INFO - DAG(s) dict_keys(['example_short_circuit_decorator']) retrieved from /home/airflow/.local/lib/python3.7/site-packages/airflow/example_dags/example_short_circuit_decorator.py
[2022-10-19T16:07:34.667+0000] {logging_mixin.py:117} INFO - [2022-10-19T16:07:34.667+0000] {dag.py:2573} INFO - Sync 1 DAGs
[2022-10-19T16:07:34.683+0000] {logging_mixin.py:117} INFO - [2022-10-19T16:07:34.683+0000] {dag.py:3328} INFO - Setting next_dagrun for example_short_circuit_decorator to 2022-10-18T16:07:34.683635+00:00, run_after=2022-10-19T16:07:34.683635+00:00
[2022-10-19T16:07:34.694+0000] {processor.py:178} INFO - Processing /home/airflow/.local/lib/python3.7/site-packages/airflow/example_dags/example_short_circuit_decorator.py took 0.079 seconds
[2022-10-19T16:08:05.325+0000] {processor.py:156} INFO - Started process (PID=1210) to work on /home/airflow/.local/lib/python3.7/site-packages/airflow/example_dags/example_short_circuit_decorator.py
[2022-10-19T16:08:05.327+0000] {processor.py:758} INFO - Processing file /home/airflow/.local/lib/python3.7/site-packages/airflow/example_dags/example_short_circuit_decorator.py for tasks to queue
[2022-10-19T16:08:05.328+0000] {logging_mixin.py:117} INFO - [2022-10-19T16:08:05.328+0000] {dagbag.py:525} INFO - Filling up the DagBag from /home/airflow/.local/lib/python3.7/site-packages/airflow/example_dags/example_short_circuit_decorator.py
[2022-10-19T16:08:05.345+0000] {processor.py:768} INFO - DAG(s) dict_keys(['example_short_circuit_decorator']) retrieved from /home/airflow/.local/lib/python3.7/site-packages/airflow/example_dags/example_short_circuit_decorator.py
[2022-10-19T16:08:05.374+0000] {logging_mixin.py:117} INFO - [2022-10-19T16:08:05.374+0000] {dag.py:2573} INFO - Sync 1 DAGs
[2022-10-19T16:08:05.392+0000] {logging_mixin.py:117} INFO - [2022-10-19T16:08:05.392+0000] {dag.py:3328} INFO - Setting next_dagrun for example_short_circuit_decorator to 2022-10-18T16:08:05.391877+00:00, run_after=2022-10-19T16:08:05.391877+00:00
[2022-10-19T16:08:05.405+0000] {processor.py:178} INFO - Processing /home/airflow/.local/lib/python3.7/site-packages/airflow/example_dags/example_short_circuit_decorator.py took 0.082 seconds
[2022-10-19T16:08:35.653+0000] {processor.py:156} INFO - Started process (PID=1275) to work on /home/airflow/.local/lib/python3.7/site-packages/airflow/example_dags/example_short_circuit_decorator.py
[2022-10-19T16:08:35.655+0000] {processor.py:758} INFO - Processing file /home/airflow/.local/lib/python3.7/site-packages/airflow/example_dags/example_short_circuit_decorator.py for tasks to queue
[2022-10-19T16:08:35.657+0000] {logging_mixin.py:117} INFO - [2022-10-19T16:08:35.657+0000] {dagbag.py:525} INFO - Filling up the DagBag from /home/airflow/.local/lib/python3.7/site-packages/airflow/example_dags/example_short_circuit_decorator.py
[2022-10-19T16:08:35.672+0000] {processor.py:768} INFO - DAG(s) dict_keys(['example_short_circuit_decorator']) retrieved from /home/airflow/.local/lib/python3.7/site-packages/airflow/example_dags/example_short_circuit_decorator.py
[2022-10-19T16:08:35.702+0000] {logging_mixin.py:117} INFO - [2022-10-19T16:08:35.702+0000] {dag.py:2573} INFO - Sync 1 DAGs
[2022-10-19T16:08:35.724+0000] {logging_mixin.py:117} INFO - [2022-10-19T16:08:35.723+0000] {dag.py:3328} INFO - Setting next_dagrun for example_short_circuit_decorator to 2022-10-18T16:08:35.723816+00:00, run_after=2022-10-19T16:08:35.723816+00:00
[2022-10-19T16:08:35.743+0000] {processor.py:178} INFO - Processing /home/airflow/.local/lib/python3.7/site-packages/airflow/example_dags/example_short_circuit_decorator.py took 0.093 seconds
[2022-10-19T16:09:06.271+0000] {processor.py:156} INFO - Started process (PID=1340) to work on /home/airflow/.local/lib/python3.7/site-packages/airflow/example_dags/example_short_circuit_decorator.py
[2022-10-19T16:09:06.274+0000] {processor.py:758} INFO - Processing file /home/airflow/.local/lib/python3.7/site-packages/airflow/example_dags/example_short_circuit_decorator.py for tasks to queue
[2022-10-19T16:09:06.279+0000] {logging_mixin.py:117} INFO - [2022-10-19T16:09:06.278+0000] {dagbag.py:525} INFO - Filling up the DagBag from /home/airflow/.local/lib/python3.7/site-packages/airflow/example_dags/example_short_circuit_decorator.py
[2022-10-19T16:09:06.301+0000] {processor.py:768} INFO - DAG(s) dict_keys(['example_short_circuit_decorator']) retrieved from /home/airflow/.local/lib/python3.7/site-packages/airflow/example_dags/example_short_circuit_decorator.py
[2022-10-19T16:09:06.335+0000] {logging_mixin.py:117} INFO - [2022-10-19T16:09:06.335+0000] {dag.py:2573} INFO - Sync 1 DAGs
[2022-10-19T16:09:06.353+0000] {logging_mixin.py:117} INFO - [2022-10-19T16:09:06.353+0000] {dag.py:3328} INFO - Setting next_dagrun for example_short_circuit_decorator to 2022-10-18T16:09:06.353307+00:00, run_after=2022-10-19T16:09:06.353307+00:00
[2022-10-19T16:09:06.365+0000] {processor.py:178} INFO - Processing /home/airflow/.local/lib/python3.7/site-packages/airflow/example_dags/example_short_circuit_decorator.py took 0.099 seconds
[2022-10-19T16:09:36.593+0000] {processor.py:156} INFO - Started process (PID=1396) to work on /home/airflow/.local/lib/python3.7/site-packages/airflow/example_dags/example_short_circuit_decorator.py
[2022-10-19T16:09:36.596+0000] {processor.py:758} INFO - Processing file /home/airflow/.local/lib/python3.7/site-packages/airflow/example_dags/example_short_circuit_decorator.py for tasks to queue
[2022-10-19T16:09:36.598+0000] {logging_mixin.py:117} INFO - [2022-10-19T16:09:36.598+0000] {dagbag.py:525} INFO - Filling up the DagBag from /home/airflow/.local/lib/python3.7/site-packages/airflow/example_dags/example_short_circuit_decorator.py
[2022-10-19T16:09:36.620+0000] {processor.py:768} INFO - DAG(s) dict_keys(['example_short_circuit_decorator']) retrieved from /home/airflow/.local/lib/python3.7/site-packages/airflow/example_dags/example_short_circuit_decorator.py
[2022-10-19T16:09:36.662+0000] {logging_mixin.py:117} INFO - [2022-10-19T16:09:36.662+0000] {dag.py:2573} INFO - Sync 1 DAGs
[2022-10-19T16:09:36.685+0000] {logging_mixin.py:117} INFO - [2022-10-19T16:09:36.685+0000] {dag.py:3328} INFO - Setting next_dagrun for example_short_circuit_decorator to 2022-10-18T16:09:36.685016+00:00, run_after=2022-10-19T16:09:36.685016+00:00
[2022-10-19T16:09:36.709+0000] {processor.py:178} INFO - Processing /home/airflow/.local/lib/python3.7/site-packages/airflow/example_dags/example_short_circuit_decorator.py took 0.118 seconds
[2022-10-19T16:10:07.365+0000] {processor.py:156} INFO - Started process (PID=1463) to work on /home/airflow/.local/lib/python3.7/site-packages/airflow/example_dags/example_short_circuit_decorator.py
[2022-10-19T16:10:07.366+0000] {processor.py:758} INFO - Processing file /home/airflow/.local/lib/python3.7/site-packages/airflow/example_dags/example_short_circuit_decorator.py for tasks to queue
[2022-10-19T16:10:07.367+0000] {logging_mixin.py:117} INFO - [2022-10-19T16:10:07.367+0000] {dagbag.py:525} INFO - Filling up the DagBag from /home/airflow/.local/lib/python3.7/site-packages/airflow/example_dags/example_short_circuit_decorator.py
[2022-10-19T16:10:07.381+0000] {processor.py:768} INFO - DAG(s) dict_keys(['example_short_circuit_decorator']) retrieved from /home/airflow/.local/lib/python3.7/site-packages/airflow/example_dags/example_short_circuit_decorator.py
[2022-10-19T16:10:07.415+0000] {logging_mixin.py:117} INFO - [2022-10-19T16:10:07.415+0000] {dag.py:2573} INFO - Sync 1 DAGs
[2022-10-19T16:10:07.437+0000] {logging_mixin.py:117} INFO - [2022-10-19T16:10:07.437+0000] {dag.py:3328} INFO - Setting next_dagrun for example_short_circuit_decorator to 2022-10-18T16:10:07.437616+00:00, run_after=2022-10-19T16:10:07.437616+00:00
[2022-10-19T16:10:07.452+0000] {processor.py:178} INFO - Processing /home/airflow/.local/lib/python3.7/site-packages/airflow/example_dags/example_short_circuit_decorator.py took 0.091 seconds
[2022-10-19T16:10:37.763+0000] {processor.py:156} INFO - Started process (PID=1528) to work on /home/airflow/.local/lib/python3.7/site-packages/airflow/example_dags/example_short_circuit_decorator.py
[2022-10-19T16:10:37.765+0000] {processor.py:758} INFO - Processing file /home/airflow/.local/lib/python3.7/site-packages/airflow/example_dags/example_short_circuit_decorator.py for tasks to queue
[2022-10-19T16:10:37.766+0000] {logging_mixin.py:117} INFO - [2022-10-19T16:10:37.765+0000] {dagbag.py:525} INFO - Filling up the DagBag from /home/airflow/.local/lib/python3.7/site-packages/airflow/example_dags/example_short_circuit_decorator.py
[2022-10-19T16:10:37.786+0000] {processor.py:768} INFO - DAG(s) dict_keys(['example_short_circuit_decorator']) retrieved from /home/airflow/.local/lib/python3.7/site-packages/airflow/example_dags/example_short_circuit_decorator.py
[2022-10-19T16:10:37.820+0000] {logging_mixin.py:117} INFO - [2022-10-19T16:10:37.820+0000] {dag.py:2573} INFO - Sync 1 DAGs
[2022-10-19T16:10:37.839+0000] {logging_mixin.py:117} INFO - [2022-10-19T16:10:37.839+0000] {dag.py:3328} INFO - Setting next_dagrun for example_short_circuit_decorator to 2022-10-18T16:10:37.839640+00:00, run_after=2022-10-19T16:10:37.839640+00:00
[2022-10-19T16:10:37.854+0000] {processor.py:178} INFO - Processing /home/airflow/.local/lib/python3.7/site-packages/airflow/example_dags/example_short_circuit_decorator.py took 0.094 seconds
[2022-10-19T16:11:08.722+0000] {processor.py:156} INFO - Started process (PID=1592) to work on /home/airflow/.local/lib/python3.7/site-packages/airflow/example_dags/example_short_circuit_decorator.py
[2022-10-19T16:11:08.724+0000] {processor.py:758} INFO - Processing file /home/airflow/.local/lib/python3.7/site-packages/airflow/example_dags/example_short_circuit_decorator.py for tasks to queue
[2022-10-19T16:11:08.725+0000] {logging_mixin.py:117} INFO - [2022-10-19T16:11:08.725+0000] {dagbag.py:525} INFO - Filling up the DagBag from /home/airflow/.local/lib/python3.7/site-packages/airflow/example_dags/example_short_circuit_decorator.py
[2022-10-19T16:11:08.740+0000] {processor.py:768} INFO - DAG(s) dict_keys(['example_short_circuit_decorator']) retrieved from /home/airflow/.local/lib/python3.7/site-packages/airflow/example_dags/example_short_circuit_decorator.py
[2022-10-19T16:11:08.771+0000] {logging_mixin.py:117} INFO - [2022-10-19T16:11:08.771+0000] {dag.py:2573} INFO - Sync 1 DAGs
[2022-10-19T16:11:08.790+0000] {logging_mixin.py:117} INFO - [2022-10-19T16:11:08.789+0000] {dag.py:3328} INFO - Setting next_dagrun for example_short_circuit_decorator to 2022-10-18T16:11:08.789785+00:00, run_after=2022-10-19T16:11:08.789785+00:00
[2022-10-19T16:11:08.805+0000] {processor.py:178} INFO - Processing /home/airflow/.local/lib/python3.7/site-packages/airflow/example_dags/example_short_circuit_decorator.py took 0.085 seconds
[2022-10-19T16:11:39.249+0000] {processor.py:156} INFO - Started process (PID=1657) to work on /home/airflow/.local/lib/python3.7/site-packages/airflow/example_dags/example_short_circuit_decorator.py
[2022-10-19T16:11:39.251+0000] {processor.py:758} INFO - Processing file /home/airflow/.local/lib/python3.7/site-packages/airflow/example_dags/example_short_circuit_decorator.py for tasks to queue
[2022-10-19T16:11:39.252+0000] {logging_mixin.py:117} INFO - [2022-10-19T16:11:39.252+0000] {dagbag.py:525} INFO - Filling up the DagBag from /home/airflow/.local/lib/python3.7/site-packages/airflow/example_dags/example_short_circuit_decorator.py
[2022-10-19T16:11:39.287+0000] {processor.py:768} INFO - DAG(s) dict_keys(['example_short_circuit_decorator']) retrieved from /home/airflow/.local/lib/python3.7/site-packages/airflow/example_dags/example_short_circuit_decorator.py
[2022-10-19T16:11:39.328+0000] {logging_mixin.py:117} INFO - [2022-10-19T16:11:39.328+0000] {dag.py:2573} INFO - Sync 1 DAGs
[2022-10-19T16:11:39.345+0000] {logging_mixin.py:117} INFO - [2022-10-19T16:11:39.345+0000] {dag.py:3328} INFO - Setting next_dagrun for example_short_circuit_decorator to 2022-10-18T16:11:39.345662+00:00, run_after=2022-10-19T16:11:39.345662+00:00
[2022-10-19T16:11:39.358+0000] {processor.py:178} INFO - Processing /home/airflow/.local/lib/python3.7/site-packages/airflow/example_dags/example_short_circuit_decorator.py took 0.114 seconds
[2022-10-19T16:12:10.333+0000] {processor.py:156} INFO - Started process (PID=1714) to work on /home/airflow/.local/lib/python3.7/site-packages/airflow/example_dags/example_short_circuit_decorator.py
[2022-10-19T16:12:10.335+0000] {processor.py:758} INFO - Processing file /home/airflow/.local/lib/python3.7/site-packages/airflow/example_dags/example_short_circuit_decorator.py for tasks to queue
[2022-10-19T16:12:10.336+0000] {logging_mixin.py:117} INFO - [2022-10-19T16:12:10.336+0000] {dagbag.py:525} INFO - Filling up the DagBag from /home/airflow/.local/lib/python3.7/site-packages/airflow/example_dags/example_short_circuit_decorator.py
[2022-10-19T16:12:10.352+0000] {processor.py:768} INFO - DAG(s) dict_keys(['example_short_circuit_decorator']) retrieved from /home/airflow/.local/lib/python3.7/site-packages/airflow/example_dags/example_short_circuit_decorator.py
[2022-10-19T16:12:10.380+0000] {logging_mixin.py:117} INFO - [2022-10-19T16:12:10.380+0000] {dag.py:2573} INFO - Sync 1 DAGs
[2022-10-19T16:12:10.398+0000] {logging_mixin.py:117} INFO - [2022-10-19T16:12:10.398+0000] {dag.py:3328} INFO - Setting next_dagrun for example_short_circuit_decorator to 2022-10-18T16:12:10.398649+00:00, run_after=2022-10-19T16:12:10.398649+00:00
[2022-10-19T16:12:10.417+0000] {processor.py:178} INFO - Processing /home/airflow/.local/lib/python3.7/site-packages/airflow/example_dags/example_short_circuit_decorator.py took 0.086 seconds
[2022-10-19T16:12:41.180+0000] {processor.py:156} INFO - Started process (PID=1780) to work on /home/airflow/.local/lib/python3.7/site-packages/airflow/example_dags/example_short_circuit_decorator.py
[2022-10-19T16:12:41.181+0000] {processor.py:758} INFO - Processing file /home/airflow/.local/lib/python3.7/site-packages/airflow/example_dags/example_short_circuit_decorator.py for tasks to queue
[2022-10-19T16:12:41.182+0000] {logging_mixin.py:117} INFO - [2022-10-19T16:12:41.182+0000] {dagbag.py:525} INFO - Filling up the DagBag from /home/airflow/.local/lib/python3.7/site-packages/airflow/example_dags/example_short_circuit_decorator.py
[2022-10-19T16:12:41.196+0000] {processor.py:768} INFO - DAG(s) dict_keys(['example_short_circuit_decorator']) retrieved from /home/airflow/.local/lib/python3.7/site-packages/airflow/example_dags/example_short_circuit_decorator.py
[2022-10-19T16:12:41.226+0000] {logging_mixin.py:117} INFO - [2022-10-19T16:12:41.226+0000] {dag.py:2573} INFO - Sync 1 DAGs
[2022-10-19T16:12:41.243+0000] {logging_mixin.py:117} INFO - [2022-10-19T16:12:41.243+0000] {dag.py:3328} INFO - Setting next_dagrun for example_short_circuit_decorator to 2022-10-18T16:12:41.243004+00:00, run_after=2022-10-19T16:12:41.243004+00:00
[2022-10-19T16:12:41.256+0000] {processor.py:178} INFO - Processing /home/airflow/.local/lib/python3.7/site-packages/airflow/example_dags/example_short_circuit_decorator.py took 0.079 seconds
[2022-10-19T16:13:11.559+0000] {processor.py:156} INFO - Started process (PID=1844) to work on /home/airflow/.local/lib/python3.7/site-packages/airflow/example_dags/example_short_circuit_decorator.py
[2022-10-19T16:13:11.560+0000] {processor.py:758} INFO - Processing file /home/airflow/.local/lib/python3.7/site-packages/airflow/example_dags/example_short_circuit_decorator.py for tasks to queue
[2022-10-19T16:13:11.561+0000] {logging_mixin.py:117} INFO - [2022-10-19T16:13:11.561+0000] {dagbag.py:525} INFO - Filling up the DagBag from /home/airflow/.local/lib/python3.7/site-packages/airflow/example_dags/example_short_circuit_decorator.py
[2022-10-19T16:13:11.579+0000] {processor.py:768} INFO - DAG(s) dict_keys(['example_short_circuit_decorator']) retrieved from /home/airflow/.local/lib/python3.7/site-packages/airflow/example_dags/example_short_circuit_decorator.py
[2022-10-19T16:13:11.623+0000] {logging_mixin.py:117} INFO - [2022-10-19T16:13:11.623+0000] {dag.py:2573} INFO - Sync 1 DAGs
[2022-10-19T16:13:11.642+0000] {logging_mixin.py:117} INFO - [2022-10-19T16:13:11.642+0000] {dag.py:3328} INFO - Setting next_dagrun for example_short_circuit_decorator to 2022-10-18T16:13:11.642565+00:00, run_after=2022-10-19T16:13:11.642565+00:00
[2022-10-19T16:13:11.656+0000] {processor.py:178} INFO - Processing /home/airflow/.local/lib/python3.7/site-packages/airflow/example_dags/example_short_circuit_decorator.py took 0.099 seconds
[2022-10-19T16:13:41.934+0000] {processor.py:156} INFO - Started process (PID=1909) to work on /home/airflow/.local/lib/python3.7/site-packages/airflow/example_dags/example_short_circuit_decorator.py
[2022-10-19T16:13:41.936+0000] {processor.py:758} INFO - Processing file /home/airflow/.local/lib/python3.7/site-packages/airflow/example_dags/example_short_circuit_decorator.py for tasks to queue
[2022-10-19T16:13:41.937+0000] {logging_mixin.py:117} INFO - [2022-10-19T16:13:41.937+0000] {dagbag.py:525} INFO - Filling up the DagBag from /home/airflow/.local/lib/python3.7/site-packages/airflow/example_dags/example_short_circuit_decorator.py
[2022-10-19T16:13:41.953+0000] {processor.py:768} INFO - DAG(s) dict_keys(['example_short_circuit_decorator']) retrieved from /home/airflow/.local/lib/python3.7/site-packages/airflow/example_dags/example_short_circuit_decorator.py
[2022-10-19T16:13:41.981+0000] {logging_mixin.py:117} INFO - [2022-10-19T16:13:41.981+0000] {dag.py:2573} INFO - Sync 1 DAGs
[2022-10-19T16:13:41.998+0000] {logging_mixin.py:117} INFO - [2022-10-19T16:13:41.998+0000] {dag.py:3328} INFO - Setting next_dagrun for example_short_circuit_decorator to 2022-10-18T16:13:41.998071+00:00, run_after=2022-10-19T16:13:41.998071+00:00
[2022-10-19T16:13:42.011+0000] {processor.py:178} INFO - Processing /home/airflow/.local/lib/python3.7/site-packages/airflow/example_dags/example_short_circuit_decorator.py took 0.080 seconds
[2022-10-19T16:14:12.542+0000] {processor.py:156} INFO - Started process (PID=1975) to work on /home/airflow/.local/lib/python3.7/site-packages/airflow/example_dags/example_short_circuit_decorator.py
[2022-10-19T16:14:12.545+0000] {processor.py:758} INFO - Processing file /home/airflow/.local/lib/python3.7/site-packages/airflow/example_dags/example_short_circuit_decorator.py for tasks to queue
[2022-10-19T16:14:12.547+0000] {logging_mixin.py:117} INFO - [2022-10-19T16:14:12.547+0000] {dagbag.py:525} INFO - Filling up the DagBag from /home/airflow/.local/lib/python3.7/site-packages/airflow/example_dags/example_short_circuit_decorator.py
[2022-10-19T16:14:12.574+0000] {processor.py:768} INFO - DAG(s) dict_keys(['example_short_circuit_decorator']) retrieved from /home/airflow/.local/lib/python3.7/site-packages/airflow/example_dags/example_short_circuit_decorator.py
[2022-10-19T16:14:12.632+0000] {logging_mixin.py:117} INFO - [2022-10-19T16:14:12.631+0000] {dag.py:2573} INFO - Sync 1 DAGs
[2022-10-19T16:14:12.666+0000] {logging_mixin.py:117} INFO - [2022-10-19T16:14:12.666+0000] {dag.py:3328} INFO - Setting next_dagrun for example_short_circuit_decorator to 2022-10-18T16:14:12.666189+00:00, run_after=2022-10-19T16:14:12.666189+00:00
[2022-10-19T16:14:12.694+0000] {processor.py:178} INFO - Processing /home/airflow/.local/lib/python3.7/site-packages/airflow/example_dags/example_short_circuit_decorator.py took 0.156 seconds
[2022-10-19T16:14:43.712+0000] {processor.py:156} INFO - Started process (PID=2031) to work on /home/airflow/.local/lib/python3.7/site-packages/airflow/example_dags/example_short_circuit_decorator.py
[2022-10-19T16:14:43.717+0000] {processor.py:758} INFO - Processing file /home/airflow/.local/lib/python3.7/site-packages/airflow/example_dags/example_short_circuit_decorator.py for tasks to queue
[2022-10-19T16:14:43.721+0000] {logging_mixin.py:117} INFO - [2022-10-19T16:14:43.721+0000] {dagbag.py:525} INFO - Filling up the DagBag from /home/airflow/.local/lib/python3.7/site-packages/airflow/example_dags/example_short_circuit_decorator.py
[2022-10-19T16:14:43.751+0000] {processor.py:768} INFO - DAG(s) dict_keys(['example_short_circuit_decorator']) retrieved from /home/airflow/.local/lib/python3.7/site-packages/airflow/example_dags/example_short_circuit_decorator.py
[2022-10-19T16:14:43.808+0000] {logging_mixin.py:117} INFO - [2022-10-19T16:14:43.808+0000] {dag.py:2573} INFO - Sync 1 DAGs
[2022-10-19T16:14:43.892+0000] {logging_mixin.py:117} INFO - [2022-10-19T16:14:43.892+0000] {dag.py:3328} INFO - Setting next_dagrun for example_short_circuit_decorator to 2022-10-18T16:14:43.892301+00:00, run_after=2022-10-19T16:14:43.892301+00:00
[2022-10-19T16:14:43.914+0000] {processor.py:178} INFO - Processing /home/airflow/.local/lib/python3.7/site-packages/airflow/example_dags/example_short_circuit_decorator.py took 0.209 seconds
[2022-10-19T16:15:14.170+0000] {processor.py:156} INFO - Started process (PID=2099) to work on /home/airflow/.local/lib/python3.7/site-packages/airflow/example_dags/example_short_circuit_decorator.py
[2022-10-19T16:15:14.172+0000] {processor.py:758} INFO - Processing file /home/airflow/.local/lib/python3.7/site-packages/airflow/example_dags/example_short_circuit_decorator.py for tasks to queue
[2022-10-19T16:15:14.173+0000] {logging_mixin.py:117} INFO - [2022-10-19T16:15:14.173+0000] {dagbag.py:525} INFO - Filling up the DagBag from /home/airflow/.local/lib/python3.7/site-packages/airflow/example_dags/example_short_circuit_decorator.py
[2022-10-19T16:15:14.191+0000] {processor.py:768} INFO - DAG(s) dict_keys(['example_short_circuit_decorator']) retrieved from /home/airflow/.local/lib/python3.7/site-packages/airflow/example_dags/example_short_circuit_decorator.py
[2022-10-19T16:15:14.232+0000] {logging_mixin.py:117} INFO - [2022-10-19T16:15:14.232+0000] {dag.py:2573} INFO - Sync 1 DAGs
[2022-10-19T16:15:14.256+0000] {logging_mixin.py:117} INFO - [2022-10-19T16:15:14.256+0000] {dag.py:3328} INFO - Setting next_dagrun for example_short_circuit_decorator to 2022-10-18T16:15:14.256223+00:00, run_after=2022-10-19T16:15:14.256223+00:00
[2022-10-19T16:15:14.273+0000] {processor.py:178} INFO - Processing /home/airflow/.local/lib/python3.7/site-packages/airflow/example_dags/example_short_circuit_decorator.py took 0.106 seconds
[2022-10-19T16:15:44.425+0000] {processor.py:156} INFO - Started process (PID=2165) to work on /home/airflow/.local/lib/python3.7/site-packages/airflow/example_dags/example_short_circuit_decorator.py
[2022-10-19T16:15:44.428+0000] {processor.py:758} INFO - Processing file /home/airflow/.local/lib/python3.7/site-packages/airflow/example_dags/example_short_circuit_decorator.py for tasks to queue
[2022-10-19T16:15:44.430+0000] {logging_mixin.py:117} INFO - [2022-10-19T16:15:44.430+0000] {dagbag.py:525} INFO - Filling up the DagBag from /home/airflow/.local/lib/python3.7/site-packages/airflow/example_dags/example_short_circuit_decorator.py
[2022-10-19T16:15:44.459+0000] {processor.py:768} INFO - DAG(s) dict_keys(['example_short_circuit_decorator']) retrieved from /home/airflow/.local/lib/python3.7/site-packages/airflow/example_dags/example_short_circuit_decorator.py
[2022-10-19T16:15:44.496+0000] {logging_mixin.py:117} INFO - [2022-10-19T16:15:44.496+0000] {dag.py:2573} INFO - Sync 1 DAGs
[2022-10-19T16:15:44.513+0000] {logging_mixin.py:117} INFO - [2022-10-19T16:15:44.512+0000] {dag.py:3328} INFO - Setting next_dagrun for example_short_circuit_decorator to 2022-10-18T16:15:44.512833+00:00, run_after=2022-10-19T16:15:44.512833+00:00
[2022-10-19T16:15:44.525+0000] {processor.py:178} INFO - Processing /home/airflow/.local/lib/python3.7/site-packages/airflow/example_dags/example_short_circuit_decorator.py took 0.104 seconds
[2022-10-19T16:16:15.296+0000] {processor.py:156} INFO - Started process (PID=2229) to work on /home/airflow/.local/lib/python3.7/site-packages/airflow/example_dags/example_short_circuit_decorator.py
[2022-10-19T16:16:15.299+0000] {processor.py:758} INFO - Processing file /home/airflow/.local/lib/python3.7/site-packages/airflow/example_dags/example_short_circuit_decorator.py for tasks to queue
[2022-10-19T16:16:15.301+0000] {logging_mixin.py:117} INFO - [2022-10-19T16:16:15.300+0000] {dagbag.py:525} INFO - Filling up the DagBag from /home/airflow/.local/lib/python3.7/site-packages/airflow/example_dags/example_short_circuit_decorator.py
[2022-10-19T16:16:15.316+0000] {processor.py:768} INFO - DAG(s) dict_keys(['example_short_circuit_decorator']) retrieved from /home/airflow/.local/lib/python3.7/site-packages/airflow/example_dags/example_short_circuit_decorator.py
[2022-10-19T16:16:15.342+0000] {logging_mixin.py:117} INFO - [2022-10-19T16:16:15.342+0000] {dag.py:2573} INFO - Sync 1 DAGs
[2022-10-19T16:16:15.358+0000] {logging_mixin.py:117} INFO - [2022-10-19T16:16:15.358+0000] {dag.py:3328} INFO - Setting next_dagrun for example_short_circuit_decorator to 2022-10-18T16:16:15.358048+00:00, run_after=2022-10-19T16:16:15.358048+00:00
[2022-10-19T16:16:15.371+0000] {processor.py:178} INFO - Processing /home/airflow/.local/lib/python3.7/site-packages/airflow/example_dags/example_short_circuit_decorator.py took 0.077 seconds
[2022-10-19T16:16:46.249+0000] {processor.py:156} INFO - Started process (PID=2295) to work on /home/airflow/.local/lib/python3.7/site-packages/airflow/example_dags/example_short_circuit_decorator.py
[2022-10-19T16:16:46.251+0000] {processor.py:758} INFO - Processing file /home/airflow/.local/lib/python3.7/site-packages/airflow/example_dags/example_short_circuit_decorator.py for tasks to queue
[2022-10-19T16:16:46.251+0000] {logging_mixin.py:117} INFO - [2022-10-19T16:16:46.251+0000] {dagbag.py:525} INFO - Filling up the DagBag from /home/airflow/.local/lib/python3.7/site-packages/airflow/example_dags/example_short_circuit_decorator.py
[2022-10-19T16:16:46.267+0000] {processor.py:768} INFO - DAG(s) dict_keys(['example_short_circuit_decorator']) retrieved from /home/airflow/.local/lib/python3.7/site-packages/airflow/example_dags/example_short_circuit_decorator.py
[2022-10-19T16:16:46.295+0000] {logging_mixin.py:117} INFO - [2022-10-19T16:16:46.295+0000] {dag.py:2573} INFO - Sync 1 DAGs
[2022-10-19T16:16:46.311+0000] {logging_mixin.py:117} INFO - [2022-10-19T16:16:46.311+0000] {dag.py:3328} INFO - Setting next_dagrun for example_short_circuit_decorator to 2022-10-18T16:16:46.311126+00:00, run_after=2022-10-19T16:16:46.311126+00:00
[2022-10-19T16:16:46.323+0000] {processor.py:178} INFO - Processing /home/airflow/.local/lib/python3.7/site-packages/airflow/example_dags/example_short_circuit_decorator.py took 0.076 seconds
[2022-10-19T16:17:16.993+0000] {processor.py:156} INFO - Started process (PID=2351) to work on /home/airflow/.local/lib/python3.7/site-packages/airflow/example_dags/example_short_circuit_decorator.py
[2022-10-19T16:17:16.996+0000] {processor.py:758} INFO - Processing file /home/airflow/.local/lib/python3.7/site-packages/airflow/example_dags/example_short_circuit_decorator.py for tasks to queue
[2022-10-19T16:17:16.998+0000] {logging_mixin.py:117} INFO - [2022-10-19T16:17:16.998+0000] {dagbag.py:525} INFO - Filling up the DagBag from /home/airflow/.local/lib/python3.7/site-packages/airflow/example_dags/example_short_circuit_decorator.py
[2022-10-19T16:17:17.024+0000] {processor.py:768} INFO - DAG(s) dict_keys(['example_short_circuit_decorator']) retrieved from /home/airflow/.local/lib/python3.7/site-packages/airflow/example_dags/example_short_circuit_decorator.py
[2022-10-19T16:17:17.068+0000] {logging_mixin.py:117} INFO - [2022-10-19T16:17:17.068+0000] {dag.py:2573} INFO - Sync 1 DAGs
[2022-10-19T16:17:17.088+0000] {logging_mixin.py:117} INFO - [2022-10-19T16:17:17.088+0000] {dag.py:3328} INFO - Setting next_dagrun for example_short_circuit_decorator to 2022-10-18T16:17:17.088374+00:00, run_after=2022-10-19T16:17:17.088374+00:00
[2022-10-19T16:17:17.103+0000] {processor.py:178} INFO - Processing /home/airflow/.local/lib/python3.7/site-packages/airflow/example_dags/example_short_circuit_decorator.py took 0.113 seconds
[2022-10-19T16:17:47.836+0000] {processor.py:156} INFO - Started process (PID=2417) to work on /home/airflow/.local/lib/python3.7/site-packages/airflow/example_dags/example_short_circuit_decorator.py
[2022-10-19T16:17:47.838+0000] {processor.py:758} INFO - Processing file /home/airflow/.local/lib/python3.7/site-packages/airflow/example_dags/example_short_circuit_decorator.py for tasks to queue
[2022-10-19T16:17:47.840+0000] {logging_mixin.py:117} INFO - [2022-10-19T16:17:47.840+0000] {dagbag.py:525} INFO - Filling up the DagBag from /home/airflow/.local/lib/python3.7/site-packages/airflow/example_dags/example_short_circuit_decorator.py
[2022-10-19T16:17:47.861+0000] {processor.py:768} INFO - DAG(s) dict_keys(['example_short_circuit_decorator']) retrieved from /home/airflow/.local/lib/python3.7/site-packages/airflow/example_dags/example_short_circuit_decorator.py
[2022-10-19T16:17:47.889+0000] {logging_mixin.py:117} INFO - [2022-10-19T16:17:47.888+0000] {dag.py:2573} INFO - Sync 1 DAGs
[2022-10-19T16:17:47.906+0000] {logging_mixin.py:117} INFO - [2022-10-19T16:17:47.906+0000] {dag.py:3328} INFO - Setting next_dagrun for example_short_circuit_decorator to 2022-10-18T16:17:47.906321+00:00, run_after=2022-10-19T16:17:47.906321+00:00
[2022-10-19T16:17:47.923+0000] {processor.py:178} INFO - Processing /home/airflow/.local/lib/python3.7/site-packages/airflow/example_dags/example_short_circuit_decorator.py took 0.092 seconds
[2022-10-19T16:18:18.693+0000] {processor.py:156} INFO - Started process (PID=2482) to work on /home/airflow/.local/lib/python3.7/site-packages/airflow/example_dags/example_short_circuit_decorator.py
[2022-10-19T16:18:18.695+0000] {processor.py:758} INFO - Processing file /home/airflow/.local/lib/python3.7/site-packages/airflow/example_dags/example_short_circuit_decorator.py for tasks to queue
[2022-10-19T16:18:18.696+0000] {logging_mixin.py:117} INFO - [2022-10-19T16:18:18.696+0000] {dagbag.py:525} INFO - Filling up the DagBag from /home/airflow/.local/lib/python3.7/site-packages/airflow/example_dags/example_short_circuit_decorator.py
[2022-10-19T16:18:18.716+0000] {processor.py:768} INFO - DAG(s) dict_keys(['example_short_circuit_decorator']) retrieved from /home/airflow/.local/lib/python3.7/site-packages/airflow/example_dags/example_short_circuit_decorator.py
[2022-10-19T16:18:18.744+0000] {logging_mixin.py:117} INFO - [2022-10-19T16:18:18.744+0000] {dag.py:2573} INFO - Sync 1 DAGs
[2022-10-19T16:18:18.760+0000] {logging_mixin.py:117} INFO - [2022-10-19T16:18:18.760+0000] {dag.py:3328} INFO - Setting next_dagrun for example_short_circuit_decorator to 2022-10-18T16:18:18.760629+00:00, run_after=2022-10-19T16:18:18.760629+00:00
[2022-10-19T16:18:18.772+0000] {processor.py:178} INFO - Processing /home/airflow/.local/lib/python3.7/site-packages/airflow/example_dags/example_short_circuit_decorator.py took 0.081 seconds
[2022-10-19T16:18:49.728+0000] {processor.py:156} INFO - Started process (PID=2548) to work on /home/airflow/.local/lib/python3.7/site-packages/airflow/example_dags/example_short_circuit_decorator.py
[2022-10-19T16:18:49.730+0000] {processor.py:758} INFO - Processing file /home/airflow/.local/lib/python3.7/site-packages/airflow/example_dags/example_short_circuit_decorator.py for tasks to queue
[2022-10-19T16:18:49.731+0000] {logging_mixin.py:117} INFO - [2022-10-19T16:18:49.731+0000] {dagbag.py:525} INFO - Filling up the DagBag from /home/airflow/.local/lib/python3.7/site-packages/airflow/example_dags/example_short_circuit_decorator.py
[2022-10-19T16:18:49.745+0000] {processor.py:768} INFO - DAG(s) dict_keys(['example_short_circuit_decorator']) retrieved from /home/airflow/.local/lib/python3.7/site-packages/airflow/example_dags/example_short_circuit_decorator.py
[2022-10-19T16:18:49.772+0000] {logging_mixin.py:117} INFO - [2022-10-19T16:18:49.772+0000] {dag.py:2573} INFO - Sync 1 DAGs
[2022-10-19T16:18:49.788+0000] {logging_mixin.py:117} INFO - [2022-10-19T16:18:49.788+0000] {dag.py:3328} INFO - Setting next_dagrun for example_short_circuit_decorator to 2022-10-18T16:18:49.788738+00:00, run_after=2022-10-19T16:18:49.788738+00:00
[2022-10-19T16:18:49.801+0000] {processor.py:178} INFO - Processing /home/airflow/.local/lib/python3.7/site-packages/airflow/example_dags/example_short_circuit_decorator.py took 0.074 seconds
[2022-10-19T16:19:20.789+0000] {processor.py:156} INFO - Started process (PID=2613) to work on /home/airflow/.local/lib/python3.7/site-packages/airflow/example_dags/example_short_circuit_decorator.py
[2022-10-19T16:19:20.790+0000] {processor.py:758} INFO - Processing file /home/airflow/.local/lib/python3.7/site-packages/airflow/example_dags/example_short_circuit_decorator.py for tasks to queue
[2022-10-19T16:19:20.792+0000] {logging_mixin.py:117} INFO - [2022-10-19T16:19:20.792+0000] {dagbag.py:525} INFO - Filling up the DagBag from /home/airflow/.local/lib/python3.7/site-packages/airflow/example_dags/example_short_circuit_decorator.py
[2022-10-19T16:19:20.807+0000] {processor.py:768} INFO - DAG(s) dict_keys(['example_short_circuit_decorator']) retrieved from /home/airflow/.local/lib/python3.7/site-packages/airflow/example_dags/example_short_circuit_decorator.py
[2022-10-19T16:19:20.833+0000] {logging_mixin.py:117} INFO - [2022-10-19T16:19:20.833+0000] {dag.py:2573} INFO - Sync 1 DAGs
[2022-10-19T16:19:20.850+0000] {logging_mixin.py:117} INFO - [2022-10-19T16:19:20.850+0000] {dag.py:3328} INFO - Setting next_dagrun for example_short_circuit_decorator to 2022-10-18T16:19:20.849996+00:00, run_after=2022-10-19T16:19:20.849996+00:00
[2022-10-19T16:19:20.861+0000] {processor.py:178} INFO - Processing /home/airflow/.local/lib/python3.7/site-packages/airflow/example_dags/example_short_circuit_decorator.py took 0.075 seconds
[2022-10-19T16:20:06.871+0000] {processor.py:156} INFO - Started process (PID=2678) to work on /home/airflow/.local/lib/python3.7/site-packages/airflow/example_dags/example_short_circuit_decorator.py
[2022-10-19T16:20:06.875+0000] {processor.py:758} INFO - Processing file /home/airflow/.local/lib/python3.7/site-packages/airflow/example_dags/example_short_circuit_decorator.py for tasks to queue
[2022-10-19T16:20:06.877+0000] {logging_mixin.py:117} INFO - [2022-10-19T16:20:06.877+0000] {dagbag.py:525} INFO - Filling up the DagBag from /home/airflow/.local/lib/python3.7/site-packages/airflow/example_dags/example_short_circuit_decorator.py
[2022-10-19T16:20:06.897+0000] {processor.py:768} INFO - DAG(s) dict_keys(['example_short_circuit_decorator']) retrieved from /home/airflow/.local/lib/python3.7/site-packages/airflow/example_dags/example_short_circuit_decorator.py
[2022-10-19T16:20:06.965+0000] {logging_mixin.py:117} INFO - [2022-10-19T16:20:06.965+0000] {dag.py:2573} INFO - Sync 1 DAGs
[2022-10-19T16:20:06.989+0000] {logging_mixin.py:117} INFO - [2022-10-19T16:20:06.989+0000] {dag.py:3328} INFO - Setting next_dagrun for example_short_circuit_decorator to 2022-10-18T16:20:06.988297+00:00, run_after=2022-10-19T16:20:06.988297+00:00
[2022-10-19T16:20:07.017+0000] {processor.py:178} INFO - Processing /home/airflow/.local/lib/python3.7/site-packages/airflow/example_dags/example_short_circuit_decorator.py took 0.148 seconds
[2022-10-19T16:21:20.553+0000] {processor.py:156} INFO - Started process (PID=2765) to work on /home/airflow/.local/lib/python3.7/site-packages/airflow/example_dags/example_short_circuit_decorator.py
[2022-10-19T16:21:20.556+0000] {processor.py:758} INFO - Processing file /home/airflow/.local/lib/python3.7/site-packages/airflow/example_dags/example_short_circuit_decorator.py for tasks to queue
[2022-10-19T16:21:20.560+0000] {logging_mixin.py:117} INFO - [2022-10-19T16:21:20.560+0000] {dagbag.py:525} INFO - Filling up the DagBag from /home/airflow/.local/lib/python3.7/site-packages/airflow/example_dags/example_short_circuit_decorator.py
[2022-10-19T16:21:20.586+0000] {processor.py:768} INFO - DAG(s) dict_keys(['example_short_circuit_decorator']) retrieved from /home/airflow/.local/lib/python3.7/site-packages/airflow/example_dags/example_short_circuit_decorator.py
[2022-10-19T16:21:20.637+0000] {logging_mixin.py:117} INFO - [2022-10-19T16:21:20.637+0000] {dag.py:2573} INFO - Sync 1 DAGs
[2022-10-19T16:21:20.657+0000] {logging_mixin.py:117} INFO - [2022-10-19T16:21:20.657+0000] {dag.py:3328} INFO - Setting next_dagrun for example_short_circuit_decorator to 2022-10-18T16:21:20.656949+00:00, run_after=2022-10-19T16:21:20.656949+00:00
[2022-10-19T16:21:20.675+0000] {processor.py:178} INFO - Processing /home/airflow/.local/lib/python3.7/site-packages/airflow/example_dags/example_short_circuit_decorator.py took 0.126 seconds
[2022-10-19T16:22:30.048+0000] {processor.py:156} INFO - Started process (PID=2840) to work on /home/airflow/.local/lib/python3.7/site-packages/airflow/example_dags/example_short_circuit_decorator.py
[2022-10-19T16:22:30.068+0000] {processor.py:758} INFO - Processing file /home/airflow/.local/lib/python3.7/site-packages/airflow/example_dags/example_short_circuit_decorator.py for tasks to queue
[2022-10-19T16:22:30.124+0000] {logging_mixin.py:117} INFO - [2022-10-19T16:22:30.117+0000] {dagbag.py:525} INFO - Filling up the DagBag from /home/airflow/.local/lib/python3.7/site-packages/airflow/example_dags/example_short_circuit_decorator.py
[2022-10-19T16:22:30.745+0000] {processor.py:768} INFO - DAG(s) dict_keys(['example_short_circuit_decorator']) retrieved from /home/airflow/.local/lib/python3.7/site-packages/airflow/example_dags/example_short_circuit_decorator.py
[2022-10-19T16:22:37.384+0000] {logging_mixin.py:117} INFO - [2022-10-19T16:22:37.382+0000] {dag.py:2573} INFO - Sync 1 DAGs
[2022-10-19T16:22:40.138+0000] {logging_mixin.py:117} INFO - [2022-10-19T16:22:40.137+0000] {dag.py:3328} INFO - Setting next_dagrun for example_short_circuit_decorator to 2022-10-18T16:22:40.126821+00:00, run_after=2022-10-19T16:22:40.126821+00:00
[2022-10-19T16:22:40.326+0000] {processor.py:178} INFO - Processing /home/airflow/.local/lib/python3.7/site-packages/airflow/example_dags/example_short_circuit_decorator.py took 10.631 seconds
[2022-10-19T16:23:26.433+0000] {processor.py:156} INFO - Started process (PID=2905) to work on /home/airflow/.local/lib/python3.7/site-packages/airflow/example_dags/example_short_circuit_decorator.py
[2022-10-19T16:23:26.438+0000] {processor.py:758} INFO - Processing file /home/airflow/.local/lib/python3.7/site-packages/airflow/example_dags/example_short_circuit_decorator.py for tasks to queue
[2022-10-19T16:23:26.441+0000] {logging_mixin.py:117} INFO - [2022-10-19T16:23:26.440+0000] {dagbag.py:525} INFO - Filling up the DagBag from /home/airflow/.local/lib/python3.7/site-packages/airflow/example_dags/example_short_circuit_decorator.py
[2022-10-19T16:23:26.627+0000] {processor.py:768} INFO - DAG(s) dict_keys(['example_short_circuit_decorator']) retrieved from /home/airflow/.local/lib/python3.7/site-packages/airflow/example_dags/example_short_circuit_decorator.py
[2022-10-19T16:23:27.177+0000] {logging_mixin.py:117} INFO - [2022-10-19T16:23:27.177+0000] {dag.py:2573} INFO - Sync 1 DAGs
[2022-10-19T16:23:27.581+0000] {logging_mixin.py:117} INFO - [2022-10-19T16:23:27.568+0000] {dag.py:3328} INFO - Setting next_dagrun for example_short_circuit_decorator to 2022-10-18T16:23:27.527903+00:00, run_after=2022-10-19T16:23:27.527903+00:00
[2022-10-19T16:23:27.931+0000] {processor.py:178} INFO - Processing /home/airflow/.local/lib/python3.7/site-packages/airflow/example_dags/example_short_circuit_decorator.py took 1.464 seconds
[2022-10-19T16:24:05.270+0000] {processor.py:156} INFO - Started process (PID=2963) to work on /home/airflow/.local/lib/python3.7/site-packages/airflow/example_dags/example_short_circuit_decorator.py
[2022-10-19T16:24:05.272+0000] {processor.py:758} INFO - Processing file /home/airflow/.local/lib/python3.7/site-packages/airflow/example_dags/example_short_circuit_decorator.py for tasks to queue
[2022-10-19T16:24:05.273+0000] {logging_mixin.py:117} INFO - [2022-10-19T16:24:05.273+0000] {dagbag.py:525} INFO - Filling up the DagBag from /home/airflow/.local/lib/python3.7/site-packages/airflow/example_dags/example_short_circuit_decorator.py
[2022-10-19T16:24:05.296+0000] {processor.py:768} INFO - DAG(s) dict_keys(['example_short_circuit_decorator']) retrieved from /home/airflow/.local/lib/python3.7/site-packages/airflow/example_dags/example_short_circuit_decorator.py
[2022-10-19T16:24:05.342+0000] {logging_mixin.py:117} INFO - [2022-10-19T16:24:05.342+0000] {dag.py:2573} INFO - Sync 1 DAGs
[2022-10-19T16:24:05.364+0000] {logging_mixin.py:117} INFO - [2022-10-19T16:24:05.363+0000] {dag.py:3328} INFO - Setting next_dagrun for example_short_circuit_decorator to 2022-10-18T16:24:05.363599+00:00, run_after=2022-10-19T16:24:05.363599+00:00
[2022-10-19T16:24:05.381+0000] {processor.py:178} INFO - Processing /home/airflow/.local/lib/python3.7/site-packages/airflow/example_dags/example_short_circuit_decorator.py took 0.114 seconds
[2022-10-19T16:24:41.308+0000] {processor.py:156} INFO - Started process (PID=3018) to work on /home/airflow/.local/lib/python3.7/site-packages/airflow/example_dags/example_short_circuit_decorator.py
[2022-10-19T16:24:41.311+0000] {processor.py:758} INFO - Processing file /home/airflow/.local/lib/python3.7/site-packages/airflow/example_dags/example_short_circuit_decorator.py for tasks to queue
[2022-10-19T16:24:41.314+0000] {logging_mixin.py:117} INFO - [2022-10-19T16:24:41.313+0000] {dagbag.py:525} INFO - Filling up the DagBag from /home/airflow/.local/lib/python3.7/site-packages/airflow/example_dags/example_short_circuit_decorator.py
[2022-10-19T16:24:41.350+0000] {processor.py:768} INFO - DAG(s) dict_keys(['example_short_circuit_decorator']) retrieved from /home/airflow/.local/lib/python3.7/site-packages/airflow/example_dags/example_short_circuit_decorator.py
[2022-10-19T16:24:41.436+0000] {logging_mixin.py:117} INFO - [2022-10-19T16:24:41.435+0000] {dag.py:2573} INFO - Sync 1 DAGs
[2022-10-19T16:24:41.478+0000] {logging_mixin.py:117} INFO - [2022-10-19T16:24:41.478+0000] {dag.py:3328} INFO - Setting next_dagrun for example_short_circuit_decorator to 2022-10-18T16:24:41.477588+00:00, run_after=2022-10-19T16:24:41.477588+00:00
[2022-10-19T16:24:41.515+0000] {processor.py:178} INFO - Processing /home/airflow/.local/lib/python3.7/site-packages/airflow/example_dags/example_short_circuit_decorator.py took 0.210 seconds
