[2022-10-19T15:35:15.077+0000] {processor.py:156} INFO - Started process (PID=144) to work on /home/airflow/.local/lib/python3.7/site-packages/airflow/example_dags/example_branch_operator.py
[2022-10-19T15:35:15.082+0000] {processor.py:758} INFO - Processing file /home/airflow/.local/lib/python3.7/site-packages/airflow/example_dags/example_branch_operator.py for tasks to queue
[2022-10-19T15:35:15.096+0000] {logging_mixin.py:117} INFO - [2022-10-19T15:35:15.096+0000] {dagbag.py:525} INFO - Filling up the DagBag from /home/airflow/.local/lib/python3.7/site-packages/airflow/example_dags/example_branch_operator.py
[2022-10-19T15:35:15.167+0000] {processor.py:768} INFO - DAG(s) dict_keys(['example_branch_operator']) retrieved from /home/airflow/.local/lib/python3.7/site-packages/airflow/example_dags/example_branch_operator.py
[2022-10-19T15:35:15.598+0000] {logging_mixin.py:117} INFO - [2022-10-19T15:35:15.596+0000] {dag.py:2573} INFO - Sync 1 DAGs
[2022-10-19T15:35:16.431+0000] {logging_mixin.py:117} INFO - [2022-10-19T15:35:16.431+0000] {dag.py:3328} INFO - Setting next_dagrun for example_branch_operator to 2022-10-18T00:00:00+00:00, run_after=2022-10-19T00:00:00+00:00
[2022-10-19T15:35:16.569+0000] {processor.py:178} INFO - Processing /home/airflow/.local/lib/python3.7/site-packages/airflow/example_dags/example_branch_operator.py took 1.502 seconds
[2022-10-19T15:36:51.173+0000] {processor.py:156} INFO - Started process (PID=218) to work on /home/airflow/.local/lib/python3.7/site-packages/airflow/example_dags/example_branch_operator.py
[2022-10-19T15:36:51.180+0000] {processor.py:758} INFO - Processing file /home/airflow/.local/lib/python3.7/site-packages/airflow/example_dags/example_branch_operator.py for tasks to queue
[2022-10-19T15:36:51.185+0000] {logging_mixin.py:117} INFO - [2022-10-19T15:36:51.184+0000] {dagbag.py:525} INFO - Filling up the DagBag from /home/airflow/.local/lib/python3.7/site-packages/airflow/example_dags/example_branch_operator.py
[2022-10-19T15:36:51.278+0000] {processor.py:768} INFO - DAG(s) dict_keys(['example_branch_operator']) retrieved from /home/airflow/.local/lib/python3.7/site-packages/airflow/example_dags/example_branch_operator.py
[2022-10-19T15:36:51.718+0000] {logging_mixin.py:117} INFO - [2022-10-19T15:36:51.718+0000] {dag.py:2573} INFO - Sync 1 DAGs
[2022-10-19T15:36:51.864+0000] {logging_mixin.py:117} INFO - [2022-10-19T15:36:51.863+0000] {dag.py:3328} INFO - Setting next_dagrun for example_branch_operator to 2022-10-18T00:00:00+00:00, run_after=2022-10-19T00:00:00+00:00
[2022-10-19T15:36:51.975+0000] {processor.py:178} INFO - Processing /home/airflow/.local/lib/python3.7/site-packages/airflow/example_dags/example_branch_operator.py took 0.809 seconds
[2022-10-19T15:37:22.429+0000] {processor.py:156} INFO - Started process (PID=283) to work on /home/airflow/.local/lib/python3.7/site-packages/airflow/example_dags/example_branch_operator.py
[2022-10-19T15:37:22.434+0000] {processor.py:758} INFO - Processing file /home/airflow/.local/lib/python3.7/site-packages/airflow/example_dags/example_branch_operator.py for tasks to queue
[2022-10-19T15:37:22.435+0000] {logging_mixin.py:117} INFO - [2022-10-19T15:37:22.435+0000] {dagbag.py:525} INFO - Filling up the DagBag from /home/airflow/.local/lib/python3.7/site-packages/airflow/example_dags/example_branch_operator.py
[2022-10-19T15:37:22.458+0000] {processor.py:768} INFO - DAG(s) dict_keys(['example_branch_operator']) retrieved from /home/airflow/.local/lib/python3.7/site-packages/airflow/example_dags/example_branch_operator.py
[2022-10-19T15:37:22.650+0000] {logging_mixin.py:117} INFO - [2022-10-19T15:37:22.650+0000] {dag.py:2573} INFO - Sync 1 DAGs
[2022-10-19T15:37:22.670+0000] {logging_mixin.py:117} INFO - [2022-10-19T15:37:22.670+0000] {dag.py:3328} INFO - Setting next_dagrun for example_branch_operator to 2022-10-18T00:00:00+00:00, run_after=2022-10-19T00:00:00+00:00
[2022-10-19T15:37:22.686+0000] {processor.py:178} INFO - Processing /home/airflow/.local/lib/python3.7/site-packages/airflow/example_dags/example_branch_operator.py took 0.260 seconds
[2022-10-19T15:37:52.958+0000] {processor.py:156} INFO - Started process (PID=338) to work on /home/airflow/.local/lib/python3.7/site-packages/airflow/example_dags/example_branch_operator.py
[2022-10-19T15:37:52.961+0000] {processor.py:758} INFO - Processing file /home/airflow/.local/lib/python3.7/site-packages/airflow/example_dags/example_branch_operator.py for tasks to queue
[2022-10-19T15:37:52.962+0000] {logging_mixin.py:117} INFO - [2022-10-19T15:37:52.962+0000] {dagbag.py:525} INFO - Filling up the DagBag from /home/airflow/.local/lib/python3.7/site-packages/airflow/example_dags/example_branch_operator.py
[2022-10-19T15:37:52.975+0000] {processor.py:768} INFO - DAG(s) dict_keys(['example_branch_operator']) retrieved from /home/airflow/.local/lib/python3.7/site-packages/airflow/example_dags/example_branch_operator.py
[2022-10-19T15:37:53.006+0000] {logging_mixin.py:117} INFO - [2022-10-19T15:37:53.006+0000] {dag.py:2573} INFO - Sync 1 DAGs
[2022-10-19T15:37:53.022+0000] {logging_mixin.py:117} INFO - [2022-10-19T15:37:53.022+0000] {dag.py:3328} INFO - Setting next_dagrun for example_branch_operator to 2022-10-18T00:00:00+00:00, run_after=2022-10-19T00:00:00+00:00
[2022-10-19T15:37:53.048+0000] {processor.py:178} INFO - Processing /home/airflow/.local/lib/python3.7/site-packages/airflow/example_dags/example_branch_operator.py took 0.093 seconds
[2022-10-19T15:38:24.812+0000] {processor.py:156} INFO - Started process (PID=403) to work on /home/airflow/.local/lib/python3.7/site-packages/airflow/example_dags/example_branch_operator.py
[2022-10-19T15:38:24.816+0000] {processor.py:758} INFO - Processing file /home/airflow/.local/lib/python3.7/site-packages/airflow/example_dags/example_branch_operator.py for tasks to queue
[2022-10-19T15:38:24.819+0000] {logging_mixin.py:117} INFO - [2022-10-19T15:38:24.818+0000] {dagbag.py:525} INFO - Filling up the DagBag from /home/airflow/.local/lib/python3.7/site-packages/airflow/example_dags/example_branch_operator.py
[2022-10-19T15:38:24.851+0000] {processor.py:768} INFO - DAG(s) dict_keys(['example_branch_operator']) retrieved from /home/airflow/.local/lib/python3.7/site-packages/airflow/example_dags/example_branch_operator.py
[2022-10-19T15:38:24.897+0000] {logging_mixin.py:117} INFO - [2022-10-19T15:38:24.897+0000] {dag.py:2573} INFO - Sync 1 DAGs
[2022-10-19T15:38:24.921+0000] {logging_mixin.py:117} INFO - [2022-10-19T15:38:24.921+0000] {dag.py:3328} INFO - Setting next_dagrun for example_branch_operator to 2022-10-18T00:00:00+00:00, run_after=2022-10-19T00:00:00+00:00
[2022-10-19T15:38:24.971+0000] {processor.py:178} INFO - Processing /home/airflow/.local/lib/python3.7/site-packages/airflow/example_dags/example_branch_operator.py took 0.169 seconds
[2022-10-19T15:38:55.883+0000] {processor.py:156} INFO - Started process (PID=458) to work on /home/airflow/.local/lib/python3.7/site-packages/airflow/example_dags/example_branch_operator.py
[2022-10-19T15:38:55.887+0000] {processor.py:758} INFO - Processing file /home/airflow/.local/lib/python3.7/site-packages/airflow/example_dags/example_branch_operator.py for tasks to queue
[2022-10-19T15:38:55.890+0000] {logging_mixin.py:117} INFO - [2022-10-19T15:38:55.890+0000] {dagbag.py:525} INFO - Filling up the DagBag from /home/airflow/.local/lib/python3.7/site-packages/airflow/example_dags/example_branch_operator.py
[2022-10-19T15:38:55.911+0000] {processor.py:768} INFO - DAG(s) dict_keys(['example_branch_operator']) retrieved from /home/airflow/.local/lib/python3.7/site-packages/airflow/example_dags/example_branch_operator.py
[2022-10-19T15:38:55.969+0000] {logging_mixin.py:117} INFO - [2022-10-19T15:38:55.969+0000] {dag.py:2573} INFO - Sync 1 DAGs
[2022-10-19T15:38:55.998+0000] {logging_mixin.py:117} INFO - [2022-10-19T15:38:55.998+0000] {dag.py:3328} INFO - Setting next_dagrun for example_branch_operator to 2022-10-18T00:00:00+00:00, run_after=2022-10-19T00:00:00+00:00
[2022-10-19T15:38:56.016+0000] {processor.py:178} INFO - Processing /home/airflow/.local/lib/python3.7/site-packages/airflow/example_dags/example_branch_operator.py took 0.136 seconds
[2022-10-19T15:39:52.819+0000] {processor.py:156} INFO - Started process (PID=533) to work on /home/airflow/.local/lib/python3.7/site-packages/airflow/example_dags/example_branch_operator.py
[2022-10-19T15:39:52.828+0000] {processor.py:758} INFO - Processing file /home/airflow/.local/lib/python3.7/site-packages/airflow/example_dags/example_branch_operator.py for tasks to queue
[2022-10-19T15:39:52.840+0000] {logging_mixin.py:117} INFO - [2022-10-19T15:39:52.840+0000] {dagbag.py:525} INFO - Filling up the DagBag from /home/airflow/.local/lib/python3.7/site-packages/airflow/example_dags/example_branch_operator.py
[2022-10-19T15:39:52.938+0000] {processor.py:768} INFO - DAG(s) dict_keys(['example_branch_operator']) retrieved from /home/airflow/.local/lib/python3.7/site-packages/airflow/example_dags/example_branch_operator.py
[2022-10-19T15:39:53.227+0000] {logging_mixin.py:117} INFO - [2022-10-19T15:39:53.226+0000] {dag.py:2573} INFO - Sync 1 DAGs
[2022-10-19T15:39:53.371+0000] {logging_mixin.py:117} INFO - [2022-10-19T15:39:53.371+0000] {dag.py:3328} INFO - Setting next_dagrun for example_branch_operator to 2022-10-18T00:00:00+00:00, run_after=2022-10-19T00:00:00+00:00
[2022-10-19T15:39:53.406+0000] {processor.py:178} INFO - Processing /home/airflow/.local/lib/python3.7/site-packages/airflow/example_dags/example_branch_operator.py took 0.608 seconds
[2022-10-19T15:40:24.192+0000] {processor.py:156} INFO - Started process (PID=589) to work on /home/airflow/.local/lib/python3.7/site-packages/airflow/example_dags/example_branch_operator.py
[2022-10-19T15:40:24.194+0000] {processor.py:758} INFO - Processing file /home/airflow/.local/lib/python3.7/site-packages/airflow/example_dags/example_branch_operator.py for tasks to queue
[2022-10-19T15:40:24.196+0000] {logging_mixin.py:117} INFO - [2022-10-19T15:40:24.195+0000] {dagbag.py:525} INFO - Filling up the DagBag from /home/airflow/.local/lib/python3.7/site-packages/airflow/example_dags/example_branch_operator.py
[2022-10-19T15:40:24.220+0000] {processor.py:768} INFO - DAG(s) dict_keys(['example_branch_operator']) retrieved from /home/airflow/.local/lib/python3.7/site-packages/airflow/example_dags/example_branch_operator.py
[2022-10-19T15:40:24.265+0000] {logging_mixin.py:117} INFO - [2022-10-19T15:40:24.265+0000] {dag.py:2573} INFO - Sync 1 DAGs
[2022-10-19T15:40:24.284+0000] {logging_mixin.py:117} INFO - [2022-10-19T15:40:24.284+0000] {dag.py:3328} INFO - Setting next_dagrun for example_branch_operator to 2022-10-18T00:00:00+00:00, run_after=2022-10-19T00:00:00+00:00
[2022-10-19T15:40:24.297+0000] {processor.py:178} INFO - Processing /home/airflow/.local/lib/python3.7/site-packages/airflow/example_dags/example_branch_operator.py took 0.112 seconds
[2022-10-19T15:40:54.380+0000] {processor.py:156} INFO - Started process (PID=654) to work on /home/airflow/.local/lib/python3.7/site-packages/airflow/example_dags/example_branch_operator.py
[2022-10-19T15:40:54.382+0000] {processor.py:758} INFO - Processing file /home/airflow/.local/lib/python3.7/site-packages/airflow/example_dags/example_branch_operator.py for tasks to queue
[2022-10-19T15:40:54.384+0000] {logging_mixin.py:117} INFO - [2022-10-19T15:40:54.384+0000] {dagbag.py:525} INFO - Filling up the DagBag from /home/airflow/.local/lib/python3.7/site-packages/airflow/example_dags/example_branch_operator.py
[2022-10-19T15:40:54.407+0000] {processor.py:768} INFO - DAG(s) dict_keys(['example_branch_operator']) retrieved from /home/airflow/.local/lib/python3.7/site-packages/airflow/example_dags/example_branch_operator.py
[2022-10-19T15:40:54.440+0000] {logging_mixin.py:117} INFO - [2022-10-19T15:40:54.440+0000] {dag.py:2573} INFO - Sync 1 DAGs
[2022-10-19T15:40:54.457+0000] {logging_mixin.py:117} INFO - [2022-10-19T15:40:54.457+0000] {dag.py:3328} INFO - Setting next_dagrun for example_branch_operator to 2022-10-18T00:00:00+00:00, run_after=2022-10-19T00:00:00+00:00
[2022-10-19T15:40:54.470+0000] {processor.py:178} INFO - Processing /home/airflow/.local/lib/python3.7/site-packages/airflow/example_dags/example_branch_operator.py took 0.094 seconds
[2022-10-19T15:41:24.896+0000] {processor.py:156} INFO - Started process (PID=720) to work on /home/airflow/.local/lib/python3.7/site-packages/airflow/example_dags/example_branch_operator.py
[2022-10-19T15:41:24.898+0000] {processor.py:758} INFO - Processing file /home/airflow/.local/lib/python3.7/site-packages/airflow/example_dags/example_branch_operator.py for tasks to queue
[2022-10-19T15:41:24.901+0000] {logging_mixin.py:117} INFO - [2022-10-19T15:41:24.901+0000] {dagbag.py:525} INFO - Filling up the DagBag from /home/airflow/.local/lib/python3.7/site-packages/airflow/example_dags/example_branch_operator.py
[2022-10-19T15:41:24.919+0000] {processor.py:768} INFO - DAG(s) dict_keys(['example_branch_operator']) retrieved from /home/airflow/.local/lib/python3.7/site-packages/airflow/example_dags/example_branch_operator.py
[2022-10-19T15:41:24.986+0000] {logging_mixin.py:117} INFO - [2022-10-19T15:41:24.986+0000] {dag.py:2573} INFO - Sync 1 DAGs
[2022-10-19T15:41:25.014+0000] {logging_mixin.py:117} INFO - [2022-10-19T15:41:25.014+0000] {dag.py:3328} INFO - Setting next_dagrun for example_branch_operator to 2022-10-18T00:00:00+00:00, run_after=2022-10-19T00:00:00+00:00
[2022-10-19T15:41:25.040+0000] {processor.py:178} INFO - Processing /home/airflow/.local/lib/python3.7/site-packages/airflow/example_dags/example_branch_operator.py took 0.148 seconds
[2022-10-19T15:41:55.500+0000] {processor.py:156} INFO - Started process (PID=776) to work on /home/airflow/.local/lib/python3.7/site-packages/airflow/example_dags/example_branch_operator.py
[2022-10-19T15:41:55.509+0000] {processor.py:758} INFO - Processing file /home/airflow/.local/lib/python3.7/site-packages/airflow/example_dags/example_branch_operator.py for tasks to queue
[2022-10-19T15:41:55.510+0000] {logging_mixin.py:117} INFO - [2022-10-19T15:41:55.510+0000] {dagbag.py:525} INFO - Filling up the DagBag from /home/airflow/.local/lib/python3.7/site-packages/airflow/example_dags/example_branch_operator.py
[2022-10-19T15:41:55.555+0000] {processor.py:768} INFO - DAG(s) dict_keys(['example_branch_operator']) retrieved from /home/airflow/.local/lib/python3.7/site-packages/airflow/example_dags/example_branch_operator.py
[2022-10-19T15:41:55.657+0000] {logging_mixin.py:117} INFO - [2022-10-19T15:41:55.657+0000] {dag.py:2573} INFO - Sync 1 DAGs
[2022-10-19T15:41:55.679+0000] {logging_mixin.py:117} INFO - [2022-10-19T15:41:55.679+0000] {dag.py:3328} INFO - Setting next_dagrun for example_branch_operator to 2022-10-18T00:00:00+00:00, run_after=2022-10-19T00:00:00+00:00
[2022-10-19T15:41:55.696+0000] {processor.py:178} INFO - Processing /home/airflow/.local/lib/python3.7/site-packages/airflow/example_dags/example_branch_operator.py took 0.210 seconds
[2022-10-19T15:42:25.970+0000] {processor.py:156} INFO - Started process (PID=841) to work on /home/airflow/.local/lib/python3.7/site-packages/airflow/example_dags/example_branch_operator.py
[2022-10-19T15:42:25.974+0000] {processor.py:758} INFO - Processing file /home/airflow/.local/lib/python3.7/site-packages/airflow/example_dags/example_branch_operator.py for tasks to queue
[2022-10-19T15:42:25.976+0000] {logging_mixin.py:117} INFO - [2022-10-19T15:42:25.976+0000] {dagbag.py:525} INFO - Filling up the DagBag from /home/airflow/.local/lib/python3.7/site-packages/airflow/example_dags/example_branch_operator.py
[2022-10-19T15:42:25.995+0000] {processor.py:768} INFO - DAG(s) dict_keys(['example_branch_operator']) retrieved from /home/airflow/.local/lib/python3.7/site-packages/airflow/example_dags/example_branch_operator.py
[2022-10-19T15:42:26.055+0000] {logging_mixin.py:117} INFO - [2022-10-19T15:42:26.055+0000] {dag.py:2573} INFO - Sync 1 DAGs
[2022-10-19T15:42:26.078+0000] {logging_mixin.py:117} INFO - [2022-10-19T15:42:26.078+0000] {dag.py:3328} INFO - Setting next_dagrun for example_branch_operator to 2022-10-18T00:00:00+00:00, run_after=2022-10-19T00:00:00+00:00
[2022-10-19T15:42:26.095+0000] {processor.py:178} INFO - Processing /home/airflow/.local/lib/python3.7/site-packages/airflow/example_dags/example_branch_operator.py took 0.128 seconds
[2022-10-19T15:42:57.106+0000] {processor.py:156} INFO - Started process (PID=907) to work on /home/airflow/.local/lib/python3.7/site-packages/airflow/example_dags/example_branch_operator.py
[2022-10-19T15:42:57.108+0000] {processor.py:758} INFO - Processing file /home/airflow/.local/lib/python3.7/site-packages/airflow/example_dags/example_branch_operator.py for tasks to queue
[2022-10-19T15:42:57.113+0000] {logging_mixin.py:117} INFO - [2022-10-19T15:42:57.112+0000] {dagbag.py:525} INFO - Filling up the DagBag from /home/airflow/.local/lib/python3.7/site-packages/airflow/example_dags/example_branch_operator.py
[2022-10-19T15:42:57.132+0000] {processor.py:768} INFO - DAG(s) dict_keys(['example_branch_operator']) retrieved from /home/airflow/.local/lib/python3.7/site-packages/airflow/example_dags/example_branch_operator.py
[2022-10-19T15:42:57.196+0000] {logging_mixin.py:117} INFO - [2022-10-19T15:42:57.196+0000] {dag.py:2573} INFO - Sync 1 DAGs
[2022-10-19T15:42:57.217+0000] {logging_mixin.py:117} INFO - [2022-10-19T15:42:57.217+0000] {dag.py:3328} INFO - Setting next_dagrun for example_branch_operator to 2022-10-18T00:00:00+00:00, run_after=2022-10-19T00:00:00+00:00
[2022-10-19T15:42:57.233+0000] {processor.py:178} INFO - Processing /home/airflow/.local/lib/python3.7/site-packages/airflow/example_dags/example_branch_operator.py took 0.132 seconds
[2022-10-19T15:43:27.752+0000] {processor.py:156} INFO - Started process (PID=972) to work on /home/airflow/.local/lib/python3.7/site-packages/airflow/example_dags/example_branch_operator.py
[2022-10-19T15:43:27.754+0000] {processor.py:758} INFO - Processing file /home/airflow/.local/lib/python3.7/site-packages/airflow/example_dags/example_branch_operator.py for tasks to queue
[2022-10-19T15:43:27.755+0000] {logging_mixin.py:117} INFO - [2022-10-19T15:43:27.755+0000] {dagbag.py:525} INFO - Filling up the DagBag from /home/airflow/.local/lib/python3.7/site-packages/airflow/example_dags/example_branch_operator.py
[2022-10-19T15:43:27.787+0000] {processor.py:768} INFO - DAG(s) dict_keys(['example_branch_operator']) retrieved from /home/airflow/.local/lib/python3.7/site-packages/airflow/example_dags/example_branch_operator.py
[2022-10-19T15:43:27.824+0000] {logging_mixin.py:117} INFO - [2022-10-19T15:43:27.824+0000] {dag.py:2573} INFO - Sync 1 DAGs
[2022-10-19T15:43:27.847+0000] {logging_mixin.py:117} INFO - [2022-10-19T15:43:27.847+0000] {dag.py:3328} INFO - Setting next_dagrun for example_branch_operator to 2022-10-18T00:00:00+00:00, run_after=2022-10-19T00:00:00+00:00
[2022-10-19T15:43:27.864+0000] {processor.py:178} INFO - Processing /home/airflow/.local/lib/python3.7/site-packages/airflow/example_dags/example_branch_operator.py took 0.117 seconds
[2022-10-19T15:44:45.224+0000] {processor.py:156} INFO - Started process (PID=1039) to work on /home/airflow/.local/lib/python3.7/site-packages/airflow/example_dags/example_branch_operator.py
[2022-10-19T15:44:45.234+0000] {processor.py:758} INFO - Processing file /home/airflow/.local/lib/python3.7/site-packages/airflow/example_dags/example_branch_operator.py for tasks to queue
[2022-10-19T15:44:45.237+0000] {logging_mixin.py:117} INFO - [2022-10-19T15:44:45.237+0000] {dagbag.py:525} INFO - Filling up the DagBag from /home/airflow/.local/lib/python3.7/site-packages/airflow/example_dags/example_branch_operator.py
[2022-10-19T15:44:45.349+0000] {processor.py:768} INFO - DAG(s) dict_keys(['example_branch_operator']) retrieved from /home/airflow/.local/lib/python3.7/site-packages/airflow/example_dags/example_branch_operator.py
[2022-10-19T15:44:45.499+0000] {logging_mixin.py:117} INFO - [2022-10-19T15:44:45.498+0000] {dag.py:2573} INFO - Sync 1 DAGs
[2022-10-19T15:44:45.596+0000] {logging_mixin.py:117} INFO - [2022-10-19T15:44:45.595+0000] {dag.py:3328} INFO - Setting next_dagrun for example_branch_operator to 2022-10-18T00:00:00+00:00, run_after=2022-10-19T00:00:00+00:00
[2022-10-19T15:44:45.682+0000] {processor.py:178} INFO - Processing /home/airflow/.local/lib/python3.7/site-packages/airflow/example_dags/example_branch_operator.py took 0.484 seconds
[2022-10-19T15:45:18.040+0000] {processor.py:156} INFO - Started process (PID=1095) to work on /home/airflow/.local/lib/python3.7/site-packages/airflow/example_dags/example_branch_operator.py
[2022-10-19T15:45:18.068+0000] {processor.py:758} INFO - Processing file /home/airflow/.local/lib/python3.7/site-packages/airflow/example_dags/example_branch_operator.py for tasks to queue
[2022-10-19T15:45:18.074+0000] {logging_mixin.py:117} INFO - [2022-10-19T15:45:18.074+0000] {dagbag.py:525} INFO - Filling up the DagBag from /home/airflow/.local/lib/python3.7/site-packages/airflow/example_dags/example_branch_operator.py
[2022-10-19T15:45:18.288+0000] {processor.py:768} INFO - DAG(s) dict_keys(['example_branch_operator']) retrieved from /home/airflow/.local/lib/python3.7/site-packages/airflow/example_dags/example_branch_operator.py
[2022-10-19T15:45:18.422+0000] {logging_mixin.py:117} INFO - [2022-10-19T15:45:18.421+0000] {dag.py:2573} INFO - Sync 1 DAGs
[2022-10-19T15:45:18.481+0000] {logging_mixin.py:117} INFO - [2022-10-19T15:45:18.481+0000] {dag.py:3328} INFO - Setting next_dagrun for example_branch_operator to 2022-10-18T00:00:00+00:00, run_after=2022-10-19T00:00:00+00:00
[2022-10-19T15:45:18.525+0000] {processor.py:178} INFO - Processing /home/airflow/.local/lib/python3.7/site-packages/airflow/example_dags/example_branch_operator.py took 0.512 seconds
[2022-10-19T15:46:28.625+0000] {processor.py:156} INFO - Started process (PID=1150) to work on /home/airflow/.local/lib/python3.7/site-packages/airflow/example_dags/example_branch_operator.py
[2022-10-19T15:46:28.660+0000] {processor.py:758} INFO - Processing file /home/airflow/.local/lib/python3.7/site-packages/airflow/example_dags/example_branch_operator.py for tasks to queue
[2022-10-19T15:46:28.669+0000] {logging_mixin.py:117} INFO - [2022-10-19T15:46:28.668+0000] {dagbag.py:525} INFO - Filling up the DagBag from /home/airflow/.local/lib/python3.7/site-packages/airflow/example_dags/example_branch_operator.py
[2022-10-19T15:46:29.179+0000] {processor.py:768} INFO - DAG(s) dict_keys(['example_branch_operator']) retrieved from /home/airflow/.local/lib/python3.7/site-packages/airflow/example_dags/example_branch_operator.py
[2022-10-19T15:46:30.477+0000] {logging_mixin.py:117} INFO - [2022-10-19T15:46:30.476+0000] {dag.py:2573} INFO - Sync 1 DAGs
[2022-10-19T15:46:31.581+0000] {logging_mixin.py:117} INFO - [2022-10-19T15:46:31.545+0000] {dag.py:3328} INFO - Setting next_dagrun for example_branch_operator to 2022-10-18T00:00:00+00:00, run_after=2022-10-19T00:00:00+00:00
[2022-10-19T15:46:32.214+0000] {processor.py:178} INFO - Processing /home/airflow/.local/lib/python3.7/site-packages/airflow/example_dags/example_branch_operator.py took 3.638 seconds
[2022-10-19T15:47:03.197+0000] {processor.py:156} INFO - Started process (PID=1214) to work on /home/airflow/.local/lib/python3.7/site-packages/airflow/example_dags/example_branch_operator.py
[2022-10-19T15:47:03.201+0000] {processor.py:758} INFO - Processing file /home/airflow/.local/lib/python3.7/site-packages/airflow/example_dags/example_branch_operator.py for tasks to queue
[2022-10-19T15:47:03.203+0000] {logging_mixin.py:117} INFO - [2022-10-19T15:47:03.203+0000] {dagbag.py:525} INFO - Filling up the DagBag from /home/airflow/.local/lib/python3.7/site-packages/airflow/example_dags/example_branch_operator.py
[2022-10-19T15:47:03.316+0000] {processor.py:768} INFO - DAG(s) dict_keys(['example_branch_operator']) retrieved from /home/airflow/.local/lib/python3.7/site-packages/airflow/example_dags/example_branch_operator.py
[2022-10-19T15:47:03.436+0000] {logging_mixin.py:117} INFO - [2022-10-19T15:47:03.436+0000] {dag.py:2573} INFO - Sync 1 DAGs
[2022-10-19T15:47:03.493+0000] {logging_mixin.py:117} INFO - [2022-10-19T15:47:03.493+0000] {dag.py:3328} INFO - Setting next_dagrun for example_branch_operator to 2022-10-18T00:00:00+00:00, run_after=2022-10-19T00:00:00+00:00
[2022-10-19T15:47:03.852+0000] {processor.py:178} INFO - Processing /home/airflow/.local/lib/python3.7/site-packages/airflow/example_dags/example_branch_operator.py took 0.669 seconds
[2022-10-19T15:47:34.815+0000] {processor.py:156} INFO - Started process (PID=1279) to work on /home/airflow/.local/lib/python3.7/site-packages/airflow/example_dags/example_branch_operator.py
[2022-10-19T15:47:34.821+0000] {processor.py:758} INFO - Processing file /home/airflow/.local/lib/python3.7/site-packages/airflow/example_dags/example_branch_operator.py for tasks to queue
[2022-10-19T15:47:34.829+0000] {logging_mixin.py:117} INFO - [2022-10-19T15:47:34.828+0000] {dagbag.py:525} INFO - Filling up the DagBag from /home/airflow/.local/lib/python3.7/site-packages/airflow/example_dags/example_branch_operator.py
[2022-10-19T15:47:35.272+0000] {processor.py:768} INFO - DAG(s) dict_keys(['example_branch_operator']) retrieved from /home/airflow/.local/lib/python3.7/site-packages/airflow/example_dags/example_branch_operator.py
[2022-10-19T15:47:35.932+0000] {logging_mixin.py:117} INFO - [2022-10-19T15:47:35.931+0000] {dag.py:2573} INFO - Sync 1 DAGs
[2022-10-19T15:47:36.112+0000] {logging_mixin.py:117} INFO - [2022-10-19T15:47:36.111+0000] {dag.py:3328} INFO - Setting next_dagrun for example_branch_operator to 2022-10-18T00:00:00+00:00, run_after=2022-10-19T00:00:00+00:00
[2022-10-19T15:47:36.276+0000] {processor.py:178} INFO - Processing /home/airflow/.local/lib/python3.7/site-packages/airflow/example_dags/example_branch_operator.py took 1.494 seconds
[2022-10-19T15:48:06.954+0000] {processor.py:156} INFO - Started process (PID=1335) to work on /home/airflow/.local/lib/python3.7/site-packages/airflow/example_dags/example_branch_operator.py
[2022-10-19T15:48:06.967+0000] {processor.py:758} INFO - Processing file /home/airflow/.local/lib/python3.7/site-packages/airflow/example_dags/example_branch_operator.py for tasks to queue
[2022-10-19T15:48:06.983+0000] {logging_mixin.py:117} INFO - [2022-10-19T15:48:06.983+0000] {dagbag.py:525} INFO - Filling up the DagBag from /home/airflow/.local/lib/python3.7/site-packages/airflow/example_dags/example_branch_operator.py
[2022-10-19T15:48:07.367+0000] {processor.py:768} INFO - DAG(s) dict_keys(['example_branch_operator']) retrieved from /home/airflow/.local/lib/python3.7/site-packages/airflow/example_dags/example_branch_operator.py
[2022-10-19T15:48:07.726+0000] {logging_mixin.py:117} INFO - [2022-10-19T15:48:07.725+0000] {dag.py:2573} INFO - Sync 1 DAGs
[2022-10-19T15:48:07.897+0000] {logging_mixin.py:117} INFO - [2022-10-19T15:48:07.897+0000] {dag.py:3328} INFO - Setting next_dagrun for example_branch_operator to 2022-10-18T00:00:00+00:00, run_after=2022-10-19T00:00:00+00:00
[2022-10-19T15:48:08.003+0000] {processor.py:178} INFO - Processing /home/airflow/.local/lib/python3.7/site-packages/airflow/example_dags/example_branch_operator.py took 1.084 seconds
[2022-10-19T15:51:30.464+0000] {processor.py:156} INFO - Started process (PID=1471) to work on /home/airflow/.local/lib/python3.7/site-packages/airflow/example_dags/example_branch_operator.py
[2022-10-19T15:51:30.466+0000] {processor.py:758} INFO - Processing file /home/airflow/.local/lib/python3.7/site-packages/airflow/example_dags/example_branch_operator.py for tasks to queue
[2022-10-19T15:51:30.468+0000] {logging_mixin.py:117} INFO - [2022-10-19T15:51:30.468+0000] {dagbag.py:525} INFO - Filling up the DagBag from /home/airflow/.local/lib/python3.7/site-packages/airflow/example_dags/example_branch_operator.py
[2022-10-19T15:51:30.484+0000] {processor.py:768} INFO - DAG(s) dict_keys(['example_branch_operator']) retrieved from /home/airflow/.local/lib/python3.7/site-packages/airflow/example_dags/example_branch_operator.py
[2022-10-19T15:51:30.530+0000] {logging_mixin.py:117} INFO - [2022-10-19T15:51:30.530+0000] {dag.py:2573} INFO - Sync 1 DAGs
[2022-10-19T15:51:30.552+0000] {logging_mixin.py:117} INFO - [2022-10-19T15:51:30.552+0000] {dag.py:3328} INFO - Setting next_dagrun for example_branch_operator to 2022-10-18T00:00:00+00:00, run_after=2022-10-19T00:00:00+00:00
[2022-10-19T15:51:30.573+0000] {processor.py:178} INFO - Processing /home/airflow/.local/lib/python3.7/site-packages/airflow/example_dags/example_branch_operator.py took 0.113 seconds
[2022-10-19T15:59:15.630+0000] {processor.py:156} INFO - Started process (PID=118) to work on /home/airflow/.local/lib/python3.7/site-packages/airflow/example_dags/example_branch_operator.py
[2022-10-19T15:59:15.638+0000] {processor.py:758} INFO - Processing file /home/airflow/.local/lib/python3.7/site-packages/airflow/example_dags/example_branch_operator.py for tasks to queue
[2022-10-19T15:59:15.641+0000] {logging_mixin.py:117} INFO - [2022-10-19T15:59:15.641+0000] {dagbag.py:525} INFO - Filling up the DagBag from /home/airflow/.local/lib/python3.7/site-packages/airflow/example_dags/example_branch_operator.py
[2022-10-19T15:59:15.659+0000] {processor.py:768} INFO - DAG(s) dict_keys(['example_branch_operator']) retrieved from /home/airflow/.local/lib/python3.7/site-packages/airflow/example_dags/example_branch_operator.py
[2022-10-19T15:59:15.706+0000] {logging_mixin.py:117} INFO - [2022-10-19T15:59:15.706+0000] {dag.py:2573} INFO - Sync 1 DAGs
[2022-10-19T15:59:15.732+0000] {logging_mixin.py:117} INFO - [2022-10-19T15:59:15.732+0000] {dag.py:3328} INFO - Setting next_dagrun for example_branch_operator to 2022-10-18T00:00:00+00:00, run_after=2022-10-19T00:00:00+00:00
[2022-10-19T15:59:15.747+0000] {processor.py:178} INFO - Processing /home/airflow/.local/lib/python3.7/site-packages/airflow/example_dags/example_branch_operator.py took 0.120 seconds
[2022-10-19T15:59:46.968+0000] {processor.py:156} INFO - Started process (PID=183) to work on /home/airflow/.local/lib/python3.7/site-packages/airflow/example_dags/example_branch_operator.py
[2022-10-19T15:59:46.971+0000] {processor.py:758} INFO - Processing file /home/airflow/.local/lib/python3.7/site-packages/airflow/example_dags/example_branch_operator.py for tasks to queue
[2022-10-19T15:59:46.972+0000] {logging_mixin.py:117} INFO - [2022-10-19T15:59:46.972+0000] {dagbag.py:525} INFO - Filling up the DagBag from /home/airflow/.local/lib/python3.7/site-packages/airflow/example_dags/example_branch_operator.py
[2022-10-19T15:59:46.993+0000] {processor.py:768} INFO - DAG(s) dict_keys(['example_branch_operator']) retrieved from /home/airflow/.local/lib/python3.7/site-packages/airflow/example_dags/example_branch_operator.py
[2022-10-19T15:59:47.073+0000] {logging_mixin.py:117} INFO - [2022-10-19T15:59:47.073+0000] {dag.py:2573} INFO - Sync 1 DAGs
[2022-10-19T15:59:47.095+0000] {logging_mixin.py:117} INFO - [2022-10-19T15:59:47.095+0000] {dag.py:3328} INFO - Setting next_dagrun for example_branch_operator to 2022-10-18T00:00:00+00:00, run_after=2022-10-19T00:00:00+00:00
[2022-10-19T15:59:47.163+0000] {processor.py:178} INFO - Processing /home/airflow/.local/lib/python3.7/site-packages/airflow/example_dags/example_branch_operator.py took 0.198 seconds
[2022-10-19T16:00:19.307+0000] {processor.py:156} INFO - Started process (PID=240) to work on /home/airflow/.local/lib/python3.7/site-packages/airflow/example_dags/example_branch_operator.py
[2022-10-19T16:00:19.314+0000] {processor.py:758} INFO - Processing file /home/airflow/.local/lib/python3.7/site-packages/airflow/example_dags/example_branch_operator.py for tasks to queue
[2022-10-19T16:00:19.327+0000] {logging_mixin.py:117} INFO - [2022-10-19T16:00:19.327+0000] {dagbag.py:525} INFO - Filling up the DagBag from /home/airflow/.local/lib/python3.7/site-packages/airflow/example_dags/example_branch_operator.py
[2022-10-19T16:00:19.379+0000] {processor.py:768} INFO - DAG(s) dict_keys(['example_branch_operator']) retrieved from /home/airflow/.local/lib/python3.7/site-packages/airflow/example_dags/example_branch_operator.py
[2022-10-19T16:00:19.879+0000] {logging_mixin.py:117} INFO - [2022-10-19T16:00:19.879+0000] {dag.py:2573} INFO - Sync 1 DAGs
[2022-10-19T16:00:20.252+0000] {logging_mixin.py:117} INFO - [2022-10-19T16:00:20.252+0000] {dag.py:3328} INFO - Setting next_dagrun for example_branch_operator to 2022-10-18T00:00:00+00:00, run_after=2022-10-19T00:00:00+00:00
[2022-10-19T16:00:20.318+0000] {processor.py:178} INFO - Processing /home/airflow/.local/lib/python3.7/site-packages/airflow/example_dags/example_branch_operator.py took 1.016 seconds
[2022-10-19T16:00:50.863+0000] {processor.py:156} INFO - Started process (PID=304) to work on /home/airflow/.local/lib/python3.7/site-packages/airflow/example_dags/example_branch_operator.py
[2022-10-19T16:00:50.866+0000] {processor.py:758} INFO - Processing file /home/airflow/.local/lib/python3.7/site-packages/airflow/example_dags/example_branch_operator.py for tasks to queue
[2022-10-19T16:00:50.869+0000] {logging_mixin.py:117} INFO - [2022-10-19T16:00:50.869+0000] {dagbag.py:525} INFO - Filling up the DagBag from /home/airflow/.local/lib/python3.7/site-packages/airflow/example_dags/example_branch_operator.py
[2022-10-19T16:00:50.890+0000] {processor.py:768} INFO - DAG(s) dict_keys(['example_branch_operator']) retrieved from /home/airflow/.local/lib/python3.7/site-packages/airflow/example_dags/example_branch_operator.py
[2022-10-19T16:00:50.924+0000] {logging_mixin.py:117} INFO - [2022-10-19T16:00:50.924+0000] {dag.py:2573} INFO - Sync 1 DAGs
[2022-10-19T16:00:50.947+0000] {logging_mixin.py:117} INFO - [2022-10-19T16:00:50.947+0000] {dag.py:3328} INFO - Setting next_dagrun for example_branch_operator to 2022-10-18T00:00:00+00:00, run_after=2022-10-19T00:00:00+00:00
[2022-10-19T16:00:50.975+0000] {processor.py:178} INFO - Processing /home/airflow/.local/lib/python3.7/site-packages/airflow/example_dags/example_branch_operator.py took 0.118 seconds
[2022-10-19T16:01:21.720+0000] {processor.py:156} INFO - Started process (PID=369) to work on /home/airflow/.local/lib/python3.7/site-packages/airflow/example_dags/example_branch_operator.py
[2022-10-19T16:01:21.730+0000] {processor.py:758} INFO - Processing file /home/airflow/.local/lib/python3.7/site-packages/airflow/example_dags/example_branch_operator.py for tasks to queue
[2022-10-19T16:01:21.736+0000] {logging_mixin.py:117} INFO - [2022-10-19T16:01:21.735+0000] {dagbag.py:525} INFO - Filling up the DagBag from /home/airflow/.local/lib/python3.7/site-packages/airflow/example_dags/example_branch_operator.py
[2022-10-19T16:01:21.804+0000] {processor.py:768} INFO - DAG(s) dict_keys(['example_branch_operator']) retrieved from /home/airflow/.local/lib/python3.7/site-packages/airflow/example_dags/example_branch_operator.py
[2022-10-19T16:01:21.943+0000] {logging_mixin.py:117} INFO - [2022-10-19T16:01:21.943+0000] {dag.py:2573} INFO - Sync 1 DAGs
[2022-10-19T16:01:21.987+0000] {logging_mixin.py:117} INFO - [2022-10-19T16:01:21.986+0000] {dag.py:3328} INFO - Setting next_dagrun for example_branch_operator to 2022-10-18T00:00:00+00:00, run_after=2022-10-19T00:00:00+00:00
[2022-10-19T16:01:22.066+0000] {processor.py:178} INFO - Processing /home/airflow/.local/lib/python3.7/site-packages/airflow/example_dags/example_branch_operator.py took 0.362 seconds
[2022-10-19T16:01:52.730+0000] {processor.py:156} INFO - Started process (PID=426) to work on /home/airflow/.local/lib/python3.7/site-packages/airflow/example_dags/example_branch_operator.py
[2022-10-19T16:01:52.733+0000] {processor.py:758} INFO - Processing file /home/airflow/.local/lib/python3.7/site-packages/airflow/example_dags/example_branch_operator.py for tasks to queue
[2022-10-19T16:01:52.741+0000] {logging_mixin.py:117} INFO - [2022-10-19T16:01:52.740+0000] {dagbag.py:525} INFO - Filling up the DagBag from /home/airflow/.local/lib/python3.7/site-packages/airflow/example_dags/example_branch_operator.py
[2022-10-19T16:01:52.767+0000] {processor.py:768} INFO - DAG(s) dict_keys(['example_branch_operator']) retrieved from /home/airflow/.local/lib/python3.7/site-packages/airflow/example_dags/example_branch_operator.py
[2022-10-19T16:01:52.811+0000] {logging_mixin.py:117} INFO - [2022-10-19T16:01:52.811+0000] {dag.py:2573} INFO - Sync 1 DAGs
[2022-10-19T16:01:52.846+0000] {logging_mixin.py:117} INFO - [2022-10-19T16:01:52.846+0000] {dag.py:3328} INFO - Setting next_dagrun for example_branch_operator to 2022-10-18T00:00:00+00:00, run_after=2022-10-19T00:00:00+00:00
[2022-10-19T16:01:52.906+0000] {processor.py:178} INFO - Processing /home/airflow/.local/lib/python3.7/site-packages/airflow/example_dags/example_branch_operator.py took 0.186 seconds
[2022-10-19T16:02:23.830+0000] {processor.py:156} INFO - Started process (PID=491) to work on /home/airflow/.local/lib/python3.7/site-packages/airflow/example_dags/example_branch_operator.py
[2022-10-19T16:02:23.832+0000] {processor.py:758} INFO - Processing file /home/airflow/.local/lib/python3.7/site-packages/airflow/example_dags/example_branch_operator.py for tasks to queue
[2022-10-19T16:02:23.833+0000] {logging_mixin.py:117} INFO - [2022-10-19T16:02:23.833+0000] {dagbag.py:525} INFO - Filling up the DagBag from /home/airflow/.local/lib/python3.7/site-packages/airflow/example_dags/example_branch_operator.py
[2022-10-19T16:02:23.853+0000] {processor.py:768} INFO - DAG(s) dict_keys(['example_branch_operator']) retrieved from /home/airflow/.local/lib/python3.7/site-packages/airflow/example_dags/example_branch_operator.py
[2022-10-19T16:02:23.891+0000] {logging_mixin.py:117} INFO - [2022-10-19T16:02:23.891+0000] {dag.py:2573} INFO - Sync 1 DAGs
[2022-10-19T16:02:23.909+0000] {logging_mixin.py:117} INFO - [2022-10-19T16:02:23.909+0000] {dag.py:3328} INFO - Setting next_dagrun for example_branch_operator to 2022-10-18T00:00:00+00:00, run_after=2022-10-19T00:00:00+00:00
[2022-10-19T16:02:23.921+0000] {processor.py:178} INFO - Processing /home/airflow/.local/lib/python3.7/site-packages/airflow/example_dags/example_branch_operator.py took 0.100 seconds
[2022-10-19T16:02:54.070+0000] {processor.py:156} INFO - Started process (PID=556) to work on /home/airflow/.local/lib/python3.7/site-packages/airflow/example_dags/example_branch_operator.py
[2022-10-19T16:02:54.073+0000] {processor.py:758} INFO - Processing file /home/airflow/.local/lib/python3.7/site-packages/airflow/example_dags/example_branch_operator.py for tasks to queue
[2022-10-19T16:02:54.074+0000] {logging_mixin.py:117} INFO - [2022-10-19T16:02:54.074+0000] {dagbag.py:525} INFO - Filling up the DagBag from /home/airflow/.local/lib/python3.7/site-packages/airflow/example_dags/example_branch_operator.py
[2022-10-19T16:02:54.102+0000] {processor.py:768} INFO - DAG(s) dict_keys(['example_branch_operator']) retrieved from /home/airflow/.local/lib/python3.7/site-packages/airflow/example_dags/example_branch_operator.py
[2022-10-19T16:02:54.140+0000] {logging_mixin.py:117} INFO - [2022-10-19T16:02:54.140+0000] {dag.py:2573} INFO - Sync 1 DAGs
[2022-10-19T16:02:54.161+0000] {logging_mixin.py:117} INFO - [2022-10-19T16:02:54.161+0000] {dag.py:3328} INFO - Setting next_dagrun for example_branch_operator to 2022-10-18T00:00:00+00:00, run_after=2022-10-19T00:00:00+00:00
[2022-10-19T16:02:54.173+0000] {processor.py:178} INFO - Processing /home/airflow/.local/lib/python3.7/site-packages/airflow/example_dags/example_branch_operator.py took 0.110 seconds
[2022-10-19T16:03:25.058+0000] {processor.py:156} INFO - Started process (PID=621) to work on /home/airflow/.local/lib/python3.7/site-packages/airflow/example_dags/example_branch_operator.py
[2022-10-19T16:03:25.066+0000] {processor.py:758} INFO - Processing file /home/airflow/.local/lib/python3.7/site-packages/airflow/example_dags/example_branch_operator.py for tasks to queue
[2022-10-19T16:03:25.070+0000] {logging_mixin.py:117} INFO - [2022-10-19T16:03:25.070+0000] {dagbag.py:525} INFO - Filling up the DagBag from /home/airflow/.local/lib/python3.7/site-packages/airflow/example_dags/example_branch_operator.py
[2022-10-19T16:03:25.089+0000] {processor.py:768} INFO - DAG(s) dict_keys(['example_branch_operator']) retrieved from /home/airflow/.local/lib/python3.7/site-packages/airflow/example_dags/example_branch_operator.py
[2022-10-19T16:03:25.131+0000] {logging_mixin.py:117} INFO - [2022-10-19T16:03:25.130+0000] {dag.py:2573} INFO - Sync 1 DAGs
[2022-10-19T16:03:25.153+0000] {logging_mixin.py:117} INFO - [2022-10-19T16:03:25.152+0000] {dag.py:3328} INFO - Setting next_dagrun for example_branch_operator to 2022-10-18T00:00:00+00:00, run_after=2022-10-19T00:00:00+00:00
[2022-10-19T16:03:25.165+0000] {processor.py:178} INFO - Processing /home/airflow/.local/lib/python3.7/site-packages/airflow/example_dags/example_branch_operator.py took 0.111 seconds
[2022-10-19T16:03:56.080+0000] {processor.py:156} INFO - Started process (PID=686) to work on /home/airflow/.local/lib/python3.7/site-packages/airflow/example_dags/example_branch_operator.py
[2022-10-19T16:03:56.083+0000] {processor.py:758} INFO - Processing file /home/airflow/.local/lib/python3.7/site-packages/airflow/example_dags/example_branch_operator.py for tasks to queue
[2022-10-19T16:03:56.086+0000] {logging_mixin.py:117} INFO - [2022-10-19T16:03:56.086+0000] {dagbag.py:525} INFO - Filling up the DagBag from /home/airflow/.local/lib/python3.7/site-packages/airflow/example_dags/example_branch_operator.py
[2022-10-19T16:03:56.106+0000] {processor.py:768} INFO - DAG(s) dict_keys(['example_branch_operator']) retrieved from /home/airflow/.local/lib/python3.7/site-packages/airflow/example_dags/example_branch_operator.py
[2022-10-19T16:03:56.134+0000] {logging_mixin.py:117} INFO - [2022-10-19T16:03:56.133+0000] {dag.py:2573} INFO - Sync 1 DAGs
[2022-10-19T16:03:56.164+0000] {logging_mixin.py:117} INFO - [2022-10-19T16:03:56.164+0000] {dag.py:3328} INFO - Setting next_dagrun for example_branch_operator to 2022-10-18T00:00:00+00:00, run_after=2022-10-19T00:00:00+00:00
[2022-10-19T16:03:56.188+0000] {processor.py:178} INFO - Processing /home/airflow/.local/lib/python3.7/site-packages/airflow/example_dags/example_branch_operator.py took 0.117 seconds
[2022-10-19T16:04:26.654+0000] {processor.py:156} INFO - Started process (PID=751) to work on /home/airflow/.local/lib/python3.7/site-packages/airflow/example_dags/example_branch_operator.py
[2022-10-19T16:04:26.658+0000] {processor.py:758} INFO - Processing file /home/airflow/.local/lib/python3.7/site-packages/airflow/example_dags/example_branch_operator.py for tasks to queue
[2022-10-19T16:04:26.661+0000] {logging_mixin.py:117} INFO - [2022-10-19T16:04:26.661+0000] {dagbag.py:525} INFO - Filling up the DagBag from /home/airflow/.local/lib/python3.7/site-packages/airflow/example_dags/example_branch_operator.py
[2022-10-19T16:04:26.709+0000] {processor.py:768} INFO - DAG(s) dict_keys(['example_branch_operator']) retrieved from /home/airflow/.local/lib/python3.7/site-packages/airflow/example_dags/example_branch_operator.py
[2022-10-19T16:04:26.757+0000] {logging_mixin.py:117} INFO - [2022-10-19T16:04:26.757+0000] {dag.py:2573} INFO - Sync 1 DAGs
[2022-10-19T16:04:26.783+0000] {logging_mixin.py:117} INFO - [2022-10-19T16:04:26.783+0000] {dag.py:3328} INFO - Setting next_dagrun for example_branch_operator to 2022-10-18T00:00:00+00:00, run_after=2022-10-19T00:00:00+00:00
[2022-10-19T16:04:26.823+0000] {processor.py:178} INFO - Processing /home/airflow/.local/lib/python3.7/site-packages/airflow/example_dags/example_branch_operator.py took 0.187 seconds
[2022-10-19T16:04:57.627+0000] {processor.py:156} INFO - Started process (PID=807) to work on /home/airflow/.local/lib/python3.7/site-packages/airflow/example_dags/example_branch_operator.py
[2022-10-19T16:04:57.631+0000] {processor.py:758} INFO - Processing file /home/airflow/.local/lib/python3.7/site-packages/airflow/example_dags/example_branch_operator.py for tasks to queue
[2022-10-19T16:04:57.633+0000] {logging_mixin.py:117} INFO - [2022-10-19T16:04:57.633+0000] {dagbag.py:525} INFO - Filling up the DagBag from /home/airflow/.local/lib/python3.7/site-packages/airflow/example_dags/example_branch_operator.py
[2022-10-19T16:04:57.648+0000] {processor.py:768} INFO - DAG(s) dict_keys(['example_branch_operator']) retrieved from /home/airflow/.local/lib/python3.7/site-packages/airflow/example_dags/example_branch_operator.py
[2022-10-19T16:04:57.683+0000] {logging_mixin.py:117} INFO - [2022-10-19T16:04:57.682+0000] {dag.py:2573} INFO - Sync 1 DAGs
[2022-10-19T16:04:57.704+0000] {logging_mixin.py:117} INFO - [2022-10-19T16:04:57.704+0000] {dag.py:3328} INFO - Setting next_dagrun for example_branch_operator to 2022-10-18T00:00:00+00:00, run_after=2022-10-19T00:00:00+00:00
[2022-10-19T16:04:57.719+0000] {processor.py:178} INFO - Processing /home/airflow/.local/lib/python3.7/site-packages/airflow/example_dags/example_branch_operator.py took 0.099 seconds
[2022-10-19T16:05:28.418+0000] {processor.py:156} INFO - Started process (PID=873) to work on /home/airflow/.local/lib/python3.7/site-packages/airflow/example_dags/example_branch_operator.py
[2022-10-19T16:05:28.422+0000] {processor.py:758} INFO - Processing file /home/airflow/.local/lib/python3.7/site-packages/airflow/example_dags/example_branch_operator.py for tasks to queue
[2022-10-19T16:05:28.424+0000] {logging_mixin.py:117} INFO - [2022-10-19T16:05:28.423+0000] {dagbag.py:525} INFO - Filling up the DagBag from /home/airflow/.local/lib/python3.7/site-packages/airflow/example_dags/example_branch_operator.py
[2022-10-19T16:05:28.509+0000] {processor.py:768} INFO - DAG(s) dict_keys(['example_branch_operator']) retrieved from /home/airflow/.local/lib/python3.7/site-packages/airflow/example_dags/example_branch_operator.py
[2022-10-19T16:05:28.637+0000] {logging_mixin.py:117} INFO - [2022-10-19T16:05:28.637+0000] {dag.py:2573} INFO - Sync 1 DAGs
[2022-10-19T16:05:28.665+0000] {logging_mixin.py:117} INFO - [2022-10-19T16:05:28.665+0000] {dag.py:3328} INFO - Setting next_dagrun for example_branch_operator to 2022-10-18T00:00:00+00:00, run_after=2022-10-19T00:00:00+00:00
[2022-10-19T16:05:28.696+0000] {processor.py:178} INFO - Processing /home/airflow/.local/lib/python3.7/site-packages/airflow/example_dags/example_branch_operator.py took 0.287 seconds
[2022-10-19T16:05:59.179+0000] {processor.py:156} INFO - Started process (PID=937) to work on /home/airflow/.local/lib/python3.7/site-packages/airflow/example_dags/example_branch_operator.py
[2022-10-19T16:05:59.182+0000] {processor.py:758} INFO - Processing file /home/airflow/.local/lib/python3.7/site-packages/airflow/example_dags/example_branch_operator.py for tasks to queue
[2022-10-19T16:05:59.187+0000] {logging_mixin.py:117} INFO - [2022-10-19T16:05:59.186+0000] {dagbag.py:525} INFO - Filling up the DagBag from /home/airflow/.local/lib/python3.7/site-packages/airflow/example_dags/example_branch_operator.py
[2022-10-19T16:05:59.212+0000] {processor.py:768} INFO - DAG(s) dict_keys(['example_branch_operator']) retrieved from /home/airflow/.local/lib/python3.7/site-packages/airflow/example_dags/example_branch_operator.py
[2022-10-19T16:05:59.270+0000] {logging_mixin.py:117} INFO - [2022-10-19T16:05:59.270+0000] {dag.py:2573} INFO - Sync 1 DAGs
[2022-10-19T16:05:59.308+0000] {logging_mixin.py:117} INFO - [2022-10-19T16:05:59.308+0000] {dag.py:3328} INFO - Setting next_dagrun for example_branch_operator to 2022-10-18T00:00:00+00:00, run_after=2022-10-19T00:00:00+00:00
[2022-10-19T16:05:59.332+0000] {processor.py:178} INFO - Processing /home/airflow/.local/lib/python3.7/site-packages/airflow/example_dags/example_branch_operator.py took 0.161 seconds
[2022-10-19T16:06:30.037+0000] {processor.py:156} INFO - Started process (PID=1002) to work on /home/airflow/.local/lib/python3.7/site-packages/airflow/example_dags/example_branch_operator.py
[2022-10-19T16:06:30.041+0000] {processor.py:758} INFO - Processing file /home/airflow/.local/lib/python3.7/site-packages/airflow/example_dags/example_branch_operator.py for tasks to queue
[2022-10-19T16:06:30.043+0000] {logging_mixin.py:117} INFO - [2022-10-19T16:06:30.043+0000] {dagbag.py:525} INFO - Filling up the DagBag from /home/airflow/.local/lib/python3.7/site-packages/airflow/example_dags/example_branch_operator.py
[2022-10-19T16:06:30.065+0000] {processor.py:768} INFO - DAG(s) dict_keys(['example_branch_operator']) retrieved from /home/airflow/.local/lib/python3.7/site-packages/airflow/example_dags/example_branch_operator.py
[2022-10-19T16:06:30.122+0000] {logging_mixin.py:117} INFO - [2022-10-19T16:06:30.122+0000] {dag.py:2573} INFO - Sync 1 DAGs
[2022-10-19T16:06:30.154+0000] {logging_mixin.py:117} INFO - [2022-10-19T16:06:30.154+0000] {dag.py:3328} INFO - Setting next_dagrun for example_branch_operator to 2022-10-18T00:00:00+00:00, run_after=2022-10-19T00:00:00+00:00
[2022-10-19T16:06:30.173+0000] {processor.py:178} INFO - Processing /home/airflow/.local/lib/python3.7/site-packages/airflow/example_dags/example_branch_operator.py took 0.144 seconds
[2022-10-19T16:07:00.591+0000] {processor.py:156} INFO - Started process (PID=1058) to work on /home/airflow/.local/lib/python3.7/site-packages/airflow/example_dags/example_branch_operator.py
[2022-10-19T16:07:00.594+0000] {processor.py:758} INFO - Processing file /home/airflow/.local/lib/python3.7/site-packages/airflow/example_dags/example_branch_operator.py for tasks to queue
[2022-10-19T16:07:00.596+0000] {logging_mixin.py:117} INFO - [2022-10-19T16:07:00.596+0000] {dagbag.py:525} INFO - Filling up the DagBag from /home/airflow/.local/lib/python3.7/site-packages/airflow/example_dags/example_branch_operator.py
[2022-10-19T16:07:00.623+0000] {processor.py:768} INFO - DAG(s) dict_keys(['example_branch_operator']) retrieved from /home/airflow/.local/lib/python3.7/site-packages/airflow/example_dags/example_branch_operator.py
[2022-10-19T16:07:00.691+0000] {logging_mixin.py:117} INFO - [2022-10-19T16:07:00.691+0000] {dag.py:2573} INFO - Sync 1 DAGs
[2022-10-19T16:07:00.736+0000] {logging_mixin.py:117} INFO - [2022-10-19T16:07:00.736+0000] {dag.py:3328} INFO - Setting next_dagrun for example_branch_operator to 2022-10-18T00:00:00+00:00, run_after=2022-10-19T00:00:00+00:00
[2022-10-19T16:07:00.768+0000] {processor.py:178} INFO - Processing /home/airflow/.local/lib/python3.7/site-packages/airflow/example_dags/example_branch_operator.py took 0.183 seconds
[2022-10-19T16:07:31.583+0000] {processor.py:156} INFO - Started process (PID=1123) to work on /home/airflow/.local/lib/python3.7/site-packages/airflow/example_dags/example_branch_operator.py
[2022-10-19T16:07:31.588+0000] {processor.py:758} INFO - Processing file /home/airflow/.local/lib/python3.7/site-packages/airflow/example_dags/example_branch_operator.py for tasks to queue
[2022-10-19T16:07:31.591+0000] {logging_mixin.py:117} INFO - [2022-10-19T16:07:31.591+0000] {dagbag.py:525} INFO - Filling up the DagBag from /home/airflow/.local/lib/python3.7/site-packages/airflow/example_dags/example_branch_operator.py
[2022-10-19T16:07:31.627+0000] {processor.py:768} INFO - DAG(s) dict_keys(['example_branch_operator']) retrieved from /home/airflow/.local/lib/python3.7/site-packages/airflow/example_dags/example_branch_operator.py
[2022-10-19T16:07:31.691+0000] {logging_mixin.py:117} INFO - [2022-10-19T16:07:31.690+0000] {dag.py:2573} INFO - Sync 1 DAGs
[2022-10-19T16:07:31.715+0000] {logging_mixin.py:117} INFO - [2022-10-19T16:07:31.715+0000] {dag.py:3328} INFO - Setting next_dagrun for example_branch_operator to 2022-10-18T00:00:00+00:00, run_after=2022-10-19T00:00:00+00:00
[2022-10-19T16:07:31.732+0000] {processor.py:178} INFO - Processing /home/airflow/.local/lib/python3.7/site-packages/airflow/example_dags/example_branch_operator.py took 0.157 seconds
[2022-10-19T16:08:02.615+0000] {processor.py:156} INFO - Started process (PID=1188) to work on /home/airflow/.local/lib/python3.7/site-packages/airflow/example_dags/example_branch_operator.py
[2022-10-19T16:08:02.617+0000] {processor.py:758} INFO - Processing file /home/airflow/.local/lib/python3.7/site-packages/airflow/example_dags/example_branch_operator.py for tasks to queue
[2022-10-19T16:08:02.618+0000] {logging_mixin.py:117} INFO - [2022-10-19T16:08:02.618+0000] {dagbag.py:525} INFO - Filling up the DagBag from /home/airflow/.local/lib/python3.7/site-packages/airflow/example_dags/example_branch_operator.py
[2022-10-19T16:08:02.632+0000] {processor.py:768} INFO - DAG(s) dict_keys(['example_branch_operator']) retrieved from /home/airflow/.local/lib/python3.7/site-packages/airflow/example_dags/example_branch_operator.py
[2022-10-19T16:08:02.660+0000] {logging_mixin.py:117} INFO - [2022-10-19T16:08:02.660+0000] {dag.py:2573} INFO - Sync 1 DAGs
[2022-10-19T16:08:02.681+0000] {logging_mixin.py:117} INFO - [2022-10-19T16:08:02.681+0000] {dag.py:3328} INFO - Setting next_dagrun for example_branch_operator to 2022-10-18T00:00:00+00:00, run_after=2022-10-19T00:00:00+00:00
[2022-10-19T16:08:02.696+0000] {processor.py:178} INFO - Processing /home/airflow/.local/lib/python3.7/site-packages/airflow/example_dags/example_branch_operator.py took 0.086 seconds
[2022-10-19T16:08:32.955+0000] {processor.py:156} INFO - Started process (PID=1253) to work on /home/airflow/.local/lib/python3.7/site-packages/airflow/example_dags/example_branch_operator.py
[2022-10-19T16:08:32.958+0000] {processor.py:758} INFO - Processing file /home/airflow/.local/lib/python3.7/site-packages/airflow/example_dags/example_branch_operator.py for tasks to queue
[2022-10-19T16:08:32.962+0000] {logging_mixin.py:117} INFO - [2022-10-19T16:08:32.962+0000] {dagbag.py:525} INFO - Filling up the DagBag from /home/airflow/.local/lib/python3.7/site-packages/airflow/example_dags/example_branch_operator.py
[2022-10-19T16:08:32.988+0000] {processor.py:768} INFO - DAG(s) dict_keys(['example_branch_operator']) retrieved from /home/airflow/.local/lib/python3.7/site-packages/airflow/example_dags/example_branch_operator.py
[2022-10-19T16:08:33.025+0000] {logging_mixin.py:117} INFO - [2022-10-19T16:08:33.025+0000] {dag.py:2573} INFO - Sync 1 DAGs
[2022-10-19T16:08:33.047+0000] {logging_mixin.py:117} INFO - [2022-10-19T16:08:33.047+0000] {dag.py:3328} INFO - Setting next_dagrun for example_branch_operator to 2022-10-18T00:00:00+00:00, run_after=2022-10-19T00:00:00+00:00
[2022-10-19T16:08:33.067+0000] {processor.py:178} INFO - Processing /home/airflow/.local/lib/python3.7/site-packages/airflow/example_dags/example_branch_operator.py took 0.123 seconds
[2022-10-19T16:09:03.271+0000] {processor.py:156} INFO - Started process (PID=1309) to work on /home/airflow/.local/lib/python3.7/site-packages/airflow/example_dags/example_branch_operator.py
[2022-10-19T16:09:03.274+0000] {processor.py:758} INFO - Processing file /home/airflow/.local/lib/python3.7/site-packages/airflow/example_dags/example_branch_operator.py for tasks to queue
[2022-10-19T16:09:03.278+0000] {logging_mixin.py:117} INFO - [2022-10-19T16:09:03.278+0000] {dagbag.py:525} INFO - Filling up the DagBag from /home/airflow/.local/lib/python3.7/site-packages/airflow/example_dags/example_branch_operator.py
[2022-10-19T16:09:03.302+0000] {processor.py:768} INFO - DAG(s) dict_keys(['example_branch_operator']) retrieved from /home/airflow/.local/lib/python3.7/site-packages/airflow/example_dags/example_branch_operator.py
[2022-10-19T16:09:03.338+0000] {logging_mixin.py:117} INFO - [2022-10-19T16:09:03.338+0000] {dag.py:2573} INFO - Sync 1 DAGs
[2022-10-19T16:09:03.368+0000] {logging_mixin.py:117} INFO - [2022-10-19T16:09:03.368+0000] {dag.py:3328} INFO - Setting next_dagrun for example_branch_operator to 2022-10-18T00:00:00+00:00, run_after=2022-10-19T00:00:00+00:00
[2022-10-19T16:09:03.390+0000] {processor.py:178} INFO - Processing /home/airflow/.local/lib/python3.7/site-packages/airflow/example_dags/example_branch_operator.py took 0.125 seconds
[2022-10-19T16:09:33.980+0000] {processor.py:156} INFO - Started process (PID=1374) to work on /home/airflow/.local/lib/python3.7/site-packages/airflow/example_dags/example_branch_operator.py
[2022-10-19T16:09:33.982+0000] {processor.py:758} INFO - Processing file /home/airflow/.local/lib/python3.7/site-packages/airflow/example_dags/example_branch_operator.py for tasks to queue
[2022-10-19T16:09:33.985+0000] {logging_mixin.py:117} INFO - [2022-10-19T16:09:33.984+0000] {dagbag.py:525} INFO - Filling up the DagBag from /home/airflow/.local/lib/python3.7/site-packages/airflow/example_dags/example_branch_operator.py
[2022-10-19T16:09:34.002+0000] {processor.py:768} INFO - DAG(s) dict_keys(['example_branch_operator']) retrieved from /home/airflow/.local/lib/python3.7/site-packages/airflow/example_dags/example_branch_operator.py
[2022-10-19T16:09:34.032+0000] {logging_mixin.py:117} INFO - [2022-10-19T16:09:34.031+0000] {dag.py:2573} INFO - Sync 1 DAGs
[2022-10-19T16:09:34.048+0000] {logging_mixin.py:117} INFO - [2022-10-19T16:09:34.048+0000] {dag.py:3328} INFO - Setting next_dagrun for example_branch_operator to 2022-10-18T00:00:00+00:00, run_after=2022-10-19T00:00:00+00:00
[2022-10-19T16:09:34.064+0000] {processor.py:178} INFO - Processing /home/airflow/.local/lib/python3.7/site-packages/airflow/example_dags/example_branch_operator.py took 0.089 seconds
[2022-10-19T16:10:04.957+0000] {processor.py:156} INFO - Started process (PID=1441) to work on /home/airflow/.local/lib/python3.7/site-packages/airflow/example_dags/example_branch_operator.py
[2022-10-19T16:10:04.959+0000] {processor.py:758} INFO - Processing file /home/airflow/.local/lib/python3.7/site-packages/airflow/example_dags/example_branch_operator.py for tasks to queue
[2022-10-19T16:10:04.960+0000] {logging_mixin.py:117} INFO - [2022-10-19T16:10:04.960+0000] {dagbag.py:525} INFO - Filling up the DagBag from /home/airflow/.local/lib/python3.7/site-packages/airflow/example_dags/example_branch_operator.py
[2022-10-19T16:10:04.982+0000] {processor.py:768} INFO - DAG(s) dict_keys(['example_branch_operator']) retrieved from /home/airflow/.local/lib/python3.7/site-packages/airflow/example_dags/example_branch_operator.py
[2022-10-19T16:10:05.008+0000] {logging_mixin.py:117} INFO - [2022-10-19T16:10:05.008+0000] {dag.py:2573} INFO - Sync 1 DAGs
[2022-10-19T16:10:05.024+0000] {logging_mixin.py:117} INFO - [2022-10-19T16:10:05.024+0000] {dag.py:3328} INFO - Setting next_dagrun for example_branch_operator to 2022-10-18T00:00:00+00:00, run_after=2022-10-19T00:00:00+00:00
[2022-10-19T16:10:05.037+0000] {processor.py:178} INFO - Processing /home/airflow/.local/lib/python3.7/site-packages/airflow/example_dags/example_branch_operator.py took 0.083 seconds
[2022-10-19T16:10:35.883+0000] {processor.py:156} INFO - Started process (PID=1506) to work on /home/airflow/.local/lib/python3.7/site-packages/airflow/example_dags/example_branch_operator.py
[2022-10-19T16:10:35.886+0000] {processor.py:758} INFO - Processing file /home/airflow/.local/lib/python3.7/site-packages/airflow/example_dags/example_branch_operator.py for tasks to queue
[2022-10-19T16:10:35.895+0000] {logging_mixin.py:117} INFO - [2022-10-19T16:10:35.895+0000] {dagbag.py:525} INFO - Filling up the DagBag from /home/airflow/.local/lib/python3.7/site-packages/airflow/example_dags/example_branch_operator.py
[2022-10-19T16:10:35.937+0000] {processor.py:768} INFO - DAG(s) dict_keys(['example_branch_operator']) retrieved from /home/airflow/.local/lib/python3.7/site-packages/airflow/example_dags/example_branch_operator.py
[2022-10-19T16:10:36.030+0000] {logging_mixin.py:117} INFO - [2022-10-19T16:10:36.030+0000] {dag.py:2573} INFO - Sync 1 DAGs
[2022-10-19T16:10:36.101+0000] {logging_mixin.py:117} INFO - [2022-10-19T16:10:36.101+0000] {dag.py:3328} INFO - Setting next_dagrun for example_branch_operator to 2022-10-18T00:00:00+00:00, run_after=2022-10-19T00:00:00+00:00
[2022-10-19T16:10:36.138+0000] {processor.py:178} INFO - Processing /home/airflow/.local/lib/python3.7/site-packages/airflow/example_dags/example_branch_operator.py took 0.268 seconds
[2022-10-19T16:11:06.521+0000] {processor.py:156} INFO - Started process (PID=1570) to work on /home/airflow/.local/lib/python3.7/site-packages/airflow/example_dags/example_branch_operator.py
[2022-10-19T16:11:06.528+0000] {processor.py:758} INFO - Processing file /home/airflow/.local/lib/python3.7/site-packages/airflow/example_dags/example_branch_operator.py for tasks to queue
[2022-10-19T16:11:06.535+0000] {logging_mixin.py:117} INFO - [2022-10-19T16:11:06.535+0000] {dagbag.py:525} INFO - Filling up the DagBag from /home/airflow/.local/lib/python3.7/site-packages/airflow/example_dags/example_branch_operator.py
[2022-10-19T16:11:06.609+0000] {processor.py:768} INFO - DAG(s) dict_keys(['example_branch_operator']) retrieved from /home/airflow/.local/lib/python3.7/site-packages/airflow/example_dags/example_branch_operator.py
[2022-10-19T16:11:06.666+0000] {logging_mixin.py:117} INFO - [2022-10-19T16:11:06.666+0000] {dag.py:2573} INFO - Sync 1 DAGs
[2022-10-19T16:11:06.688+0000] {logging_mixin.py:117} INFO - [2022-10-19T16:11:06.688+0000] {dag.py:3328} INFO - Setting next_dagrun for example_branch_operator to 2022-10-18T00:00:00+00:00, run_after=2022-10-19T00:00:00+00:00
[2022-10-19T16:11:06.706+0000] {processor.py:178} INFO - Processing /home/airflow/.local/lib/python3.7/site-packages/airflow/example_dags/example_branch_operator.py took 0.201 seconds
[2022-10-19T16:11:37.322+0000] {processor.py:156} INFO - Started process (PID=1626) to work on /home/airflow/.local/lib/python3.7/site-packages/airflow/example_dags/example_branch_operator.py
[2022-10-19T16:11:37.328+0000] {processor.py:758} INFO - Processing file /home/airflow/.local/lib/python3.7/site-packages/airflow/example_dags/example_branch_operator.py for tasks to queue
[2022-10-19T16:11:37.331+0000] {logging_mixin.py:117} INFO - [2022-10-19T16:11:37.331+0000] {dagbag.py:525} INFO - Filling up the DagBag from /home/airflow/.local/lib/python3.7/site-packages/airflow/example_dags/example_branch_operator.py
[2022-10-19T16:11:37.381+0000] {processor.py:768} INFO - DAG(s) dict_keys(['example_branch_operator']) retrieved from /home/airflow/.local/lib/python3.7/site-packages/airflow/example_dags/example_branch_operator.py
[2022-10-19T16:11:37.432+0000] {logging_mixin.py:117} INFO - [2022-10-19T16:11:37.432+0000] {dag.py:2573} INFO - Sync 1 DAGs
[2022-10-19T16:11:37.452+0000] {logging_mixin.py:117} INFO - [2022-10-19T16:11:37.452+0000] {dag.py:3328} INFO - Setting next_dagrun for example_branch_operator to 2022-10-18T00:00:00+00:00, run_after=2022-10-19T00:00:00+00:00
[2022-10-19T16:11:37.467+0000] {processor.py:178} INFO - Processing /home/airflow/.local/lib/python3.7/site-packages/airflow/example_dags/example_branch_operator.py took 0.153 seconds
[2022-10-19T16:12:07.763+0000] {processor.py:156} INFO - Started process (PID=1692) to work on /home/airflow/.local/lib/python3.7/site-packages/airflow/example_dags/example_branch_operator.py
[2022-10-19T16:12:07.765+0000] {processor.py:758} INFO - Processing file /home/airflow/.local/lib/python3.7/site-packages/airflow/example_dags/example_branch_operator.py for tasks to queue
[2022-10-19T16:12:07.767+0000] {logging_mixin.py:117} INFO - [2022-10-19T16:12:07.767+0000] {dagbag.py:525} INFO - Filling up the DagBag from /home/airflow/.local/lib/python3.7/site-packages/airflow/example_dags/example_branch_operator.py
[2022-10-19T16:12:07.787+0000] {processor.py:768} INFO - DAG(s) dict_keys(['example_branch_operator']) retrieved from /home/airflow/.local/lib/python3.7/site-packages/airflow/example_dags/example_branch_operator.py
[2022-10-19T16:12:07.817+0000] {logging_mixin.py:117} INFO - [2022-10-19T16:12:07.817+0000] {dag.py:2573} INFO - Sync 1 DAGs
[2022-10-19T16:12:07.843+0000] {logging_mixin.py:117} INFO - [2022-10-19T16:12:07.843+0000] {dag.py:3328} INFO - Setting next_dagrun for example_branch_operator to 2022-10-18T00:00:00+00:00, run_after=2022-10-19T00:00:00+00:00
[2022-10-19T16:12:07.877+0000] {processor.py:178} INFO - Processing /home/airflow/.local/lib/python3.7/site-packages/airflow/example_dags/example_branch_operator.py took 0.120 seconds
[2022-10-19T16:12:38.827+0000] {processor.py:156} INFO - Started process (PID=1758) to work on /home/airflow/.local/lib/python3.7/site-packages/airflow/example_dags/example_branch_operator.py
[2022-10-19T16:12:38.828+0000] {processor.py:758} INFO - Processing file /home/airflow/.local/lib/python3.7/site-packages/airflow/example_dags/example_branch_operator.py for tasks to queue
[2022-10-19T16:12:38.830+0000] {logging_mixin.py:117} INFO - [2022-10-19T16:12:38.830+0000] {dagbag.py:525} INFO - Filling up the DagBag from /home/airflow/.local/lib/python3.7/site-packages/airflow/example_dags/example_branch_operator.py
[2022-10-19T16:12:38.844+0000] {processor.py:768} INFO - DAG(s) dict_keys(['example_branch_operator']) retrieved from /home/airflow/.local/lib/python3.7/site-packages/airflow/example_dags/example_branch_operator.py
[2022-10-19T16:12:38.872+0000] {logging_mixin.py:117} INFO - [2022-10-19T16:12:38.872+0000] {dag.py:2573} INFO - Sync 1 DAGs
[2022-10-19T16:12:38.889+0000] {logging_mixin.py:117} INFO - [2022-10-19T16:12:38.889+0000] {dag.py:3328} INFO - Setting next_dagrun for example_branch_operator to 2022-10-18T00:00:00+00:00, run_after=2022-10-19T00:00:00+00:00
[2022-10-19T16:12:38.902+0000] {processor.py:178} INFO - Processing /home/airflow/.local/lib/python3.7/site-packages/airflow/example_dags/example_branch_operator.py took 0.079 seconds
[2022-10-19T16:13:09.914+0000] {processor.py:156} INFO - Started process (PID=1822) to work on /home/airflow/.local/lib/python3.7/site-packages/airflow/example_dags/example_branch_operator.py
[2022-10-19T16:13:09.918+0000] {processor.py:758} INFO - Processing file /home/airflow/.local/lib/python3.7/site-packages/airflow/example_dags/example_branch_operator.py for tasks to queue
[2022-10-19T16:13:09.921+0000] {logging_mixin.py:117} INFO - [2022-10-19T16:13:09.921+0000] {dagbag.py:525} INFO - Filling up the DagBag from /home/airflow/.local/lib/python3.7/site-packages/airflow/example_dags/example_branch_operator.py
[2022-10-19T16:13:09.940+0000] {processor.py:768} INFO - DAG(s) dict_keys(['example_branch_operator']) retrieved from /home/airflow/.local/lib/python3.7/site-packages/airflow/example_dags/example_branch_operator.py
[2022-10-19T16:13:09.973+0000] {logging_mixin.py:117} INFO - [2022-10-19T16:13:09.973+0000] {dag.py:2573} INFO - Sync 1 DAGs
[2022-10-19T16:13:09.994+0000] {logging_mixin.py:117} INFO - [2022-10-19T16:13:09.993+0000] {dag.py:3328} INFO - Setting next_dagrun for example_branch_operator to 2022-10-18T00:00:00+00:00, run_after=2022-10-19T00:00:00+00:00
[2022-10-19T16:13:10.007+0000] {processor.py:178} INFO - Processing /home/airflow/.local/lib/python3.7/site-packages/airflow/example_dags/example_branch_operator.py took 0.097 seconds
[2022-10-19T16:13:40.350+0000] {processor.py:156} INFO - Started process (PID=1887) to work on /home/airflow/.local/lib/python3.7/site-packages/airflow/example_dags/example_branch_operator.py
[2022-10-19T16:13:40.353+0000] {processor.py:758} INFO - Processing file /home/airflow/.local/lib/python3.7/site-packages/airflow/example_dags/example_branch_operator.py for tasks to queue
[2022-10-19T16:13:40.356+0000] {logging_mixin.py:117} INFO - [2022-10-19T16:13:40.355+0000] {dagbag.py:525} INFO - Filling up the DagBag from /home/airflow/.local/lib/python3.7/site-packages/airflow/example_dags/example_branch_operator.py
[2022-10-19T16:13:40.373+0000] {processor.py:768} INFO - DAG(s) dict_keys(['example_branch_operator']) retrieved from /home/airflow/.local/lib/python3.7/site-packages/airflow/example_dags/example_branch_operator.py
[2022-10-19T16:13:40.416+0000] {logging_mixin.py:117} INFO - [2022-10-19T16:13:40.416+0000] {dag.py:2573} INFO - Sync 1 DAGs
[2022-10-19T16:13:40.442+0000] {logging_mixin.py:117} INFO - [2022-10-19T16:13:40.442+0000] {dag.py:3328} INFO - Setting next_dagrun for example_branch_operator to 2022-10-18T00:00:00+00:00, run_after=2022-10-19T00:00:00+00:00
[2022-10-19T16:13:40.462+0000] {processor.py:178} INFO - Processing /home/airflow/.local/lib/python3.7/site-packages/airflow/example_dags/example_branch_operator.py took 0.115 seconds
[2022-10-19T16:14:10.742+0000] {processor.py:156} INFO - Started process (PID=1943) to work on /home/airflow/.local/lib/python3.7/site-packages/airflow/example_dags/example_branch_operator.py
[2022-10-19T16:14:10.744+0000] {processor.py:758} INFO - Processing file /home/airflow/.local/lib/python3.7/site-packages/airflow/example_dags/example_branch_operator.py for tasks to queue
[2022-10-19T16:14:10.745+0000] {logging_mixin.py:117} INFO - [2022-10-19T16:14:10.745+0000] {dagbag.py:525} INFO - Filling up the DagBag from /home/airflow/.local/lib/python3.7/site-packages/airflow/example_dags/example_branch_operator.py
[2022-10-19T16:14:10.759+0000] {processor.py:768} INFO - DAG(s) dict_keys(['example_branch_operator']) retrieved from /home/airflow/.local/lib/python3.7/site-packages/airflow/example_dags/example_branch_operator.py
[2022-10-19T16:14:10.786+0000] {logging_mixin.py:117} INFO - [2022-10-19T16:14:10.785+0000] {dag.py:2573} INFO - Sync 1 DAGs
[2022-10-19T16:14:10.801+0000] {logging_mixin.py:117} INFO - [2022-10-19T16:14:10.801+0000] {dag.py:3328} INFO - Setting next_dagrun for example_branch_operator to 2022-10-18T00:00:00+00:00, run_after=2022-10-19T00:00:00+00:00
[2022-10-19T16:14:10.814+0000] {processor.py:178} INFO - Processing /home/airflow/.local/lib/python3.7/site-packages/airflow/example_dags/example_branch_operator.py took 0.074 seconds
[2022-10-19T16:14:41.281+0000] {processor.py:156} INFO - Started process (PID=2009) to work on /home/airflow/.local/lib/python3.7/site-packages/airflow/example_dags/example_branch_operator.py
[2022-10-19T16:14:41.289+0000] {processor.py:758} INFO - Processing file /home/airflow/.local/lib/python3.7/site-packages/airflow/example_dags/example_branch_operator.py for tasks to queue
[2022-10-19T16:14:41.292+0000] {logging_mixin.py:117} INFO - [2022-10-19T16:14:41.292+0000] {dagbag.py:525} INFO - Filling up the DagBag from /home/airflow/.local/lib/python3.7/site-packages/airflow/example_dags/example_branch_operator.py
[2022-10-19T16:14:41.310+0000] {processor.py:768} INFO - DAG(s) dict_keys(['example_branch_operator']) retrieved from /home/airflow/.local/lib/python3.7/site-packages/airflow/example_dags/example_branch_operator.py
[2022-10-19T16:14:41.344+0000] {logging_mixin.py:117} INFO - [2022-10-19T16:14:41.344+0000] {dag.py:2573} INFO - Sync 1 DAGs
[2022-10-19T16:14:41.362+0000] {logging_mixin.py:117} INFO - [2022-10-19T16:14:41.361+0000] {dag.py:3328} INFO - Setting next_dagrun for example_branch_operator to 2022-10-18T00:00:00+00:00, run_after=2022-10-19T00:00:00+00:00
[2022-10-19T16:14:41.373+0000] {processor.py:178} INFO - Processing /home/airflow/.local/lib/python3.7/site-packages/airflow/example_dags/example_branch_operator.py took 0.095 seconds
[2022-10-19T16:15:12.352+0000] {processor.py:156} INFO - Started process (PID=2077) to work on /home/airflow/.local/lib/python3.7/site-packages/airflow/example_dags/example_branch_operator.py
[2022-10-19T16:15:12.356+0000] {processor.py:758} INFO - Processing file /home/airflow/.local/lib/python3.7/site-packages/airflow/example_dags/example_branch_operator.py for tasks to queue
[2022-10-19T16:15:12.358+0000] {logging_mixin.py:117} INFO - [2022-10-19T16:15:12.358+0000] {dagbag.py:525} INFO - Filling up the DagBag from /home/airflow/.local/lib/python3.7/site-packages/airflow/example_dags/example_branch_operator.py
[2022-10-19T16:15:12.381+0000] {processor.py:768} INFO - DAG(s) dict_keys(['example_branch_operator']) retrieved from /home/airflow/.local/lib/python3.7/site-packages/airflow/example_dags/example_branch_operator.py
[2022-10-19T16:15:12.443+0000] {logging_mixin.py:117} INFO - [2022-10-19T16:15:12.443+0000] {dag.py:2573} INFO - Sync 1 DAGs
[2022-10-19T16:15:12.470+0000] {logging_mixin.py:117} INFO - [2022-10-19T16:15:12.470+0000] {dag.py:3328} INFO - Setting next_dagrun for example_branch_operator to 2022-10-18T00:00:00+00:00, run_after=2022-10-19T00:00:00+00:00
[2022-10-19T16:15:12.497+0000] {processor.py:178} INFO - Processing /home/airflow/.local/lib/python3.7/site-packages/airflow/example_dags/example_branch_operator.py took 0.148 seconds
[2022-10-19T16:15:42.788+0000] {processor.py:156} INFO - Started process (PID=2143) to work on /home/airflow/.local/lib/python3.7/site-packages/airflow/example_dags/example_branch_operator.py
[2022-10-19T16:15:42.790+0000] {processor.py:758} INFO - Processing file /home/airflow/.local/lib/python3.7/site-packages/airflow/example_dags/example_branch_operator.py for tasks to queue
[2022-10-19T16:15:42.791+0000] {logging_mixin.py:117} INFO - [2022-10-19T16:15:42.790+0000] {dagbag.py:525} INFO - Filling up the DagBag from /home/airflow/.local/lib/python3.7/site-packages/airflow/example_dags/example_branch_operator.py
[2022-10-19T16:15:42.802+0000] {processor.py:768} INFO - DAG(s) dict_keys(['example_branch_operator']) retrieved from /home/airflow/.local/lib/python3.7/site-packages/airflow/example_dags/example_branch_operator.py
[2022-10-19T16:15:42.829+0000] {logging_mixin.py:117} INFO - [2022-10-19T16:15:42.829+0000] {dag.py:2573} INFO - Sync 1 DAGs
[2022-10-19T16:15:42.844+0000] {logging_mixin.py:117} INFO - [2022-10-19T16:15:42.844+0000] {dag.py:3328} INFO - Setting next_dagrun for example_branch_operator to 2022-10-18T00:00:00+00:00, run_after=2022-10-19T00:00:00+00:00
[2022-10-19T16:15:42.856+0000] {processor.py:178} INFO - Processing /home/airflow/.local/lib/python3.7/site-packages/airflow/example_dags/example_branch_operator.py took 0.070 seconds
[2022-10-19T16:16:13.721+0000] {processor.py:156} INFO - Started process (PID=2207) to work on /home/airflow/.local/lib/python3.7/site-packages/airflow/example_dags/example_branch_operator.py
[2022-10-19T16:16:13.723+0000] {processor.py:758} INFO - Processing file /home/airflow/.local/lib/python3.7/site-packages/airflow/example_dags/example_branch_operator.py for tasks to queue
[2022-10-19T16:16:13.726+0000] {logging_mixin.py:117} INFO - [2022-10-19T16:16:13.726+0000] {dagbag.py:525} INFO - Filling up the DagBag from /home/airflow/.local/lib/python3.7/site-packages/airflow/example_dags/example_branch_operator.py
[2022-10-19T16:16:13.740+0000] {processor.py:768} INFO - DAG(s) dict_keys(['example_branch_operator']) retrieved from /home/airflow/.local/lib/python3.7/site-packages/airflow/example_dags/example_branch_operator.py
[2022-10-19T16:16:13.771+0000] {logging_mixin.py:117} INFO - [2022-10-19T16:16:13.771+0000] {dag.py:2573} INFO - Sync 1 DAGs
[2022-10-19T16:16:13.789+0000] {logging_mixin.py:117} INFO - [2022-10-19T16:16:13.789+0000] {dag.py:3328} INFO - Setting next_dagrun for example_branch_operator to 2022-10-18T00:00:00+00:00, run_after=2022-10-19T00:00:00+00:00
[2022-10-19T16:16:13.801+0000] {processor.py:178} INFO - Processing /home/airflow/.local/lib/python3.7/site-packages/airflow/example_dags/example_branch_operator.py took 0.082 seconds
[2022-10-19T16:16:44.889+0000] {processor.py:156} INFO - Started process (PID=2273) to work on /home/airflow/.local/lib/python3.7/site-packages/airflow/example_dags/example_branch_operator.py
[2022-10-19T16:16:44.892+0000] {processor.py:758} INFO - Processing file /home/airflow/.local/lib/python3.7/site-packages/airflow/example_dags/example_branch_operator.py for tasks to queue
[2022-10-19T16:16:44.896+0000] {logging_mixin.py:117} INFO - [2022-10-19T16:16:44.896+0000] {dagbag.py:525} INFO - Filling up the DagBag from /home/airflow/.local/lib/python3.7/site-packages/airflow/example_dags/example_branch_operator.py
[2022-10-19T16:16:44.913+0000] {processor.py:768} INFO - DAG(s) dict_keys(['example_branch_operator']) retrieved from /home/airflow/.local/lib/python3.7/site-packages/airflow/example_dags/example_branch_operator.py
[2022-10-19T16:16:44.943+0000] {logging_mixin.py:117} INFO - [2022-10-19T16:16:44.943+0000] {dag.py:2573} INFO - Sync 1 DAGs
[2022-10-19T16:16:44.960+0000] {logging_mixin.py:117} INFO - [2022-10-19T16:16:44.960+0000] {dag.py:3328} INFO - Setting next_dagrun for example_branch_operator to 2022-10-18T00:00:00+00:00, run_after=2022-10-19T00:00:00+00:00
[2022-10-19T16:16:44.976+0000] {processor.py:178} INFO - Processing /home/airflow/.local/lib/python3.7/site-packages/airflow/example_dags/example_branch_operator.py took 0.090 seconds
[2022-10-19T16:17:15.585+0000] {processor.py:156} INFO - Started process (PID=2329) to work on /home/airflow/.local/lib/python3.7/site-packages/airflow/example_dags/example_branch_operator.py
[2022-10-19T16:17:15.587+0000] {processor.py:758} INFO - Processing file /home/airflow/.local/lib/python3.7/site-packages/airflow/example_dags/example_branch_operator.py for tasks to queue
[2022-10-19T16:17:15.588+0000] {logging_mixin.py:117} INFO - [2022-10-19T16:17:15.588+0000] {dagbag.py:525} INFO - Filling up the DagBag from /home/airflow/.local/lib/python3.7/site-packages/airflow/example_dags/example_branch_operator.py
[2022-10-19T16:17:15.601+0000] {processor.py:768} INFO - DAG(s) dict_keys(['example_branch_operator']) retrieved from /home/airflow/.local/lib/python3.7/site-packages/airflow/example_dags/example_branch_operator.py
[2022-10-19T16:17:15.628+0000] {logging_mixin.py:117} INFO - [2022-10-19T16:17:15.628+0000] {dag.py:2573} INFO - Sync 1 DAGs
[2022-10-19T16:17:15.643+0000] {logging_mixin.py:117} INFO - [2022-10-19T16:17:15.643+0000] {dag.py:3328} INFO - Setting next_dagrun for example_branch_operator to 2022-10-18T00:00:00+00:00, run_after=2022-10-19T00:00:00+00:00
[2022-10-19T16:17:15.690+0000] {processor.py:178} INFO - Processing /home/airflow/.local/lib/python3.7/site-packages/airflow/example_dags/example_branch_operator.py took 0.107 seconds
[2022-10-19T16:17:46.453+0000] {processor.py:156} INFO - Started process (PID=2395) to work on /home/airflow/.local/lib/python3.7/site-packages/airflow/example_dags/example_branch_operator.py
[2022-10-19T16:17:46.455+0000] {processor.py:758} INFO - Processing file /home/airflow/.local/lib/python3.7/site-packages/airflow/example_dags/example_branch_operator.py for tasks to queue
[2022-10-19T16:17:46.456+0000] {logging_mixin.py:117} INFO - [2022-10-19T16:17:46.456+0000] {dagbag.py:525} INFO - Filling up the DagBag from /home/airflow/.local/lib/python3.7/site-packages/airflow/example_dags/example_branch_operator.py
[2022-10-19T16:17:46.467+0000] {processor.py:768} INFO - DAG(s) dict_keys(['example_branch_operator']) retrieved from /home/airflow/.local/lib/python3.7/site-packages/airflow/example_dags/example_branch_operator.py
[2022-10-19T16:17:46.495+0000] {logging_mixin.py:117} INFO - [2022-10-19T16:17:46.495+0000] {dag.py:2573} INFO - Sync 1 DAGs
[2022-10-19T16:17:46.512+0000] {logging_mixin.py:117} INFO - [2022-10-19T16:17:46.511+0000] {dag.py:3328} INFO - Setting next_dagrun for example_branch_operator to 2022-10-18T00:00:00+00:00, run_after=2022-10-19T00:00:00+00:00
[2022-10-19T16:17:46.524+0000] {processor.py:178} INFO - Processing /home/airflow/.local/lib/python3.7/site-packages/airflow/example_dags/example_branch_operator.py took 0.074 seconds
[2022-10-19T16:18:17.213+0000] {processor.py:156} INFO - Started process (PID=2460) to work on /home/airflow/.local/lib/python3.7/site-packages/airflow/example_dags/example_branch_operator.py
[2022-10-19T16:18:17.216+0000] {processor.py:758} INFO - Processing file /home/airflow/.local/lib/python3.7/site-packages/airflow/example_dags/example_branch_operator.py for tasks to queue
[2022-10-19T16:18:17.218+0000] {logging_mixin.py:117} INFO - [2022-10-19T16:18:17.218+0000] {dagbag.py:525} INFO - Filling up the DagBag from /home/airflow/.local/lib/python3.7/site-packages/airflow/example_dags/example_branch_operator.py
[2022-10-19T16:18:17.242+0000] {processor.py:768} INFO - DAG(s) dict_keys(['example_branch_operator']) retrieved from /home/airflow/.local/lib/python3.7/site-packages/airflow/example_dags/example_branch_operator.py
[2022-10-19T16:18:17.291+0000] {logging_mixin.py:117} INFO - [2022-10-19T16:18:17.291+0000] {dag.py:2573} INFO - Sync 1 DAGs
[2022-10-19T16:18:17.314+0000] {logging_mixin.py:117} INFO - [2022-10-19T16:18:17.314+0000] {dag.py:3328} INFO - Setting next_dagrun for example_branch_operator to 2022-10-18T00:00:00+00:00, run_after=2022-10-19T00:00:00+00:00
[2022-10-19T16:18:17.332+0000] {processor.py:178} INFO - Processing /home/airflow/.local/lib/python3.7/site-packages/airflow/example_dags/example_branch_operator.py took 0.122 seconds
[2022-10-19T16:18:48.324+0000] {processor.py:156} INFO - Started process (PID=2526) to work on /home/airflow/.local/lib/python3.7/site-packages/airflow/example_dags/example_branch_operator.py
[2022-10-19T16:18:48.337+0000] {processor.py:758} INFO - Processing file /home/airflow/.local/lib/python3.7/site-packages/airflow/example_dags/example_branch_operator.py for tasks to queue
[2022-10-19T16:18:48.338+0000] {logging_mixin.py:117} INFO - [2022-10-19T16:18:48.338+0000] {dagbag.py:525} INFO - Filling up the DagBag from /home/airflow/.local/lib/python3.7/site-packages/airflow/example_dags/example_branch_operator.py
[2022-10-19T16:18:48.358+0000] {processor.py:768} INFO - DAG(s) dict_keys(['example_branch_operator']) retrieved from /home/airflow/.local/lib/python3.7/site-packages/airflow/example_dags/example_branch_operator.py
[2022-10-19T16:18:48.391+0000] {logging_mixin.py:117} INFO - [2022-10-19T16:18:48.390+0000] {dag.py:2573} INFO - Sync 1 DAGs
[2022-10-19T16:18:48.413+0000] {logging_mixin.py:117} INFO - [2022-10-19T16:18:48.413+0000] {dag.py:3328} INFO - Setting next_dagrun for example_branch_operator to 2022-10-18T00:00:00+00:00, run_after=2022-10-19T00:00:00+00:00
[2022-10-19T16:18:48.433+0000] {processor.py:178} INFO - Processing /home/airflow/.local/lib/python3.7/site-packages/airflow/example_dags/example_branch_operator.py took 0.111 seconds
[2022-10-19T16:19:19.306+0000] {processor.py:156} INFO - Started process (PID=2591) to work on /home/airflow/.local/lib/python3.7/site-packages/airflow/example_dags/example_branch_operator.py
[2022-10-19T16:19:19.308+0000] {processor.py:758} INFO - Processing file /home/airflow/.local/lib/python3.7/site-packages/airflow/example_dags/example_branch_operator.py for tasks to queue
[2022-10-19T16:19:19.309+0000] {logging_mixin.py:117} INFO - [2022-10-19T16:19:19.309+0000] {dagbag.py:525} INFO - Filling up the DagBag from /home/airflow/.local/lib/python3.7/site-packages/airflow/example_dags/example_branch_operator.py
[2022-10-19T16:19:19.323+0000] {processor.py:768} INFO - DAG(s) dict_keys(['example_branch_operator']) retrieved from /home/airflow/.local/lib/python3.7/site-packages/airflow/example_dags/example_branch_operator.py
[2022-10-19T16:19:19.352+0000] {logging_mixin.py:117} INFO - [2022-10-19T16:19:19.352+0000] {dag.py:2573} INFO - Sync 1 DAGs
[2022-10-19T16:19:19.369+0000] {logging_mixin.py:117} INFO - [2022-10-19T16:19:19.369+0000] {dag.py:3328} INFO - Setting next_dagrun for example_branch_operator to 2022-10-18T00:00:00+00:00, run_after=2022-10-19T00:00:00+00:00
[2022-10-19T16:19:19.383+0000] {processor.py:178} INFO - Processing /home/airflow/.local/lib/python3.7/site-packages/airflow/example_dags/example_branch_operator.py took 0.079 seconds
[2022-10-19T16:19:51.967+0000] {processor.py:156} INFO - Started process (PID=2647) to work on /home/airflow/.local/lib/python3.7/site-packages/airflow/example_dags/example_branch_operator.py
[2022-10-19T16:19:51.975+0000] {processor.py:758} INFO - Processing file /home/airflow/.local/lib/python3.7/site-packages/airflow/example_dags/example_branch_operator.py for tasks to queue
[2022-10-19T16:19:51.977+0000] {logging_mixin.py:117} INFO - [2022-10-19T16:19:51.977+0000] {dagbag.py:525} INFO - Filling up the DagBag from /home/airflow/.local/lib/python3.7/site-packages/airflow/example_dags/example_branch_operator.py
[2022-10-19T16:19:52.077+0000] {processor.py:768} INFO - DAG(s) dict_keys(['example_branch_operator']) retrieved from /home/airflow/.local/lib/python3.7/site-packages/airflow/example_dags/example_branch_operator.py
[2022-10-19T16:19:52.333+0000] {logging_mixin.py:117} INFO - [2022-10-19T16:19:52.332+0000] {dag.py:2573} INFO - Sync 1 DAGs
[2022-10-19T16:19:52.436+0000] {logging_mixin.py:117} INFO - [2022-10-19T16:19:52.436+0000] {dag.py:3328} INFO - Setting next_dagrun for example_branch_operator to 2022-10-18T00:00:00+00:00, run_after=2022-10-19T00:00:00+00:00
[2022-10-19T16:19:52.466+0000] {processor.py:178} INFO - Processing /home/airflow/.local/lib/python3.7/site-packages/airflow/example_dags/example_branch_operator.py took 0.508 seconds
[2022-10-19T16:20:23.861+0000] {processor.py:156} INFO - Started process (PID=2703) to work on /home/airflow/.local/lib/python3.7/site-packages/airflow/example_dags/example_branch_operator.py
[2022-10-19T16:20:23.862+0000] {processor.py:758} INFO - Processing file /home/airflow/.local/lib/python3.7/site-packages/airflow/example_dags/example_branch_operator.py for tasks to queue
[2022-10-19T16:20:23.863+0000] {logging_mixin.py:117} INFO - [2022-10-19T16:20:23.863+0000] {dagbag.py:525} INFO - Filling up the DagBag from /home/airflow/.local/lib/python3.7/site-packages/airflow/example_dags/example_branch_operator.py
[2022-10-19T16:20:23.874+0000] {processor.py:768} INFO - DAG(s) dict_keys(['example_branch_operator']) retrieved from /home/airflow/.local/lib/python3.7/site-packages/airflow/example_dags/example_branch_operator.py
[2022-10-19T16:20:23.901+0000] {logging_mixin.py:117} INFO - [2022-10-19T16:20:23.901+0000] {dag.py:2573} INFO - Sync 1 DAGs
[2022-10-19T16:20:23.921+0000] {logging_mixin.py:117} INFO - [2022-10-19T16:20:23.921+0000] {dag.py:3328} INFO - Setting next_dagrun for example_branch_operator to 2022-10-18T00:00:00+00:00, run_after=2022-10-19T00:00:00+00:00
[2022-10-19T16:20:23.949+0000] {processor.py:178} INFO - Processing /home/airflow/.local/lib/python3.7/site-packages/airflow/example_dags/example_branch_operator.py took 0.090 seconds
[2022-10-19T16:21:16.060+0000] {processor.py:156} INFO - Started process (PID=2754) to work on /home/airflow/.local/lib/python3.7/site-packages/airflow/example_dags/example_branch_operator.py
[2022-10-19T16:21:16.064+0000] {processor.py:758} INFO - Processing file /home/airflow/.local/lib/python3.7/site-packages/airflow/example_dags/example_branch_operator.py for tasks to queue
[2022-10-19T16:21:16.072+0000] {logging_mixin.py:117} INFO - [2022-10-19T16:21:16.072+0000] {dagbag.py:525} INFO - Filling up the DagBag from /home/airflow/.local/lib/python3.7/site-packages/airflow/example_dags/example_branch_operator.py
[2022-10-19T16:21:16.095+0000] {processor.py:768} INFO - DAG(s) dict_keys(['example_branch_operator']) retrieved from /home/airflow/.local/lib/python3.7/site-packages/airflow/example_dags/example_branch_operator.py
[2022-10-19T16:21:16.276+0000] {logging_mixin.py:117} INFO - [2022-10-19T16:21:16.276+0000] {dag.py:2573} INFO - Sync 1 DAGs
[2022-10-19T16:21:16.356+0000] {logging_mixin.py:117} INFO - [2022-10-19T16:21:16.356+0000] {dag.py:3328} INFO - Setting next_dagrun for example_branch_operator to 2022-10-18T00:00:00+00:00, run_after=2022-10-19T00:00:00+00:00
[2022-10-19T16:21:16.662+0000] {processor.py:178} INFO - Processing /home/airflow/.local/lib/python3.7/site-packages/airflow/example_dags/example_branch_operator.py took 0.606 seconds
[2022-10-19T16:22:06.155+0000] {processor.py:156} INFO - Started process (PID=2813) to work on /home/airflow/.local/lib/python3.7/site-packages/airflow/example_dags/example_branch_operator.py
[2022-10-19T16:22:06.253+0000] {processor.py:758} INFO - Processing file /home/airflow/.local/lib/python3.7/site-packages/airflow/example_dags/example_branch_operator.py for tasks to queue
[2022-10-19T16:22:06.289+0000] {logging_mixin.py:117} INFO - [2022-10-19T16:22:06.288+0000] {dagbag.py:525} INFO - Filling up the DagBag from /home/airflow/.local/lib/python3.7/site-packages/airflow/example_dags/example_branch_operator.py
[2022-10-19T16:22:06.803+0000] {processor.py:768} INFO - DAG(s) dict_keys(['example_branch_operator']) retrieved from /home/airflow/.local/lib/python3.7/site-packages/airflow/example_dags/example_branch_operator.py
[2022-10-19T16:22:07.335+0000] {logging_mixin.py:117} INFO - [2022-10-19T16:22:07.334+0000] {dag.py:2573} INFO - Sync 1 DAGs
[2022-10-19T16:22:07.436+0000] {logging_mixin.py:117} INFO - [2022-10-19T16:22:07.435+0000] {dag.py:3328} INFO - Setting next_dagrun for example_branch_operator to 2022-10-18T00:00:00+00:00, run_after=2022-10-19T00:00:00+00:00
[2022-10-19T16:22:07.505+0000] {processor.py:178} INFO - Processing /home/airflow/.local/lib/python3.7/site-packages/airflow/example_dags/example_branch_operator.py took 1.477 seconds
[2022-10-19T16:23:09.217+0000] {processor.py:156} INFO - Started process (PID=2874) to work on /home/airflow/.local/lib/python3.7/site-packages/airflow/example_dags/example_branch_operator.py
[2022-10-19T16:23:09.220+0000] {processor.py:758} INFO - Processing file /home/airflow/.local/lib/python3.7/site-packages/airflow/example_dags/example_branch_operator.py for tasks to queue
[2022-10-19T16:23:09.223+0000] {logging_mixin.py:117} INFO - [2022-10-19T16:23:09.222+0000] {dagbag.py:525} INFO - Filling up the DagBag from /home/airflow/.local/lib/python3.7/site-packages/airflow/example_dags/example_branch_operator.py
[2022-10-19T16:23:09.282+0000] {processor.py:768} INFO - DAG(s) dict_keys(['example_branch_operator']) retrieved from /home/airflow/.local/lib/python3.7/site-packages/airflow/example_dags/example_branch_operator.py
[2022-10-19T16:23:09.375+0000] {logging_mixin.py:117} INFO - [2022-10-19T16:23:09.374+0000] {dag.py:2573} INFO - Sync 1 DAGs
[2022-10-19T16:23:09.439+0000] {logging_mixin.py:117} INFO - [2022-10-19T16:23:09.439+0000] {dag.py:3328} INFO - Setting next_dagrun for example_branch_operator to 2022-10-18T00:00:00+00:00, run_after=2022-10-19T00:00:00+00:00
[2022-10-19T16:23:09.492+0000] {processor.py:178} INFO - Processing /home/airflow/.local/lib/python3.7/site-packages/airflow/example_dags/example_branch_operator.py took 0.293 seconds
[2022-10-19T16:23:44.817+0000] {processor.py:156} INFO - Started process (PID=2930) to work on /home/airflow/.local/lib/python3.7/site-packages/airflow/example_dags/example_branch_operator.py
[2022-10-19T16:23:44.841+0000] {processor.py:758} INFO - Processing file /home/airflow/.local/lib/python3.7/site-packages/airflow/example_dags/example_branch_operator.py for tasks to queue
[2022-10-19T16:23:44.868+0000] {logging_mixin.py:117} INFO - [2022-10-19T16:23:44.867+0000] {dagbag.py:525} INFO - Filling up the DagBag from /home/airflow/.local/lib/python3.7/site-packages/airflow/example_dags/example_branch_operator.py
[2022-10-19T16:23:44.934+0000] {processor.py:768} INFO - DAG(s) dict_keys(['example_branch_operator']) retrieved from /home/airflow/.local/lib/python3.7/site-packages/airflow/example_dags/example_branch_operator.py
[2022-10-19T16:23:45.033+0000] {logging_mixin.py:117} INFO - [2022-10-19T16:23:45.032+0000] {dag.py:2573} INFO - Sync 1 DAGs
[2022-10-19T16:23:45.094+0000] {logging_mixin.py:117} INFO - [2022-10-19T16:23:45.091+0000] {dag.py:3328} INFO - Setting next_dagrun for example_branch_operator to 2022-10-18T00:00:00+00:00, run_after=2022-10-19T00:00:00+00:00
[2022-10-19T16:23:45.263+0000] {processor.py:178} INFO - Processing /home/airflow/.local/lib/python3.7/site-packages/airflow/example_dags/example_branch_operator.py took 0.449 seconds
[2022-10-19T16:24:21.186+0000] {processor.py:156} INFO - Started process (PID=2984) to work on /home/airflow/.local/lib/python3.7/site-packages/airflow/example_dags/example_branch_operator.py
[2022-10-19T16:24:21.198+0000] {processor.py:758} INFO - Processing file /home/airflow/.local/lib/python3.7/site-packages/airflow/example_dags/example_branch_operator.py for tasks to queue
[2022-10-19T16:24:21.207+0000] {logging_mixin.py:117} INFO - [2022-10-19T16:24:21.206+0000] {dagbag.py:525} INFO - Filling up the DagBag from /home/airflow/.local/lib/python3.7/site-packages/airflow/example_dags/example_branch_operator.py
[2022-10-19T16:24:21.391+0000] {processor.py:768} INFO - DAG(s) dict_keys(['example_branch_operator']) retrieved from /home/airflow/.local/lib/python3.7/site-packages/airflow/example_dags/example_branch_operator.py
[2022-10-19T16:24:21.761+0000] {logging_mixin.py:117} INFO - [2022-10-19T16:24:21.761+0000] {dag.py:2573} INFO - Sync 1 DAGs
[2022-10-19T16:24:21.901+0000] {logging_mixin.py:117} INFO - [2022-10-19T16:24:21.901+0000] {dag.py:3328} INFO - Setting next_dagrun for example_branch_operator to 2022-10-18T00:00:00+00:00, run_after=2022-10-19T00:00:00+00:00
[2022-10-19T16:24:22.465+0000] {processor.py:178} INFO - Processing /home/airflow/.local/lib/python3.7/site-packages/airflow/example_dags/example_branch_operator.py took 1.296 seconds
[2022-10-19T16:24:55.980+0000] {processor.py:156} INFO - Started process (PID=3040) to work on /home/airflow/.local/lib/python3.7/site-packages/airflow/example_dags/example_branch_operator.py
[2022-10-19T16:24:55.987+0000] {processor.py:758} INFO - Processing file /home/airflow/.local/lib/python3.7/site-packages/airflow/example_dags/example_branch_operator.py for tasks to queue
[2022-10-19T16:24:55.995+0000] {logging_mixin.py:117} INFO - [2022-10-19T16:24:55.995+0000] {dagbag.py:525} INFO - Filling up the DagBag from /home/airflow/.local/lib/python3.7/site-packages/airflow/example_dags/example_branch_operator.py
[2022-10-19T16:24:56.019+0000] {processor.py:768} INFO - DAG(s) dict_keys(['example_branch_operator']) retrieved from /home/airflow/.local/lib/python3.7/site-packages/airflow/example_dags/example_branch_operator.py
[2022-10-19T16:24:56.204+0000] {logging_mixin.py:117} INFO - [2022-10-19T16:24:56.204+0000] {dag.py:2573} INFO - Sync 1 DAGs
[2022-10-19T16:24:56.264+0000] {logging_mixin.py:117} INFO - [2022-10-19T16:24:56.264+0000] {dag.py:3328} INFO - Setting next_dagrun for example_branch_operator to 2022-10-18T00:00:00+00:00, run_after=2022-10-19T00:00:00+00:00
[2022-10-19T16:24:56.295+0000] {processor.py:178} INFO - Processing /home/airflow/.local/lib/python3.7/site-packages/airflow/example_dags/example_branch_operator.py took 0.320 seconds
[2022-10-19T16:25:56.977+0000] {processor.py:156} INFO - Started process (PID=3081) to work on /home/airflow/.local/lib/python3.7/site-packages/airflow/example_dags/example_branch_operator.py
[2022-10-19T16:25:57.190+0000] {processor.py:758} INFO - Processing file /home/airflow/.local/lib/python3.7/site-packages/airflow/example_dags/example_branch_operator.py for tasks to queue
[2022-10-19T16:25:57.719+0000] {logging_mixin.py:117} INFO - [2022-10-19T16:25:57.705+0000] {dagbag.py:525} INFO - Filling up the DagBag from /home/airflow/.local/lib/python3.7/site-packages/airflow/example_dags/example_branch_operator.py
[2022-10-19T16:25:58.293+0000] {processor.py:768} INFO - DAG(s) dict_keys(['example_branch_operator']) retrieved from /home/airflow/.local/lib/python3.7/site-packages/airflow/example_dags/example_branch_operator.py
[2022-10-19T16:25:58.557+0000] {logging_mixin.py:117} INFO - [2022-10-19T16:25:58.556+0000] {dag.py:2573} INFO - Sync 1 DAGs
[2022-10-19T16:25:58.715+0000] {logging_mixin.py:117} INFO - [2022-10-19T16:25:58.715+0000] {dag.py:3328} INFO - Setting next_dagrun for example_branch_operator to 2022-10-18T00:00:00+00:00, run_after=2022-10-19T00:00:00+00:00
[2022-10-19T16:25:58.884+0000] {processor.py:178} INFO - Processing /home/airflow/.local/lib/python3.7/site-packages/airflow/example_dags/example_branch_operator.py took 2.126 seconds
