[2022-10-19T15:35:11.392+0000] {processor.py:156} INFO - Started process (PID=139) to work on /home/airflow/.local/lib/python3.7/site-packages/airflow/example_dags/tutorial_dag.py
[2022-10-19T15:35:11.403+0000] {processor.py:758} INFO - Processing file /home/airflow/.local/lib/python3.7/site-packages/airflow/example_dags/tutorial_dag.py for tasks to queue
[2022-10-19T15:35:11.410+0000] {logging_mixin.py:117} INFO - [2022-10-19T15:35:11.409+0000] {dagbag.py:525} INFO - Filling up the DagBag from /home/airflow/.local/lib/python3.7/site-packages/airflow/example_dags/tutorial_dag.py
[2022-10-19T15:35:11.526+0000] {processor.py:768} INFO - DAG(s) dict_keys(['tutorial_dag']) retrieved from /home/airflow/.local/lib/python3.7/site-packages/airflow/example_dags/tutorial_dag.py
[2022-10-19T15:35:12.356+0000] {logging_mixin.py:117} INFO - [2022-10-19T15:35:12.340+0000] {dag.py:2573} INFO - Sync 1 DAGs
[2022-10-19T15:35:14.600+0000] {logging_mixin.py:117} INFO - [2022-10-19T15:35:14.590+0000] {dag.py:3328} INFO - Setting next_dagrun for tutorial_dag to None, run_after=None
[2022-10-19T15:35:14.720+0000] {processor.py:178} INFO - Processing /home/airflow/.local/lib/python3.7/site-packages/airflow/example_dags/tutorial_dag.py took 3.393 seconds
[2022-10-19T15:36:49.919+0000] {processor.py:156} INFO - Started process (PID=215) to work on /home/airflow/.local/lib/python3.7/site-packages/airflow/example_dags/tutorial_dag.py
[2022-10-19T15:36:49.926+0000] {processor.py:758} INFO - Processing file /home/airflow/.local/lib/python3.7/site-packages/airflow/example_dags/tutorial_dag.py for tasks to queue
[2022-10-19T15:36:49.929+0000] {logging_mixin.py:117} INFO - [2022-10-19T15:36:49.928+0000] {dagbag.py:525} INFO - Filling up the DagBag from /home/airflow/.local/lib/python3.7/site-packages/airflow/example_dags/tutorial_dag.py
[2022-10-19T15:36:49.958+0000] {processor.py:768} INFO - DAG(s) dict_keys(['tutorial_dag']) retrieved from /home/airflow/.local/lib/python3.7/site-packages/airflow/example_dags/tutorial_dag.py
[2022-10-19T15:36:50.089+0000] {logging_mixin.py:117} INFO - [2022-10-19T15:36:50.088+0000] {dag.py:2573} INFO - Sync 1 DAGs
[2022-10-19T15:36:50.200+0000] {logging_mixin.py:117} INFO - [2022-10-19T15:36:50.200+0000] {dag.py:3328} INFO - Setting next_dagrun for tutorial_dag to None, run_after=None
[2022-10-19T15:36:50.260+0000] {processor.py:178} INFO - Processing /home/airflow/.local/lib/python3.7/site-packages/airflow/example_dags/tutorial_dag.py took 0.354 seconds
[2022-10-19T15:37:22.068+0000] {processor.py:156} INFO - Started process (PID=280) to work on /home/airflow/.local/lib/python3.7/site-packages/airflow/example_dags/tutorial_dag.py
[2022-10-19T15:37:22.082+0000] {processor.py:758} INFO - Processing file /home/airflow/.local/lib/python3.7/site-packages/airflow/example_dags/tutorial_dag.py for tasks to queue
[2022-10-19T15:37:22.084+0000] {logging_mixin.py:117} INFO - [2022-10-19T15:37:22.084+0000] {dagbag.py:525} INFO - Filling up the DagBag from /home/airflow/.local/lib/python3.7/site-packages/airflow/example_dags/tutorial_dag.py
[2022-10-19T15:37:22.117+0000] {processor.py:768} INFO - DAG(s) dict_keys(['tutorial_dag']) retrieved from /home/airflow/.local/lib/python3.7/site-packages/airflow/example_dags/tutorial_dag.py
[2022-10-19T15:37:22.181+0000] {logging_mixin.py:117} INFO - [2022-10-19T15:37:22.181+0000] {dag.py:2573} INFO - Sync 1 DAGs
[2022-10-19T15:37:22.211+0000] {logging_mixin.py:117} INFO - [2022-10-19T15:37:22.211+0000] {dag.py:3328} INFO - Setting next_dagrun for tutorial_dag to None, run_after=None
[2022-10-19T15:37:22.244+0000] {processor.py:178} INFO - Processing /home/airflow/.local/lib/python3.7/site-packages/airflow/example_dags/tutorial_dag.py took 0.179 seconds
[2022-10-19T15:37:52.732+0000] {processor.py:156} INFO - Started process (PID=335) to work on /home/airflow/.local/lib/python3.7/site-packages/airflow/example_dags/tutorial_dag.py
[2022-10-19T15:37:52.737+0000] {processor.py:758} INFO - Processing file /home/airflow/.local/lib/python3.7/site-packages/airflow/example_dags/tutorial_dag.py for tasks to queue
[2022-10-19T15:37:52.739+0000] {logging_mixin.py:117} INFO - [2022-10-19T15:37:52.739+0000] {dagbag.py:525} INFO - Filling up the DagBag from /home/airflow/.local/lib/python3.7/site-packages/airflow/example_dags/tutorial_dag.py
[2022-10-19T15:37:52.749+0000] {processor.py:768} INFO - DAG(s) dict_keys(['tutorial_dag']) retrieved from /home/airflow/.local/lib/python3.7/site-packages/airflow/example_dags/tutorial_dag.py
[2022-10-19T15:37:52.780+0000] {logging_mixin.py:117} INFO - [2022-10-19T15:37:52.780+0000] {dag.py:2573} INFO - Sync 1 DAGs
[2022-10-19T15:37:52.796+0000] {logging_mixin.py:117} INFO - [2022-10-19T15:37:52.796+0000] {dag.py:3328} INFO - Setting next_dagrun for tutorial_dag to None, run_after=None
[2022-10-19T15:37:52.819+0000] {processor.py:178} INFO - Processing /home/airflow/.local/lib/python3.7/site-packages/airflow/example_dags/tutorial_dag.py took 0.089 seconds
[2022-10-19T15:38:24.388+0000] {processor.py:156} INFO - Started process (PID=400) to work on /home/airflow/.local/lib/python3.7/site-packages/airflow/example_dags/tutorial_dag.py
[2022-10-19T15:38:24.392+0000] {processor.py:758} INFO - Processing file /home/airflow/.local/lib/python3.7/site-packages/airflow/example_dags/tutorial_dag.py for tasks to queue
[2022-10-19T15:38:24.397+0000] {logging_mixin.py:117} INFO - [2022-10-19T15:38:24.397+0000] {dagbag.py:525} INFO - Filling up the DagBag from /home/airflow/.local/lib/python3.7/site-packages/airflow/example_dags/tutorial_dag.py
[2022-10-19T15:38:24.412+0000] {processor.py:768} INFO - DAG(s) dict_keys(['tutorial_dag']) retrieved from /home/airflow/.local/lib/python3.7/site-packages/airflow/example_dags/tutorial_dag.py
[2022-10-19T15:38:24.440+0000] {logging_mixin.py:117} INFO - [2022-10-19T15:38:24.440+0000] {dag.py:2573} INFO - Sync 1 DAGs
[2022-10-19T15:38:24.465+0000] {logging_mixin.py:117} INFO - [2022-10-19T15:38:24.464+0000] {dag.py:3328} INFO - Setting next_dagrun for tutorial_dag to None, run_after=None
[2022-10-19T15:38:24.477+0000] {processor.py:178} INFO - Processing /home/airflow/.local/lib/python3.7/site-packages/airflow/example_dags/tutorial_dag.py took 0.092 seconds
[2022-10-19T15:38:55.618+0000] {processor.py:156} INFO - Started process (PID=455) to work on /home/airflow/.local/lib/python3.7/site-packages/airflow/example_dags/tutorial_dag.py
[2022-10-19T15:38:55.621+0000] {processor.py:758} INFO - Processing file /home/airflow/.local/lib/python3.7/site-packages/airflow/example_dags/tutorial_dag.py for tasks to queue
[2022-10-19T15:38:55.622+0000] {logging_mixin.py:117} INFO - [2022-10-19T15:38:55.622+0000] {dagbag.py:525} INFO - Filling up the DagBag from /home/airflow/.local/lib/python3.7/site-packages/airflow/example_dags/tutorial_dag.py
[2022-10-19T15:38:55.634+0000] {processor.py:768} INFO - DAG(s) dict_keys(['tutorial_dag']) retrieved from /home/airflow/.local/lib/python3.7/site-packages/airflow/example_dags/tutorial_dag.py
[2022-10-19T15:38:55.731+0000] {logging_mixin.py:117} INFO - [2022-10-19T15:38:55.731+0000] {dag.py:2573} INFO - Sync 1 DAGs
[2022-10-19T15:38:55.769+0000] {logging_mixin.py:117} INFO - [2022-10-19T15:38:55.769+0000] {dag.py:3328} INFO - Setting next_dagrun for tutorial_dag to None, run_after=None
[2022-10-19T15:38:55.824+0000] {processor.py:178} INFO - Processing /home/airflow/.local/lib/python3.7/site-packages/airflow/example_dags/tutorial_dag.py took 0.209 seconds
[2022-10-19T15:39:51.706+0000] {processor.py:156} INFO - Started process (PID=530) to work on /home/airflow/.local/lib/python3.7/site-packages/airflow/example_dags/tutorial_dag.py
[2022-10-19T15:39:51.711+0000] {processor.py:758} INFO - Processing file /home/airflow/.local/lib/python3.7/site-packages/airflow/example_dags/tutorial_dag.py for tasks to queue
[2022-10-19T15:39:51.713+0000] {logging_mixin.py:117} INFO - [2022-10-19T15:39:51.713+0000] {dagbag.py:525} INFO - Filling up the DagBag from /home/airflow/.local/lib/python3.7/site-packages/airflow/example_dags/tutorial_dag.py
[2022-10-19T15:39:51.820+0000] {processor.py:768} INFO - DAG(s) dict_keys(['tutorial_dag']) retrieved from /home/airflow/.local/lib/python3.7/site-packages/airflow/example_dags/tutorial_dag.py
[2022-10-19T15:39:52.142+0000] {logging_mixin.py:117} INFO - [2022-10-19T15:39:52.141+0000] {dag.py:2573} INFO - Sync 1 DAGs
[2022-10-19T15:39:52.325+0000] {logging_mixin.py:117} INFO - [2022-10-19T15:39:52.325+0000] {dag.py:3328} INFO - Setting next_dagrun for tutorial_dag to None, run_after=None
[2022-10-19T15:39:52.417+0000] {processor.py:178} INFO - Processing /home/airflow/.local/lib/python3.7/site-packages/airflow/example_dags/tutorial_dag.py took 0.727 seconds
[2022-10-19T15:40:22.968+0000] {processor.py:156} INFO - Started process (PID=586) to work on /home/airflow/.local/lib/python3.7/site-packages/airflow/example_dags/tutorial_dag.py
[2022-10-19T15:40:22.971+0000] {processor.py:758} INFO - Processing file /home/airflow/.local/lib/python3.7/site-packages/airflow/example_dags/tutorial_dag.py for tasks to queue
[2022-10-19T15:40:22.972+0000] {logging_mixin.py:117} INFO - [2022-10-19T15:40:22.972+0000] {dagbag.py:525} INFO - Filling up the DagBag from /home/airflow/.local/lib/python3.7/site-packages/airflow/example_dags/tutorial_dag.py
[2022-10-19T15:40:22.987+0000] {processor.py:768} INFO - DAG(s) dict_keys(['tutorial_dag']) retrieved from /home/airflow/.local/lib/python3.7/site-packages/airflow/example_dags/tutorial_dag.py
[2022-10-19T15:40:23.029+0000] {logging_mixin.py:117} INFO - [2022-10-19T15:40:23.029+0000] {dag.py:2573} INFO - Sync 1 DAGs
[2022-10-19T15:40:23.048+0000] {logging_mixin.py:117} INFO - [2022-10-19T15:40:23.048+0000] {dag.py:3328} INFO - Setting next_dagrun for tutorial_dag to None, run_after=None
[2022-10-19T15:40:23.060+0000] {processor.py:178} INFO - Processing /home/airflow/.local/lib/python3.7/site-packages/airflow/example_dags/tutorial_dag.py took 0.097 seconds
[2022-10-19T15:40:53.305+0000] {processor.py:156} INFO - Started process (PID=651) to work on /home/airflow/.local/lib/python3.7/site-packages/airflow/example_dags/tutorial_dag.py
[2022-10-19T15:40:53.307+0000] {processor.py:758} INFO - Processing file /home/airflow/.local/lib/python3.7/site-packages/airflow/example_dags/tutorial_dag.py for tasks to queue
[2022-10-19T15:40:53.309+0000] {logging_mixin.py:117} INFO - [2022-10-19T15:40:53.309+0000] {dagbag.py:525} INFO - Filling up the DagBag from /home/airflow/.local/lib/python3.7/site-packages/airflow/example_dags/tutorial_dag.py
[2022-10-19T15:40:53.330+0000] {processor.py:768} INFO - DAG(s) dict_keys(['tutorial_dag']) retrieved from /home/airflow/.local/lib/python3.7/site-packages/airflow/example_dags/tutorial_dag.py
[2022-10-19T15:40:53.383+0000] {logging_mixin.py:117} INFO - [2022-10-19T15:40:53.383+0000] {dag.py:2573} INFO - Sync 1 DAGs
[2022-10-19T15:40:53.408+0000] {logging_mixin.py:117} INFO - [2022-10-19T15:40:53.408+0000] {dag.py:3328} INFO - Setting next_dagrun for tutorial_dag to None, run_after=None
[2022-10-19T15:40:53.424+0000] {processor.py:178} INFO - Processing /home/airflow/.local/lib/python3.7/site-packages/airflow/example_dags/tutorial_dag.py took 0.127 seconds
[2022-10-19T15:41:23.867+0000] {processor.py:156} INFO - Started process (PID=707) to work on /home/airflow/.local/lib/python3.7/site-packages/airflow/example_dags/tutorial_dag.py
[2022-10-19T15:41:23.870+0000] {processor.py:758} INFO - Processing file /home/airflow/.local/lib/python3.7/site-packages/airflow/example_dags/tutorial_dag.py for tasks to queue
[2022-10-19T15:41:23.873+0000] {logging_mixin.py:117} INFO - [2022-10-19T15:41:23.873+0000] {dagbag.py:525} INFO - Filling up the DagBag from /home/airflow/.local/lib/python3.7/site-packages/airflow/example_dags/tutorial_dag.py
[2022-10-19T15:41:23.903+0000] {processor.py:768} INFO - DAG(s) dict_keys(['tutorial_dag']) retrieved from /home/airflow/.local/lib/python3.7/site-packages/airflow/example_dags/tutorial_dag.py
[2022-10-19T15:41:23.966+0000] {logging_mixin.py:117} INFO - [2022-10-19T15:41:23.966+0000] {dag.py:2573} INFO - Sync 1 DAGs
[2022-10-19T15:41:23.995+0000] {logging_mixin.py:117} INFO - [2022-10-19T15:41:23.995+0000] {dag.py:3328} INFO - Setting next_dagrun for tutorial_dag to None, run_after=None
[2022-10-19T15:41:24.015+0000] {processor.py:178} INFO - Processing /home/airflow/.local/lib/python3.7/site-packages/airflow/example_dags/tutorial_dag.py took 0.160 seconds
[2022-10-19T15:41:55.082+0000] {processor.py:156} INFO - Started process (PID=773) to work on /home/airflow/.local/lib/python3.7/site-packages/airflow/example_dags/tutorial_dag.py
[2022-10-19T15:41:55.085+0000] {processor.py:758} INFO - Processing file /home/airflow/.local/lib/python3.7/site-packages/airflow/example_dags/tutorial_dag.py for tasks to queue
[2022-10-19T15:41:55.087+0000] {logging_mixin.py:117} INFO - [2022-10-19T15:41:55.086+0000] {dagbag.py:525} INFO - Filling up the DagBag from /home/airflow/.local/lib/python3.7/site-packages/airflow/example_dags/tutorial_dag.py
[2022-10-19T15:41:55.117+0000] {processor.py:768} INFO - DAG(s) dict_keys(['tutorial_dag']) retrieved from /home/airflow/.local/lib/python3.7/site-packages/airflow/example_dags/tutorial_dag.py
[2022-10-19T15:41:55.189+0000] {logging_mixin.py:117} INFO - [2022-10-19T15:41:55.189+0000] {dag.py:2573} INFO - Sync 1 DAGs
[2022-10-19T15:41:55.213+0000] {logging_mixin.py:117} INFO - [2022-10-19T15:41:55.213+0000] {dag.py:3328} INFO - Setting next_dagrun for tutorial_dag to None, run_after=None
[2022-10-19T15:41:55.227+0000] {processor.py:178} INFO - Processing /home/airflow/.local/lib/python3.7/site-packages/airflow/example_dags/tutorial_dag.py took 0.154 seconds
[2022-10-19T15:42:25.505+0000] {processor.py:156} INFO - Started process (PID=838) to work on /home/airflow/.local/lib/python3.7/site-packages/airflow/example_dags/tutorial_dag.py
[2022-10-19T15:42:25.511+0000] {processor.py:758} INFO - Processing file /home/airflow/.local/lib/python3.7/site-packages/airflow/example_dags/tutorial_dag.py for tasks to queue
[2022-10-19T15:42:25.516+0000] {logging_mixin.py:117} INFO - [2022-10-19T15:42:25.514+0000] {dagbag.py:525} INFO - Filling up the DagBag from /home/airflow/.local/lib/python3.7/site-packages/airflow/example_dags/tutorial_dag.py
[2022-10-19T15:42:25.579+0000] {processor.py:768} INFO - DAG(s) dict_keys(['tutorial_dag']) retrieved from /home/airflow/.local/lib/python3.7/site-packages/airflow/example_dags/tutorial_dag.py
[2022-10-19T15:42:25.669+0000] {logging_mixin.py:117} INFO - [2022-10-19T15:42:25.668+0000] {dag.py:2573} INFO - Sync 1 DAGs
[2022-10-19T15:42:25.711+0000] {logging_mixin.py:117} INFO - [2022-10-19T15:42:25.711+0000] {dag.py:3328} INFO - Setting next_dagrun for tutorial_dag to None, run_after=None
[2022-10-19T15:42:25.738+0000] {processor.py:178} INFO - Processing /home/airflow/.local/lib/python3.7/site-packages/airflow/example_dags/tutorial_dag.py took 0.249 seconds
[2022-10-19T15:42:56.702+0000] {processor.py:156} INFO - Started process (PID=904) to work on /home/airflow/.local/lib/python3.7/site-packages/airflow/example_dags/tutorial_dag.py
[2022-10-19T15:42:56.707+0000] {processor.py:758} INFO - Processing file /home/airflow/.local/lib/python3.7/site-packages/airflow/example_dags/tutorial_dag.py for tasks to queue
[2022-10-19T15:42:56.714+0000] {logging_mixin.py:117} INFO - [2022-10-19T15:42:56.714+0000] {dagbag.py:525} INFO - Filling up the DagBag from /home/airflow/.local/lib/python3.7/site-packages/airflow/example_dags/tutorial_dag.py
[2022-10-19T15:42:56.756+0000] {processor.py:768} INFO - DAG(s) dict_keys(['tutorial_dag']) retrieved from /home/airflow/.local/lib/python3.7/site-packages/airflow/example_dags/tutorial_dag.py
[2022-10-19T15:42:56.889+0000] {logging_mixin.py:117} INFO - [2022-10-19T15:42:56.888+0000] {dag.py:2573} INFO - Sync 1 DAGs
[2022-10-19T15:42:56.915+0000] {logging_mixin.py:117} INFO - [2022-10-19T15:42:56.915+0000] {dag.py:3328} INFO - Setting next_dagrun for tutorial_dag to None, run_after=None
[2022-10-19T15:42:56.942+0000] {processor.py:178} INFO - Processing /home/airflow/.local/lib/python3.7/site-packages/airflow/example_dags/tutorial_dag.py took 0.246 seconds
[2022-10-19T15:43:27.368+0000] {processor.py:156} INFO - Started process (PID=960) to work on /home/airflow/.local/lib/python3.7/site-packages/airflow/example_dags/tutorial_dag.py
[2022-10-19T15:43:27.377+0000] {processor.py:758} INFO - Processing file /home/airflow/.local/lib/python3.7/site-packages/airflow/example_dags/tutorial_dag.py for tasks to queue
[2022-10-19T15:43:27.380+0000] {logging_mixin.py:117} INFO - [2022-10-19T15:43:27.380+0000] {dagbag.py:525} INFO - Filling up the DagBag from /home/airflow/.local/lib/python3.7/site-packages/airflow/example_dags/tutorial_dag.py
[2022-10-19T15:43:27.419+0000] {processor.py:768} INFO - DAG(s) dict_keys(['tutorial_dag']) retrieved from /home/airflow/.local/lib/python3.7/site-packages/airflow/example_dags/tutorial_dag.py
[2022-10-19T15:43:27.496+0000] {logging_mixin.py:117} INFO - [2022-10-19T15:43:27.496+0000] {dag.py:2573} INFO - Sync 1 DAGs
[2022-10-19T15:43:27.530+0000] {logging_mixin.py:117} INFO - [2022-10-19T15:43:27.530+0000] {dag.py:3328} INFO - Setting next_dagrun for tutorial_dag to None, run_after=None
[2022-10-19T15:43:27.557+0000] {processor.py:178} INFO - Processing /home/airflow/.local/lib/python3.7/site-packages/airflow/example_dags/tutorial_dag.py took 0.204 seconds
[2022-10-19T15:44:42.541+0000] {processor.py:156} INFO - Started process (PID=1034) to work on /home/airflow/.local/lib/python3.7/site-packages/airflow/example_dags/tutorial_dag.py
[2022-10-19T15:44:42.576+0000] {processor.py:758} INFO - Processing file /home/airflow/.local/lib/python3.7/site-packages/airflow/example_dags/tutorial_dag.py for tasks to queue
[2022-10-19T15:44:42.582+0000] {logging_mixin.py:117} INFO - [2022-10-19T15:44:42.582+0000] {dagbag.py:525} INFO - Filling up the DagBag from /home/airflow/.local/lib/python3.7/site-packages/airflow/example_dags/tutorial_dag.py
[2022-10-19T15:44:43.112+0000] {processor.py:768} INFO - DAG(s) dict_keys(['tutorial_dag']) retrieved from /home/airflow/.local/lib/python3.7/site-packages/airflow/example_dags/tutorial_dag.py
[2022-10-19T15:44:43.982+0000] {logging_mixin.py:117} INFO - [2022-10-19T15:44:43.982+0000] {dag.py:2573} INFO - Sync 1 DAGs
[2022-10-19T15:44:44.248+0000] {logging_mixin.py:117} INFO - [2022-10-19T15:44:44.248+0000] {dag.py:3328} INFO - Setting next_dagrun for tutorial_dag to None, run_after=None
[2022-10-19T15:44:44.445+0000] {processor.py:178} INFO - Processing /home/airflow/.local/lib/python3.7/site-packages/airflow/example_dags/tutorial_dag.py took 2.017 seconds
[2022-10-19T15:45:14.949+0000] {processor.py:156} INFO - Started process (PID=1092) to work on /home/airflow/.local/lib/python3.7/site-packages/airflow/example_dags/tutorial_dag.py
[2022-10-19T15:45:14.952+0000] {processor.py:758} INFO - Processing file /home/airflow/.local/lib/python3.7/site-packages/airflow/example_dags/tutorial_dag.py for tasks to queue
[2022-10-19T15:45:14.960+0000] {logging_mixin.py:117} INFO - [2022-10-19T15:45:14.959+0000] {dagbag.py:525} INFO - Filling up the DagBag from /home/airflow/.local/lib/python3.7/site-packages/airflow/example_dags/tutorial_dag.py
[2022-10-19T15:45:14.982+0000] {processor.py:768} INFO - DAG(s) dict_keys(['tutorial_dag']) retrieved from /home/airflow/.local/lib/python3.7/site-packages/airflow/example_dags/tutorial_dag.py
[2022-10-19T15:45:15.027+0000] {logging_mixin.py:117} INFO - [2022-10-19T15:45:15.027+0000] {dag.py:2573} INFO - Sync 1 DAGs
[2022-10-19T15:45:15.051+0000] {logging_mixin.py:117} INFO - [2022-10-19T15:45:15.051+0000] {dag.py:3328} INFO - Setting next_dagrun for tutorial_dag to None, run_after=None
[2022-10-19T15:45:16.125+0000] {processor.py:178} INFO - Processing /home/airflow/.local/lib/python3.7/site-packages/airflow/example_dags/tutorial_dag.py took 1.184 seconds
[2022-10-19T15:46:02.616+0000] {processor.py:156} INFO - Started process (PID=1138) to work on /home/airflow/.local/lib/python3.7/site-packages/airflow/example_dags/tutorial_dag.py
[2022-10-19T15:46:03.074+0000] {processor.py:758} INFO - Processing file /home/airflow/.local/lib/python3.7/site-packages/airflow/example_dags/tutorial_dag.py for tasks to queue
[2022-10-19T15:46:03.225+0000] {logging_mixin.py:117} INFO - [2022-10-19T15:46:03.170+0000] {dagbag.py:525} INFO - Filling up the DagBag from /home/airflow/.local/lib/python3.7/site-packages/airflow/example_dags/tutorial_dag.py
[2022-10-19T15:46:18.733+0000] {processor.py:768} INFO - DAG(s) dict_keys(['tutorial_dag']) retrieved from /home/airflow/.local/lib/python3.7/site-packages/airflow/example_dags/tutorial_dag.py
[2022-10-19T15:46:21.728+0000] {logging_mixin.py:117} INFO - [2022-10-19T15:46:21.727+0000] {dag.py:2573} INFO - Sync 1 DAGs
[2022-10-19T15:46:22.379+0000] {logging_mixin.py:117} INFO - [2022-10-19T15:46:22.377+0000] {dag.py:3328} INFO - Setting next_dagrun for tutorial_dag to None, run_after=None
[2022-10-19T15:46:23.280+0000] {processor.py:178} INFO - Processing /home/airflow/.local/lib/python3.7/site-packages/airflow/example_dags/tutorial_dag.py took 23.604 seconds
[2022-10-19T15:46:54.218+0000] {processor.py:156} INFO - Started process (PID=1202) to work on /home/airflow/.local/lib/python3.7/site-packages/airflow/example_dags/tutorial_dag.py
[2022-10-19T15:46:54.224+0000] {processor.py:758} INFO - Processing file /home/airflow/.local/lib/python3.7/site-packages/airflow/example_dags/tutorial_dag.py for tasks to queue
[2022-10-19T15:46:54.231+0000] {logging_mixin.py:117} INFO - [2022-10-19T15:46:54.231+0000] {dagbag.py:525} INFO - Filling up the DagBag from /home/airflow/.local/lib/python3.7/site-packages/airflow/example_dags/tutorial_dag.py
[2022-10-19T15:46:54.285+0000] {processor.py:768} INFO - DAG(s) dict_keys(['tutorial_dag']) retrieved from /home/airflow/.local/lib/python3.7/site-packages/airflow/example_dags/tutorial_dag.py
[2022-10-19T15:46:54.371+0000] {logging_mixin.py:117} INFO - [2022-10-19T15:46:54.371+0000] {dag.py:2573} INFO - Sync 1 DAGs
[2022-10-19T15:46:54.404+0000] {logging_mixin.py:117} INFO - [2022-10-19T15:46:54.404+0000] {dag.py:3328} INFO - Setting next_dagrun for tutorial_dag to None, run_after=None
[2022-10-19T15:46:54.443+0000] {processor.py:178} INFO - Processing /home/airflow/.local/lib/python3.7/site-packages/airflow/example_dags/tutorial_dag.py took 0.245 seconds
[2022-10-19T15:47:24.812+0000] {processor.py:156} INFO - Started process (PID=1267) to work on /home/airflow/.local/lib/python3.7/site-packages/airflow/example_dags/tutorial_dag.py
[2022-10-19T15:47:24.816+0000] {processor.py:758} INFO - Processing file /home/airflow/.local/lib/python3.7/site-packages/airflow/example_dags/tutorial_dag.py for tasks to queue
[2022-10-19T15:47:24.819+0000] {logging_mixin.py:117} INFO - [2022-10-19T15:47:24.819+0000] {dagbag.py:525} INFO - Filling up the DagBag from /home/airflow/.local/lib/python3.7/site-packages/airflow/example_dags/tutorial_dag.py
[2022-10-19T15:47:24.859+0000] {processor.py:768} INFO - DAG(s) dict_keys(['tutorial_dag']) retrieved from /home/airflow/.local/lib/python3.7/site-packages/airflow/example_dags/tutorial_dag.py
[2022-10-19T15:47:24.932+0000] {logging_mixin.py:117} INFO - [2022-10-19T15:47:24.932+0000] {dag.py:2573} INFO - Sync 1 DAGs
[2022-10-19T15:47:24.959+0000] {logging_mixin.py:117} INFO - [2022-10-19T15:47:24.959+0000] {dag.py:3328} INFO - Setting next_dagrun for tutorial_dag to None, run_after=None
[2022-10-19T15:47:24.983+0000] {processor.py:178} INFO - Processing /home/airflow/.local/lib/python3.7/site-packages/airflow/example_dags/tutorial_dag.py took 0.185 seconds
[2022-10-19T15:47:58.077+0000] {processor.py:156} INFO - Started process (PID=1315) to work on /home/airflow/.local/lib/python3.7/site-packages/airflow/example_dags/tutorial_dag.py
[2022-10-19T15:47:58.089+0000] {processor.py:758} INFO - Processing file /home/airflow/.local/lib/python3.7/site-packages/airflow/example_dags/tutorial_dag.py for tasks to queue
[2022-10-19T15:47:58.091+0000] {logging_mixin.py:117} INFO - [2022-10-19T15:47:58.091+0000] {dagbag.py:525} INFO - Filling up the DagBag from /home/airflow/.local/lib/python3.7/site-packages/airflow/example_dags/tutorial_dag.py
[2022-10-19T15:47:58.114+0000] {processor.py:768} INFO - DAG(s) dict_keys(['tutorial_dag']) retrieved from /home/airflow/.local/lib/python3.7/site-packages/airflow/example_dags/tutorial_dag.py
[2022-10-19T15:47:58.166+0000] {logging_mixin.py:117} INFO - [2022-10-19T15:47:58.166+0000] {dag.py:2573} INFO - Sync 1 DAGs
[2022-10-19T15:47:58.195+0000] {logging_mixin.py:117} INFO - [2022-10-19T15:47:58.195+0000] {dag.py:3328} INFO - Setting next_dagrun for tutorial_dag to None, run_after=None
[2022-10-19T15:47:58.215+0000] {processor.py:178} INFO - Processing /home/airflow/.local/lib/python3.7/site-packages/airflow/example_dags/tutorial_dag.py took 0.141 seconds
[2022-10-19T15:48:31.463+0000] {processor.py:156} INFO - Started process (PID=1366) to work on /home/airflow/.local/lib/python3.7/site-packages/airflow/example_dags/tutorial_dag.py
[2022-10-19T15:48:31.466+0000] {processor.py:758} INFO - Processing file /home/airflow/.local/lib/python3.7/site-packages/airflow/example_dags/tutorial_dag.py for tasks to queue
[2022-10-19T15:48:31.468+0000] {logging_mixin.py:117} INFO - [2022-10-19T15:48:31.468+0000] {dagbag.py:525} INFO - Filling up the DagBag from /home/airflow/.local/lib/python3.7/site-packages/airflow/example_dags/tutorial_dag.py
[2022-10-19T15:48:31.508+0000] {processor.py:768} INFO - DAG(s) dict_keys(['tutorial_dag']) retrieved from /home/airflow/.local/lib/python3.7/site-packages/airflow/example_dags/tutorial_dag.py
[2022-10-19T15:48:31.601+0000] {logging_mixin.py:117} INFO - [2022-10-19T15:48:31.601+0000] {dag.py:2573} INFO - Sync 1 DAGs
[2022-10-19T15:48:31.695+0000] {logging_mixin.py:117} INFO - [2022-10-19T15:48:31.695+0000] {dag.py:3328} INFO - Setting next_dagrun for tutorial_dag to None, run_after=None
[2022-10-19T15:48:31.748+0000] {processor.py:178} INFO - Processing /home/airflow/.local/lib/python3.7/site-packages/airflow/example_dags/tutorial_dag.py took 0.289 seconds
[2022-10-19T15:51:30.323+0000] {processor.py:156} INFO - Started process (PID=1468) to work on /home/airflow/.local/lib/python3.7/site-packages/airflow/example_dags/tutorial_dag.py
[2022-10-19T15:51:30.325+0000] {processor.py:758} INFO - Processing file /home/airflow/.local/lib/python3.7/site-packages/airflow/example_dags/tutorial_dag.py for tasks to queue
[2022-10-19T15:51:30.327+0000] {logging_mixin.py:117} INFO - [2022-10-19T15:51:30.327+0000] {dagbag.py:525} INFO - Filling up the DagBag from /home/airflow/.local/lib/python3.7/site-packages/airflow/example_dags/tutorial_dag.py
[2022-10-19T15:51:30.348+0000] {processor.py:768} INFO - DAG(s) dict_keys(['tutorial_dag']) retrieved from /home/airflow/.local/lib/python3.7/site-packages/airflow/example_dags/tutorial_dag.py
[2022-10-19T15:51:30.388+0000] {logging_mixin.py:117} INFO - [2022-10-19T15:51:30.388+0000] {dag.py:2573} INFO - Sync 1 DAGs
[2022-10-19T15:51:30.405+0000] {logging_mixin.py:117} INFO - [2022-10-19T15:51:30.404+0000] {dag.py:3328} INFO - Setting next_dagrun for tutorial_dag to None, run_after=None
[2022-10-19T15:51:30.418+0000] {processor.py:178} INFO - Processing /home/airflow/.local/lib/python3.7/site-packages/airflow/example_dags/tutorial_dag.py took 0.099 seconds
[2022-10-19T15:59:15.480+0000] {processor.py:156} INFO - Started process (PID=115) to work on /home/airflow/.local/lib/python3.7/site-packages/airflow/example_dags/tutorial_dag.py
[2022-10-19T15:59:15.492+0000] {processor.py:758} INFO - Processing file /home/airflow/.local/lib/python3.7/site-packages/airflow/example_dags/tutorial_dag.py for tasks to queue
[2022-10-19T15:59:15.496+0000] {logging_mixin.py:117} INFO - [2022-10-19T15:59:15.496+0000] {dagbag.py:525} INFO - Filling up the DagBag from /home/airflow/.local/lib/python3.7/site-packages/airflow/example_dags/tutorial_dag.py
[2022-10-19T15:59:15.510+0000] {processor.py:768} INFO - DAG(s) dict_keys(['tutorial_dag']) retrieved from /home/airflow/.local/lib/python3.7/site-packages/airflow/example_dags/tutorial_dag.py
[2022-10-19T15:59:15.541+0000] {logging_mixin.py:117} INFO - [2022-10-19T15:59:15.541+0000] {dag.py:2573} INFO - Sync 1 DAGs
[2022-10-19T15:59:15.559+0000] {logging_mixin.py:117} INFO - [2022-10-19T15:59:15.559+0000] {dag.py:3328} INFO - Setting next_dagrun for tutorial_dag to None, run_after=None
[2022-10-19T15:59:15.575+0000] {processor.py:178} INFO - Processing /home/airflow/.local/lib/python3.7/site-packages/airflow/example_dags/tutorial_dag.py took 0.098 seconds
[2022-10-19T15:59:46.533+0000] {processor.py:156} INFO - Started process (PID=180) to work on /home/airflow/.local/lib/python3.7/site-packages/airflow/example_dags/tutorial_dag.py
[2022-10-19T15:59:46.534+0000] {processor.py:758} INFO - Processing file /home/airflow/.local/lib/python3.7/site-packages/airflow/example_dags/tutorial_dag.py for tasks to queue
[2022-10-19T15:59:46.535+0000] {logging_mixin.py:117} INFO - [2022-10-19T15:59:46.535+0000] {dagbag.py:525} INFO - Filling up the DagBag from /home/airflow/.local/lib/python3.7/site-packages/airflow/example_dags/tutorial_dag.py
[2022-10-19T15:59:46.549+0000] {processor.py:768} INFO - DAG(s) dict_keys(['tutorial_dag']) retrieved from /home/airflow/.local/lib/python3.7/site-packages/airflow/example_dags/tutorial_dag.py
[2022-10-19T15:59:46.615+0000] {logging_mixin.py:117} INFO - [2022-10-19T15:59:46.615+0000] {dag.py:2573} INFO - Sync 1 DAGs
[2022-10-19T15:59:46.660+0000] {logging_mixin.py:117} INFO - [2022-10-19T15:59:46.660+0000] {dag.py:3328} INFO - Setting next_dagrun for tutorial_dag to None, run_after=None
[2022-10-19T15:59:46.697+0000] {processor.py:178} INFO - Processing /home/airflow/.local/lib/python3.7/site-packages/airflow/example_dags/tutorial_dag.py took 0.167 seconds
[2022-10-19T16:00:18.448+0000] {processor.py:156} INFO - Started process (PID=237) to work on /home/airflow/.local/lib/python3.7/site-packages/airflow/example_dags/tutorial_dag.py
[2022-10-19T16:00:18.452+0000] {processor.py:758} INFO - Processing file /home/airflow/.local/lib/python3.7/site-packages/airflow/example_dags/tutorial_dag.py for tasks to queue
[2022-10-19T16:00:18.458+0000] {logging_mixin.py:117} INFO - [2022-10-19T16:00:18.458+0000] {dagbag.py:525} INFO - Filling up the DagBag from /home/airflow/.local/lib/python3.7/site-packages/airflow/example_dags/tutorial_dag.py
[2022-10-19T16:00:18.484+0000] {processor.py:768} INFO - DAG(s) dict_keys(['tutorial_dag']) retrieved from /home/airflow/.local/lib/python3.7/site-packages/airflow/example_dags/tutorial_dag.py
[2022-10-19T16:00:18.632+0000] {logging_mixin.py:117} INFO - [2022-10-19T16:00:18.631+0000] {dag.py:2573} INFO - Sync 1 DAGs
[2022-10-19T16:00:18.681+0000] {logging_mixin.py:117} INFO - [2022-10-19T16:00:18.681+0000] {dag.py:3328} INFO - Setting next_dagrun for tutorial_dag to None, run_after=None
[2022-10-19T16:00:18.727+0000] {processor.py:178} INFO - Processing /home/airflow/.local/lib/python3.7/site-packages/airflow/example_dags/tutorial_dag.py took 0.282 seconds
[2022-10-19T16:00:49.558+0000] {processor.py:156} INFO - Started process (PID=301) to work on /home/airflow/.local/lib/python3.7/site-packages/airflow/example_dags/tutorial_dag.py
[2022-10-19T16:00:49.561+0000] {processor.py:758} INFO - Processing file /home/airflow/.local/lib/python3.7/site-packages/airflow/example_dags/tutorial_dag.py for tasks to queue
[2022-10-19T16:00:49.565+0000] {logging_mixin.py:117} INFO - [2022-10-19T16:00:49.564+0000] {dagbag.py:525} INFO - Filling up the DagBag from /home/airflow/.local/lib/python3.7/site-packages/airflow/example_dags/tutorial_dag.py
[2022-10-19T16:00:49.580+0000] {processor.py:768} INFO - DAG(s) dict_keys(['tutorial_dag']) retrieved from /home/airflow/.local/lib/python3.7/site-packages/airflow/example_dags/tutorial_dag.py
[2022-10-19T16:00:49.630+0000] {logging_mixin.py:117} INFO - [2022-10-19T16:00:49.630+0000] {dag.py:2573} INFO - Sync 1 DAGs
[2022-10-19T16:00:49.657+0000] {logging_mixin.py:117} INFO - [2022-10-19T16:00:49.657+0000] {dag.py:3328} INFO - Setting next_dagrun for tutorial_dag to None, run_after=None
[2022-10-19T16:00:49.679+0000] {processor.py:178} INFO - Processing /home/airflow/.local/lib/python3.7/site-packages/airflow/example_dags/tutorial_dag.py took 0.124 seconds
[2022-10-19T16:01:20.373+0000] {processor.py:156} INFO - Started process (PID=366) to work on /home/airflow/.local/lib/python3.7/site-packages/airflow/example_dags/tutorial_dag.py
[2022-10-19T16:01:20.378+0000] {processor.py:758} INFO - Processing file /home/airflow/.local/lib/python3.7/site-packages/airflow/example_dags/tutorial_dag.py for tasks to queue
[2022-10-19T16:01:20.382+0000] {logging_mixin.py:117} INFO - [2022-10-19T16:01:20.382+0000] {dagbag.py:525} INFO - Filling up the DagBag from /home/airflow/.local/lib/python3.7/site-packages/airflow/example_dags/tutorial_dag.py
[2022-10-19T16:01:20.393+0000] {processor.py:768} INFO - DAG(s) dict_keys(['tutorial_dag']) retrieved from /home/airflow/.local/lib/python3.7/site-packages/airflow/example_dags/tutorial_dag.py
[2022-10-19T16:01:20.426+0000] {logging_mixin.py:117} INFO - [2022-10-19T16:01:20.425+0000] {dag.py:2573} INFO - Sync 1 DAGs
[2022-10-19T16:01:20.446+0000] {logging_mixin.py:117} INFO - [2022-10-19T16:01:20.446+0000] {dag.py:3328} INFO - Setting next_dagrun for tutorial_dag to None, run_after=None
[2022-10-19T16:01:20.464+0000] {processor.py:178} INFO - Processing /home/airflow/.local/lib/python3.7/site-packages/airflow/example_dags/tutorial_dag.py took 0.095 seconds
[2022-10-19T16:01:50.551+0000] {processor.py:156} INFO - Started process (PID=423) to work on /home/airflow/.local/lib/python3.7/site-packages/airflow/example_dags/tutorial_dag.py
[2022-10-19T16:01:50.552+0000] {processor.py:758} INFO - Processing file /home/airflow/.local/lib/python3.7/site-packages/airflow/example_dags/tutorial_dag.py for tasks to queue
[2022-10-19T16:01:50.553+0000] {logging_mixin.py:117} INFO - [2022-10-19T16:01:50.553+0000] {dagbag.py:525} INFO - Filling up the DagBag from /home/airflow/.local/lib/python3.7/site-packages/airflow/example_dags/tutorial_dag.py
[2022-10-19T16:01:50.565+0000] {processor.py:768} INFO - DAG(s) dict_keys(['tutorial_dag']) retrieved from /home/airflow/.local/lib/python3.7/site-packages/airflow/example_dags/tutorial_dag.py
[2022-10-19T16:01:50.591+0000] {logging_mixin.py:117} INFO - [2022-10-19T16:01:50.591+0000] {dag.py:2573} INFO - Sync 1 DAGs
[2022-10-19T16:01:50.608+0000] {logging_mixin.py:117} INFO - [2022-10-19T16:01:50.608+0000] {dag.py:3328} INFO - Setting next_dagrun for tutorial_dag to None, run_after=None
[2022-10-19T16:01:50.622+0000] {processor.py:178} INFO - Processing /home/airflow/.local/lib/python3.7/site-packages/airflow/example_dags/tutorial_dag.py took 0.074 seconds
[2022-10-19T16:02:21.519+0000] {processor.py:156} INFO - Started process (PID=488) to work on /home/airflow/.local/lib/python3.7/site-packages/airflow/example_dags/tutorial_dag.py
[2022-10-19T16:02:21.520+0000] {processor.py:758} INFO - Processing file /home/airflow/.local/lib/python3.7/site-packages/airflow/example_dags/tutorial_dag.py for tasks to queue
[2022-10-19T16:02:21.521+0000] {logging_mixin.py:117} INFO - [2022-10-19T16:02:21.521+0000] {dagbag.py:525} INFO - Filling up the DagBag from /home/airflow/.local/lib/python3.7/site-packages/airflow/example_dags/tutorial_dag.py
[2022-10-19T16:02:21.532+0000] {processor.py:768} INFO - DAG(s) dict_keys(['tutorial_dag']) retrieved from /home/airflow/.local/lib/python3.7/site-packages/airflow/example_dags/tutorial_dag.py
[2022-10-19T16:02:21.557+0000] {logging_mixin.py:117} INFO - [2022-10-19T16:02:21.557+0000] {dag.py:2573} INFO - Sync 1 DAGs
[2022-10-19T16:02:21.576+0000] {logging_mixin.py:117} INFO - [2022-10-19T16:02:21.576+0000] {dag.py:3328} INFO - Setting next_dagrun for tutorial_dag to None, run_after=None
[2022-10-19T16:02:21.593+0000] {processor.py:178} INFO - Processing /home/airflow/.local/lib/python3.7/site-packages/airflow/example_dags/tutorial_dag.py took 0.076 seconds
[2022-10-19T16:02:51.785+0000] {processor.py:156} INFO - Started process (PID=553) to work on /home/airflow/.local/lib/python3.7/site-packages/airflow/example_dags/tutorial_dag.py
[2022-10-19T16:02:51.787+0000] {processor.py:758} INFO - Processing file /home/airflow/.local/lib/python3.7/site-packages/airflow/example_dags/tutorial_dag.py for tasks to queue
[2022-10-19T16:02:51.788+0000] {logging_mixin.py:117} INFO - [2022-10-19T16:02:51.788+0000] {dagbag.py:525} INFO - Filling up the DagBag from /home/airflow/.local/lib/python3.7/site-packages/airflow/example_dags/tutorial_dag.py
[2022-10-19T16:02:51.799+0000] {processor.py:768} INFO - DAG(s) dict_keys(['tutorial_dag']) retrieved from /home/airflow/.local/lib/python3.7/site-packages/airflow/example_dags/tutorial_dag.py
[2022-10-19T16:02:51.827+0000] {logging_mixin.py:117} INFO - [2022-10-19T16:02:51.827+0000] {dag.py:2573} INFO - Sync 1 DAGs
[2022-10-19T16:02:51.842+0000] {logging_mixin.py:117} INFO - [2022-10-19T16:02:51.842+0000] {dag.py:3328} INFO - Setting next_dagrun for tutorial_dag to None, run_after=None
[2022-10-19T16:02:51.855+0000] {processor.py:178} INFO - Processing /home/airflow/.local/lib/python3.7/site-packages/airflow/example_dags/tutorial_dag.py took 0.073 seconds
[2022-10-19T16:03:22.778+0000] {processor.py:156} INFO - Started process (PID=618) to work on /home/airflow/.local/lib/python3.7/site-packages/airflow/example_dags/tutorial_dag.py
[2022-10-19T16:03:22.780+0000] {processor.py:758} INFO - Processing file /home/airflow/.local/lib/python3.7/site-packages/airflow/example_dags/tutorial_dag.py for tasks to queue
[2022-10-19T16:03:22.781+0000] {logging_mixin.py:117} INFO - [2022-10-19T16:03:22.781+0000] {dagbag.py:525} INFO - Filling up the DagBag from /home/airflow/.local/lib/python3.7/site-packages/airflow/example_dags/tutorial_dag.py
[2022-10-19T16:03:22.794+0000] {processor.py:768} INFO - DAG(s) dict_keys(['tutorial_dag']) retrieved from /home/airflow/.local/lib/python3.7/site-packages/airflow/example_dags/tutorial_dag.py
[2022-10-19T16:03:22.823+0000] {logging_mixin.py:117} INFO - [2022-10-19T16:03:22.823+0000] {dag.py:2573} INFO - Sync 1 DAGs
[2022-10-19T16:03:22.839+0000] {logging_mixin.py:117} INFO - [2022-10-19T16:03:22.839+0000] {dag.py:3328} INFO - Setting next_dagrun for tutorial_dag to None, run_after=None
[2022-10-19T16:03:22.862+0000] {processor.py:178} INFO - Processing /home/airflow/.local/lib/python3.7/site-packages/airflow/example_dags/tutorial_dag.py took 0.086 seconds
[2022-10-19T16:03:53.805+0000] {processor.py:156} INFO - Started process (PID=683) to work on /home/airflow/.local/lib/python3.7/site-packages/airflow/example_dags/tutorial_dag.py
[2022-10-19T16:03:53.807+0000] {processor.py:758} INFO - Processing file /home/airflow/.local/lib/python3.7/site-packages/airflow/example_dags/tutorial_dag.py for tasks to queue
[2022-10-19T16:03:53.808+0000] {logging_mixin.py:117} INFO - [2022-10-19T16:03:53.808+0000] {dagbag.py:525} INFO - Filling up the DagBag from /home/airflow/.local/lib/python3.7/site-packages/airflow/example_dags/tutorial_dag.py
[2022-10-19T16:03:53.819+0000] {processor.py:768} INFO - DAG(s) dict_keys(['tutorial_dag']) retrieved from /home/airflow/.local/lib/python3.7/site-packages/airflow/example_dags/tutorial_dag.py
[2022-10-19T16:03:53.849+0000] {logging_mixin.py:117} INFO - [2022-10-19T16:03:53.849+0000] {dag.py:2573} INFO - Sync 1 DAGs
[2022-10-19T16:03:53.867+0000] {logging_mixin.py:117} INFO - [2022-10-19T16:03:53.867+0000] {dag.py:3328} INFO - Setting next_dagrun for tutorial_dag to None, run_after=None
[2022-10-19T16:03:53.880+0000] {processor.py:178} INFO - Processing /home/airflow/.local/lib/python3.7/site-packages/airflow/example_dags/tutorial_dag.py took 0.077 seconds
[2022-10-19T16:04:24.466+0000] {processor.py:156} INFO - Started process (PID=739) to work on /home/airflow/.local/lib/python3.7/site-packages/airflow/example_dags/tutorial_dag.py
[2022-10-19T16:04:24.468+0000] {processor.py:758} INFO - Processing file /home/airflow/.local/lib/python3.7/site-packages/airflow/example_dags/tutorial_dag.py for tasks to queue
[2022-10-19T16:04:24.469+0000] {logging_mixin.py:117} INFO - [2022-10-19T16:04:24.468+0000] {dagbag.py:525} INFO - Filling up the DagBag from /home/airflow/.local/lib/python3.7/site-packages/airflow/example_dags/tutorial_dag.py
[2022-10-19T16:04:24.484+0000] {processor.py:768} INFO - DAG(s) dict_keys(['tutorial_dag']) retrieved from /home/airflow/.local/lib/python3.7/site-packages/airflow/example_dags/tutorial_dag.py
[2022-10-19T16:04:24.522+0000] {logging_mixin.py:117} INFO - [2022-10-19T16:04:24.522+0000] {dag.py:2573} INFO - Sync 1 DAGs
[2022-10-19T16:04:24.546+0000] {logging_mixin.py:117} INFO - [2022-10-19T16:04:24.546+0000] {dag.py:3328} INFO - Setting next_dagrun for tutorial_dag to None, run_after=None
[2022-10-19T16:04:24.566+0000] {processor.py:178} INFO - Processing /home/airflow/.local/lib/python3.7/site-packages/airflow/example_dags/tutorial_dag.py took 0.103 seconds
[2022-10-19T16:04:55.482+0000] {processor.py:156} INFO - Started process (PID=804) to work on /home/airflow/.local/lib/python3.7/site-packages/airflow/example_dags/tutorial_dag.py
[2022-10-19T16:04:55.485+0000] {processor.py:758} INFO - Processing file /home/airflow/.local/lib/python3.7/site-packages/airflow/example_dags/tutorial_dag.py for tasks to queue
[2022-10-19T16:04:55.487+0000] {logging_mixin.py:117} INFO - [2022-10-19T16:04:55.487+0000] {dagbag.py:525} INFO - Filling up the DagBag from /home/airflow/.local/lib/python3.7/site-packages/airflow/example_dags/tutorial_dag.py
[2022-10-19T16:04:55.501+0000] {processor.py:768} INFO - DAG(s) dict_keys(['tutorial_dag']) retrieved from /home/airflow/.local/lib/python3.7/site-packages/airflow/example_dags/tutorial_dag.py
[2022-10-19T16:04:55.531+0000] {logging_mixin.py:117} INFO - [2022-10-19T16:04:55.531+0000] {dag.py:2573} INFO - Sync 1 DAGs
[2022-10-19T16:04:55.544+0000] {logging_mixin.py:117} INFO - [2022-10-19T16:04:55.544+0000] {dag.py:3328} INFO - Setting next_dagrun for tutorial_dag to None, run_after=None
[2022-10-19T16:04:55.555+0000] {processor.py:178} INFO - Processing /home/airflow/.local/lib/python3.7/site-packages/airflow/example_dags/tutorial_dag.py took 0.075 seconds
[2022-10-19T16:05:26.014+0000] {processor.py:156} INFO - Started process (PID=870) to work on /home/airflow/.local/lib/python3.7/site-packages/airflow/example_dags/tutorial_dag.py
[2022-10-19T16:05:26.016+0000] {processor.py:758} INFO - Processing file /home/airflow/.local/lib/python3.7/site-packages/airflow/example_dags/tutorial_dag.py for tasks to queue
[2022-10-19T16:05:26.019+0000] {logging_mixin.py:117} INFO - [2022-10-19T16:05:26.019+0000] {dagbag.py:525} INFO - Filling up the DagBag from /home/airflow/.local/lib/python3.7/site-packages/airflow/example_dags/tutorial_dag.py
[2022-10-19T16:05:26.031+0000] {processor.py:768} INFO - DAG(s) dict_keys(['tutorial_dag']) retrieved from /home/airflow/.local/lib/python3.7/site-packages/airflow/example_dags/tutorial_dag.py
[2022-10-19T16:05:26.058+0000] {logging_mixin.py:117} INFO - [2022-10-19T16:05:26.058+0000] {dag.py:2573} INFO - Sync 1 DAGs
[2022-10-19T16:05:26.072+0000] {logging_mixin.py:117} INFO - [2022-10-19T16:05:26.071+0000] {dag.py:3328} INFO - Setting next_dagrun for tutorial_dag to None, run_after=None
[2022-10-19T16:05:26.084+0000] {processor.py:178} INFO - Processing /home/airflow/.local/lib/python3.7/site-packages/airflow/example_dags/tutorial_dag.py took 0.073 seconds
[2022-10-19T16:05:56.864+0000] {processor.py:156} INFO - Started process (PID=934) to work on /home/airflow/.local/lib/python3.7/site-packages/airflow/example_dags/tutorial_dag.py
[2022-10-19T16:05:56.866+0000] {processor.py:758} INFO - Processing file /home/airflow/.local/lib/python3.7/site-packages/airflow/example_dags/tutorial_dag.py for tasks to queue
[2022-10-19T16:05:56.868+0000] {logging_mixin.py:117} INFO - [2022-10-19T16:05:56.868+0000] {dagbag.py:525} INFO - Filling up the DagBag from /home/airflow/.local/lib/python3.7/site-packages/airflow/example_dags/tutorial_dag.py
[2022-10-19T16:05:56.883+0000] {processor.py:768} INFO - DAG(s) dict_keys(['tutorial_dag']) retrieved from /home/airflow/.local/lib/python3.7/site-packages/airflow/example_dags/tutorial_dag.py
[2022-10-19T16:05:56.922+0000] {logging_mixin.py:117} INFO - [2022-10-19T16:05:56.921+0000] {dag.py:2573} INFO - Sync 1 DAGs
[2022-10-19T16:05:56.940+0000] {logging_mixin.py:117} INFO - [2022-10-19T16:05:56.940+0000] {dag.py:3328} INFO - Setting next_dagrun for tutorial_dag to None, run_after=None
[2022-10-19T16:05:56.957+0000] {processor.py:178} INFO - Processing /home/airflow/.local/lib/python3.7/site-packages/airflow/example_dags/tutorial_dag.py took 0.096 seconds
[2022-10-19T16:06:27.733+0000] {processor.py:156} INFO - Started process (PID=990) to work on /home/airflow/.local/lib/python3.7/site-packages/airflow/example_dags/tutorial_dag.py
[2022-10-19T16:06:27.735+0000] {processor.py:758} INFO - Processing file /home/airflow/.local/lib/python3.7/site-packages/airflow/example_dags/tutorial_dag.py for tasks to queue
[2022-10-19T16:06:27.736+0000] {logging_mixin.py:117} INFO - [2022-10-19T16:06:27.736+0000] {dagbag.py:525} INFO - Filling up the DagBag from /home/airflow/.local/lib/python3.7/site-packages/airflow/example_dags/tutorial_dag.py
[2022-10-19T16:06:27.747+0000] {processor.py:768} INFO - DAG(s) dict_keys(['tutorial_dag']) retrieved from /home/airflow/.local/lib/python3.7/site-packages/airflow/example_dags/tutorial_dag.py
[2022-10-19T16:06:27.772+0000] {logging_mixin.py:117} INFO - [2022-10-19T16:06:27.772+0000] {dag.py:2573} INFO - Sync 1 DAGs
[2022-10-19T16:06:27.789+0000] {logging_mixin.py:117} INFO - [2022-10-19T16:06:27.789+0000] {dag.py:3328} INFO - Setting next_dagrun for tutorial_dag to None, run_after=None
[2022-10-19T16:06:27.809+0000] {processor.py:178} INFO - Processing /home/airflow/.local/lib/python3.7/site-packages/airflow/example_dags/tutorial_dag.py took 0.078 seconds
[2022-10-19T16:06:59.005+0000] {processor.py:156} INFO - Started process (PID=1055) to work on /home/airflow/.local/lib/python3.7/site-packages/airflow/example_dags/tutorial_dag.py
[2022-10-19T16:06:59.010+0000] {processor.py:758} INFO - Processing file /home/airflow/.local/lib/python3.7/site-packages/airflow/example_dags/tutorial_dag.py for tasks to queue
[2022-10-19T16:06:59.014+0000] {logging_mixin.py:117} INFO - [2022-10-19T16:06:59.014+0000] {dagbag.py:525} INFO - Filling up the DagBag from /home/airflow/.local/lib/python3.7/site-packages/airflow/example_dags/tutorial_dag.py
[2022-10-19T16:06:59.053+0000] {processor.py:768} INFO - DAG(s) dict_keys(['tutorial_dag']) retrieved from /home/airflow/.local/lib/python3.7/site-packages/airflow/example_dags/tutorial_dag.py
[2022-10-19T16:06:59.170+0000] {logging_mixin.py:117} INFO - [2022-10-19T16:06:59.170+0000] {dag.py:2573} INFO - Sync 1 DAGs
[2022-10-19T16:06:59.221+0000] {logging_mixin.py:117} INFO - [2022-10-19T16:06:59.221+0000] {dag.py:3328} INFO - Setting next_dagrun for tutorial_dag to None, run_after=None
[2022-10-19T16:06:59.268+0000] {processor.py:178} INFO - Processing /home/airflow/.local/lib/python3.7/site-packages/airflow/example_dags/tutorial_dag.py took 0.272 seconds
[2022-10-19T16:07:29.405+0000] {processor.py:156} INFO - Started process (PID=1120) to work on /home/airflow/.local/lib/python3.7/site-packages/airflow/example_dags/tutorial_dag.py
[2022-10-19T16:07:29.406+0000] {processor.py:758} INFO - Processing file /home/airflow/.local/lib/python3.7/site-packages/airflow/example_dags/tutorial_dag.py for tasks to queue
[2022-10-19T16:07:29.408+0000] {logging_mixin.py:117} INFO - [2022-10-19T16:07:29.408+0000] {dagbag.py:525} INFO - Filling up the DagBag from /home/airflow/.local/lib/python3.7/site-packages/airflow/example_dags/tutorial_dag.py
[2022-10-19T16:07:29.419+0000] {processor.py:768} INFO - DAG(s) dict_keys(['tutorial_dag']) retrieved from /home/airflow/.local/lib/python3.7/site-packages/airflow/example_dags/tutorial_dag.py
[2022-10-19T16:07:29.444+0000] {logging_mixin.py:117} INFO - [2022-10-19T16:07:29.444+0000] {dag.py:2573} INFO - Sync 1 DAGs
[2022-10-19T16:07:29.460+0000] {logging_mixin.py:117} INFO - [2022-10-19T16:07:29.460+0000] {dag.py:3328} INFO - Setting next_dagrun for tutorial_dag to None, run_after=None
[2022-10-19T16:07:29.476+0000] {processor.py:178} INFO - Processing /home/airflow/.local/lib/python3.7/site-packages/airflow/example_dags/tutorial_dag.py took 0.073 seconds
[2022-10-19T16:08:00.454+0000] {processor.py:156} INFO - Started process (PID=1185) to work on /home/airflow/.local/lib/python3.7/site-packages/airflow/example_dags/tutorial_dag.py
[2022-10-19T16:08:00.456+0000] {processor.py:758} INFO - Processing file /home/airflow/.local/lib/python3.7/site-packages/airflow/example_dags/tutorial_dag.py for tasks to queue
[2022-10-19T16:08:00.462+0000] {logging_mixin.py:117} INFO - [2022-10-19T16:08:00.462+0000] {dagbag.py:525} INFO - Filling up the DagBag from /home/airflow/.local/lib/python3.7/site-packages/airflow/example_dags/tutorial_dag.py
[2022-10-19T16:08:00.475+0000] {processor.py:768} INFO - DAG(s) dict_keys(['tutorial_dag']) retrieved from /home/airflow/.local/lib/python3.7/site-packages/airflow/example_dags/tutorial_dag.py
[2022-10-19T16:08:00.510+0000] {logging_mixin.py:117} INFO - [2022-10-19T16:08:00.510+0000] {dag.py:2573} INFO - Sync 1 DAGs
[2022-10-19T16:08:00.529+0000] {logging_mixin.py:117} INFO - [2022-10-19T16:08:00.529+0000] {dag.py:3328} INFO - Setting next_dagrun for tutorial_dag to None, run_after=None
[2022-10-19T16:08:00.545+0000] {processor.py:178} INFO - Processing /home/airflow/.local/lib/python3.7/site-packages/airflow/example_dags/tutorial_dag.py took 0.095 seconds
[2022-10-19T16:08:30.659+0000] {processor.py:156} INFO - Started process (PID=1250) to work on /home/airflow/.local/lib/python3.7/site-packages/airflow/example_dags/tutorial_dag.py
[2022-10-19T16:08:30.666+0000] {processor.py:758} INFO - Processing file /home/airflow/.local/lib/python3.7/site-packages/airflow/example_dags/tutorial_dag.py for tasks to queue
[2022-10-19T16:08:30.667+0000] {logging_mixin.py:117} INFO - [2022-10-19T16:08:30.667+0000] {dagbag.py:525} INFO - Filling up the DagBag from /home/airflow/.local/lib/python3.7/site-packages/airflow/example_dags/tutorial_dag.py
[2022-10-19T16:08:30.679+0000] {processor.py:768} INFO - DAG(s) dict_keys(['tutorial_dag']) retrieved from /home/airflow/.local/lib/python3.7/site-packages/airflow/example_dags/tutorial_dag.py
[2022-10-19T16:08:30.709+0000] {logging_mixin.py:117} INFO - [2022-10-19T16:08:30.709+0000] {dag.py:2573} INFO - Sync 1 DAGs
[2022-10-19T16:08:30.809+0000] {logging_mixin.py:117} INFO - [2022-10-19T16:08:30.809+0000] {dag.py:3328} INFO - Setting next_dagrun for tutorial_dag to None, run_after=None
[2022-10-19T16:08:30.840+0000] {processor.py:178} INFO - Processing /home/airflow/.local/lib/python3.7/site-packages/airflow/example_dags/tutorial_dag.py took 0.184 seconds
[2022-10-19T16:09:01.880+0000] {processor.py:156} INFO - Started process (PID=1306) to work on /home/airflow/.local/lib/python3.7/site-packages/airflow/example_dags/tutorial_dag.py
[2022-10-19T16:09:01.886+0000] {processor.py:758} INFO - Processing file /home/airflow/.local/lib/python3.7/site-packages/airflow/example_dags/tutorial_dag.py for tasks to queue
[2022-10-19T16:09:01.892+0000] {logging_mixin.py:117} INFO - [2022-10-19T16:09:01.891+0000] {dagbag.py:525} INFO - Filling up the DagBag from /home/airflow/.local/lib/python3.7/site-packages/airflow/example_dags/tutorial_dag.py
[2022-10-19T16:09:01.932+0000] {processor.py:768} INFO - DAG(s) dict_keys(['tutorial_dag']) retrieved from /home/airflow/.local/lib/python3.7/site-packages/airflow/example_dags/tutorial_dag.py
[2022-10-19T16:09:01.983+0000] {logging_mixin.py:117} INFO - [2022-10-19T16:09:01.983+0000] {dag.py:2573} INFO - Sync 1 DAGs
[2022-10-19T16:09:02.005+0000] {logging_mixin.py:117} INFO - [2022-10-19T16:09:02.005+0000] {dag.py:3328} INFO - Setting next_dagrun for tutorial_dag to None, run_after=None
[2022-10-19T16:09:02.024+0000] {processor.py:178} INFO - Processing /home/airflow/.local/lib/python3.7/site-packages/airflow/example_dags/tutorial_dag.py took 0.150 seconds
[2022-10-19T16:09:32.702+0000] {processor.py:156} INFO - Started process (PID=1371) to work on /home/airflow/.local/lib/python3.7/site-packages/airflow/example_dags/tutorial_dag.py
[2022-10-19T16:09:32.704+0000] {processor.py:758} INFO - Processing file /home/airflow/.local/lib/python3.7/site-packages/airflow/example_dags/tutorial_dag.py for tasks to queue
[2022-10-19T16:09:32.706+0000] {logging_mixin.py:117} INFO - [2022-10-19T16:09:32.706+0000] {dagbag.py:525} INFO - Filling up the DagBag from /home/airflow/.local/lib/python3.7/site-packages/airflow/example_dags/tutorial_dag.py
[2022-10-19T16:09:32.718+0000] {processor.py:768} INFO - DAG(s) dict_keys(['tutorial_dag']) retrieved from /home/airflow/.local/lib/python3.7/site-packages/airflow/example_dags/tutorial_dag.py
[2022-10-19T16:09:32.753+0000] {logging_mixin.py:117} INFO - [2022-10-19T16:09:32.753+0000] {dag.py:2573} INFO - Sync 1 DAGs
[2022-10-19T16:09:32.771+0000] {logging_mixin.py:117} INFO - [2022-10-19T16:09:32.771+0000] {dag.py:3328} INFO - Setting next_dagrun for tutorial_dag to None, run_after=None
[2022-10-19T16:09:32.785+0000] {processor.py:178} INFO - Processing /home/airflow/.local/lib/python3.7/site-packages/airflow/example_dags/tutorial_dag.py took 0.086 seconds
[2022-10-19T16:10:03.733+0000] {processor.py:156} INFO - Started process (PID=1438) to work on /home/airflow/.local/lib/python3.7/site-packages/airflow/example_dags/tutorial_dag.py
[2022-10-19T16:10:03.735+0000] {processor.py:758} INFO - Processing file /home/airflow/.local/lib/python3.7/site-packages/airflow/example_dags/tutorial_dag.py for tasks to queue
[2022-10-19T16:10:03.737+0000] {logging_mixin.py:117} INFO - [2022-10-19T16:10:03.736+0000] {dagbag.py:525} INFO - Filling up the DagBag from /home/airflow/.local/lib/python3.7/site-packages/airflow/example_dags/tutorial_dag.py
[2022-10-19T16:10:03.747+0000] {processor.py:768} INFO - DAG(s) dict_keys(['tutorial_dag']) retrieved from /home/airflow/.local/lib/python3.7/site-packages/airflow/example_dags/tutorial_dag.py
[2022-10-19T16:10:03.773+0000] {logging_mixin.py:117} INFO - [2022-10-19T16:10:03.773+0000] {dag.py:2573} INFO - Sync 1 DAGs
[2022-10-19T16:10:03.787+0000] {logging_mixin.py:117} INFO - [2022-10-19T16:10:03.787+0000] {dag.py:3328} INFO - Setting next_dagrun for tutorial_dag to None, run_after=None
[2022-10-19T16:10:03.801+0000] {processor.py:178} INFO - Processing /home/airflow/.local/lib/python3.7/site-packages/airflow/example_dags/tutorial_dag.py took 0.070 seconds
[2022-10-19T16:10:34.579+0000] {processor.py:156} INFO - Started process (PID=1503) to work on /home/airflow/.local/lib/python3.7/site-packages/airflow/example_dags/tutorial_dag.py
[2022-10-19T16:10:34.580+0000] {processor.py:758} INFO - Processing file /home/airflow/.local/lib/python3.7/site-packages/airflow/example_dags/tutorial_dag.py for tasks to queue
[2022-10-19T16:10:34.582+0000] {logging_mixin.py:117} INFO - [2022-10-19T16:10:34.582+0000] {dagbag.py:525} INFO - Filling up the DagBag from /home/airflow/.local/lib/python3.7/site-packages/airflow/example_dags/tutorial_dag.py
[2022-10-19T16:10:34.591+0000] {processor.py:768} INFO - DAG(s) dict_keys(['tutorial_dag']) retrieved from /home/airflow/.local/lib/python3.7/site-packages/airflow/example_dags/tutorial_dag.py
[2022-10-19T16:10:34.618+0000] {logging_mixin.py:117} INFO - [2022-10-19T16:10:34.618+0000] {dag.py:2573} INFO - Sync 1 DAGs
[2022-10-19T16:10:34.642+0000] {logging_mixin.py:117} INFO - [2022-10-19T16:10:34.642+0000] {dag.py:3328} INFO - Setting next_dagrun for tutorial_dag to None, run_after=None
[2022-10-19T16:10:34.665+0000] {processor.py:178} INFO - Processing /home/airflow/.local/lib/python3.7/site-packages/airflow/example_dags/tutorial_dag.py took 0.089 seconds
[2022-10-19T16:11:05.183+0000] {processor.py:156} INFO - Started process (PID=1559) to work on /home/airflow/.local/lib/python3.7/site-packages/airflow/example_dags/tutorial_dag.py
[2022-10-19T16:11:05.188+0000] {processor.py:758} INFO - Processing file /home/airflow/.local/lib/python3.7/site-packages/airflow/example_dags/tutorial_dag.py for tasks to queue
[2022-10-19T16:11:05.193+0000] {logging_mixin.py:117} INFO - [2022-10-19T16:11:05.192+0000] {dagbag.py:525} INFO - Filling up the DagBag from /home/airflow/.local/lib/python3.7/site-packages/airflow/example_dags/tutorial_dag.py
[2022-10-19T16:11:05.208+0000] {processor.py:768} INFO - DAG(s) dict_keys(['tutorial_dag']) retrieved from /home/airflow/.local/lib/python3.7/site-packages/airflow/example_dags/tutorial_dag.py
[2022-10-19T16:11:05.249+0000] {logging_mixin.py:117} INFO - [2022-10-19T16:11:05.249+0000] {dag.py:2573} INFO - Sync 1 DAGs
[2022-10-19T16:11:05.274+0000] {logging_mixin.py:117} INFO - [2022-10-19T16:11:05.274+0000] {dag.py:3328} INFO - Setting next_dagrun for tutorial_dag to None, run_after=None
[2022-10-19T16:11:05.304+0000] {processor.py:178} INFO - Processing /home/airflow/.local/lib/python3.7/site-packages/airflow/example_dags/tutorial_dag.py took 0.125 seconds
[2022-10-19T16:11:36.045+0000] {processor.py:156} INFO - Started process (PID=1623) to work on /home/airflow/.local/lib/python3.7/site-packages/airflow/example_dags/tutorial_dag.py
[2022-10-19T16:11:36.047+0000] {processor.py:758} INFO - Processing file /home/airflow/.local/lib/python3.7/site-packages/airflow/example_dags/tutorial_dag.py for tasks to queue
[2022-10-19T16:11:36.048+0000] {logging_mixin.py:117} INFO - [2022-10-19T16:11:36.048+0000] {dagbag.py:525} INFO - Filling up the DagBag from /home/airflow/.local/lib/python3.7/site-packages/airflow/example_dags/tutorial_dag.py
[2022-10-19T16:11:36.059+0000] {processor.py:768} INFO - DAG(s) dict_keys(['tutorial_dag']) retrieved from /home/airflow/.local/lib/python3.7/site-packages/airflow/example_dags/tutorial_dag.py
[2022-10-19T16:11:36.106+0000] {logging_mixin.py:117} INFO - [2022-10-19T16:11:36.106+0000] {dag.py:2573} INFO - Sync 1 DAGs
[2022-10-19T16:11:36.135+0000] {logging_mixin.py:117} INFO - [2022-10-19T16:11:36.135+0000] {dag.py:3328} INFO - Setting next_dagrun for tutorial_dag to None, run_after=None
[2022-10-19T16:11:36.147+0000] {processor.py:178} INFO - Processing /home/airflow/.local/lib/python3.7/site-packages/airflow/example_dags/tutorial_dag.py took 0.105 seconds
[2022-10-19T16:12:06.589+0000] {processor.py:156} INFO - Started process (PID=1689) to work on /home/airflow/.local/lib/python3.7/site-packages/airflow/example_dags/tutorial_dag.py
[2022-10-19T16:12:06.591+0000] {processor.py:758} INFO - Processing file /home/airflow/.local/lib/python3.7/site-packages/airflow/example_dags/tutorial_dag.py for tasks to queue
[2022-10-19T16:12:06.594+0000] {logging_mixin.py:117} INFO - [2022-10-19T16:12:06.594+0000] {dagbag.py:525} INFO - Filling up the DagBag from /home/airflow/.local/lib/python3.7/site-packages/airflow/example_dags/tutorial_dag.py
[2022-10-19T16:12:06.610+0000] {processor.py:768} INFO - DAG(s) dict_keys(['tutorial_dag']) retrieved from /home/airflow/.local/lib/python3.7/site-packages/airflow/example_dags/tutorial_dag.py
[2022-10-19T16:12:06.645+0000] {logging_mixin.py:117} INFO - [2022-10-19T16:12:06.645+0000] {dag.py:2573} INFO - Sync 1 DAGs
[2022-10-19T16:12:06.664+0000] {logging_mixin.py:117} INFO - [2022-10-19T16:12:06.664+0000] {dag.py:3328} INFO - Setting next_dagrun for tutorial_dag to None, run_after=None
[2022-10-19T16:12:06.677+0000] {processor.py:178} INFO - Processing /home/airflow/.local/lib/python3.7/site-packages/airflow/example_dags/tutorial_dag.py took 0.091 seconds
[2022-10-19T16:12:37.625+0000] {processor.py:156} INFO - Started process (PID=1755) to work on /home/airflow/.local/lib/python3.7/site-packages/airflow/example_dags/tutorial_dag.py
[2022-10-19T16:12:37.626+0000] {processor.py:758} INFO - Processing file /home/airflow/.local/lib/python3.7/site-packages/airflow/example_dags/tutorial_dag.py for tasks to queue
[2022-10-19T16:12:37.627+0000] {logging_mixin.py:117} INFO - [2022-10-19T16:12:37.627+0000] {dagbag.py:525} INFO - Filling up the DagBag from /home/airflow/.local/lib/python3.7/site-packages/airflow/example_dags/tutorial_dag.py
[2022-10-19T16:12:37.638+0000] {processor.py:768} INFO - DAG(s) dict_keys(['tutorial_dag']) retrieved from /home/airflow/.local/lib/python3.7/site-packages/airflow/example_dags/tutorial_dag.py
[2022-10-19T16:12:37.669+0000] {logging_mixin.py:117} INFO - [2022-10-19T16:12:37.669+0000] {dag.py:2573} INFO - Sync 1 DAGs
[2022-10-19T16:12:37.686+0000] {logging_mixin.py:117} INFO - [2022-10-19T16:12:37.686+0000] {dag.py:3328} INFO - Setting next_dagrun for tutorial_dag to None, run_after=None
[2022-10-19T16:12:37.699+0000] {processor.py:178} INFO - Processing /home/airflow/.local/lib/python3.7/site-packages/airflow/example_dags/tutorial_dag.py took 0.077 seconds
[2022-10-19T16:13:08.655+0000] {processor.py:156} INFO - Started process (PID=1819) to work on /home/airflow/.local/lib/python3.7/site-packages/airflow/example_dags/tutorial_dag.py
[2022-10-19T16:13:08.661+0000] {processor.py:758} INFO - Processing file /home/airflow/.local/lib/python3.7/site-packages/airflow/example_dags/tutorial_dag.py for tasks to queue
[2022-10-19T16:13:08.665+0000] {logging_mixin.py:117} INFO - [2022-10-19T16:13:08.665+0000] {dagbag.py:525} INFO - Filling up the DagBag from /home/airflow/.local/lib/python3.7/site-packages/airflow/example_dags/tutorial_dag.py
[2022-10-19T16:13:08.678+0000] {processor.py:768} INFO - DAG(s) dict_keys(['tutorial_dag']) retrieved from /home/airflow/.local/lib/python3.7/site-packages/airflow/example_dags/tutorial_dag.py
[2022-10-19T16:13:08.708+0000] {logging_mixin.py:117} INFO - [2022-10-19T16:13:08.708+0000] {dag.py:2573} INFO - Sync 1 DAGs
[2022-10-19T16:13:08.723+0000] {logging_mixin.py:117} INFO - [2022-10-19T16:13:08.723+0000] {dag.py:3328} INFO - Setting next_dagrun for tutorial_dag to None, run_after=None
[2022-10-19T16:13:08.741+0000] {processor.py:178} INFO - Processing /home/airflow/.local/lib/python3.7/site-packages/airflow/example_dags/tutorial_dag.py took 0.089 seconds
[2022-10-19T16:13:40.094+0000] {processor.py:156} INFO - Started process (PID=1884) to work on /home/airflow/.local/lib/python3.7/site-packages/airflow/example_dags/tutorial_dag.py
[2022-10-19T16:13:40.097+0000] {processor.py:758} INFO - Processing file /home/airflow/.local/lib/python3.7/site-packages/airflow/example_dags/tutorial_dag.py for tasks to queue
[2022-10-19T16:13:40.098+0000] {logging_mixin.py:117} INFO - [2022-10-19T16:13:40.098+0000] {dagbag.py:525} INFO - Filling up the DagBag from /home/airflow/.local/lib/python3.7/site-packages/airflow/example_dags/tutorial_dag.py
[2022-10-19T16:13:40.110+0000] {processor.py:768} INFO - DAG(s) dict_keys(['tutorial_dag']) retrieved from /home/airflow/.local/lib/python3.7/site-packages/airflow/example_dags/tutorial_dag.py
[2022-10-19T16:13:40.146+0000] {logging_mixin.py:117} INFO - [2022-10-19T16:13:40.146+0000] {dag.py:2573} INFO - Sync 1 DAGs
[2022-10-19T16:13:40.167+0000] {logging_mixin.py:117} INFO - [2022-10-19T16:13:40.166+0000] {dag.py:3328} INFO - Setting next_dagrun for tutorial_dag to None, run_after=None
[2022-10-19T16:13:40.193+0000] {processor.py:178} INFO - Processing /home/airflow/.local/lib/python3.7/site-packages/airflow/example_dags/tutorial_dag.py took 0.103 seconds
[2022-10-19T16:14:10.234+0000] {processor.py:156} INFO - Started process (PID=1940) to work on /home/airflow/.local/lib/python3.7/site-packages/airflow/example_dags/tutorial_dag.py
[2022-10-19T16:14:10.238+0000] {processor.py:758} INFO - Processing file /home/airflow/.local/lib/python3.7/site-packages/airflow/example_dags/tutorial_dag.py for tasks to queue
[2022-10-19T16:14:10.243+0000] {logging_mixin.py:117} INFO - [2022-10-19T16:14:10.242+0000] {dagbag.py:525} INFO - Filling up the DagBag from /home/airflow/.local/lib/python3.7/site-packages/airflow/example_dags/tutorial_dag.py
[2022-10-19T16:14:10.278+0000] {processor.py:768} INFO - DAG(s) dict_keys(['tutorial_dag']) retrieved from /home/airflow/.local/lib/python3.7/site-packages/airflow/example_dags/tutorial_dag.py
[2022-10-19T16:14:10.343+0000] {logging_mixin.py:117} INFO - [2022-10-19T16:14:10.342+0000] {dag.py:2573} INFO - Sync 1 DAGs
[2022-10-19T16:14:10.380+0000] {logging_mixin.py:117} INFO - [2022-10-19T16:14:10.380+0000] {dag.py:3328} INFO - Setting next_dagrun for tutorial_dag to None, run_after=None
[2022-10-19T16:14:10.416+0000] {processor.py:178} INFO - Processing /home/airflow/.local/lib/python3.7/site-packages/airflow/example_dags/tutorial_dag.py took 0.186 seconds
[2022-10-19T16:14:41.103+0000] {processor.py:156} INFO - Started process (PID=2006) to work on /home/airflow/.local/lib/python3.7/site-packages/airflow/example_dags/tutorial_dag.py
[2022-10-19T16:14:41.104+0000] {processor.py:758} INFO - Processing file /home/airflow/.local/lib/python3.7/site-packages/airflow/example_dags/tutorial_dag.py for tasks to queue
[2022-10-19T16:14:41.108+0000] {logging_mixin.py:117} INFO - [2022-10-19T16:14:41.107+0000] {dagbag.py:525} INFO - Filling up the DagBag from /home/airflow/.local/lib/python3.7/site-packages/airflow/example_dags/tutorial_dag.py
[2022-10-19T16:14:41.121+0000] {processor.py:768} INFO - DAG(s) dict_keys(['tutorial_dag']) retrieved from /home/airflow/.local/lib/python3.7/site-packages/airflow/example_dags/tutorial_dag.py
[2022-10-19T16:14:41.152+0000] {logging_mixin.py:117} INFO - [2022-10-19T16:14:41.152+0000] {dag.py:2573} INFO - Sync 1 DAGs
[2022-10-19T16:14:41.168+0000] {logging_mixin.py:117} INFO - [2022-10-19T16:14:41.168+0000] {dag.py:3328} INFO - Setting next_dagrun for tutorial_dag to None, run_after=None
[2022-10-19T16:14:41.181+0000] {processor.py:178} INFO - Processing /home/airflow/.local/lib/python3.7/site-packages/airflow/example_dags/tutorial_dag.py took 0.082 seconds
[2022-10-19T16:15:12.106+0000] {processor.py:156} INFO - Started process (PID=2074) to work on /home/airflow/.local/lib/python3.7/site-packages/airflow/example_dags/tutorial_dag.py
[2022-10-19T16:15:12.111+0000] {processor.py:758} INFO - Processing file /home/airflow/.local/lib/python3.7/site-packages/airflow/example_dags/tutorial_dag.py for tasks to queue
[2022-10-19T16:15:12.112+0000] {logging_mixin.py:117} INFO - [2022-10-19T16:15:12.112+0000] {dagbag.py:525} INFO - Filling up the DagBag from /home/airflow/.local/lib/python3.7/site-packages/airflow/example_dags/tutorial_dag.py
[2022-10-19T16:15:12.122+0000] {processor.py:768} INFO - DAG(s) dict_keys(['tutorial_dag']) retrieved from /home/airflow/.local/lib/python3.7/site-packages/airflow/example_dags/tutorial_dag.py
[2022-10-19T16:15:12.151+0000] {logging_mixin.py:117} INFO - [2022-10-19T16:15:12.151+0000] {dag.py:2573} INFO - Sync 1 DAGs
[2022-10-19T16:15:12.173+0000] {logging_mixin.py:117} INFO - [2022-10-19T16:15:12.173+0000] {dag.py:3328} INFO - Setting next_dagrun for tutorial_dag to None, run_after=None
[2022-10-19T16:15:12.193+0000] {processor.py:178} INFO - Processing /home/airflow/.local/lib/python3.7/site-packages/airflow/example_dags/tutorial_dag.py took 0.090 seconds
[2022-10-19T16:15:42.589+0000] {processor.py:156} INFO - Started process (PID=2140) to work on /home/airflow/.local/lib/python3.7/site-packages/airflow/example_dags/tutorial_dag.py
[2022-10-19T16:15:42.591+0000] {processor.py:758} INFO - Processing file /home/airflow/.local/lib/python3.7/site-packages/airflow/example_dags/tutorial_dag.py for tasks to queue
[2022-10-19T16:15:42.592+0000] {logging_mixin.py:117} INFO - [2022-10-19T16:15:42.592+0000] {dagbag.py:525} INFO - Filling up the DagBag from /home/airflow/.local/lib/python3.7/site-packages/airflow/example_dags/tutorial_dag.py
[2022-10-19T16:15:42.603+0000] {processor.py:768} INFO - DAG(s) dict_keys(['tutorial_dag']) retrieved from /home/airflow/.local/lib/python3.7/site-packages/airflow/example_dags/tutorial_dag.py
[2022-10-19T16:15:42.631+0000] {logging_mixin.py:117} INFO - [2022-10-19T16:15:42.631+0000] {dag.py:2573} INFO - Sync 1 DAGs
[2022-10-19T16:15:42.646+0000] {logging_mixin.py:117} INFO - [2022-10-19T16:15:42.645+0000] {dag.py:3328} INFO - Setting next_dagrun for tutorial_dag to None, run_after=None
[2022-10-19T16:15:42.658+0000] {processor.py:178} INFO - Processing /home/airflow/.local/lib/python3.7/site-packages/airflow/example_dags/tutorial_dag.py took 0.073 seconds
[2022-10-19T16:16:13.539+0000] {processor.py:156} INFO - Started process (PID=2204) to work on /home/airflow/.local/lib/python3.7/site-packages/airflow/example_dags/tutorial_dag.py
[2022-10-19T16:16:13.541+0000] {processor.py:758} INFO - Processing file /home/airflow/.local/lib/python3.7/site-packages/airflow/example_dags/tutorial_dag.py for tasks to queue
[2022-10-19T16:16:13.542+0000] {logging_mixin.py:117} INFO - [2022-10-19T16:16:13.541+0000] {dagbag.py:525} INFO - Filling up the DagBag from /home/airflow/.local/lib/python3.7/site-packages/airflow/example_dags/tutorial_dag.py
[2022-10-19T16:16:13.555+0000] {processor.py:768} INFO - DAG(s) dict_keys(['tutorial_dag']) retrieved from /home/airflow/.local/lib/python3.7/site-packages/airflow/example_dags/tutorial_dag.py
[2022-10-19T16:16:13.581+0000] {logging_mixin.py:117} INFO - [2022-10-19T16:16:13.581+0000] {dag.py:2573} INFO - Sync 1 DAGs
[2022-10-19T16:16:13.596+0000] {logging_mixin.py:117} INFO - [2022-10-19T16:16:13.596+0000] {dag.py:3328} INFO - Setting next_dagrun for tutorial_dag to None, run_after=None
[2022-10-19T16:16:13.609+0000] {processor.py:178} INFO - Processing /home/airflow/.local/lib/python3.7/site-packages/airflow/example_dags/tutorial_dag.py took 0.072 seconds
[2022-10-19T16:16:44.681+0000] {processor.py:156} INFO - Started process (PID=2270) to work on /home/airflow/.local/lib/python3.7/site-packages/airflow/example_dags/tutorial_dag.py
[2022-10-19T16:16:44.682+0000] {processor.py:758} INFO - Processing file /home/airflow/.local/lib/python3.7/site-packages/airflow/example_dags/tutorial_dag.py for tasks to queue
[2022-10-19T16:16:44.683+0000] {logging_mixin.py:117} INFO - [2022-10-19T16:16:44.683+0000] {dagbag.py:525} INFO - Filling up the DagBag from /home/airflow/.local/lib/python3.7/site-packages/airflow/example_dags/tutorial_dag.py
[2022-10-19T16:16:44.696+0000] {processor.py:768} INFO - DAG(s) dict_keys(['tutorial_dag']) retrieved from /home/airflow/.local/lib/python3.7/site-packages/airflow/example_dags/tutorial_dag.py
[2022-10-19T16:16:44.727+0000] {logging_mixin.py:117} INFO - [2022-10-19T16:16:44.726+0000] {dag.py:2573} INFO - Sync 1 DAGs
[2022-10-19T16:16:44.752+0000] {logging_mixin.py:117} INFO - [2022-10-19T16:16:44.752+0000] {dag.py:3328} INFO - Setting next_dagrun for tutorial_dag to None, run_after=None
[2022-10-19T16:16:44.769+0000] {processor.py:178} INFO - Processing /home/airflow/.local/lib/python3.7/site-packages/airflow/example_dags/tutorial_dag.py took 0.091 seconds
[2022-10-19T16:17:15.385+0000] {processor.py:156} INFO - Started process (PID=2326) to work on /home/airflow/.local/lib/python3.7/site-packages/airflow/example_dags/tutorial_dag.py
[2022-10-19T16:17:15.386+0000] {processor.py:758} INFO - Processing file /home/airflow/.local/lib/python3.7/site-packages/airflow/example_dags/tutorial_dag.py for tasks to queue
[2022-10-19T16:17:15.387+0000] {logging_mixin.py:117} INFO - [2022-10-19T16:17:15.387+0000] {dagbag.py:525} INFO - Filling up the DagBag from /home/airflow/.local/lib/python3.7/site-packages/airflow/example_dags/tutorial_dag.py
[2022-10-19T16:17:15.397+0000] {processor.py:768} INFO - DAG(s) dict_keys(['tutorial_dag']) retrieved from /home/airflow/.local/lib/python3.7/site-packages/airflow/example_dags/tutorial_dag.py
[2022-10-19T16:17:15.423+0000] {logging_mixin.py:117} INFO - [2022-10-19T16:17:15.423+0000] {dag.py:2573} INFO - Sync 1 DAGs
[2022-10-19T16:17:15.438+0000] {logging_mixin.py:117} INFO - [2022-10-19T16:17:15.438+0000] {dag.py:3328} INFO - Setting next_dagrun for tutorial_dag to None, run_after=None
[2022-10-19T16:17:15.452+0000] {processor.py:178} INFO - Processing /home/airflow/.local/lib/python3.7/site-packages/airflow/example_dags/tutorial_dag.py took 0.069 seconds
[2022-10-19T16:17:46.276+0000] {processor.py:156} INFO - Started process (PID=2392) to work on /home/airflow/.local/lib/python3.7/site-packages/airflow/example_dags/tutorial_dag.py
[2022-10-19T16:17:46.278+0000] {processor.py:758} INFO - Processing file /home/airflow/.local/lib/python3.7/site-packages/airflow/example_dags/tutorial_dag.py for tasks to queue
[2022-10-19T16:17:46.281+0000] {logging_mixin.py:117} INFO - [2022-10-19T16:17:46.281+0000] {dagbag.py:525} INFO - Filling up the DagBag from /home/airflow/.local/lib/python3.7/site-packages/airflow/example_dags/tutorial_dag.py
[2022-10-19T16:17:46.293+0000] {processor.py:768} INFO - DAG(s) dict_keys(['tutorial_dag']) retrieved from /home/airflow/.local/lib/python3.7/site-packages/airflow/example_dags/tutorial_dag.py
[2022-10-19T16:17:46.320+0000] {logging_mixin.py:117} INFO - [2022-10-19T16:17:46.320+0000] {dag.py:2573} INFO - Sync 1 DAGs
[2022-10-19T16:17:46.338+0000] {logging_mixin.py:117} INFO - [2022-10-19T16:17:46.338+0000] {dag.py:3328} INFO - Setting next_dagrun for tutorial_dag to None, run_after=None
[2022-10-19T16:17:46.353+0000] {processor.py:178} INFO - Processing /home/airflow/.local/lib/python3.7/site-packages/airflow/example_dags/tutorial_dag.py took 0.080 seconds
[2022-10-19T16:18:16.936+0000] {processor.py:156} INFO - Started process (PID=2457) to work on /home/airflow/.local/lib/python3.7/site-packages/airflow/example_dags/tutorial_dag.py
[2022-10-19T16:18:16.937+0000] {processor.py:758} INFO - Processing file /home/airflow/.local/lib/python3.7/site-packages/airflow/example_dags/tutorial_dag.py for tasks to queue
[2022-10-19T16:18:16.939+0000] {logging_mixin.py:117} INFO - [2022-10-19T16:18:16.939+0000] {dagbag.py:525} INFO - Filling up the DagBag from /home/airflow/.local/lib/python3.7/site-packages/airflow/example_dags/tutorial_dag.py
[2022-10-19T16:18:16.951+0000] {processor.py:768} INFO - DAG(s) dict_keys(['tutorial_dag']) retrieved from /home/airflow/.local/lib/python3.7/site-packages/airflow/example_dags/tutorial_dag.py
[2022-10-19T16:18:16.995+0000] {logging_mixin.py:117} INFO - [2022-10-19T16:18:16.995+0000] {dag.py:2573} INFO - Sync 1 DAGs
[2022-10-19T16:18:17.012+0000] {logging_mixin.py:117} INFO - [2022-10-19T16:18:17.012+0000] {dag.py:3328} INFO - Setting next_dagrun for tutorial_dag to None, run_after=None
[2022-10-19T16:18:17.032+0000] {processor.py:178} INFO - Processing /home/airflow/.local/lib/python3.7/site-packages/airflow/example_dags/tutorial_dag.py took 0.098 seconds
[2022-10-19T16:18:48.139+0000] {processor.py:156} INFO - Started process (PID=2523) to work on /home/airflow/.local/lib/python3.7/site-packages/airflow/example_dags/tutorial_dag.py
[2022-10-19T16:18:48.148+0000] {processor.py:758} INFO - Processing file /home/airflow/.local/lib/python3.7/site-packages/airflow/example_dags/tutorial_dag.py for tasks to queue
[2022-10-19T16:18:48.158+0000] {logging_mixin.py:117} INFO - [2022-10-19T16:18:48.158+0000] {dagbag.py:525} INFO - Filling up the DagBag from /home/airflow/.local/lib/python3.7/site-packages/airflow/example_dags/tutorial_dag.py
[2022-10-19T16:18:48.174+0000] {processor.py:768} INFO - DAG(s) dict_keys(['tutorial_dag']) retrieved from /home/airflow/.local/lib/python3.7/site-packages/airflow/example_dags/tutorial_dag.py
[2022-10-19T16:18:48.202+0000] {logging_mixin.py:117} INFO - [2022-10-19T16:18:48.202+0000] {dag.py:2573} INFO - Sync 1 DAGs
[2022-10-19T16:18:48.223+0000] {logging_mixin.py:117} INFO - [2022-10-19T16:18:48.223+0000] {dag.py:3328} INFO - Setting next_dagrun for tutorial_dag to None, run_after=None
[2022-10-19T16:18:48.246+0000] {processor.py:178} INFO - Processing /home/airflow/.local/lib/python3.7/site-packages/airflow/example_dags/tutorial_dag.py took 0.109 seconds
[2022-10-19T16:19:19.091+0000] {processor.py:156} INFO - Started process (PID=2588) to work on /home/airflow/.local/lib/python3.7/site-packages/airflow/example_dags/tutorial_dag.py
[2022-10-19T16:19:19.093+0000] {processor.py:758} INFO - Processing file /home/airflow/.local/lib/python3.7/site-packages/airflow/example_dags/tutorial_dag.py for tasks to queue
[2022-10-19T16:19:19.095+0000] {logging_mixin.py:117} INFO - [2022-10-19T16:19:19.094+0000] {dagbag.py:525} INFO - Filling up the DagBag from /home/airflow/.local/lib/python3.7/site-packages/airflow/example_dags/tutorial_dag.py
[2022-10-19T16:19:19.105+0000] {processor.py:768} INFO - DAG(s) dict_keys(['tutorial_dag']) retrieved from /home/airflow/.local/lib/python3.7/site-packages/airflow/example_dags/tutorial_dag.py
[2022-10-19T16:19:19.136+0000] {logging_mixin.py:117} INFO - [2022-10-19T16:19:19.136+0000] {dag.py:2573} INFO - Sync 1 DAGs
[2022-10-19T16:19:19.156+0000] {logging_mixin.py:117} INFO - [2022-10-19T16:19:19.156+0000] {dag.py:3328} INFO - Setting next_dagrun for tutorial_dag to None, run_after=None
[2022-10-19T16:19:19.184+0000] {processor.py:178} INFO - Processing /home/airflow/.local/lib/python3.7/site-packages/airflow/example_dags/tutorial_dag.py took 0.095 seconds
[2022-10-19T16:19:50.645+0000] {processor.py:156} INFO - Started process (PID=2644) to work on /home/airflow/.local/lib/python3.7/site-packages/airflow/example_dags/tutorial_dag.py
[2022-10-19T16:19:50.647+0000] {processor.py:758} INFO - Processing file /home/airflow/.local/lib/python3.7/site-packages/airflow/example_dags/tutorial_dag.py for tasks to queue
[2022-10-19T16:19:50.649+0000] {logging_mixin.py:117} INFO - [2022-10-19T16:19:50.649+0000] {dagbag.py:525} INFO - Filling up the DagBag from /home/airflow/.local/lib/python3.7/site-packages/airflow/example_dags/tutorial_dag.py
[2022-10-19T16:19:50.663+0000] {processor.py:768} INFO - DAG(s) dict_keys(['tutorial_dag']) retrieved from /home/airflow/.local/lib/python3.7/site-packages/airflow/example_dags/tutorial_dag.py
[2022-10-19T16:19:50.697+0000] {logging_mixin.py:117} INFO - [2022-10-19T16:19:50.697+0000] {dag.py:2573} INFO - Sync 1 DAGs
[2022-10-19T16:19:50.740+0000] {logging_mixin.py:117} INFO - [2022-10-19T16:19:50.740+0000] {dag.py:3328} INFO - Setting next_dagrun for tutorial_dag to None, run_after=None
[2022-10-19T16:19:50.767+0000] {processor.py:178} INFO - Processing /home/airflow/.local/lib/python3.7/site-packages/airflow/example_dags/tutorial_dag.py took 0.124 seconds
[2022-10-19T16:20:23.491+0000] {processor.py:156} INFO - Started process (PID=2700) to work on /home/airflow/.local/lib/python3.7/site-packages/airflow/example_dags/tutorial_dag.py
[2022-10-19T16:20:23.494+0000] {processor.py:758} INFO - Processing file /home/airflow/.local/lib/python3.7/site-packages/airflow/example_dags/tutorial_dag.py for tasks to queue
[2022-10-19T16:20:23.497+0000] {logging_mixin.py:117} INFO - [2022-10-19T16:20:23.497+0000] {dagbag.py:525} INFO - Filling up the DagBag from /home/airflow/.local/lib/python3.7/site-packages/airflow/example_dags/tutorial_dag.py
[2022-10-19T16:20:23.510+0000] {processor.py:768} INFO - DAG(s) dict_keys(['tutorial_dag']) retrieved from /home/airflow/.local/lib/python3.7/site-packages/airflow/example_dags/tutorial_dag.py
[2022-10-19T16:20:23.580+0000] {logging_mixin.py:117} INFO - [2022-10-19T16:20:23.580+0000] {dag.py:2573} INFO - Sync 1 DAGs
[2022-10-19T16:20:23.600+0000] {logging_mixin.py:117} INFO - [2022-10-19T16:20:23.599+0000] {dag.py:3328} INFO - Setting next_dagrun for tutorial_dag to None, run_after=None
[2022-10-19T16:20:23.628+0000] {processor.py:178} INFO - Processing /home/airflow/.local/lib/python3.7/site-packages/airflow/example_dags/tutorial_dag.py took 0.140 seconds
[2022-10-19T16:21:15.185+0000] {processor.py:156} INFO - Started process (PID=2751) to work on /home/airflow/.local/lib/python3.7/site-packages/airflow/example_dags/tutorial_dag.py
[2022-10-19T16:21:15.189+0000] {processor.py:758} INFO - Processing file /home/airflow/.local/lib/python3.7/site-packages/airflow/example_dags/tutorial_dag.py for tasks to queue
[2022-10-19T16:21:15.192+0000] {logging_mixin.py:117} INFO - [2022-10-19T16:21:15.192+0000] {dagbag.py:525} INFO - Filling up the DagBag from /home/airflow/.local/lib/python3.7/site-packages/airflow/example_dags/tutorial_dag.py
[2022-10-19T16:21:15.266+0000] {processor.py:768} INFO - DAG(s) dict_keys(['tutorial_dag']) retrieved from /home/airflow/.local/lib/python3.7/site-packages/airflow/example_dags/tutorial_dag.py
[2022-10-19T16:21:15.423+0000] {logging_mixin.py:117} INFO - [2022-10-19T16:21:15.422+0000] {dag.py:2573} INFO - Sync 1 DAGs
[2022-10-19T16:21:15.503+0000] {logging_mixin.py:117} INFO - [2022-10-19T16:21:15.502+0000] {dag.py:3328} INFO - Setting next_dagrun for tutorial_dag to None, run_after=None
[2022-10-19T16:21:15.543+0000] {processor.py:178} INFO - Processing /home/airflow/.local/lib/python3.7/site-packages/airflow/example_dags/tutorial_dag.py took 0.372 seconds
[2022-10-19T16:21:56.703+0000] {processor.py:156} INFO - Started process (PID=2801) to work on /home/airflow/.local/lib/python3.7/site-packages/airflow/example_dags/tutorial_dag.py
[2022-10-19T16:21:56.715+0000] {processor.py:758} INFO - Processing file /home/airflow/.local/lib/python3.7/site-packages/airflow/example_dags/tutorial_dag.py for tasks to queue
[2022-10-19T16:21:56.719+0000] {logging_mixin.py:117} INFO - [2022-10-19T16:21:56.719+0000] {dagbag.py:525} INFO - Filling up the DagBag from /home/airflow/.local/lib/python3.7/site-packages/airflow/example_dags/tutorial_dag.py
[2022-10-19T16:21:59.501+0000] {processor.py:768} INFO - DAG(s) dict_keys(['tutorial_dag']) retrieved from /home/airflow/.local/lib/python3.7/site-packages/airflow/example_dags/tutorial_dag.py
[2022-10-19T16:22:02.266+0000] {logging_mixin.py:117} INFO - [2022-10-19T16:22:02.251+0000] {dag.py:2573} INFO - Sync 1 DAGs
[2022-10-19T16:22:02.395+0000] {logging_mixin.py:117} INFO - [2022-10-19T16:22:02.395+0000] {dag.py:3328} INFO - Setting next_dagrun for tutorial_dag to None, run_after=None
[2022-10-19T16:22:02.523+0000] {processor.py:178} INFO - Processing /home/airflow/.local/lib/python3.7/site-packages/airflow/example_dags/tutorial_dag.py took 5.833 seconds
[2022-10-19T16:23:04.936+0000] {processor.py:156} INFO - Started process (PID=2871) to work on /home/airflow/.local/lib/python3.7/site-packages/airflow/example_dags/tutorial_dag.py
[2022-10-19T16:23:04.963+0000] {processor.py:758} INFO - Processing file /home/airflow/.local/lib/python3.7/site-packages/airflow/example_dags/tutorial_dag.py for tasks to queue
[2022-10-19T16:23:04.977+0000] {logging_mixin.py:117} INFO - [2022-10-19T16:23:04.977+0000] {dagbag.py:525} INFO - Filling up the DagBag from /home/airflow/.local/lib/python3.7/site-packages/airflow/example_dags/tutorial_dag.py
[2022-10-19T16:23:05.586+0000] {processor.py:768} INFO - DAG(s) dict_keys(['tutorial_dag']) retrieved from /home/airflow/.local/lib/python3.7/site-packages/airflow/example_dags/tutorial_dag.py
[2022-10-19T16:23:07.785+0000] {logging_mixin.py:117} INFO - [2022-10-19T16:23:07.774+0000] {dag.py:2573} INFO - Sync 1 DAGs
[2022-10-19T16:23:08.898+0000] {logging_mixin.py:117} INFO - [2022-10-19T16:23:08.882+0000] {dag.py:3328} INFO - Setting next_dagrun for tutorial_dag to None, run_after=None
[2022-10-19T16:23:09.076+0000] {processor.py:178} INFO - Processing /home/airflow/.local/lib/python3.7/site-packages/airflow/example_dags/tutorial_dag.py took 4.193 seconds
[2022-10-19T16:23:43.842+0000] {processor.py:156} INFO - Started process (PID=2925) to work on /home/airflow/.local/lib/python3.7/site-packages/airflow/example_dags/tutorial_dag.py
[2022-10-19T16:23:43.844+0000] {processor.py:758} INFO - Processing file /home/airflow/.local/lib/python3.7/site-packages/airflow/example_dags/tutorial_dag.py for tasks to queue
[2022-10-19T16:23:43.846+0000] {logging_mixin.py:117} INFO - [2022-10-19T16:23:43.846+0000] {dagbag.py:525} INFO - Filling up the DagBag from /home/airflow/.local/lib/python3.7/site-packages/airflow/example_dags/tutorial_dag.py
[2022-10-19T16:23:43.985+0000] {processor.py:768} INFO - DAG(s) dict_keys(['tutorial_dag']) retrieved from /home/airflow/.local/lib/python3.7/site-packages/airflow/example_dags/tutorial_dag.py
[2022-10-19T16:23:44.414+0000] {logging_mixin.py:117} INFO - [2022-10-19T16:23:44.414+0000] {dag.py:2573} INFO - Sync 1 DAGs
[2022-10-19T16:23:44.562+0000] {logging_mixin.py:117} INFO - [2022-10-19T16:23:44.562+0000] {dag.py:3328} INFO - Setting next_dagrun for tutorial_dag to None, run_after=None
[2022-10-19T16:23:44.603+0000] {processor.py:178} INFO - Processing /home/airflow/.local/lib/python3.7/site-packages/airflow/example_dags/tutorial_dag.py took 0.764 seconds
[2022-10-19T16:24:19.489+0000] {processor.py:156} INFO - Started process (PID=2982) to work on /home/airflow/.local/lib/python3.7/site-packages/airflow/example_dags/tutorial_dag.py
[2022-10-19T16:24:19.660+0000] {processor.py:758} INFO - Processing file /home/airflow/.local/lib/python3.7/site-packages/airflow/example_dags/tutorial_dag.py for tasks to queue
[2022-10-19T16:24:19.852+0000] {logging_mixin.py:117} INFO - [2022-10-19T16:24:19.851+0000] {dagbag.py:525} INFO - Filling up the DagBag from /home/airflow/.local/lib/python3.7/site-packages/airflow/example_dags/tutorial_dag.py
[2022-10-19T16:24:20.068+0000] {processor.py:768} INFO - DAG(s) dict_keys(['tutorial_dag']) retrieved from /home/airflow/.local/lib/python3.7/site-packages/airflow/example_dags/tutorial_dag.py
[2022-10-19T16:24:20.398+0000] {logging_mixin.py:117} INFO - [2022-10-19T16:24:20.396+0000] {dag.py:2573} INFO - Sync 1 DAGs
[2022-10-19T16:24:20.636+0000] {logging_mixin.py:117} INFO - [2022-10-19T16:24:20.635+0000] {dag.py:3328} INFO - Setting next_dagrun for tutorial_dag to None, run_after=None
[2022-10-19T16:24:20.891+0000] {processor.py:178} INFO - Processing /home/airflow/.local/lib/python3.7/site-packages/airflow/example_dags/tutorial_dag.py took 1.438 seconds
[2022-10-19T16:24:52.079+0000] {processor.py:156} INFO - Started process (PID=3037) to work on /home/airflow/.local/lib/python3.7/site-packages/airflow/example_dags/tutorial_dag.py
[2022-10-19T16:24:52.094+0000] {processor.py:758} INFO - Processing file /home/airflow/.local/lib/python3.7/site-packages/airflow/example_dags/tutorial_dag.py for tasks to queue
[2022-10-19T16:24:52.107+0000] {logging_mixin.py:117} INFO - [2022-10-19T16:24:52.106+0000] {dagbag.py:525} INFO - Filling up the DagBag from /home/airflow/.local/lib/python3.7/site-packages/airflow/example_dags/tutorial_dag.py
[2022-10-19T16:24:53.148+0000] {processor.py:768} INFO - DAG(s) dict_keys(['tutorial_dag']) retrieved from /home/airflow/.local/lib/python3.7/site-packages/airflow/example_dags/tutorial_dag.py
[2022-10-19T16:24:54.551+0000] {logging_mixin.py:117} INFO - [2022-10-19T16:24:54.551+0000] {dag.py:2573} INFO - Sync 1 DAGs
[2022-10-19T16:24:54.907+0000] {logging_mixin.py:117} INFO - [2022-10-19T16:24:54.907+0000] {dag.py:3328} INFO - Setting next_dagrun for tutorial_dag to None, run_after=None
[2022-10-19T16:24:55.313+0000] {processor.py:178} INFO - Processing /home/airflow/.local/lib/python3.7/site-packages/airflow/example_dags/tutorial_dag.py took 3.270 seconds
[2022-10-19T16:25:44.226+0000] {processor.py:156} INFO - Started process (PID=3069) to work on /home/airflow/.local/lib/python3.7/site-packages/airflow/example_dags/tutorial_dag.py
[2022-10-19T16:25:44.254+0000] {processor.py:758} INFO - Processing file /home/airflow/.local/lib/python3.7/site-packages/airflow/example_dags/tutorial_dag.py for tasks to queue
[2022-10-19T16:25:44.264+0000] {logging_mixin.py:117} INFO - [2022-10-19T16:25:44.264+0000] {dagbag.py:525} INFO - Filling up the DagBag from /home/airflow/.local/lib/python3.7/site-packages/airflow/example_dags/tutorial_dag.py
[2022-10-19T16:25:44.420+0000] {processor.py:768} INFO - DAG(s) dict_keys(['tutorial_dag']) retrieved from /home/airflow/.local/lib/python3.7/site-packages/airflow/example_dags/tutorial_dag.py
[2022-10-19T16:25:45.292+0000] {logging_mixin.py:117} INFO - [2022-10-19T16:25:45.290+0000] {dag.py:2573} INFO - Sync 1 DAGs
[2022-10-19T16:25:45.719+0000] {logging_mixin.py:117} INFO - [2022-10-19T16:25:45.706+0000] {dag.py:3328} INFO - Setting next_dagrun for tutorial_dag to None, run_after=None
[2022-10-19T16:25:48.144+0000] {processor.py:178} INFO - Processing /home/airflow/.local/lib/python3.7/site-packages/airflow/example_dags/tutorial_dag.py took 3.955 seconds
