[2022-10-19T15:36:31.548+0000] {processor.py:156} INFO - Started process (PID=196) to work on /home/airflow/.local/lib/python3.7/site-packages/airflow/example_dags/tutorial_taskflow_api.py
[2022-10-19T15:36:31.558+0000] {processor.py:758} INFO - Processing file /home/airflow/.local/lib/python3.7/site-packages/airflow/example_dags/tutorial_taskflow_api.py for tasks to queue
[2022-10-19T15:36:31.575+0000] {logging_mixin.py:117} INFO - [2022-10-19T15:36:31.574+0000] {dagbag.py:525} INFO - Filling up the DagBag from /home/airflow/.local/lib/python3.7/site-packages/airflow/example_dags/tutorial_taskflow_api.py
[2022-10-19T15:36:32.552+0000] {processor.py:768} INFO - DAG(s) dict_keys(['tutorial_taskflow_api']) retrieved from /home/airflow/.local/lib/python3.7/site-packages/airflow/example_dags/tutorial_taskflow_api.py
[2022-10-19T15:36:33.986+0000] {logging_mixin.py:117} INFO - [2022-10-19T15:36:33.961+0000] {dag.py:2573} INFO - Sync 1 DAGs
[2022-10-19T15:36:34.171+0000] {logging_mixin.py:117} INFO - [2022-10-19T15:36:34.170+0000] {dag.py:3328} INFO - Setting next_dagrun for tutorial_taskflow_api to None, run_after=None
[2022-10-19T15:36:34.449+0000] {processor.py:178} INFO - Processing /home/airflow/.local/lib/python3.7/site-packages/airflow/example_dags/tutorial_taskflow_api.py took 2.913 seconds
[2022-10-19T15:37:04.862+0000] {processor.py:156} INFO - Started process (PID=246) to work on /home/airflow/.local/lib/python3.7/site-packages/airflow/example_dags/tutorial_taskflow_api.py
[2022-10-19T15:37:04.864+0000] {processor.py:758} INFO - Processing file /home/airflow/.local/lib/python3.7/site-packages/airflow/example_dags/tutorial_taskflow_api.py for tasks to queue
[2022-10-19T15:37:04.866+0000] {logging_mixin.py:117} INFO - [2022-10-19T15:37:04.866+0000] {dagbag.py:525} INFO - Filling up the DagBag from /home/airflow/.local/lib/python3.7/site-packages/airflow/example_dags/tutorial_taskflow_api.py
[2022-10-19T15:37:04.902+0000] {processor.py:768} INFO - DAG(s) dict_keys(['tutorial_taskflow_api']) retrieved from /home/airflow/.local/lib/python3.7/site-packages/airflow/example_dags/tutorial_taskflow_api.py
[2022-10-19T15:37:04.955+0000] {logging_mixin.py:117} INFO - [2022-10-19T15:37:04.955+0000] {dag.py:2573} INFO - Sync 1 DAGs
[2022-10-19T15:37:04.981+0000] {logging_mixin.py:117} INFO - [2022-10-19T15:37:04.980+0000] {dag.py:3328} INFO - Setting next_dagrun for tutorial_taskflow_api to None, run_after=None
[2022-10-19T15:37:05.002+0000] {processor.py:178} INFO - Processing /home/airflow/.local/lib/python3.7/site-packages/airflow/example_dags/tutorial_taskflow_api.py took 0.144 seconds
[2022-10-19T15:37:35.265+0000] {processor.py:156} INFO - Started process (PID=310) to work on /home/airflow/.local/lib/python3.7/site-packages/airflow/example_dags/tutorial_taskflow_api.py
[2022-10-19T15:37:35.271+0000] {processor.py:758} INFO - Processing file /home/airflow/.local/lib/python3.7/site-packages/airflow/example_dags/tutorial_taskflow_api.py for tasks to queue
[2022-10-19T15:37:35.280+0000] {logging_mixin.py:117} INFO - [2022-10-19T15:37:35.280+0000] {dagbag.py:525} INFO - Filling up the DagBag from /home/airflow/.local/lib/python3.7/site-packages/airflow/example_dags/tutorial_taskflow_api.py
[2022-10-19T15:37:35.325+0000] {processor.py:768} INFO - DAG(s) dict_keys(['tutorial_taskflow_api']) retrieved from /home/airflow/.local/lib/python3.7/site-packages/airflow/example_dags/tutorial_taskflow_api.py
[2022-10-19T15:37:35.379+0000] {logging_mixin.py:117} INFO - [2022-10-19T15:37:35.379+0000] {dag.py:2573} INFO - Sync 1 DAGs
[2022-10-19T15:37:35.460+0000] {logging_mixin.py:117} INFO - [2022-10-19T15:37:35.460+0000] {dag.py:3328} INFO - Setting next_dagrun for tutorial_taskflow_api to None, run_after=None
[2022-10-19T15:37:35.499+0000] {processor.py:178} INFO - Processing /home/airflow/.local/lib/python3.7/site-packages/airflow/example_dags/tutorial_taskflow_api.py took 0.248 seconds
[2022-10-19T15:38:06.062+0000] {processor.py:156} INFO - Started process (PID=366) to work on /home/airflow/.local/lib/python3.7/site-packages/airflow/example_dags/tutorial_taskflow_api.py
[2022-10-19T15:38:06.069+0000] {processor.py:758} INFO - Processing file /home/airflow/.local/lib/python3.7/site-packages/airflow/example_dags/tutorial_taskflow_api.py for tasks to queue
[2022-10-19T15:38:06.071+0000] {logging_mixin.py:117} INFO - [2022-10-19T15:38:06.071+0000] {dagbag.py:525} INFO - Filling up the DagBag from /home/airflow/.local/lib/python3.7/site-packages/airflow/example_dags/tutorial_taskflow_api.py
[2022-10-19T15:38:06.097+0000] {processor.py:768} INFO - DAG(s) dict_keys(['tutorial_taskflow_api']) retrieved from /home/airflow/.local/lib/python3.7/site-packages/airflow/example_dags/tutorial_taskflow_api.py
[2022-10-19T15:38:06.135+0000] {logging_mixin.py:117} INFO - [2022-10-19T15:38:06.134+0000] {dag.py:2573} INFO - Sync 1 DAGs
[2022-10-19T15:38:06.155+0000] {logging_mixin.py:117} INFO - [2022-10-19T15:38:06.154+0000] {dag.py:3328} INFO - Setting next_dagrun for tutorial_taskflow_api to None, run_after=None
[2022-10-19T15:38:06.168+0000] {processor.py:178} INFO - Processing /home/airflow/.local/lib/python3.7/site-packages/airflow/example_dags/tutorial_taskflow_api.py took 0.113 seconds
[2022-10-19T15:38:37.824+0000] {processor.py:156} INFO - Started process (PID=431) to work on /home/airflow/.local/lib/python3.7/site-packages/airflow/example_dags/tutorial_taskflow_api.py
[2022-10-19T15:38:37.826+0000] {processor.py:758} INFO - Processing file /home/airflow/.local/lib/python3.7/site-packages/airflow/example_dags/tutorial_taskflow_api.py for tasks to queue
[2022-10-19T15:38:37.829+0000] {logging_mixin.py:117} INFO - [2022-10-19T15:38:37.829+0000] {dagbag.py:525} INFO - Filling up the DagBag from /home/airflow/.local/lib/python3.7/site-packages/airflow/example_dags/tutorial_taskflow_api.py
[2022-10-19T15:38:37.848+0000] {processor.py:768} INFO - DAG(s) dict_keys(['tutorial_taskflow_api']) retrieved from /home/airflow/.local/lib/python3.7/site-packages/airflow/example_dags/tutorial_taskflow_api.py
[2022-10-19T15:38:38.637+0000] {logging_mixin.py:117} INFO - [2022-10-19T15:38:38.636+0000] {dag.py:2573} INFO - Sync 1 DAGs
[2022-10-19T15:38:38.683+0000] {logging_mixin.py:117} INFO - [2022-10-19T15:38:38.683+0000] {dag.py:3328} INFO - Setting next_dagrun for tutorial_taskflow_api to None, run_after=None
[2022-10-19T15:38:38.718+0000] {processor.py:178} INFO - Processing /home/airflow/.local/lib/python3.7/site-packages/airflow/example_dags/tutorial_taskflow_api.py took 0.898 seconds
[2022-10-19T15:39:09.082+0000] {processor.py:156} INFO - Started process (PID=486) to work on /home/airflow/.local/lib/python3.7/site-packages/airflow/example_dags/tutorial_taskflow_api.py
[2022-10-19T15:39:09.086+0000] {processor.py:758} INFO - Processing file /home/airflow/.local/lib/python3.7/site-packages/airflow/example_dags/tutorial_taskflow_api.py for tasks to queue
[2022-10-19T15:39:09.090+0000] {logging_mixin.py:117} INFO - [2022-10-19T15:39:09.090+0000] {dagbag.py:525} INFO - Filling up the DagBag from /home/airflow/.local/lib/python3.7/site-packages/airflow/example_dags/tutorial_taskflow_api.py
[2022-10-19T15:39:09.134+0000] {processor.py:768} INFO - DAG(s) dict_keys(['tutorial_taskflow_api']) retrieved from /home/airflow/.local/lib/python3.7/site-packages/airflow/example_dags/tutorial_taskflow_api.py
[2022-10-19T15:39:09.175+0000] {logging_mixin.py:117} INFO - [2022-10-19T15:39:09.175+0000] {dag.py:2573} INFO - Sync 1 DAGs
[2022-10-19T15:39:09.194+0000] {logging_mixin.py:117} INFO - [2022-10-19T15:39:09.194+0000] {dag.py:3328} INFO - Setting next_dagrun for tutorial_taskflow_api to None, run_after=None
[2022-10-19T15:39:09.208+0000] {processor.py:178} INFO - Processing /home/airflow/.local/lib/python3.7/site-packages/airflow/example_dags/tutorial_taskflow_api.py took 0.130 seconds
[2022-10-19T15:39:57.092+0000] {processor.py:156} INFO - Started process (PID=552) to work on /home/airflow/.local/lib/python3.7/site-packages/airflow/example_dags/tutorial_taskflow_api.py
[2022-10-19T15:39:57.099+0000] {processor.py:758} INFO - Processing file /home/airflow/.local/lib/python3.7/site-packages/airflow/example_dags/tutorial_taskflow_api.py for tasks to queue
[2022-10-19T15:39:57.108+0000] {logging_mixin.py:117} INFO - [2022-10-19T15:39:57.108+0000] {dagbag.py:525} INFO - Filling up the DagBag from /home/airflow/.local/lib/python3.7/site-packages/airflow/example_dags/tutorial_taskflow_api.py
[2022-10-19T15:39:57.179+0000] {processor.py:768} INFO - DAG(s) dict_keys(['tutorial_taskflow_api']) retrieved from /home/airflow/.local/lib/python3.7/site-packages/airflow/example_dags/tutorial_taskflow_api.py
[2022-10-19T15:39:57.287+0000] {logging_mixin.py:117} INFO - [2022-10-19T15:39:57.287+0000] {dag.py:2573} INFO - Sync 1 DAGs
[2022-10-19T15:39:57.346+0000] {logging_mixin.py:117} INFO - [2022-10-19T15:39:57.346+0000] {dag.py:3328} INFO - Setting next_dagrun for tutorial_taskflow_api to None, run_after=None
[2022-10-19T15:39:57.423+0000] {processor.py:178} INFO - Processing /home/airflow/.local/lib/python3.7/site-packages/airflow/example_dags/tutorial_taskflow_api.py took 0.349 seconds
[2022-10-19T15:40:28.078+0000] {processor.py:156} INFO - Started process (PID=617) to work on /home/airflow/.local/lib/python3.7/site-packages/airflow/example_dags/tutorial_taskflow_api.py
[2022-10-19T15:40:28.082+0000] {processor.py:758} INFO - Processing file /home/airflow/.local/lib/python3.7/site-packages/airflow/example_dags/tutorial_taskflow_api.py for tasks to queue
[2022-10-19T15:40:28.084+0000] {logging_mixin.py:117} INFO - [2022-10-19T15:40:28.084+0000] {dagbag.py:525} INFO - Filling up the DagBag from /home/airflow/.local/lib/python3.7/site-packages/airflow/example_dags/tutorial_taskflow_api.py
[2022-10-19T15:40:28.105+0000] {processor.py:768} INFO - DAG(s) dict_keys(['tutorial_taskflow_api']) retrieved from /home/airflow/.local/lib/python3.7/site-packages/airflow/example_dags/tutorial_taskflow_api.py
[2022-10-19T15:40:28.142+0000] {logging_mixin.py:117} INFO - [2022-10-19T15:40:28.142+0000] {dag.py:2573} INFO - Sync 1 DAGs
[2022-10-19T15:40:28.162+0000] {logging_mixin.py:117} INFO - [2022-10-19T15:40:28.161+0000] {dag.py:3328} INFO - Setting next_dagrun for tutorial_taskflow_api to None, run_after=None
[2022-10-19T15:40:28.178+0000] {processor.py:178} INFO - Processing /home/airflow/.local/lib/python3.7/site-packages/airflow/example_dags/tutorial_taskflow_api.py took 0.102 seconds
[2022-10-19T15:40:59.420+0000] {processor.py:156} INFO - Started process (PID=673) to work on /home/airflow/.local/lib/python3.7/site-packages/airflow/example_dags/tutorial_taskflow_api.py
[2022-10-19T15:40:59.426+0000] {processor.py:758} INFO - Processing file /home/airflow/.local/lib/python3.7/site-packages/airflow/example_dags/tutorial_taskflow_api.py for tasks to queue
[2022-10-19T15:40:59.431+0000] {logging_mixin.py:117} INFO - [2022-10-19T15:40:59.430+0000] {dagbag.py:525} INFO - Filling up the DagBag from /home/airflow/.local/lib/python3.7/site-packages/airflow/example_dags/tutorial_taskflow_api.py
[2022-10-19T15:40:59.466+0000] {processor.py:768} INFO - DAG(s) dict_keys(['tutorial_taskflow_api']) retrieved from /home/airflow/.local/lib/python3.7/site-packages/airflow/example_dags/tutorial_taskflow_api.py
[2022-10-19T15:40:59.537+0000] {logging_mixin.py:117} INFO - [2022-10-19T15:40:59.537+0000] {dag.py:2573} INFO - Sync 1 DAGs
[2022-10-19T15:40:59.574+0000] {logging_mixin.py:117} INFO - [2022-10-19T15:40:59.574+0000] {dag.py:3328} INFO - Setting next_dagrun for tutorial_taskflow_api to None, run_after=None
[2022-10-19T15:40:59.618+0000] {processor.py:178} INFO - Processing /home/airflow/.local/lib/python3.7/site-packages/airflow/example_dags/tutorial_taskflow_api.py took 0.203 seconds
[2022-10-19T15:41:30.361+0000] {processor.py:156} INFO - Started process (PID=739) to work on /home/airflow/.local/lib/python3.7/site-packages/airflow/example_dags/tutorial_taskflow_api.py
[2022-10-19T15:41:30.363+0000] {processor.py:758} INFO - Processing file /home/airflow/.local/lib/python3.7/site-packages/airflow/example_dags/tutorial_taskflow_api.py for tasks to queue
[2022-10-19T15:41:30.364+0000] {logging_mixin.py:117} INFO - [2022-10-19T15:41:30.364+0000] {dagbag.py:525} INFO - Filling up the DagBag from /home/airflow/.local/lib/python3.7/site-packages/airflow/example_dags/tutorial_taskflow_api.py
[2022-10-19T15:41:30.386+0000] {processor.py:768} INFO - DAG(s) dict_keys(['tutorial_taskflow_api']) retrieved from /home/airflow/.local/lib/python3.7/site-packages/airflow/example_dags/tutorial_taskflow_api.py
[2022-10-19T15:41:30.421+0000] {logging_mixin.py:117} INFO - [2022-10-19T15:41:30.421+0000] {dag.py:2573} INFO - Sync 1 DAGs
[2022-10-19T15:41:30.437+0000] {logging_mixin.py:117} INFO - [2022-10-19T15:41:30.437+0000] {dag.py:3328} INFO - Setting next_dagrun for tutorial_taskflow_api to None, run_after=None
[2022-10-19T15:41:30.450+0000] {processor.py:178} INFO - Processing /home/airflow/.local/lib/python3.7/site-packages/airflow/example_dags/tutorial_taskflow_api.py took 0.092 seconds
[2022-10-19T15:42:01.122+0000] {processor.py:156} INFO - Started process (PID=804) to work on /home/airflow/.local/lib/python3.7/site-packages/airflow/example_dags/tutorial_taskflow_api.py
[2022-10-19T15:42:01.124+0000] {processor.py:758} INFO - Processing file /home/airflow/.local/lib/python3.7/site-packages/airflow/example_dags/tutorial_taskflow_api.py for tasks to queue
[2022-10-19T15:42:01.125+0000] {logging_mixin.py:117} INFO - [2022-10-19T15:42:01.125+0000] {dagbag.py:525} INFO - Filling up the DagBag from /home/airflow/.local/lib/python3.7/site-packages/airflow/example_dags/tutorial_taskflow_api.py
[2022-10-19T15:42:01.150+0000] {processor.py:768} INFO - DAG(s) dict_keys(['tutorial_taskflow_api']) retrieved from /home/airflow/.local/lib/python3.7/site-packages/airflow/example_dags/tutorial_taskflow_api.py
[2022-10-19T15:42:01.181+0000] {logging_mixin.py:117} INFO - [2022-10-19T15:42:01.181+0000] {dag.py:2573} INFO - Sync 1 DAGs
[2022-10-19T15:42:01.199+0000] {logging_mixin.py:117} INFO - [2022-10-19T15:42:01.199+0000] {dag.py:3328} INFO - Setting next_dagrun for tutorial_taskflow_api to None, run_after=None
[2022-10-19T15:42:01.212+0000] {processor.py:178} INFO - Processing /home/airflow/.local/lib/python3.7/site-packages/airflow/example_dags/tutorial_taskflow_api.py took 0.092 seconds
[2022-10-19T15:42:31.676+0000] {processor.py:156} INFO - Started process (PID=869) to work on /home/airflow/.local/lib/python3.7/site-packages/airflow/example_dags/tutorial_taskflow_api.py
[2022-10-19T15:42:31.678+0000] {processor.py:758} INFO - Processing file /home/airflow/.local/lib/python3.7/site-packages/airflow/example_dags/tutorial_taskflow_api.py for tasks to queue
[2022-10-19T15:42:31.681+0000] {logging_mixin.py:117} INFO - [2022-10-19T15:42:31.681+0000] {dagbag.py:525} INFO - Filling up the DagBag from /home/airflow/.local/lib/python3.7/site-packages/airflow/example_dags/tutorial_taskflow_api.py
[2022-10-19T15:42:31.707+0000] {processor.py:768} INFO - DAG(s) dict_keys(['tutorial_taskflow_api']) retrieved from /home/airflow/.local/lib/python3.7/site-packages/airflow/example_dags/tutorial_taskflow_api.py
[2022-10-19T15:42:31.741+0000] {logging_mixin.py:117} INFO - [2022-10-19T15:42:31.741+0000] {dag.py:2573} INFO - Sync 1 DAGs
[2022-10-19T15:42:31.758+0000] {logging_mixin.py:117} INFO - [2022-10-19T15:42:31.758+0000] {dag.py:3328} INFO - Setting next_dagrun for tutorial_taskflow_api to None, run_after=None
[2022-10-19T15:42:31.775+0000] {processor.py:178} INFO - Processing /home/airflow/.local/lib/python3.7/site-packages/airflow/example_dags/tutorial_taskflow_api.py took 0.102 seconds
[2022-10-19T15:43:02.515+0000] {processor.py:156} INFO - Started process (PID=926) to work on /home/airflow/.local/lib/python3.7/site-packages/airflow/example_dags/tutorial_taskflow_api.py
[2022-10-19T15:43:02.516+0000] {processor.py:758} INFO - Processing file /home/airflow/.local/lib/python3.7/site-packages/airflow/example_dags/tutorial_taskflow_api.py for tasks to queue
[2022-10-19T15:43:02.517+0000] {logging_mixin.py:117} INFO - [2022-10-19T15:43:02.517+0000] {dagbag.py:525} INFO - Filling up the DagBag from /home/airflow/.local/lib/python3.7/site-packages/airflow/example_dags/tutorial_taskflow_api.py
[2022-10-19T15:43:02.534+0000] {processor.py:768} INFO - DAG(s) dict_keys(['tutorial_taskflow_api']) retrieved from /home/airflow/.local/lib/python3.7/site-packages/airflow/example_dags/tutorial_taskflow_api.py
[2022-10-19T15:43:02.568+0000] {logging_mixin.py:117} INFO - [2022-10-19T15:43:02.568+0000] {dag.py:2573} INFO - Sync 1 DAGs
[2022-10-19T15:43:02.584+0000] {logging_mixin.py:117} INFO - [2022-10-19T15:43:02.584+0000] {dag.py:3328} INFO - Setting next_dagrun for tutorial_taskflow_api to None, run_after=None
[2022-10-19T15:43:02.597+0000] {processor.py:178} INFO - Processing /home/airflow/.local/lib/python3.7/site-packages/airflow/example_dags/tutorial_taskflow_api.py took 0.085 seconds
[2022-10-19T15:43:37.916+0000] {processor.py:156} INFO - Started process (PID=991) to work on /home/airflow/.local/lib/python3.7/site-packages/airflow/example_dags/tutorial_taskflow_api.py
[2022-10-19T15:43:37.920+0000] {processor.py:758} INFO - Processing file /home/airflow/.local/lib/python3.7/site-packages/airflow/example_dags/tutorial_taskflow_api.py for tasks to queue
[2022-10-19T15:43:37.923+0000] {logging_mixin.py:117} INFO - [2022-10-19T15:43:37.922+0000] {dagbag.py:525} INFO - Filling up the DagBag from /home/airflow/.local/lib/python3.7/site-packages/airflow/example_dags/tutorial_taskflow_api.py
[2022-10-19T15:43:37.960+0000] {processor.py:768} INFO - DAG(s) dict_keys(['tutorial_taskflow_api']) retrieved from /home/airflow/.local/lib/python3.7/site-packages/airflow/example_dags/tutorial_taskflow_api.py
[2022-10-19T15:43:37.998+0000] {logging_mixin.py:117} INFO - [2022-10-19T15:43:37.998+0000] {dag.py:2573} INFO - Sync 1 DAGs
[2022-10-19T15:43:38.028+0000] {logging_mixin.py:117} INFO - [2022-10-19T15:43:38.028+0000] {dag.py:3328} INFO - Setting next_dagrun for tutorial_taskflow_api to None, run_after=None
[2022-10-19T15:43:38.046+0000] {processor.py:178} INFO - Processing /home/airflow/.local/lib/python3.7/site-packages/airflow/example_dags/tutorial_taskflow_api.py took 0.136 seconds
[2022-10-19T15:44:54.372+0000] {processor.py:156} INFO - Started process (PID=1058) to work on /home/airflow/.local/lib/python3.7/site-packages/airflow/example_dags/tutorial_taskflow_api.py
[2022-10-19T15:44:54.406+0000] {processor.py:758} INFO - Processing file /home/airflow/.local/lib/python3.7/site-packages/airflow/example_dags/tutorial_taskflow_api.py for tasks to queue
[2022-10-19T15:44:54.432+0000] {logging_mixin.py:117} INFO - [2022-10-19T15:44:54.431+0000] {dagbag.py:525} INFO - Filling up the DagBag from /home/airflow/.local/lib/python3.7/site-packages/airflow/example_dags/tutorial_taskflow_api.py
[2022-10-19T15:44:54.716+0000] {processor.py:768} INFO - DAG(s) dict_keys(['tutorial_taskflow_api']) retrieved from /home/airflow/.local/lib/python3.7/site-packages/airflow/example_dags/tutorial_taskflow_api.py
[2022-10-19T15:44:55.164+0000] {logging_mixin.py:117} INFO - [2022-10-19T15:44:55.151+0000] {dag.py:2573} INFO - Sync 1 DAGs
[2022-10-19T15:44:55.843+0000] {logging_mixin.py:117} INFO - [2022-10-19T15:44:55.843+0000] {dag.py:3328} INFO - Setting next_dagrun for tutorial_taskflow_api to None, run_after=None
[2022-10-19T15:44:55.906+0000] {processor.py:178} INFO - Processing /home/airflow/.local/lib/python3.7/site-packages/airflow/example_dags/tutorial_taskflow_api.py took 1.666 seconds
[2022-10-19T15:45:26.060+0000] {processor.py:156} INFO - Started process (PID=1114) to work on /home/airflow/.local/lib/python3.7/site-packages/airflow/example_dags/tutorial_taskflow_api.py
[2022-10-19T15:45:26.067+0000] {processor.py:758} INFO - Processing file /home/airflow/.local/lib/python3.7/site-packages/airflow/example_dags/tutorial_taskflow_api.py for tasks to queue
[2022-10-19T15:45:26.078+0000] {logging_mixin.py:117} INFO - [2022-10-19T15:45:26.076+0000] {dagbag.py:525} INFO - Filling up the DagBag from /home/airflow/.local/lib/python3.7/site-packages/airflow/example_dags/tutorial_taskflow_api.py
[2022-10-19T15:45:26.132+0000] {processor.py:768} INFO - DAG(s) dict_keys(['tutorial_taskflow_api']) retrieved from /home/airflow/.local/lib/python3.7/site-packages/airflow/example_dags/tutorial_taskflow_api.py
[2022-10-19T15:45:26.446+0000] {logging_mixin.py:117} INFO - [2022-10-19T15:45:26.446+0000] {dag.py:2573} INFO - Sync 1 DAGs
[2022-10-19T15:45:26.573+0000] {logging_mixin.py:117} INFO - [2022-10-19T15:45:26.573+0000] {dag.py:3328} INFO - Setting next_dagrun for tutorial_taskflow_api to None, run_after=None
[2022-10-19T15:45:26.668+0000] {processor.py:178} INFO - Processing /home/airflow/.local/lib/python3.7/site-packages/airflow/example_dags/tutorial_taskflow_api.py took 0.653 seconds
[2022-10-19T15:46:48.040+0000] {processor.py:156} INFO - Started process (PID=1191) to work on /home/airflow/.local/lib/python3.7/site-packages/airflow/example_dags/tutorial_taskflow_api.py
[2022-10-19T15:46:48.041+0000] {processor.py:758} INFO - Processing file /home/airflow/.local/lib/python3.7/site-packages/airflow/example_dags/tutorial_taskflow_api.py for tasks to queue
[2022-10-19T15:46:48.043+0000] {logging_mixin.py:117} INFO - [2022-10-19T15:46:48.043+0000] {dagbag.py:525} INFO - Filling up the DagBag from /home/airflow/.local/lib/python3.7/site-packages/airflow/example_dags/tutorial_taskflow_api.py
[2022-10-19T15:46:48.065+0000] {processor.py:768} INFO - DAG(s) dict_keys(['tutorial_taskflow_api']) retrieved from /home/airflow/.local/lib/python3.7/site-packages/airflow/example_dags/tutorial_taskflow_api.py
[2022-10-19T15:46:48.100+0000] {logging_mixin.py:117} INFO - [2022-10-19T15:46:48.099+0000] {dag.py:2573} INFO - Sync 1 DAGs
[2022-10-19T15:46:48.125+0000] {logging_mixin.py:117} INFO - [2022-10-19T15:46:48.125+0000] {dag.py:3328} INFO - Setting next_dagrun for tutorial_taskflow_api to None, run_after=None
[2022-10-19T15:46:48.149+0000] {processor.py:178} INFO - Processing /home/airflow/.local/lib/python3.7/site-packages/airflow/example_dags/tutorial_taskflow_api.py took 0.112 seconds
[2022-10-19T15:47:18.214+0000] {processor.py:156} INFO - Started process (PID=1247) to work on /home/airflow/.local/lib/python3.7/site-packages/airflow/example_dags/tutorial_taskflow_api.py
[2022-10-19T15:47:18.216+0000] {processor.py:758} INFO - Processing file /home/airflow/.local/lib/python3.7/site-packages/airflow/example_dags/tutorial_taskflow_api.py for tasks to queue
[2022-10-19T15:47:18.217+0000] {logging_mixin.py:117} INFO - [2022-10-19T15:47:18.217+0000] {dagbag.py:525} INFO - Filling up the DagBag from /home/airflow/.local/lib/python3.7/site-packages/airflow/example_dags/tutorial_taskflow_api.py
[2022-10-19T15:47:18.237+0000] {processor.py:768} INFO - DAG(s) dict_keys(['tutorial_taskflow_api']) retrieved from /home/airflow/.local/lib/python3.7/site-packages/airflow/example_dags/tutorial_taskflow_api.py
[2022-10-19T15:47:18.270+0000] {logging_mixin.py:117} INFO - [2022-10-19T15:47:18.270+0000] {dag.py:2573} INFO - Sync 1 DAGs
[2022-10-19T15:47:18.290+0000] {logging_mixin.py:117} INFO - [2022-10-19T15:47:18.290+0000] {dag.py:3328} INFO - Setting next_dagrun for tutorial_taskflow_api to None, run_after=None
[2022-10-19T15:47:18.306+0000] {processor.py:178} INFO - Processing /home/airflow/.local/lib/python3.7/site-packages/airflow/example_dags/tutorial_taskflow_api.py took 0.095 seconds
[2022-10-19T15:47:57.697+0000] {processor.py:156} INFO - Started process (PID=1311) to work on /home/airflow/.local/lib/python3.7/site-packages/airflow/example_dags/tutorial_taskflow_api.py
[2022-10-19T15:47:57.700+0000] {processor.py:758} INFO - Processing file /home/airflow/.local/lib/python3.7/site-packages/airflow/example_dags/tutorial_taskflow_api.py for tasks to queue
[2022-10-19T15:47:57.706+0000] {logging_mixin.py:117} INFO - [2022-10-19T15:47:57.706+0000] {dagbag.py:525} INFO - Filling up the DagBag from /home/airflow/.local/lib/python3.7/site-packages/airflow/example_dags/tutorial_taskflow_api.py
[2022-10-19T15:47:57.737+0000] {processor.py:768} INFO - DAG(s) dict_keys(['tutorial_taskflow_api']) retrieved from /home/airflow/.local/lib/python3.7/site-packages/airflow/example_dags/tutorial_taskflow_api.py
[2022-10-19T15:47:57.791+0000] {logging_mixin.py:117} INFO - [2022-10-19T15:47:57.791+0000] {dag.py:2573} INFO - Sync 1 DAGs
[2022-10-19T15:47:57.826+0000] {logging_mixin.py:117} INFO - [2022-10-19T15:47:57.826+0000] {dag.py:3328} INFO - Setting next_dagrun for tutorial_taskflow_api to None, run_after=None
[2022-10-19T15:47:57.847+0000] {processor.py:178} INFO - Processing /home/airflow/.local/lib/python3.7/site-packages/airflow/example_dags/tutorial_taskflow_api.py took 0.152 seconds
[2022-10-19T15:48:47.290+0000] {processor.py:156} INFO - Started process (PID=1380) to work on /home/airflow/.local/lib/python3.7/site-packages/airflow/example_dags/tutorial_taskflow_api.py
[2022-10-19T15:48:47.304+0000] {processor.py:758} INFO - Processing file /home/airflow/.local/lib/python3.7/site-packages/airflow/example_dags/tutorial_taskflow_api.py for tasks to queue
[2022-10-19T15:48:47.316+0000] {logging_mixin.py:117} INFO - [2022-10-19T15:48:47.316+0000] {dagbag.py:525} INFO - Filling up the DagBag from /home/airflow/.local/lib/python3.7/site-packages/airflow/example_dags/tutorial_taskflow_api.py
[2022-10-19T15:48:47.887+0000] {processor.py:768} INFO - DAG(s) dict_keys(['tutorial_taskflow_api']) retrieved from /home/airflow/.local/lib/python3.7/site-packages/airflow/example_dags/tutorial_taskflow_api.py
[2022-10-19T15:48:48.553+0000] {logging_mixin.py:117} INFO - [2022-10-19T15:48:48.552+0000] {dag.py:2573} INFO - Sync 1 DAGs
[2022-10-19T15:48:48.681+0000] {logging_mixin.py:117} INFO - [2022-10-19T15:48:48.680+0000] {dag.py:3328} INFO - Setting next_dagrun for tutorial_taskflow_api to None, run_after=None
[2022-10-19T15:48:48.805+0000] {processor.py:178} INFO - Processing /home/airflow/.local/lib/python3.7/site-packages/airflow/example_dags/tutorial_taskflow_api.py took 1.592 seconds
[2022-10-19T15:51:33.054+0000] {processor.py:156} INFO - Started process (PID=1490) to work on /home/airflow/.local/lib/python3.7/site-packages/airflow/example_dags/tutorial_taskflow_api.py
[2022-10-19T15:51:33.057+0000] {processor.py:758} INFO - Processing file /home/airflow/.local/lib/python3.7/site-packages/airflow/example_dags/tutorial_taskflow_api.py for tasks to queue
[2022-10-19T15:51:33.060+0000] {logging_mixin.py:117} INFO - [2022-10-19T15:51:33.059+0000] {dagbag.py:525} INFO - Filling up the DagBag from /home/airflow/.local/lib/python3.7/site-packages/airflow/example_dags/tutorial_taskflow_api.py
[2022-10-19T15:51:33.098+0000] {processor.py:768} INFO - DAG(s) dict_keys(['tutorial_taskflow_api']) retrieved from /home/airflow/.local/lib/python3.7/site-packages/airflow/example_dags/tutorial_taskflow_api.py
[2022-10-19T15:51:33.138+0000] {logging_mixin.py:117} INFO - [2022-10-19T15:51:33.138+0000] {dag.py:2573} INFO - Sync 1 DAGs
[2022-10-19T15:51:33.166+0000] {logging_mixin.py:117} INFO - [2022-10-19T15:51:33.166+0000] {dag.py:3328} INFO - Setting next_dagrun for tutorial_taskflow_api to None, run_after=None
[2022-10-19T15:51:33.185+0000] {processor.py:178} INFO - Processing /home/airflow/.local/lib/python3.7/site-packages/airflow/example_dags/tutorial_taskflow_api.py took 0.136 seconds
[2022-10-19T15:59:17.653+0000] {processor.py:156} INFO - Started process (PID=137) to work on /home/airflow/.local/lib/python3.7/site-packages/airflow/example_dags/tutorial_taskflow_api.py
[2022-10-19T15:59:17.656+0000] {processor.py:758} INFO - Processing file /home/airflow/.local/lib/python3.7/site-packages/airflow/example_dags/tutorial_taskflow_api.py for tasks to queue
[2022-10-19T15:59:17.657+0000] {logging_mixin.py:117} INFO - [2022-10-19T15:59:17.657+0000] {dagbag.py:525} INFO - Filling up the DagBag from /home/airflow/.local/lib/python3.7/site-packages/airflow/example_dags/tutorial_taskflow_api.py
[2022-10-19T15:59:17.675+0000] {processor.py:768} INFO - DAG(s) dict_keys(['tutorial_taskflow_api']) retrieved from /home/airflow/.local/lib/python3.7/site-packages/airflow/example_dags/tutorial_taskflow_api.py
[2022-10-19T15:59:17.705+0000] {logging_mixin.py:117} INFO - [2022-10-19T15:59:17.705+0000] {dag.py:2573} INFO - Sync 1 DAGs
[2022-10-19T15:59:17.726+0000] {logging_mixin.py:117} INFO - [2022-10-19T15:59:17.726+0000] {dag.py:3328} INFO - Setting next_dagrun for tutorial_taskflow_api to None, run_after=None
[2022-10-19T15:59:17.742+0000] {processor.py:178} INFO - Processing /home/airflow/.local/lib/python3.7/site-packages/airflow/example_dags/tutorial_taskflow_api.py took 0.091 seconds
[2022-10-19T15:59:49.240+0000] {processor.py:156} INFO - Started process (PID=202) to work on /home/airflow/.local/lib/python3.7/site-packages/airflow/example_dags/tutorial_taskflow_api.py
[2022-10-19T15:59:49.248+0000] {processor.py:758} INFO - Processing file /home/airflow/.local/lib/python3.7/site-packages/airflow/example_dags/tutorial_taskflow_api.py for tasks to queue
[2022-10-19T15:59:49.258+0000] {logging_mixin.py:117} INFO - [2022-10-19T15:59:49.258+0000] {dagbag.py:525} INFO - Filling up the DagBag from /home/airflow/.local/lib/python3.7/site-packages/airflow/example_dags/tutorial_taskflow_api.py
[2022-10-19T15:59:49.282+0000] {processor.py:768} INFO - DAG(s) dict_keys(['tutorial_taskflow_api']) retrieved from /home/airflow/.local/lib/python3.7/site-packages/airflow/example_dags/tutorial_taskflow_api.py
[2022-10-19T15:59:49.324+0000] {logging_mixin.py:117} INFO - [2022-10-19T15:59:49.323+0000] {dag.py:2573} INFO - Sync 1 DAGs
[2022-10-19T15:59:49.345+0000] {logging_mixin.py:117} INFO - [2022-10-19T15:59:49.345+0000] {dag.py:3328} INFO - Setting next_dagrun for tutorial_taskflow_api to None, run_after=None
[2022-10-19T15:59:49.360+0000] {processor.py:178} INFO - Processing /home/airflow/.local/lib/python3.7/site-packages/airflow/example_dags/tutorial_taskflow_api.py took 0.124 seconds
[2022-10-19T16:00:24.301+0000] {processor.py:156} INFO - Started process (PID=267) to work on /home/airflow/.local/lib/python3.7/site-packages/airflow/example_dags/tutorial_taskflow_api.py
[2022-10-19T16:00:24.303+0000] {processor.py:758} INFO - Processing file /home/airflow/.local/lib/python3.7/site-packages/airflow/example_dags/tutorial_taskflow_api.py for tasks to queue
[2022-10-19T16:00:24.305+0000] {logging_mixin.py:117} INFO - [2022-10-19T16:00:24.305+0000] {dagbag.py:525} INFO - Filling up the DagBag from /home/airflow/.local/lib/python3.7/site-packages/airflow/example_dags/tutorial_taskflow_api.py
[2022-10-19T16:00:24.326+0000] {processor.py:768} INFO - DAG(s) dict_keys(['tutorial_taskflow_api']) retrieved from /home/airflow/.local/lib/python3.7/site-packages/airflow/example_dags/tutorial_taskflow_api.py
[2022-10-19T16:00:24.374+0000] {logging_mixin.py:117} INFO - [2022-10-19T16:00:24.373+0000] {dag.py:2573} INFO - Sync 1 DAGs
[2022-10-19T16:00:24.397+0000] {logging_mixin.py:117} INFO - [2022-10-19T16:00:24.397+0000] {dag.py:3328} INFO - Setting next_dagrun for tutorial_taskflow_api to None, run_after=None
[2022-10-19T16:00:24.419+0000] {processor.py:178} INFO - Processing /home/airflow/.local/lib/python3.7/site-packages/airflow/example_dags/tutorial_taskflow_api.py took 0.121 seconds
[2022-10-19T16:00:54.515+0000] {processor.py:156} INFO - Started process (PID=323) to work on /home/airflow/.local/lib/python3.7/site-packages/airflow/example_dags/tutorial_taskflow_api.py
[2022-10-19T16:00:54.516+0000] {processor.py:758} INFO - Processing file /home/airflow/.local/lib/python3.7/site-packages/airflow/example_dags/tutorial_taskflow_api.py for tasks to queue
[2022-10-19T16:00:54.517+0000] {logging_mixin.py:117} INFO - [2022-10-19T16:00:54.517+0000] {dagbag.py:525} INFO - Filling up the DagBag from /home/airflow/.local/lib/python3.7/site-packages/airflow/example_dags/tutorial_taskflow_api.py
[2022-10-19T16:00:54.530+0000] {processor.py:768} INFO - DAG(s) dict_keys(['tutorial_taskflow_api']) retrieved from /home/airflow/.local/lib/python3.7/site-packages/airflow/example_dags/tutorial_taskflow_api.py
[2022-10-19T16:00:54.554+0000] {logging_mixin.py:117} INFO - [2022-10-19T16:00:54.553+0000] {dag.py:2573} INFO - Sync 1 DAGs
[2022-10-19T16:00:54.567+0000] {logging_mixin.py:117} INFO - [2022-10-19T16:00:54.567+0000] {dag.py:3328} INFO - Setting next_dagrun for tutorial_taskflow_api to None, run_after=None
[2022-10-19T16:00:54.579+0000] {processor.py:178} INFO - Processing /home/airflow/.local/lib/python3.7/site-packages/airflow/example_dags/tutorial_taskflow_api.py took 0.067 seconds
[2022-10-19T16:01:25.609+0000] {processor.py:156} INFO - Started process (PID=388) to work on /home/airflow/.local/lib/python3.7/site-packages/airflow/example_dags/tutorial_taskflow_api.py
[2022-10-19T16:01:25.612+0000] {processor.py:758} INFO - Processing file /home/airflow/.local/lib/python3.7/site-packages/airflow/example_dags/tutorial_taskflow_api.py for tasks to queue
[2022-10-19T16:01:25.631+0000] {logging_mixin.py:117} INFO - [2022-10-19T16:01:25.631+0000] {dagbag.py:525} INFO - Filling up the DagBag from /home/airflow/.local/lib/python3.7/site-packages/airflow/example_dags/tutorial_taskflow_api.py
[2022-10-19T16:01:25.657+0000] {processor.py:768} INFO - DAG(s) dict_keys(['tutorial_taskflow_api']) retrieved from /home/airflow/.local/lib/python3.7/site-packages/airflow/example_dags/tutorial_taskflow_api.py
[2022-10-19T16:01:25.696+0000] {logging_mixin.py:117} INFO - [2022-10-19T16:01:25.696+0000] {dag.py:2573} INFO - Sync 1 DAGs
[2022-10-19T16:01:25.716+0000] {logging_mixin.py:117} INFO - [2022-10-19T16:01:25.716+0000] {dag.py:3328} INFO - Setting next_dagrun for tutorial_taskflow_api to None, run_after=None
[2022-10-19T16:01:25.735+0000] {processor.py:178} INFO - Processing /home/airflow/.local/lib/python3.7/site-packages/airflow/example_dags/tutorial_taskflow_api.py took 0.130 seconds
[2022-10-19T16:01:56.017+0000] {processor.py:156} INFO - Started process (PID=454) to work on /home/airflow/.local/lib/python3.7/site-packages/airflow/example_dags/tutorial_taskflow_api.py
[2022-10-19T16:01:56.020+0000] {processor.py:758} INFO - Processing file /home/airflow/.local/lib/python3.7/site-packages/airflow/example_dags/tutorial_taskflow_api.py for tasks to queue
[2022-10-19T16:01:56.023+0000] {logging_mixin.py:117} INFO - [2022-10-19T16:01:56.023+0000] {dagbag.py:525} INFO - Filling up the DagBag from /home/airflow/.local/lib/python3.7/site-packages/airflow/example_dags/tutorial_taskflow_api.py
[2022-10-19T16:01:56.049+0000] {processor.py:768} INFO - DAG(s) dict_keys(['tutorial_taskflow_api']) retrieved from /home/airflow/.local/lib/python3.7/site-packages/airflow/example_dags/tutorial_taskflow_api.py
[2022-10-19T16:01:56.125+0000] {logging_mixin.py:117} INFO - [2022-10-19T16:01:56.125+0000] {dag.py:2573} INFO - Sync 1 DAGs
[2022-10-19T16:01:56.165+0000] {logging_mixin.py:117} INFO - [2022-10-19T16:01:56.164+0000] {dag.py:3328} INFO - Setting next_dagrun for tutorial_taskflow_api to None, run_after=None
[2022-10-19T16:01:56.190+0000] {processor.py:178} INFO - Processing /home/airflow/.local/lib/python3.7/site-packages/airflow/example_dags/tutorial_taskflow_api.py took 0.176 seconds
[2022-10-19T16:02:26.237+0000] {processor.py:156} INFO - Started process (PID=517) to work on /home/airflow/.local/lib/python3.7/site-packages/airflow/example_dags/tutorial_taskflow_api.py
[2022-10-19T16:02:26.239+0000] {processor.py:758} INFO - Processing file /home/airflow/.local/lib/python3.7/site-packages/airflow/example_dags/tutorial_taskflow_api.py for tasks to queue
[2022-10-19T16:02:26.240+0000] {logging_mixin.py:117} INFO - [2022-10-19T16:02:26.239+0000] {dagbag.py:525} INFO - Filling up the DagBag from /home/airflow/.local/lib/python3.7/site-packages/airflow/example_dags/tutorial_taskflow_api.py
[2022-10-19T16:02:26.253+0000] {processor.py:768} INFO - DAG(s) dict_keys(['tutorial_taskflow_api']) retrieved from /home/airflow/.local/lib/python3.7/site-packages/airflow/example_dags/tutorial_taskflow_api.py
[2022-10-19T16:02:26.279+0000] {logging_mixin.py:117} INFO - [2022-10-19T16:02:26.278+0000] {dag.py:2573} INFO - Sync 1 DAGs
[2022-10-19T16:02:26.295+0000] {logging_mixin.py:117} INFO - [2022-10-19T16:02:26.295+0000] {dag.py:3328} INFO - Setting next_dagrun for tutorial_taskflow_api to None, run_after=None
[2022-10-19T16:02:26.307+0000] {processor.py:178} INFO - Processing /home/airflow/.local/lib/python3.7/site-packages/airflow/example_dags/tutorial_taskflow_api.py took 0.073 seconds
[2022-10-19T16:02:56.354+0000] {processor.py:156} INFO - Started process (PID=575) to work on /home/airflow/.local/lib/python3.7/site-packages/airflow/example_dags/tutorial_taskflow_api.py
[2022-10-19T16:02:56.356+0000] {processor.py:758} INFO - Processing file /home/airflow/.local/lib/python3.7/site-packages/airflow/example_dags/tutorial_taskflow_api.py for tasks to queue
[2022-10-19T16:02:56.358+0000] {logging_mixin.py:117} INFO - [2022-10-19T16:02:56.358+0000] {dagbag.py:525} INFO - Filling up the DagBag from /home/airflow/.local/lib/python3.7/site-packages/airflow/example_dags/tutorial_taskflow_api.py
[2022-10-19T16:02:56.375+0000] {processor.py:768} INFO - DAG(s) dict_keys(['tutorial_taskflow_api']) retrieved from /home/airflow/.local/lib/python3.7/site-packages/airflow/example_dags/tutorial_taskflow_api.py
[2022-10-19T16:02:56.400+0000] {logging_mixin.py:117} INFO - [2022-10-19T16:02:56.400+0000] {dag.py:2573} INFO - Sync 1 DAGs
[2022-10-19T16:02:56.414+0000] {logging_mixin.py:117} INFO - [2022-10-19T16:02:56.414+0000] {dag.py:3328} INFO - Setting next_dagrun for tutorial_taskflow_api to None, run_after=None
[2022-10-19T16:02:56.424+0000] {processor.py:178} INFO - Processing /home/airflow/.local/lib/python3.7/site-packages/airflow/example_dags/tutorial_taskflow_api.py took 0.072 seconds
[2022-10-19T16:03:27.338+0000] {processor.py:156} INFO - Started process (PID=640) to work on /home/airflow/.local/lib/python3.7/site-packages/airflow/example_dags/tutorial_taskflow_api.py
[2022-10-19T16:03:27.339+0000] {processor.py:758} INFO - Processing file /home/airflow/.local/lib/python3.7/site-packages/airflow/example_dags/tutorial_taskflow_api.py for tasks to queue
[2022-10-19T16:03:27.341+0000] {logging_mixin.py:117} INFO - [2022-10-19T16:03:27.341+0000] {dagbag.py:525} INFO - Filling up the DagBag from /home/airflow/.local/lib/python3.7/site-packages/airflow/example_dags/tutorial_taskflow_api.py
[2022-10-19T16:03:27.359+0000] {processor.py:768} INFO - DAG(s) dict_keys(['tutorial_taskflow_api']) retrieved from /home/airflow/.local/lib/python3.7/site-packages/airflow/example_dags/tutorial_taskflow_api.py
[2022-10-19T16:03:27.394+0000] {logging_mixin.py:117} INFO - [2022-10-19T16:03:27.394+0000] {dag.py:2573} INFO - Sync 1 DAGs
[2022-10-19T16:03:27.411+0000] {logging_mixin.py:117} INFO - [2022-10-19T16:03:27.411+0000] {dag.py:3328} INFO - Setting next_dagrun for tutorial_taskflow_api to None, run_after=None
[2022-10-19T16:03:27.429+0000] {processor.py:178} INFO - Processing /home/airflow/.local/lib/python3.7/site-packages/airflow/example_dags/tutorial_taskflow_api.py took 0.094 seconds
[2022-10-19T16:03:57.530+0000] {processor.py:156} INFO - Started process (PID=705) to work on /home/airflow/.local/lib/python3.7/site-packages/airflow/example_dags/tutorial_taskflow_api.py
[2022-10-19T16:03:57.532+0000] {processor.py:758} INFO - Processing file /home/airflow/.local/lib/python3.7/site-packages/airflow/example_dags/tutorial_taskflow_api.py for tasks to queue
[2022-10-19T16:03:57.533+0000] {logging_mixin.py:117} INFO - [2022-10-19T16:03:57.533+0000] {dagbag.py:525} INFO - Filling up the DagBag from /home/airflow/.local/lib/python3.7/site-packages/airflow/example_dags/tutorial_taskflow_api.py
[2022-10-19T16:03:57.551+0000] {processor.py:768} INFO - DAG(s) dict_keys(['tutorial_taskflow_api']) retrieved from /home/airflow/.local/lib/python3.7/site-packages/airflow/example_dags/tutorial_taskflow_api.py
[2022-10-19T16:03:57.577+0000] {logging_mixin.py:117} INFO - [2022-10-19T16:03:57.577+0000] {dag.py:2573} INFO - Sync 1 DAGs
[2022-10-19T16:03:57.593+0000] {logging_mixin.py:117} INFO - [2022-10-19T16:03:57.593+0000] {dag.py:3328} INFO - Setting next_dagrun for tutorial_taskflow_api to None, run_after=None
[2022-10-19T16:03:57.606+0000] {processor.py:178} INFO - Processing /home/airflow/.local/lib/python3.7/site-packages/airflow/example_dags/tutorial_taskflow_api.py took 0.079 seconds
[2022-10-19T16:04:28.517+0000] {processor.py:156} INFO - Started process (PID=770) to work on /home/airflow/.local/lib/python3.7/site-packages/airflow/example_dags/tutorial_taskflow_api.py
[2022-10-19T16:04:28.520+0000] {processor.py:758} INFO - Processing file /home/airflow/.local/lib/python3.7/site-packages/airflow/example_dags/tutorial_taskflow_api.py for tasks to queue
[2022-10-19T16:04:28.522+0000] {logging_mixin.py:117} INFO - [2022-10-19T16:04:28.522+0000] {dagbag.py:525} INFO - Filling up the DagBag from /home/airflow/.local/lib/python3.7/site-packages/airflow/example_dags/tutorial_taskflow_api.py
[2022-10-19T16:04:28.539+0000] {processor.py:768} INFO - DAG(s) dict_keys(['tutorial_taskflow_api']) retrieved from /home/airflow/.local/lib/python3.7/site-packages/airflow/example_dags/tutorial_taskflow_api.py
[2022-10-19T16:04:28.569+0000] {logging_mixin.py:117} INFO - [2022-10-19T16:04:28.568+0000] {dag.py:2573} INFO - Sync 1 DAGs
[2022-10-19T16:04:28.587+0000] {logging_mixin.py:117} INFO - [2022-10-19T16:04:28.587+0000] {dag.py:3328} INFO - Setting next_dagrun for tutorial_taskflow_api to None, run_after=None
[2022-10-19T16:04:28.601+0000] {processor.py:178} INFO - Processing /home/airflow/.local/lib/python3.7/site-packages/airflow/example_dags/tutorial_taskflow_api.py took 0.085 seconds
[2022-10-19T16:04:59.095+0000] {processor.py:156} INFO - Started process (PID=826) to work on /home/airflow/.local/lib/python3.7/site-packages/airflow/example_dags/tutorial_taskflow_api.py
[2022-10-19T16:04:59.096+0000] {processor.py:758} INFO - Processing file /home/airflow/.local/lib/python3.7/site-packages/airflow/example_dags/tutorial_taskflow_api.py for tasks to queue
[2022-10-19T16:04:59.097+0000] {logging_mixin.py:117} INFO - [2022-10-19T16:04:59.097+0000] {dagbag.py:525} INFO - Filling up the DagBag from /home/airflow/.local/lib/python3.7/site-packages/airflow/example_dags/tutorial_taskflow_api.py
[2022-10-19T16:04:59.110+0000] {processor.py:768} INFO - DAG(s) dict_keys(['tutorial_taskflow_api']) retrieved from /home/airflow/.local/lib/python3.7/site-packages/airflow/example_dags/tutorial_taskflow_api.py
[2022-10-19T16:04:59.148+0000] {logging_mixin.py:117} INFO - [2022-10-19T16:04:59.148+0000] {dag.py:2573} INFO - Sync 1 DAGs
[2022-10-19T16:04:59.170+0000] {logging_mixin.py:117} INFO - [2022-10-19T16:04:59.170+0000] {dag.py:3328} INFO - Setting next_dagrun for tutorial_taskflow_api to None, run_after=None
[2022-10-19T16:04:59.182+0000] {processor.py:178} INFO - Processing /home/airflow/.local/lib/python3.7/site-packages/airflow/example_dags/tutorial_taskflow_api.py took 0.089 seconds
[2022-10-19T16:05:30.429+0000] {processor.py:156} INFO - Started process (PID=892) to work on /home/airflow/.local/lib/python3.7/site-packages/airflow/example_dags/tutorial_taskflow_api.py
[2022-10-19T16:05:30.431+0000] {processor.py:758} INFO - Processing file /home/airflow/.local/lib/python3.7/site-packages/airflow/example_dags/tutorial_taskflow_api.py for tasks to queue
[2022-10-19T16:05:30.433+0000] {logging_mixin.py:117} INFO - [2022-10-19T16:05:30.432+0000] {dagbag.py:525} INFO - Filling up the DagBag from /home/airflow/.local/lib/python3.7/site-packages/airflow/example_dags/tutorial_taskflow_api.py
[2022-10-19T16:05:30.451+0000] {processor.py:768} INFO - DAG(s) dict_keys(['tutorial_taskflow_api']) retrieved from /home/airflow/.local/lib/python3.7/site-packages/airflow/example_dags/tutorial_taskflow_api.py
[2022-10-19T16:05:30.484+0000] {logging_mixin.py:117} INFO - [2022-10-19T16:05:30.484+0000] {dag.py:2573} INFO - Sync 1 DAGs
[2022-10-19T16:05:30.501+0000] {logging_mixin.py:117} INFO - [2022-10-19T16:05:30.501+0000] {dag.py:3328} INFO - Setting next_dagrun for tutorial_taskflow_api to None, run_after=None
[2022-10-19T16:05:30.514+0000] {processor.py:178} INFO - Processing /home/airflow/.local/lib/python3.7/site-packages/airflow/example_dags/tutorial_taskflow_api.py took 0.088 seconds
[2022-10-19T16:06:01.099+0000] {processor.py:156} INFO - Started process (PID=956) to work on /home/airflow/.local/lib/python3.7/site-packages/airflow/example_dags/tutorial_taskflow_api.py
[2022-10-19T16:06:01.101+0000] {processor.py:758} INFO - Processing file /home/airflow/.local/lib/python3.7/site-packages/airflow/example_dags/tutorial_taskflow_api.py for tasks to queue
[2022-10-19T16:06:01.104+0000] {logging_mixin.py:117} INFO - [2022-10-19T16:06:01.104+0000] {dagbag.py:525} INFO - Filling up the DagBag from /home/airflow/.local/lib/python3.7/site-packages/airflow/example_dags/tutorial_taskflow_api.py
[2022-10-19T16:06:01.122+0000] {processor.py:768} INFO - DAG(s) dict_keys(['tutorial_taskflow_api']) retrieved from /home/airflow/.local/lib/python3.7/site-packages/airflow/example_dags/tutorial_taskflow_api.py
[2022-10-19T16:06:01.152+0000] {logging_mixin.py:117} INFO - [2022-10-19T16:06:01.152+0000] {dag.py:2573} INFO - Sync 1 DAGs
[2022-10-19T16:06:01.170+0000] {logging_mixin.py:117} INFO - [2022-10-19T16:06:01.169+0000] {dag.py:3328} INFO - Setting next_dagrun for tutorial_taskflow_api to None, run_after=None
[2022-10-19T16:06:01.182+0000] {processor.py:178} INFO - Processing /home/airflow/.local/lib/python3.7/site-packages/airflow/example_dags/tutorial_taskflow_api.py took 0.085 seconds
[2022-10-19T16:06:31.562+0000] {processor.py:156} INFO - Started process (PID=1021) to work on /home/airflow/.local/lib/python3.7/site-packages/airflow/example_dags/tutorial_taskflow_api.py
[2022-10-19T16:06:31.565+0000] {processor.py:758} INFO - Processing file /home/airflow/.local/lib/python3.7/site-packages/airflow/example_dags/tutorial_taskflow_api.py for tasks to queue
[2022-10-19T16:06:31.567+0000] {logging_mixin.py:117} INFO - [2022-10-19T16:06:31.567+0000] {dagbag.py:525} INFO - Filling up the DagBag from /home/airflow/.local/lib/python3.7/site-packages/airflow/example_dags/tutorial_taskflow_api.py
[2022-10-19T16:06:31.588+0000] {processor.py:768} INFO - DAG(s) dict_keys(['tutorial_taskflow_api']) retrieved from /home/airflow/.local/lib/python3.7/site-packages/airflow/example_dags/tutorial_taskflow_api.py
[2022-10-19T16:06:31.644+0000] {logging_mixin.py:117} INFO - [2022-10-19T16:06:31.644+0000] {dag.py:2573} INFO - Sync 1 DAGs
[2022-10-19T16:06:31.668+0000] {logging_mixin.py:117} INFO - [2022-10-19T16:06:31.668+0000] {dag.py:3328} INFO - Setting next_dagrun for tutorial_taskflow_api to None, run_after=None
[2022-10-19T16:06:31.688+0000] {processor.py:178} INFO - Processing /home/airflow/.local/lib/python3.7/site-packages/airflow/example_dags/tutorial_taskflow_api.py took 0.131 seconds
[2022-10-19T16:07:04.066+0000] {processor.py:156} INFO - Started process (PID=1087) to work on /home/airflow/.local/lib/python3.7/site-packages/airflow/example_dags/tutorial_taskflow_api.py
[2022-10-19T16:07:04.072+0000] {processor.py:758} INFO - Processing file /home/airflow/.local/lib/python3.7/site-packages/airflow/example_dags/tutorial_taskflow_api.py for tasks to queue
[2022-10-19T16:07:04.075+0000] {logging_mixin.py:117} INFO - [2022-10-19T16:07:04.075+0000] {dagbag.py:525} INFO - Filling up the DagBag from /home/airflow/.local/lib/python3.7/site-packages/airflow/example_dags/tutorial_taskflow_api.py
[2022-10-19T16:07:04.110+0000] {processor.py:768} INFO - DAG(s) dict_keys(['tutorial_taskflow_api']) retrieved from /home/airflow/.local/lib/python3.7/site-packages/airflow/example_dags/tutorial_taskflow_api.py
[2022-10-19T16:07:04.157+0000] {logging_mixin.py:117} INFO - [2022-10-19T16:07:04.157+0000] {dag.py:2573} INFO - Sync 1 DAGs
[2022-10-19T16:07:04.187+0000] {logging_mixin.py:117} INFO - [2022-10-19T16:07:04.187+0000] {dag.py:3328} INFO - Setting next_dagrun for tutorial_taskflow_api to None, run_after=None
[2022-10-19T16:07:04.209+0000] {processor.py:178} INFO - Processing /home/airflow/.local/lib/python3.7/site-packages/airflow/example_dags/tutorial_taskflow_api.py took 0.159 seconds
[2022-10-19T16:07:34.278+0000] {processor.py:156} INFO - Started process (PID=1142) to work on /home/airflow/.local/lib/python3.7/site-packages/airflow/example_dags/tutorial_taskflow_api.py
[2022-10-19T16:07:34.280+0000] {processor.py:758} INFO - Processing file /home/airflow/.local/lib/python3.7/site-packages/airflow/example_dags/tutorial_taskflow_api.py for tasks to queue
[2022-10-19T16:07:34.281+0000] {logging_mixin.py:117} INFO - [2022-10-19T16:07:34.281+0000] {dagbag.py:525} INFO - Filling up the DagBag from /home/airflow/.local/lib/python3.7/site-packages/airflow/example_dags/tutorial_taskflow_api.py
[2022-10-19T16:07:34.301+0000] {processor.py:768} INFO - DAG(s) dict_keys(['tutorial_taskflow_api']) retrieved from /home/airflow/.local/lib/python3.7/site-packages/airflow/example_dags/tutorial_taskflow_api.py
[2022-10-19T16:07:34.345+0000] {logging_mixin.py:117} INFO - [2022-10-19T16:07:34.345+0000] {dag.py:2573} INFO - Sync 1 DAGs
[2022-10-19T16:07:34.376+0000] {logging_mixin.py:117} INFO - [2022-10-19T16:07:34.376+0000] {dag.py:3328} INFO - Setting next_dagrun for tutorial_taskflow_api to None, run_after=None
[2022-10-19T16:07:34.408+0000] {processor.py:178} INFO - Processing /home/airflow/.local/lib/python3.7/site-packages/airflow/example_dags/tutorial_taskflow_api.py took 0.132 seconds
[2022-10-19T16:08:05.029+0000] {processor.py:156} INFO - Started process (PID=1207) to work on /home/airflow/.local/lib/python3.7/site-packages/airflow/example_dags/tutorial_taskflow_api.py
[2022-10-19T16:08:05.031+0000] {processor.py:758} INFO - Processing file /home/airflow/.local/lib/python3.7/site-packages/airflow/example_dags/tutorial_taskflow_api.py for tasks to queue
[2022-10-19T16:08:05.032+0000] {logging_mixin.py:117} INFO - [2022-10-19T16:08:05.031+0000] {dagbag.py:525} INFO - Filling up the DagBag from /home/airflow/.local/lib/python3.7/site-packages/airflow/example_dags/tutorial_taskflow_api.py
[2022-10-19T16:08:05.051+0000] {processor.py:768} INFO - DAG(s) dict_keys(['tutorial_taskflow_api']) retrieved from /home/airflow/.local/lib/python3.7/site-packages/airflow/example_dags/tutorial_taskflow_api.py
[2022-10-19T16:08:05.078+0000] {logging_mixin.py:117} INFO - [2022-10-19T16:08:05.078+0000] {dag.py:2573} INFO - Sync 1 DAGs
[2022-10-19T16:08:05.101+0000] {logging_mixin.py:117} INFO - [2022-10-19T16:08:05.101+0000] {dag.py:3328} INFO - Setting next_dagrun for tutorial_taskflow_api to None, run_after=None
[2022-10-19T16:08:05.122+0000] {processor.py:178} INFO - Processing /home/airflow/.local/lib/python3.7/site-packages/airflow/example_dags/tutorial_taskflow_api.py took 0.095 seconds
[2022-10-19T16:08:35.342+0000] {processor.py:156} INFO - Started process (PID=1272) to work on /home/airflow/.local/lib/python3.7/site-packages/airflow/example_dags/tutorial_taskflow_api.py
[2022-10-19T16:08:35.346+0000] {processor.py:758} INFO - Processing file /home/airflow/.local/lib/python3.7/site-packages/airflow/example_dags/tutorial_taskflow_api.py for tasks to queue
[2022-10-19T16:08:35.351+0000] {logging_mixin.py:117} INFO - [2022-10-19T16:08:35.350+0000] {dagbag.py:525} INFO - Filling up the DagBag from /home/airflow/.local/lib/python3.7/site-packages/airflow/example_dags/tutorial_taskflow_api.py
[2022-10-19T16:08:35.386+0000] {processor.py:768} INFO - DAG(s) dict_keys(['tutorial_taskflow_api']) retrieved from /home/airflow/.local/lib/python3.7/site-packages/airflow/example_dags/tutorial_taskflow_api.py
[2022-10-19T16:08:35.430+0000] {logging_mixin.py:117} INFO - [2022-10-19T16:08:35.429+0000] {dag.py:2573} INFO - Sync 1 DAGs
[2022-10-19T16:08:35.450+0000] {logging_mixin.py:117} INFO - [2022-10-19T16:08:35.450+0000] {dag.py:3328} INFO - Setting next_dagrun for tutorial_taskflow_api to None, run_after=None
[2022-10-19T16:08:35.473+0000] {processor.py:178} INFO - Processing /home/airflow/.local/lib/python3.7/site-packages/airflow/example_dags/tutorial_taskflow_api.py took 0.135 seconds
[2022-10-19T16:09:05.876+0000] {processor.py:156} INFO - Started process (PID=1337) to work on /home/airflow/.local/lib/python3.7/site-packages/airflow/example_dags/tutorial_taskflow_api.py
[2022-10-19T16:09:05.878+0000] {processor.py:758} INFO - Processing file /home/airflow/.local/lib/python3.7/site-packages/airflow/example_dags/tutorial_taskflow_api.py for tasks to queue
[2022-10-19T16:09:05.880+0000] {logging_mixin.py:117} INFO - [2022-10-19T16:09:05.880+0000] {dagbag.py:525} INFO - Filling up the DagBag from /home/airflow/.local/lib/python3.7/site-packages/airflow/example_dags/tutorial_taskflow_api.py
[2022-10-19T16:09:05.899+0000] {processor.py:768} INFO - DAG(s) dict_keys(['tutorial_taskflow_api']) retrieved from /home/airflow/.local/lib/python3.7/site-packages/airflow/example_dags/tutorial_taskflow_api.py
[2022-10-19T16:09:05.946+0000] {logging_mixin.py:117} INFO - [2022-10-19T16:09:05.945+0000] {dag.py:2573} INFO - Sync 1 DAGs
[2022-10-19T16:09:05.984+0000] {logging_mixin.py:117} INFO - [2022-10-19T16:09:05.983+0000] {dag.py:3328} INFO - Setting next_dagrun for tutorial_taskflow_api to None, run_after=None
[2022-10-19T16:09:06.031+0000] {processor.py:178} INFO - Processing /home/airflow/.local/lib/python3.7/site-packages/airflow/example_dags/tutorial_taskflow_api.py took 0.160 seconds
[2022-10-19T16:09:36.381+0000] {processor.py:156} INFO - Started process (PID=1393) to work on /home/airflow/.local/lib/python3.7/site-packages/airflow/example_dags/tutorial_taskflow_api.py
[2022-10-19T16:09:36.399+0000] {processor.py:758} INFO - Processing file /home/airflow/.local/lib/python3.7/site-packages/airflow/example_dags/tutorial_taskflow_api.py for tasks to queue
[2022-10-19T16:09:36.400+0000] {logging_mixin.py:117} INFO - [2022-10-19T16:09:36.400+0000] {dagbag.py:525} INFO - Filling up the DagBag from /home/airflow/.local/lib/python3.7/site-packages/airflow/example_dags/tutorial_taskflow_api.py
[2022-10-19T16:09:36.414+0000] {processor.py:768} INFO - DAG(s) dict_keys(['tutorial_taskflow_api']) retrieved from /home/airflow/.local/lib/python3.7/site-packages/airflow/example_dags/tutorial_taskflow_api.py
[2022-10-19T16:09:36.444+0000] {logging_mixin.py:117} INFO - [2022-10-19T16:09:36.444+0000] {dag.py:2573} INFO - Sync 1 DAGs
[2022-10-19T16:09:36.459+0000] {logging_mixin.py:117} INFO - [2022-10-19T16:09:36.459+0000] {dag.py:3328} INFO - Setting next_dagrun for tutorial_taskflow_api to None, run_after=None
[2022-10-19T16:09:36.473+0000] {processor.py:178} INFO - Processing /home/airflow/.local/lib/python3.7/site-packages/airflow/example_dags/tutorial_taskflow_api.py took 0.094 seconds
[2022-10-19T16:10:07.151+0000] {processor.py:156} INFO - Started process (PID=1460) to work on /home/airflow/.local/lib/python3.7/site-packages/airflow/example_dags/tutorial_taskflow_api.py
[2022-10-19T16:10:07.156+0000] {processor.py:758} INFO - Processing file /home/airflow/.local/lib/python3.7/site-packages/airflow/example_dags/tutorial_taskflow_api.py for tasks to queue
[2022-10-19T16:10:07.157+0000] {logging_mixin.py:117} INFO - [2022-10-19T16:10:07.157+0000] {dagbag.py:525} INFO - Filling up the DagBag from /home/airflow/.local/lib/python3.7/site-packages/airflow/example_dags/tutorial_taskflow_api.py
[2022-10-19T16:10:07.183+0000] {processor.py:768} INFO - DAG(s) dict_keys(['tutorial_taskflow_api']) retrieved from /home/airflow/.local/lib/python3.7/site-packages/airflow/example_dags/tutorial_taskflow_api.py
[2022-10-19T16:10:07.218+0000] {logging_mixin.py:117} INFO - [2022-10-19T16:10:07.218+0000] {dag.py:2573} INFO - Sync 1 DAGs
[2022-10-19T16:10:07.234+0000] {logging_mixin.py:117} INFO - [2022-10-19T16:10:07.234+0000] {dag.py:3328} INFO - Setting next_dagrun for tutorial_taskflow_api to None, run_after=None
[2022-10-19T16:10:07.245+0000] {processor.py:178} INFO - Processing /home/airflow/.local/lib/python3.7/site-packages/airflow/example_dags/tutorial_taskflow_api.py took 0.097 seconds
[2022-10-19T16:10:37.585+0000] {processor.py:156} INFO - Started process (PID=1525) to work on /home/airflow/.local/lib/python3.7/site-packages/airflow/example_dags/tutorial_taskflow_api.py
[2022-10-19T16:10:37.587+0000] {processor.py:758} INFO - Processing file /home/airflow/.local/lib/python3.7/site-packages/airflow/example_dags/tutorial_taskflow_api.py for tasks to queue
[2022-10-19T16:10:37.589+0000] {logging_mixin.py:117} INFO - [2022-10-19T16:10:37.589+0000] {dagbag.py:525} INFO - Filling up the DagBag from /home/airflow/.local/lib/python3.7/site-packages/airflow/example_dags/tutorial_taskflow_api.py
[2022-10-19T16:10:37.608+0000] {processor.py:768} INFO - DAG(s) dict_keys(['tutorial_taskflow_api']) retrieved from /home/airflow/.local/lib/python3.7/site-packages/airflow/example_dags/tutorial_taskflow_api.py
[2022-10-19T16:10:37.642+0000] {logging_mixin.py:117} INFO - [2022-10-19T16:10:37.642+0000] {dag.py:2573} INFO - Sync 1 DAGs
[2022-10-19T16:10:37.662+0000] {logging_mixin.py:117} INFO - [2022-10-19T16:10:37.662+0000] {dag.py:3328} INFO - Setting next_dagrun for tutorial_taskflow_api to None, run_after=None
[2022-10-19T16:10:37.676+0000] {processor.py:178} INFO - Processing /home/airflow/.local/lib/python3.7/site-packages/airflow/example_dags/tutorial_taskflow_api.py took 0.094 seconds
[2022-10-19T16:11:08.535+0000] {processor.py:156} INFO - Started process (PID=1589) to work on /home/airflow/.local/lib/python3.7/site-packages/airflow/example_dags/tutorial_taskflow_api.py
[2022-10-19T16:11:08.538+0000] {processor.py:758} INFO - Processing file /home/airflow/.local/lib/python3.7/site-packages/airflow/example_dags/tutorial_taskflow_api.py for tasks to queue
[2022-10-19T16:11:08.541+0000] {logging_mixin.py:117} INFO - [2022-10-19T16:11:08.540+0000] {dagbag.py:525} INFO - Filling up the DagBag from /home/airflow/.local/lib/python3.7/site-packages/airflow/example_dags/tutorial_taskflow_api.py
[2022-10-19T16:11:08.563+0000] {processor.py:768} INFO - DAG(s) dict_keys(['tutorial_taskflow_api']) retrieved from /home/airflow/.local/lib/python3.7/site-packages/airflow/example_dags/tutorial_taskflow_api.py
[2022-10-19T16:11:08.601+0000] {logging_mixin.py:117} INFO - [2022-10-19T16:11:08.601+0000] {dag.py:2573} INFO - Sync 1 DAGs
[2022-10-19T16:11:08.620+0000] {logging_mixin.py:117} INFO - [2022-10-19T16:11:08.620+0000] {dag.py:3328} INFO - Setting next_dagrun for tutorial_taskflow_api to None, run_after=None
[2022-10-19T16:11:08.634+0000] {processor.py:178} INFO - Processing /home/airflow/.local/lib/python3.7/site-packages/airflow/example_dags/tutorial_taskflow_api.py took 0.106 seconds
[2022-10-19T16:11:39.092+0000] {processor.py:156} INFO - Started process (PID=1654) to work on /home/airflow/.local/lib/python3.7/site-packages/airflow/example_dags/tutorial_taskflow_api.py
[2022-10-19T16:11:39.094+0000] {processor.py:758} INFO - Processing file /home/airflow/.local/lib/python3.7/site-packages/airflow/example_dags/tutorial_taskflow_api.py for tasks to queue
[2022-10-19T16:11:39.095+0000] {logging_mixin.py:117} INFO - [2022-10-19T16:11:39.095+0000] {dagbag.py:525} INFO - Filling up the DagBag from /home/airflow/.local/lib/python3.7/site-packages/airflow/example_dags/tutorial_taskflow_api.py
[2022-10-19T16:11:39.113+0000] {processor.py:768} INFO - DAG(s) dict_keys(['tutorial_taskflow_api']) retrieved from /home/airflow/.local/lib/python3.7/site-packages/airflow/example_dags/tutorial_taskflow_api.py
[2022-10-19T16:11:39.152+0000] {logging_mixin.py:117} INFO - [2022-10-19T16:11:39.152+0000] {dag.py:2573} INFO - Sync 1 DAGs
[2022-10-19T16:11:39.172+0000] {logging_mixin.py:117} INFO - [2022-10-19T16:11:39.172+0000] {dag.py:3328} INFO - Setting next_dagrun for tutorial_taskflow_api to None, run_after=None
[2022-10-19T16:11:39.191+0000] {processor.py:178} INFO - Processing /home/airflow/.local/lib/python3.7/site-packages/airflow/example_dags/tutorial_taskflow_api.py took 0.101 seconds
[2022-10-19T16:12:10.196+0000] {processor.py:156} INFO - Started process (PID=1711) to work on /home/airflow/.local/lib/python3.7/site-packages/airflow/example_dags/tutorial_taskflow_api.py
[2022-10-19T16:12:10.198+0000] {processor.py:758} INFO - Processing file /home/airflow/.local/lib/python3.7/site-packages/airflow/example_dags/tutorial_taskflow_api.py for tasks to queue
[2022-10-19T16:12:10.200+0000] {logging_mixin.py:117} INFO - [2022-10-19T16:12:10.200+0000] {dagbag.py:525} INFO - Filling up the DagBag from /home/airflow/.local/lib/python3.7/site-packages/airflow/example_dags/tutorial_taskflow_api.py
[2022-10-19T16:12:10.218+0000] {processor.py:768} INFO - DAG(s) dict_keys(['tutorial_taskflow_api']) retrieved from /home/airflow/.local/lib/python3.7/site-packages/airflow/example_dags/tutorial_taskflow_api.py
[2022-10-19T16:12:10.248+0000] {logging_mixin.py:117} INFO - [2022-10-19T16:12:10.248+0000] {dag.py:2573} INFO - Sync 1 DAGs
[2022-10-19T16:12:10.266+0000] {logging_mixin.py:117} INFO - [2022-10-19T16:12:10.265+0000] {dag.py:3328} INFO - Setting next_dagrun for tutorial_taskflow_api to None, run_after=None
[2022-10-19T16:12:10.279+0000] {processor.py:178} INFO - Processing /home/airflow/.local/lib/python3.7/site-packages/airflow/example_dags/tutorial_taskflow_api.py took 0.085 seconds
[2022-10-19T16:12:41.042+0000] {processor.py:156} INFO - Started process (PID=1777) to work on /home/airflow/.local/lib/python3.7/site-packages/airflow/example_dags/tutorial_taskflow_api.py
[2022-10-19T16:12:41.044+0000] {processor.py:758} INFO - Processing file /home/airflow/.local/lib/python3.7/site-packages/airflow/example_dags/tutorial_taskflow_api.py for tasks to queue
[2022-10-19T16:12:41.045+0000] {logging_mixin.py:117} INFO - [2022-10-19T16:12:41.045+0000] {dagbag.py:525} INFO - Filling up the DagBag from /home/airflow/.local/lib/python3.7/site-packages/airflow/example_dags/tutorial_taskflow_api.py
[2022-10-19T16:12:41.061+0000] {processor.py:768} INFO - DAG(s) dict_keys(['tutorial_taskflow_api']) retrieved from /home/airflow/.local/lib/python3.7/site-packages/airflow/example_dags/tutorial_taskflow_api.py
[2022-10-19T16:12:41.092+0000] {logging_mixin.py:117} INFO - [2022-10-19T16:12:41.092+0000] {dag.py:2573} INFO - Sync 1 DAGs
[2022-10-19T16:12:41.106+0000] {logging_mixin.py:117} INFO - [2022-10-19T16:12:41.106+0000] {dag.py:3328} INFO - Setting next_dagrun for tutorial_taskflow_api to None, run_after=None
[2022-10-19T16:12:41.118+0000] {processor.py:178} INFO - Processing /home/airflow/.local/lib/python3.7/site-packages/airflow/example_dags/tutorial_taskflow_api.py took 0.079 seconds
[2022-10-19T16:13:11.374+0000] {processor.py:156} INFO - Started process (PID=1841) to work on /home/airflow/.local/lib/python3.7/site-packages/airflow/example_dags/tutorial_taskflow_api.py
[2022-10-19T16:13:11.378+0000] {processor.py:758} INFO - Processing file /home/airflow/.local/lib/python3.7/site-packages/airflow/example_dags/tutorial_taskflow_api.py for tasks to queue
[2022-10-19T16:13:11.380+0000] {logging_mixin.py:117} INFO - [2022-10-19T16:13:11.379+0000] {dagbag.py:525} INFO - Filling up the DagBag from /home/airflow/.local/lib/python3.7/site-packages/airflow/example_dags/tutorial_taskflow_api.py
[2022-10-19T16:13:11.399+0000] {processor.py:768} INFO - DAG(s) dict_keys(['tutorial_taskflow_api']) retrieved from /home/airflow/.local/lib/python3.7/site-packages/airflow/example_dags/tutorial_taskflow_api.py
[2022-10-19T16:13:11.430+0000] {logging_mixin.py:117} INFO - [2022-10-19T16:13:11.430+0000] {dag.py:2573} INFO - Sync 1 DAGs
[2022-10-19T16:13:11.447+0000] {logging_mixin.py:117} INFO - [2022-10-19T16:13:11.447+0000] {dag.py:3328} INFO - Setting next_dagrun for tutorial_taskflow_api to None, run_after=None
[2022-10-19T16:13:11.460+0000] {processor.py:178} INFO - Processing /home/airflow/.local/lib/python3.7/site-packages/airflow/example_dags/tutorial_taskflow_api.py took 0.090 seconds
[2022-10-19T16:13:41.774+0000] {processor.py:156} INFO - Started process (PID=1906) to work on /home/airflow/.local/lib/python3.7/site-packages/airflow/example_dags/tutorial_taskflow_api.py
[2022-10-19T16:13:41.776+0000] {processor.py:758} INFO - Processing file /home/airflow/.local/lib/python3.7/site-packages/airflow/example_dags/tutorial_taskflow_api.py for tasks to queue
[2022-10-19T16:13:41.777+0000] {logging_mixin.py:117} INFO - [2022-10-19T16:13:41.777+0000] {dagbag.py:525} INFO - Filling up the DagBag from /home/airflow/.local/lib/python3.7/site-packages/airflow/example_dags/tutorial_taskflow_api.py
[2022-10-19T16:13:41.792+0000] {processor.py:768} INFO - DAG(s) dict_keys(['tutorial_taskflow_api']) retrieved from /home/airflow/.local/lib/python3.7/site-packages/airflow/example_dags/tutorial_taskflow_api.py
[2022-10-19T16:13:41.819+0000] {logging_mixin.py:117} INFO - [2022-10-19T16:13:41.819+0000] {dag.py:2573} INFO - Sync 1 DAGs
[2022-10-19T16:13:41.836+0000] {logging_mixin.py:117} INFO - [2022-10-19T16:13:41.836+0000] {dag.py:3328} INFO - Setting next_dagrun for tutorial_taskflow_api to None, run_after=None
[2022-10-19T16:13:41.850+0000] {processor.py:178} INFO - Processing /home/airflow/.local/lib/python3.7/site-packages/airflow/example_dags/tutorial_taskflow_api.py took 0.079 seconds
[2022-10-19T16:14:12.168+0000] {processor.py:156} INFO - Started process (PID=1972) to work on /home/airflow/.local/lib/python3.7/site-packages/airflow/example_dags/tutorial_taskflow_api.py
[2022-10-19T16:14:12.170+0000] {processor.py:758} INFO - Processing file /home/airflow/.local/lib/python3.7/site-packages/airflow/example_dags/tutorial_taskflow_api.py for tasks to queue
[2022-10-19T16:14:12.171+0000] {logging_mixin.py:117} INFO - [2022-10-19T16:14:12.171+0000] {dagbag.py:525} INFO - Filling up the DagBag from /home/airflow/.local/lib/python3.7/site-packages/airflow/example_dags/tutorial_taskflow_api.py
[2022-10-19T16:14:12.187+0000] {processor.py:768} INFO - DAG(s) dict_keys(['tutorial_taskflow_api']) retrieved from /home/airflow/.local/lib/python3.7/site-packages/airflow/example_dags/tutorial_taskflow_api.py
[2022-10-19T16:14:12.219+0000] {logging_mixin.py:117} INFO - [2022-10-19T16:14:12.219+0000] {dag.py:2573} INFO - Sync 1 DAGs
[2022-10-19T16:14:12.239+0000] {logging_mixin.py:117} INFO - [2022-10-19T16:14:12.239+0000] {dag.py:3328} INFO - Setting next_dagrun for tutorial_taskflow_api to None, run_after=None
[2022-10-19T16:14:12.269+0000] {processor.py:178} INFO - Processing /home/airflow/.local/lib/python3.7/site-packages/airflow/example_dags/tutorial_taskflow_api.py took 0.104 seconds
[2022-10-19T16:14:42.449+0000] {processor.py:156} INFO - Started process (PID=2028) to work on /home/airflow/.local/lib/python3.7/site-packages/airflow/example_dags/tutorial_taskflow_api.py
[2022-10-19T16:14:42.451+0000] {processor.py:758} INFO - Processing file /home/airflow/.local/lib/python3.7/site-packages/airflow/example_dags/tutorial_taskflow_api.py for tasks to queue
[2022-10-19T16:14:42.453+0000] {logging_mixin.py:117} INFO - [2022-10-19T16:14:42.452+0000] {dagbag.py:525} INFO - Filling up the DagBag from /home/airflow/.local/lib/python3.7/site-packages/airflow/example_dags/tutorial_taskflow_api.py
[2022-10-19T16:14:42.471+0000] {processor.py:768} INFO - DAG(s) dict_keys(['tutorial_taskflow_api']) retrieved from /home/airflow/.local/lib/python3.7/site-packages/airflow/example_dags/tutorial_taskflow_api.py
[2022-10-19T16:14:42.496+0000] {logging_mixin.py:117} INFO - [2022-10-19T16:14:42.496+0000] {dag.py:2573} INFO - Sync 1 DAGs
[2022-10-19T16:14:42.510+0000] {logging_mixin.py:117} INFO - [2022-10-19T16:14:42.510+0000] {dag.py:3328} INFO - Setting next_dagrun for tutorial_taskflow_api to None, run_after=None
[2022-10-19T16:14:42.520+0000] {processor.py:178} INFO - Processing /home/airflow/.local/lib/python3.7/site-packages/airflow/example_dags/tutorial_taskflow_api.py took 0.074 seconds
[2022-10-19T16:15:14.000+0000] {processor.py:156} INFO - Started process (PID=2096) to work on /home/airflow/.local/lib/python3.7/site-packages/airflow/example_dags/tutorial_taskflow_api.py
[2022-10-19T16:15:14.003+0000] {processor.py:758} INFO - Processing file /home/airflow/.local/lib/python3.7/site-packages/airflow/example_dags/tutorial_taskflow_api.py for tasks to queue
[2022-10-19T16:15:14.005+0000] {logging_mixin.py:117} INFO - [2022-10-19T16:15:14.004+0000] {dagbag.py:525} INFO - Filling up the DagBag from /home/airflow/.local/lib/python3.7/site-packages/airflow/example_dags/tutorial_taskflow_api.py
[2022-10-19T16:15:14.023+0000] {processor.py:768} INFO - DAG(s) dict_keys(['tutorial_taskflow_api']) retrieved from /home/airflow/.local/lib/python3.7/site-packages/airflow/example_dags/tutorial_taskflow_api.py
[2022-10-19T16:15:14.060+0000] {logging_mixin.py:117} INFO - [2022-10-19T16:15:14.059+0000] {dag.py:2573} INFO - Sync 1 DAGs
[2022-10-19T16:15:14.079+0000] {logging_mixin.py:117} INFO - [2022-10-19T16:15:14.079+0000] {dag.py:3328} INFO - Setting next_dagrun for tutorial_taskflow_api to None, run_after=None
[2022-10-19T16:15:14.095+0000] {processor.py:178} INFO - Processing /home/airflow/.local/lib/python3.7/site-packages/airflow/example_dags/tutorial_taskflow_api.py took 0.097 seconds
[2022-10-19T16:15:44.166+0000] {processor.py:156} INFO - Started process (PID=2162) to work on /home/airflow/.local/lib/python3.7/site-packages/airflow/example_dags/tutorial_taskflow_api.py
[2022-10-19T16:15:44.168+0000] {processor.py:758} INFO - Processing file /home/airflow/.local/lib/python3.7/site-packages/airflow/example_dags/tutorial_taskflow_api.py for tasks to queue
[2022-10-19T16:15:44.169+0000] {logging_mixin.py:117} INFO - [2022-10-19T16:15:44.168+0000] {dagbag.py:525} INFO - Filling up the DagBag from /home/airflow/.local/lib/python3.7/site-packages/airflow/example_dags/tutorial_taskflow_api.py
[2022-10-19T16:15:44.185+0000] {processor.py:768} INFO - DAG(s) dict_keys(['tutorial_taskflow_api']) retrieved from /home/airflow/.local/lib/python3.7/site-packages/airflow/example_dags/tutorial_taskflow_api.py
[2022-10-19T16:15:44.214+0000] {logging_mixin.py:117} INFO - [2022-10-19T16:15:44.214+0000] {dag.py:2573} INFO - Sync 1 DAGs
[2022-10-19T16:15:44.229+0000] {logging_mixin.py:117} INFO - [2022-10-19T16:15:44.229+0000] {dag.py:3328} INFO - Setting next_dagrun for tutorial_taskflow_api to None, run_after=None
[2022-10-19T16:15:44.248+0000] {processor.py:178} INFO - Processing /home/airflow/.local/lib/python3.7/site-packages/airflow/example_dags/tutorial_taskflow_api.py took 0.084 seconds
[2022-10-19T16:16:15.159+0000] {processor.py:156} INFO - Started process (PID=2226) to work on /home/airflow/.local/lib/python3.7/site-packages/airflow/example_dags/tutorial_taskflow_api.py
[2022-10-19T16:16:15.160+0000] {processor.py:758} INFO - Processing file /home/airflow/.local/lib/python3.7/site-packages/airflow/example_dags/tutorial_taskflow_api.py for tasks to queue
[2022-10-19T16:16:15.162+0000] {logging_mixin.py:117} INFO - [2022-10-19T16:16:15.162+0000] {dagbag.py:525} INFO - Filling up the DagBag from /home/airflow/.local/lib/python3.7/site-packages/airflow/example_dags/tutorial_taskflow_api.py
[2022-10-19T16:16:15.180+0000] {processor.py:768} INFO - DAG(s) dict_keys(['tutorial_taskflow_api']) retrieved from /home/airflow/.local/lib/python3.7/site-packages/airflow/example_dags/tutorial_taskflow_api.py
[2022-10-19T16:16:15.208+0000] {logging_mixin.py:117} INFO - [2022-10-19T16:16:15.208+0000] {dag.py:2573} INFO - Sync 1 DAGs
[2022-10-19T16:16:15.225+0000] {logging_mixin.py:117} INFO - [2022-10-19T16:16:15.225+0000] {dag.py:3328} INFO - Setting next_dagrun for tutorial_taskflow_api to None, run_after=None
[2022-10-19T16:16:15.239+0000] {processor.py:178} INFO - Processing /home/airflow/.local/lib/python3.7/site-packages/airflow/example_dags/tutorial_taskflow_api.py took 0.083 seconds
[2022-10-19T16:16:46.081+0000] {processor.py:156} INFO - Started process (PID=2292) to work on /home/airflow/.local/lib/python3.7/site-packages/airflow/example_dags/tutorial_taskflow_api.py
[2022-10-19T16:16:46.083+0000] {processor.py:758} INFO - Processing file /home/airflow/.local/lib/python3.7/site-packages/airflow/example_dags/tutorial_taskflow_api.py for tasks to queue
[2022-10-19T16:16:46.084+0000] {logging_mixin.py:117} INFO - [2022-10-19T16:16:46.084+0000] {dagbag.py:525} INFO - Filling up the DagBag from /home/airflow/.local/lib/python3.7/site-packages/airflow/example_dags/tutorial_taskflow_api.py
[2022-10-19T16:16:46.097+0000] {processor.py:768} INFO - DAG(s) dict_keys(['tutorial_taskflow_api']) retrieved from /home/airflow/.local/lib/python3.7/site-packages/airflow/example_dags/tutorial_taskflow_api.py
[2022-10-19T16:16:46.129+0000] {logging_mixin.py:117} INFO - [2022-10-19T16:16:46.129+0000] {dag.py:2573} INFO - Sync 1 DAGs
[2022-10-19T16:16:46.145+0000] {logging_mixin.py:117} INFO - [2022-10-19T16:16:46.145+0000] {dag.py:3328} INFO - Setting next_dagrun for tutorial_taskflow_api to None, run_after=None
[2022-10-19T16:16:46.157+0000] {processor.py:178} INFO - Processing /home/airflow/.local/lib/python3.7/site-packages/airflow/example_dags/tutorial_taskflow_api.py took 0.078 seconds
[2022-10-19T16:17:16.836+0000] {processor.py:156} INFO - Started process (PID=2348) to work on /home/airflow/.local/lib/python3.7/site-packages/airflow/example_dags/tutorial_taskflow_api.py
[2022-10-19T16:17:16.839+0000] {processor.py:758} INFO - Processing file /home/airflow/.local/lib/python3.7/site-packages/airflow/example_dags/tutorial_taskflow_api.py for tasks to queue
[2022-10-19T16:17:16.840+0000] {logging_mixin.py:117} INFO - [2022-10-19T16:17:16.839+0000] {dagbag.py:525} INFO - Filling up the DagBag from /home/airflow/.local/lib/python3.7/site-packages/airflow/example_dags/tutorial_taskflow_api.py
[2022-10-19T16:17:16.858+0000] {processor.py:768} INFO - DAG(s) dict_keys(['tutorial_taskflow_api']) retrieved from /home/airflow/.local/lib/python3.7/site-packages/airflow/example_dags/tutorial_taskflow_api.py
[2022-10-19T16:17:16.892+0000] {logging_mixin.py:117} INFO - [2022-10-19T16:17:16.892+0000] {dag.py:2573} INFO - Sync 1 DAGs
[2022-10-19T16:17:16.907+0000] {logging_mixin.py:117} INFO - [2022-10-19T16:17:16.907+0000] {dag.py:3328} INFO - Setting next_dagrun for tutorial_taskflow_api to None, run_after=None
[2022-10-19T16:17:16.919+0000] {processor.py:178} INFO - Processing /home/airflow/.local/lib/python3.7/site-packages/airflow/example_dags/tutorial_taskflow_api.py took 0.085 seconds
[2022-10-19T16:17:47.675+0000] {processor.py:156} INFO - Started process (PID=2414) to work on /home/airflow/.local/lib/python3.7/site-packages/airflow/example_dags/tutorial_taskflow_api.py
[2022-10-19T16:17:47.676+0000] {processor.py:758} INFO - Processing file /home/airflow/.local/lib/python3.7/site-packages/airflow/example_dags/tutorial_taskflow_api.py for tasks to queue
[2022-10-19T16:17:47.678+0000] {logging_mixin.py:117} INFO - [2022-10-19T16:17:47.678+0000] {dagbag.py:525} INFO - Filling up the DagBag from /home/airflow/.local/lib/python3.7/site-packages/airflow/example_dags/tutorial_taskflow_api.py
[2022-10-19T16:17:47.693+0000] {processor.py:768} INFO - DAG(s) dict_keys(['tutorial_taskflow_api']) retrieved from /home/airflow/.local/lib/python3.7/site-packages/airflow/example_dags/tutorial_taskflow_api.py
[2022-10-19T16:17:47.723+0000] {logging_mixin.py:117} INFO - [2022-10-19T16:17:47.723+0000] {dag.py:2573} INFO - Sync 1 DAGs
[2022-10-19T16:17:47.746+0000] {logging_mixin.py:117} INFO - [2022-10-19T16:17:47.746+0000] {dag.py:3328} INFO - Setting next_dagrun for tutorial_taskflow_api to None, run_after=None
[2022-10-19T16:17:47.762+0000] {processor.py:178} INFO - Processing /home/airflow/.local/lib/python3.7/site-packages/airflow/example_dags/tutorial_taskflow_api.py took 0.089 seconds
[2022-10-19T16:18:18.494+0000] {processor.py:156} INFO - Started process (PID=2479) to work on /home/airflow/.local/lib/python3.7/site-packages/airflow/example_dags/tutorial_taskflow_api.py
[2022-10-19T16:18:18.496+0000] {processor.py:758} INFO - Processing file /home/airflow/.local/lib/python3.7/site-packages/airflow/example_dags/tutorial_taskflow_api.py for tasks to queue
[2022-10-19T16:18:18.497+0000] {logging_mixin.py:117} INFO - [2022-10-19T16:18:18.497+0000] {dagbag.py:525} INFO - Filling up the DagBag from /home/airflow/.local/lib/python3.7/site-packages/airflow/example_dags/tutorial_taskflow_api.py
[2022-10-19T16:18:18.511+0000] {processor.py:768} INFO - DAG(s) dict_keys(['tutorial_taskflow_api']) retrieved from /home/airflow/.local/lib/python3.7/site-packages/airflow/example_dags/tutorial_taskflow_api.py
[2022-10-19T16:18:18.535+0000] {logging_mixin.py:117} INFO - [2022-10-19T16:18:18.535+0000] {dag.py:2573} INFO - Sync 1 DAGs
[2022-10-19T16:18:18.551+0000] {logging_mixin.py:117} INFO - [2022-10-19T16:18:18.551+0000] {dag.py:3328} INFO - Setting next_dagrun for tutorial_taskflow_api to None, run_after=None
[2022-10-19T16:18:18.572+0000] {processor.py:178} INFO - Processing /home/airflow/.local/lib/python3.7/site-packages/airflow/example_dags/tutorial_taskflow_api.py took 0.080 seconds
[2022-10-19T16:18:49.585+0000] {processor.py:156} INFO - Started process (PID=2545) to work on /home/airflow/.local/lib/python3.7/site-packages/airflow/example_dags/tutorial_taskflow_api.py
[2022-10-19T16:18:49.586+0000] {processor.py:758} INFO - Processing file /home/airflow/.local/lib/python3.7/site-packages/airflow/example_dags/tutorial_taskflow_api.py for tasks to queue
[2022-10-19T16:18:49.588+0000] {logging_mixin.py:117} INFO - [2022-10-19T16:18:49.588+0000] {dagbag.py:525} INFO - Filling up the DagBag from /home/airflow/.local/lib/python3.7/site-packages/airflow/example_dags/tutorial_taskflow_api.py
[2022-10-19T16:18:49.604+0000] {processor.py:768} INFO - DAG(s) dict_keys(['tutorial_taskflow_api']) retrieved from /home/airflow/.local/lib/python3.7/site-packages/airflow/example_dags/tutorial_taskflow_api.py
[2022-10-19T16:18:49.632+0000] {logging_mixin.py:117} INFO - [2022-10-19T16:18:49.632+0000] {dag.py:2573} INFO - Sync 1 DAGs
[2022-10-19T16:18:49.646+0000] {logging_mixin.py:117} INFO - [2022-10-19T16:18:49.646+0000] {dag.py:3328} INFO - Setting next_dagrun for tutorial_taskflow_api to None, run_after=None
[2022-10-19T16:18:49.658+0000] {processor.py:178} INFO - Processing /home/airflow/.local/lib/python3.7/site-packages/airflow/example_dags/tutorial_taskflow_api.py took 0.075 seconds
[2022-10-19T16:19:20.628+0000] {processor.py:156} INFO - Started process (PID=2610) to work on /home/airflow/.local/lib/python3.7/site-packages/airflow/example_dags/tutorial_taskflow_api.py
[2022-10-19T16:19:20.660+0000] {processor.py:758} INFO - Processing file /home/airflow/.local/lib/python3.7/site-packages/airflow/example_dags/tutorial_taskflow_api.py for tasks to queue
[2022-10-19T16:19:20.661+0000] {logging_mixin.py:117} INFO - [2022-10-19T16:19:20.661+0000] {dagbag.py:525} INFO - Filling up the DagBag from /home/airflow/.local/lib/python3.7/site-packages/airflow/example_dags/tutorial_taskflow_api.py
[2022-10-19T16:19:20.676+0000] {processor.py:768} INFO - DAG(s) dict_keys(['tutorial_taskflow_api']) retrieved from /home/airflow/.local/lib/python3.7/site-packages/airflow/example_dags/tutorial_taskflow_api.py
[2022-10-19T16:19:20.703+0000] {logging_mixin.py:117} INFO - [2022-10-19T16:19:20.703+0000] {dag.py:2573} INFO - Sync 1 DAGs
[2022-10-19T16:19:20.719+0000] {logging_mixin.py:117} INFO - [2022-10-19T16:19:20.719+0000] {dag.py:3328} INFO - Setting next_dagrun for tutorial_taskflow_api to None, run_after=None
[2022-10-19T16:19:20.730+0000] {processor.py:178} INFO - Processing /home/airflow/.local/lib/python3.7/site-packages/airflow/example_dags/tutorial_taskflow_api.py took 0.104 seconds
[2022-10-19T16:20:06.604+0000] {processor.py:156} INFO - Started process (PID=2675) to work on /home/airflow/.local/lib/python3.7/site-packages/airflow/example_dags/tutorial_taskflow_api.py
[2022-10-19T16:20:06.616+0000] {processor.py:758} INFO - Processing file /home/airflow/.local/lib/python3.7/site-packages/airflow/example_dags/tutorial_taskflow_api.py for tasks to queue
[2022-10-19T16:20:06.619+0000] {logging_mixin.py:117} INFO - [2022-10-19T16:20:06.619+0000] {dagbag.py:525} INFO - Filling up the DagBag from /home/airflow/.local/lib/python3.7/site-packages/airflow/example_dags/tutorial_taskflow_api.py
[2022-10-19T16:20:06.652+0000] {processor.py:768} INFO - DAG(s) dict_keys(['tutorial_taskflow_api']) retrieved from /home/airflow/.local/lib/python3.7/site-packages/airflow/example_dags/tutorial_taskflow_api.py
[2022-10-19T16:20:06.756+0000] {logging_mixin.py:117} INFO - [2022-10-19T16:20:06.756+0000] {dag.py:2573} INFO - Sync 1 DAGs
[2022-10-19T16:20:06.779+0000] {logging_mixin.py:117} INFO - [2022-10-19T16:20:06.779+0000] {dag.py:3328} INFO - Setting next_dagrun for tutorial_taskflow_api to None, run_after=None
[2022-10-19T16:20:06.799+0000] {processor.py:178} INFO - Processing /home/airflow/.local/lib/python3.7/site-packages/airflow/example_dags/tutorial_taskflow_api.py took 0.200 seconds
[2022-10-19T16:21:20.201+0000] {processor.py:156} INFO - Started process (PID=2762) to work on /home/airflow/.local/lib/python3.7/site-packages/airflow/example_dags/tutorial_taskflow_api.py
[2022-10-19T16:21:20.209+0000] {processor.py:758} INFO - Processing file /home/airflow/.local/lib/python3.7/site-packages/airflow/example_dags/tutorial_taskflow_api.py for tasks to queue
[2022-10-19T16:21:20.212+0000] {logging_mixin.py:117} INFO - [2022-10-19T16:21:20.211+0000] {dagbag.py:525} INFO - Filling up the DagBag from /home/airflow/.local/lib/python3.7/site-packages/airflow/example_dags/tutorial_taskflow_api.py
[2022-10-19T16:21:20.273+0000] {processor.py:768} INFO - DAG(s) dict_keys(['tutorial_taskflow_api']) retrieved from /home/airflow/.local/lib/python3.7/site-packages/airflow/example_dags/tutorial_taskflow_api.py
[2022-10-19T16:21:20.329+0000] {logging_mixin.py:117} INFO - [2022-10-19T16:21:20.329+0000] {dag.py:2573} INFO - Sync 1 DAGs
[2022-10-19T16:21:20.356+0000] {logging_mixin.py:117} INFO - [2022-10-19T16:21:20.356+0000] {dag.py:3328} INFO - Setting next_dagrun for tutorial_taskflow_api to None, run_after=None
[2022-10-19T16:21:20.390+0000] {processor.py:178} INFO - Processing /home/airflow/.local/lib/python3.7/site-packages/airflow/example_dags/tutorial_taskflow_api.py took 0.193 seconds
[2022-10-19T16:22:23.810+0000] {processor.py:156} INFO - Started process (PID=2837) to work on /home/airflow/.local/lib/python3.7/site-packages/airflow/example_dags/tutorial_taskflow_api.py
[2022-10-19T16:22:23.828+0000] {processor.py:758} INFO - Processing file /home/airflow/.local/lib/python3.7/site-packages/airflow/example_dags/tutorial_taskflow_api.py for tasks to queue
[2022-10-19T16:22:23.841+0000] {logging_mixin.py:117} INFO - [2022-10-19T16:22:23.840+0000] {dagbag.py:525} INFO - Filling up the DagBag from /home/airflow/.local/lib/python3.7/site-packages/airflow/example_dags/tutorial_taskflow_api.py
[2022-10-19T16:22:24.223+0000] {processor.py:768} INFO - DAG(s) dict_keys(['tutorial_taskflow_api']) retrieved from /home/airflow/.local/lib/python3.7/site-packages/airflow/example_dags/tutorial_taskflow_api.py
[2022-10-19T16:22:24.890+0000] {logging_mixin.py:117} INFO - [2022-10-19T16:22:24.889+0000] {dag.py:2573} INFO - Sync 1 DAGs
[2022-10-19T16:22:25.149+0000] {logging_mixin.py:117} INFO - [2022-10-19T16:22:25.148+0000] {dag.py:3328} INFO - Setting next_dagrun for tutorial_taskflow_api to None, run_after=None
[2022-10-19T16:22:25.491+0000] {processor.py:178} INFO - Processing /home/airflow/.local/lib/python3.7/site-packages/airflow/example_dags/tutorial_taskflow_api.py took 1.730 seconds
[2022-10-19T16:23:24.717+0000] {processor.py:156} INFO - Started process (PID=2902) to work on /home/airflow/.local/lib/python3.7/site-packages/airflow/example_dags/tutorial_taskflow_api.py
[2022-10-19T16:23:24.770+0000] {processor.py:758} INFO - Processing file /home/airflow/.local/lib/python3.7/site-packages/airflow/example_dags/tutorial_taskflow_api.py for tasks to queue
[2022-10-19T16:23:24.801+0000] {logging_mixin.py:117} INFO - [2022-10-19T16:23:24.796+0000] {dagbag.py:525} INFO - Filling up the DagBag from /home/airflow/.local/lib/python3.7/site-packages/airflow/example_dags/tutorial_taskflow_api.py
[2022-10-19T16:23:25.657+0000] {processor.py:768} INFO - DAG(s) dict_keys(['tutorial_taskflow_api']) retrieved from /home/airflow/.local/lib/python3.7/site-packages/airflow/example_dags/tutorial_taskflow_api.py
[2022-10-19T16:23:25.905+0000] {logging_mixin.py:117} INFO - [2022-10-19T16:23:25.904+0000] {dag.py:2573} INFO - Sync 1 DAGs
[2022-10-19T16:23:25.955+0000] {logging_mixin.py:117} INFO - [2022-10-19T16:23:25.954+0000] {dag.py:3328} INFO - Setting next_dagrun for tutorial_taskflow_api to None, run_after=None
[2022-10-19T16:23:26.010+0000] {processor.py:178} INFO - Processing /home/airflow/.local/lib/python3.7/site-packages/airflow/example_dags/tutorial_taskflow_api.py took 3.363 seconds
[2022-10-19T16:24:04.171+0000] {processor.py:156} INFO - Started process (PID=2960) to work on /home/airflow/.local/lib/python3.7/site-packages/airflow/example_dags/tutorial_taskflow_api.py
[2022-10-19T16:24:04.174+0000] {processor.py:758} INFO - Processing file /home/airflow/.local/lib/python3.7/site-packages/airflow/example_dags/tutorial_taskflow_api.py for tasks to queue
[2022-10-19T16:24:04.176+0000] {logging_mixin.py:117} INFO - [2022-10-19T16:24:04.176+0000] {dagbag.py:525} INFO - Filling up the DagBag from /home/airflow/.local/lib/python3.7/site-packages/airflow/example_dags/tutorial_taskflow_api.py
[2022-10-19T16:24:04.218+0000] {processor.py:768} INFO - DAG(s) dict_keys(['tutorial_taskflow_api']) retrieved from /home/airflow/.local/lib/python3.7/site-packages/airflow/example_dags/tutorial_taskflow_api.py
[2022-10-19T16:24:04.875+0000] {logging_mixin.py:117} INFO - [2022-10-19T16:24:04.874+0000] {dag.py:2573} INFO - Sync 1 DAGs
[2022-10-19T16:24:04.950+0000] {logging_mixin.py:117} INFO - [2022-10-19T16:24:04.950+0000] {dag.py:3328} INFO - Setting next_dagrun for tutorial_taskflow_api to None, run_after=None
[2022-10-19T16:24:05.032+0000] {processor.py:178} INFO - Processing /home/airflow/.local/lib/python3.7/site-packages/airflow/example_dags/tutorial_taskflow_api.py took 0.867 seconds
[2022-10-19T16:24:41.056+0000] {processor.py:156} INFO - Started process (PID=3015) to work on /home/airflow/.local/lib/python3.7/site-packages/airflow/example_dags/tutorial_taskflow_api.py
[2022-10-19T16:24:41.059+0000] {processor.py:758} INFO - Processing file /home/airflow/.local/lib/python3.7/site-packages/airflow/example_dags/tutorial_taskflow_api.py for tasks to queue
[2022-10-19T16:24:41.063+0000] {logging_mixin.py:117} INFO - [2022-10-19T16:24:41.063+0000] {dagbag.py:525} INFO - Filling up the DagBag from /home/airflow/.local/lib/python3.7/site-packages/airflow/example_dags/tutorial_taskflow_api.py
[2022-10-19T16:24:41.096+0000] {processor.py:768} INFO - DAG(s) dict_keys(['tutorial_taskflow_api']) retrieved from /home/airflow/.local/lib/python3.7/site-packages/airflow/example_dags/tutorial_taskflow_api.py
[2022-10-19T16:24:41.151+0000] {logging_mixin.py:117} INFO - [2022-10-19T16:24:41.151+0000] {dag.py:2573} INFO - Sync 1 DAGs
[2022-10-19T16:24:41.176+0000] {logging_mixin.py:117} INFO - [2022-10-19T16:24:41.176+0000] {dag.py:3328} INFO - Setting next_dagrun for tutorial_taskflow_api to None, run_after=None
[2022-10-19T16:24:41.193+0000] {processor.py:178} INFO - Processing /home/airflow/.local/lib/python3.7/site-packages/airflow/example_dags/tutorial_taskflow_api.py took 0.143 seconds
