[2022-10-18T10:19:48.369+0000] {taskinstance.py:1165} INFO - Dependencies all met for <TaskInstance: spark-configer.task_2 manual__2022-10-18T10:19:41.121582+00:00 [queued]>
[2022-10-18T10:19:48.441+0000] {taskinstance.py:1165} INFO - Dependencies all met for <TaskInstance: spark-configer.task_2 manual__2022-10-18T10:19:41.121582+00:00 [queued]>
[2022-10-18T10:19:48.445+0000] {taskinstance.py:1362} INFO - 
--------------------------------------------------------------------------------
[2022-10-18T10:19:48.454+0000] {taskinstance.py:1363} INFO - Starting attempt 1 of 1
[2022-10-18T10:19:48.457+0000] {taskinstance.py:1364} INFO - 
--------------------------------------------------------------------------------
[2022-10-18T10:19:48.618+0000] {taskinstance.py:1383} INFO - Executing <Task(BashOperator): task_2> on 2022-10-18 10:19:41.121582+00:00
[2022-10-18T10:19:48.737+0000] {standard_task_runner.py:54} INFO - Started process 1658 to run task
[2022-10-18T10:19:48.852+0000] {standard_task_runner.py:82} INFO - Running: ['***', 'tasks', 'run', 'spark-configer', 'task_2', 'manual__2022-10-18T10:19:41.121582+00:00', '--job-id', '91', '--raw', '--subdir', 'DAGS_FOLDER/dags.py', '--cfg-path', '/tmp/tmp1xm8hq36']
[2022-10-18T10:19:48.865+0000] {standard_task_runner.py:83} INFO - Job 91: Subtask task_2
[2022-10-18T10:19:48.902+0000] {dagbag.py:525} INFO - Filling up the DagBag from /opt/***/dags/dags.py
[2022-10-18T10:19:49.513+0000] {taskmixin.py:205} WARNING - Dependency <Task(_PythonVirtualenvDecoratedOperator): extract>, transform already registered for DAG: tutorial_taskflow_api_virtualenv
[2022-10-18T10:19:49.531+0000] {taskmixin.py:205} WARNING - Dependency <Task(_PythonDecoratedOperator): transform>, extract already registered for DAG: tutorial_taskflow_api_virtualenv
[2022-10-18T10:19:49.534+0000] {taskmixin.py:205} WARNING - Dependency <Task(_PythonVirtualenvDecoratedOperator): extract>, transform already registered for DAG: tutorial_taskflow_api_virtualenv
[2022-10-18T10:19:49.537+0000] {taskmixin.py:205} WARNING - Dependency <Task(_PythonDecoratedOperator): transform>, extract already registered for DAG: tutorial_taskflow_api_virtualenv
[2022-10-18T10:19:49.538+0000] {taskmixin.py:205} WARNING - Dependency <Task(_PythonVirtualenvDecoratedOperator): extract>, transform already registered for DAG: tutorial_taskflow_api_virtualenv
[2022-10-18T10:19:49.542+0000] {taskmixin.py:205} WARNING - Dependency <Task(_PythonDecoratedOperator): transform>, extract already registered for DAG: tutorial_taskflow_api_virtualenv
[2022-10-18T10:19:49.544+0000] {taskmixin.py:205} WARNING - Dependency <Task(_PythonVirtualenvDecoratedOperator): extract>, transform already registered for DAG: tutorial_taskflow_api_virtualenv
[2022-10-18T10:19:49.546+0000] {taskmixin.py:205} WARNING - Dependency <Task(_PythonDecoratedOperator): transform>, extract already registered for DAG: tutorial_taskflow_api_virtualenv
[2022-10-18T10:19:49.548+0000] {taskmixin.py:205} WARNING - Dependency <Task(_PythonVirtualenvDecoratedOperator): extract>, transform already registered for DAG: tutorial_taskflow_api_virtualenv
[2022-10-18T10:19:49.554+0000] {taskmixin.py:205} WARNING - Dependency <Task(_PythonDecoratedOperator): transform>, extract already registered for DAG: tutorial_taskflow_api_virtualenv
[2022-10-18T10:19:49.560+0000] {taskmixin.py:205} WARNING - Dependency <Task(_PythonVirtualenvDecoratedOperator): extract>, transform already registered for DAG: tutorial_taskflow_api_virtualenv
[2022-10-18T10:19:49.561+0000] {taskmixin.py:205} WARNING - Dependency <Task(_PythonDecoratedOperator): transform>, extract already registered for DAG: tutorial_taskflow_api_virtualenv
[2022-10-18T10:19:49.566+0000] {taskmixin.py:205} WARNING - Dependency <Task(_PythonDecoratedOperator): transform>, load already registered for DAG: tutorial_taskflow_api_virtualenv
[2022-10-18T10:19:49.583+0000] {taskmixin.py:205} WARNING - Dependency <Task(_PythonDecoratedOperator): load>, transform already registered for DAG: tutorial_taskflow_api_virtualenv
[2022-10-18T10:19:49.585+0000] {taskmixin.py:205} WARNING - Dependency <Task(_PythonDecoratedOperator): transform>, load already registered for DAG: tutorial_taskflow_api_virtualenv
[2022-10-18T10:19:49.591+0000] {taskmixin.py:205} WARNING - Dependency <Task(_PythonDecoratedOperator): load>, transform already registered for DAG: tutorial_taskflow_api_virtualenv
[2022-10-18T10:19:49.593+0000] {taskmixin.py:205} WARNING - Dependency <Task(_PythonDecoratedOperator): transform>, load already registered for DAG: tutorial_taskflow_api_virtualenv
[2022-10-18T10:19:49.596+0000] {taskmixin.py:205} WARNING - Dependency <Task(_PythonDecoratedOperator): load>, transform already registered for DAG: tutorial_taskflow_api_virtualenv
[2022-10-18T10:19:49.597+0000] {taskmixin.py:205} WARNING - Dependency <Task(_PythonDecoratedOperator): transform>, load already registered for DAG: tutorial_taskflow_api_virtualenv
[2022-10-18T10:19:49.598+0000] {taskmixin.py:205} WARNING - Dependency <Task(_PythonDecoratedOperator): load>, transform already registered for DAG: tutorial_taskflow_api_virtualenv
[2022-10-18T10:19:49.603+0000] {taskmixin.py:205} WARNING - Dependency <Task(_PythonDecoratedOperator): transform>, load already registered for DAG: tutorial_taskflow_api_virtualenv
[2022-10-18T10:19:49.609+0000] {taskmixin.py:205} WARNING - Dependency <Task(_PythonDecoratedOperator): load>, transform already registered for DAG: tutorial_taskflow_api_virtualenv
[2022-10-18T10:19:49.610+0000] {taskmixin.py:205} WARNING - Dependency <Task(_PythonDecoratedOperator): transform>, load already registered for DAG: tutorial_taskflow_api_virtualenv
[2022-10-18T10:19:49.610+0000] {taskmixin.py:205} WARNING - Dependency <Task(_PythonDecoratedOperator): load>, transform already registered for DAG: tutorial_taskflow_api_virtualenv
[2022-10-18T10:19:49.625+0000] {taskmixin.py:205} WARNING - Dependency <Task(BashOperator): create_entry_group>, delete_entry_group already registered for DAG: example_complex
[2022-10-18T10:19:49.641+0000] {taskmixin.py:205} WARNING - Dependency <Task(BashOperator): delete_entry_group>, create_entry_group already registered for DAG: example_complex
[2022-10-18T10:19:49.643+0000] {taskmixin.py:205} WARNING - Dependency <Task(BashOperator): create_entry_gcs>, delete_entry already registered for DAG: example_complex
[2022-10-18T10:19:49.644+0000] {taskmixin.py:205} WARNING - Dependency <Task(BashOperator): delete_entry>, create_entry_gcs already registered for DAG: example_complex
[2022-10-18T10:19:49.645+0000] {taskmixin.py:205} WARNING - Dependency <Task(BashOperator): create_tag>, delete_tag already registered for DAG: example_complex
[2022-10-18T10:19:49.648+0000] {taskmixin.py:205} WARNING - Dependency <Task(BashOperator): delete_tag>, create_tag already registered for DAG: example_complex
[2022-10-18T10:19:49.690+0000] {taskmixin.py:205} WARNING - Dependency <Task(_PythonDecoratedOperator): print_the_context>, log_sql_query already registered for DAG: example_python_operator
[2022-10-18T10:19:49.691+0000] {taskmixin.py:205} WARNING - Dependency <Task(_PythonDecoratedOperator): log_sql_query>, print_the_context already registered for DAG: example_python_operator
[2022-10-18T10:19:49.693+0000] {taskmixin.py:205} WARNING - Dependency <Task(_PythonDecoratedOperator): print_the_context>, log_sql_query already registered for DAG: example_python_operator
[2022-10-18T10:19:49.694+0000] {taskmixin.py:205} WARNING - Dependency <Task(_PythonDecoratedOperator): log_sql_query>, print_the_context already registered for DAG: example_python_operator
[2022-10-18T10:19:49.698+0000] {taskmixin.py:205} WARNING - Dependency <Task(_PythonDecoratedOperator): print_the_context>, log_sql_query already registered for DAG: example_python_operator
[2022-10-18T10:19:49.701+0000] {taskmixin.py:205} WARNING - Dependency <Task(_PythonDecoratedOperator): log_sql_query>, print_the_context already registered for DAG: example_python_operator
[2022-10-18T10:19:49.702+0000] {taskmixin.py:205} WARNING - Dependency <Task(_PythonDecoratedOperator): print_the_context>, log_sql_query already registered for DAG: example_python_operator
[2022-10-18T10:19:49.704+0000] {taskmixin.py:205} WARNING - Dependency <Task(_PythonDecoratedOperator): log_sql_query>, print_the_context already registered for DAG: example_python_operator
[2022-10-18T10:19:50.329+0000] {taskmixin.py:205} WARNING - Dependency <Task(_PythonDecoratedOperator): task_group_function.task_1>, task_group_function.task_2 already registered for DAG: example_task_group_decorator
[2022-10-18T10:19:50.341+0000] {taskmixin.py:205} WARNING - Dependency <Task(_PythonDecoratedOperator): task_group_function.task_2>, task_group_function.task_1 already registered for DAG: example_task_group_decorator
[2022-10-18T10:19:50.346+0000] {taskmixin.py:205} WARNING - Dependency <Task(_PythonDecoratedOperator): task_group_function.task_1>, task_group_function.task_2 already registered for DAG: example_task_group_decorator
[2022-10-18T10:19:50.348+0000] {taskmixin.py:205} WARNING - Dependency <Task(_PythonDecoratedOperator): task_group_function.task_2>, task_group_function.task_1 already registered for DAG: example_task_group_decorator
[2022-10-18T10:19:50.349+0000] {taskmixin.py:205} WARNING - Dependency <Task(_PythonDecoratedOperator): task_group_function.task_1>, task_group_function.task_2 already registered for DAG: example_task_group_decorator
[2022-10-18T10:19:50.351+0000] {taskmixin.py:205} WARNING - Dependency <Task(_PythonDecoratedOperator): task_group_function.task_2>, task_group_function.task_1 already registered for DAG: example_task_group_decorator
[2022-10-18T10:19:50.360+0000] {taskmixin.py:205} WARNING - Dependency <Task(_PythonDecoratedOperator): task_group_function.task_1>, task_group_function.task_2 already registered for DAG: example_task_group_decorator
[2022-10-18T10:19:50.366+0000] {taskmixin.py:205} WARNING - Dependency <Task(_PythonDecoratedOperator): task_group_function.task_2>, task_group_function.task_1 already registered for DAG: example_task_group_decorator
[2022-10-18T10:19:50.376+0000] {taskmixin.py:205} WARNING - Dependency <Task(_PythonDecoratedOperator): task_group_function.task_1>, task_group_function.task_2 already registered for DAG: example_task_group_decorator
[2022-10-18T10:19:50.382+0000] {taskmixin.py:205} WARNING - Dependency <Task(_PythonDecoratedOperator): task_group_function.task_2>, task_group_function.task_1 already registered for DAG: example_task_group_decorator
[2022-10-18T10:19:50.396+0000] {taskmixin.py:205} WARNING - Dependency <Task(_PythonDecoratedOperator): task_group_function.task_1>, task_group_function.task_2 already registered for DAG: example_task_group_decorator
[2022-10-18T10:19:50.398+0000] {taskmixin.py:205} WARNING - Dependency <Task(_PythonDecoratedOperator): task_group_function.task_2>, task_group_function.task_1 already registered for DAG: example_task_group_decorator
[2022-10-18T10:19:50.404+0000] {taskmixin.py:205} WARNING - Dependency <Task(_PythonDecoratedOperator): task_group_function.task_2>, task_group_function.task_3 already registered for DAG: example_task_group_decorator
[2022-10-18T10:19:50.405+0000] {taskmixin.py:205} WARNING - Dependency <Task(_PythonDecoratedOperator): task_group_function.task_3>, task_group_function.task_2 already registered for DAG: example_task_group_decorator
[2022-10-18T10:19:50.406+0000] {taskmixin.py:205} WARNING - Dependency <Task(_PythonDecoratedOperator): task_group_function.task_2>, task_group_function.task_3 already registered for DAG: example_task_group_decorator
[2022-10-18T10:19:50.407+0000] {taskmixin.py:205} WARNING - Dependency <Task(_PythonDecoratedOperator): task_group_function.task_3>, task_group_function.task_2 already registered for DAG: example_task_group_decorator
[2022-10-18T10:19:50.408+0000] {taskmixin.py:205} WARNING - Dependency <Task(_PythonDecoratedOperator): task_group_function.task_2>, task_group_function.task_3 already registered for DAG: example_task_group_decorator
[2022-10-18T10:19:50.411+0000] {taskmixin.py:205} WARNING - Dependency <Task(_PythonDecoratedOperator): task_group_function.task_3>, task_group_function.task_2 already registered for DAG: example_task_group_decorator
[2022-10-18T10:19:50.414+0000] {taskmixin.py:205} WARNING - Dependency <Task(_PythonDecoratedOperator): task_group_function.task_2>, task_group_function.task_3 already registered for DAG: example_task_group_decorator
[2022-10-18T10:19:50.418+0000] {taskmixin.py:205} WARNING - Dependency <Task(_PythonDecoratedOperator): task_group_function.task_3>, task_group_function.task_2 already registered for DAG: example_task_group_decorator
[2022-10-18T10:19:50.421+0000] {taskmixin.py:205} WARNING - Dependency <Task(_PythonDecoratedOperator): task_group_function.task_2>, task_group_function.task_3 already registered for DAG: example_task_group_decorator
[2022-10-18T10:19:50.422+0000] {taskmixin.py:205} WARNING - Dependency <Task(_PythonDecoratedOperator): task_group_function.task_3>, task_group_function.task_2 already registered for DAG: example_task_group_decorator
[2022-10-18T10:19:50.423+0000] {taskmixin.py:205} WARNING - Dependency <Task(_PythonDecoratedOperator): task_group_function.task_2>, task_group_function.task_3 already registered for DAG: example_task_group_decorator
[2022-10-18T10:19:50.425+0000] {taskmixin.py:205} WARNING - Dependency <Task(_PythonDecoratedOperator): task_group_function.task_3>, task_group_function.task_2 already registered for DAG: example_task_group_decorator
[2022-10-18T10:19:50.431+0000] {taskmixin.py:205} WARNING - Dependency <Task(_PythonDecoratedOperator): task_group_function__1.task_1>, task_group_function__1.task_2 already registered for DAG: example_task_group_decorator
[2022-10-18T10:19:50.432+0000] {taskmixin.py:205} WARNING - Dependency <Task(_PythonDecoratedOperator): task_group_function__1.task_2>, task_group_function__1.task_1 already registered for DAG: example_task_group_decorator
[2022-10-18T10:19:50.433+0000] {taskmixin.py:205} WARNING - Dependency <Task(_PythonDecoratedOperator): task_group_function__1.task_1>, task_group_function__1.task_2 already registered for DAG: example_task_group_decorator
[2022-10-18T10:19:50.434+0000] {taskmixin.py:205} WARNING - Dependency <Task(_PythonDecoratedOperator): task_group_function__1.task_2>, task_group_function__1.task_1 already registered for DAG: example_task_group_decorator
[2022-10-18T10:19:50.435+0000] {taskmixin.py:205} WARNING - Dependency <Task(_PythonDecoratedOperator): task_group_function__1.task_1>, task_group_function__1.task_2 already registered for DAG: example_task_group_decorator
[2022-10-18T10:19:50.436+0000] {taskmixin.py:205} WARNING - Dependency <Task(_PythonDecoratedOperator): task_group_function__1.task_2>, task_group_function__1.task_1 already registered for DAG: example_task_group_decorator
[2022-10-18T10:19:50.438+0000] {taskmixin.py:205} WARNING - Dependency <Task(_PythonDecoratedOperator): task_group_function__1.task_1>, task_group_function__1.task_2 already registered for DAG: example_task_group_decorator
[2022-10-18T10:19:50.453+0000] {taskmixin.py:205} WARNING - Dependency <Task(_PythonDecoratedOperator): task_group_function__1.task_2>, task_group_function__1.task_1 already registered for DAG: example_task_group_decorator
[2022-10-18T10:19:50.455+0000] {taskmixin.py:205} WARNING - Dependency <Task(_PythonDecoratedOperator): task_group_function__1.task_1>, task_group_function__1.task_2 already registered for DAG: example_task_group_decorator
[2022-10-18T10:19:50.455+0000] {taskmixin.py:205} WARNING - Dependency <Task(_PythonDecoratedOperator): task_group_function__1.task_2>, task_group_function__1.task_1 already registered for DAG: example_task_group_decorator
[2022-10-18T10:19:50.456+0000] {taskmixin.py:205} WARNING - Dependency <Task(_PythonDecoratedOperator): task_group_function__1.task_1>, task_group_function__1.task_2 already registered for DAG: example_task_group_decorator
[2022-10-18T10:19:50.457+0000] {taskmixin.py:205} WARNING - Dependency <Task(_PythonDecoratedOperator): task_group_function__1.task_2>, task_group_function__1.task_1 already registered for DAG: example_task_group_decorator
[2022-10-18T10:19:50.460+0000] {taskmixin.py:205} WARNING - Dependency <Task(_PythonDecoratedOperator): task_group_function__1.task_2>, task_group_function__1.task_3 already registered for DAG: example_task_group_decorator
[2022-10-18T10:19:50.461+0000] {taskmixin.py:205} WARNING - Dependency <Task(_PythonDecoratedOperator): task_group_function__1.task_3>, task_group_function__1.task_2 already registered for DAG: example_task_group_decorator
[2022-10-18T10:19:50.462+0000] {taskmixin.py:205} WARNING - Dependency <Task(_PythonDecoratedOperator): task_group_function__1.task_2>, task_group_function__1.task_3 already registered for DAG: example_task_group_decorator
[2022-10-18T10:19:50.463+0000] {taskmixin.py:205} WARNING - Dependency <Task(_PythonDecoratedOperator): task_group_function__1.task_3>, task_group_function__1.task_2 already registered for DAG: example_task_group_decorator
[2022-10-18T10:19:50.464+0000] {taskmixin.py:205} WARNING - Dependency <Task(_PythonDecoratedOperator): task_group_function__1.task_2>, task_group_function__1.task_3 already registered for DAG: example_task_group_decorator
[2022-10-18T10:19:50.466+0000] {taskmixin.py:205} WARNING - Dependency <Task(_PythonDecoratedOperator): task_group_function__1.task_3>, task_group_function__1.task_2 already registered for DAG: example_task_group_decorator
[2022-10-18T10:19:50.468+0000] {taskmixin.py:205} WARNING - Dependency <Task(_PythonDecoratedOperator): task_group_function__1.task_2>, task_group_function__1.task_3 already registered for DAG: example_task_group_decorator
[2022-10-18T10:19:50.469+0000] {taskmixin.py:205} WARNING - Dependency <Task(_PythonDecoratedOperator): task_group_function__1.task_3>, task_group_function__1.task_2 already registered for DAG: example_task_group_decorator
[2022-10-18T10:19:50.471+0000] {taskmixin.py:205} WARNING - Dependency <Task(_PythonDecoratedOperator): task_group_function__1.task_2>, task_group_function__1.task_3 already registered for DAG: example_task_group_decorator
[2022-10-18T10:19:50.474+0000] {taskmixin.py:205} WARNING - Dependency <Task(_PythonDecoratedOperator): task_group_function__1.task_3>, task_group_function__1.task_2 already registered for DAG: example_task_group_decorator
[2022-10-18T10:19:50.475+0000] {taskmixin.py:205} WARNING - Dependency <Task(_PythonDecoratedOperator): task_group_function__1.task_2>, task_group_function__1.task_3 already registered for DAG: example_task_group_decorator
[2022-10-18T10:19:50.475+0000] {taskmixin.py:205} WARNING - Dependency <Task(_PythonDecoratedOperator): task_group_function__1.task_3>, task_group_function__1.task_2 already registered for DAG: example_task_group_decorator
[2022-10-18T10:19:50.477+0000] {taskmixin.py:205} WARNING - Dependency <Task(_PythonDecoratedOperator): task_group_function__2.task_1>, task_group_function__2.task_2 already registered for DAG: example_task_group_decorator
[2022-10-18T10:19:50.478+0000] {taskmixin.py:205} WARNING - Dependency <Task(_PythonDecoratedOperator): task_group_function__2.task_2>, task_group_function__2.task_1 already registered for DAG: example_task_group_decorator
[2022-10-18T10:19:50.483+0000] {taskmixin.py:205} WARNING - Dependency <Task(_PythonDecoratedOperator): task_group_function__2.task_1>, task_group_function__2.task_2 already registered for DAG: example_task_group_decorator
[2022-10-18T10:19:50.488+0000] {taskmixin.py:205} WARNING - Dependency <Task(_PythonDecoratedOperator): task_group_function__2.task_2>, task_group_function__2.task_1 already registered for DAG: example_task_group_decorator
[2022-10-18T10:19:50.489+0000] {taskmixin.py:205} WARNING - Dependency <Task(_PythonDecoratedOperator): task_group_function__2.task_1>, task_group_function__2.task_2 already registered for DAG: example_task_group_decorator
[2022-10-18T10:19:50.492+0000] {taskmixin.py:205} WARNING - Dependency <Task(_PythonDecoratedOperator): task_group_function__2.task_2>, task_group_function__2.task_1 already registered for DAG: example_task_group_decorator
[2022-10-18T10:19:50.494+0000] {taskmixin.py:205} WARNING - Dependency <Task(_PythonDecoratedOperator): task_group_function__2.task_1>, task_group_function__2.task_2 already registered for DAG: example_task_group_decorator
[2022-10-18T10:19:50.500+0000] {taskmixin.py:205} WARNING - Dependency <Task(_PythonDecoratedOperator): task_group_function__2.task_2>, task_group_function__2.task_1 already registered for DAG: example_task_group_decorator
[2022-10-18T10:19:50.501+0000] {taskmixin.py:205} WARNING - Dependency <Task(_PythonDecoratedOperator): task_group_function__2.task_1>, task_group_function__2.task_2 already registered for DAG: example_task_group_decorator
[2022-10-18T10:19:50.501+0000] {taskmixin.py:205} WARNING - Dependency <Task(_PythonDecoratedOperator): task_group_function__2.task_2>, task_group_function__2.task_1 already registered for DAG: example_task_group_decorator
[2022-10-18T10:19:50.504+0000] {taskmixin.py:205} WARNING - Dependency <Task(_PythonDecoratedOperator): task_group_function__2.task_1>, task_group_function__2.task_2 already registered for DAG: example_task_group_decorator
[2022-10-18T10:19:50.505+0000] {taskmixin.py:205} WARNING - Dependency <Task(_PythonDecoratedOperator): task_group_function__2.task_2>, task_group_function__2.task_1 already registered for DAG: example_task_group_decorator
[2022-10-18T10:19:50.509+0000] {taskmixin.py:205} WARNING - Dependency <Task(_PythonDecoratedOperator): task_group_function__2.task_2>, task_group_function__2.task_3 already registered for DAG: example_task_group_decorator
[2022-10-18T10:19:50.512+0000] {taskmixin.py:205} WARNING - Dependency <Task(_PythonDecoratedOperator): task_group_function__2.task_3>, task_group_function__2.task_2 already registered for DAG: example_task_group_decorator
[2022-10-18T10:19:50.513+0000] {taskmixin.py:205} WARNING - Dependency <Task(_PythonDecoratedOperator): task_group_function__2.task_2>, task_group_function__2.task_3 already registered for DAG: example_task_group_decorator
[2022-10-18T10:19:50.514+0000] {taskmixin.py:205} WARNING - Dependency <Task(_PythonDecoratedOperator): task_group_function__2.task_3>, task_group_function__2.task_2 already registered for DAG: example_task_group_decorator
[2022-10-18T10:19:50.515+0000] {taskmixin.py:205} WARNING - Dependency <Task(_PythonDecoratedOperator): task_group_function__2.task_2>, task_group_function__2.task_3 already registered for DAG: example_task_group_decorator
[2022-10-18T10:19:50.517+0000] {taskmixin.py:205} WARNING - Dependency <Task(_PythonDecoratedOperator): task_group_function__2.task_3>, task_group_function__2.task_2 already registered for DAG: example_task_group_decorator
[2022-10-18T10:19:50.518+0000] {taskmixin.py:205} WARNING - Dependency <Task(_PythonDecoratedOperator): task_group_function__2.task_2>, task_group_function__2.task_3 already registered for DAG: example_task_group_decorator
[2022-10-18T10:19:50.519+0000] {taskmixin.py:205} WARNING - Dependency <Task(_PythonDecoratedOperator): task_group_function__2.task_3>, task_group_function__2.task_2 already registered for DAG: example_task_group_decorator
[2022-10-18T10:19:50.523+0000] {taskmixin.py:205} WARNING - Dependency <Task(_PythonDecoratedOperator): task_group_function__2.task_2>, task_group_function__2.task_3 already registered for DAG: example_task_group_decorator
[2022-10-18T10:19:50.525+0000] {taskmixin.py:205} WARNING - Dependency <Task(_PythonDecoratedOperator): task_group_function__2.task_3>, task_group_function__2.task_2 already registered for DAG: example_task_group_decorator
[2022-10-18T10:19:50.528+0000] {taskmixin.py:205} WARNING - Dependency <Task(_PythonDecoratedOperator): task_group_function__2.task_2>, task_group_function__2.task_3 already registered for DAG: example_task_group_decorator
[2022-10-18T10:19:50.532+0000] {taskmixin.py:205} WARNING - Dependency <Task(_PythonDecoratedOperator): task_group_function__2.task_3>, task_group_function__2.task_2 already registered for DAG: example_task_group_decorator
[2022-10-18T10:19:50.540+0000] {taskmixin.py:205} WARNING - Dependency <Task(_PythonDecoratedOperator): task_group_function__3.task_1>, task_group_function__3.task_2 already registered for DAG: example_task_group_decorator
[2022-10-18T10:19:50.544+0000] {taskmixin.py:205} WARNING - Dependency <Task(_PythonDecoratedOperator): task_group_function__3.task_2>, task_group_function__3.task_1 already registered for DAG: example_task_group_decorator
[2022-10-18T10:19:50.556+0000] {taskmixin.py:205} WARNING - Dependency <Task(_PythonDecoratedOperator): task_group_function__3.task_1>, task_group_function__3.task_2 already registered for DAG: example_task_group_decorator
[2022-10-18T10:19:50.561+0000] {taskmixin.py:205} WARNING - Dependency <Task(_PythonDecoratedOperator): task_group_function__3.task_2>, task_group_function__3.task_1 already registered for DAG: example_task_group_decorator
[2022-10-18T10:19:50.568+0000] {taskmixin.py:205} WARNING - Dependency <Task(_PythonDecoratedOperator): task_group_function__3.task_1>, task_group_function__3.task_2 already registered for DAG: example_task_group_decorator
[2022-10-18T10:19:50.569+0000] {taskmixin.py:205} WARNING - Dependency <Task(_PythonDecoratedOperator): task_group_function__3.task_2>, task_group_function__3.task_1 already registered for DAG: example_task_group_decorator
[2022-10-18T10:19:50.570+0000] {taskmixin.py:205} WARNING - Dependency <Task(_PythonDecoratedOperator): task_group_function__3.task_1>, task_group_function__3.task_2 already registered for DAG: example_task_group_decorator
[2022-10-18T10:19:50.573+0000] {taskmixin.py:205} WARNING - Dependency <Task(_PythonDecoratedOperator): task_group_function__3.task_2>, task_group_function__3.task_1 already registered for DAG: example_task_group_decorator
[2022-10-18T10:19:50.575+0000] {taskmixin.py:205} WARNING - Dependency <Task(_PythonDecoratedOperator): task_group_function__3.task_1>, task_group_function__3.task_2 already registered for DAG: example_task_group_decorator
[2022-10-18T10:19:50.577+0000] {taskmixin.py:205} WARNING - Dependency <Task(_PythonDecoratedOperator): task_group_function__3.task_2>, task_group_function__3.task_1 already registered for DAG: example_task_group_decorator
[2022-10-18T10:19:50.578+0000] {taskmixin.py:205} WARNING - Dependency <Task(_PythonDecoratedOperator): task_group_function__3.task_1>, task_group_function__3.task_2 already registered for DAG: example_task_group_decorator
[2022-10-18T10:19:50.579+0000] {taskmixin.py:205} WARNING - Dependency <Task(_PythonDecoratedOperator): task_group_function__3.task_2>, task_group_function__3.task_1 already registered for DAG: example_task_group_decorator
[2022-10-18T10:19:50.581+0000] {taskmixin.py:205} WARNING - Dependency <Task(_PythonDecoratedOperator): task_group_function__3.task_2>, task_group_function__3.task_3 already registered for DAG: example_task_group_decorator
[2022-10-18T10:19:50.583+0000] {taskmixin.py:205} WARNING - Dependency <Task(_PythonDecoratedOperator): task_group_function__3.task_3>, task_group_function__3.task_2 already registered for DAG: example_task_group_decorator
[2022-10-18T10:19:50.585+0000] {taskmixin.py:205} WARNING - Dependency <Task(_PythonDecoratedOperator): task_group_function__3.task_2>, task_group_function__3.task_3 already registered for DAG: example_task_group_decorator
[2022-10-18T10:19:50.586+0000] {taskmixin.py:205} WARNING - Dependency <Task(_PythonDecoratedOperator): task_group_function__3.task_3>, task_group_function__3.task_2 already registered for DAG: example_task_group_decorator
[2022-10-18T10:19:50.587+0000] {taskmixin.py:205} WARNING - Dependency <Task(_PythonDecoratedOperator): task_group_function__3.task_2>, task_group_function__3.task_3 already registered for DAG: example_task_group_decorator
[2022-10-18T10:19:50.588+0000] {taskmixin.py:205} WARNING - Dependency <Task(_PythonDecoratedOperator): task_group_function__3.task_3>, task_group_function__3.task_2 already registered for DAG: example_task_group_decorator
[2022-10-18T10:19:50.589+0000] {taskmixin.py:205} WARNING - Dependency <Task(_PythonDecoratedOperator): task_group_function__3.task_2>, task_group_function__3.task_3 already registered for DAG: example_task_group_decorator
[2022-10-18T10:19:50.592+0000] {taskmixin.py:205} WARNING - Dependency <Task(_PythonDecoratedOperator): task_group_function__3.task_3>, task_group_function__3.task_2 already registered for DAG: example_task_group_decorator
[2022-10-18T10:19:50.598+0000] {taskmixin.py:205} WARNING - Dependency <Task(_PythonDecoratedOperator): task_group_function__3.task_2>, task_group_function__3.task_3 already registered for DAG: example_task_group_decorator
[2022-10-18T10:19:50.601+0000] {taskmixin.py:205} WARNING - Dependency <Task(_PythonDecoratedOperator): task_group_function__3.task_3>, task_group_function__3.task_2 already registered for DAG: example_task_group_decorator
[2022-10-18T10:19:50.602+0000] {taskmixin.py:205} WARNING - Dependency <Task(_PythonDecoratedOperator): task_group_function__3.task_2>, task_group_function__3.task_3 already registered for DAG: example_task_group_decorator
[2022-10-18T10:19:50.603+0000] {taskmixin.py:205} WARNING - Dependency <Task(_PythonDecoratedOperator): task_group_function__3.task_3>, task_group_function__3.task_2 already registered for DAG: example_task_group_decorator
[2022-10-18T10:19:50.609+0000] {taskmixin.py:205} WARNING - Dependency <Task(_PythonDecoratedOperator): task_group_function__4.task_1>, task_group_function__4.task_2 already registered for DAG: example_task_group_decorator
[2022-10-18T10:19:50.614+0000] {taskmixin.py:205} WARNING - Dependency <Task(_PythonDecoratedOperator): task_group_function__4.task_2>, task_group_function__4.task_1 already registered for DAG: example_task_group_decorator
[2022-10-18T10:19:50.616+0000] {taskmixin.py:205} WARNING - Dependency <Task(_PythonDecoratedOperator): task_group_function__4.task_1>, task_group_function__4.task_2 already registered for DAG: example_task_group_decorator
[2022-10-18T10:19:50.617+0000] {taskmixin.py:205} WARNING - Dependency <Task(_PythonDecoratedOperator): task_group_function__4.task_2>, task_group_function__4.task_1 already registered for DAG: example_task_group_decorator
[2022-10-18T10:19:50.619+0000] {taskmixin.py:205} WARNING - Dependency <Task(_PythonDecoratedOperator): task_group_function__4.task_1>, task_group_function__4.task_2 already registered for DAG: example_task_group_decorator
[2022-10-18T10:19:50.621+0000] {taskmixin.py:205} WARNING - Dependency <Task(_PythonDecoratedOperator): task_group_function__4.task_2>, task_group_function__4.task_1 already registered for DAG: example_task_group_decorator
[2022-10-18T10:19:50.623+0000] {taskmixin.py:205} WARNING - Dependency <Task(_PythonDecoratedOperator): task_group_function__4.task_1>, task_group_function__4.task_2 already registered for DAG: example_task_group_decorator
[2022-10-18T10:19:50.625+0000] {taskmixin.py:205} WARNING - Dependency <Task(_PythonDecoratedOperator): task_group_function__4.task_2>, task_group_function__4.task_1 already registered for DAG: example_task_group_decorator
[2022-10-18T10:19:50.628+0000] {taskmixin.py:205} WARNING - Dependency <Task(_PythonDecoratedOperator): task_group_function__4.task_1>, task_group_function__4.task_2 already registered for DAG: example_task_group_decorator
[2022-10-18T10:19:50.632+0000] {taskmixin.py:205} WARNING - Dependency <Task(_PythonDecoratedOperator): task_group_function__4.task_2>, task_group_function__4.task_1 already registered for DAG: example_task_group_decorator
[2022-10-18T10:19:50.637+0000] {taskmixin.py:205} WARNING - Dependency <Task(_PythonDecoratedOperator): task_group_function__4.task_1>, task_group_function__4.task_2 already registered for DAG: example_task_group_decorator
[2022-10-18T10:19:50.652+0000] {taskmixin.py:205} WARNING - Dependency <Task(_PythonDecoratedOperator): task_group_function__4.task_2>, task_group_function__4.task_1 already registered for DAG: example_task_group_decorator
[2022-10-18T10:19:50.674+0000] {taskmixin.py:205} WARNING - Dependency <Task(_PythonDecoratedOperator): task_group_function__4.task_2>, task_group_function__4.task_3 already registered for DAG: example_task_group_decorator
[2022-10-18T10:19:50.917+0000] {taskmixin.py:205} WARNING - Dependency <Task(_PythonDecoratedOperator): task_group_function__4.task_3>, task_group_function__4.task_2 already registered for DAG: example_task_group_decorator
[2022-10-18T10:19:50.964+0000] {taskmixin.py:205} WARNING - Dependency <Task(_PythonDecoratedOperator): task_group_function__4.task_2>, task_group_function__4.task_3 already registered for DAG: example_task_group_decorator
[2022-10-18T10:19:50.966+0000] {taskmixin.py:205} WARNING - Dependency <Task(_PythonDecoratedOperator): task_group_function__4.task_3>, task_group_function__4.task_2 already registered for DAG: example_task_group_decorator
[2022-10-18T10:19:50.973+0000] {taskmixin.py:205} WARNING - Dependency <Task(_PythonDecoratedOperator): task_group_function__4.task_2>, task_group_function__4.task_3 already registered for DAG: example_task_group_decorator
[2022-10-18T10:19:50.974+0000] {taskmixin.py:205} WARNING - Dependency <Task(_PythonDecoratedOperator): task_group_function__4.task_3>, task_group_function__4.task_2 already registered for DAG: example_task_group_decorator
[2022-10-18T10:19:50.981+0000] {taskmixin.py:205} WARNING - Dependency <Task(_PythonDecoratedOperator): task_group_function__4.task_2>, task_group_function__4.task_3 already registered for DAG: example_task_group_decorator
[2022-10-18T10:19:50.982+0000] {taskmixin.py:205} WARNING - Dependency <Task(_PythonDecoratedOperator): task_group_function__4.task_3>, task_group_function__4.task_2 already registered for DAG: example_task_group_decorator
[2022-10-18T10:19:50.984+0000] {taskmixin.py:205} WARNING - Dependency <Task(_PythonDecoratedOperator): task_group_function__4.task_2>, task_group_function__4.task_3 already registered for DAG: example_task_group_decorator
[2022-10-18T10:19:50.985+0000] {taskmixin.py:205} WARNING - Dependency <Task(_PythonDecoratedOperator): task_group_function__4.task_3>, task_group_function__4.task_2 already registered for DAG: example_task_group_decorator
[2022-10-18T10:19:50.985+0000] {taskmixin.py:205} WARNING - Dependency <Task(_PythonDecoratedOperator): task_group_function__4.task_2>, task_group_function__4.task_3 already registered for DAG: example_task_group_decorator
[2022-10-18T10:19:50.986+0000] {taskmixin.py:205} WARNING - Dependency <Task(_PythonDecoratedOperator): task_group_function__4.task_3>, task_group_function__4.task_2 already registered for DAG: example_task_group_decorator
[2022-10-18T10:19:51.049+0000] {taskmixin.py:205} WARNING - Dependency <Task(GetRequestOperator): get_ip>, prepare_email already registered for DAG: example_dag_decorator
[2022-10-18T10:19:51.052+0000] {taskmixin.py:205} WARNING - Dependency <Task(_PythonDecoratedOperator): prepare_email>, get_ip already registered for DAG: example_dag_decorator
[2022-10-18T10:19:51.053+0000] {taskmixin.py:205} WARNING - Dependency <Task(GetRequestOperator): get_ip>, prepare_email already registered for DAG: example_dag_decorator
[2022-10-18T10:19:51.053+0000] {taskmixin.py:205} WARNING - Dependency <Task(_PythonDecoratedOperator): prepare_email>, get_ip already registered for DAG: example_dag_decorator
[2022-10-18T10:19:51.055+0000] {taskmixin.py:205} WARNING - Dependency <Task(GetRequestOperator): get_ip>, prepare_email already registered for DAG: example_dag_decorator
[2022-10-18T10:19:51.055+0000] {taskmixin.py:205} WARNING - Dependency <Task(_PythonDecoratedOperator): prepare_email>, get_ip already registered for DAG: example_dag_decorator
[2022-10-18T10:19:51.057+0000] {taskmixin.py:205} WARNING - Dependency <Task(GetRequestOperator): get_ip>, prepare_email already registered for DAG: example_dag_decorator
[2022-10-18T10:19:51.057+0000] {taskmixin.py:205} WARNING - Dependency <Task(_PythonDecoratedOperator): prepare_email>, get_ip already registered for DAG: example_dag_decorator
[2022-10-18T10:19:51.058+0000] {taskmixin.py:205} WARNING - Dependency <Task(GetRequestOperator): get_ip>, prepare_email already registered for DAG: example_dag_decorator
[2022-10-18T10:19:51.059+0000] {taskmixin.py:205} WARNING - Dependency <Task(_PythonDecoratedOperator): prepare_email>, get_ip already registered for DAG: example_dag_decorator
[2022-10-18T10:19:51.067+0000] {taskmixin.py:205} WARNING - Dependency <Task(GetRequestOperator): get_ip>, prepare_email already registered for DAG: example_dag_decorator
[2022-10-18T10:19:51.069+0000] {taskmixin.py:205} WARNING - Dependency <Task(_PythonDecoratedOperator): prepare_email>, get_ip already registered for DAG: example_dag_decorator
[2022-10-18T10:19:51.070+0000] {taskmixin.py:205} WARNING - Dependency <Task(_PythonDecoratedOperator): prepare_email>, send_email already registered for DAG: example_dag_decorator
[2022-10-18T10:19:51.071+0000] {taskmixin.py:205} WARNING - Dependency <Task(EmailOperator): send_email>, prepare_email already registered for DAG: example_dag_decorator
[2022-10-18T10:19:51.072+0000] {taskmixin.py:205} WARNING - Dependency <Task(_PythonDecoratedOperator): prepare_email>, send_email already registered for DAG: example_dag_decorator
[2022-10-18T10:19:51.074+0000] {taskmixin.py:205} WARNING - Dependency <Task(EmailOperator): send_email>, prepare_email already registered for DAG: example_dag_decorator
[2022-10-18T10:19:51.074+0000] {taskmixin.py:205} WARNING - Dependency <Task(_PythonDecoratedOperator): prepare_email>, send_email already registered for DAG: example_dag_decorator
[2022-10-18T10:19:51.075+0000] {taskmixin.py:205} WARNING - Dependency <Task(EmailOperator): send_email>, prepare_email already registered for DAG: example_dag_decorator
[2022-10-18T10:19:51.076+0000] {taskmixin.py:205} WARNING - Dependency <Task(_PythonDecoratedOperator): prepare_email>, send_email already registered for DAG: example_dag_decorator
[2022-10-18T10:19:51.076+0000] {taskmixin.py:205} WARNING - Dependency <Task(EmailOperator): send_email>, prepare_email already registered for DAG: example_dag_decorator
[2022-10-18T10:19:51.078+0000] {taskmixin.py:205} WARNING - Dependency <Task(_PythonDecoratedOperator): prepare_email>, send_email already registered for DAG: example_dag_decorator
[2022-10-18T10:19:51.086+0000] {taskmixin.py:205} WARNING - Dependency <Task(EmailOperator): send_email>, prepare_email already registered for DAG: example_dag_decorator
[2022-10-18T10:19:51.088+0000] {taskmixin.py:205} WARNING - Dependency <Task(_PythonDecoratedOperator): prepare_email>, send_email already registered for DAG: example_dag_decorator
[2022-10-18T10:19:51.089+0000] {taskmixin.py:205} WARNING - Dependency <Task(EmailOperator): send_email>, prepare_email already registered for DAG: example_dag_decorator
[2022-10-18T10:19:51.175+0000] {taskmixin.py:205} WARNING - Dependency <Task(_PythonDecoratedOperator): push_by_returning>, puller already registered for DAG: example_xcom
[2022-10-18T10:19:51.501+0000] {taskmixin.py:205} WARNING - Dependency <Task(_PythonDecoratedOperator): puller>, push_by_returning already registered for DAG: example_xcom
[2022-10-18T10:19:51.509+0000] {taskmixin.py:205} WARNING - Dependency <Task(_PythonDecoratedOperator): push_by_returning>, puller already registered for DAG: example_xcom
[2022-10-18T10:19:51.515+0000] {taskmixin.py:205} WARNING - Dependency <Task(_PythonDecoratedOperator): puller>, push_by_returning already registered for DAG: example_xcom
[2022-10-18T10:19:51.516+0000] {taskmixin.py:205} WARNING - Dependency <Task(_PythonDecoratedOperator): push_by_returning>, puller already registered for DAG: example_xcom
[2022-10-18T10:19:51.517+0000] {taskmixin.py:205} WARNING - Dependency <Task(_PythonDecoratedOperator): puller>, push_by_returning already registered for DAG: example_xcom
[2022-10-18T10:19:51.519+0000] {taskmixin.py:205} WARNING - Dependency <Task(_PythonDecoratedOperator): push_by_returning>, puller already registered for DAG: example_xcom
[2022-10-18T10:19:51.520+0000] {taskmixin.py:205} WARNING - Dependency <Task(_PythonDecoratedOperator): puller>, push_by_returning already registered for DAG: example_xcom
[2022-10-18T10:19:51.521+0000] {taskmixin.py:205} WARNING - Dependency <Task(_PythonDecoratedOperator): push_by_returning>, puller already registered for DAG: example_xcom
[2022-10-18T10:19:51.522+0000] {taskmixin.py:205} WARNING - Dependency <Task(_PythonDecoratedOperator): puller>, push_by_returning already registered for DAG: example_xcom
[2022-10-18T10:19:51.523+0000] {taskmixin.py:205} WARNING - Dependency <Task(_PythonDecoratedOperator): push_by_returning>, puller already registered for DAG: example_xcom
[2022-10-18T10:19:51.525+0000] {taskmixin.py:205} WARNING - Dependency <Task(_PythonDecoratedOperator): puller>, push_by_returning already registered for DAG: example_xcom
[2022-10-18T10:19:51.530+0000] {taskmixin.py:205} WARNING - Dependency <Task(_PythonDecoratedOperator): extract>, transform already registered for DAG: tutorial_taskflow_api
[2022-10-18T10:19:51.531+0000] {taskmixin.py:205} WARNING - Dependency <Task(_PythonDecoratedOperator): transform>, extract already registered for DAG: tutorial_taskflow_api
[2022-10-18T10:19:51.532+0000] {taskmixin.py:205} WARNING - Dependency <Task(_PythonDecoratedOperator): extract>, transform already registered for DAG: tutorial_taskflow_api
[2022-10-18T10:19:51.536+0000] {taskmixin.py:205} WARNING - Dependency <Task(_PythonDecoratedOperator): transform>, extract already registered for DAG: tutorial_taskflow_api
[2022-10-18T10:19:51.538+0000] {taskmixin.py:205} WARNING - Dependency <Task(_PythonDecoratedOperator): extract>, transform already registered for DAG: tutorial_taskflow_api
[2022-10-18T10:19:51.546+0000] {taskmixin.py:205} WARNING - Dependency <Task(_PythonDecoratedOperator): transform>, extract already registered for DAG: tutorial_taskflow_api
[2022-10-18T10:19:51.551+0000] {taskmixin.py:205} WARNING - Dependency <Task(_PythonDecoratedOperator): extract>, transform already registered for DAG: tutorial_taskflow_api
[2022-10-18T10:19:51.554+0000] {taskmixin.py:205} WARNING - Dependency <Task(_PythonDecoratedOperator): transform>, extract already registered for DAG: tutorial_taskflow_api
[2022-10-18T10:19:51.557+0000] {taskmixin.py:205} WARNING - Dependency <Task(_PythonDecoratedOperator): extract>, transform already registered for DAG: tutorial_taskflow_api
[2022-10-18T10:19:51.558+0000] {taskmixin.py:205} WARNING - Dependency <Task(_PythonDecoratedOperator): transform>, extract already registered for DAG: tutorial_taskflow_api
[2022-10-18T10:19:51.560+0000] {taskmixin.py:205} WARNING - Dependency <Task(_PythonDecoratedOperator): extract>, transform already registered for DAG: tutorial_taskflow_api
[2022-10-18T10:19:51.561+0000] {taskmixin.py:205} WARNING - Dependency <Task(_PythonDecoratedOperator): transform>, extract already registered for DAG: tutorial_taskflow_api
[2022-10-18T10:19:51.563+0000] {taskmixin.py:205} WARNING - Dependency <Task(_PythonDecoratedOperator): transform>, load already registered for DAG: tutorial_taskflow_api
[2022-10-18T10:19:51.568+0000] {taskmixin.py:205} WARNING - Dependency <Task(_PythonDecoratedOperator): load>, transform already registered for DAG: tutorial_taskflow_api
[2022-10-18T10:19:51.574+0000] {taskmixin.py:205} WARNING - Dependency <Task(_PythonDecoratedOperator): transform>, load already registered for DAG: tutorial_taskflow_api
[2022-10-18T10:19:51.578+0000] {taskmixin.py:205} WARNING - Dependency <Task(_PythonDecoratedOperator): load>, transform already registered for DAG: tutorial_taskflow_api
[2022-10-18T10:19:51.581+0000] {taskmixin.py:205} WARNING - Dependency <Task(_PythonDecoratedOperator): transform>, load already registered for DAG: tutorial_taskflow_api
[2022-10-18T10:19:51.583+0000] {taskmixin.py:205} WARNING - Dependency <Task(_PythonDecoratedOperator): load>, transform already registered for DAG: tutorial_taskflow_api
[2022-10-18T10:19:51.584+0000] {taskmixin.py:205} WARNING - Dependency <Task(_PythonDecoratedOperator): transform>, load already registered for DAG: tutorial_taskflow_api
[2022-10-18T10:19:51.585+0000] {taskmixin.py:205} WARNING - Dependency <Task(_PythonDecoratedOperator): load>, transform already registered for DAG: tutorial_taskflow_api
[2022-10-18T10:19:51.586+0000] {taskmixin.py:205} WARNING - Dependency <Task(_PythonDecoratedOperator): transform>, load already registered for DAG: tutorial_taskflow_api
[2022-10-18T10:19:51.587+0000] {taskmixin.py:205} WARNING - Dependency <Task(_PythonDecoratedOperator): load>, transform already registered for DAG: tutorial_taskflow_api
[2022-10-18T10:19:51.588+0000] {taskmixin.py:205} WARNING - Dependency <Task(_PythonDecoratedOperator): transform>, load already registered for DAG: tutorial_taskflow_api
[2022-10-18T10:19:51.589+0000] {taskmixin.py:205} WARNING - Dependency <Task(_PythonDecoratedOperator): load>, transform already registered for DAG: tutorial_taskflow_api
[2022-10-18T10:19:51.596+0000] {taskmixin.py:205} WARNING - Dependency <Task(_PythonDecoratedOperator): generate_value>, print_value already registered for DAG: example_xcom_args
[2022-10-18T10:19:51.597+0000] {taskmixin.py:205} WARNING - Dependency <Task(_PythonDecoratedOperator): print_value>, generate_value already registered for DAG: example_xcom_args
[2022-10-18T10:19:51.598+0000] {taskmixin.py:205} WARNING - Dependency <Task(_PythonDecoratedOperator): generate_value>, print_value already registered for DAG: example_xcom_args
[2022-10-18T10:19:51.599+0000] {taskmixin.py:205} WARNING - Dependency <Task(_PythonDecoratedOperator): print_value>, generate_value already registered for DAG: example_xcom_args
[2022-10-18T10:19:51.601+0000] {taskmixin.py:205} WARNING - Dependency <Task(_PythonDecoratedOperator): generate_value>, print_value already registered for DAG: example_xcom_args
[2022-10-18T10:19:51.602+0000] {taskmixin.py:205} WARNING - Dependency <Task(_PythonDecoratedOperator): print_value>, generate_value already registered for DAG: example_xcom_args
[2022-10-18T10:19:51.605+0000] {taskmixin.py:205} WARNING - Dependency <Task(_PythonDecoratedOperator): generate_value>, print_value already registered for DAG: example_xcom_args
[2022-10-18T10:19:51.605+0000] {taskmixin.py:205} WARNING - Dependency <Task(_PythonDecoratedOperator): print_value>, generate_value already registered for DAG: example_xcom_args
[2022-10-18T10:19:51.607+0000] {taskmixin.py:205} WARNING - Dependency <Task(_PythonDecoratedOperator): generate_value>, print_value already registered for DAG: example_xcom_args
[2022-10-18T10:19:51.608+0000] {taskmixin.py:205} WARNING - Dependency <Task(_PythonDecoratedOperator): print_value>, generate_value already registered for DAG: example_xcom_args
[2022-10-18T10:19:51.610+0000] {taskmixin.py:205} WARNING - Dependency <Task(_PythonDecoratedOperator): generate_value>, print_value already registered for DAG: example_xcom_args
[2022-10-18T10:19:51.610+0000] {taskmixin.py:205} WARNING - Dependency <Task(_PythonDecoratedOperator): print_value>, generate_value already registered for DAG: example_xcom_args
[2022-10-18T10:19:55.279+0000] {task_command.py:384} INFO - Running <TaskInstance: spark-configer.task_2 manual__2022-10-18T10:19:41.121582+00:00 [running]> on host 22920f4e909f
[2022-10-18T10:19:55.795+0000] {taskinstance.py:1592} INFO - Exporting the following env vars:
AIRFLOW_CTX_DAG_OWNER=***
AIRFLOW_CTX_DAG_ID=spark-configer
AIRFLOW_CTX_TASK_ID=task_2
AIRFLOW_CTX_EXECUTION_DATE=2022-10-18T10:19:41.121582+00:00
AIRFLOW_CTX_TRY_NUMBER=1
AIRFLOW_CTX_DAG_RUN_ID=manual__2022-10-18T10:19:41.121582+00:00
[2022-10-18T10:19:55.823+0000] {subprocess.py:63} INFO - Tmp dir root location: 
 /tmp
[2022-10-18T10:19:55.840+0000] {subprocess.py:75} INFO - Running command: ['/bin/bash', '-c', 'spark-submit /opt/***/tasks/transformer.py']
[2022-10-18T10:19:55.922+0000] {subprocess.py:86} INFO - Output:
[2022-10-18T10:20:14.815+0000] {subprocess.py:93} INFO - 22/10/18 10:20:14 INFO SparkContext: Running Spark version 3.3.0
[2022-10-18T10:20:15.518+0000] {subprocess.py:93} INFO - 22/10/18 10:20:15 WARN NativeCodeLoader: Unable to load native-hadoop library for your platform... using builtin-java classes where applicable
[2022-10-18T10:20:15.779+0000] {subprocess.py:93} INFO - 22/10/18 10:20:15 INFO ResourceUtils: ==============================================================
[2022-10-18T10:20:15.784+0000] {subprocess.py:93} INFO - 22/10/18 10:20:15 INFO ResourceUtils: No custom resources configured for spark.driver.
[2022-10-18T10:20:15.786+0000] {subprocess.py:93} INFO - 22/10/18 10:20:15 INFO ResourceUtils: ==============================================================
[2022-10-18T10:20:15.796+0000] {subprocess.py:93} INFO - 22/10/18 10:20:15 INFO SparkContext: Submitted application: realityisdead
[2022-10-18T10:20:15.833+0000] {subprocess.py:93} INFO - 22/10/18 10:20:15 INFO ResourceProfile: Default ResourceProfile created, executor resources: Map(cores -> name: cores, amount: 1, script: , vendor: , memory -> name: memory, amount: 1024, script: , vendor: , offHeap -> name: offHeap, amount: 0, script: , vendor: ), task resources: Map(cpus -> name: cpus, amount: 1.0)
[2022-10-18T10:20:15.841+0000] {subprocess.py:93} INFO - 22/10/18 10:20:15 INFO ResourceProfile: Limiting resource is cpu
[2022-10-18T10:20:15.843+0000] {subprocess.py:93} INFO - 22/10/18 10:20:15 INFO ResourceProfileManager: Added ResourceProfile id: 0
[2022-10-18T10:20:15.987+0000] {subprocess.py:93} INFO - 22/10/18 10:20:15 INFO SecurityManager: Changing view acls to: ***
[2022-10-18T10:20:15.989+0000] {subprocess.py:93} INFO - 22/10/18 10:20:15 INFO SecurityManager: Changing modify acls to: ***
[2022-10-18T10:20:15.989+0000] {subprocess.py:93} INFO - 22/10/18 10:20:15 INFO SecurityManager: Changing view acls groups to:
[2022-10-18T10:20:15.990+0000] {subprocess.py:93} INFO - 22/10/18 10:20:15 INFO SecurityManager: Changing modify acls groups to:
[2022-10-18T10:20:15.993+0000] {subprocess.py:93} INFO - 22/10/18 10:20:15 INFO SecurityManager: SecurityManager: authentication disabled; ui acls disabled; users  with view permissions: Set(***); groups with view permissions: Set(); users  with modify permissions: Set(***); groups with modify permissions: Set()
[2022-10-18T10:20:16.549+0000] {subprocess.py:93} INFO - 22/10/18 10:20:16 INFO Utils: Successfully started service 'sparkDriver' on port 36749.
[2022-10-18T10:20:16.662+0000] {subprocess.py:93} INFO - 22/10/18 10:20:16 INFO SparkEnv: Registering MapOutputTracker
[2022-10-18T10:20:16.764+0000] {subprocess.py:93} INFO - 22/10/18 10:20:16 INFO SparkEnv: Registering BlockManagerMaster
[2022-10-18T10:20:16.861+0000] {subprocess.py:93} INFO - 22/10/18 10:20:16 INFO BlockManagerMasterEndpoint: Using org.apache.spark.storage.DefaultTopologyMapper for getting topology information
[2022-10-18T10:20:16.865+0000] {subprocess.py:93} INFO - 22/10/18 10:20:16 INFO BlockManagerMasterEndpoint: BlockManagerMasterEndpoint up
[2022-10-18T10:20:16.872+0000] {subprocess.py:93} INFO - 22/10/18 10:20:16 INFO SparkEnv: Registering BlockManagerMasterHeartbeat
[2022-10-18T10:20:16.908+0000] {subprocess.py:93} INFO - 22/10/18 10:20:16 INFO DiskBlockManager: Created local directory at /tmp/blockmgr-c99cd363-2bf3-4300-b7d3-2e35471ff2df
[2022-10-18T10:20:16.941+0000] {subprocess.py:93} INFO - 22/10/18 10:20:16 INFO MemoryStore: MemoryStore started with capacity 434.4 MiB
[2022-10-18T10:20:16.981+0000] {subprocess.py:93} INFO - 22/10/18 10:20:16 INFO SparkEnv: Registering OutputCommitCoordinator
[2022-10-18T10:20:17.350+0000] {subprocess.py:93} INFO - 22/10/18 10:20:17 INFO Utils: Successfully started service 'SparkUI' on port 4040.
[2022-10-18T10:20:17.529+0000] {subprocess.py:93} INFO - 22/10/18 10:20:17 INFO Executor: Starting executor ID driver on host 22920f4e909f
[2022-10-18T10:20:17.535+0000] {subprocess.py:93} INFO - 22/10/18 10:20:17 INFO Executor: Starting executor with user classpath (userClassPathFirst = false): ''
[2022-10-18T10:20:17.555+0000] {subprocess.py:93} INFO - 22/10/18 10:20:17 INFO Utils: Successfully started service 'org.apache.spark.network.netty.NettyBlockTransferService' on port 34555.
[2022-10-18T10:20:17.557+0000] {subprocess.py:93} INFO - 22/10/18 10:20:17 INFO NettyBlockTransferService: Server created on 22920f4e909f:34555
[2022-10-18T10:20:17.560+0000] {subprocess.py:93} INFO - 22/10/18 10:20:17 INFO BlockManager: Using org.apache.spark.storage.RandomBlockReplicationPolicy for block replication policy
[2022-10-18T10:20:17.570+0000] {subprocess.py:93} INFO - 22/10/18 10:20:17 INFO BlockManagerMaster: Registering BlockManager BlockManagerId(driver, 22920f4e909f, 34555, None)
[2022-10-18T10:20:17.578+0000] {subprocess.py:93} INFO - 22/10/18 10:20:17 INFO BlockManagerMasterEndpoint: Registering block manager 22920f4e909f:34555 with 434.4 MiB RAM, BlockManagerId(driver, 22920f4e909f, 34555, None)
[2022-10-18T10:20:17.588+0000] {subprocess.py:93} INFO - 22/10/18 10:20:17 INFO BlockManagerMaster: Registered BlockManager BlockManagerId(driver, 22920f4e909f, 34555, None)
[2022-10-18T10:20:17.590+0000] {subprocess.py:93} INFO - 22/10/18 10:20:17 INFO BlockManager: Initialized BlockManager: BlockManagerId(driver, 22920f4e909f, 34555, None)
[2022-10-18T10:20:18.171+0000] {subprocess.py:93} INFO - 22/10/18 10:20:18 INFO SharedState: Setting hive.metastore.warehouse.dir ('null') to the value of spark.sql.warehouse.dir.
[2022-10-18T10:20:18.179+0000] {subprocess.py:93} INFO - 22/10/18 10:20:18 INFO SharedState: Warehouse path is 'file:/tmp/***tmpjwn78jck/spark-warehouse'.
[2022-10-18T10:20:19.288+0000] {subprocess.py:93} INFO - 22/10/18 10:20:19 INFO InMemoryFileIndex: It took 129 ms to list leaf files for 1 paths.
[2022-10-18T10:20:19.370+0000] {subprocess.py:93} INFO - 22/10/18 10:20:19 INFO InMemoryFileIndex: It took 1 ms to list leaf files for 1 paths.
[2022-10-18T10:20:21.533+0000] {subprocess.py:93} INFO - 22/10/18 10:20:21 INFO FileSourceStrategy: Pushed Filters:
[2022-10-18T10:20:21.549+0000] {subprocess.py:93} INFO - 22/10/18 10:20:21 INFO FileSourceStrategy: Post-Scan Filters:
[2022-10-18T10:20:21.552+0000] {subprocess.py:93} INFO - 22/10/18 10:20:21 INFO FileSourceStrategy: Output Data Schema: struct<value: string>
[2022-10-18T10:20:21.767+0000] {subprocess.py:93} INFO - 22/10/18 10:20:21 INFO MemoryStore: Block broadcast_0 stored as values in memory (estimated size 199.3 KiB, free 434.2 MiB)
[2022-10-18T10:20:21.809+0000] {subprocess.py:93} INFO - 22/10/18 10:20:21 INFO MemoryStore: Block broadcast_0_piece0 stored as bytes in memory (estimated size 34.0 KiB, free 434.2 MiB)
[2022-10-18T10:20:21.814+0000] {subprocess.py:93} INFO - 22/10/18 10:20:21 INFO BlockManagerInfo: Added broadcast_0_piece0 in memory on 22920f4e909f:34555 (size: 34.0 KiB, free: 434.4 MiB)
[2022-10-18T10:20:21.818+0000] {subprocess.py:93} INFO - 22/10/18 10:20:21 INFO SparkContext: Created broadcast 0 from json at NativeMethodAccessorImpl.java:0
[2022-10-18T10:20:21.826+0000] {subprocess.py:93} INFO - 22/10/18 10:20:21 INFO FileSourceScanExec: Planning scan with bin packing, max size: 25527129 bytes, open cost is considered as scanning 4194304 bytes.
[2022-10-18T10:20:21.933+0000] {subprocess.py:93} INFO - 22/10/18 10:20:21 INFO SparkContext: Starting job: json at NativeMethodAccessorImpl.java:0
[2022-10-18T10:20:21.946+0000] {subprocess.py:93} INFO - 22/10/18 10:20:21 INFO DAGScheduler: Got job 0 (json at NativeMethodAccessorImpl.java:0) with 4 output partitions
[2022-10-18T10:20:21.947+0000] {subprocess.py:93} INFO - 22/10/18 10:20:21 INFO DAGScheduler: Final stage: ResultStage 0 (json at NativeMethodAccessorImpl.java:0)
[2022-10-18T10:20:21.949+0000] {subprocess.py:93} INFO - 22/10/18 10:20:21 INFO DAGScheduler: Parents of final stage: List()
[2022-10-18T10:20:21.950+0000] {subprocess.py:93} INFO - 22/10/18 10:20:21 INFO DAGScheduler: Missing parents: List()
[2022-10-18T10:20:21.951+0000] {subprocess.py:93} INFO - 22/10/18 10:20:21 INFO DAGScheduler: Submitting ResultStage 0 (MapPartitionsRDD[3] at json at NativeMethodAccessorImpl.java:0), which has no missing parents
[2022-10-18T10:20:22.008+0000] {subprocess.py:93} INFO - 22/10/18 10:20:22 INFO MemoryStore: Block broadcast_1 stored as values in memory (estimated size 14.4 KiB, free 434.2 MiB)
[2022-10-18T10:20:22.012+0000] {subprocess.py:93} INFO - 22/10/18 10:20:22 INFO MemoryStore: Block broadcast_1_piece0 stored as bytes in memory (estimated size 7.0 KiB, free 434.2 MiB)
[2022-10-18T10:20:22.013+0000] {subprocess.py:93} INFO - 22/10/18 10:20:22 INFO BlockManagerInfo: Added broadcast_1_piece0 in memory on 22920f4e909f:34555 (size: 7.0 KiB, free: 434.4 MiB)
[2022-10-18T10:20:22.014+0000] {subprocess.py:93} INFO - 22/10/18 10:20:22 INFO SparkContext: Created broadcast 1 from broadcast at DAGScheduler.scala:1513
[2022-10-18T10:20:22.022+0000] {subprocess.py:93} INFO - 22/10/18 10:20:22 INFO DAGScheduler: Submitting 4 missing tasks from ResultStage 0 (MapPartitionsRDD[3] at json at NativeMethodAccessorImpl.java:0) (first 15 tasks are for partitions Vector(0, 1, 2, 3))
[2022-10-18T10:20:22.025+0000] {subprocess.py:93} INFO - 22/10/18 10:20:22 INFO TaskSchedulerImpl: Adding task set 0.0 with 4 tasks resource profile 0
[2022-10-18T10:20:22.065+0000] {subprocess.py:93} INFO - 22/10/18 10:20:22 INFO TaskSetManager: Starting task 0.0 in stage 0.0 (TID 0) (22920f4e909f, executor driver, partition 0, PROCESS_LOCAL, 4921 bytes) taskResourceAssignments Map()
[2022-10-18T10:20:22.069+0000] {subprocess.py:93} INFO - 22/10/18 10:20:22 INFO TaskSetManager: Starting task 1.0 in stage 0.0 (TID 1) (22920f4e909f, executor driver, partition 1, PROCESS_LOCAL, 4921 bytes) taskResourceAssignments Map()
[2022-10-18T10:20:22.071+0000] {subprocess.py:93} INFO - 22/10/18 10:20:22 INFO TaskSetManager: Starting task 2.0 in stage 0.0 (TID 2) (22920f4e909f, executor driver, partition 2, PROCESS_LOCAL, 4921 bytes) taskResourceAssignments Map()
[2022-10-18T10:20:22.073+0000] {subprocess.py:93} INFO - 22/10/18 10:20:22 INFO TaskSetManager: Starting task 3.0 in stage 0.0 (TID 3) (22920f4e909f, executor driver, partition 3, PROCESS_LOCAL, 4921 bytes) taskResourceAssignments Map()
[2022-10-18T10:20:22.084+0000] {subprocess.py:93} INFO - 22/10/18 10:20:22 INFO Executor: Running task 0.0 in stage 0.0 (TID 0)
[2022-10-18T10:20:22.086+0000] {subprocess.py:93} INFO - 22/10/18 10:20:22 INFO Executor: Running task 1.0 in stage 0.0 (TID 1)
[2022-10-18T10:20:22.087+0000] {subprocess.py:93} INFO - 22/10/18 10:20:22 INFO Executor: Running task 2.0 in stage 0.0 (TID 2)
[2022-10-18T10:20:22.089+0000] {subprocess.py:93} INFO - 22/10/18 10:20:22 INFO Executor: Running task 3.0 in stage 0.0 (TID 3)
[2022-10-18T10:20:22.244+0000] {subprocess.py:93} INFO - 22/10/18 10:20:22 INFO FileScanRDD: Reading File path: file:///opt/***/files/product_Video_Games.json, range: 76581387-97914215, partition values: [empty row]
[2022-10-18T10:20:22.247+0000] {subprocess.py:93} INFO - 22/10/18 10:20:22 INFO FileScanRDD: Reading File path: file:///opt/***/files/product_Video_Games.json, range: 51054258-76581387, partition values: [empty row]
[2022-10-18T10:20:22.249+0000] {subprocess.py:93} INFO - 22/10/18 10:20:22 INFO FileScanRDD: Reading File path: file:///opt/***/files/product_Video_Games.json, range: 0-25527129, partition values: [empty row]
[2022-10-18T10:20:22.251+0000] {subprocess.py:93} INFO - 22/10/18 10:20:22 INFO FileScanRDD: Reading File path: file:///opt/***/files/product_Video_Games.json, range: 25527129-51054258, partition values: [empty row]
[2022-10-18T10:20:22.471+0000] {subprocess.py:93} INFO - 22/10/18 10:20:22 INFO CodeGenerator: Code generated in 182.250083 ms
[2022-10-18T10:20:25.435+0000] {subprocess.py:93} INFO - 22/10/18 10:20:25 INFO Executor: Finished task 3.0 in stage 0.0 (TID 3). 2417 bytes result sent to driver
[2022-10-18T10:20:25.506+0000] {subprocess.py:93} INFO - 22/10/18 10:20:25 INFO TaskSetManager: Finished task 3.0 in stage 0.0 (TID 3) in 3431 ms on 22920f4e909f (executor driver) (1/4)
[2022-10-18T10:20:25.712+0000] {subprocess.py:93} INFO - 22/10/18 10:20:25 INFO Executor: Finished task 2.0 in stage 0.0 (TID 2). 2374 bytes result sent to driver
[2022-10-18T10:20:25.726+0000] {subprocess.py:93} INFO - 22/10/18 10:20:25 INFO Executor: Finished task 1.0 in stage 0.0 (TID 1). 2374 bytes result sent to driver
[2022-10-18T10:20:25.728+0000] {subprocess.py:93} INFO - 22/10/18 10:20:25 INFO Executor: Finished task 0.0 in stage 0.0 (TID 0). 2374 bytes result sent to driver
[2022-10-18T10:20:25.732+0000] {subprocess.py:93} INFO - 22/10/18 10:20:25 INFO TaskSetManager: Finished task 1.0 in stage 0.0 (TID 1) in 3662 ms on 22920f4e909f (executor driver) (2/4)
[2022-10-18T10:20:25.735+0000] {subprocess.py:93} INFO - 22/10/18 10:20:25 INFO TaskSetManager: Finished task 2.0 in stage 0.0 (TID 2) in 3665 ms on 22920f4e909f (executor driver) (3/4)
[2022-10-18T10:20:25.737+0000] {subprocess.py:93} INFO - 22/10/18 10:20:25 INFO TaskSetManager: Finished task 0.0 in stage 0.0 (TID 0) in 3681 ms on 22920f4e909f (executor driver) (4/4)
[2022-10-18T10:20:25.739+0000] {subprocess.py:93} INFO - 22/10/18 10:20:25 INFO TaskSchedulerImpl: Removed TaskSet 0.0, whose tasks have all completed, from pool
[2022-10-18T10:20:25.741+0000] {subprocess.py:93} INFO - 22/10/18 10:20:25 INFO DAGScheduler: ResultStage 0 (json at NativeMethodAccessorImpl.java:0) finished in 3.777 s
[2022-10-18T10:20:25.747+0000] {subprocess.py:93} INFO - 22/10/18 10:20:25 INFO DAGScheduler: Job 0 is finished. Cancelling potential speculative or zombie tasks for this job
[2022-10-18T10:20:25.750+0000] {subprocess.py:93} INFO - 22/10/18 10:20:25 INFO TaskSchedulerImpl: Killing all running tasks in stage 0: Stage finished
[2022-10-18T10:20:25.759+0000] {subprocess.py:93} INFO - 22/10/18 10:20:25 INFO DAGScheduler: Job 0 finished: json at NativeMethodAccessorImpl.java:0, took 3.824255 s
[2022-10-18T10:20:25.874+0000] {subprocess.py:93} INFO - 22/10/18 10:20:25 INFO InMemoryFileIndex: It took 1 ms to list leaf files for 1 paths.
[2022-10-18T10:20:25.886+0000] {subprocess.py:93} INFO - 22/10/18 10:20:25 INFO InMemoryFileIndex: It took 1 ms to list leaf files for 1 paths.
[2022-10-18T10:20:25.962+0000] {subprocess.py:93} INFO - 22/10/18 10:20:25 INFO FileSourceStrategy: Pushed Filters:
[2022-10-18T10:20:25.965+0000] {subprocess.py:93} INFO - 22/10/18 10:20:25 INFO FileSourceStrategy: Post-Scan Filters:
[2022-10-18T10:20:25.970+0000] {subprocess.py:93} INFO - 22/10/18 10:20:25 INFO FileSourceStrategy: Output Data Schema: struct<value: string>
[2022-10-18T10:20:25.976+0000] {subprocess.py:93} INFO - 22/10/18 10:20:25 INFO MemoryStore: Block broadcast_2 stored as values in memory (estimated size 199.3 KiB, free 434.0 MiB)
[2022-10-18T10:20:25.999+0000] {subprocess.py:93} INFO - 22/10/18 10:20:25 INFO MemoryStore: Block broadcast_2_piece0 stored as bytes in memory (estimated size 34.0 KiB, free 433.9 MiB)
[2022-10-18T10:20:26.001+0000] {subprocess.py:93} INFO - 22/10/18 10:20:26 INFO BlockManagerInfo: Added broadcast_2_piece0 in memory on 22920f4e909f:34555 (size: 34.0 KiB, free: 434.3 MiB)
[2022-10-18T10:20:26.002+0000] {subprocess.py:93} INFO - 22/10/18 10:20:26 INFO SparkContext: Created broadcast 2 from json at NativeMethodAccessorImpl.java:0
[2022-10-18T10:20:26.005+0000] {subprocess.py:93} INFO - 22/10/18 10:20:26 INFO FileSourceScanExec: Planning scan with bin packing, max size: 19667774 bytes, open cost is considered as scanning 4194304 bytes.
[2022-10-18T10:20:26.020+0000] {subprocess.py:93} INFO - 22/10/18 10:20:26 INFO SparkContext: Starting job: json at NativeMethodAccessorImpl.java:0
[2022-10-18T10:20:26.022+0000] {subprocess.py:93} INFO - 22/10/18 10:20:26 INFO DAGScheduler: Got job 1 (json at NativeMethodAccessorImpl.java:0) with 4 output partitions
[2022-10-18T10:20:26.023+0000] {subprocess.py:93} INFO - 22/10/18 10:20:26 INFO DAGScheduler: Final stage: ResultStage 1 (json at NativeMethodAccessorImpl.java:0)
[2022-10-18T10:20:26.024+0000] {subprocess.py:93} INFO - 22/10/18 10:20:26 INFO DAGScheduler: Parents of final stage: List()
[2022-10-18T10:20:26.025+0000] {subprocess.py:93} INFO - 22/10/18 10:20:26 INFO DAGScheduler: Missing parents: List()
[2022-10-18T10:20:26.025+0000] {subprocess.py:93} INFO - 22/10/18 10:20:26 INFO DAGScheduler: Submitting ResultStage 1 (MapPartitionsRDD[7] at json at NativeMethodAccessorImpl.java:0), which has no missing parents
[2022-10-18T10:20:26.037+0000] {subprocess.py:93} INFO - 22/10/18 10:20:26 INFO MemoryStore: Block broadcast_3 stored as values in memory (estimated size 14.4 KiB, free 433.9 MiB)
[2022-10-18T10:20:26.048+0000] {subprocess.py:93} INFO - 22/10/18 10:20:26 INFO MemoryStore: Block broadcast_3_piece0 stored as bytes in memory (estimated size 7.0 KiB, free 433.9 MiB)
[2022-10-18T10:20:26.050+0000] {subprocess.py:93} INFO - 22/10/18 10:20:26 INFO BlockManagerInfo: Added broadcast_3_piece0 in memory on 22920f4e909f:34555 (size: 7.0 KiB, free: 434.3 MiB)
[2022-10-18T10:20:26.053+0000] {subprocess.py:93} INFO - 22/10/18 10:20:26 INFO SparkContext: Created broadcast 3 from broadcast at DAGScheduler.scala:1513
[2022-10-18T10:20:26.056+0000] {subprocess.py:93} INFO - 22/10/18 10:20:26 INFO DAGScheduler: Submitting 4 missing tasks from ResultStage 1 (MapPartitionsRDD[7] at json at NativeMethodAccessorImpl.java:0) (first 15 tasks are for partitions Vector(0, 1, 2, 3))
[2022-10-18T10:20:26.060+0000] {subprocess.py:93} INFO - 22/10/18 10:20:26 INFO TaskSchedulerImpl: Adding task set 1.0 with 4 tasks resource profile 0
[2022-10-18T10:20:26.065+0000] {subprocess.py:93} INFO - 22/10/18 10:20:26 INFO TaskSetManager: Starting task 0.0 in stage 1.0 (TID 4) (22920f4e909f, executor driver, partition 0, PROCESS_LOCAL, 4922 bytes) taskResourceAssignments Map()
[2022-10-18T10:20:26.066+0000] {subprocess.py:93} INFO - 22/10/18 10:20:26 INFO TaskSetManager: Starting task 1.0 in stage 1.0 (TID 5) (22920f4e909f, executor driver, partition 1, PROCESS_LOCAL, 4922 bytes) taskResourceAssignments Map()
[2022-10-18T10:20:26.067+0000] {subprocess.py:93} INFO - 22/10/18 10:20:26 INFO TaskSetManager: Starting task 2.0 in stage 1.0 (TID 6) (22920f4e909f, executor driver, partition 2, PROCESS_LOCAL, 4922 bytes) taskResourceAssignments Map()
[2022-10-18T10:20:26.070+0000] {subprocess.py:93} INFO - 22/10/18 10:20:26 INFO TaskSetManager: Starting task 3.0 in stage 1.0 (TID 7) (22920f4e909f, executor driver, partition 3, PROCESS_LOCAL, 4922 bytes) taskResourceAssignments Map()
[2022-10-18T10:20:26.074+0000] {subprocess.py:93} INFO - 22/10/18 10:20:26 INFO Executor: Running task 0.0 in stage 1.0 (TID 4)
[2022-10-18T10:20:26.076+0000] {subprocess.py:93} INFO - 22/10/18 10:20:26 INFO Executor: Running task 1.0 in stage 1.0 (TID 5)
[2022-10-18T10:20:26.078+0000] {subprocess.py:93} INFO - 22/10/18 10:20:26 INFO Executor: Running task 2.0 in stage 1.0 (TID 6)
[2022-10-18T10:20:26.080+0000] {subprocess.py:93} INFO - 22/10/18 10:20:26 INFO Executor: Running task 3.0 in stage 1.0 (TID 7)
[2022-10-18T10:20:26.081+0000] {subprocess.py:93} INFO - 22/10/18 10:20:26 INFO FileScanRDD: Reading File path: file:///opt/***/files/metadata_Video_Games.json, range: 19667774-39335548, partition values: [empty row]
[2022-10-18T10:20:26.082+0000] {subprocess.py:93} INFO - 22/10/18 10:20:26 INFO FileScanRDD: Reading File path: file:///opt/***/files/metadata_Video_Games.json, range: 39335548-59003322, partition values: [empty row]
[2022-10-18T10:20:26.084+0000] {subprocess.py:93} INFO - 22/10/18 10:20:26 INFO FileScanRDD: Reading File path: file:///opt/***/files/metadata_Video_Games.json, range: 59003322-74476795, partition values: [empty row]
[2022-10-18T10:20:26.091+0000] {subprocess.py:93} INFO - 22/10/18 10:20:26 INFO FileScanRDD: Reading File path: file:///opt/***/files/metadata_Video_Games.json, range: 0-19667774, partition values: [empty row]
[2022-10-18T10:20:29.217+0000] {subprocess.py:93} INFO - 22/10/18 10:20:29 INFO Executor: Finished task 3.0 in stage 1.0 (TID 7). 3252 bytes result sent to driver
[2022-10-18T10:20:29.326+0000] {subprocess.py:93} INFO - 22/10/18 10:20:29 INFO TaskSetManager: Finished task 3.0 in stage 1.0 (TID 7) in 3259 ms on 22920f4e909f (executor driver) (1/4)
[2022-10-18T10:20:29.645+0000] {subprocess.py:93} INFO - 22/10/18 10:20:29 INFO Executor: Finished task 0.0 in stage 1.0 (TID 4). 2903 bytes result sent to driver
[2022-10-18T10:20:29.662+0000] {subprocess.py:93} INFO - 22/10/18 10:20:29 INFO TaskSetManager: Finished task 0.0 in stage 1.0 (TID 4) in 3585 ms on 22920f4e909f (executor driver) (2/4)
[2022-10-18T10:20:29.694+0000] {subprocess.py:93} INFO - 22/10/18 10:20:29 INFO Executor: Finished task 1.0 in stage 1.0 (TID 5). 3259 bytes result sent to driver
[2022-10-18T10:20:29.703+0000] {subprocess.py:93} INFO - 22/10/18 10:20:29 INFO TaskSetManager: Finished task 1.0 in stage 1.0 (TID 5) in 3638 ms on 22920f4e909f (executor driver) (3/4)
[2022-10-18T10:20:29.770+0000] {subprocess.py:93} INFO - 22/10/18 10:20:29 INFO Executor: Finished task 2.0 in stage 1.0 (TID 6). 3183 bytes result sent to driver
[2022-10-18T10:20:29.775+0000] {subprocess.py:93} INFO - 22/10/18 10:20:29 INFO TaskSetManager: Finished task 2.0 in stage 1.0 (TID 6) in 3711 ms on 22920f4e909f (executor driver) (4/4)
[2022-10-18T10:20:29.780+0000] {subprocess.py:93} INFO - 22/10/18 10:20:29 INFO DAGScheduler: ResultStage 1 (json at NativeMethodAccessorImpl.java:0) finished in 3.751 s
[2022-10-18T10:20:29.782+0000] {subprocess.py:93} INFO - 22/10/18 10:20:29 INFO DAGScheduler: Job 1 is finished. Cancelling potential speculative or zombie tasks for this job
[2022-10-18T10:20:29.785+0000] {subprocess.py:93} INFO - 22/10/18 10:20:29 INFO TaskSchedulerImpl: Removed TaskSet 1.0, whose tasks have all completed, from pool
[2022-10-18T10:20:29.790+0000] {subprocess.py:93} INFO - 22/10/18 10:20:29 INFO TaskSchedulerImpl: Killing all running tasks in stage 1: Stage finished
[2022-10-18T10:20:29.793+0000] {subprocess.py:93} INFO - 22/10/18 10:20:29 INFO DAGScheduler: Job 1 finished: json at NativeMethodAccessorImpl.java:0, took 3.771225 s
[2022-10-18T10:20:34.558+0000] {subprocess.py:93} INFO - 22/10/18 10:20:34 INFO BlockManagerInfo: Removed broadcast_3_piece0 on 22920f4e909f:34555 in memory (size: 7.0 KiB, free: 434.3 MiB)
[2022-10-18T10:20:34.657+0000] {subprocess.py:93} INFO - 22/10/18 10:20:34 INFO BlockManagerInfo: Removed broadcast_2_piece0 on 22920f4e909f:34555 in memory (size: 34.0 KiB, free: 434.4 MiB)
[2022-10-18T10:20:35.734+0000] {subprocess.py:93} INFO - 22/10/18 10:20:35 INFO FileSourceStrategy: Pushed Filters: IsNotNull(asin)
[2022-10-18T10:20:35.794+0000] {subprocess.py:93} INFO - 22/10/18 10:20:35 INFO FileSourceStrategy: Post-Scan Filters: isnotnull(asin#8)
[2022-10-18T10:20:35.797+0000] {subprocess.py:93} INFO - 22/10/18 10:20:35 INFO FileSourceStrategy: Output Data Schema: struct<asin: string, overall: double, reviewText: string, reviewerName: string, summary: string ... 1 more field>
[2022-10-18T10:20:35.800+0000] {subprocess.py:93} INFO - 22/10/18 10:20:35 INFO FileSourceStrategy: Pushed Filters: IsNotNull(asin)
[2022-10-18T10:20:35.805+0000] {subprocess.py:93} INFO - 22/10/18 10:20:35 INFO FileSourceStrategy: Post-Scan Filters: isnotnull(asin#35)
[2022-10-18T10:20:35.808+0000] {subprocess.py:93} INFO - 22/10/18 10:20:35 INFO FileSourceStrategy: Output Data Schema: struct<asin: string, description: string, title: string ... 1 more fields>
[2022-10-18T10:20:36.220+0000] {subprocess.py:93} INFO - 22/10/18 10:20:36 INFO FileOutputCommitter: File Output Committer Algorithm version is 1
[2022-10-18T10:20:36.467+0000] {subprocess.py:93} INFO - 22/10/18 10:20:36 INFO FileOutputCommitter: FileOutputCommitter skip cleanup _temporary folders under output directory:false, ignore cleanup failures: false
[2022-10-18T10:20:36.517+0000] {subprocess.py:93} INFO - 22/10/18 10:20:36 INFO SQLHadoopMapReduceCommitProtocol: Using output committer class org.apache.hadoop.mapreduce.lib.output.FileOutputCommitter
[2022-10-18T10:20:37.373+0000] {subprocess.py:93} INFO - 22/10/18 10:20:37 INFO CodeGenerator: Code generated in 91.225875 ms
[2022-10-18T10:20:37.443+0000] {subprocess.py:93} INFO - 22/10/18 10:20:37 INFO MemoryStore: Block broadcast_4 stored as values in memory (estimated size 199.2 KiB, free 434.0 MiB)
[2022-10-18T10:20:37.463+0000] {subprocess.py:93} INFO - 22/10/18 10:20:37 INFO MemoryStore: Block broadcast_4_piece0 stored as bytes in memory (estimated size 33.9 KiB, free 433.9 MiB)
[2022-10-18T10:20:37.467+0000] {subprocess.py:93} INFO - 22/10/18 10:20:37 INFO BlockManagerInfo: Added broadcast_4_piece0 in memory on 22920f4e909f:34555 (size: 33.9 KiB, free: 434.3 MiB)
[2022-10-18T10:20:37.469+0000] {subprocess.py:93} INFO - 22/10/18 10:20:37 INFO SparkContext: Created broadcast 4 from save at NativeMethodAccessorImpl.java:0
[2022-10-18T10:20:37.474+0000] {subprocess.py:93} INFO - 22/10/18 10:20:37 INFO FileSourceScanExec: Planning scan with bin packing, max size: 25527129 bytes, open cost is considered as scanning 4194304 bytes.
[2022-10-18T10:20:37.564+0000] {subprocess.py:93} INFO - 22/10/18 10:20:37 INFO DAGScheduler: Registering RDD 11 (save at NativeMethodAccessorImpl.java:0) as input to shuffle 0
[2022-10-18T10:20:37.576+0000] {subprocess.py:93} INFO - 22/10/18 10:20:37 INFO CodeGenerator: Code generated in 10.210375 ms
[2022-10-18T10:20:37.581+0000] {subprocess.py:93} INFO - 22/10/18 10:20:37 INFO MemoryStore: Block broadcast_5 stored as values in memory (estimated size 199.2 KiB, free 433.7 MiB)
[2022-10-18T10:20:37.584+0000] {subprocess.py:93} INFO - 22/10/18 10:20:37 INFO DAGScheduler: Got map stage job 2 (save at NativeMethodAccessorImpl.java:0) with 4 output partitions
[2022-10-18T10:20:37.586+0000] {subprocess.py:93} INFO - 22/10/18 10:20:37 INFO DAGScheduler: Final stage: ShuffleMapStage 2 (save at NativeMethodAccessorImpl.java:0)
[2022-10-18T10:20:37.587+0000] {subprocess.py:93} INFO - 22/10/18 10:20:37 INFO DAGScheduler: Parents of final stage: List()
[2022-10-18T10:20:37.588+0000] {subprocess.py:93} INFO - 22/10/18 10:20:37 INFO DAGScheduler: Missing parents: List()
[2022-10-18T10:20:37.591+0000] {subprocess.py:93} INFO - 22/10/18 10:20:37 INFO MemoryStore: Block broadcast_5_piece0 stored as bytes in memory (estimated size 33.9 KiB, free 433.7 MiB)
[2022-10-18T10:20:37.592+0000] {subprocess.py:93} INFO - 22/10/18 10:20:37 INFO BlockManagerInfo: Added broadcast_5_piece0 in memory on 22920f4e909f:34555 (size: 33.9 KiB, free: 434.3 MiB)
[2022-10-18T10:20:37.593+0000] {subprocess.py:93} INFO - 22/10/18 10:20:37 INFO SparkContext: Created broadcast 5 from save at NativeMethodAccessorImpl.java:0
[2022-10-18T10:20:37.595+0000] {subprocess.py:93} INFO - 22/10/18 10:20:37 INFO FileSourceScanExec: Planning scan with bin packing, max size: 19667774 bytes, open cost is considered as scanning 4194304 bytes.
[2022-10-18T10:20:37.602+0000] {subprocess.py:93} INFO - 22/10/18 10:20:37 INFO DAGScheduler: Submitting ShuffleMapStage 2 (MapPartitionsRDD[11] at save at NativeMethodAccessorImpl.java:0), which has no missing parents
[2022-10-18T10:20:37.645+0000] {subprocess.py:93} INFO - 22/10/18 10:20:37 INFO MemoryStore: Block broadcast_6 stored as values in memory (estimated size 18.4 KiB, free 433.7 MiB)
[2022-10-18T10:20:38.269+0000] {subprocess.py:93} INFO - 22/10/18 10:20:38 INFO MemoryStore: Block broadcast_6_piece0 stored as bytes in memory (estimated size 8.8 KiB, free 433.7 MiB)
[2022-10-18T10:20:38.273+0000] {subprocess.py:93} INFO - 22/10/18 10:20:38 INFO BlockManagerInfo: Added broadcast_6_piece0 in memory on 22920f4e909f:34555 (size: 8.8 KiB, free: 434.3 MiB)
[2022-10-18T10:20:38.275+0000] {subprocess.py:93} INFO - 22/10/18 10:20:38 INFO SparkContext: Created broadcast 6 from broadcast at DAGScheduler.scala:1513
[2022-10-18T10:20:38.279+0000] {subprocess.py:93} INFO - 22/10/18 10:20:38 INFO DAGScheduler: Submitting 4 missing tasks from ShuffleMapStage 2 (MapPartitionsRDD[11] at save at NativeMethodAccessorImpl.java:0) (first 15 tasks are for partitions Vector(0, 1, 2, 3))
[2022-10-18T10:20:38.280+0000] {subprocess.py:93} INFO - 22/10/18 10:20:38 INFO TaskSchedulerImpl: Adding task set 2.0 with 4 tasks resource profile 0
[2022-10-18T10:20:38.288+0000] {subprocess.py:93} INFO - 22/10/18 10:20:38 INFO DAGScheduler: Registering RDD 15 (save at NativeMethodAccessorImpl.java:0) as input to shuffle 1
[2022-10-18T10:20:38.292+0000] {subprocess.py:93} INFO - 22/10/18 10:20:38 INFO DAGScheduler: Got map stage job 3 (save at NativeMethodAccessorImpl.java:0) with 4 output partitions
[2022-10-18T10:20:38.293+0000] {subprocess.py:93} INFO - 22/10/18 10:20:38 INFO DAGScheduler: Final stage: ShuffleMapStage 3 (save at NativeMethodAccessorImpl.java:0)
[2022-10-18T10:20:38.299+0000] {subprocess.py:93} INFO - 22/10/18 10:20:38 INFO DAGScheduler: Parents of final stage: List()
[2022-10-18T10:20:38.310+0000] {subprocess.py:93} INFO - 22/10/18 10:20:38 INFO DAGScheduler: Missing parents: List()
[2022-10-18T10:20:38.311+0000] {subprocess.py:93} INFO - 22/10/18 10:20:38 INFO DAGScheduler: Submitting ShuffleMapStage 3 (MapPartitionsRDD[15] at save at NativeMethodAccessorImpl.java:0), which has no missing parents
[2022-10-18T10:20:38.323+0000] {subprocess.py:93} INFO - 22/10/18 10:20:38 INFO TaskSetManager: Starting task 0.0 in stage 2.0 (TID 8) (22920f4e909f, executor driver, partition 0, PROCESS_LOCAL, 4910 bytes) taskResourceAssignments Map()
[2022-10-18T10:20:38.335+0000] {subprocess.py:93} INFO - 22/10/18 10:20:38 INFO TaskSetManager: Starting task 1.0 in stage 2.0 (TID 9) (22920f4e909f, executor driver, partition 1, PROCESS_LOCAL, 4910 bytes) taskResourceAssignments Map()
[2022-10-18T10:20:38.339+0000] {subprocess.py:93} INFO - 22/10/18 10:20:38 INFO TaskSetManager: Starting task 2.0 in stage 2.0 (TID 10) (22920f4e909f, executor driver, partition 2, PROCESS_LOCAL, 4910 bytes) taskResourceAssignments Map()
[2022-10-18T10:20:38.345+0000] {subprocess.py:93} INFO - 22/10/18 10:20:38 INFO TaskSetManager: Starting task 3.0 in stage 2.0 (TID 11) (22920f4e909f, executor driver, partition 3, PROCESS_LOCAL, 4910 bytes) taskResourceAssignments Map()
[2022-10-18T10:20:38.350+0000] {subprocess.py:93} INFO - 22/10/18 10:20:38 INFO Executor: Running task 2.0 in stage 2.0 (TID 10)
[2022-10-18T10:20:38.351+0000] {subprocess.py:93} INFO - 22/10/18 10:20:38 INFO Executor: Running task 1.0 in stage 2.0 (TID 9)
[2022-10-18T10:20:38.363+0000] {subprocess.py:93} INFO - 22/10/18 10:20:38 INFO Executor: Running task 3.0 in stage 2.0 (TID 11)
[2022-10-18T10:20:38.377+0000] {subprocess.py:93} INFO - 22/10/18 10:20:38 INFO Executor: Running task 0.0 in stage 2.0 (TID 8)
[2022-10-18T10:20:38.431+0000] {subprocess.py:93} INFO - 22/10/18 10:20:38 INFO MemoryStore: Block broadcast_7 stored as values in memory (estimated size 15.8 KiB, free 433.7 MiB)
[2022-10-18T10:20:38.471+0000] {subprocess.py:93} INFO - 22/10/18 10:20:38 INFO MemoryStore: Block broadcast_7_piece0 stored as bytes in memory (estimated size 7.9 KiB, free 433.6 MiB)
[2022-10-18T10:20:38.482+0000] {subprocess.py:93} INFO - 22/10/18 10:20:38 INFO BlockManagerInfo: Added broadcast_7_piece0 in memory on 22920f4e909f:34555 (size: 7.9 KiB, free: 434.3 MiB)
[2022-10-18T10:20:38.487+0000] {subprocess.py:93} INFO - 22/10/18 10:20:38 INFO SparkContext: Created broadcast 7 from broadcast at DAGScheduler.scala:1513
[2022-10-18T10:20:38.494+0000] {subprocess.py:93} INFO - 22/10/18 10:20:38 INFO DAGScheduler: Submitting 4 missing tasks from ShuffleMapStage 3 (MapPartitionsRDD[15] at save at NativeMethodAccessorImpl.java:0) (first 15 tasks are for partitions Vector(0, 1, 2, 3))
[2022-10-18T10:20:38.495+0000] {subprocess.py:93} INFO - 22/10/18 10:20:38 INFO TaskSchedulerImpl: Adding task set 3.0 with 4 tasks resource profile 0
[2022-10-18T10:20:38.709+0000] {subprocess.py:93} INFO - 22/10/18 10:20:38 INFO CodeGenerator: Code generated in 29.094083 ms
[2022-10-18T10:20:38.754+0000] {subprocess.py:93} INFO - 22/10/18 10:20:38 INFO FileScanRDD: Reading File path: file:///opt/***/files/product_Video_Games.json, range: 25527129-51054258, partition values: [empty row]
[2022-10-18T10:20:38.756+0000] {subprocess.py:93} INFO - 22/10/18 10:20:38 INFO FileScanRDD: Reading File path: file:///opt/***/files/product_Video_Games.json, range: 76581387-97914215, partition values: [empty row]
[2022-10-18T10:20:38.757+0000] {subprocess.py:93} INFO - 22/10/18 10:20:38 INFO FileScanRDD: Reading File path: file:///opt/***/files/product_Video_Games.json, range: 51054258-76581387, partition values: [empty row]
[2022-10-18T10:20:38.773+0000] {subprocess.py:93} INFO - 22/10/18 10:20:38 INFO FileScanRDD: Reading File path: file:///opt/***/files/product_Video_Games.json, range: 0-25527129, partition values: [empty row]
[2022-10-18T10:20:38.789+0000] {subprocess.py:93} INFO - 22/10/18 10:20:38 INFO CodeGenerator: Code generated in 27.011625 ms
[2022-10-18T10:20:38.826+0000] {subprocess.py:93} INFO - 22/10/18 10:20:38 INFO CodeGenerator: Code generated in 5.532125 ms
[2022-10-18T10:20:44.785+0000] {subprocess.py:93} INFO - 22/10/18 10:20:44 INFO AsyncEventQueue: Process of event SparkListenerExecutorMetricsUpdate(driver,WrappedArray((8,2,0,Vector(AccumulableInfo(196,None,Some(153),None,false,true,None), AccumulableInfo(210,None,Some(3874),None,false,true,None), AccumulableInfo(211,None,Some(149605420),None,false,true,None), AccumulableInfo(212,None,Some(4980736),None,false,true,None), AccumulableInfo(213,None,Some(3875),None,false,true,None), AccumulableInfo(107,Some(number of output rows),Some(3875),None,true,true,Some(sql)), AccumulableInfo(173,Some(number of output rows),Some(3875),None,true,true,Some(sql)), AccumulableInfo(160,Some(data size),Some(6026576),None,true,true,Some(sql)), AccumulableInfo(170,Some(shuffle records written),Some(3874),None,true,true,Some(sql)), AccumulableInfo(171,Some(shuffle write time),Some(149605420),None,true,true,Some(sql)))), (9,2,0,Vector(AccumulableInfo(196,None,Some(153),None,false,true,None), AccumulableInfo(210,None,Some(1965),None,false,true,None), AccumulableInfo(211,None,Some(56544250),None,false,true,None), AccumulableInfo(212,None,Some(1703936),None,false,true,None), AccumulableInfo(213,None,Some(1965),None,false,true,None), AccumulableInfo(107,Some(number of output rows),Some(1965),None,true,true,Some(sql)), AccumulableInfo(173,Some(number of output rows),Some(1965),None,true,true,Some(sql)), AccumulableInfo(160,Some(data size),Some(3495768),None,true,true,Some(sql)), AccumulableInfo(170,Some(shuffle records written),Some(1965),None,true,true,Some(sql)), AccumulableInfo(171,Some(shuffle write time),Some(56544250),None,true,true,Some(sql)))), (10,2,0,Vector(AccumulableInfo(196,None,Some(153),None,false,true,None), AccumulableInfo(210,None,Some(2290),None,false,true,None), AccumulableInfo(211,None,Some(324491083),None,false,true,None), AccumulableInfo(212,None,Some(4325376),None,false,true,None), AccumulableInfo(213,None,Some(2291),None,false,true,None), AccumulableInfo(107,Some(number of output rows),Some(2291),None,true,true,Some(sql)), AccumulableInfo(173,Some(number of output rows),Some(2291),None,true,true,Some(sql)), AccumulableInfo(160,Some(data size),Some(4626312),None,true,true,Some(sql)), AccumulableInfo(170,Some(shuffle records written),Some(2290),None,true,true,Some(sql)), AccumulableInfo(171,Some(shuffle write time),Some(324491083),None,true,true,Some(sql)))), (11,2,0,Vector(AccumulableInfo(196,None,Some(153),None,false,true,None), AccumulableInfo(210,None,Some(2698),None,false,true,None), AccumulableInfo(211,None,Some(119494422),None,false,true,None), AccumulableInfo(212,None,Some(3604480),None,false,true,None), AccumulableInfo(213,None,Some(2699),None,false,true,None), AccumulableInfo(107,Some(number of output rows),Some(2699),None,true,true,Some(sql)), AccumulableInfo(173,Some(number of output rows),Some(2699),None,true,true,Some(sql)), AccumulableInfo(160,Some(data size),Some(4680736),None,true,true,Some(sql)), AccumulableInfo(170,Some(shuffle records written),Some(2698),None,true,true,Some(sql)), AccumulableInfo(171,Some(shuffle write time),Some(119494422),None,true,true,Some(sql))))),Map((2,0) -> org.apache.spark.executor.ExecutorMetrics@541e5498)) by listener SQLAppStatusListener took 2.873664668s.
[2022-10-18T10:21:37.647+0000] {subprocess.py:97} INFO - Command exited with return code -9
[2022-10-18T10:21:38.204+0000] {taskinstance.py:1851} ERROR - Task failed with exception
Traceback (most recent call last):
  File "/home/airflow/.local/lib/python3.7/site-packages/airflow/operators/bash.py", line 197, in execute
    f'Bash command failed. The command returned a non-zero exit code {result.exit_code}.'
airflow.exceptions.AirflowException: Bash command failed. The command returned a non-zero exit code -9.
[2022-10-18T10:21:38.312+0000] {taskinstance.py:1406} INFO - Marking task as FAILED. dag_id=spark-configer, task_id=task_2, execution_date=20221018T101941, start_date=20221018T101948, end_date=20221018T102138
[2022-10-18T10:21:38.471+0000] {standard_task_runner.py:107} ERROR - Failed to execute job 91 for task task_2 (Bash command failed. The command returned a non-zero exit code -9.; 1658)
[2022-10-18T10:21:39.202+0000] {local_task_job.py:164} INFO - Task exited with return code 1
[2022-10-18T10:21:39.382+0000] {local_task_job.py:273} INFO - 0 downstream tasks scheduled from follow-on schedule check
